[I 2024-06-21 00:55:07,336] Trial 392 finished with value: 0.9829331040382385 and parameters: {'hidden_size': 150, 'n_layers': 1, 'rnn_dropout': 0.3607324969492452, 'bidirectional': True, 'fc_dropout': 0.6145086725679166, 'learning_rate_model': 0.00037976880016500706}. Best is trial 235 with value: 0.9706074595451355.
Epoch 33: reducing lr to 7.890765376708983e-05
Epoch 40: reducing lr to 7.298789150296017e-05
Epoch 43: reducing lr to 6.957278778602556e-05
Epoch 49: reducing lr to 6.1444834887108e-05
Epoch 52: reducing lr to 5.686017136021484e-05
Epoch 55: reducing lr to 5.2023071582595645e-05
Epoch 58: reducing lr to 4.700983765345186e-05
Epoch 61: reducing lr to 4.189950908755143e-05
Epoch 64: reducing lr to 3.6772705286278374e-05
Epoch 72: reducing lr to 2.36317149234087e-05
Epoch 75: reducing lr to 1.9124482010851302e-05
Epoch 78: reducing lr to 1.4959940748193343e-05
Epoch 81: reducing lr to 1.1203756114319686e-05
Epoch 84: reducing lr to 7.915176451466704e-06
Epoch 87: reducing lr to 5.14605117663343e-06
Epoch 90: reducing lr to 2.940067449927312e-06
Epoch 93: reducing lr to 1.3320038988485441e-06
Epoch 96: reducing lr to 3.4722538399345556e-07
Epoch 99: reducing lr to 1.259536451688175e-09
[I 2024-06-21 00:55:24,074] Trial 393 finished with value: 0.981341540813446 and parameters: {'hidden_size': 157, 'n_layers': 1, 'rnn_dropout': 0.3285550241086445, 'bidirectional': True, 'fc_dropout': 0.6302376367406831, 'learning_rate_model': 0.000817069148985988}. Best is trial 235 with value: 0.9706074595451355.
Epoch 27: reducing lr to 0.00011420523190996041
Epoch 33: reducing lr to 0.00011069733044576343
Epoch 40: reducing lr to 0.00010239266228965571
Epoch 43: reducing lr to 9.760170923742168e-05
Epoch 46: reducing lr to 9.21753710903294e-05
Epoch 55: reducing lr to 7.2981705460162e-05
Epoch 61: reducing lr to 5.877964407192141e-05
Epoch 64: reducing lr to 5.15873950640461e-05
Epoch 72: reducing lr to 3.31522688990114e-05
Epoch 75: reducing lr to 2.682919848317957e-05
Epoch 78: reducing lr to 2.0986880554576593e-05
Epoch 81: reducing lr to 1.5717434667127973e-05
Epoch 84: reducing lr to 1.1103978655489679e-05
Epoch 87: reducing lr to 7.219250609985669e-06
Epoch 90: reducing lr to 4.124538020077025e-06
Epoch 93: reducing lr to 1.868630845128249e-06
Epoch 96: reducing lr to 4.871127354075895e-07
Epoch 99: reducing lr to 1.7669682995848784e-09
[I 2024-06-21 00:55:38,630] Trial 394 finished with value: 0.9786986112594604 and parameters: {'hidden_size': 141, 'n_layers': 1, 'rnn_dropout': 0.40771850262998705, 'bidirectional': True, 'fc_dropout': 0.06338252141555979, 'learning_rate_model': 0.001146243352378875}. Best is trial 235 with value: 0.9706074595451355.
Epoch 27: reducing lr to 0.00019050494341716563
Epoch 31: reducing lr to 0.00018725135606675807
Epoch 34: reducing lr to 0.0001831189319011897
Epoch 40: reducing lr to 0.0001708004791864756
Epoch 46: reducing lr to 0.00015375708766007912
Epoch 49: reducing lr to 0.0001437883329158273
Epoch 52: reducing lr to 0.00013305966667849189
Epoch 57: reducing lr to 0.00011395370212043726
Epoch 60: reducing lr to 0.00010204983275824676
Epoch 63: reducing lr to 9.004427498950359e-05
Epoch 66: reducing lr to 7.812639900357653e-05
Epoch 69: reducing lr to 6.648410450319365e-05
Epoch 72: reducing lr to 5.5301066379656855e-05
Epoch 75: reducing lr to 4.4753597129382165e-05
Epoch 78: reducing lr to 3.50080677188637e-05
Epoch 81: reducing lr to 2.6218142127541776e-05
Epoch 84: reducing lr to 1.8522468630309583e-05
Epoch 87: reducing lr to 1.2042381123606913e-05
Epoch 90: reducing lr to 6.880112837178983e-06
Epoch 93: reducing lr to 3.1170499587915812e-06
Epoch 96: reducing lr to 8.125493249710493e-07
Epoch 99: reducing lr to 2.9474673822081283e-09
[I 2024-06-21 00:55:53,808] Trial 395 finished with value: 0.9817882180213928 and parameters: {'hidden_size': 148, 'n_layers': 1, 'rnn_dropout': 0.37102098907591846, 'bidirectional': True, 'fc_dropout': 0.6658814441573178, 'learning_rate_model': 0.0019120404672826124}. Best is trial 235 with value: 0.9706074595451355.
Epoch 33: reducing lr to 6.560728425311491e-05
Epoch 38: reducing lr to 6.234672396038291e-05
Epoch 41: reducing lr to 5.978357885187232e-05
Epoch 44: reducing lr to 5.681330171647558e-05
Epoch 49: reducing lr to 5.1087930712312206e-05
Epoch 52: reducing lr to 4.7276040371463957e-05
Epoch 55: reducing lr to 4.325426345983945e-05
Epoch 61: reducing lr to 3.483708957925515e-05
Epoch 64: reducing lr to 3.0574440035867555e-05
Epoch 67: reducing lr to 2.6365288487421725e-05
Epoch 72: reducing lr to 1.964844428076615e-05
Epoch 75: reducing lr to 1.5900933148804457e-05
Epoch 78: reducing lr to 1.243835088511813e-05
Epoch 81: reducing lr to 9.315294233235884e-06
Epoch 84: reducing lr to 6.5810248635414364e-06
Epoch 87: reducing lr to 4.2786526554573225e-06
Epoch 90: reducing lr to 2.444501030027593e-06
Epoch 93: reducing lr to 1.1074864635559788e-06
Epoch 96: reducing lr to 2.886984136519469e-07
Epoch 99: reducing lr to 1.0472338495405401e-09
[I 2024-06-21 00:56:09,615] Trial 396 finished with value: 0.9824060201644897 and parameters: {'hidden_size': 154, 'n_layers': 1, 'rnn_dropout': 0.30007695835061476, 'bidirectional': True, 'fc_dropout': 0.5921051285910505, 'learning_rate_model': 0.0006793471273420607}. Best is trial 235 with value: 0.9706074595451355.
Epoch 27: reducing lr to 0.00012880430579624227
Epoch 30: reducing lr to 0.0001273204046161451
Epoch 33: reducing lr to 0.00012484798255832144
Epoch 36: reducing lr to 0.00012142603110251791
Epoch 39: reducing lr to 0.00011710851558137001
Epoch 42: reducing lr to 0.00011196352636650095
Epoch 45: reducing lr to 0.0001060722030378614
Epoch 48: reducing lr to 9.952745786135962e-05
Epoch 51: reducing lr to 9.243250327396906e-05
Epoch 54: reducing lr to 8.489923664809769e-05
Epoch 57: reducing lr to 7.704643895982046e-05
Epoch 60: reducing lr to 6.899798834230253e-05
Epoch 63: reducing lr to 6.088078410412469e-05
Epoch 66: reducing lr to 5.282286332055975e-05
Epoch 69: reducing lr to 4.495126884065449e-05
Epoch 72: reducing lr to 3.739018703165992e-05
Epoch 75: reducing lr to 3.0258826394398744e-05
Epoch 78: reducing lr to 2.36696737570841e-05
Epoch 81: reducing lr to 1.772662449294189e-05
Epoch 84: reducing lr to 1.2523421548885278e-05
Epoch 87: reducing lr to 8.142101264865114e-06
Epoch 90: reducing lr to 4.651785627694132e-06
Epoch 93: reducing lr to 2.107501510841014e-06
Epoch 96: reducing lr to 5.493812908514452e-07
Epoch 99: reducing lr to 1.992843247085145e-09
[I 2024-06-21 00:57:47,026] Trial 397 finished with value: 1.0062320232391357 and parameters: {'hidden_size': 150, 'n_layers': 4, 'rnn_dropout': 0.42268678156423706, 'bidirectional': True, 'fc_dropout': 0.6432782149600954, 'learning_rate_model': 0.0012927698390658578}. Best is trial 235 with value: 0.9706074595451355.
Epoch 27: reducing lr to 9.488716923133285e-05
Epoch 33: reducing lr to 9.197263690813313e-05
Epoch 38: reducing lr to 8.740176750949194e-05
Epoch 41: reducing lr to 8.380858091304004e-05
Epoch 44: reducing lr to 7.964464967277684e-05
Epoch 47: reducing lr to 7.497564331777394e-05
Epoch 50: reducing lr to 6.987519338801198e-05
Epoch 55: reducing lr to 6.0636691690704544e-05
Epoch 64: reducing lr to 4.286127530046066e-05
Epoch 72: reducing lr to 2.7544490710401443e-05
Epoch 75: reducing lr to 2.2290981369588636e-05
Epoch 78: reducing lr to 1.7436904190080265e-05
Epoch 81: reducing lr to 1.3058796503456153e-05
Epoch 84: reducing lr to 9.22571658236494e-06
Epoch 87: reducing lr to 5.998098711389849e-06
Epoch 90: reducing lr to 3.426863468222437e-06
Epoch 93: reducing lr to 1.5525478847795899e-06
Epoch 96: reducing lr to 4.0471655970889627e-07
Epoch 99: reducing lr to 1.4680817793095817e-09
[I 2024-06-21 00:58:03,924] Trial 398 finished with value: 0.9791598916053772 and parameters: {'hidden_size': 158, 'n_layers': 1, 'rnn_dropout': 0.3902961575651658, 'bidirectional': True, 'fc_dropout': 0.6038913688306404, 'learning_rate_model': 0.0009523538032234298}. Best is trial 235 with value: 0.9706074595451355.
Epoch 27: reducing lr to 0.0001633533800936291
Epoch 31: reducing lr to 0.00016056350765470182
Epoch 36: reducing lr to 0.00015399603677324514
Epoch 40: reducing lr to 0.00014645727872596663
Epoch 46: reducing lr to 0.00013184298282289708
Epoch 52: reducing lr to 0.00011409544506394556
Epoch 57: reducing lr to 9.771254268606385e-05
Epoch 61: reducing lr to 8.407542613650946e-05
Epoch 64: reducing lr to 7.378799738860624e-05
Epoch 67: reducing lr to 6.36296800784408e-05
Epoch 70: reducing lr to 5.376074477418239e-05
Epoch 73: reducing lr to 4.433679963766473e-05
Epoch 76: reducing lr to 3.550645298472505e-05
Epoch 79: reducing lr to 2.7408990673635868e-05
Epoch 82: reducing lr to 2.0172090558485545e-05
Epoch 85: reducing lr to 1.3909904199047289e-05
Epoch 88: reducing lr to 8.721164593487331e-06
Epoch 91: reducing lr to 4.68773199564258e-06
Epoch 94: reducing lr to 1.8731955563411079e-06
Epoch 97: reducing lr to 3.2195048893014257e-07
[I 2024-06-21 00:58:18,781] Trial 399 finished with value: 0.979913055896759 and parameters: {'hidden_size': 146, 'n_layers': 1, 'rnn_dropout': 0.49335045451501325, 'bidirectional': True, 'fc_dropout': 0.5810373681777206, 'learning_rate_model': 0.0016395284426948536}. Best is trial 235 with value: 0.9706074595451355.
Epoch 33: reducing lr to 4.7032537425940664e-05
Epoch 55: reducing lr to 3.100810814173899e-05
Epoch 61: reducing lr to 2.497400613513999e-05
Epoch 64: reducing lr to 2.1918198743241627e-05
Epoch 67: reducing lr to 1.8900742983756576e-05
Epoch 73: reducing lr to 1.3169930347610627e-05
Epoch 76: reducing lr to 1.054693880751584e-05
Epoch 79: reducing lr to 8.141645337960769e-06
Epoch 82: reducing lr to 5.991975735552694e-06
Epoch 85: reducing lr to 4.13183790757339e-06
Epoch 88: reducing lr to 2.590559787466108e-06
Epoch 91: reducing lr to 1.392457380221734e-06
Epoch 94: reducing lr to 5.564193898990562e-07
Epoch 97: reducing lr to 9.563309822180148e-08
[I 2024-06-21 00:58:34,004] Trial 400 finished with value: 0.9831601977348328 and parameters: {'hidden_size': 152, 'n_layers': 1, 'rnn_dropout': 0.3381113957769308, 'bidirectional': True, 'fc_dropout': 0.6202058533649876, 'learning_rate_model': 0.00048701023911691254}. Best is trial 235 with value: 0.9706074595451355.
Epoch 27: reducing lr to 0.00011485750109565087
Epoch 36: reducing lr to 0.00010827813879499101
Epoch 40: reducing lr to 0.00010297746543164318
Epoch 43: reducing lr to 9.815914943820409e-05
Epoch 46: reducing lr to 9.270181942580677e-05
Epoch 55: reducing lr to 7.339853152666246e-05
Epoch 61: reducing lr to 5.911535680532923e-05
Epoch 64: reducing lr to 5.1882030148687816e-05
Epoch 72: reducing lr to 3.3341614019868883e-05
Epoch 75: reducing lr to 2.6982430162277665e-05
Epoch 78: reducing lr to 2.110674455082774e-05
Epoch 81: reducing lr to 1.5807202868987186e-05
Epoch 86: reducing lr to 8.477297232669518e-06
Epoch 89: reducing lr to 5.0939808791407824e-06
Epoch 92: reducing lr to 2.5393430801717723e-06
Epoch 95: reducing lr to 8.536795265649301e-07
Epoch 98: reducing lr to 6.356965310230951e-08
[I 2024-06-21 00:58:48,996] Trial 401 finished with value: 0.9768834114074707 and parameters: {'hidden_size': 143, 'n_layers': 1, 'rnn_dropout': 0.4486438507178295, 'bidirectional': True, 'fc_dropout': 0.6053843361595034, 'learning_rate_model': 0.0011527899808087242}. Best is trial 235 with value: 0.9706074595451355.
Epoch 27: reducing lr to 0.00013684550808087877
Epoch 33: reducing lr to 0.00013264219313516632
Epoch 36: reducing lr to 0.00012900661059231003
Epoch 40: reducing lr to 0.0001226911907663638
Epoch 44: reducing lr to 0.00011486286964492729
Epoch 48: reducing lr to 0.00010574091801388641
Epoch 55: reducing lr to 8.744974636695151e-05
Epoch 61: reducing lr to 7.043223960332209e-05
Epoch 64: reducing lr to 6.181418460473099e-05
Epoch 72: reducing lr to 3.972444174095195e-05
Epoch 75: reducing lr to 3.2147873056534134e-05
Epoch 78: reducing lr to 2.514736220480692e-05
Epoch 81: reducing lr to 1.8833290706391513e-05
Epoch 84: reducing lr to 1.3305253843604254e-05
Epoch 87: reducing lr to 8.650409452918596e-06
Epoch 90: reducing lr to 4.9421947796694225e-06
Epoch 93: reducing lr to 2.2390720034505932e-06
Epoch 96: reducing lr to 5.8367894933283e-07
Epoch 99: reducing lr to 2.117255669246455e-09
[I 2024-06-21 00:59:03,171] Trial 402 finished with value: 0.9773521423339844 and parameters: {'hidden_size': 139, 'n_layers': 1, 'rnn_dropout': 0.44978185210208016, 'bidirectional': True, 'fc_dropout': 0.6285994587453031, 'learning_rate_model': 0.00137347695300233}. Best is trial 235 with value: 0.9706074595451355.
Epoch 27: reducing lr to 0.00014596496321511281
Epoch 33: reducing lr to 0.00014148153719670205
Epoch 36: reducing lr to 0.00013760367756085722
Epoch 40: reducing lr to 0.00013086739490525542
Epoch 46: reducing lr to 0.00011780874155701338
Epoch 61: reducing lr to 7.512588032323892e-05
Epoch 64: reducing lr to 6.593351370122526e-05
Epoch 67: reducing lr to 5.685651503945363e-05
Epoch 72: reducing lr to 4.237169899673999e-05
Epoch 75: reducing lr to 3.429022387324377e-05
Epoch 78: reducing lr to 2.6823195373079643e-05
Epoch 81: reducing lr to 2.0088350898249742e-05
Epoch 84: reducing lr to 1.4191922811975737e-05
Epoch 87: reducing lr to 9.22687719384014e-06
Epoch 90: reducing lr to 5.271545185027297e-06
Epoch 93: reducing lr to 2.388284914887342e-06
Epoch 96: reducing lr to 6.225756151122513e-07
Epoch 99: reducing lr to 2.258350677449526e-09
[I 2024-06-21 00:59:16,718] Trial 403 finished with value: 0.9779147505760193 and parameters: {'hidden_size': 133, 'n_layers': 1, 'rnn_dropout': 0.44394663861450606, 'bidirectional': True, 'fc_dropout': 0.6189881978245951, 'learning_rate_model': 0.001465006164493923}. Best is trial 235 with value: 0.9706074595451355.
Epoch 27: reducing lr to 0.00018704864561418892
Epoch 31: reducing lr to 0.000183854087528898
Epoch 34: reducing lr to 0.00017979663721077018
Epoch 40: reducing lr to 0.00016770167602488586
Epoch 46: reducing lr to 0.00015096749976414766
Epoch 52: reducing lr to 0.00013064558846426617
Epoch 55: reducing lr to 0.00011953155676527615
Epoch 61: reducing lr to 9.627100816191319e-05
Epoch 64: reducing lr to 8.44913338567666e-05
Epoch 67: reducing lr to 7.285949928134159e-05
Epoch 70: reducing lr to 6.155902309127111e-05
Epoch 73: reducing lr to 5.0768085229332136e-05
Epoch 76: reducing lr to 4.065685042788851e-05
Epoch 79: reducing lr to 3.1384808690319086e-05
Epoch 82: reducing lr to 2.309815821386022e-05
Epoch 85: reducing lr to 1.5927608841418686e-05
Epoch 88: reducing lr to 9.986215310973197e-06
Epoch 91: reducing lr to 5.367712136012553e-06
Epoch 94: reducing lr to 2.1449124075871313e-06
Epoch 97: reducing lr to 3.68651097851138e-07
[I 2024-06-21 00:59:30,543] Trial 404 finished with value: 0.9818533658981323 and parameters: {'hidden_size': 138, 'n_layers': 1, 'rnn_dropout': 0.4734422269724626, 'bidirectional': True, 'fc_dropout': 0.639658484603022, 'learning_rate_model': 0.0018773506521642714}. Best is trial 235 with value: 0.9706074595451355.
Epoch 22: reducing lr to 0.00021317863470509882
Epoch 27: reducing lr to 0.00021602672548964023
Epoch 31: reducing lr to 0.00021233725786325982
Epoch 34: reducing lr to 0.0002076512164156784
Epoch 40: reducing lr to 0.00019368247127276957
Epoch 46: reducing lr to 0.0001743557913628268
Epoch 49: reducing lr to 0.00016305153118993313
Epoch 52: reducing lr to 0.00015088555484018767
Epoch 55: reducing lr to 0.00013804970742179427
Epoch 58: reducing lr to 0.0001247464660694162
Epoch 61: reducing lr to 0.00011118557199126242
Epoch 64: reducing lr to 9.75809588216804e-05
Epoch 67: reducing lr to 8.414708911086103e-05
Epoch 70: reducing lr to 7.109591271875894e-05
Epoch 73: reducing lr to 5.8633213704700846e-05
Epoch 76: reducing lr to 4.695551917961913e-05
Epoch 79: reducing lr to 3.624702776770135e-05
Epoch 82: reducing lr to 2.667658708459179e-05
Epoch 85: reducing lr to 1.8395156894044414e-05
Epoch 88: reducing lr to 1.1533306678486889e-05
Epoch 91: reducing lr to 6.19929255465208e-06
Epoch 94: reducing lr to 2.477208013731795e-06
Epoch 97: reducing lr to 4.257635186581416e-07
[I 2024-06-21 00:59:45,051] Trial 405 finished with value: 0.9844325184822083 and parameters: {'hidden_size': 141, 'n_layers': 1, 'rnn_dropout': 0.45456809107779705, 'bidirectional': True, 'fc_dropout': 0.6084091698792288, 'learning_rate_model': 0.0021681948706509307}. Best is trial 235 with value: 0.9706074595451355.
Epoch 35: reducing lr to 7.626880789350074e-05
Epoch 39: reducing lr to 7.281151547231501e-05
Epoch 45: reducing lr to 6.594975450190427e-05
Epoch 49: reducing lr to 6.044485978128144e-05
Epoch 52: reducing lr to 5.5934808699908014e-05
Epoch 55: reducing lr to 5.1176429605172995e-05
Epoch 65: reducing lr to 3.450328811771562e-05
Epoch 68: reducing lr to 2.9561859364366862e-05
Epoch 71: reducing lr to 2.4788041478439e-05
Epoch 74: reducing lr to 2.0257098842341744e-05
Epoch 77: reducing lr to 1.6040500477468722e-05
Epoch 80: reducing lr to 1.2204732180245622e-05
Epoch 83: reducing lr to 8.810297609295544e-06
Epoch 86: reducing lr to 5.910715051734314e-06
Epoch 89: reducing lr to 3.5517298295913026e-06
Epoch 92: reducing lr to 1.7705328660231755e-06
Epoch 95: reducing lr to 5.952199490633796e-07
Epoch 98: reducing lr to 4.432333739312188e-08
[I 2024-06-21 01:01:07,438] Trial 406 finished with value: 0.977483868598938 and parameters: {'hidden_size': 137, 'n_layers': 4, 'rnn_dropout': 0.46865997718204866, 'bidirectional': True, 'fc_dropout': 0.6322203887088355, 'learning_rate_model': 0.0008037718749315285}. Best is trial 235 with value: 0.9706074595451355.
Epoch 27: reducing lr to 0.00013603870472569214
Epoch 36: reducing lr to 0.00012824602321369027
Epoch 40: reducing lr to 0.00012196783736039276
Epoch 46: reducing lr to 0.00010979722978562418
Epoch 61: reducing lr to 7.001699055333733e-05
Epoch 64: reducing lr to 6.144974522899534e-05
Epoch 67: reducing lr to 5.299002233697187e-05
Epoch 72: reducing lr to 3.949023739380908e-05
Epoch 75: reducing lr to 3.1958338067714524e-05
Epoch 78: reducing lr to 2.499910029628348e-05
Epoch 81: reducing lr to 1.8722254821149737e-05
Epoch 84: reducing lr to 1.3226809738326904e-05
Epoch 87: reducing lr to 8.599409025734483e-06
Epoch 90: reducing lr to 4.91305696297276e-06
Epoch 93: reducing lr to 2.225871052756456e-06
Epoch 96: reducing lr to 5.802377393049601e-07
Epoch 99: reducing lr to 2.1047729140523734e-09
[I 2024-06-21 01:01:22,491] Trial 407 finished with value: 0.9771871566772461 and parameters: {'hidden_size': 143, 'n_layers': 1, 'rnn_dropout': 0.4395712046486434, 'bidirectional': True, 'fc_dropout': 0.6548401482945787, 'learning_rate_model': 0.0013653793118777208}. Best is trial 235 with value: 0.9706074595451355.
Epoch 23: reducing lr to 0.00010328837070603024
Epoch 27: reducing lr to 0.00010339370102989106
Epoch 33: reducing lr to 0.00010021788404527646
Epoch 40: reducing lr to 9.269939857727252e-05
Epoch 43: reducing lr to 8.836199337046494e-05
Epoch 46: reducing lr to 8.344935342670224e-05
Epoch 55: reducing lr to 6.607270532884795e-05
Epoch 64: reducing lr to 4.670374214001023e-05
Epoch 72: reducing lr to 3.001382442539385e-05
Epoch 75: reducing lr to 2.4289343670598887e-05
Epoch 78: reducing lr to 1.900010373710977e-05
Epoch 81: reducing lr to 1.4229503445263299e-05
Epoch 84: reducing lr to 1.0052792066944368e-05
Epoch 87: reducing lr to 6.5358217547966685e-06
Epoch 90: reducing lr to 3.7340780610688573e-06
Epoch 93: reducing lr to 1.69173211861909e-06
Epoch 96: reducing lr to 4.4099896029537593e-07
Epoch 99: reducing lr to 1.5996937184192123e-09
[I 2024-06-21 01:01:37,304] Trial 408 finished with value: 0.9778271913528442 and parameters: {'hidden_size': 146, 'n_layers': 1, 'rnn_dropout': 0.4348745371406271, 'bidirectional': True, 'fc_dropout': 0.12874679793997176, 'learning_rate_model': 0.0010377312886750963}. Best is trial 235 with value: 0.9706074595451355.
Epoch 27: reducing lr to 0.0001679575417526418
Epoch 31: reducing lr to 0.00016508903596245184
Epoch 34: reducing lr to 0.0001614457089606522
Epoch 40: reducing lr to 0.0001505852189437138
Epoch 46: reducing lr to 0.00013555901493790518
Epoch 52: reducing lr to 0.00011731125775989537
Epoch 57: reducing lr to 0.000100466598600805
Epoch 60: reducing lr to 8.997162351220604e-05
Epoch 63: reducing lr to 7.938699544934318e-05
Epoch 66: reducing lr to 6.887967150486234e-05
Epoch 69: reducing lr to 5.861531232567469e-05
Epoch 72: reducing lr to 4.875585377901487e-05
Epoch 75: reducing lr to 3.945674072078601e-05
Epoch 78: reducing lr to 3.086465311661066e-05
Epoch 81: reducing lr to 2.311506789312277e-05
Epoch 84: reducing lr to 1.633022347102464e-05
Epoch 87: reducing lr to 1.0617093153012566e-05
Epoch 90: reducing lr to 6.065810253453262e-06
Epoch 93: reducing lr to 2.748128417079344e-06
Epoch 96: reducing lr to 7.163792431152732e-07
Epoch 99: reducing lr to 2.598616954670001e-09
