[I 2024-06-21 04:24:50,312] Trial 799 finished with value: 0.9729123115539551 and parameters: {'hidden_size': 137, 'n_layers': 2, 'rnn_dropout': 0.6113841918476105, 'bidirectional': True, 'fc_dropout': 0.27676945013282495, 'learning_rate_model': 0.0007698346186760515}. Best is trial 690 with value: 0.966281533241272.
Epoch 40: reducing lr to 0.00010827931223443129
Epoch 45: reducing lr to 9.94566578517455e-05
Epoch 52: reducing lr to 8.435344714905583e-05
Epoch 56: reducing lr to 7.472171732491569e-05
Epoch 59: reducing lr to 6.722327156062936e-05
Epoch 65: reducing lr to 5.203327513500832e-05
Epoch 68: reducing lr to 4.4581268792719445e-05
Epoch 71: reducing lr to 3.738203089239396e-05
Epoch 74: reducing lr to 3.054906517618042e-05
Epoch 77: reducing lr to 2.419015172698334e-05
Epoch 80: reducing lr to 1.8405555589866957e-05
Epoch 83: reducing lr to 1.3286520344430656e-05
Epoch 86: reducing lr to 8.913755161022276e-06
Epoch 89: reducing lr to 5.35624705673924e-06
Epoch 92: reducing lr to 2.670082440811095e-06
Epoch 95: reducing lr to 8.97631648027141e-07
Epoch 98: reducing lr to 6.684256878967172e-08
[I 2024-06-21 04:25:24,445] Trial 800 finished with value: 0.9725633859634399 and parameters: {'hidden_size': 132, 'n_layers': 2, 'rnn_dropout': 0.6321993929070745, 'bidirectional': True, 'fc_dropout': 0.1892732234614597, 'learning_rate_model': 0.0012121419550335513}. Best is trial 690 with value: 0.966281533241272.
Epoch 36: reducing lr to 9.157914194355905e-05
Epoch 40: reducing lr to 8.709595518267864e-05
Epoch 52: reducing lr to 6.785085627891921e-05
Epoch 55: reducing lr to 6.20787779687987e-05
Epoch 63: reducing lr to 4.591610150215307e-05
Epoch 66: reducing lr to 3.983884224803959e-05
Epoch 71: reducing lr to 3.006875108508628e-05
Epoch 74: reducing lr to 2.4572561060387617e-05
Epoch 77: reducing lr to 1.945768150165239e-05
Epoch 80: reducing lr to 1.4804761977954311e-05
Epoch 83: reducing lr to 1.0687195518446464e-05
Epoch 86: reducing lr to 7.169901655201848e-06
Epoch 89: reducing lr to 4.308371044979477e-06
Epoch 92: reducing lr to 2.1477175630322458e-06
Epoch 95: reducing lr to 7.220223713451466e-07
Epoch 98: reducing lr to 5.3765740245885746e-08
[I 2024-06-21 04:26:02,859] Trial 801 finished with value: 0.9718605875968933 and parameters: {'hidden_size': 141, 'n_layers': 2, 'rnn_dropout': 0.5895374996298138, 'bidirectional': True, 'fc_dropout': 0.25569020158368644, 'learning_rate_model': 0.0009750030657940958}. Best is trial 690 with value: 0.966281533241272.
Epoch 36: reducing lr to 7.204155916431961e-05
Epoch 40: reducing lr to 6.851481980616191e-05
Epoch 43: reducing lr to 6.530901113068266e-05
Epoch 49: reducing lr to 5.767918080136396e-05
Epoch 52: reducing lr to 5.33754889293467e-05
Epoch 55: reducing lr to 4.8834831392547404e-05
Epoch 65: reducing lr to 3.292457623004649e-05
Epoch 72: reducing lr to 2.2183442436095963e-05
Epoch 75: reducing lr to 1.7952435833915277e-05
Epoch 78: reducing lr to 1.4043118982711756e-05
Epoch 83: reducing lr to 8.407178882690572e-06
Epoch 86: reducing lr to 5.640267896525163e-06
Epoch 89: reducing lr to 3.3892189962865203e-06
Epoch 92: reducing lr to 1.6895214194165936e-06
Epoch 95: reducing lr to 5.679854198162478e-07
Epoch 98: reducing lr to 4.2295305183409715e-08
[I 2024-06-21 04:26:38,519] Trial 802 finished with value: 0.9735686182975769 and parameters: {'hidden_size': 134, 'n_layers': 2, 'rnn_dropout': 0.6065091615115795, 'bidirectional': True, 'fc_dropout': 0.20431194183337326, 'learning_rate_model': 0.00076699496805821}. Best is trial 690 with value: 0.966281533241272.
Epoch 40: reducing lr to 5.709802103376642e-05
Epoch 43: reducing lr to 5.442640441563028e-05
Epoch 53: reducing lr to 4.323910259651366e-05
Epoch 56: reducing lr to 3.940237612758413e-05
Epoch 61: reducing lr to 3.277775260967049e-05
Epoch 65: reducing lr to 2.743827031041784e-05
Epoch 72: reducing lr to 1.8486958973270753e-05
Epoch 75: reducing lr to 1.496097576775715e-05
Epoch 78: reducing lr to 1.1703078331418854e-05
Epoch 81: reducing lr to 8.764636011531726e-06
Epoch 84: reducing lr to 6.191998456257493e-06
Epoch 87: reducing lr to 4.025727175751301e-06
Epoch 90: reducing lr to 2.2999983920597778e-06
Epoch 93: reducing lr to 1.0420192317848954e-06
Epoch 96: reducing lr to 2.716324841074767e-07
Epoch 99: reducing lr to 9.85328351462561e-10
[I 2024-06-21 04:27:15,852] Trial 803 finished with value: 0.9725511074066162 and parameters: {'hidden_size': 144, 'n_layers': 2, 'rnn_dropout': 0.6460670341767442, 'bidirectional': True, 'fc_dropout': 0.1657947894534441, 'learning_rate_model': 0.0006391886447761197}. Best is trial 690 with value: 0.966281533241272.
Epoch 36: reducing lr to 8.262073089304031e-05
Epoch 40: reducing lr to 7.857609628462452e-05
Epoch 53: reducing lr to 5.950398678222452e-05
Epoch 63: reducing lr to 4.1424518567830124e-05
Epoch 66: reducing lr to 3.5941746063685007e-05
Epoch 72: reducing lr to 2.5441040547352296e-05
Epoch 75: reducing lr to 2.0588718333057682e-05
Epoch 78: reducing lr to 1.6105325423664875e-05
Epoch 81: reducing lr to 1.2061554335386301e-05
Epoch 84: reducing lr to 8.521189667946718e-06
Epoch 87: reducing lr to 5.540050608591075e-06
Epoch 90: reducing lr to 3.1651691571253224e-06
Epoch 93: reducing lr to 1.4339867127573345e-06
Epoch 96: reducing lr to 3.738101573194392e-07
Epoch 99: reducing lr to 1.3559709078226484e-09
[I 2024-06-21 04:27:48,977] Trial 804 finished with value: 0.9697309136390686 and parameters: {'hidden_size': 130, 'n_layers': 2, 'rnn_dropout': 0.5854473064693695, 'bidirectional': True, 'fc_dropout': 0.22296159019613054, 'learning_rate_model': 0.0008796267819206062}. Best is trial 690 with value: 0.966281533241272.
Epoch 53: reducing lr to 3.5524923736489244e-05
Epoch 56: reducing lr to 3.237269792647716e-05
Epoch 61: reducing lr to 2.69299567240774e-05
Epoch 65: reducing lr to 2.2543077948092382e-05
Epoch 68: reducing lr to 1.931454467956339e-05
Epoch 73: reducing lr to 1.4201392135530517e-05
Epoch 76: reducing lr to 1.1372969323421766e-05
Epoch 79: reducing lr to 8.779294576434245e-06
Epoch 82: reducing lr to 6.461264018955579e-06
Epoch 85: reducing lr to 4.455441207139359e-06
Epoch 88: reducing lr to 2.7934510222385033e-06
Epoch 91: reducing lr to 1.5015138855407916e-06
Epoch 94: reducing lr to 5.999978541422393e-07
Epoch 97: reducing lr to 1.0312303050485482e-07
[I 2024-06-21 04:28:21,545] Trial 805 finished with value: 0.9729570746421814 and parameters: {'hidden_size': 126, 'n_layers': 2, 'rnn_dropout': 0.6193845673214888, 'bidirectional': True, 'fc_dropout': 0.18433189603462166, 'learning_rate_model': 0.0005251526163896943}. Best is trial 690 with value: 0.966281533241272.
Epoch 36: reducing lr to 0.00010991889319527835
Epoch 40: reducing lr to 0.0001045378979567839
Epoch 43: reducing lr to 9.964656931964598e-05
Epoch 52: reducing lr to 8.14387519499493e-05
Epoch 55: reducing lr to 7.451075016024107e-05
Epoch 58: reducing lr to 6.733047784209821e-05
Epoch 61: reducing lr to 6.00111404130115e-05
Epoch 64: reducing lr to 5.266820610451462e-05
Epoch 67: reducing lr to 4.54174286244164e-05
Epoch 70: reducing lr to 3.8373205484718305e-05
Epoch 73: reducing lr to 3.164660627707548e-05
Epoch 76: reducing lr to 2.534370426115559e-05
Epoch 79: reducing lr to 1.956391853695544e-05
Epoch 82: reducing lr to 1.4398382673240853e-05
Epoch 85: reducing lr to 9.928575475373972e-06
Epoch 88: reducing lr to 6.224970327655365e-06
Epoch 91: reducing lr to 3.345997230538118e-06
Epoch 94: reducing lr to 1.3370446837830587e-06
Epoch 97: reducing lr to 2.2980098805392822e-07
[I 2024-06-21 04:28:57,642] Trial 806 finished with value: 0.9777927994728088 and parameters: {'hidden_size': 138, 'n_layers': 2, 'rnn_dropout': 0.5588770481206692, 'bidirectional': True, 'fc_dropout': 0.24217264706255265, 'learning_rate_model': 0.001170258375211035}. Best is trial 690 with value: 0.966281533241272.
Epoch 40: reducing lr to 6.657428596503761e-05
Epoch 61: reducing lr to 3.821770765464859e-05
Epoch 65: reducing lr to 3.199205893583424e-05
Epoch 72: reducing lr to 2.1555144487102363e-05
Epoch 77: reducing lr to 1.4873035720093346e-05
Epoch 80: reducing lr to 1.1316443519074717e-05
Epoch 83: reducing lr to 8.169063754074571e-06
Epoch 86: reducing lr to 5.480519527381383e-06
[I 2024-06-21 04:29:34,084] Trial 807 finished with value: 0.9672282934188843 and parameters: {'hidden_size': 135, 'n_layers': 2, 'rnn_dropout': 0.6059135622104403, 'bidirectional': True, 'fc_dropout': 0.15379449283449287, 'learning_rate_model': 0.0007452714971989149}. Best is trial 690 with value: 0.966281533241272.
Epoch 36: reducing lr to 6.173715011362452e-05
Epoch 40: reducing lr to 5.87148552092404e-05
Epoch 43: reducing lr to 5.596758691397499e-05
Epoch 49: reducing lr to 4.942908350223971e-05
Epoch 52: reducing lr to 4.5740966889723226e-05
Epoch 55: reducing lr to 4.184977881417728e-05
Epoch 65: reducing lr to 2.8215234771717495e-05
Epoch 72: reducing lr to 1.9010450795358483e-05
Epoch 75: reducing lr to 1.538462297096658e-05
Epoch 78: reducing lr to 1.2034472251241337e-05
Epoch 81: reducing lr to 9.012822599831411e-06
Epoch 84: reducing lr to 6.367336139373318e-06
Epoch 87: reducing lr to 4.139722952856086e-06
Epoch 90: reducing lr to 2.3651270241295022e-06
Epoch 93: reducing lr to 1.0715258990029084e-06
Epoch 96: reducing lr to 2.7932425127422676e-07
Epoch 99: reducing lr to 1.0132297134342673e-09
[I 2024-06-21 04:30:09,780] Trial 808 finished with value: 0.9747275710105896 and parameters: {'hidden_size': 134, 'n_layers': 2, 'rnn_dropout': 0.540988553304378, 'bidirectional': True, 'fc_dropout': 0.15490982924359778, 'learning_rate_model': 0.0006572884322422697}. Best is trial 690 with value: 0.966281533241272.
Epoch 53: reducing lr to 3.444791139872165e-05
Epoch 56: reducing lr to 3.139125190474152e-05
Epoch 62: reducing lr to 2.504709037191964e-05
Epoch 65: reducing lr to 2.1859637407545516e-05
Epoch 72: reducing lr to 1.4728268777585151e-05
Epoch 75: reducing lr to 1.191917354287724e-05
Epoch 78: reducing lr to 9.323658014251233e-06
Epoch 81: reducing lr to 6.982647340873207e-06
Epoch 84: reducing lr to 4.933067556757702e-06
Epoch 87: reducing lr to 3.2072333776161345e-06
Epoch 90: reducing lr to 1.8323724607842797e-06
Epoch 93: reducing lr to 8.301602951210283e-07
Epoch 96: reducing lr to 2.1640531795642966e-07
Epoch 99: reducing lr to 7.849955644713413e-10
[I 2024-06-21 04:30:42,946] Trial 809 finished with value: 0.9719007015228271 and parameters: {'hidden_size': 130, 'n_layers': 2, 'rnn_dropout': 0.6011506849705075, 'bidirectional': True, 'fc_dropout': 0.13548363635468957, 'learning_rate_model': 0.0005092315168467925}. Best is trial 690 with value: 0.966281533241272.
Epoch 40: reducing lr to 6.416973420289481e-05
Epoch 43: reducing lr to 6.116723209907498e-05
Epoch 49: reducing lr to 5.402127177062743e-05
Epoch 52: reducing lr to 4.9990512231307e-05
Epoch 55: reducing lr to 4.573781495986826e-05
Epoch 65: reducing lr to 3.083655932252805e-05
Epoch 68: reducing lr to 2.6420265421181088e-05
Epoch 72: reducing lr to 2.0776608752045082e-05
Epoch 75: reducing lr to 1.6813924914581203e-05
Epoch 78: reducing lr to 1.3152529847552703e-05
Epoch 81: reducing lr to 9.850155102792552e-06
Epoch 84: reducing lr to 6.9588908324476054e-06
Epoch 87: reducing lr to 4.524322177270582e-06
Epoch 90: reducing lr to 2.584858158188701e-06
Epoch 93: reducing lr to 1.1710755631687818e-06
Epoch 96: reducing lr to 3.052747536686222e-07
Epoch 99: reducing lr to 1.1073633949263209e-09
[I 2024-06-21 04:31:16,383] Trial 810 finished with value: 0.9744886159896851 and parameters: {'hidden_size': 127, 'n_layers': 2, 'rnn_dropout': 0.5782258134137502, 'bidirectional': True, 'fc_dropout': 0.1614055789161712, 'learning_rate_model': 0.0007183535383220362}. Best is trial 690 with value: 0.966281533241272.
Epoch 40: reducing lr to 5.358345867968584e-05
Epoch 47: reducing lr to 4.722376597813539e-05
Epoch 61: reducing lr to 3.076017908807352e-05
Epoch 65: reducing lr to 2.5749358678313237e-05
Epoch 72: reducing lr to 1.7349028640966144e-05
Epoch 75: reducing lr to 1.4040080765414153e-05
Epoch 78: reducing lr to 1.0982717138757953e-05
Epoch 86: reducing lr to 4.411090368928235e-06
Epoch 89: reducing lr to 2.650610138911762e-06
Epoch 92: reducing lr to 1.3213258302638269e-06
[I 2024-06-21 04:31:52,853] Trial 811 finished with value: 0.9696090817451477 and parameters: {'hidden_size': 135, 'n_layers': 2, 'rnn_dropout': 0.5614856494636148, 'bidirectional': True, 'fc_dropout': 0.1752901743445428, 'learning_rate_model': 0.0005998445780744484}. Best is trial 690 with value: 0.966281533241272.
Epoch 40: reducing lr to 7.016079868736533e-05
Epoch 43: reducing lr to 6.68779746538665e-05
Epoch 65: reducing lr to 3.371554608591925e-05
Epoch 72: reducing lr to 2.2716370609380327e-05
Epoch 75: reducing lr to 1.838371961065705e-05
Epoch 78: reducing lr to 1.4380486538186099e-05
Epoch 81: reducing lr to 1.0769792921710053e-05
Epoch 84: reducing lr to 7.608592194553352e-06
Epoch 87: reducing lr to 4.946725452728204e-06
Epoch 90: reducing lr to 2.8261876899575757e-06
Epoch 93: reducing lr to 1.2804104279969257e-06
Epoch 96: reducing lr to 3.3377605194308096e-07
Epoch 99: reducing lr to 1.210749914898595e-09
[I 2024-06-21 04:32:26,777] Trial 812 finished with value: 0.9689123034477234 and parameters: {'hidden_size': 131, 'n_layers': 2, 'rnn_dropout': 0.5984609951124708, 'bidirectional': True, 'fc_dropout': 0.15460062811605582, 'learning_rate_model': 0.0007854210184073865}. Best is trial 690 with value: 0.966281533241272.
Epoch 40: reducing lr to 9.034063814514349e-05
Epoch 52: reducing lr to 7.037858006236129e-05
Epoch 68: reducing lr to 3.71954733452191e-05
Epoch 71: reducing lr to 3.118893587603027e-05
Epoch 76: reducing lr to 2.19017835700226e-05
Epoch 79: reducing lr to 1.6906948769706554e-05
Epoch 82: reducing lr to 1.2442942744996574e-05
Epoch 85: reducing lr to 8.580178689725606e-06
Epoch 88: reducing lr to 5.379559019518963e-06
Epoch 91: reducing lr to 2.8915783744155748e-06
Epoch 94: reducing lr to 1.1554610559652523e-06
Epoch 97: reducing lr to 1.985917864520204e-07
[I 2024-06-21 04:33:03,230] Trial 813 finished with value: 0.9675768613815308 and parameters: {'hidden_size': 135, 'n_layers': 2, 'rnn_dropout': 0.5849756236885186, 'bidirectional': True, 'fc_dropout': 0.1457214185596241, 'learning_rate_model': 0.0010113259447302953}. Best is trial 690 with value: 0.966281533241272.
Epoch 36: reducing lr to 6.578136389253293e-05
Epoch 40: reducing lr to 6.256108759973455e-05
Epoch 43: reducing lr to 5.963385407650474e-05
Epoch 49: reducing lr to 5.266703310326051e-05
Epoch 53: reducing lr to 4.737616534336062e-05
Epoch 58: reducing lr to 4.029417086761061e-05
Epoch 61: reducing lr to 3.591388659728399e-05
Epoch 65: reducing lr to 3.0063529372762473e-05
Epoch 72: reducing lr to 2.025576786795335e-05
Epoch 75: reducing lr to 1.639242304090798e-05
Epoch 78: reducing lr to 1.282281409097295e-05
Epoch 81: reducing lr to 9.603225319717429e-06
Epoch 84: reducing lr to 6.784441051122588e-06
Epoch 87: reducing lr to 4.410903669426109e-06
Epoch 90: reducing lr to 2.520059334452354e-06
Epoch 93: reducing lr to 1.1417183163274807e-06
Epoch 96: reducing lr to 2.976219372494908e-07
Epoch 99: reducing lr to 1.0796033241434327e-09
[I 2024-06-21 04:33:39,356] Trial 814 finished with value: 0.9728786945343018 and parameters: {'hidden_size': 138, 'n_layers': 2, 'rnn_dropout': 0.6277155102854164, 'bidirectional': True, 'fc_dropout': 0.13801523181712, 'learning_rate_model': 0.0007003454073293763}. Best is trial 690 with value: 0.966281533241272.
Epoch 40: reducing lr to 7.494971202424385e-05
Epoch 65: reducing lr to 3.601684298292961e-05
Epoch 72: reducing lr to 2.426690498487237e-05
Epoch 75: reducing lr to 1.9638523456565454e-05
Epoch 78: reducing lr to 1.5362044688349e-05
Epoch 81: reducing lr to 1.150489864916931e-05
Epoch 84: reducing lr to 8.127926200395115e-06
Epoch 87: reducing lr to 5.28437040457669e-06
Epoch 90: reducing lr to 3.019092676419732e-06
Epoch 93: reducing lr to 1.3678064481396935e-06
Epoch 96: reducing lr to 3.565583551178703e-07
Epoch 99: reducing lr to 1.2933911693285664e-09
[I 2024-06-21 04:34:13,521] Trial 815 finished with value: 0.9688276052474976 and parameters: {'hidden_size': 132, 'n_layers': 2, 'rnn_dropout': 0.6059714048859207, 'bidirectional': True, 'fc_dropout': 0.17396952153768988, 'learning_rate_model': 0.0008390309153938243}. Best is trial 690 with value: 0.966281533241272.
Epoch 40: reducing lr to 4.814295782560869e-05
Epoch 53: reducing lr to 3.6457625939261205e-05
Epoch 56: reducing lr to 3.322263885498316e-05
Epoch 61: reducing lr to 2.7636999197790044e-05
Epoch 65: reducing lr to 2.3134943496218774e-05
Epoch 68: reducing lr to 1.982164551113146e-05
Epoch 72: reducing lr to 1.5587525978310126e-05
Epoch 75: reducing lr to 1.2614546220282102e-05
Epoch 78: reducing lr to 9.867606553405742e-06
Epoch 81: reducing lr to 7.390019727836949e-06
Epoch 84: reducing lr to 5.220866067486793e-06
Epoch 87: reducing lr to 3.39434555052244e-06
Epoch 90: reducing lr to 1.939274314295746e-06
Epoch 93: reducing lr to 8.78592410402917e-07
Epoch 96: reducing lr to 2.2903055114148388e-07
Epoch 99: reducing lr to 8.307927386948417e-10
[I 2024-06-21 04:34:46,087] Trial 816 finished with value: 0.9727197885513306 and parameters: {'hidden_size': 126, 'n_layers': 2, 'rnn_dropout': 0.5431228905507204, 'bidirectional': True, 'fc_dropout': 0.19886269692304032, 'learning_rate_model': 0.0005389404292990578}. Best is trial 690 with value: 0.966281533241272.
Epoch 27: reducing lr to 0.0001141546909101598
Epoch 36: reducing lr to 0.00010761558756337609
Epoch 40: reducing lr to 0.00010234734888817822
Epoch 45: reducing lr to 9.400803394803931e-05
Epoch 52: reducing lr to 7.973223607657562e-05
Epoch 55: reducing lr to 7.294940774227795e-05
Epoch 58: reducing lr to 6.591959510570766e-05
Epoch 63: reducing lr to 5.395648110373401e-05
Epoch 66: reducing lr to 4.68150315167805e-05
Epoch 69: reducing lr to 3.9838716328643985e-05
Epoch 72: reducing lr to 3.31375975149794e-05
Epoch 75: reducing lr to 2.681732534486085e-05
Epoch 78: reducing lr to 2.0977592907170384e-05
Epoch 81: reducing lr to 1.571047898874887e-05
Epoch 84: reducing lr to 1.1099064640837045e-05
Epoch 87: reducing lr to 7.216055763851754e-06
Epoch 90: reducing lr to 4.122712724757686e-06
Epoch 93: reducing lr to 1.8678038911473056e-06
Epoch 96: reducing lr to 4.868971659082724e-07
Epoch 99: reducing lr to 1.7661863358983676e-09
[I 2024-06-21 04:35:24,447] Trial 817 finished with value: 0.9754449129104614 and parameters: {'hidden_size': 141, 'n_layers': 2, 'rnn_dropout': 0.5777958987617152, 'bidirectional': True, 'fc_dropout': 0.1841957626508484, 'learning_rate_model': 0.0011457360876583784}. Best is trial 690 with value: 0.966281533241272.
Epoch 36: reducing lr to 9.083977362012827e-05
Epoch 40: reducing lr to 8.639278206929975e-05
Epoch 49: reducing lr to 7.27297380479985e-05
Epoch 52: reducing lr to 6.730305933754576e-05
Epoch 55: reducing lr to 6.157758216139846e-05
Epoch 63: reducing lr to 4.554539579050698e-05
Epoch 66: reducing lr to 3.951720156245083e-05
Epoch 72: reducing lr to 2.797189445072632e-05
Epoch 75: reducing lr to 2.263686719165892e-05
Epoch 78: reducing lr to 1.7707470022967953e-05
Epoch 83: reducing lr to 1.0600911964517551e-05
Epoch 86: reducing lr to 7.112015131551755e-06
Epoch 89: reducing lr to 4.273587217476396e-06
Epoch 92: reducing lr to 2.1303778686424336e-06
Epoch 95: reducing lr to 7.161930912399678e-07
Epoch 98: reducing lr to 5.33316601226074e-08
[I 2024-06-21 04:36:00,216] Trial 818 finished with value: 0.9726462960243225 and parameters: {'hidden_size': 137, 'n_layers': 2, 'rnn_dropout': 0.5961797628498858, 'bidirectional': True, 'fc_dropout': 0.1310739699634992, 'learning_rate_model': 0.0009671313346684608}. Best is trial 690 with value: 0.966281533241272.
Epoch 40: reducing lr to 5.6790087526772685e-05
Epoch 47: reducing lr to 5.0049807707893605e-05
Epoch 53: reducing lr to 4.3005911178304384e-05
Epoch 56: reducing lr to 3.9189876435910446e-05
Epoch 61: reducing lr to 3.260097996274285e-05
Epoch 65: reducing lr to 2.7290293854324335e-05
Epoch 72: reducing lr to 1.83872575474206e-05
Epoch 75: reducing lr to 1.4880290208909338e-05
Epoch 78: reducing lr to 1.1639962834804959e-05
Epoch 81: reducing lr to 8.717367734003179e-06
Epoch 84: reducing lr to 6.158604587863908e-06
Epoch 87: reducing lr to 4.0040161555620745e-06
Epoch 90: reducing lr to 2.2875943444566504e-06
Epoch 93: reducing lr to 1.0363995512672619e-06
Epoch 96: reducing lr to 2.701675516644602e-07
Epoch 99: reducing lr to 9.800144087088528e-10
[I 2024-06-21 04:36:33,349] Trial 819 finished with value: 0.9705621004104614 and parameters: {'hidden_size': 130, 'n_layers': 2, 'rnn_dropout': 0.5649054882346485, 'bidirectional': True, 'fc_dropout': 0.31612970158411025, 'learning_rate_model': 0.0006357414569847935}. Best is trial 690 with value: 0.966281533241272.
Epoch 36: reducing lr to 7.321759606121417e-05
Epoch 40: reducing lr to 6.963328471739936e-05
Epoch 43: reducing lr to 6.637514306453202e-05
Epoch 53: reducing lr to 5.273178802899866e-05
Epoch 65: reducing lr to 3.346205094478489e-05
Epoch 72: reducing lr to 2.254557433756522e-05
Epoch 75: reducing lr to 1.8245498993218374e-05
Epoch 78: reducing lr to 1.4272364799469825e-05
Epoch 81: reducing lr to 1.0688818697839574e-05
Epoch 84: reducing lr to 7.551385909141957e-06
Epoch 87: reducing lr to 4.909532792001414e-06
Epoch 90: reducing lr to 2.804938594792037e-06
Epoch 93: reducing lr to 1.2707834796055888e-06
Epoch 96: reducing lr to 3.312665090995839e-07
Epoch 99: reducing lr to 1.2016467190105288e-09
