[I 2024-06-21 03:21:11,000] Trial 694 finished with value: 0.9732246398925781 and parameters: {'hidden_size': 134, 'n_layers': 2, 'rnn_dropout': 0.5968632402015024, 'bidirectional': True, 'fc_dropout': 0.21062336975428836, 'learning_rate_model': 0.0008269991830539517}. Best is trial 690 with value: 0.966281533241272.
Epoch 40: reducing lr to 9.551527774035934e-05
Epoch 52: reducing lr to 7.440980891488119e-05
Epoch 62: reducing lr to 5.259238254883812e-05
Epoch 68: reducing lr to 3.9326000349309255e-05
Epoch 71: reducing lr to 3.2975413211484305e-05
Epoch 74: reducing lr to 2.6947921858736738e-05
Epoch 77: reducing lr to 2.1338601188949275e-05
Epoch 80: reducing lr to 1.6235896939625558e-05
Epoch 83: reducing lr to 1.1720296838916221e-05
Epoch 86: reducing lr to 7.862996008612148e-06
Epoch 89: reducing lr to 4.724849232167058e-06
Epoch 92: reducing lr to 2.3553314170629774e-06
Epoch 95: reducing lr to 7.918182559584625e-07
Epoch 98: reducing lr to 5.896312408226918e-08
[I 2024-06-21 03:21:47,442] Trial 695 finished with value: 0.9683632850646973 and parameters: {'hidden_size': 135, 'n_layers': 2, 'rnn_dropout': 0.5943114155591356, 'bidirectional': True, 'fc_dropout': 0.2009827502840752, 'learning_rate_model': 0.0010692538870685218}. Best is trial 690 with value: 0.966281533241272.
Epoch 40: reducing lr to 7.283144999733033e-05
Epoch 52: reducing lr to 5.673829784620051e-05
Epoch 61: reducing lr to 4.180970210516256e-05
Epoch 64: reducing lr to 3.669388704310671e-05
Epoch 67: reducing lr to 3.1642277552146284e-05
Epoch 72: reducing lr to 2.358106294556545e-05
Epoch 77: reducing lr to 1.6270918142860092e-05
Epoch 80: reducing lr to 1.23800500202126e-05
Epoch 83: reducing lr to 8.936855269350385e-06
Epoch 86: reducing lr to 5.995620953824288e-06
Epoch 89: reducing lr to 3.6027495154536513e-06
Epoch 99: reducing lr to 1.2568367740431117e-09
[I 2024-06-21 03:22:23,908] Trial 696 finished with value: 0.9665594100952148 and parameters: {'hidden_size': 135, 'n_layers': 2, 'rnn_dropout': 0.6209599975807054, 'bidirectional': True, 'fc_dropout': 0.18760476707696835, 'learning_rate_model': 0.000815317851267436}. Best is trial 690 with value: 0.966281533241272.
Epoch 40: reducing lr to 7.210206660405122e-05
Epoch 52: reducing lr to 5.617008216171998e-05
Epoch 61: reducing lr to 4.139099147404688e-05
Epoch 64: reducing lr to 3.632640964364421e-05
Epoch 67: reducing lr to 3.1325390386328355e-05
Epoch 72: reducing lr to 2.3344906234295863e-05
Epoch 77: reducing lr to 1.6107970165204263e-05
Epoch 80: reducing lr to 1.2256067827175958e-05
Epoch 83: reducing lr to 8.847355557044202e-06
Epoch 86: reducing lr to 5.935576750993286e-06
Epoch 89: reducing lr to 3.5666691454100417e-06
[I 2024-06-21 03:23:00,338] Trial 697 finished with value: 0.9665403962135315 and parameters: {'hidden_size': 135, 'n_layers': 2, 'rnn_dropout': 0.6194361484025459, 'bidirectional': True, 'fc_dropout': 0.2218685418784768, 'learning_rate_model': 0.0008071527069378878}. Best is trial 690 with value: 0.966281533241272.
Epoch 40: reducing lr to 6.8791631663057e-05
Epoch 52: reducing lr to 5.359113524126893e-05
Epoch 61: reducing lr to 3.9490599559200156e-05
Epoch 72: reducing lr to 2.227306742395163e-05
Epoch 77: reducing lr to 1.53684020810297e-05
Epoch 80: reducing lr to 1.1693352816563498e-05
Epoch 83: reducing lr to 8.441145355993002e-06
Epoch 86: reducing lr to 5.6630555654446725e-06
Epoch 89: reducing lr to 3.4029120338868625e-06
[I 2024-06-21 03:23:36,743] Trial 698 finished with value: 0.966787576675415 and parameters: {'hidden_size': 135, 'n_layers': 2, 'rnn_dropout': 0.6060682656964972, 'bidirectional': True, 'fc_dropout': 0.20769666542834667, 'learning_rate_model': 0.0007700937618949017}. Best is trial 690 with value: 0.966281533241272.
Epoch 40: reducing lr to 6.668054980581283e-05
Epoch 47: reducing lr to 5.876639464702745e-05
Epoch 61: reducing lr to 3.827870959168987e-05
Epoch 64: reducing lr to 3.359494507711208e-05
Epoch 67: reducing lr to 2.8969963722575673e-05
Epoch 72: reducing lr to 2.1589550150016532e-05
Epoch 77: reducing lr to 1.4896775605196036e-05
Epoch 80: reducing lr to 1.1334506480394112e-05
Epoch 83: reducing lr to 8.182102963995666e-06
Epoch 86: reducing lr to 5.489267365168616e-06
[I 2024-06-21 03:24:13,162] Trial 699 finished with value: 0.967428982257843 and parameters: {'hidden_size': 135, 'n_layers': 2, 'rnn_dropout': 0.6159780051157824, 'bidirectional': True, 'fc_dropout': 0.23362167084520893, 'learning_rate_model': 0.0007464610767875605}. Best is trial 690 with value: 0.966281533241272.
Epoch 40: reducing lr to 7.046863521413503e-05
Epoch 52: reducing lr to 5.489758083549628e-05
Epoch 61: reducing lr to 4.0453302057948194e-05
Epoch 72: reducing lr to 2.2816040635378258e-05
Epoch 77: reducing lr to 1.5743053244859017e-05
Epoch 80: reducing lr to 1.1978413567752462e-05
Epoch 83: reducing lr to 8.646923739132713e-06
Epoch 86: reducing lr to 5.801109629051111e-06
Epoch 89: reducing lr to 3.4858682805534035e-06
[I 2024-06-21 03:24:49,571] Trial 700 finished with value: 0.9666551351547241 and parameters: {'hidden_size': 135, 'n_layers': 2, 'rnn_dropout': 0.6118017879143638, 'bidirectional': True, 'fc_dropout': 0.2494078345848608, 'learning_rate_model': 0.00078886712054536}. Best is trial 690 with value: 0.966281533241272.
Epoch 36: reducing lr to 7.167461809918603e-05
Epoch 40: reducing lr to 6.816584205986183e-05
Epoch 43: reducing lr to 6.497636205443969e-05
Epoch 52: reducing lr to 5.310362281502389e-05
Epoch 55: reducing lr to 4.8586092952476606e-05
Epoch 61: reducing lr to 3.913135809289601e-05
Epoch 65: reducing lr to 3.2756876096803e-05
Epoch 72: reducing lr to 2.207045187772584e-05
Epoch 75: reducing lr to 1.7860995754007862e-05
Epoch 78: reducing lr to 1.3971590866203884e-05
Epoch 81: reducing lr to 1.0463563942451373e-05
Epoch 84: reducing lr to 7.392248998516889e-06
Epoch 87: reducing lr to 4.80606994550779e-06
Epoch 90: reducing lr to 2.745827688815439e-06
Epoch 93: reducing lr to 1.2440031561721074e-06
Epoch 96: reducing lr to 3.242854423807077e-07
Epoch 99: reducing lr to 1.1763233745474937e-09
[I 2024-06-21 03:25:23,937] Trial 701 finished with value: 0.9731018543243408 and parameters: {'hidden_size': 136, 'n_layers': 2, 'rnn_dropout': 0.6146240582784558, 'bidirectional': True, 'fc_dropout': 0.257080027391084, 'learning_rate_model': 0.0007630883070448158}. Best is trial 690 with value: 0.966281533241272.
Epoch 40: reducing lr to 6.840636248876646e-05
Epoch 52: reducing lr to 5.329099680982678e-05
Epoch 65: reducing lr to 3.287245741510404e-05
Epoch 72: reducing lr to 2.2148326578475345e-05
Epoch 77: reducing lr to 1.528233097853101e-05
Epoch 80: reducing lr to 1.1627863915146085e-05
Epoch 83: reducing lr to 8.393870520046409e-06
Epoch 86: reducing lr to 5.631339487646909e-06
Epoch 89: reducing lr to 3.3838539438578235e-06
[I 2024-06-21 03:26:00,377] Trial 702 finished with value: 0.967121958732605 and parameters: {'hidden_size': 135, 'n_layers': 2, 'rnn_dropout': 0.5926585558083564, 'bidirectional': True, 'fc_dropout': 0.24217856323696701, 'learning_rate_model': 0.0007657808334092865}. Best is trial 690 with value: 0.966281533241272.
Epoch 40: reducing lr to 5.213927013152687e-05
Epoch 47: reducing lr to 4.595098471863791e-05
Epoch 50: reducing lr to 4.282502692208627e-05
Epoch 53: reducing lr to 3.9483947249085907e-05
Epoch 56: reducing lr to 3.5980426213462016e-05
Epoch 59: reducing lr to 3.236973197092501e-05
Epoch 62: reducing lr to 2.870879408452794e-05
Epoch 65: reducing lr to 2.505535851777945e-05
Epoch 72: reducing lr to 1.6881435299619107e-05
Epoch 75: reducing lr to 1.3661670629968286e-05
Epoch 78: reducing lr to 1.0686709476873363e-05
Epoch 81: reducing lr to 8.003459950731271e-06
Epoch 84: reducing lr to 5.6542464050353514e-06
Epoch 87: reducing lr to 3.676107733544692e-06
Epoch 90: reducing lr to 2.1002520804488837e-06
Epoch 93: reducing lr to 9.515237345292488e-07
Epoch 96: reducing lr to 2.480422124788266e-07
Epoch 99: reducing lr to 8.9975624645083e-10
[I 2024-06-21 03:26:36,093] Trial 703 finished with value: 0.9757499694824219 and parameters: {'hidden_size': 134, 'n_layers': 2, 'rnn_dropout': 0.5961197096456369, 'bidirectional': True, 'fc_dropout': 0.24672748099666564, 'learning_rate_model': 0.0005836774867429815}. Best is trial 690 with value: 0.966281533241272.
Epoch 40: reducing lr to 5.164916102352333e-05
Epoch 53: reducing lr to 3.911279816859643e-05
Epoch 61: reducing lr to 2.9649774053025707e-05
Epoch 65: reducing lr to 2.4819838162721155e-05
Epoch 72: reducing lr to 1.6722749817915118e-05
Epoch 75: reducing lr to 1.3533250934230288e-05
Epoch 79: reducing lr to 9.665968022276768e-06
Epoch 86: reducing lr to 4.251855374174654e-06
Epoch 89: reducing lr to 2.5549263382495752e-06
Epoch 92: reducing lr to 1.2736275756255024e-06
[I 2024-06-21 03:27:12,541] Trial 704 finished with value: 0.9708434343338013 and parameters: {'hidden_size': 135, 'n_layers': 2, 'rnn_dropout': 0.591076566955053, 'bidirectional': True, 'fc_dropout': 0.23740315899428435, 'learning_rate_model': 0.0005781909187172359}. Best is trial 690 with value: 0.966281533241272.
Epoch 40: reducing lr to 6.84337693545825e-05
Epoch 43: reducing lr to 6.523175303003637e-05
Epoch 49: reducing lr to 5.761094850265972e-05
Epoch 53: reducing lr to 5.182342085794976e-05
Epoch 56: reducing lr to 4.72249838281257e-05
Epoch 65: reducing lr to 3.28856276962978e-05
Epoch 72: reducing lr to 2.215720025911705e-05
Epoch 75: reducing lr to 1.793119877840807e-05
Epoch 78: reducing lr to 1.4026506501815622e-05
Epoch 81: reducing lr to 1.0504691203488883e-05
Epoch 84: reducing lr to 7.421304390722492e-06
Epoch 87: reducing lr to 4.8249603058382304e-06
Epoch 90: reducing lr to 2.756620223055503e-06
Epoch 93: reducing lr to 1.2488927370851504e-06
Epoch 96: reducing lr to 3.255600532219949e-07
Epoch 99: reducing lr to 1.1809469386441819e-09
[I 2024-06-21 03:27:43,921] Trial 705 finished with value: 0.9704186320304871 and parameters: {'hidden_size': 128, 'n_layers': 2, 'rnn_dropout': 0.579466006462878, 'bidirectional': True, 'fc_dropout': 0.21913680871838534, 'learning_rate_model': 0.0007660876418958391}. Best is trial 690 with value: 0.966281533241272.
Epoch 40: reducing lr to 7.080633185468306e-05
Epoch 52: reducing lr to 5.5160658565979155e-05
Epoch 61: reducing lr to 4.0647160561983806e-05
Epoch 72: reducing lr to 2.292537864440542e-05
Epoch 77: reducing lr to 1.5818496400194773e-05
Epoch 80: reducing lr to 1.2035815985276709e-05
Epoch 83: reducing lr to 8.688361140168042e-06
Epoch 86: reducing lr to 5.828909447044308e-06
Epoch 89: reducing lr to 3.502573102552001e-06
[I 2024-06-21 03:28:20,311] Trial 706 finished with value: 0.9665791988372803 and parameters: {'hidden_size': 135, 'n_layers': 2, 'rnn_dropout': 0.6057715495439651, 'bidirectional': True, 'fc_dropout': 0.2392623731122068, 'learning_rate_model': 0.0007926474942625102}. Best is trial 690 with value: 0.966281533241272.
Epoch 36: reducing lr to 7.243013840784489e-05
Epoch 40: reducing lr to 6.888437645040144e-05
Epoch 43: reducing lr to 6.566127621815335e-05
Epoch 49: reducing lr to 5.7990291953078906e-05
Epoch 52: reducing lr to 5.366338673932676e-05
Epoch 55: reducing lr to 4.909823771051614e-05
Epoch 65: reducing lr to 3.310216548648777e-05
Epoch 72: reducing lr to 2.2303095944162645e-05
Epoch 75: reducing lr to 1.8049268051550472e-05
Epoch 78: reducing lr to 1.4118865046710607e-05
Epoch 83: reducing lr to 8.452525697061514e-06
Epoch 86: reducing lr to 5.670690489510861e-06
Epoch 89: reducing lr to 3.40749983541598e-06
Epoch 92: reducing lr to 1.6986343947976414e-06
Epoch 95: reducing lr to 5.710490312556098e-07
Epoch 98: reducing lr to 4.2523438470399784e-08
[I 2024-06-21 03:28:56,005] Trial 707 finished with value: 0.9736229181289673 and parameters: {'hidden_size': 134, 'n_layers': 2, 'rnn_dropout': 0.6044635607638554, 'bidirectional': True, 'fc_dropout': 0.2680087094003162, 'learning_rate_model': 0.0007711320012919849}. Best is trial 690 with value: 0.966281533241272.
Epoch 40: reducing lr to 6.997337379570851e-05
Epoch 43: reducing lr to 6.669931937359266e-05
Epoch 49: reducing lr to 5.890706404632644e-05
Epoch 53: reducing lr to 5.298933016938678e-05
Epoch 61: reducing lr to 4.0168991744624045e-05
Epoch 65: reducing lr to 3.362547965722221e-05
Epoch 72: reducing lr to 2.2655686960106742e-05
Epoch 75: reducing lr to 1.83346100406302e-05
Epoch 78: reducing lr to 1.4342071052874978e-05
Epoch 81: reducing lr to 1.0741022906127544e-05
Epoch 84: reducing lr to 7.588266890474658e-06
Epoch 87: reducing lr to 4.933510958318515e-06
Epoch 90: reducing lr to 2.818637919551573e-06
Epoch 93: reducing lr to 1.2769899882323753e-06
Epoch 96: reducing lr to 3.3288441528068255e-07
Epoch 99: reducing lr to 1.2075155635918495e-09
[I 2024-06-21 03:29:27,320] Trial 708 finished with value: 0.9701641201972961 and parameters: {'hidden_size': 128, 'n_layers': 2, 'rnn_dropout': 0.6143611657172652, 'bidirectional': True, 'fc_dropout': 0.2323363653202786, 'learning_rate_model': 0.0007833228745430908}. Best is trial 690 with value: 0.966281533241272.
Epoch 40: reducing lr to 5.152888542707222e-05
Epoch 47: reducing lr to 4.541304511656575e-05
Epoch 50: reducing lr to 4.232368232452747e-05
Epoch 53: reducing lr to 3.9021716047698915e-05
Epoch 56: reducing lr to 3.5559210078961954e-05
Epoch 62: reducing lr to 2.8372705590225477e-05
Epoch 65: reducing lr to 2.4762040111800598e-05
Epoch 72: reducing lr to 1.668380748722099e-05
Epoch 75: reducing lr to 1.3501736001639309e-05
Epoch 78: reducing lr to 1.0561602163533935e-05
Epoch 81: reducing lr to 7.90976493880804e-06
Epoch 84: reducing lr to 5.588053197647808e-06
Epoch 87: reducing lr to 3.633072226395806e-06
Epoch 90: reducing lr to 2.0756648213221085e-06
Epoch 93: reducing lr to 9.403844237560562e-07
Epoch 96: reducing lr to 2.4513842859051744e-07
Epoch 99: reducing lr to 8.892229680021458e-10
[I 2024-06-21 03:30:02,925] Trial 709 finished with value: 0.975742757320404 and parameters: {'hidden_size': 134, 'n_layers': 2, 'rnn_dropout': 0.5891009396860282, 'bidirectional': True, 'fc_dropout': 0.2539802703324682, 'learning_rate_model': 0.0005768444833399089}. Best is trial 690 with value: 0.966281533241272.
Epoch 36: reducing lr to 7.455682253369177e-05
Epoch 40: reducing lr to 7.090695038352073e-05
Epoch 43: reducing lr to 6.75892139093627e-05
Epoch 49: reducing lr to 5.969299522081809e-05
Epoch 52: reducing lr to 5.523904398955987e-05
Epoch 55: reducing lr to 5.0539853659916314e-05
Epoch 65: reducing lr to 3.407410688296652e-05
Epoch 72: reducing lr to 2.295795649177901e-05
Epoch 75: reducing lr to 1.8579228268280234e-05
Epoch 78: reducing lr to 1.4533421291249851e-05
Epoch 83: reducing lr to 8.700707636491672e-06
Epoch 86: reducing lr to 5.837192552211976e-06
Epoch 89: reducing lr to 3.5075503940384184e-06
Epoch 92: reducing lr to 1.748509472803046e-06
Epoch 95: reducing lr to 5.878160972387398e-07
Epoch 98: reducing lr to 4.3772006035774395e-08
[I 2024-06-21 03:30:38,620] Trial 710 finished with value: 0.9731836915016174 and parameters: {'hidden_size': 134, 'n_layers': 2, 'rnn_dropout': 0.6076258692879324, 'bidirectional': True, 'fc_dropout': 0.24207776197462272, 'learning_rate_model': 0.0007937738769273155}. Best is trial 690 with value: 0.966281533241272.
Epoch 40: reducing lr to 6.814775366674076e-05
Epoch 43: reducing lr to 6.495912001730054e-05
Epoch 49: reducing lr to 5.7370166280394186e-05
Epoch 53: reducing lr to 5.160682733251938e-05
Epoch 56: reducing lr to 4.702760925179729e-05
Epoch 65: reducing lr to 3.274818377768316e-05
Epoch 72: reducing lr to 2.2064595293286186e-05
Epoch 75: reducing lr to 1.785625618499545e-05
Epoch 78: reducing lr to 1.396788338426751e-05
Epoch 81: reducing lr to 1.0460787345664496e-05
Epoch 84: reducing lr to 7.390287401595416e-06
Epoch 87: reducing lr to 4.804794613465907e-06
Epoch 90: reducing lr to 2.745099059795733e-06
Epoch 93: reducing lr to 1.2436730492233435e-06
Epoch 96: reducing lr to 3.241993904463795e-07
Epoch 99: reducing lr to 1.1760112270174475e-09
[I 2024-06-21 03:31:09,951] Trial 711 finished with value: 0.9704318642616272 and parameters: {'hidden_size': 128, 'n_layers': 2, 'rnn_dropout': 0.5905115875788886, 'bidirectional': True, 'fc_dropout': 0.22925114969280128, 'learning_rate_model': 0.0007628858149920983}. Best is trial 690 with value: 0.966281533241272.
Epoch 40: reducing lr to 5.15116320459178e-05
Epoch 47: reducing lr to 4.5397839498002777e-05
Epoch 50: reducing lr to 4.2309511115176595e-05
Epoch 53: reducing lr to 3.900865043343827e-05
Epoch 56: reducing lr to 3.5547303813185815e-05
Epoch 59: reducing lr to 3.198007410738645e-05
Epoch 62: reducing lr to 2.836320557678887e-05
Epoch 65: reducing lr to 2.4753749054994902e-05
Epoch 72: reducing lr to 1.6678221259471274e-05
Epoch 75: reducing lr to 1.3497215224689594e-05
Epoch 78: reducing lr to 1.055806582956865e-05
Epoch 81: reducing lr to 7.907116517671031e-06
Epoch 84: reducing lr to 5.586182153651193e-06
Epoch 87: reducing lr to 3.63185576732893e-06
Epoch 90: reducing lr to 2.0749698279021112e-06
Epoch 93: reducing lr to 9.400695554882799e-07
Epoch 96: reducing lr to 2.450563490595959e-07
Epoch 99: reducing lr to 8.889252300827571e-10
[I 2024-06-21 03:31:45,606] Trial 712 finished with value: 0.9754906892776489 and parameters: {'hidden_size': 134, 'n_layers': 2, 'rnn_dropout': 0.6154307820923687, 'bidirectional': True, 'fc_dropout': 0.21213215836478466, 'learning_rate_model': 0.0005766513388995545}. Best is trial 690 with value: 0.966281533241272.
Epoch 36: reducing lr to 0.00010272182625164456
Epoch 40: reducing lr to 9.76931579137314e-05
Epoch 45: reducing lr to 8.973306886218751e-05
Epoch 52: reducing lr to 7.610645526689873e-05
Epoch 55: reducing lr to 6.963207242491374e-05
Epoch 60: reducing lr to 5.836968651497024e-05
Epoch 65: reducing lr to 4.6946132734269276e-05
Epoch 68: reducing lr to 4.0222687439426925e-05
Epoch 71: reducing lr to 3.372729814906741e-05
Epoch 74: reducing lr to 2.756237167365806e-05
Epoch 77: reducing lr to 2.1825150749986345e-05
Epoch 80: reducing lr to 1.6606097800453727e-05
Epoch 83: reducing lr to 1.1987535784510834e-05
Epoch 86: reducing lr to 8.042283170996903e-06
Epoch 89: reducing lr to 4.832582316426949e-06
Epoch 92: reducing lr to 2.4090362244644267e-06
Epoch 95: reducing lr to 8.098728051506021e-07
Epoch 98: reducing lr to 6.03075646988735e-08
[I 2024-06-21 03:32:24,505] Trial 713 finished with value: 0.9722740650177002 and parameters: {'hidden_size': 142, 'n_layers': 2, 'rnn_dropout': 0.5845111639439211, 'bidirectional': True, 'fc_dropout': 0.21885445737582382, 'learning_rate_model': 0.001093634351597743}. Best is trial 690 with value: 0.966281533241272.
Epoch 36: reducing lr to 7.54565129791426e-05
Epoch 40: reducing lr to 7.176259717221376e-05
Epoch 43: reducing lr to 6.840482498160638e-05
Epoch 49: reducing lr to 6.041332121695671e-05
Epoch 52: reducing lr to 5.590562336357742e-05
Epoch 55: reducing lr to 5.114972706797045e-05
Epoch 65: reducing lr to 3.448528519446206e-05
Epoch 72: reducing lr to 2.3234994238303095e-05
Epoch 75: reducing lr to 1.8803427122104347e-05
Epoch 78: reducing lr to 1.4708798672300935e-05
Epoch 83: reducing lr to 8.805700623896355e-06
Epoch 86: reducing lr to 5.907630993511016e-06
Epoch 89: reducing lr to 3.5498766288377605e-06
Epoch 92: reducing lr to 1.769609047771526e-06
Epoch 95: reducing lr to 5.949093786903367e-07
Epoch 98: reducing lr to 4.430021062217003e-08
[I 2024-06-21 03:33:00,175] Trial 714 finished with value: 0.9732572436332703 and parameters: {'hidden_size': 134, 'n_layers': 2, 'rnn_dropout': 0.6035489606323506, 'bidirectional': True, 'fc_dropout': 0.24289845012295774, 'learning_rate_model': 0.0008033524875581165}. Best is trial 690 with value: 0.966281533241272.
Epoch 40: reducing lr to 6.969071022257344e-05
Epoch 43: reducing lr to 6.642988163010381e-05
Epoch 49: reducing lr to 5.866910380083585e-05
Epoch 53: reducing lr to 5.2775275128287254e-05
Epoch 65: reducing lr to 3.348964658654534e-05
Epoch 72: reducing lr to 2.256416732798681e-05
Epoch 75: reducing lr to 1.8260545777254053e-05
Epoch 78: reducing lr to 1.4284135000487403e-05
Epoch 81: reducing lr to 1.0697633603181592e-05
Epoch 84: reducing lr to 7.557613421636258e-06
Epoch 87: reducing lr to 4.913581608625441e-06
Epoch 90: reducing lr to 2.807251784762066e-06
Epoch 93: reducing lr to 1.2718314753102266e-06
Epoch 96: reducing lr to 3.315396995243907e-07
Epoch 99: reducing lr to 1.2026376986938245e-09
[I 2024-06-21 03:33:31,530] Trial 715 finished with value: 0.9702661037445068 and parameters: {'hidden_size': 128, 'n_layers': 2, 'rnn_dropout': 0.5731584240504971, 'bidirectional': True, 'fc_dropout': 0.2824228824770745, 'learning_rate_model': 0.0007801585731720688}. Best is trial 690 with value: 0.966281533241272.
Epoch 31: reducing lr to 0.0001081891502567758
Epoch 36: reducing lr to 0.0001037639287081227
Epoch 40: reducing lr to 9.868424504251359e-05
Epoch 47: reducing lr to 8.69716477518721e-05
Epoch 52: reducing lr to 7.687854749774737e-05
Epoch 55: reducing lr to 7.033848270179008e-05
Epoch 61: reducing lr to 5.665078599769191e-05
Epoch 64: reducing lr to 4.971902304096638e-05
Epoch 68: reducing lr to 4.0630742503441214e-05
Epoch 71: reducing lr to 3.406945815083192e-05
Epoch 74: reducing lr to 2.784198912474503e-05
Epoch 77: reducing lr to 2.2046564679620448e-05
Epoch 83: reducing lr to 1.210914811310747e-05
Epoch 86: reducing lr to 8.123871313984728e-06
Epoch 89: reducing lr to 4.881608371422752e-06
Epoch 92: reducing lr to 2.4334756513989677e-06
Epoch 95: reducing lr to 8.180888822053277e-07
Epoch 98: reducing lr to 6.091937879537223e-08
