[I 2024-06-20 21:54:06,152] Trial 53 finished with value: 1.0944879055023193 and parameters: {'hidden_size': 20, 'n_layers': 2, 'rnn_dropout': 0.5965097541659968, 'bidirectional': False, 'fc_dropout': 0.6898770022704354, 'learning_rate_model': 0.005898082867158478}. Best is trial 46 with value: 0.9782123565673828.
Epoch 38: reducing lr to 8.987802114517948e-06
Epoch 41: reducing lr to 8.618303293044563e-06
Epoch 44: reducing lr to 8.190112982112e-06
Epoch 47: reducing lr to 7.709984188542289e-06
Epoch 50: reducing lr to 7.185488678097045e-06
Epoch 53: reducing lr to 6.624898483801499e-06
Epoch 56: reducing lr to 6.037052718269313e-06
Epoch 59: reducing lr to 5.431224667138786e-06
Epoch 62: reducing lr to 4.816966378830367e-06
Epoch 65: reducing lr to 4.203966883259953e-06
Epoch 68: reducing lr to 3.6018908502687515e-06
Epoch 71: reducing lr to 3.020236944395055e-06
Epoch 74: reducing lr to 2.468175566154315e-06
Epoch 77: reducing lr to 1.954414679787296e-06
Epoch 80: reducing lr to 1.487055080946489e-06
Epoch 83: reducing lr to 1.0734686866590442e-06
Epoch 86: reducing lr to 7.201762988240772e-07
Epoch 89: reducing lr to 4.327516418419815e-07
Epoch 92: reducing lr to 2.1572615076831023e-07
Epoch 95: reducing lr to 7.252308665716187e-08
Epoch 98: reducing lr to 5.4004662373199334e-09
[I 2024-06-20 21:54:24,010] Trial 54 finished with value: 1.0921462774276733 and parameters: {'hidden_size': 143, 'n_layers': 2, 'rnn_dropout': 0.3535234245987387, 'bidirectional': False, 'fc_dropout': 0.1631249801864975, 'learning_rate_model': 9.793357468944974e-05}. Best is trial 46 with value: 0.9782123565673828.
Epoch 3: reducing lr to 0.00015049603156149657
Epoch 6: reducing lr to 0.0003268590367188005
Epoch 9: reducing lr to 0.0005715858542932867
Epoch 17: reducing lr to 0.0012842168344270046
Epoch 20: reducing lr to 0.0014666357521782429
Epoch 23: reducing lr to 0.001557340200745365
Epoch 26: reducing lr to 0.0015622017244171648
Epoch 31: reducing lr to 0.0015323037729186796
Epoch 35: reducing lr to 0.0014846740978739356
Epoch 38: reducing lr to 0.0014359485318378496
Epoch 41: reducing lr to 0.0013769150458476011
Epoch 44: reducing lr to 0.0013085046335469534
Epoch 47: reducing lr to 0.0012317961983327585
Epoch 50: reducing lr to 0.0011479994537468006
Epoch 53: reducing lr to 0.0010584359924906716
Epoch 56: reducing lr to 0.0009645180075141729
Epoch 59: reducing lr to 0.0008677270580158679
Epoch 62: reducing lr to 0.0007695892401125403
Epoch 65: reducing lr to 0.0006716525349574679
Epoch 68: reducing lr to 0.0005754610317831859
Epoch 71: reducing lr to 0.00048253229775732756
Epoch 74: reducing lr to 0.00039433145449569476
Epoch 77: reducing lr to 0.0003122497418484195
Epoch 80: reducing lr to 0.00023758139454338155
Epoch 83: reducing lr to 0.00017150419701520477
Epoch 86: reducing lr to 0.0001150599541227565
Epoch 89: reducing lr to 6.91391595893787e-05
Epoch 92: reducing lr to 3.446578435170634e-05
Epoch 95: reducing lr to 1.1586750407141869e-05
Epoch 98: reducing lr to 8.628128952897079e-07
[I 2024-06-20 21:54:41,552] Trial 55 finished with value: 1.133587121963501 and parameters: {'hidden_size': 64, 'n_layers': 6, 'rnn_dropout': 0.36558026194855425, 'bidirectional': False, 'fc_dropout': 0.16956813171494078, 'learning_rate_model': 0.015646491878786785}. Best is trial 46 with value: 0.9782123565673828.
Epoch 40: reducing lr to 9.898238598419478e-05
Epoch 45: reducing lr to 9.091724996244546e-05
Epoch 49: reducing lr to 8.332829238236285e-05
Epoch 55: reducing lr to 7.05509865463511e-05
Epoch 58: reducing lr to 6.375229918074272e-05
Epoch 61: reducing lr to 5.6821937113830596e-05
Epoch 72: reducing lr to 3.204810386833038e-05
Epoch 75: reducing lr to 2.5935628789456112e-05
Epoch 78: reducing lr to 2.0287894319817438e-05
Epoch 81: reducing lr to 1.5193951891806567e-05
Epoch 84: reducing lr to 1.0734151028603299e-05
Epoch 87: reducing lr to 6.978807215430954e-06
Epoch 90: reducing lr to 3.987166708829641e-06
Epoch 93: reducing lr to 1.8063944763075084e-06
Epoch 96: reducing lr to 4.7088902383975085e-07
Epoch 99: reducing lr to 1.708117889904874e-09
[I 2024-06-20 21:54:49,332] Trial 56 finished with value: 0.9808386564254761 and parameters: {'hidden_size': 71, 'n_layers': 1, 'rnn_dropout': 0.47474595957169685, 'bidirectional': True, 'fc_dropout': 0.5998866485809148, 'learning_rate_model': 0.001108066724703625}. Best is trial 46 with value: 0.9782123565673828.
Epoch 4: reducing lr to 0.0007881813926232419
Epoch 9: reducing lr to 0.002253513991268598
Epoch 16: reducing lr to 0.004759256652359398
Epoch 19: reducing lr to 0.0055786974174293815
Epoch 22: reducing lr to 0.006065144180599323
Epoch 25: reducing lr to 0.006166592313145071
Epoch 28: reducing lr to 0.0061278981659724585
Epoch 31: reducing lr to 0.0060412061726322925
Epoch 34: reducing lr to 0.005907883632804778
Epoch 37: reducing lr to 0.005730032961198091
Epoch 40: reducing lr to 0.005510458940452332
Epoch 43: reducing lr to 0.005252624545978954
Epoch 46: reducing lr to 0.004960595675082186
Epoch 49: reducing lr to 0.004638978230170542
Epoch 52: reducing lr to 0.004292844102981657
Epoch 55: reducing lr to 0.003927651477649266
Epoch 58: reducing lr to 0.0035491610300342814
Epoch 61: reducing lr to 0.0031633401061146905
Epoch 64: reducing lr to 0.0027762753305618252
Epoch 67: reducing lr to 0.0023940683762288134
Epoch 70: reducing lr to 0.0020227494274324873
Epoch 73: reducing lr to 0.0016681732453294345
Epoch 76: reducing lr to 0.0013359312216876446
Epoch 79: reducing lr to 0.00103126399056555
Epoch 82: reducing lr to 0.0007589754345607179
Epoch 85: reducing lr to 0.0005233605090935338
Epoch 88: reducing lr to 0.0003281340458008798
Epoch 91: reducing lr to 0.00017637603887319249
Epoch 94: reducing lr to 7.047903177259673e-05
Epoch 97: reducing lr to 1.2113395561770546e-05
[I 2024-06-20 21:55:34,890] Trial 57 finished with value: 1.1072418689727783 and parameters: {'hidden_size': 116, 'n_layers': 7, 'rnn_dropout': 0.6431687131989174, 'bidirectional': False, 'fc_dropout': 0.3720011852508049, 'learning_rate_model': 0.061687300513606574}. Best is trial 46 with value: 0.9782123565673828.
Epoch 15: reducing lr to 0.0011699110803861962
Epoch 18: reducing lr to 0.001409325080533351
Epoch 24: reducing lr to 0.0016286682467735896
Epoch 27: reducing lr to 0.0016227892403850338
Epoch 30: reducing lr to 0.0016040937561465976
Epoch 33: reducing lr to 0.0015729440217621443
Epoch 36: reducing lr to 0.001529831285978432
Epoch 39: reducing lr to 0.0014754354512305024
Epoch 42: reducing lr to 0.0014106143795421509
Epoch 45: reducing lr to 0.0013363903382708187
Epoch 48: reducing lr to 0.0012539339173628867
Epoch 51: reducing lr to 0.0011645454773238448
Epoch 54: reducing lr to 0.0010696347990678356
Epoch 57: reducing lr to 0.000970698389165392
Epoch 60: reducing lr to 0.0008692969726278137
Epoch 63: reducing lr to 0.0007670293378752872
Epoch 66: reducing lr to 0.0006655086079073797
Epoch 69: reducing lr to 0.0005663353795925454
Epoch 72: reducing lr to 0.00047107426134454527
Epoch 75: reducing lr to 0.00038122714606440985
Epoch 78: reducing lr to 0.00029821124114579636
Epoch 81: reducing lr to 0.00022333551132209997
Epoch 84: reducing lr to 0.0001577810121851533
Epoch 87: reducing lr to 0.00010258130925879326
Epoch 90: reducing lr to 5.860726175677296e-05
Epoch 93: reducing lr to 2.6552146333510067e-05
Epoch 96: reducing lr to 6.921585750967879e-06
Epoch 99: reducing lr to 2.5107581296673896e-08
[I 2024-06-20 21:55:46,460] Trial 58 finished with value: 1.257666826248169 and parameters: {'hidden_size': 56, 'n_layers': 2, 'rnn_dropout': 0.0651791719018096, 'bidirectional': True, 'fc_dropout': 0.5070294084895343, 'learning_rate_model': 0.01628744452416877}. Best is trial 46 with value: 0.9782123565673828.
Epoch 10: reducing lr to 0.00013577511860813062
Epoch 25: reducing lr to 0.0003205044812456016
Epoch 30: reducing lr to 0.00031576314091062545
Epoch 33: reducing lr to 0.00030963136841910045
Epoch 36: reducing lr to 0.0003011446993499449
Epoch 39: reducing lr to 0.0002904369713467372
Epoch 42: reducing lr to 0.00027767705309689883
Epoch 45: reducing lr to 0.00026306617619951766
Epoch 48: reducing lr to 0.00024683476930427277
Epoch 51: reducing lr to 0.00022923880617576253
Epoch 54: reducing lr to 0.00021055579980083073
Epoch 57: reducing lr to 0.00019108033496499492
Epoch 60: reducing lr to 0.00017111963774514604
Epoch 63: reducing lr to 0.00015098842693579036
Epoch 66: reducing lr to 0.00013100424306912342
Epoch 69: reducing lr to 0.00011148216092963232
Epoch 72: reducing lr to 9.273017103540947e-05
Epoch 75: reducing lr to 7.504391846201446e-05
Epoch 78: reducing lr to 5.8702378086213875e-05
Epoch 81: reducing lr to 4.396321740030629e-05
Epoch 84: reducing lr to 3.1058925198564543e-05
Epoch 87: reducing lr to 2.019295710500883e-05
Epoch 90: reducing lr to 1.1536740281905623e-05
Epoch 93: reducing lr to 5.2267450652811884e-06
Epoch 96: reducing lr to 1.3625024400431945e-06
Epoch 99: reducing lr to 4.942384882735893e-09
[I 2024-06-20 21:57:55,568] Trial 59 finished with value: 1.2261028289794922 and parameters: {'hidden_size': 144, 'n_layers': 6, 'rnn_dropout': 0.2739632958748159, 'bidirectional': True, 'fc_dropout': 0.6592078963298551, 'learning_rate_model': 0.003206155887492329}. Best is trial 46 with value: 0.9782123565673828.
[I 2024-06-20 21:57:59,409] Trial 60 finished with value: 1.1097674369812012 and parameters: {'hidden_size': 42, 'n_layers': 1, 'rnn_dropout': 0.014666114330405834, 'bidirectional': False, 'fc_dropout': 0.09067353821407238, 'learning_rate_model': 1.2916159380130333e-05}. Best is trial 46 with value: 0.9782123565673828.
Epoch 36: reducing lr to 7.39275468237201e-05
Epoch 40: reducing lr to 7.030848038401998e-05
Epoch 43: reducing lr to 6.701874632338127e-05
Epoch 49: reducing lr to 5.9189173428641516e-05
Epoch 52: reducing lr to 5.4772814509233264e-05
Epoch 55: reducing lr to 5.011328636247903e-05
Epoch 61: reducing lr to 4.036136340043061e-05
Epoch 64: reducing lr to 3.5422766366429336e-05
Epoch 67: reducing lr to 3.054615074479969e-05
Epoch 72: reducing lr to 2.276418637282934e-05
Epoch 75: reducing lr to 1.8422415562723146e-05
Epoch 78: reducing lr to 1.4410756071749173e-05
Epoch 81: reducing lr to 1.0792462294366217e-05
Epoch 84: reducing lr to 7.62460754536844e-06
Epoch 87: reducing lr to 4.957137831455523e-06
Epoch 90: reducing lr to 2.8321365417512643e-06
Epoch 93: reducing lr to 1.2831055681315719e-06
Epoch 96: reducing lr to 3.344786182561286e-07
Epoch 99: reducing lr to 1.213298426398085e-09
[I 2024-06-20 21:59:10,207] Trial 61 finished with value: 0.9777320623397827 and parameters: {'hidden_size': 155, 'n_layers': 3, 'rnn_dropout': 0.5975507964860202, 'bidirectional': True, 'fc_dropout': 0.3824580053742648, 'learning_rate_model': 0.000787074253700552}. Best is trial 61 with value: 0.9777320623397827.
Epoch 10: reducing lr to 0.0001261507462649048
Epoch 13: reducing lr to 0.0001797315927696788
Epoch 16: reducing lr to 0.00022982518992760258
Epoch 22: reducing lr to 0.00029288668694794944
Epoch 27: reducing lr to 0.0002967996863682021
Epoch 30: reducing lr to 0.00029338037983080297
Epoch 35: reducing lr to 0.000282662646190236
Epoch 38: reducing lr to 0.00027338593189138753
Epoch 41: reducing lr to 0.0002621467236451245
Epoch 44: reducing lr to 0.0002491222705374984
Epoch 47: reducing lr to 0.0002345179817485943
Epoch 50: reducing lr to 0.00021856417100944757
Epoch 53: reducing lr to 0.00020151245238859522
Epoch 56: reducing lr to 0.00018363168906395207
Epoch 59: reducing lr to 0.0001652039506453759
Epoch 62: reducing lr to 0.00014651978599293546
Epoch 65: reducing lr to 0.00012787391059312347
Epoch 68: reducing lr to 0.0001095602989613216
Epoch 71: reducing lr to 9.1867876156564e-05
Epoch 74: reducing lr to 7.50755822866535e-05
Epoch 77: reducing lr to 5.944829133173618e-05
Epoch 80: reducing lr to 4.5232408757831575e-05
Epoch 83: reducing lr to 3.265216940907768e-05
Epoch 86: reducing lr to 2.190591938624033e-05
Epoch 89: reducing lr to 1.3163197117056595e-05
Epoch 92: reducing lr to 6.561837255614688e-06
Epoch 95: reducing lr to 2.2059666397618997e-06
Epoch 98: reducing lr to 1.642683579506851e-07
[I 2024-06-20 21:59:42,113] Trial 62 finished with value: 1.093623161315918 and parameters: {'hidden_size': 164, 'n_layers': 3, 'rnn_dropout': 0.7237489282748985, 'bidirectional': False, 'fc_dropout': 0.10051310491019105, 'learning_rate_model': 0.0029788886358192816}. Best is trial 61 with value: 0.9777320623397827.
Epoch 14: reducing lr to 0.0030333030727167634
Epoch 17: reducing lr to 0.0037611327245866454
Epoch 20: reducing lr to 0.004295389668386941
Epoch 23: reducing lr to 0.004561039098160695
Epoch 26: reducing lr to 0.004575277220013004
Epoch 29: reducing lr to 0.004534569811652277
Epoch 32: reducing lr to 0.004458483841597088
Epoch 35: reducing lr to 0.00434821922993349
Epoch 38: reducing lr to 0.004205514885908831
Epoch 41: reducing lr to 0.004032621360413646
Epoch 44: reducing lr to 0.0038322652885192645
Epoch 47: reducing lr to 0.0036076064939904798
Epoch 50: reducing lr to 0.003362187909038899
Epoch 53: reducing lr to 0.003099880130455715
Epoch 56: reducing lr to 0.0028248190992865093
Epoch 59: reducing lr to 0.002541343912041889
Epoch 62: reducing lr to 0.002253924102130722
Epoch 65: reducing lr to 0.001967093298467189
Epoch 68: reducing lr to 0.0016853737315551131
Epoch 71: reducing lr to 0.001413209955758627
Epoch 74: reducing lr to 0.0011548929262396369
Epoch 77: reducing lr to 0.000914497217935805
Epoch 80: reducing lr to 0.0006958133033419863
Epoch 83: reducing lr to 0.0005022906027280442
Epoch 86: reducing lr to 0.0003369802880162566
Epoch 89: reducing lr to 0.0002024903806825247
Epoch 92: reducing lr to 0.00010094120083824279
Epoch 95: reducing lr to 3.39345389031305e-05
Epoch 98: reducing lr to 2.52695162426958e-06
[I 2024-06-20 21:59:52,662] Trial 63 finished with value: 1.2953439950942993 and parameters: {'hidden_size': 17, 'n_layers': 4, 'rnn_dropout': 0.0024143652956770904, 'bidirectional': True, 'fc_dropout': 0.6367735535538155, 'learning_rate_model': 0.04582445195599803}. Best is trial 61 with value: 0.9777320623397827.
Epoch 10: reducing lr to 0.0002960229562480228
Epoch 13: reducing lr to 0.0004217547576858659
Epoch 16: reducing lr to 0.0005393034457344245
Epoch 19: reducing lr to 0.0006321598013500458
Epoch 22: reducing lr to 0.0006872823624361033
Epoch 27: reducing lr to 0.0006964645328986354
Epoch 30: reducing lr to 0.000688440852821519
Epoch 33: reducing lr to 0.000675072089541552
Epoch 36: reducing lr to 0.0006565690759385896
Epoch 39: reducing lr to 0.0006332236107995926
Epoch 42: reducing lr to 0.0006054038691523624
Epoch 45: reducing lr to 0.0005735485850850228
Epoch 48: reducing lr to 0.0005381601493948093
Epoch 51: reducing lr to 0.0004997966474753872
Epoch 54: reducing lr to 0.0004590631254913615
Epoch 57: reducing lr to 0.00041660185030258556
Epoch 60: reducing lr to 0.0003730826498749638
Epoch 63: reducing lr to 0.00032919168813080847
Epoch 66: reducing lr to 0.000285621281070523
Epoch 69: reducing lr to 0.00024305836876161916
Epoch 72: reducing lr to 0.00020217444583873036
Epoch 75: reducing lr to 0.00016361409085324726
Epoch 78: reducing lr to 0.00012798553724724634
Epoch 81: reducing lr to 9.58505631549039e-05
Epoch 84: reducing lr to 6.771605099238501e-05
Epoch 87: reducing lr to 4.402558376595134e-05
Epoch 90: reducing lr to 2.5152914604125754e-05
Epoch 93: reducing lr to 1.1395582207111843e-05
Epoch 96: reducing lr to 2.970588457822023e-06
Epoch 99: reducing lr to 1.0775607481739585e-08
[I 2024-06-20 21:59:58,254] Trial 64 finished with value: 1.1043106317520142 and parameters: {'hidden_size': 42, 'n_layers': 2, 'rnn_dropout': 0.1501053383219472, 'bidirectional': False, 'fc_dropout': 0.791964142687259, 'learning_rate_model': 0.006990203755569746}. Best is trial 61 with value: 0.9777320623397827.
Epoch 5: reducing lr to 0.0002946789284068248
Epoch 15: reducing lr to 0.0012786222480370751
Epoch 22: reducing lr to 0.0017502001467667415
Epoch 25: reducing lr to 0.001779474724779038
Epoch 28: reducing lr to 0.0017683088728150987
Epoch 31: reducing lr to 0.0017432924288610055
Epoch 34: reducing lr to 0.0017048199504127895
Epoch 37: reducing lr to 0.0016534981248667014
Epoch 40: reducing lr to 0.0015901363197896427
Epoch 43: reducing lr to 0.0015157338354278896
Epoch 46: reducing lr to 0.0014314639553583372
Epoch 49: reducing lr to 0.0013386557907828524
Epoch 52: reducing lr to 0.001238772922021915
Epoch 55: reducing lr to 0.001133390400613871
Epoch 58: reducing lr to 0.0010241705672116423
Epoch 61: reducing lr to 0.0009128354006331253
Epoch 64: reducing lr to 0.0008011412995847445
Epoch 67: reducing lr to 0.0006908490051808203
Epoch 70: reducing lr to 0.0005836986293069226
Epoch 73: reducing lr to 0.0004813796625226189
Epoch 76: reducing lr to 0.00038550559568675347
Epoch 79: reducing lr to 0.00029758870257635473
Epoch 82: reducing lr to 0.0002190152249322553
Epoch 85: reducing lr to 0.00015102454493289667
Epoch 88: reducing lr to 9.468864020692018e-05
Epoch 91: reducing lr to 5.089629527842421e-05
Epoch 94: reducing lr to 2.0337919112779766e-05
Epoch 97: reducing lr to 3.495525589955473e-06
[I 2024-06-20 22:02:53,725] Trial 65 finished with value: 1.2172961235046387 and parameters: {'hidden_size': 151, 'n_layers': 7, 'rnn_dropout': 0.3206989858968967, 'bidirectional': True, 'fc_dropout': 0.0955656402669832, 'learning_rate_model': 0.017800916053720233}. Best is trial 61 with value: 0.9777320623397827.
Epoch 17: reducing lr to 0.00011190120404160318
Epoch 20: reducing lr to 0.00012779641424996154
Epoch 23: reducing lr to 0.00013570001489939494
Epoch 26: reducing lr to 0.00013612362743722147
Epoch 29: reducing lr to 0.00013491250080528927
Epoch 32: reducing lr to 0.00013264879136366494
Epoch 35: reducing lr to 0.00012936819912939528
Epoch 38: reducing lr to 0.00012512246012264926
Epoch 41: reducing lr to 0.00011997853272348122
Epoch 44: reducing lr to 0.00011401753976636847
Epoch 47: reducing lr to 0.00010733349231386357
Epoch 50: reducing lr to 0.00010003179966931947
Epoch 53: reducing lr to 9.222761981119909e-05
Epoch 56: reducing lr to 8.404400523903804e-05
Epoch 59: reducing lr to 7.561005273286102e-05
Epoch 62: reducing lr to 6.705873983070784e-05
Epoch 65: reducing lr to 5.852495103980642e-05
Epoch 68: reducing lr to 5.014323174193058e-05
Epoch 71: reducing lr to 4.2045816298692576e-05
Epoch 74: reducing lr to 3.436036918892534e-05
Epoch 77: reducing lr to 2.7208117147995522e-05
Epoch 80: reducing lr to 2.0701834296658807e-05
Epoch 83: reducing lr to 1.4944147771394603e-05
Epoch 86: reducing lr to 1.0025836025621678e-05
Epoch 89: reducing lr to 6.02449290265537e-06
Epoch 92: reducing lr to 3.003202156990118e-06
Epoch 95: reducing lr to 1.0096202500469754e-06
Epoch 98: reducing lr to 7.518185345127462e-08
[I 2024-06-20 22:02:59,558] Trial 66 finished with value: 1.0922670364379883 and parameters: {'hidden_size': 43, 'n_layers': 2, 'rnn_dropout': 0.6552713429068246, 'bidirectional': False, 'fc_dropout': 0.21331096172130817, 'learning_rate_model': 0.0013633688901489999}. Best is trial 61 with value: 0.9777320623397827.
[I 2024-06-20 22:03:24,971] Trial 67 finished with value: 1.1068003177642822 and parameters: {'hidden_size': 74, 'n_layers': 7, 'rnn_dropout': 0.29324531508098756, 'bidirectional': False, 'fc_dropout': 0.7511091818957707, 'learning_rate_model': 1.3298296907035845e-05}. Best is trial 61 with value: 0.9777320623397827.
Epoch 10: reducing lr to 7.259417265851561e-05
Epoch 27: reducing lr to 0.00017079508695067177
Epoch 39: reducing lr to 0.00015528641669033174
Epoch 42: reducing lr to 0.0001484641379250246
Epoch 45: reducing lr to 0.00014065221677883832
Epoch 48: reducing lr to 0.00013197385533291823
Epoch 51: reducing lr to 0.00012256591374142068
Epoch 54: reducing lr to 0.00011257676842182503
Epoch 57: reducing lr to 0.00010216392348093432
Epoch 60: reducing lr to 9.149164187870495e-05
Epoch 63: reducing lr to 8.072819266723928e-05
Epoch 66: reducing lr to 7.004335358237423e-05
Epoch 69: reducing lr to 5.96055840115136e-05
Epoch 72: reducing lr to 4.957955563439356e-05
Epoch 75: reducing lr to 4.012333945754931e-05
Epoch 78: reducing lr to 3.138609351950059e-05
Epoch 81: reducing lr to 2.350558355093625e-05
Epoch 84: reducing lr to 1.6606113119738403e-05
Epoch 87: reducing lr to 1.079646278047315e-05
Epoch 90: reducing lr to 6.168288597546896e-06
Epoch 93: reducing lr to 2.794556451879578e-06
Epoch 96: reducing lr to 7.28482054695263e-07
Epoch 99: reducing lr to 2.6425190800729442e-09
[I 2024-06-20 22:06:09,266] Trial 68 finished with value: 1.1928761005401611 and parameters: {'hidden_size': 148, 'n_layers': 7, 'rnn_dropout': 0.021829778813975055, 'bidirectional': True, 'fc_dropout': 0.6875914566924687, 'learning_rate_model': 0.0017142186024413223}. Best is trial 61 with value: 0.9777320623397827.
