[I 2024-06-21 05:44:05,807] Trial 934 finished with value: 0.9842933416366577 and parameters: {'hidden_size': 138, 'n_layers': 3, 'rnn_dropout': 0.5479668193723304, 'bidirectional': True, 'fc_dropout': 0.17984190562369973, 'learning_rate_model': 0.0010475045700665854}. Best is trial 690 with value: 0.966281533241272.
Epoch 40: reducing lr to 5.7052678232661583e-05
Epoch 47: reducing lr to 5.0281232150221215e-05
Epoch 53: reducing lr to 4.32047654690005e-05
Epoch 65: reducing lr to 2.7416480973225047e-05
Epoch 72: reducing lr to 1.84722780703501e-05
Epoch 75: reducing lr to 1.4949094926069658e-05
Epoch 85: reducing lr to 5.418626478785507e-06
Epoch 88: reducing lr to 3.397344274689814e-06
Epoch 91: reducing lr to 1.8261138505022006e-06
Epoch 94: reducing lr to 7.297064664347954e-07
Epoch 97: reducing lr to 1.254163522056693e-07
[I 2024-06-21 05:44:45,544] Trial 935 finished with value: 0.969597339630127 and parameters: {'hidden_size': 143, 'n_layers': 2, 'rnn_dropout': 0.5878671962388267, 'bidirectional': True, 'fc_dropout': 0.2302880634936725, 'learning_rate_model': 0.0006386810509389986}. Best is trial 690 with value: 0.966281533241272.
Epoch 13: reducing lr to 8.503297297307634e-05
Epoch 16: reducing lr to 0.00010873279907272306
Epoch 19: reducing lr to 0.00012745422860861112
Epoch 22: reducing lr to 0.000138567879756866
Epoch 25: reducing lr to 0.0001408856239379728
Epoch 28: reducing lr to 0.00014000159451129244
Epoch 31: reducing lr to 0.00013802097783486314
Epoch 34: reducing lr to 0.00013497501204780193
Epoch 37: reducing lr to 0.00013091173016297817
Epoch 40: reducing lr to 0.00012589521190744293
Epoch 43: reducing lr to 0.00012000457447052036
Epoch 46: reducing lr to 0.00011333270975254789
Epoch 49: reducing lr to 0.0001059848469306251
Epoch 52: reducing lr to 9.807686145033305e-05
Epoch 55: reducing lr to 8.973345422235309e-05
Epoch 58: reducing lr to 8.108623706270214e-05
Epoch 61: reducing lr to 7.227154349541915e-05
Epoch 64: reducing lr to 6.342843215628725e-05
Epoch 67: reducing lr to 5.469630548077241e-05
Epoch 70: reducing lr to 4.62129326348575e-05
Epoch 73: reducing lr to 3.8112074963004205e-05
Epoch 76: reducing lr to 3.052147671648005e-05
Epoch 79: reducing lr to 2.3560868527968347e-05
Epoch 82: reducing lr to 1.7340002747343172e-05
Epoch 85: reducing lr to 1.1957004472463984e-05
Epoch 88: reducing lr to 7.496744949297713e-06
Epoch 91: reducing lr to 4.0295915511373615e-06
Epoch 94: reducing lr to 1.610205744372018e-06
Epoch 97: reducing lr to 2.7674981660287015e-07
[I 2024-06-21 05:45:00,995] Trial 936 finished with value: 1.092637062072754 and parameters: {'hidden_size': 131, 'n_layers': 2, 'rnn_dropout': 0.668623219912774, 'bidirectional': False, 'fc_dropout': 0.14518986566663755, 'learning_rate_model': 0.0014093446397263458}. Best is trial 690 with value: 0.966281533241272.
Epoch 40: reducing lr to 7.523356349383447e-05
Epoch 43: reducing lr to 7.171338477603154e-05
Epoch 49: reducing lr to 6.333535318882217e-05
Epoch 58: reducing lr to 4.845622380792275e-05
Epoch 61: reducing lr to 4.3188662014862424e-05
Epoch 64: reducing lr to 3.790411808077898e-05
Epoch 72: reducing lr to 2.4358809229149442e-05
Epoch 75: reducing lr to 1.9712898975739333e-05
Epoch 78: reducing lr to 1.5420224217568467e-05
Epoch 81: reducing lr to 1.1548470296089068e-05
Epoch 86: reducing lr to 6.193367422055147e-06
Epoch 89: reducing lr to 3.721574737743094e-06
Epoch 92: reducing lr to 1.8552003397437302e-06
Epoch 95: reducing lr to 6.236835660695223e-07
Epoch 98: reducing lr to 4.644289420901136e-08
[I 2024-06-21 05:45:33,247] Trial 937 finished with value: 0.9697062969207764 and parameters: {'hidden_size': 125, 'n_layers': 2, 'rnn_dropout': 0.6137575310385204, 'bidirectional': True, 'fc_dropout': 0.19595955777330643, 'learning_rate_model': 0.0008422085147725845}. Best is trial 690 with value: 0.966281533241272.
Epoch 27: reducing lr to 0.00011361629412057257
Epoch 40: reducing lr to 0.00010186463999882103
Epoch 45: reducing lr to 9.356465642873208e-05
Epoch 52: reducing lr to 7.935618863088613e-05
Epoch 55: reducing lr to 7.260535068586106e-05
Epoch 58: reducing lr to 6.560869331014558e-05
Epoch 62: reducing lr to 5.6088452462866886e-05
Epoch 65: reducing lr to 4.895072502964966e-05
Epoch 68: reducing lr to 4.194018970520376e-05
Epoch 71: reducing lr to 3.51674483398469e-05
Epoch 74: reducing lr to 2.873928049833518e-05
Epoch 77: reducing lr to 2.2757081166631744e-05
Epoch 80: reducing lr to 1.731517549798307e-05
Epoch 83: reducing lr to 1.2499401628929697e-05
Epoch 86: reducing lr to 8.385687365184768e-06
Epoch 89: reducing lr to 5.038932801846793e-06
Epoch 92: reducing lr to 2.5119016826734763e-06
Epoch 95: reducing lr to 8.444542432987229e-07
Epoch 98: reducing lr to 6.288268798394694e-08
[I 2024-06-21 05:46:10,362] Trial 938 finished with value: 0.9736809134483337 and parameters: {'hidden_size': 139, 'n_layers': 2, 'rnn_dropout': 0.5700990085904541, 'bidirectional': True, 'fc_dropout': 0.21277136032579877, 'learning_rate_model': 0.0011403323620086375}. Best is trial 690 with value: 0.966281533241272.
Epoch 40: reducing lr to 6.481368908602616e-05
Epoch 65: reducing lr to 3.1146009769867074e-05
Epoch 72: reducing lr to 2.0985105776802675e-05
Epoch 77: reducing lr to 1.4479709379590432e-05
Epoch 83: reducing lr to 7.953027968765169e-06
Epoch 86: reducing lr to 5.335583904934958e-06
Epoch 89: reducing lr to 3.2061353571568836e-06
[I 2024-06-21 05:46:46,910] Trial 939 finished with value: 0.9675372838973999 and parameters: {'hidden_size': 135, 'n_layers': 2, 'rnn_dropout': 0.6016403078529974, 'bidirectional': True, 'fc_dropout': 0.17154768422629504, 'learning_rate_model': 0.00072556234594082}. Best is trial 690 with value: 0.966281533241272.
Epoch 27: reducing lr to 9.411976855359865e-05
Epoch 36: reducing lr to 8.872832218691617e-05
Epoch 40: reducing lr to 8.438469512401276e-05
Epoch 52: reducing lr to 6.573868796766454e-05
Epoch 58: reducing lr to 5.435025915298547e-05
Epoch 62: reducing lr to 4.646368907907087e-05
Epoch 65: reducing lr to 4.055079375703066e-05
Epoch 71: reducing lr to 2.9132723646613753e-05
Epoch 74: reducing lr to 2.380762768084754e-05
Epoch 79: reducing lr to 1.57923139209714e-05
Epoch 82: reducing lr to 1.1622609177224723e-05
Epoch 85: reducing lr to 8.014507952432137e-06
Epoch 88: reducing lr to 5.024897511067051e-06
Epoch 91: reducing lr to 2.700943501862598e-06
Epoch 94: reducing lr to 1.0792842616259454e-06
Epoch 97: reducing lr to 1.8549910314959347e-07
[I 2024-06-21 05:47:26,192] Trial 940 finished with value: 0.9697238206863403 and parameters: {'hidden_size': 146, 'n_layers': 2, 'rnn_dropout': 0.6406479193481661, 'bidirectional': True, 'fc_dropout': 0.1579845115431915, 'learning_rate_model': 0.0009446516348485398}. Best is trial 690 with value: 0.966281533241272.
Epoch 40: reducing lr to 4.886272704403249e-05
Epoch 47: reducing lr to 4.306332670264327e-05
Epoch 57: reducing lr to 3.259995913880789e-05
Epoch 61: reducing lr to 2.805019070513842e-05
Epoch 66: reducing lr to 2.2350457841966102e-05
Epoch 72: reducing lr to 1.5820569852166188e-05
Epoch 75: reducing lr to 1.2803142070720554e-05
Epoch 78: reducing lr to 1.0015133830030203e-05
Epoch 81: reducing lr to 7.500505434654322e-06
Epoch 84: reducing lr to 5.298921485321782e-06
Epoch 87: reducing lr to 3.445093272604863e-06
Epoch 90: reducing lr to 1.968267754261894e-06
Epoch 93: reducing lr to 8.917279509079072e-07
Epoch 96: reducing lr to 2.324547101096035e-07
Epoch 99: reducing lr to 8.432136423342299e-10
[I 2024-06-21 05:48:00,313] Trial 941 finished with value: 0.9724256992340088 and parameters: {'hidden_size': 131, 'n_layers': 2, 'rnn_dropout': 0.6210298048566628, 'bidirectional': True, 'fc_dropout': 0.13359942900903948, 'learning_rate_model': 0.0005469979469318283}. Best is trial 690 with value: 0.966281533241272.
[I 2024-06-21 05:48:38,755] Trial 942 finished with value: 1.0182570219039917 and parameters: {'hidden_size': 141, 'n_layers': 2, 'rnn_dropout': 0.5075707557983588, 'bidirectional': True, 'fc_dropout': 0.2658671150180782, 'learning_rate_model': 0.00011164571196084215}. Best is trial 690 with value: 0.966281533241272.
Epoch 36: reducing lr to 7.656496655354943e-05
Epoch 40: reducing lr to 7.281678725075934e-05
Epoch 43: reducing lr to 6.940968950242639e-05
Epoch 52: reducing lr to 5.672687504352091e-05
Epoch 55: reducing lr to 5.190111479528429e-05
Epoch 61: reducing lr to 4.180128479277624e-05
Epoch 65: reducing lr to 3.499187284513717e-05
Epoch 72: reducing lr to 2.3576315502670138e-05
Epoch 75: reducing lr to 1.9079648818306452e-05
Epoch 78: reducing lr to 1.4924870417731958e-05
Epoch 81: reducing lr to 1.1177491342556785e-05
Epoch 84: reducing lr to 7.896621040152874e-06
Epoch 87: reducing lr to 5.133987377827442e-06
Epoch 90: reducing lr to 2.9331751006337365e-06
Epoch 93: reducing lr to 1.3288813051367958e-06
Epoch 96: reducing lr to 3.46411389528763e-07
Epoch 99: reducing lr to 1.2565837421594713e-09
[I 2024-06-21 05:49:13,186] Trial 943 finished with value: 0.9725886583328247 and parameters: {'hidden_size': 136, 'n_layers': 2, 'rnn_dropout': 0.5923149890969786, 'bidirectional': True, 'fc_dropout': 0.23233801437486964, 'learning_rate_model': 0.0008151537079059022}. Best is trial 690 with value: 0.966281533241272.
Epoch 40: reducing lr to 5.77589369445061e-05
Epoch 43: reducing lr to 5.5056396068429765e-05
Epoch 49: reducing lr to 4.862434399363521e-05
Epoch 52: reducing lr to 4.4996272458634654e-05
Epoch 55: reducing lr to 4.11684356038262e-05
Epoch 61: reducing lr to 3.3157158722628575e-05
Epoch 65: reducing lr to 2.7755871325006542e-05
Epoch 68: reducing lr to 2.3780781757551247e-05
Epoch 72: reducing lr to 1.8700947568766925e-05
Epoch 75: reducing lr to 1.5134150717537877e-05
Epoch 78: reducing lr to 1.1838542757923106e-05
Epoch 81: reducing lr to 8.866087643076667e-06
Epoch 86: reducing lr to 4.7548235360931385e-06
Epoch 89: reducing lr to 2.85715830314466e-06
Epoch 92: reducing lr to 1.4242898311132868e-06
Epoch 95: reducing lr to 4.788195333707144e-07
Epoch 98: reducing lr to 3.5655524922178526e-08
[I 2024-06-21 05:49:46,635] Trial 944 finished with value: 0.9749641418457031 and parameters: {'hidden_size': 127, 'n_layers': 2, 'rnn_dropout': 0.5312262214678687, 'bidirectional': True, 'fc_dropout': 0.19409089367659826, 'learning_rate_model': 0.0006465873240586616}. Best is trial 690 with value: 0.966281533241272.
Epoch 36: reducing lr to 9.471657327424674e-05
Epoch 40: reducing lr to 9.007979596527427e-05
Epoch 45: reducing lr to 8.274004758431112e-05
Epoch 49: reducing lr to 7.583364960647171e-05
Epoch 52: reducing lr to 7.017537469856838e-05
Epoch 60: reducing lr to 5.382085669160773e-05
Epoch 65: reducing lr to 4.328755614386033e-05
Epoch 68: reducing lr to 3.708807817347981e-05
Epoch 71: reducing lr to 3.10988834899863e-05
Epoch 74: reducing lr to 2.5414398200482358e-05
Epoch 77: reducing lr to 2.0124286781743903e-05
Epoch 80: reducing lr to 1.5311961795371627e-05
Epoch 83: reducing lr to 1.1053330659540316e-05
Epoch 86: reducing lr to 7.4155369998182385e-06
Epoch 89: reducing lr to 4.455972540405985e-06
Epoch 92: reducing lr to 2.2212967234034806e-06
Epoch 95: reducing lr to 7.467583053279419e-07
Epoch 98: reducing lr to 5.560771336753957e-08
[I 2024-06-21 05:50:21,982] Trial 945 finished with value: 0.972511887550354 and parameters: {'hidden_size': 133, 'n_layers': 2, 'rnn_dropout': 0.5616239506059633, 'bidirectional': True, 'fc_dropout': 0.14869772073744558, 'learning_rate_model': 0.0010084059247990886}. Best is trial 690 with value: 0.966281533241272.
Epoch 62: reducing lr to 1.9567878710371577e-05
Epoch 65: reducing lr to 1.707770152508812e-05
Epoch 68: reducing lr to 1.4631898531782987e-05
Epoch 73: reducing lr to 1.0758386085953575e-05
Epoch 76: reducing lr to 8.615690191312842e-06
Epoch 79: reducing lr to 6.65082970135656e-06
Epoch 86: reducing lr to 2.925559648372651e-06
Epoch 89: reducing lr to 1.7579594652130857e-06
Epoch 92: reducing lr to 8.763405888489117e-07
Epoch 95: reducing lr to 2.946092730989102e-07
Epoch 98: reducing lr to 2.193822003320172e-08
[I 2024-06-21 05:50:59,019] Trial 946 finished with value: 0.9738789796829224 and parameters: {'hidden_size': 139, 'n_layers': 2, 'rnn_dropout': 0.5864060698676333, 'bidirectional': True, 'fc_dropout': 0.17150726357025894, 'learning_rate_model': 0.00039783385651564123}. Best is trial 690 with value: 0.966281533241272.
Epoch 36: reducing lr to 6.751208972928231e-05
Epoch 40: reducing lr to 6.420708707856708e-05
Epoch 49: reducing lr to 5.40527172779709e-05
Epoch 65: reducing lr to 3.0854509126759645e-05
Epoch 72: reducing lr to 2.078870271025212e-05
Epoch 79: reducing lr to 1.2016141950927512e-05
Epoch 83: reducing lr to 7.878594268118577e-06
Epoch 86: reducing lr to 5.285647295040648e-06
Epoch 89: reducing lr to 3.17612860748313e-06
Epoch 92: reducing lr to 1.5832961278229888e-06
Epoch 95: reducing lr to 5.322744686868256e-07
Epoch 99: reducing lr to 1.1080079855355085e-09
[I 2024-06-21 05:51:37,897] Trial 947 finished with value: 0.9688171148300171 and parameters: {'hidden_size': 142, 'n_layers': 2, 'rnn_dropout': 0.6104842067050344, 'bidirectional': True, 'fc_dropout': 0.12712256918673512, 'learning_rate_model': 0.000718771688260461}. Best is trial 690 with value: 0.966281533241272.
Epoch 27: reducing lr to 0.00011303117692896126
Epoch 36: reducing lr to 0.00010655643163856613
Epoch 40: reducing lr to 0.00010134004313054651
Epoch 45: reducing lr to 9.308280398470184e-05
Epoch 52: reducing lr to 7.894750895524554e-05
Epoch 55: reducing lr to 7.223143742616451e-05
Epoch 58: reducing lr to 6.527081242191506e-05
Epoch 61: reducing lr to 5.817537636237895e-05
Epoch 65: reducing lr to 4.869863169234813e-05
Epoch 68: reducing lr to 4.1724200209983014e-05
Epoch 71: reducing lr to 3.498633806188879e-05
Epoch 74: reducing lr to 2.859127490438164e-05
Epoch 77: reducing lr to 2.263988354524692e-05
Epoch 80: reducing lr to 1.722600336877346e-05
Epoch 83: reducing lr to 1.2435030450177999e-05
Epoch 86: reducing lr to 8.34250157146718e-06
Epoch 89: reducing lr to 5.012982596090156e-06
Epoch 92: reducing lr to 2.4989655376465122e-06
Epoch 95: reducing lr to 8.401053539153041e-07
Epoch 98: reducing lr to 6.255884586183966e-08
[I 2024-06-21 05:52:12,386] Trial 948 finished with value: 0.9764909744262695 and parameters: {'hidden_size': 136, 'n_layers': 2, 'rnn_dropout': 0.5455690241195378, 'bidirectional': True, 'fc_dropout': 0.10852602836743297, 'learning_rate_model': 0.00113445971782211}. Best is trial 690 with value: 0.966281533241272.
Epoch 36: reducing lr to 7.853268266517017e-05
Epoch 40: reducing lr to 7.468817532704836e-05
Epoch 49: reducing lr to 6.287621832182583e-05
Epoch 53: reducing lr to 5.655974790794979e-05
Epoch 56: reducing lr to 5.154104333631724e-05
Epoch 63: reducing lr to 3.9374846192735503e-05
Epoch 66: reducing lr to 3.4163359577460124e-05
Epoch 72: reducing lr to 2.4182225724479117e-05
Epoch 75: reducing lr to 1.956999491357431e-05
Epoch 78: reducing lr to 1.5308438899594792e-05
Epoch 81: reducing lr to 1.1464752354900694e-05
Epoch 84: reducing lr to 8.099563836937163e-06
Epoch 87: reducing lr to 5.265930616817083e-06
Epoch 90: reducing lr to 3.00855756553281e-06
Epoch 93: reducing lr to 1.3630334934319582e-06
Epoch 96: reducing lr to 3.5531414627388734e-07
Epoch 99: reducing lr to 1.2888778864171037e-09
[I 2024-06-21 05:52:45,602] Trial 949 finished with value: 0.9697093367576599 and parameters: {'hidden_size': 130, 'n_layers': 2, 'rnn_dropout': 0.653703357534392, 'bidirectional': True, 'fc_dropout': 0.21095923325725593, 'learning_rate_model': 0.0008361031206294356}. Best is trial 690 with value: 0.966281533241272.
Epoch 40: reducing lr to 5.0670380642524554e-05
Epoch 47: reducing lr to 4.465643421395602e-05
Epoch 50: reducing lr to 4.161854221768959e-05
Epoch 53: reducing lr to 3.83715888491275e-05
Epoch 56: reducing lr to 3.496677048446054e-05
Epoch 59: reducing lr to 3.14577982416271e-05
Epoch 62: reducing lr to 2.7899997840040496e-05
Epoch 65: reducing lr to 2.4349488399591945e-05
Epoch 72: reducing lr to 1.6405844390725858e-05
Epoch 75: reducing lr to 1.3276788288118276e-05
Epoch 78: reducing lr to 1.0385638994240941e-05
Epoch 81: reducing lr to 7.777983104438169e-06
Epoch 84: reducing lr to 5.494952592681739e-06
Epoch 87: reducing lr to 3.572542877407984e-06
Epoch 90: reducing lr to 2.041082893817689e-06
Epoch 93: reducing lr to 9.247170069195043e-07
Epoch 96: reducing lr to 2.410542627468782e-07
Epoch 99: reducing lr to 8.744079343296456e-10
[I 2024-06-21 05:53:21,377] Trial 950 finished with value: 0.9755789041519165 and parameters: {'hidden_size': 134, 'n_layers': 2, 'rnn_dropout': 0.6251935521268346, 'bidirectional': True, 'fc_dropout': 0.3055501824379508, 'learning_rate_model': 0.0005672338786318346}. Best is trial 690 with value: 0.966281533241272.
Epoch 42: reducing lr to 0.00011705387175052542
Epoch 58: reducing lr to 7.776073641856137e-05
Epoch 64: reducing lr to 6.0827111640828315e-05
Epoch 67: reducing lr to 5.245310607113924e-05
Epoch 72: reducing lr to 3.9090106390589366e-05
Epoch 75: reducing lr to 3.163452330446686e-05
Epoch 78: reducing lr to 2.4745799335304433e-05
Epoch 81: reducing lr to 1.8532553388630697e-05
Epoch 84: reducing lr to 1.3092790370521773e-05
Epoch 87: reducing lr to 8.51227634718788e-06
Epoch 90: reducing lr to 4.86327588944146e-06
Epoch 93: reducing lr to 2.2033176300334e-06
Epoch 96: reducing lr to 5.743585366448567e-07
Epoch 99: reducing lr to 2.0834465064853772e-09
[I 2024-06-21 05:53:29,901] Trial 951 finished with value: 0.9855442643165588 and parameters: {'hidden_size': 23, 'n_layers': 2, 'rnn_dropout': 0.5756892553577662, 'bidirectional': True, 'fc_dropout': 0.24445061005469965, 'learning_rate_model': 0.0013515447383250496}. Best is trial 690 with value: 0.966281533241272.
Epoch 36: reducing lr to 8.735730259824007e-05
Epoch 39: reducing lr to 8.425116047674489e-05
Epoch 45: reducing lr to 7.631132677158113e-05
Epoch 61: reducing lr to 4.7693451052235586e-05
Epoch 65: reducing lr to 3.992420766583721e-05
Epoch 72: reducing lr to 2.6899552370050058e-05
Epoch 75: reducing lr to 2.1769050916037822e-05
Epoch 78: reducing lr to 1.702862914998415e-05
Epoch 81: reducing lr to 1.2753032326057688e-05
Epoch 84: reducing lr to 9.009701757340944e-06
Epoch 87: reducing lr to 5.857656694550287e-06
Epoch 90: reducing lr to 3.3466254394622563e-06
Epoch 93: reducing lr to 1.51619587280546e-06
Epoch 96: reducing lr to 3.9524035522664654e-07
Epoch 99: reducing lr to 1.433707492418286e-09
[I 2024-06-21 05:54:07,000] Trial 952 finished with value: 0.9710406064987183 and parameters: {'hidden_size': 140, 'n_layers': 2, 'rnn_dropout': 0.6018828631564507, 'bidirectional': True, 'fc_dropout': 0.19132400858861295, 'learning_rate_model': 0.0009300549889982566}. Best is trial 690 with value: 0.966281533241272.
Epoch 47: reducing lr to 3.849551145443565e-05
Epoch 53: reducing lr to 3.3077740398825876e-05
Epoch 56: reducing lr to 3.0142660008633244e-05
Epoch 61: reducing lr to 2.507484953600858e-05
Epoch 64: reducing lr to 2.2006702994030297e-05
Epoch 67: reducing lr to 1.8977062945844807e-05
Epoch 73: reducing lr to 1.3223109663667047e-05
Epoch 79: reducing lr to 8.174520768522572e-06
Epoch 82: reducing lr to 6.016170941072606e-06
Epoch 85: reducing lr to 4.148521998390968e-06
Epoch 88: reducing lr to 2.601020298195056e-06
Epoch 91: reducing lr to 1.3980800319111083e-06
Epoch 94: reducing lr to 5.586661749475987e-07
Epoch 97: reducing lr to 9.601925840804011e-08
[I 2024-06-21 05:54:46,236] Trial 953 finished with value: 0.9724687337875366 and parameters: {'hidden_size': 146, 'n_layers': 2, 'rnn_dropout': 0.6369224274837821, 'bidirectional': True, 'fc_dropout': 0.1618015567521468, 'learning_rate_model': 0.0004889767545611957}. Best is trial 690 with value: 0.966281533241272.
Epoch 16: reducing lr to 5.403007125624338e-05
Epoch 19: reducing lr to 6.33328775894662e-05
Epoch 22: reducing lr to 6.885532682813273e-05
Epoch 25: reducing lr to 7.000702975794685e-05
Epoch 28: reducing lr to 6.95677494917945e-05
Epoch 31: reducing lr to 6.858356752396705e-05
Epoch 34: reducing lr to 6.707000629936429e-05
Epoch 37: reducing lr to 6.505093375047868e-05
Epoch 40: reducing lr to 6.255819153178958e-05
Epoch 43: reducing lr to 5.9631093515589754e-05
Epoch 46: reducing lr to 5.631579832225099e-05
Epoch 49: reducing lr to 5.266459504931709e-05
Epoch 52: reducing lr to 4.873506299792798e-05
Epoch 55: reducing lr to 4.4589166903170866e-05
Epoch 58: reducing lr to 4.029230557624346e-05
Epoch 61: reducing lr to 3.591222407734157e-05
Epoch 64: reducing lr to 3.1518021593318054e-05
Epoch 67: reducing lr to 2.7178968147438666e-05
Epoch 70: reducing lr to 2.2963522180196503e-05
Epoch 73: reducing lr to 1.8938150618169647e-05
Epoch 76: reducing lr to 1.5166330453189647e-05
Epoch 79: reducing lr to 1.1707556655225087e-05
Epoch 82: reducing lr to 8.616365917296025e-06
Epoch 85: reducing lr to 5.941517271401838e-06
Epoch 88: reducing lr to 3.725183819921075e-06
Epoch 91: reducing lr to 2.0023315917388586e-06
Epoch 94: reducing lr to 8.001222432197762e-07
Epoch 97: reducing lr to 1.3751887598518987e-07
