[I 2024-06-20 22:07:37,566] Trial 69 finished with value: 1.0222620964050293 and parameters: {'hidden_size': 143, 'n_layers': 4, 'rnn_dropout': 0.5026472300170858, 'bidirectional': True, 'fc_dropout': 0.4614047479896726, 'learning_rate_model': 0.00017610709636270444}. Best is trial 61 with value: 0.9777320623397827.
Epoch 7: reducing lr to 0.0014377825760740225
Epoch 13: reducing lr to 0.0033732123415203966
Epoch 17: reducing lr to 0.004588755360572483
Epoch 20: reducing lr to 0.005240573468123078
Epoch 28: reducing lr to 0.005553788018061583
Epoch 31: reducing lr to 0.005475218018881762
Epoch 34: reducing lr to 0.0053543861929967965
Epoch 37: reducing lr to 0.005193197984214497
Epoch 40: reducing lr to 0.004994195400870836
Epoch 43: reducing lr to 0.004760516979349097
Epoch 49: reducing lr to 0.004204361921977389
Epoch 52: reducing lr to 0.003890656387688575
Epoch 64: reducing lr to 0.002516171817497453
Epoch 67: reducing lr to 0.00216977304488377
Epoch 70: reducing lr to 0.0018332422030111733
Epoch 73: reducing lr to 0.0015118855325317363
Epoch 76: reducing lr to 0.001210770579244081
Epoch 79: reducing lr to 0.0009346469930040721
Epoch 82: reducing lr to 0.000687868590550815
Epoch 85: reducing lr to 0.0004743279417844269
Epoch 88: reducing lr to 0.00029739184342300465
Epoch 91: reducing lr to 0.00015985173134998656
Epoch 94: reducing lr to 6.387599656220988e-05
Epoch 97: reducing lr to 1.0978516500580182e-05
[I 2024-06-20 22:08:21,957] Trial 70 finished with value: 1.1072511672973633 and parameters: {'hidden_size': 111, 'n_layers': 7, 'rnn_dropout': 0.3411798308011168, 'bidirectional': False, 'fc_dropout': 0.7454888933092325, 'learning_rate_model': 0.05590794448273345}. Best is trial 61 with value: 0.9777320623397827.
Epoch 28: reducing lr to 4.96797360071721e-06
Epoch 31: reducing lr to 4.89769117717776e-06
Epoch 34: reducing lr to 4.7896047109369245e-06
Epoch 37: reducing lr to 4.645418659295573e-06
Epoch 40: reducing lr to 4.467406899158048e-06
Epoch 43: reducing lr to 4.25837691360551e-06
Epoch 46: reducing lr to 4.02162498301396e-06
Epoch 49: reducing lr to 3.760885177525105e-06
Epoch 52: reducing lr to 3.480269351411946e-06
Epoch 55: reducing lr to 3.184202531649445e-06
Epoch 58: reducing lr to 2.8773549795285316e-06
Epoch 61: reducing lr to 2.564564506723298e-06
Epoch 64: reducing lr to 2.250765625829361e-06
Epoch 67: reducing lr to 1.9409050492158777e-06
Epoch 70: reducing lr to 1.6398715324858444e-06
Epoch 73: reducing lr to 1.3524116132083634e-06
Epoch 76: reducing lr to 1.0830583116690679e-06
Epoch 79: reducing lr to 8.360602839239412e-07
Epoch 82: reducing lr to 6.153121054504589e-07
Epoch 85: reducing lr to 4.2429575727487397e-07
Epoch 88: reducing lr to 2.660229058778115e-07
Epoch 91: reducing lr to 1.429905460548793e-07
Epoch 94: reducing lr to 5.713834658588912e-08
Epoch 97: reducing lr to 9.820500885619586e-09
[I 2024-06-20 22:09:42,746] Trial 71 finished with value: 1.1069471836090088 and parameters: {'hidden_size': 172, 'n_layers': 7, 'rnn_dropout': 0.18232023196105357, 'bidirectional': False, 'fc_dropout': 0.25150129289124035, 'learning_rate_model': 5.001076586958479e-05}. Best is trial 61 with value: 0.9777320623397827.
Epoch 12: reducing lr to 0.00010765501552503496
Epoch 15: reducing lr to 0.0001422906162010533
Epoch 18: reducing lr to 0.00017140938101936084
Epoch 21: reducing lr to 0.00019092166567453013
Epoch 24: reducing lr to 0.00019808702755768647
Epoch 27: reducing lr to 0.00019737199249587528
Epoch 30: reducing lr to 0.00019509815133216394
Epoch 33: reducing lr to 0.00019130956006709114
Epoch 36: reducing lr to 0.0001860659669055044
Epoch 39: reducing lr to 0.00017945006508628364
Epoch 42: reducing lr to 0.00017156619221083102
Epoch 45: reducing lr to 0.00016253868170469592
Epoch 48: reducing lr to 0.000152509906751261
Epoch 51: reducing lr to 0.00014163802389824325
Epoch 54: reducing lr to 0.00013009449796749526
Epoch 57: reducing lr to 0.0001180613418022493
Epoch 60: reducing lr to 0.00010572837882353407
Epoch 63: reducing lr to 9.329006192037456e-05
Epoch 66: reducing lr to 8.094258742723122e-05
Epoch 69: reducing lr to 6.888062818592952e-05
Epoch 72: reducing lr to 5.729447993692346e-05
Epoch 75: reducing lr to 4.636681063672559e-05
Epoch 78: reducing lr to 3.626998835390884e-05
Epoch 81: reducing lr to 2.716321612674065e-05
Epoch 84: reducing lr to 1.919014002435141e-05
Epoch 87: reducing lr to 1.2476467613526765e-05
Epoch 90: reducing lr to 7.128117280908895e-06
Epoch 93: reducing lr to 3.2294089068790307e-06
Epoch 96: reducing lr to 8.418389381084721e-07
Epoch 99: reducing lr to 3.0537134607013655e-09
[I 2024-06-20 22:10:04,200] Trial 72 finished with value: 1.0926707983016968 and parameters: {'hidden_size': 128, 'n_layers': 3, 'rnn_dropout': 0.6530812094617713, 'bidirectional': False, 'fc_dropout': 0.1922844998793111, 'learning_rate_model': 0.0019809629608084447}. Best is trial 61 with value: 0.9777320623397827.
[I 2024-06-20 22:10:11,651] Trial 73 finished with value: 1.0729713439941406 and parameters: {'hidden_size': 80, 'n_layers': 1, 'rnn_dropout': 0.1830509367683007, 'bidirectional': True, 'fc_dropout': 0.41521278725894306, 'learning_rate_model': 4.9989708054979095e-05}. Best is trial 61 with value: 0.9777320623397827.
Epoch 3: reducing lr to 2.320276831468045e-05
Epoch 6: reducing lr to 5.03935846138702e-05
Epoch 9: reducing lr to 8.812441106592555e-05
Epoch 12: reducing lr to 0.00013109606226230553
Epoch 15: reducing lr to 0.00017327329702067817
Epoch 18: reducing lr to 0.00020873244759536327
Epoch 21: reducing lr to 0.00023249338127373005
Epoch 24: reducing lr to 0.0002412189452707718
Epoch 27: reducing lr to 0.0002403482168562547
Epoch 30: reducing lr to 0.00023757926437114563
Epoch 33: reducing lr to 0.00023296573666925323
Epoch 36: reducing lr to 0.00022658039166477718
Epoch 39: reducing lr to 0.00021852392840959167
Epoch 42: reducing lr to 0.00020892340321057682
Epoch 45: reducing lr to 0.0001979302221347662
Epoch 48: reducing lr to 0.00018571775902472733
Epoch 51: reducing lr to 0.0001724786077928345
Epoch 54: reducing lr to 0.00015842156839932889
Epoch 57: reducing lr to 0.0001437682855758799
Epoch 60: reducing lr to 0.00012874991532484055
Epoch 63: reducing lr to 0.00011360325114739971
Epoch 66: reducing lr to 9.856720961193663e-05
Epoch 69: reducing lr to 8.38788520654612e-05
Epoch 72: reducing lr to 6.976990967365237e-05
Epoch 75: reducing lr to 5.646282492730835e-05
Epoch 78: reducing lr to 4.416749770837568e-05
Epoch 81: reducing lr to 3.307779628500033e-05
Epoch 84: reducing lr to 2.336864454652093e-05
Epoch 87: reducing lr to 1.5193121909830428e-05
Epoch 90: reducing lr to 8.68020967080478e-06
[I 2024-06-20 22:10:59,316] Trial 74 finished with value: 1.1071969270706177 and parameters: {'hidden_size': 121, 'n_layers': 7, 'rnn_dropout': 0.6534680870332976, 'bidirectional': False, 'fc_dropout': 0.7212500677354571, 'learning_rate_model': 0.002412302319431398}. Best is trial 61 with value: 0.9777320623397827.
[I 2024-06-20 22:11:04,139] Trial 75 finished with value: 1.096245527267456 and parameters: {'hidden_size': 21, 'n_layers': 1, 'rnn_dropout': 0.05229737203378111, 'bidirectional': True, 'fc_dropout': 0.7802800274162293, 'learning_rate_model': 4.6982180906249337e-05}. Best is trial 61 with value: 0.9777320623397827.
Epoch 21: reducing lr to 1.0877379653563202e-06
Epoch 24: reducing lr to 1.1285611800935775e-06
Epoch 27: reducing lr to 1.1244874109875674e-06
Epoch 30: reducing lr to 1.1115326562077968e-06
Epoch 33: reducing lr to 1.0899479159967924e-06
Epoch 36: reducing lr to 1.0600735937893596e-06
Epoch 39: reducing lr to 1.0223808177578314e-06
Epoch 42: reducing lr to 9.774640304965482e-07
Epoch 45: reducing lr to 9.260315968045232e-07
Epoch 48: reducing lr to 8.68894659389248e-07
Epoch 51: reducing lr to 8.06954283516488e-07
Epoch 54: reducing lr to 7.411873556794197e-07
Epoch 57: reducing lr to 6.72630857611188e-07
Epoch 60: reducing lr to 6.023662702481617e-07
Epoch 63: reducing lr to 5.315014499937427e-07
Epoch 66: reducing lr to 4.611541861826428e-07
Epoch 69: reducing lr to 3.924335883553073e-07
Epoch 72: reducing lr to 3.2642382839346655e-07
Epoch 75: reducing lr to 2.641656204070188e-07
Epoch 78: reducing lr to 2.0664099695648815e-07
Epoch 81: reducing lr to 1.5475698547803158e-07
Epoch 84: reducing lr to 1.0933198069084076e-07
Epoch 87: reducing lr to 7.108217628850325e-08
Epoch 90: reducing lr to 4.0611021072771964e-08
Epoch 93: reducing lr to 1.8398910680260133e-08
Epoch 96: reducing lr to 4.796208803545756e-09
Epoch 99: reducing lr to 1.7397921052089574e-11
[I 2024-06-20 22:12:29,153] Trial 76 finished with value: 1.1075935363769531 and parameters: {'hidden_size': 195, 'n_layers': 6, 'rnn_dropout': 0.6593902716995983, 'bidirectional': False, 'fc_dropout': 0.3815058668169547, 'learning_rate_model': 1.1286139856486e-05}. Best is trial 61 with value: 0.9777320623397827.
[I 2024-06-20 22:13:06,432] Trial 77 finished with value: 1.1012319326400757 and parameters: {'hidden_size': 81, 'n_layers': 4, 'rnn_dropout': 0.5840729688720835, 'bidirectional': True, 'fc_dropout': 0.11013019275648253, 'learning_rate_model': 1.1054902973283413e-05}. Best is trial 61 with value: 0.9777320623397827.
Epoch 7: reducing lr to 0.00026902058903565106
Epoch 10: reducing lr to 0.00044299761143835545
Epoch 13: reducing lr to 0.0006311549368862465
Epoch 16: reducing lr to 0.0008070662536747789
Epoch 19: reducing lr to 0.0009460255569192395
Epoch 22: reducing lr to 0.0010285163313071177
Epoch 25: reducing lr to 0.0010457197246638112
Epoch 28: reducing lr to 0.001039158040207845
Epoch 31: reducing lr to 0.001024456966616035
Epoch 34: reducing lr to 0.0010018483681291988
Epoch 37: reducing lr to 0.0009716887684833182
Epoch 40: reducing lr to 0.0009344537977154073
Epoch 43: reducing lr to 0.0008907307010185787
Epoch 46: reducing lr to 0.000841208966005047
Epoch 49: reducing lr to 0.0007866696533893646
Epoch 52: reducing lr to 0.0007279728455252975
Epoch 55: reducing lr to 0.0006660441315420844
Epoch 58: reducing lr to 0.0006018603965764819
Epoch 61: reducing lr to 0.0005364335725150483
Epoch 64: reducing lr to 0.00047079581831239265
Epoch 67: reducing lr to 0.00040598184476695054
Epoch 70: reducing lr to 0.0003430142397786921
Epoch 73: reducing lr to 0.0002828858433009879
Epoch 76: reducing lr to 0.00022654483357608147
Epoch 79: reducing lr to 0.0001748799079795013
Epoch 82: reducing lr to 0.00012870570035310828
Epoch 85: reducing lr to 8.87505415758669e-05
Epoch 88: reducing lr to 5.564438617034397e-05
Epoch 91: reducing lr to 2.9909534057344193e-05
Epoch 94: reducing lr to 1.1951708489420753e-05
Epoch 97: reducing lr to 2.0541680118201996e-06
[I 2024-06-20 22:13:36,101] Trial 78 finished with value: 1.0990912914276123 and parameters: {'hidden_size': 156, 'n_layers': 3, 'rnn_dropout': 0.7875067601548086, 'bidirectional': False, 'fc_dropout': 0.4191169085329054, 'learning_rate_model': 0.010460822384971712}. Best is trial 61 with value: 0.9777320623397827.
[I 2024-06-20 22:13:42,128] Trial 79 finished with value: 1.0992084741592407 and parameters: {'hidden_size': 101, 'n_layers': 1, 'rnn_dropout': 0.25000110279363963, 'bidirectional': False, 'fc_dropout': 0.6161199650496738, 'learning_rate_model': 3.321567816135707e-05}. Best is trial 61 with value: 0.9777320623397827.
Epoch 41: reducing lr to 5.514132287529281e-05
Epoch 47: reducing lr to 4.9329747752892694e-05
Epoch 50: reducing lr to 4.597393915522547e-05
Epoch 53: reducing lr to 4.238719082979566e-05
Epoch 58: reducing lr to 3.60509698814862e-05
Epoch 61: reducing lr to 3.213195398162493e-05
Epoch 64: reducing lr to 2.8200303530277065e-05
Epoch 67: reducing lr to 2.4317996899906755e-05
Epoch 70: reducing lr to 2.0546286310784186e-05
Epoch 73: reducing lr to 1.6944642104303632e-05
Epoch 76: reducing lr to 1.3569859420081926e-05
Epoch 79: reducing lr to 1.0475170540058814e-05
Epoch 82: reducing lr to 7.709371398082788e-06
Epoch 85: reducing lr to 5.316088447614913e-06
Epoch 88: reducing lr to 3.333055474843722e-06
Epoch 91: reducing lr to 1.7915578390005887e-06
Epoch 94: reducing lr to 7.158980475128444e-07
Epoch 97: reducing lr to 1.2304306704159557e-07
[I 2024-06-20 22:13:49,165] Trial 80 finished with value: 1.0936001539230347 and parameters: {'hidden_size': 20, 'n_layers': 4, 'rnn_dropout': 0.6479909685299331, 'bidirectional': False, 'fc_dropout': 0.5494465813255934, 'learning_rate_model': 0.0006265951288394312}. Best is trial 61 with value: 0.9777320623397827.
Epoch 3: reducing lr to 3.799486078329644e-05
Epoch 18: reducing lr to 0.00034180233064365573
Epoch 21: reducing lr to 0.000380711195092364
Epoch 27: reducing lr to 0.00039357359928423284
Epoch 30: reducing lr to 0.0003890394004868972
Epoch 34: reducing lr to 0.0003783144722266642
Epoch 37: reducing lr to 0.0003669257098295114
Epoch 40: reducing lr to 0.0003528651705677247
Epoch 50: reducing lr to 0.00028982876805350557
Epoch 53: reducing lr to 0.000267217200117867
Epoch 56: reducing lr to 0.00024350627081823526
Epoch 59: reducing lr to 0.00021907002081805876
Epoch 65: reducing lr to 0.00016956822246857236
Epoch 68: reducing lr to 0.00014528331120731145
Epoch 72: reducing lr to 0.00011424921237679895
Epoch 75: reducing lr to 9.245867318286262e-05
Epoch 78: reducing lr to 7.232490122803734e-05
Epoch 81: reducing lr to 5.416535853920738e-05
Epoch 84: reducing lr to 3.8266485455428714e-05
Epoch 87: reducing lr to 2.4878951683641277e-05
Epoch 90: reducing lr to 1.421396591730754e-05
Epoch 93: reducing lr to 6.439667913204572e-06
Epoch 96: reducing lr to 1.6786859001582076e-06
Epoch 99: reducing lr to 6.08931886797795e-09
[I 2024-06-20 22:14:53,521] Trial 81 finished with value: 1.1031112670898438 and parameters: {'hidden_size': 185, 'n_layers': 5, 'rnn_dropout': 0.004191870121172681, 'bidirectional': False, 'fc_dropout': 0.6643196560298716, 'learning_rate_model': 0.003950179114447677}. Best is trial 61 with value: 0.9777320623397827.
Epoch 10: reducing lr to 0.001122403533805753
Epoch 17: reducing lr to 0.0021753785836223236
Epoch 20: reducing lr to 0.002484384194112288
Epoch 23: reducing lr to 0.0026380315452157557
Epoch 26: reducing lr to 0.0026462666455476435
Epoch 29: reducing lr to 0.0026227221362662206
Epoch 35: reducing lr to 0.002514939961532899
Epoch 38: reducing lr to 0.0024324020676288137
Epoch 41: reducing lr to 0.002332403237449132
Epoch 44: reducing lr to 0.002216520512798506
Epoch 47: reducing lr to 0.0020865814848440916
Epoch 50: reducing lr to 0.0019446353285075748
Epoch 53: reducing lr to 0.0017929207346254576
Epoch 56: reducing lr to 0.0016338298648768171
Epoch 59: reducing lr to 0.0014698723827892774
Epoch 62: reducing lr to 0.0013036333944913391
Epoch 65: reducing lr to 0.001137735077919327
Epoch 68: reducing lr to 0.0009747930183526207
Epoch 71: reducing lr to 0.0008173778744426086
Epoch 74: reducing lr to 0.0006679714655362847
Epoch 77: reducing lr to 0.0005289304601443928
Epoch 80: reducing lr to 0.00040244720650107167
Epoch 83: reducing lr to 0.0002905167937271937
Epoch 86: reducing lr to 0.00019490397051436444
Epoch 89: reducing lr to 0.00011711717447426863
Epoch 92: reducing lr to 5.83827646052467e-05
Epoch 95: reducing lr to 1.9627190684445156e-05
Epoch 98: reducing lr to 1.4615481153723574e-06
[I 2024-06-20 22:15:35,949] Trial 82 finished with value: 1.1769990921020508 and parameters: {'hidden_size': 140, 'n_layers': 5, 'rnn_dropout': 0.21929582013348173, 'bidirectional': False, 'fc_dropout': 0.2819437041731271, 'learning_rate_model': 0.026504124871653878}. Best is trial 61 with value: 0.9777320623397827.
Epoch 24: reducing lr to 2.594891063817012e-05
Epoch 32: reducing lr to 2.5248138741008143e-05
[I 2024-06-20 22:16:10,475] Trial 83 finished with value: 1.0566580295562744 and parameters: {'hidden_size': 52, 'n_layers': 6, 'rnn_dropout': 0.23168219694950196, 'bidirectional': True, 'fc_dropout': 0.6461587272897676, 'learning_rate_model': 0.00025950124791777955}. Best is trial 61 with value: 0.9777320623397827.
Epoch 21: reducing lr to 6.925121646092627e-06
Epoch 24: reducing lr to 7.185024064730245e-06
Epoch 27: reducing lr to 7.159088271813452e-06
Epoch 30: reducing lr to 7.076611374249412e-06
Epoch 33: reducing lr to 6.93919137382537e-06
Epoch 36: reducing lr to 6.748995460866436e-06
Epoch 39: reducing lr to 6.509023089292781e-06
Epoch 42: reducing lr to 6.223058798587755e-06
Epoch 45: reducing lr to 5.8956124179190515e-06
Epoch 48: reducing lr to 5.531848115588807e-06
Epoch 65: reducing lr to 3.084439289004016e-06
Epoch 68: reducing lr to 2.6426977095161965e-06
Epoch 71: reducing lr to 2.215939790222535e-06
Epoch 74: reducing lr to 1.8108938295210054e-06
Epoch 87: reducing lr to 4.5254715137724725e-07
Epoch 98: reducing lr to 3.962307673654498e-09
[I 2024-06-20 22:16:28,636] Trial 84 finished with value: 1.1082875728607178 and parameters: {'hidden_size': 55, 'n_layers': 6, 'rnn_dropout': 0.2469135581045209, 'bidirectional': False, 'fc_dropout': 0.17711736072656087, 'learning_rate_model': 7.185360253135694e-05}. Best is trial 61 with value: 0.9777320623397827.
Epoch 7: reducing lr to 0.00040674838628784076
Epoch 11: reducing lr to 0.0007642061018185676
Epoch 15: reducing lr to 0.0011360725130828177
Epoch 18: reducing lr to 0.0013685616905719324
Epoch 22: reducing lr to 0.0015550756153255624
Epoch 25: reducing lr to 0.0015810864589996232
Epoch 28: reducing lr to 0.001571165454167385
Epoch 31: reducing lr to 0.0015489380180384164
Epoch 34: reducing lr to 0.0015147547200844752
Epoch 37: reducing lr to 0.0014691546099552704
Epoch 40: reducing lr to 0.0014128568212707186
Epoch 43: reducing lr to 0.0013467492453089942
Epoch 46: reducing lr to 0.0012718743598025219
Epoch 49: reducing lr to 0.0011894130973571517
Epoch 52: reducing lr to 0.0011006658681412017
Epoch 55: reducing lr to 0.0010070321259512498
Epoch 58: reducing lr to 0.000909988882098544
Epoch 61: reducing lr to 0.0008110661371803106
Epoch 64: reducing lr to 0.0007118244743128263
Epoch 67: reducing lr to 0.0006138283348983157
Epoch 70: reducing lr to 0.000518623831000697
Epoch 73: reducing lr to 0.0004277120969767241
Epoch 76: reducing lr to 0.00034252674045965725
Epoch 79: reducing lr to 0.0002644114363878732
Epoch 82: reducing lr to 0.00019459787859484444
Epoch 85: reducing lr to 0.0001341872742809728
Epoch 88: reducing lr to 8.413208952481113e-05
Epoch 91: reducing lr to 4.522202094663364e-05
Epoch 94: reducing lr to 1.8070505900238952e-05
Epoch 97: reducing lr to 3.1058199930607267e-06
[I 2024-06-20 22:16:32,879] Trial 85 finished with value: 1.1832473278045654 and parameters: {'hidden_size': 52, 'n_layers': 1, 'rnn_dropout': 0.3016660793658673, 'bidirectional': False, 'fc_dropout': 0.5396512190107284, 'learning_rate_model': 0.015816345654373305}. Best is trial 61 with value: 0.9777320623397827.
[I 2024-06-20 22:16:41,927] Trial 86 finished with value: 1.0448192358016968 and parameters: {'hidden_size': 30, 'n_layers': 2, 'rnn_dropout': 0.1661005294430515, 'bidirectional': True, 'fc_dropout': 0.44310768884113144, 'learning_rate_model': 0.00016522355094605626}. Best is trial 61 with value: 0.9777320623397827.
Epoch 12: reducing lr to 0.004358450464530885
Epoch 15: reducing lr to 0.005760684713622545
Epoch 18: reducing lr to 0.006939567958680504
Epoch 21: reducing lr to 0.007729529538311736
Epoch 24: reducing lr to 0.008019621687533639
Epoch 27: reducing lr to 0.00799067324623615
Epoch 30: reducing lr to 0.007898616001825249
Epoch 33: reducing lr to 0.007745233576690267
Epoch 36: reducing lr to 0.007532944897528692
Epoch 39: reducing lr to 0.00726509782866112
Epoch 42: reducing lr to 0.006945916513896197
Epoch 45: reducing lr to 0.006580434634885437
Epoch 48: reducing lr to 0.006174416219103319
Epoch 51: reducing lr to 0.005734264288977579
Epoch 54: reducing lr to 0.005266920657008171
Epoch 57: reducing lr to 0.00477975417598163
Epoch 60: reducing lr to 0.004280449912622683
Epoch 63: reducing lr to 0.0037768803592659133
Epoch 66: reducing lr to 0.0032769885922361726
Epoch 69: reducing lr to 0.002788656008733098
Epoch 72: reducing lr to 0.0023195867974963847
Epoch 75: reducing lr to 0.0018771763337998605
Epoch 78: reducing lr to 0.0014684029983987352
Epoch 81: reducing lr to 0.0010997121812519202
Epoch 84: reducing lr to 0.0007769194430527662
Epoch 87: reducing lr to 0.0005051140980350769
Epoch 90: reducing lr to 0.00028858428864359935
Epoch 93: reducing lr to 0.00013074373434160958
Epoch 96: reducing lr to 3.408214000030219e-05
Epoch 99: reducing lr to 1.2363064355452868e-07
[I 2024-06-20 22:18:36,374] Trial 87 finished with value: 1.107491135597229 and parameters: {'hidden_size': 170, 'n_layers': 4, 'rnn_dropout': 0.7387649720950202, 'bidirectional': True, 'fc_dropout': 0.10096808299948697, 'learning_rate_model': 0.08019996926893054}. Best is trial 61 with value: 0.9777320623397827.
