====================================================================================================
STL + ARIMA + ES + LSTM
Epoch 34: reducing lr to 5.324477699058609e-06
Epoch 42: reducing lr to 4.814999015523203e-06
Epoch 47: reducing lr to 4.376860711052749e-06
Epoch 53: reducing lr to 3.7608712520519415e-06
Epoch 56: reducing lr to 3.42715863054746e-06
Epoch 59: reducing lr to 3.0832376924750566e-06
Epoch 65: reducing lr to 2.386538938594925e-06
Epoch 68: reducing lr to 2.0447479738635276e-06
Epoch 71: reducing lr to 1.7145503929356359e-06
Epoch 74: reducing lr to 1.4011521164382144e-06
Epoch 77: reducing lr to 1.1094965457617986e-06
Epoch 86: reducing lr to 4.088349950235692e-07
Epoch 89: reducing lr to 2.456676450305213e-07
Epoch 92: reducing lr to 1.2246501296949797e-07
Epoch 95: reducing lr to 4.1170440933682266e-08
Epoch 98: reducing lr to 3.065776520088612e-09
[I 2024-06-20 21:12:50,011] Trial 0 finished with value: 1.074925422668457 and parameters: {'hidden_size': 93, 'n_layers': 6, 'rnn_dropout': 9.149985387590931e-05, 'bidirectional': True, 'fc_dropout': 0.07387087581503825, 'learning_rate_model': 5.5595654267125665e-05}. Best is trial 0 with value: 1.074925422668457.
Epoch 5: reducing lr to 0.000538736592834246
Epoch 8: reducing lr to 0.0010075004585150499
Epoch 11: reducing lr to 0.001572440058027613
Epoch 14: reducing lr to 0.0021542111575494666
Epoch 17: reducing lr to 0.0026711060141683144
Epoch 20: reducing lr to 0.003050528129843052
Epoch 23: reducing lr to 0.0032391887918001598
Epoch 26: reducing lr to 0.003249300514968436
Epoch 29: reducing lr to 0.0032203906595456937
Epoch 32: reducing lr to 0.0031663554241285288
Epoch 35: reducing lr to 0.003088046975867921
Epoch 38: reducing lr to 0.0029867002647879217
Epoch 41: reducing lr to 0.0028639136019450928
Epoch 44: reducing lr to 0.002721623406995635
Epoch 47: reducing lr to 0.0025620737443956287
Epoch 50: reducing lr to 0.002387780757081576
Epoch 53: reducing lr to 0.002201493290979546
Epoch 56: reducing lr to 0.0020061486359460945
Epoch 59: reducing lr to 0.0018048283601241847
Epoch 62: reducing lr to 0.0016007066661924165
Epoch 65: reducing lr to 0.0013970032765975716
Epoch 68: reducing lr to 0.0011969298187882783
Epoch 71: reducing lr to 0.0010036427556606015
Epoch 74: reducing lr to 0.0008201894660173594
Epoch 77: reducing lr to 0.000649463658328351
Epoch 80: reducing lr to 0.000494157275319063
Epoch 83: reducing lr to 0.00035672004899921716
Epoch 86: reducing lr to 0.00023931888074365076
Epoch 89: reducing lr to 0.00014380595242401742
Epoch 92: reducing lr to 7.168708694427484e-05
Epoch 95: reducing lr to 2.4099854376222196e-05
Epoch 98: reducing lr to 1.794607150387012e-06
[I 2024-06-20 21:13:03,400] Trial 1 finished with value: 1.1490776538848877 and parameters: {'hidden_size': 79, 'n_layers': 3, 'rnn_dropout': 0.4310533872026856, 'bidirectional': False, 'fc_dropout': 0.16356179978521396, 'learning_rate_model': 0.032543911150884876}. Best is trial 0 with value: 1.074925422668457.
Epoch 23: reducing lr to 0.0015883448168686608
Epoch 26: reducing lr to 0.001593303127148259
Epoch 29: reducing lr to 0.0015791271028506397
Epoch 32: reducing lr to 0.001552630781821005
Epoch 35: reducing lr to 0.0015142320264824375
Epoch 38: reducing lr to 0.0014645363978552646
Epoch 41: reducing lr to 0.0014043276320060158
Epoch 44: reducing lr to 0.001334555257449977
Epoch 47: reducing lr to 0.0012563196571461655
Epoch 50: reducing lr to 0.001170854628458233
Epoch 53: reducing lr to 0.0010795080752780714
Epoch 56: reducing lr to 0.0009837203054787861
Epoch 59: reducing lr to 0.0008850023741739571
Epoch 62: reducing lr to 0.000784910760067453
Epoch 65: reducing lr to 0.0006850242626022226
Epoch 68: reducing lr to 0.0005869177118173966
Epoch 71: reducing lr to 0.0004921388876674173
Epoch 74: reducing lr to 0.00040218208043222935
Epoch 77: reducing lr to 0.00031846622773632936
Epoch 80: reducing lr to 0.00024231133083625378
Epoch 83: reducing lr to 0.0001749186223215349
Epoch 86: reducing lr to 0.00011735064802960646
Epoch 89: reducing lr to 7.05156302546384e-05
Epoch 92: reducing lr to 3.515195325218233e-05
Epoch 95: reducing lr to 1.1817427524651174e-05
Epoch 98: reducing lr to 8.799903768647033e-07
[I 2024-06-20 21:13:19,825] Trial 2 finished with value: 1.08838951587677 and parameters: {'hidden_size': 21, 'n_layers': 5, 'rnn_dropout': 0.3338438418937016, 'bidirectional': True, 'fc_dropout': 0.15848119126790305, 'learning_rate_model': 0.015957993164212966}. Best is trial 0 with value: 1.074925422668457.
[I 2024-06-20 21:14:02,717] Trial 3 finished with value: 1.1042189598083496 and parameters: {'hidden_size': 195, 'n_layers': 3, 'rnn_dropout': 0.5538580925354513, 'bidirectional': False, 'fc_dropout': 0.06803536909582233, 'learning_rate_model': 1.432910723846784e-05}. Best is trial 0 with value: 1.074925422668457.
Epoch 16: reducing lr to 0.00045170179443101527
Epoch 29: reducing lr to 0.000579358347284702
Epoch 46: reducing lr to 0.0004708109126181557
Epoch 50: reducing lr to 0.0004295692229141394
Epoch 53: reducing lr to 0.00039605552538778
Epoch 56: reducing lr to 0.00036091241125794135
Epoch 59: reducing lr to 0.00032469426426718587
Epoch 62: reducing lr to 0.0002879721334006325
Epoch 65: reducing lr to 0.0002513252567920008
Epoch 68: reducing lr to 0.00021533141625953577
Epoch 71: reducing lr to 0.00018055846934601988
Epoch 74: reducing lr to 0.00014755464902484056
Epoch 77: reducing lr to 0.00011684054249606821
Epoch 80: reducing lr to 8.890043867160885e-05
Epoch 83: reducing lr to 6.417505199839924e-05
Epoch 86: reducing lr to 4.305421480797177e-05
Epoch 89: reducing lr to 2.587114040935477e-05
Epoch 92: reducing lr to 1.2896731050495921e-05
Epoch 95: reducing lr to 4.335639143599953e-06
Epoch 98: reducing lr to 3.228554366818161e-07
[I 2024-06-20 21:14:21,221] Trial 4 finished with value: 1.106611967086792 and parameters: {'hidden_size': 47, 'n_layers': 7, 'rnn_dropout': 0.07867746706644008, 'bidirectional': False, 'fc_dropout': 0.42653222797841367, 'learning_rate_model': 0.005854751355295724}. Best is trial 0 with value: 1.074925422668457.
Epoch 5: reducing lr to 0.00016276811997621943
Epoch 16: reducing lr to 0.0007585880160435583
Epoch 19: reducing lr to 0.0008892004182831998
Epoch 22: reducing lr to 0.0009667362000109951
Epoch 25: reducing lr to 0.000982906233110818
Epoch 31: reducing lr to 0.0009629206701292978
Epoch 34: reducing lr to 0.0009416701076214945
Epoch 37: reducing lr to 0.0009133221117093077
Epoch 40: reducing lr to 0.000878323742648951
Epoch 43: reducing lr to 0.0008372269714390209
Epoch 46: reducing lr to 0.0007906798700778879
Epoch 49: reducing lr to 0.0007394165831232806
Epoch 52: reducing lr to 0.0006842455301608364
Epoch 55: reducing lr to 0.0006260367027408444
Epoch 58: reducing lr to 0.0005657083072118177
Epoch 61: reducing lr to 0.0005042114915107441
Epoch 64: reducing lr to 0.00044251641565862964
Epoch 67: reducing lr to 0.00038159563823810655
Epoch 70: reducing lr to 0.0003224103231223221
Epoch 73: reducing lr to 0.00026589367311469767
Epoch 76: reducing lr to 0.0002129369120129873
Epoch 79: reducing lr to 0.00016437535559937836
Epoch 82: reducing lr to 0.00012097470491400901
Epoch 85: reducing lr to 8.341954201440075e-05
Epoch 88: reducing lr to 5.230198179731159e-05
Epoch 91: reducing lr to 2.8112951071909004e-05
Epoch 94: reducing lr to 1.1233802417135938e-05
Epoch 97: reducing lr to 1.9307798208778246e-06
[I 2024-06-20 21:14:39,661] Trial 5 finished with value: 1.1009104251861572 and parameters: {'hidden_size': 74, 'n_layers': 5, 'rnn_dropout': 0.6677005375178984, 'bidirectional': False, 'fc_dropout': 0.7910888711251958, 'learning_rate_model': 0.009832469717408681}. Best is trial 0 with value: 1.074925422668457.
Epoch 24: reducing lr to 1.4160579746521335e-05
Epoch 27: reducing lr to 1.4109464279046376e-05
Epoch 30: reducing lr to 1.394691497167045e-05
Epoch 33: reducing lr to 1.3676081240671011e-05
Epoch 36: reducing lr to 1.330123428558033e-05
Epoch 39: reducing lr to 1.282828556974911e-05
Epoch 42: reducing lr to 1.2264693839686062e-05
Epoch 45: reducing lr to 1.16193472765576e-05
Epoch 48: reducing lr to 1.090242366354274e-05
Epoch 51: reducing lr to 1.0125229083800952e-05
Epoch 54: reducing lr to 9.300020984543719e-06
Epoch 57: reducing lr to 8.43981085578762e-06
Epoch 60: reducing lr to 7.558168539659002e-06
Epoch 63: reducing lr to 6.66899482348316e-06
Epoch 66: reducing lr to 5.786315127674328e-06
Epoch 69: reducing lr to 4.9240459632486e-06
Epoch 72: reducing lr to 4.0957909368699045e-06
Epoch 75: reducing lr to 3.314608370414355e-06
Epoch 78: reducing lr to 2.592820281183509e-06
Epoch 81: reducing lr to 1.9418075624497384e-06
Epoch 84: reducing lr to 1.3718389917411558e-06
Epoch 87: reducing lr to 8.919009829898424e-07
Epoch 90: reducing lr to 5.095652877595537e-07
Epoch 93: reducing lr to 2.3085965256694832e-07
Epoch 96: reducing lr to 6.018025291100915e-08
Epoch 99: reducing lr to 2.1829977215812295e-10
[I 2024-06-20 21:14:59,600] Trial 6 finished with value: 1.1071107387542725 and parameters: {'hidden_size': 67, 'n_layers': 6, 'rnn_dropout': 0.08258080526211363, 'bidirectional': False, 'fc_dropout': 0.2348913186989436, 'learning_rate_model': 0.00014161242322273667}. Best is trial 0 with value: 1.074925422668457.
[I 2024-06-20 21:15:03,184] Trial 7 finished with value: 1.1084123849868774 and parameters: {'hidden_size': 40, 'n_layers': 1, 'rnn_dropout': 0.5430684263519128, 'bidirectional': False, 'fc_dropout': 0.39325852742427064, 'learning_rate_model': 1.634745612637677e-05}. Best is trial 0 with value: 1.074925422668457.
Epoch 18: reducing lr to 0.000518512060163731
Epoch 24: reducing lr to 0.0005992117359028589
Epoch 27: reducing lr to 0.0005970487603365034
Epoch 30: reducing lr to 0.0005901704082925863
Epoch 33: reducing lr to 0.0005787099488341317
Epoch 36: reducing lr to 0.0005628481198215894
Epoch 39: reducing lr to 0.0005428350676670072
Epoch 42: reducing lr to 0.0005189864128127074
Epoch 45: reducing lr to 0.000491678262915374
Epoch 48: reducing lr to 0.0004613412957604864
Epoch 51: reducing lr to 0.0004284539336893273
Epoch 54: reducing lr to 0.000393534856470155
Epoch 57: reducing lr to 0.00035713465155483103
Epoch 60: reducing lr to 0.0003198275333330205
Epoch 63: reducing lr to 0.00028220172029949625
Epoch 66: reducing lr to 0.0002448507048580734
Epoch 69: reducing lr to 0.00020836337085905574
Epoch 72: reducing lr to 0.00017331536145473976
Epoch 75: reducing lr to 0.00014025924580962496
Epoch 78: reducing lr to 0.00010971643600635609
Epoch 81: reducing lr to 8.216852001208808e-05
Epoch 84: reducing lr to 5.8050026081904026e-05
Epoch 87: reducing lr to 3.7741218639166135e-05
Epoch 90: reducing lr to 2.1562499989398463e-05
Epoch 93: reducing lr to 9.768937122687713e-06
Epoch 96: reducing lr to 2.546556317564383e-06
Epoch 99: reducing lr to 9.237459748338838e-09
[I 2024-06-20 21:15:33,592] Trial 8 finished with value: 1.1880626678466797 and parameters: {'hidden_size': 122, 'n_layers': 2, 'rnn_dropout': 0.47144442952262744, 'bidirectional': True, 'fc_dropout': 0.3312447902556547, 'learning_rate_model': 0.005992397731141758}. Best is trial 0 with value: 1.074925422668457.
Epoch 23: reducing lr to 0.00022089540274429563
Epoch 27: reducing lr to 0.00022112066512525275
Epoch 30: reducing lr to 0.00021857322531805952
Epoch 40: reducing lr to 0.00019824953034799984
Epoch 52: reducing lr to 0.00015444345679190095
Epoch 57: reducing lr to 0.00013226700554000198
Epoch 60: reducing lr to 0.00011845008581226695
Epoch 63: reducing lr to 0.00010451513550910891
Epoch 66: reducing lr to 9.06819581772339e-05
Epoch 69: reducing lr to 7.716865055732903e-05
Epoch 72: reducing lr to 6.418840561647934e-05
Epoch 75: reducing lr to 5.1945870729068435e-05
Epoch 78: reducing lr to 4.063415405338776e-05
Epoch 81: reducing lr to 3.0431614642646947e-05
Epoch 84: reducing lr to 2.149918269746401e-05
Epoch 87: reducing lr to 1.3977691476030298e-05
Epoch 90: reducing lr to 7.985803934559354e-06
Epoch 93: reducing lr to 3.6179856950343483e-06
Epoch 96: reducing lr to 9.431327290611563e-07
Epoch 99: reducing lr to 3.4211497943175544e-09
[I 2024-06-20 21:15:42,618] Trial 9 finished with value: 0.9844352006912231 and parameters: {'hidden_size': 92, 'n_layers': 1, 'rnn_dropout': 0.4287171247324093, 'bidirectional': True, 'fc_dropout': 0.7556758047926507, 'learning_rate_model': 0.002219321201267233}. Best is trial 9 with value: 0.9844352006912231.
Epoch 13: reducing lr to 0.0030945996847008034
Epoch 16: reducing lr to 0.003957105978566978
Epoch 19: reducing lr to 0.004638433796627053
Epoch 22: reducing lr to 0.005042892210072786
Epoch 25: reducing lr to 0.005127241729574371
Epoch 28: reducing lr to 0.005095069301757017
Epoch 31: reducing lr to 0.005022988842517612
Epoch 34: reducing lr to 0.004912137199505747
Epoch 37: reducing lr to 0.004764262435164537
Epoch 40: reducing lr to 0.0045816965990060085
Epoch 43: reducing lr to 0.004367318997969301
Epoch 46: reducing lr to 0.0041245102411927815
Epoch 49: reducing lr to 0.0038570999275589547
Epoch 52: reducing lr to 0.0035693051049355148
Epoch 55: reducing lr to 0.0032656640057913944
Epoch 58: reducing lr to 0.0029509663707425996
Epoch 61: reducing lr to 0.002630173777230844
Epoch 64: reducing lr to 0.002308346977519673
Epoch 67: reducing lr to 0.0019905592357530562
Epoch 70: reducing lr to 0.001681824376600479
Epoch 73: reducing lr to 0.001387010368332641
Epoch 76: reducing lr to 0.0011107661995227182
Epoch 79: reducing lr to 0.0008574492196222937
Epoch 82: reducing lr to 0.0006310536390586915
Epoch 85: reducing lr to 0.0004351505184014788
Epoch 88: reducing lr to 0.00027282857161450223
Epoch 91: reducing lr to 0.00014664867412751692
Epoch 94: reducing lr to 5.860011727938444e-05
Epoch 97: reducing lr to 1.007173882384832e-05
[I 2024-06-20 21:16:03,167] Trial 10 finished with value: 1.337050199508667 and parameters: {'hidden_size': 183, 'n_layers': 1, 'rnn_dropout': 0.11142107780060684, 'bidirectional': True, 'fc_dropout': 0.13228335769354624, 'learning_rate_model': 0.051290191619112704}. Best is trial 9 with value: 0.9844352006912231.
Epoch 24: reducing lr to 2.486411739779812e-05
Epoch 27: reducing lr to 2.47743653532568e-05
Epoch 30: reducing lr to 2.448895012775951e-05
Epoch 33: reducing lr to 2.401340168247018e-05
Epoch 40: reducing lr to 2.2211882788842103e-05
Epoch 88: reducing lr to 1.3226620583002466e-06
[I 2024-06-20 21:16:55,088] Trial 11 finished with value: 1.0510315895080566 and parameters: {'hidden_size': 80, 'n_layers': 6, 'rnn_dropout': 0.5807983882803612, 'bidirectional': True, 'fc_dropout': 0.6007539472218698, 'learning_rate_model': 0.0002486528079375971}. Best is trial 9 with value: 0.9844352006912231.
[I 2024-06-20 21:17:44,012] Trial 12 finished with value: 1.0780189037322998 and parameters: {'hidden_size': 65, 'n_layers': 7, 'rnn_dropout': 0.34247295189703597, 'bidirectional': True, 'fc_dropout': 0.49735657616729745, 'learning_rate_model': 2.877291692654975e-05}. Best is trial 9 with value: 0.9844352006912231.
Epoch 22: reducing lr to 0.0001938042561893984
Epoch 30: reducing lr to 0.00019413093468388534
Epoch 33: reducing lr to 0.00019036112570106425
Epoch 36: reducing lr to 0.00018514352812461278
Epoch 39: reducing lr to 0.0001785604252342349
Epoch 42: reducing lr to 0.00017071563736828125
Epoch 45: reducing lr to 0.00016173288155815134
Epoch 48: reducing lr to 0.00015175382515935452
Epoch 51: reducing lr to 0.00014093584064428497
Epoch 54: reducing lr to 0.00012944954278250545
Epoch 57: reducing lr to 0.00011747604207219275
Epoch 60: reducing lr to 0.00010520422086767768
Epoch 63: reducing lr to 9.282756804028289e-05
Epoch 66: reducing lr to 8.054130726347882e-05
Epoch 69: reducing lr to 6.853914627095284e-05
Epoch 72: reducing lr to 5.701043739489492e-05
Epoch 75: reducing lr to 4.613694299897917e-05
Epoch 78: reducing lr to 3.6090176621561664e-05
Epoch 81: reducing lr to 2.7028552037515953e-05
Epoch 84: reducing lr to 1.909500317765344e-05
Epoch 87: reducing lr to 1.2414614402181021e-05
Epoch 90: reducing lr to 7.092778997804211e-06
Epoch 93: reducing lr to 3.2133988215066145e-06
Epoch 96: reducing lr to 8.376654457890702e-07
Epoch 99: reducing lr to 3.0385744013376043e-09
[I 2024-06-20 21:20:08,802] Trial 13 finished with value: 1.1114684343338013 and parameters: {'hidden_size': 191, 'n_layers': 4, 'rnn_dropout': 0.4627116915097054, 'bidirectional': True, 'fc_dropout': 0.7227036164498031, 'learning_rate_model': 0.001971142158600765}. Best is trial 9 with value: 0.9844352006912231.
Epoch 11: reducing lr to 0.002080870038743925
Epoch 14: reducing lr to 0.002850749974212268
Epoch 17: reducing lr to 0.003534776697410965
Epoch 22: reducing lr to 0.004234342343265513
Epoch 25: reducing lr to 0.004305167720287503
Epoch 32: reducing lr to 0.004190159173601812
Epoch 35: reducing lr to 0.004086530610507061
Epoch 38: reducing lr to 0.003952414633535491
Epoch 41: reducing lr to 0.003789926348807179
Epoch 44: reducing lr to 0.003601628294477047
Epoch 47: reducing lr to 0.0033904901268240932
Epoch 50: reducing lr to 0.00315984155398125
Epoch 55: reducing lr to 0.002742065228160209
Epoch 58: reducing lr to 0.002477824497662145
Epoch 61: reducing lr to 0.0022084660411399934
Epoch 64: reducing lr to 0.001938239197406807
Epoch 67: reducing lr to 0.0016714038110693132
Epoch 70: reducing lr to 0.0014121698174613072
Epoch 73: reducing lr to 0.0011646246813382575
Epoch 76: reducing lr to 0.0009326719977699606
Epoch 79: reducing lr to 0.00071997048253273
Epoch 82: reducing lr to 0.0005298739361116439
Epoch 85: reducing lr to 0.0003653808546771872
Epoch 88: reducing lr to 0.000229084724621402
Epoch 91: reducing lr to 0.00012313582455749788
Epoch 94: reducing lr to 4.92044936873326e-05
Epoch 97: reducing lr to 8.456891084634294e-06
[I 2024-06-20 21:20:15,076] Trial 14 finished with value: 1.1169662475585938 and parameters: {'hidden_size': 16, 'n_layers': 5, 'rnn_dropout': 0.26131592141767696, 'bidirectional': False, 'fc_dropout': 0.28581580800199985, 'learning_rate_model': 0.04306660168805714}. Best is trial 9 with value: 0.9844352006912231.
[I 2024-06-20 21:20:22,393] Trial 15 finished with value: 1.0964847803115845 and parameters: {'hidden_size': 131, 'n_layers': 1, 'rnn_dropout': 0.7435497869950091, 'bidirectional': False, 'fc_dropout': 0.13787240667626285, 'learning_rate_model': 3.5362503098265445e-05}. Best is trial 9 with value: 0.9844352006912231.
Epoch 5: reducing lr to 0.00011614640295176609
Epoch 22: reducing lr to 0.0006898336864180824
Epoch 25: reducing lr to 0.0007013721325242966
Epoch 30: reducing lr to 0.0006909964773420609
Epoch 33: reducing lr to 0.0006775780866480502
Epoch 36: reducing lr to 0.0006590063863088579
Epoch 39: reducing lr to 0.0006355742583245225
Epoch 42: reducing lr to 0.0006076512444591817
Epoch 45: reducing lr to 0.000575677707466064
Epoch 48: reducing lr to 0.000540157903113426
Epoch 51: reducing lr to 0.0005016519885149809
Epoch 54: reducing lr to 0.0004607672558827729
Epoch 57: reducing lr to 0.00041814835629445533
Epoch 60: reducing lr to 0.00037446760424584625
Epoch 63: reducing lr to 0.00033041371083137553
Epoch 66: reducing lr to 0.0002866815620612585
Epoch 69: reducing lr to 0.0002439606480563244
Epoch 72: reducing lr to 0.0002029249561681142
Epoch 75: reducing lr to 0.00016422145774726144
Epoch 78: reducing lr to 0.00012846064411506687
Epoch 81: reducing lr to 9.620637883391604e-05
Epoch 84: reducing lr to 6.796742596474623e-05
Epoch 87: reducing lr to 4.418901517903827e-05
Epoch 90: reducing lr to 2.5246287048631255e-05
Epoch 93: reducing lr to 1.1437884794465465e-05
Epoch 96: reducing lr to 2.9816158520740153e-06
Epoch 99: reducing lr to 1.0815608603859105e-08
[I 2024-06-20 21:23:19,229] Trial 16 finished with value: 1.1791834831237793 and parameters: {'hidden_size': 188, 'n_layers': 5, 'rnn_dropout': 0.052800138177649995, 'bidirectional': True, 'fc_dropout': 0.7384196284371867, 'learning_rate_model': 0.007016152732955534}. Best is trial 9 with value: 0.9844352006912231.
Epoch 19: reducing lr to 0.00012931869048086794
Epoch 24: reducing lr to 0.0001429894307255552
Epoch 27: reducing lr to 0.00014247328154760153
Epoch 30: reducing lr to 0.00014083190574642877
Epoch 33: reducing lr to 0.0001380971052149462
Epoch 36: reducing lr to 0.00013431200928829166
Epoch 39: reducing lr to 0.00012953631021031417
Epoch 42: reducing lr to 0.0001238453242418094
Epoch 45: reducing lr to 0.00011732880166051458
Epoch 48: reducing lr to 0.00011008951477158011
Epoch 51: reducing lr to 0.00010224162912639205
Epoch 54: reducing lr to 9.390891687484064e-05
Epoch 57: reducing lr to 8.522276427254996e-05
Epoch 60: reducing lr to 7.632019565294522e-05
Epoch 63: reducing lr to 6.734157713816699e-05
Epoch 66: reducing lr to 5.842853335917083e-05
Epoch 69: reducing lr to 4.97215892113704e-05
Epoch 72: reducing lr to 4.135810997270696e-05
Epoch 75: reducing lr to 3.346995479335086e-05
Epoch 78: reducing lr to 2.6181547833250327e-05
Epoch 81: reducing lr to 1.9607810054632486e-05
Epoch 84: reducing lr to 1.385243259721591e-05
Epoch 87: reducing lr to 9.006157664738978e-06
Epoch 90: reducing lr to 5.1454426102957865e-06
Epoch 93: reducing lr to 2.3311538714477144e-06
Epoch 96: reducing lr to 6.07682754428119e-07
Epoch 99: reducing lr to 2.204327838773064e-09
