[I 2024-06-21 05:33:09,490] Trial 915 finished with value: 0.9729068279266357 and parameters: {'hidden_size': 137, 'n_layers': 2, 'rnn_dropout': 0.598355983517273, 'bidirectional': True, 'fc_dropout': 0.22058514371980162, 'learning_rate_model': 0.0010334979123832536}. Best is trial 690 with value: 0.966281533241272.
Epoch 16: reducing lr to 6.26113912072404e-05
Epoch 19: reducing lr to 7.33917147032473e-05
Epoch 22: reducing lr to 7.979126631709646e-05
Epoch 25: reducing lr to 8.1125888334364e-05
Epoch 28: reducing lr to 8.061683942966711e-05
Epoch 31: reducing lr to 7.947634487221017e-05
Epoch 34: reducing lr to 7.772239245744702e-05
Epoch 37: reducing lr to 7.538264093954634e-05
Epoch 40: reducing lr to 7.249398922015567e-05
Epoch 43: reducing lr to 6.91019951928843e-05
Epoch 46: reducing lr to 6.526014861575934e-05
Epoch 49: reducing lr to 6.1029043396322764e-05
Epoch 52: reducing lr to 5.647540386170002e-05
Epoch 55: reducing lr to 5.167103628901406e-05
Epoch 58: reducing lr to 4.669172644824782e-05
Epoch 61: reducing lr to 4.161597900111388e-05
Epoch 64: reducing lr to 3.652386780499488e-05
Epoch 67: reducing lr to 3.149566468676031e-05
Epoch 70: reducing lr to 2.6610700990964993e-05
Epoch 73: reducing lr to 2.194600024627663e-05
Epoch 76: reducing lr to 1.757512117056873e-05
Epoch 79: reducing lr to 1.3567008015680248e-05
Epoch 82: reducing lr to 9.98485925872649e-06
Epoch 85: reducing lr to 6.88517807944459e-06
Epoch 88: reducing lr to 4.31683571842428e-06
Epoch 91: reducing lr to 2.320351680130191e-06
Epoch 94: reducing lr to 9.272015679242574e-07
Epoch 97: reducing lr to 1.5936029589622018e-07
[I 2024-06-21 05:33:26,756] Trial 916 finished with value: 1.0930583477020264 and parameters: {'hidden_size': 141, 'n_layers': 2, 'rnn_dropout': 0.553789175404872, 'bidirectional': False, 'fc_dropout': 0.2437700001975948, 'learning_rate_model': 0.0008115401179428466}. Best is trial 690 with value: 0.966281533241272.
Epoch 40: reducing lr to 5.233617485929697e-05
Epoch 47: reducing lr to 4.612451929466797e-05
Epoch 50: reducing lr to 4.298675627208616e-05
Epoch 53: reducing lr to 3.9633058962095275e-05
Epoch 56: reducing lr to 3.611630682726313e-05
Epoch 59: reducing lr to 3.249197674431074e-05
Epoch 62: reducing lr to 2.8817213271631284e-05
Epoch 65: reducing lr to 2.5149980451221946e-05
Epoch 68: reducing lr to 2.1548096592390022e-05
Epoch 72: reducing lr to 1.6945188290668943e-05
Epoch 75: reducing lr to 1.3713264131938923e-05
Epoch 78: reducing lr to 1.0727067993879713e-05
Epoch 81: reducing lr to 8.033685136063593e-06
Epoch 84: reducing lr to 5.675599750533292e-06
Epoch 87: reducing lr to 3.6899906089800587e-06
Epoch 90: reducing lr to 2.108183713613412e-06
Epoch 93: reducing lr to 9.551171780400888e-07
Epoch 96: reducing lr to 2.489789475769639e-07
Epoch 99: reducing lr to 9.031541892828842e-10
[I 2024-06-21 05:34:02,501] Trial 917 finished with value: 0.9754032492637634 and parameters: {'hidden_size': 134, 'n_layers': 2, 'rnn_dropout': 0.6823283018787654, 'bidirectional': True, 'fc_dropout': 0.18173385048156115, 'learning_rate_model': 0.0005858817534376004}. Best is trial 690 with value: 0.966281533241272.
Epoch 36: reducing lr to 8.404204236689057e-05
Epoch 40: reducing lr to 7.992782854373852e-05
Epoch 45: reducing lr to 7.341526772073268e-05
Epoch 52: reducing lr to 6.22666299006942e-05
Epoch 58: reducing lr to 5.147969295265497e-05
Epoch 62: reducing lr to 4.4009660386445586e-05
Epoch 65: reducing lr to 3.8409060860636346e-05
Epoch 71: reducing lr to 2.759404815312358e-05
Epoch 77: reducing lr to 1.7856285376982008e-05
Epoch 80: reducing lr to 1.3586308049815443e-05
Epoch 83: reducing lr to 9.807623433489611e-06
Epoch 86: reducing lr to 6.579808086040848e-06
Epoch 89: reducing lr to 3.95378570065229e-06
Epoch 92: reducing lr to 1.9709572135510216e-06
Epoch 95: reducing lr to 6.625988564058641e-07
Epoch 98: reducing lr to 4.934073986428804e-08
[I 2024-06-21 05:34:41,818] Trial 918 finished with value: 0.9693968296051025 and parameters: {'hidden_size': 146, 'n_layers': 2, 'rnn_dropout': 0.5746620876438875, 'bidirectional': True, 'fc_dropout': 0.16374920641953422, 'learning_rate_model': 0.0008947588634737005}. Best is trial 690 with value: 0.966281533241272.
Epoch 27: reducing lr to 0.00014148789432346647
Epoch 31: reducing lr to 0.00013907145716992458
Epoch 36: reducing lr to 0.00013338306782949353
Epoch 45: reducing lr to 0.00011651732107325293
Epoch 52: reducing lr to 9.882332563148475e-05
Epoch 55: reducing lr to 9.04164166299738e-05
Epoch 63: reducing lr to 6.68758229346823e-05
Epoch 66: reducing lr to 5.802442439451671e-05
Epoch 69: reducing lr to 4.937770003972802e-05
Epoch 72: reducing lr to 4.107206508949239e-05
Epoch 75: reducing lr to 3.3238466717218295e-05
Epoch 78: reducing lr to 2.6000468528676666e-05
Epoch 81: reducing lr to 1.9472196658834856e-05
Epoch 84: reducing lr to 1.3756625088915276e-05
Epoch 87: reducing lr to 8.9438684228195e-06
Epoch 90: reducing lr to 5.109855212043755e-06
Epoch 93: reducing lr to 2.31503092392052e-06
Epoch 96: reducing lr to 6.03479841320212e-07
Epoch 99: reducing lr to 2.1890820574863372e-09
[I 2024-06-21 05:35:14,520] Trial 919 finished with value: 0.9765764474868774 and parameters: {'hidden_size': 126, 'n_layers': 2, 'rnn_dropout': 0.6139293996049405, 'bidirectional': True, 'fc_dropout': 0.11464216717782577, 'learning_rate_model': 0.001420071178860009}. Best is trial 690 with value: 0.966281533241272.
Epoch 53: reducing lr to 2.941323467145848e-05
Epoch 56: reducing lr to 2.680331612032927e-05
Epoch 62: reducing lr to 2.1386374878270267e-05
Epoch 65: reducing lr to 1.8664778757094363e-05
Epoch 73: reducing lr to 1.1758192153829068e-05
Epoch 76: reducing lr to 9.4163697043354e-06
Epoch 79: reducing lr to 7.2689093871660035e-06
Epoch 82: reducing lr to 5.349671579128149e-06
Epoch 87: reducing lr to 2.7384855612888735e-06
Epoch 90: reducing lr to 1.5645651363515104e-06
Epoch 93: reducing lr to 7.088296092235078e-07
Epoch 96: reducing lr to 1.8477696158496985e-07
Epoch 99: reducing lr to 6.702658540442153e-10
[I 2024-06-21 05:35:47,727] Trial 920 finished with value: 0.9727622866630554 and parameters: {'hidden_size': 130, 'n_layers': 2, 'rnn_dropout': 0.5903875688319571, 'bidirectional': True, 'fc_dropout': 0.19766948770240775, 'learning_rate_model': 0.000434805638395636}. Best is trial 690 with value: 0.966281533241272.
Epoch 36: reducing lr to 6.550541827939974e-05
Epoch 40: reducing lr to 6.229865069276816e-05
Epoch 43: reducing lr to 5.938369659339876e-05
Epoch 50: reducing lr to 5.116951937373266e-05
Epoch 53: reducing lr to 4.717742752127882e-05
Epoch 56: reducing lr to 4.299124247030857e-05
Epoch 61: reducing lr to 3.576323177849256e-05
Epoch 65: reducing lr to 2.9937416161439167e-05
Epoch 72: reducing lr to 2.017079714139716e-05
Epoch 75: reducing lr to 1.632365862255156e-05
Epoch 78: reducing lr to 1.2769023790999733e-05
Epoch 81: reducing lr to 9.56294084183347e-06
Epoch 84: reducing lr to 6.755981064359817e-06
Epoch 87: reducing lr to 4.392400411884652e-06
Epoch 90: reducing lr to 2.5094879616952655e-06
Epoch 93: reducing lr to 1.1369289331012606e-06
Epoch 96: reducing lr to 2.96373445836471e-07
Epoch 99: reducing lr to 1.07507450650135e-09
[I 2024-06-21 05:36:22,164] Trial 921 finished with value: 0.973715603351593 and parameters: {'hidden_size': 136, 'n_layers': 2, 'rnn_dropout': 0.6324970398000221, 'bidirectional': True, 'fc_dropout': 0.1415035261888156, 'learning_rate_model': 0.0006974075350902687}. Best is trial 690 with value: 0.966281533241272.
Epoch 27: reducing lr to 0.00011528118141098526
Epoch 31: reducing lr to 0.00011331232229976793
Epoch 36: reducing lr to 0.00010867754950435581
Epoch 39: reducing lr to 0.00010481332860769138
Epoch 52: reducing lr to 8.051904217130301e-05
Epoch 55: reducing lr to 7.366928017333901e-05
Epoch 58: reducing lr to 6.65700966060208e-05
Epoch 63: reducing lr to 5.4488929336362135e-05
Epoch 66: reducing lr to 4.7277007173488306e-05
Epoch 69: reducing lr to 4.023184897305382e-05
Epoch 72: reducing lr to 3.346460281386965e-05
Epoch 75: reducing lr to 2.708196153298129e-05
Epoch 78: reducing lr to 2.1184602001161173e-05
Epoch 81: reducing lr to 1.586551164840691e-05
Epoch 84: reducing lr to 1.1208591378514352e-05
Epoch 87: reducing lr to 7.2872645613755034e-06
Epoch 90: reducing lr to 4.163396087701805e-06
Epoch 93: reducing lr to 1.886235576468412e-06
Epoch 96: reducing lr to 4.917019183709208e-07
Epoch 99: reducing lr to 1.7836152485083829e-09
[I 2024-06-21 05:37:00,619] Trial 922 finished with value: 0.9749621748924255 and parameters: {'hidden_size': 141, 'n_layers': 2, 'rnn_dropout': 0.6091746596694926, 'bidirectional': True, 'fc_dropout': 0.1613122514774017, 'learning_rate_model': 0.0011570423319214008}. Best is trial 690 with value: 0.966281533241272.
Epoch 36: reducing lr to 8.906769092770316e-05
Epoch 40: reducing lr to 8.470745032798928e-05
Epoch 43: reducing lr to 8.074398840971427e-05
Epoch 49: reducing lr to 7.131094201974737e-05
Epoch 52: reducing lr to 6.5990125786015e-05
Epoch 55: reducing lr to 6.037633998254939e-05
Epoch 65: reducing lr to 4.070589273192446e-05
Epoch 72: reducing lr to 2.74262247726208e-05
Epoch 75: reducing lr to 2.2195272073546737e-05
Epoch 78: reducing lr to 1.7362036520617345e-05
Epoch 83: reducing lr to 1.039411166253968e-05
Epoch 86: reducing lr to 6.973275475775074e-06
Epoch 89: reducing lr to 4.1902190006606175e-06
Epoch 92: reducing lr to 2.088818917107241e-06
Epoch 95: reducing lr to 7.022217510346514e-07
Epoch 98: reducing lr to 5.2291277610684756e-08
[I 2024-06-21 05:37:36,312] Trial 923 finished with value: 0.9727391004562378 and parameters: {'hidden_size': 134, 'n_layers': 2, 'rnn_dropout': 0.5756405845746483, 'bidirectional': True, 'fc_dropout': 0.26113692759967044, 'learning_rate_model': 0.0009482647453852812}. Best is trial 690 with value: 0.966281533241272.
Epoch 36: reducing lr to 7.053612151168028e-05
Epoch 40: reducing lr to 6.70830797009161e-05
Epoch 43: reducing lr to 6.394426215032652e-05
Epoch 53: reducing lr to 5.08005726496661e-05
Epoch 62: reducing lr to 3.693711701048658e-05
Epoch 65: reducing lr to 3.223655812870514e-05
Epoch 72: reducing lr to 2.1719879599646463e-05
Epoch 75: reducing lr to 1.757728747268501e-05
Epoch 78: reducing lr to 1.3749662812102685e-05
Epoch 81: reducing lr to 1.029735821778126e-05
Epoch 84: reducing lr to 7.274828766892392e-06
Epoch 87: reducing lr to 4.729729193685411e-06
Epoch 90: reducing lr to 2.7022123123195583e-06
Epoch 93: reducing lr to 1.2242431157881081e-06
Epoch 96: reducing lr to 3.191344157087964e-07
Epoch 99: reducing lr to 1.157638375827788e-09
[I 2024-06-21 05:38:09,512] Trial 924 finished with value: 0.9703046083450317 and parameters: {'hidden_size': 130, 'n_layers': 2, 'rnn_dropout': 0.5334462784318464, 'bidirectional': True, 'fc_dropout': 0.21333863498199368, 'learning_rate_model': 0.000750967231877958}. Best is trial 690 with value: 0.966281533241272.
Epoch 40: reducing lr to 5.085493111404456e-05
Epoch 47: reducing lr to 4.481908083089639e-05
Epoch 50: reducing lr to 4.177012429567785e-05
Epoch 56: reducing lr to 3.5094125635509544e-05
Epoch 61: reducing lr to 2.9193837559662813e-05
Epoch 65: reducing lr to 2.4438173534939923e-05
Epoch 68: reducing lr to 2.0938231935957214e-05
Epoch 72: reducing lr to 1.6465597372242868e-05
Epoch 75: reducing lr to 1.3325144694913995e-05
Epoch 78: reducing lr to 1.042346532491223e-05
Epoch 81: reducing lr to 7.806311892009867e-06
Epoch 84: reducing lr to 5.514966180089229e-06
Epoch 87: reducing lr to 3.5855547092551386e-06
Epoch 90: reducing lr to 2.0485168780445556e-06
Epoch 93: reducing lr to 9.280849895058917e-07
Epoch 96: reducing lr to 2.419322249269185e-07
Epoch 99: reducing lr to 8.775926824003758e-10
[I 2024-06-21 05:38:39,910] Trial 925 finished with value: 0.9745141267776489 and parameters: {'hidden_size': 122, 'n_layers': 2, 'rnn_dropout': 0.55712031170212, 'bidirectional': True, 'fc_dropout': 0.22727164128872718, 'learning_rate_model': 0.0005692998445558359}. Best is trial 690 with value: 0.966281533241272.
Epoch 30: reducing lr to 0.00010032236695066258
Epoch 40: reducing lr to 9.09940460567713e-05
Epoch 43: reducing lr to 8.673643430078852e-05
Epoch 52: reducing lr to 7.088760813617227e-05
Epoch 55: reducing lr to 6.48571930785181e-05
Epoch 58: reducing lr to 5.860719147347959e-05
Epoch 61: reducing lr to 5.223614192929707e-05
Epoch 64: reducing lr to 4.5844552699758224e-05
Epoch 67: reducing lr to 3.953318052883309e-05
Epoch 70: reducing lr to 3.340160167239917e-05
Epoch 73: reducing lr to 2.754649562885956e-05
Epoch 76: reducing lr to 2.206019288566658e-05
Epoch 79: reducing lr to 1.702923187855358e-05
Epoch 82: reducing lr to 1.2532938979254415e-05
Epoch 85: reducing lr to 8.642236660027299e-06
Epoch 88: reducing lr to 5.4184678261932606e-06
Epoch 91: reducing lr to 2.9124923310327445e-06
Epoch 94: reducing lr to 1.1638181742128954e-06
Epoch 97: reducing lr to 2.000281438556753e-07
[I 2024-06-21 05:39:16,074] Trial 926 finished with value: 0.9762000441551208 and parameters: {'hidden_size': 138, 'n_layers': 2, 'rnn_dropout': 0.5173971005665199, 'bidirectional': True, 'fc_dropout': 0.13549376845544653, 'learning_rate_model': 0.0010186405750792593}. Best is trial 690 with value: 0.966281533241272.
Epoch 36: reducing lr to 6.161262505873674e-05
Epoch 40: reducing lr to 5.8596426183051116e-05
Epoch 49: reducing lr to 4.932938406154896e-05
Epoch 53: reducing lr to 4.4373812570835715e-05
Epoch 56: reducing lr to 4.043640011326149e-05
Epoch 61: reducing lr to 3.3637928713904733e-05
Epoch 65: reducing lr to 2.8158324084195424e-05
Epoch 72: reducing lr to 1.8972106339477755e-05
Epoch 75: reducing lr to 1.5353591881640915e-05
Epoch 78: reducing lr to 1.2010198482289051e-05
Epoch 81: reducing lr to 8.994643558089571e-06
Epoch 84: reducing lr to 6.3544930962334036e-06
Epoch 87: reducing lr to 4.131373049645842e-06
Epoch 90: reducing lr to 2.3603565160649913e-06
Epoch 93: reducing lr to 1.0693646100360375e-06
Epoch 96: reducing lr to 2.787608487255563e-07
Epoch 99: reducing lr to 1.0111860090250038e-09
[I 2024-06-21 05:39:54,531] Trial 927 finished with value: 0.9725725054740906 and parameters: {'hidden_size': 141, 'n_layers': 2, 'rnn_dropout': 0.6198200944824919, 'bidirectional': True, 'fc_dropout': 0.18218739413145232, 'learning_rate_model': 0.0006559626684525348}. Best is trial 690 with value: 0.966281533241272.
[I 2024-06-21 05:40:33,523] Trial 928 finished with value: 1.059612512588501 and parameters: {'hidden_size': 145, 'n_layers': 2, 'rnn_dropout': 0.5976932805401601, 'bidirectional': True, 'fc_dropout': 0.20222276595052474, 'learning_rate_model': 2.737461028841994e-05}. Best is trial 690 with value: 0.966281533241272.
Epoch 36: reducing lr to 7.710318966447986e-05
Epoch 40: reducing lr to 7.332866206147517e-05
Epoch 43: reducing lr to 6.989761368883067e-05
Epoch 49: reducing lr to 6.173171248106472e-05
Epoch 52: reducing lr to 5.7125643782457566e-05
Epoch 55: reducing lr to 5.226596024253383e-05
Epoch 65: reducing lr to 3.523785263860864e-05
Epoch 72: reducing lr to 2.3742048192767367e-05
Epoch 75: reducing lr to 1.921377162152438e-05
Epoch 78: reducing lr to 1.5029786680979427e-05
Epoch 81: reducing lr to 1.1256064930890834e-05
Epoch 84: reducing lr to 7.952131335962875e-06
Epoch 87: reducing lr to 5.1700773910848715e-06
Epoch 90: reducing lr to 2.95379422578496e-06
Epoch 93: reducing lr to 1.3382228442545413e-06
Epoch 96: reducing lr to 3.4884653218116317e-07
Epoch 99: reducing lr to 1.2654170564261464e-09
[I 2024-06-21 05:41:09,355] Trial 929 finished with value: 0.972760021686554 and parameters: {'hidden_size': 134, 'n_layers': 2, 'rnn_dropout': 0.6446750874405103, 'bidirectional': True, 'fc_dropout': 0.09648524531272105, 'learning_rate_model': 0.0008208839339388325}. Best is trial 690 with value: 0.966281533241272.
Epoch 40: reducing lr to 7.928929554154528e-05
Epoch 47: reducing lr to 6.987863847326961e-05
Epoch 55: reducing lr to 5.651447949450764e-05
Epoch 61: reducing lr to 4.551690000462324e-05
Epoch 64: reducing lr to 3.9947473988717974e-05
Epoch 67: reducing lr to 3.444794654687906e-05
Epoch 70: reducing lr to 2.910508523724175e-05
Epoch 73: reducing lr to 2.4003133476313837e-05
Epoch 76: reducing lr to 1.9222545091838464e-05
Epoch 79: reducing lr to 1.4838726903315463e-05
Epoch 82: reducing lr to 1.092080136880899e-05
Epoch 85: reducing lr to 7.5305680577096425e-06
Epoch 88: reducing lr to 4.72147921178654e-06
Epoch 91: reducing lr to 2.537852477223202e-06
Epoch 94: reducing lr to 1.01411385877066e-06
Epoch 97: reducing lr to 1.7429811402061872e-07
[I 2024-06-21 05:41:25,331] Trial 930 finished with value: 0.9730345606803894 and parameters: {'hidden_size': 69, 'n_layers': 2, 'rnn_dropout': 0.5821950075452642, 'bidirectional': True, 'fc_dropout': 0.12080845347064366, 'learning_rate_model': 0.0008876107515614616}. Best is trial 690 with value: 0.966281533241272.
Epoch 36: reducing lr to 0.00011573512982218699
Epoch 40: reducing lr to 0.00011006940517380163
Epoch 49: reducing lr to 9.266189620989583e-05
Epoch 52: reducing lr to 8.574799341128317e-05
Epoch 55: reducing lr to 7.845340407152562e-05
Epoch 58: reducing lr to 7.089319558741566e-05
Epoch 61: reducing lr to 6.318656351586811e-05
Epoch 64: reducing lr to 5.54550859621423e-05
Epoch 67: reducing lr to 4.782064161343407e-05
Epoch 70: reducing lr to 4.040368119953106e-05
Epoch 73: reducing lr to 3.332115143665127e-05
Epoch 76: reducing lr to 2.6684738333645725e-05
Epoch 79: reducing lr to 2.0599121642197255e-05
Epoch 82: reducing lr to 1.5160257163039192e-05
Epoch 85: reducing lr to 1.0453935062376967e-05
Epoch 88: reducing lr to 6.554357745674642e-06
Epoch 91: reducing lr to 3.5230469722164403e-06
Epoch 94: reducing lr to 1.4077929240133984e-06
Epoch 97: reducing lr to 2.4196065310116455e-07
[I 2024-06-21 05:42:01,125] Trial 931 finished with value: 0.9779700636863708 and parameters: {'hidden_size': 137, 'n_layers': 2, 'rnn_dropout': 0.5655829228917804, 'bidirectional': True, 'fc_dropout': 0.2871355704680554, 'learning_rate_model': 0.0012321813024439067}. Best is trial 690 with value: 0.966281533241272.
Epoch 40: reducing lr to 6.589968361419467e-05
Epoch 43: reducing lr to 6.281623717093738e-05
Epoch 49: reducing lr to 5.547762917117048e-05
Epoch 53: reducing lr to 4.990441225952227e-05
Epoch 65: reducing lr to 3.1667880946486325e-05
Epoch 72: reducing lr to 2.133672455314476e-05
Epoch 75: reducing lr to 1.7267210873591882e-05
Epoch 78: reducing lr to 1.3507108396918919e-05
Epoch 81: reducing lr to 1.0115705057657715e-05
Epoch 84: reducing lr to 7.146495304375592e-06
Epoch 87: reducing lr to 4.6462932058921626e-06
Epoch 90: reducing lr to 2.6545432504615454e-06
Epoch 93: reducing lr to 1.2026465445084652e-06
Epoch 96: reducing lr to 3.135046440827559e-07
Epoch 99: reducing lr to 1.13721676237152e-09
[I 2024-06-21 05:42:32,569] Trial 932 finished with value: 0.970492422580719 and parameters: {'hidden_size': 128, 'n_layers': 2, 'rnn_dropout': 0.6034466467620297, 'bidirectional': True, 'fc_dropout': 0.15941271203122598, 'learning_rate_model': 0.0007377196039004925}. Best is trial 690 with value: 0.966281533241272.
Epoch 47: reducing lr to 3.881425958067335e-05
Epoch 61: reducing lr to 2.528247273682656e-05
Epoch 64: reducing lr to 2.218892151974905e-05
Epoch 67: reducing lr to 1.913419563552585e-05
Epoch 72: reducing lr to 1.4259551037390283e-05
Epoch 75: reducing lr to 1.1539853463078702e-05
Epoch 78: reducing lr to 9.026938557213583e-06
Epoch 81: reducing lr to 6.760429052246321e-06
Epoch 84: reducing lr to 4.77607583476041e-06
Epoch 87: reducing lr to 3.105165225293871e-06
Epoch 90: reducing lr to 1.7740583783904766e-06
Epoch 93: reducing lr to 8.037409743301915e-07
Epoch 96: reducing lr to 2.0951835702908307e-07
Epoch 99: reducing lr to 7.600135823633558e-10
[I 2024-06-21 05:43:07,869] Trial 933 finished with value: 0.9728041291236877 and parameters: {'hidden_size': 133, 'n_layers': 2, 'rnn_dropout': 0.6276085025175042, 'bidirectional': True, 'fc_dropout': 0.24887369798407993, 'learning_rate_model': 0.0004930255493011916}. Best is trial 690 with value: 0.966281533241272.
Epoch 32: reducing lr to 0.00010191681515636053
Epoch 35: reducing lr to 9.939626816225474e-05
Epoch 39: reducing lr to 9.489059967073514e-05
Epoch 45: reducing lr to 8.594810466763233e-05
Epoch 48: reducing lr to 8.064503348269452e-05
Epoch 52: reducing lr to 7.289626517965084e-05
Epoch 55: reducing lr to 6.669497349067645e-05
Epoch 58: reducing lr to 6.026787309396202e-05
Epoch 61: reducing lr to 5.371629476798325e-05
Epoch 64: reducing lr to 4.7143594748244325e-05
Epoch 67: reducing lr to 4.065338480159976e-05
Epoch 70: reducing lr to 3.4348062756737744e-05
Epoch 73: reducing lr to 2.8327047602933377e-05
Epoch 76: reducing lr to 2.2685286085809113e-05
Epoch 79: reducing lr to 1.75117687768529e-05
Epoch 82: reducing lr to 1.2888069823954479e-05
Epoch 85: reducing lr to 8.887121344318318e-06
Epoch 88: reducing lr to 5.5720044435247135e-06
Epoch 91: reducing lr to 2.995020129453697e-06
Epoch 94: reducing lr to 1.1967958925253752e-06
Epoch 97: reducing lr to 2.0569610121258432e-07
