[I 2024-06-21 01:43:23,987] Trial 522 finished with value: 0.9747313261032104 and parameters: {'hidden_size': 122, 'n_layers': 2, 'rnn_dropout': 0.41842182637944364, 'bidirectional': True, 'fc_dropout': 0.016398955375861005, 'learning_rate_model': 0.0004459305007096763}. Best is trial 502 with value: 0.9691120386123657.
Epoch 49: reducing lr to 3.4730567266998363e-05
Epoch 61: reducing lr to 2.3682929923939543e-05
Epoch 64: reducing lr to 2.0785097996944234e-05
Epoch 67: reducing lr to 1.7923635045675054e-05
Epoch 72: reducing lr to 1.3357393933760548e-05
Epoch 75: reducing lr to 1.0809763101238816e-05
Epoch 78: reducing lr to 8.455832445803373e-06
Epoch 81: reducing lr to 6.332717893804056e-06
Epoch 84: reducing lr to 4.4739084852761715e-06
Epoch 87: reducing lr to 2.9087111533109965e-06
Epoch 90: reducing lr to 1.6618192648221631e-06
Epoch 93: reducing lr to 7.528908018690158e-07
Epoch 96: reducing lr to 1.9626278722614995e-07
Epoch 99: reducing lr to 7.119299049482102e-10
[I 2024-06-21 01:43:53,997] Trial 523 finished with value: 0.9754380583763123 and parameters: {'hidden_size': 121, 'n_layers': 2, 'rnn_dropout': 0.4163051341451042, 'bidirectional': True, 'fc_dropout': 0.01371312934008631, 'learning_rate_model': 0.0004618333679760757}. Best is trial 502 with value: 0.9691120386123657.
Epoch 56: reducing lr to 2.752016406272745e-05
Epoch 61: reducing lr to 2.289326731222521e-05
Epoch 65: reducing lr to 1.916396356643937e-05
Epoch 68: reducing lr to 1.6419374115362987e-05
Epoch 72: reducing lr to 1.2912016836699242e-05
Epoch 75: reducing lr to 1.0449331947240892e-05
Epoch 78: reducing lr to 8.17388866795086e-06
Epoch 81: reducing lr to 6.121565364647748e-06
Epoch 84: reducing lr to 4.324734448516349e-06
Epoch 87: reducing lr to 2.811725668262359e-06
Epoch 90: reducing lr to 1.606409037072841e-06
Epoch 93: reducing lr to 7.277870786874226e-07
Epoch 96: reducing lr to 1.8971877490836942e-07
Epoch 99: reducing lr to 6.881919455852848e-10
[I 2024-06-21 01:44:24,364] Trial 524 finished with value: 0.9746829271316528 and parameters: {'hidden_size': 122, 'n_layers': 2, 'rnn_dropout': 0.4162949089366182, 'bidirectional': True, 'fc_dropout': 0.00899325086465922, 'learning_rate_model': 0.0004464344057402347}. Best is trial 502 with value: 0.9691120386123657.
Epoch 61: reducing lr to 2.267477375418778e-05
Epoch 65: reducing lr to 1.8981062518344105e-05
Epoch 68: reducing lr to 1.626266745474152e-05
Epoch 72: reducing lr to 1.2788784426855186e-05
Epoch 75: reducing lr to 1.0349603425089419e-05
Epoch 78: reducing lr to 8.095876997807615e-06
Epoch 81: reducing lr to 6.063141087368361e-06
Epoch 86: reducing lr to 3.2516220350454636e-06
Epoch 89: reducing lr to 1.9538893137876307e-06
Epoch 92: reducing lr to 9.740113726585275e-07
Epoch 95: reducing lr to 3.2744435912288495e-07
Epoch 98: reducing lr to 2.4383300374451875e-08
[I 2024-06-21 01:44:54,297] Trial 525 finished with value: 0.9727082848548889 and parameters: {'hidden_size': 118, 'n_layers': 2, 'rnn_dropout': 0.41520364164291307, 'bidirectional': True, 'fc_dropout': 0.014421264275940955, 'learning_rate_model': 0.0004421736315829163}. Best is trial 502 with value: 0.9691120386123657.
Epoch 65: reducing lr to 1.6016493840608025e-05
Epoch 68: reducing lr to 1.3722672946732772e-05
Epoch 72: reducing lr to 1.0791360431147207e-05
Epoch 75: reducing lr to 8.733144382748784e-06
Epoch 78: reducing lr to 6.831417574458207e-06
Epoch 81: reducing lr to 5.11616574608093e-06
Epoch 87: reducing lr to 2.34993072759065e-06
Epoch 90: reducing lr to 1.3425740640016562e-06
Epoch 93: reducing lr to 6.082560751411912e-07
Epoch 96: reducing lr to 1.5855955785101405e-07
Epoch 99: reducing lr to 5.751640060980365e-10
[I 2024-06-21 01:45:22,848] Trial 526 finished with value: 0.9765751361846924 and parameters: {'hidden_size': 120, 'n_layers': 2, 'rnn_dropout': 0.4189297185421546, 'bidirectional': True, 'fc_dropout': 0.014216582096036875, 'learning_rate_model': 0.0003731124767058033}. Best is trial 502 with value: 0.9691120386123657.
Epoch 56: reducing lr to 2.9636862933677753e-05
Epoch 61: reducing lr to 2.4654090865518663e-05
Epoch 65: reducing lr to 2.0637949693540774e-05
Epoch 68: reducing lr to 1.768226159570219e-05
Epoch 72: reducing lr to 1.3905137786037938e-05
Epoch 75: reducing lr to 1.1253036790151541e-05
Epoch 78: reducing lr to 8.802578993898368e-06
Epoch 81: reducing lr to 6.5924023286376385e-06
Epoch 84: reducing lr to 4.65736911244746e-06
Epoch 87: reducing lr to 3.0279880616793215e-06
Epoch 90: reducing lr to 1.729965138966207e-06
Epoch 93: reducing lr to 7.837644371159037e-07
Epoch 96: reducing lr to 2.0431089418975705e-07
Epoch 99: reducing lr to 7.411238652833308e-10
[I 2024-06-21 01:45:53,198] Trial 527 finished with value: 0.9743248224258423 and parameters: {'hidden_size': 122, 'n_layers': 2, 'rnn_dropout': 0.419259323737449, 'bidirectional': True, 'fc_dropout': 0.03496602028700851, 'learning_rate_model': 0.00048077167205993516}. Best is trial 502 with value: 0.9691120386123657.
Epoch 61: reducing lr to 2.3742653297045575e-05
Epoch 65: reducing lr to 1.9874984926778323e-05
Epoch 68: reducing lr to 1.702856572016568e-05
Epoch 72: reducing lr to 1.3391078474659513e-05
Epoch 75: reducing lr to 1.0837023052476121e-05
Epoch 78: reducing lr to 8.47715627852613e-06
Epoch 81: reducing lr to 6.348687677726974e-06
Epoch 84: reducing lr to 4.485190742436351e-06
Epoch 87: reducing lr to 2.91604631167294e-06
Epoch 90: reducing lr to 1.6660100238332547e-06
Epoch 93: reducing lr to 7.54789434276933e-07
Epoch 96: reducing lr to 1.96757720737588e-07
Epoch 99: reducing lr to 7.137252425789414e-10
[I 2024-06-21 01:46:24,311] Trial 528 finished with value: 0.9724476337432861 and parameters: {'hidden_size': 123, 'n_layers': 2, 'rnn_dropout': 0.41995561656832664, 'bidirectional': True, 'fc_dropout': 0.03516023686161912, 'learning_rate_model': 0.00046299801469153846}. Best is trial 502 with value: 0.9691120386123657.
Epoch 65: reducing lr to 1.5010530005895343e-05
Epoch 73: reducing lr to 9.456136525221286e-06
Epoch 76: reducing lr to 7.572803397940415e-06
Epoch 79: reducing lr to 5.845779576932705e-06
Epoch 87: reducing lr to 2.2023362946541015e-06
Epoch 90: reducing lr to 1.2582496814464266e-06
Epoch 93: reducing lr to 5.700527317674365e-07
Epoch 96: reducing lr to 1.4860075023471922e-07
Epoch 99: reducing lr to 5.390391091656972e-10
[I 2024-06-21 01:46:53,839] Trial 529 finished with value: 0.9764529466629028 and parameters: {'hidden_size': 117, 'n_layers': 2, 'rnn_dropout': 0.42156764272807457, 'bidirectional': True, 'fc_dropout': 0.03345806966099393, 'learning_rate_model': 0.00034967803084134767}. Best is trial 502 with value: 0.9691120386123657.
Epoch 61: reducing lr to 2.2040042596583537e-05
Epoch 65: reducing lr to 1.8449728802937046e-05
Epoch 72: reducing lr to 1.2430790118660174e-05
Epoch 75: reducing lr to 1.005988870361227e-05
Epoch 78: reducing lr to 7.86925046409453e-06
Epoch 86: reducing lr to 3.1605999220678293e-06
Epoch 89: reducing lr to 1.8991944163030631e-06
Epoch 92: reducing lr to 9.467460348523173e-07
Epoch 95: reducing lr to 3.1827826382375406e-07
Epoch 98: reducing lr to 2.3700742716293394e-08
[I 2024-06-21 01:47:25,133] Trial 530 finished with value: 0.9722492098808289 and parameters: {'hidden_size': 124, 'n_layers': 2, 'rnn_dropout': 0.4193567521624643, 'bidirectional': True, 'fc_dropout': 0.04076507231080353, 'learning_rate_model': 0.00042979593890649613}. Best is trial 502 with value: 0.9691120386123657.
Epoch 40: reducing lr to 4.759646496926789e-05
Epoch 49: reducing lr to 4.006906996522944e-05
Epoch 61: reducing lr to 2.7323278908999343e-05
Epoch 65: reducing lr to 2.2872328112296383e-05
Epoch 72: reducing lr to 1.5410584801865794e-05
Epoch 75: reducing lr to 1.2471352704413456e-05
Epoch 78: reducing lr to 9.755594813077038e-06
Epoch 81: reducing lr to 7.30613221506489e-06
Epoch 84: reducing lr to 5.161601615557421e-06
Epoch 87: reducing lr to 3.355814773040261e-06
Epoch 90: reducing lr to 1.91726071963696e-06
Epoch 93: reducing lr to 8.686191038674183e-07
Epoch 96: reducing lr to 2.2643072001901762e-07
Epoch 99: reducing lr to 8.213620282179756e-10
[I 2024-06-21 01:47:56,287] Trial 531 finished with value: 0.971647322177887 and parameters: {'hidden_size': 123, 'n_layers': 2, 'rnn_dropout': 0.40793778419802207, 'bidirectional': True, 'fc_dropout': 0.04290452117009404, 'learning_rate_model': 0.0005328226686148875}. Best is trial 502 with value: 0.9691120386123657.
Epoch 40: reducing lr to 4.923871636833317e-05
Epoch 53: reducing lr to 3.72874203032699e-05
Epoch 61: reducing lr to 2.8266031549228562e-05
Epoch 65: reducing lr to 2.3661506738619825e-05
Epoch 68: reducing lr to 2.027279638304829e-05
Epoch 72: reducing lr to 1.5942306106538714e-05
Epoch 75: reducing lr to 1.2901659796343152e-05
Epoch 78: reducing lr to 1.009219836632063e-05
Epoch 81: reducing lr to 7.558220387152739e-06
Epoch 84: reducing lr to 5.3396956710726745e-06
Epoch 87: reducing lr to 3.4716026053842632e-06
Epoch 90: reducing lr to 1.983413197583167e-06
Epoch 93: reducing lr to 8.98589626667837e-07
Epoch 96: reducing lr to 2.3424340457410932e-07
Epoch 99: reducing lr to 8.497020097838863e-10
[I 2024-06-21 01:48:28,487] Trial 532 finished with value: 0.9724404215812683 and parameters: {'hidden_size': 125, 'n_layers': 2, 'rnn_dropout': 0.40819365593229373, 'bidirectional': True, 'fc_dropout': 0.04732713439138746, 'learning_rate_model': 0.0005512069913487603}. Best is trial 502 with value: 0.9691120386123657.
Epoch 65: reducing lr to 1.618931775382711e-05
Epoch 73: reducing lr to 1.019873374692652e-05
Epoch 76: reducing lr to 8.16750111077816e-06
Epoch 79: reducing lr to 6.304852863465001e-06
Epoch 82: reducing lr to 4.6401585681911505e-06
Epoch 85: reducing lr to 3.199676353067744e-06
Epoch 88: reducing lr to 2.0061176354402474e-06
Epoch 91: reducing lr to 1.0783126182137163e-06
Epoch 94: reducing lr to 4.3088862730677523e-07
Epoch 97: reducing lr to 7.40578332925491e-08
[I 2024-06-21 01:49:00,692] Trial 533 finished with value: 0.9741705656051636 and parameters: {'hidden_size': 125, 'n_layers': 2, 'rnn_dropout': 0.4054780087979806, 'bidirectional': True, 'fc_dropout': 0.04137689061782683, 'learning_rate_model': 0.0003771384988138175}. Best is trial 502 with value: 0.9691120386123657.
Epoch 49: reducing lr to 4.185387872987765e-05
Epoch 53: reducing lr to 3.764928764982761e-05
Epoch 65: reducing lr to 2.3891137176698452e-05
Epoch 72: reducing lr to 1.609702316558605e-05
Epoch 75: reducing lr to 1.3026867959276417e-05
Epoch 78: reducing lr to 1.0190141238582948e-05
Epoch 81: reducing lr to 7.631571483419312e-06
Epoch 84: reducing lr to 5.3915164054705235e-06
Epoch 87: reducing lr to 3.5052938506593665e-06
Epoch 90: reducing lr to 2.002661846728089e-06
Epoch 93: reducing lr to 9.073102686753048e-07
Epoch 96: reducing lr to 2.3651669241683306e-07
Epoch 99: reducing lr to 8.579482067383286e-10
[I 2024-06-21 01:49:28,020] Trial 534 finished with value: 0.9707563519477844 and parameters: {'hidden_size': 113, 'n_layers': 2, 'rnn_dropout': 0.40253832556432323, 'bidirectional': True, 'fc_dropout': 0.04563382586012093, 'learning_rate_model': 0.0005565563507236146}. Best is trial 502 with value: 0.9691120386123657.
Epoch 49: reducing lr to 4.242252090212569e-05
Epoch 53: reducing lr to 3.816080470302503e-05
Epoch 65: reducing lr to 2.421573094324787e-05
Epoch 72: reducing lr to 1.631572323586345e-05
Epoch 75: reducing lr to 1.3203855773040577e-05
Epoch 78: reducing lr to 1.0328588240993874e-05
Epoch 81: reducing lr to 7.735256817196991e-06
Epoch 84: reducing lr to 5.46476752803206e-06
Epoch 87: reducing lr to 3.5529180606512567e-06
Epoch 90: reducing lr to 2.0298707462939223e-06
Epoch 93: reducing lr to 9.196373193033278e-07
Epoch 96: reducing lr to 2.3973009508895457e-07
Epoch 99: reducing lr to 8.696046062601527e-10
[I 2024-06-21 01:49:55,262] Trial 535 finished with value: 0.9706781506538391 and parameters: {'hidden_size': 113, 'n_layers': 2, 'rnn_dropout': 0.40121721569783514, 'bidirectional': True, 'fc_dropout': 0.05570314932431539, 'learning_rate_model': 0.00056411792976618}. Best is trial 502 with value: 0.9691120386123657.
Epoch 40: reducing lr to 5.3805345967610535e-05
Epoch 49: reducing lr to 4.529601459838675e-05
Epoch 53: reducing lr to 4.074563062629771e-05
Epoch 65: reducing lr to 2.5855985900663428e-05
Epoch 72: reducing lr to 1.7420870381087542e-05
Epoch 75: reducing lr to 1.4098220264432015e-05
Epoch 78: reducing lr to 1.1028196198527697e-05
Epoch 81: reducing lr to 8.259205211363778e-06
Epoch 84: reducing lr to 5.834924103110682e-06
Epoch 87: reducing lr to 3.793575320840191e-06
Epoch 90: reducing lr to 2.167364244314875e-06
Epoch 93: reducing lr to 9.819290451053178e-07
Epoch 96: reducing lr to 2.559682370567888e-07
Epoch 99: reducing lr to 9.285073612427287e-10
[I 2024-06-21 01:50:22,508] Trial 536 finished with value: 0.9703018665313721 and parameters: {'hidden_size': 113, 'n_layers': 2, 'rnn_dropout': 0.3996815221539086, 'bidirectional': True, 'fc_dropout': 0.057022126024537254, 'learning_rate_model': 0.0006023285141600399}. Best is trial 502 with value: 0.9691120386123657.
Epoch 49: reducing lr to 3.958217397932706e-05
Epoch 61: reducing lr to 2.6991262347745805e-05
Epoch 65: reducing lr to 2.259439691110347e-05
Epoch 68: reducing lr to 1.935851393727828e-05
Epoch 72: reducing lr to 1.5223324356665848e-05
Epoch 75: reducing lr to 1.2319808094672798e-05
Epoch 78: reducing lr to 9.637050510484063e-06
Epoch 81: reducing lr to 7.217352354412421e-06
Epoch 84: reducing lr to 5.0988808409144605e-06
Epoch 87: reducing lr to 3.3150368676922343e-06
Epoch 90: reducing lr to 1.8939632847544052e-06
Epoch 93: reducing lr to 8.580641507497516e-07
Epoch 96: reducing lr to 2.2367926587351684e-07
Epoch 99: reducing lr to 8.113813155423769e-10
[I 2024-06-21 01:50:50,050] Trial 537 finished with value: 0.9745479822158813 and parameters: {'hidden_size': 114, 'n_layers': 2, 'rnn_dropout': 0.4019936217615355, 'bidirectional': True, 'fc_dropout': 0.05706289507453896, 'learning_rate_model': 0.0005263481180757434}. Best is trial 502 with value: 0.9691120386123657.
Epoch 40: reducing lr to 5.378595734410796e-05
Epoch 53: reducing lr to 4.07309480389566e-05
Epoch 56: reducing lr to 3.7116777136661834e-05
Epoch 61: reducing lr to 3.0876425693578316e-05
Epoch 65: reducing lr to 2.584666876001689e-05
Epoch 68: reducing lr to 2.2145007870385583e-05
Epoch 72: reducing lr to 1.7414592813480985e-05
Epoch 75: reducing lr to 1.4093140005586957e-05
Epoch 79: reducing lr to 1.0065862318632958e-05
Epoch 82: reducing lr to 7.408134384022402e-06
Epoch 86: reducing lr to 4.42776043708664e-06
Epoch 89: reducing lr to 2.6606271297193567e-06
Epoch 92: reducing lr to 1.326319287619658e-06
Epoch 95: reducing lr to 4.4588367376198825e-07
Epoch 98: reducing lr to 3.320294042787313e-08
[I 2024-06-21 01:51:17,407] Trial 538 finished with value: 0.9728271961212158 and parameters: {'hidden_size': 110, 'n_layers': 2, 'rnn_dropout': 0.42529709044741604, 'bidirectional': True, 'fc_dropout': 0.054117214813620924, 'learning_rate_model': 0.0006021114665679114}. Best is trial 502 with value: 0.9691120386123657.
Epoch 49: reducing lr to 4.391852949745788e-05
Epoch 52: reducing lr to 4.064157903104816e-05
Epoch 58: reducing lr to 3.360091935224672e-05
Epoch 61: reducing lr to 2.9948242666312783e-05
Epoch 65: reducing lr to 2.5069686362750892e-05
Epoch 68: reducing lr to 2.1479301915689266e-05
Epoch 72: reducing lr to 1.6891088906758544e-05
Epoch 75: reducing lr to 1.3669483022622661e-05
Epoch 78: reducing lr to 1.0692820645329837e-05
Epoch 81: reducing lr to 8.008036709564225e-06
Epoch 84: reducing lr to 5.657479771896336e-06
Epoch 87: reducing lr to 3.6782099066852987e-06
Epoch 90: reducing lr to 2.101453104420988e-06
Epoch 93: reducing lr to 9.520678610299739e-07
Epoch 96: reducing lr to 2.481840548062501e-07
Epoch 99: reducing lr to 9.002707698356656e-10
[I 2024-06-21 01:51:44,957] Trial 539 finished with value: 0.9747471213340759 and parameters: {'hidden_size': 114, 'n_layers': 2, 'rnn_dropout': 0.4265517900196575, 'bidirectional': True, 'fc_dropout': 0.0508744491680628, 'learning_rate_model': 0.0005840112612741839}. Best is trial 502 with value: 0.9691120386123657.
Epoch 40: reducing lr to 5.231572152126896e-05
Epoch 53: reducing lr to 3.961757008935638e-05
Epoch 56: reducing lr to 3.61021923255089e-05
Epoch 61: reducing lr to 3.0032420503794362e-05
Epoch 65: reducing lr to 2.514015166543564e-05
Epoch 68: reducing lr to 2.153967544765315e-05
Epoch 72: reducing lr to 1.6938565994236518e-05
Epoch 75: reducing lr to 1.3707904893754018e-05
Epoch 78: reducing lr to 1.0722875781737387e-05
Epoch 81: reducing lr to 8.030545516514779e-06
Epoch 84: reducing lr to 5.673381687013718e-06
Epoch 87: reducing lr to 3.688548535205115e-06
Epoch 90: reducing lr to 2.1073598208807934e-06
Epoch 93: reducing lr to 9.547439116607383e-07
Epoch 96: reducing lr to 2.488816448873712e-07
Epoch 99: reducing lr to 9.028012303989759e-10
[I 2024-06-21 01:52:12,288] Trial 540 finished with value: 0.9729089736938477 and parameters: {'hidden_size': 110, 'n_layers': 2, 'rnn_dropout': 0.4005565858677057, 'bidirectional': True, 'fc_dropout': 0.06926780338135888, 'learning_rate_model': 0.0005856527868083097}. Best is trial 502 with value: 0.9691120386123657.
Epoch 73: reducing lr to 8.57420327223841e-06
Epoch 78: reducing lr to 5.8052302560606785e-06
Epoch 87: reducing lr to 1.996933844369456e-06
Epoch 90: reducing lr to 1.1408981360596868e-06
Epoch 93: reducing lr to 5.16886361045263e-07
Epoch 96: reducing lr to 1.347413962902598e-07
Epoch 99: reducing lr to 4.887652458652504e-10
[I 2024-06-21 01:52:40,260] Trial 541 finished with value: 0.9759871959686279 and parameters: {'hidden_size': 111, 'n_layers': 2, 'rnn_dropout': 0.39887236004770843, 'bidirectional': True, 'fc_dropout': 0.07552300424539292, 'learning_rate_model': 0.00031706506227707044}. Best is trial 502 with value: 0.9691120386123657.
Epoch 40: reducing lr to 5.366259179037161e-05
Epoch 49: reducing lr to 4.51758370364752e-05
Epoch 53: reducing lr to 4.0637525959901944e-05
Epoch 61: reducing lr to 3.080560632842845e-05
Epoch 65: reducing lr to 2.5787385840064023e-05
Epoch 68: reducing lr to 2.2094215223134788e-05
Epoch 72: reducing lr to 1.737465002931181e-05
Epoch 75: reducing lr to 1.4060815434146314e-05
Epoch 78: reducing lr to 1.0998936632467144e-05
Epoch 81: reducing lr to 8.237292220686138e-06
Epoch 84: reducing lr to 5.819443117446312e-06
Epoch 87: reducing lr to 3.7835103595620642e-06
Epoch 90: reducing lr to 2.1616138807792425e-06
Epoch 93: reducing lr to 9.793238305040542e-07
Epoch 96: reducing lr to 2.5528911243779143e-07
Epoch 99: reducing lr to 9.26043882906475e-10
[I 2024-06-21 01:53:12,873] Trial 542 finished with value: 0.972256064414978 and parameters: {'hidden_size': 126, 'n_layers': 2, 'rnn_dropout': 0.43109696389369007, 'bidirectional': True, 'fc_dropout': 0.06009866584572237, 'learning_rate_model': 0.00060073044040138}. Best is trial 502 with value: 0.9691120386123657.
Epoch 40: reducing lr to 5.386133175648445e-05
Epoch 47: reducing lr to 4.7468658963278516e-05
Epoch 58: reducing lr to 3.4690856380860846e-05
Epoch 61: reducing lr to 3.091969521145731e-05
Epoch 65: reducing lr to 2.5882889691387732e-05
Epoch 68: reducing lr to 2.21760413787161e-05
Epoch 72: reducing lr to 1.743899722617358e-05
Epoch 75: reducing lr to 1.4112889810162613e-05
Epoch 78: reducing lr to 1.1039671308536335e-05
Epoch 81: reducing lr to 8.267799117989865e-06
Epoch 84: reducing lr to 5.84099548548092e-06
Epoch 87: reducing lr to 3.7975226294797017e-06
Epoch 90: reducing lr to 2.1696194402403547e-06
Epoch 93: reducing lr to 9.829507664830033e-07
Epoch 96: reducing lr to 2.562345783174995e-07
Epoch 99: reducing lr to 9.29473496042929e-10
[I 2024-06-21 01:53:38,677] Trial 543 finished with value: 0.9734294414520264 and parameters: {'hidden_size': 112, 'n_layers': 2, 'rnn_dropout': 0.4322124957842355, 'bidirectional': True, 'fc_dropout': 0.06180273181761194, 'learning_rate_model': 0.0006029552518274605}. Best is trial 502 with value: 0.9691120386123657.
Epoch 40: reducing lr to 5.348037543003939e-05
Epoch 49: reducing lr to 4.5022438247391275e-05
Epoch 52: reducing lr to 4.166312039905048e-05
Epoch 55: reducing lr to 3.811883508305197e-05
Epoch 61: reducing lr to 3.0701003004665753e-05
Epoch 65: reducing lr to 2.5699822354337966e-05
Epoch 68: reducing lr to 2.2019192244407192e-05
Epoch 72: reducing lr to 1.7315652776574656e-05
Epoch 75: reducing lr to 1.4013070617389755e-05
Epoch 78: reducing lr to 1.0961588712178052e-05
Epoch 81: reducing lr to 8.20932172285201e-06
Epoch 84: reducing lr to 5.799682652872333e-06
Epoch 87: reducing lr to 3.770663095499754e-06
Epoch 90: reducing lr to 2.1542739182344285e-06
Epoch 93: reducing lr to 9.759984446434879e-07
Epoch 96: reducing lr to 2.544222543277149e-07
Epoch 99: reducing lr to 9.22899414095707e-10
[I 2024-06-21 01:54:08,225] Trial 544 finished with value: 0.9736599922180176 and parameters: {'hidden_size': 117, 'n_layers': 2, 'rnn_dropout': 0.4278344088588055, 'bidirectional': True, 'fc_dropout': 0.042973507545863876, 'learning_rate_model': 0.0005986906038832647}. Best is trial 502 with value: 0.9691120386123657.
Epoch 61: reducing lr to 1.9292080220792744e-05
Epoch 65: reducing lr to 1.6149408357917865e-05
Epoch 72: reducing lr to 1.0880913642798677e-05
Epoch 75: reducing lr to 8.80561727736491e-06
Epoch 78: reducing lr to 6.888108794052657e-06
Epoch 81: reducing lr to 5.158622772405468e-06
Epoch 84: reducing lr to 3.6444393356578327e-06
Epoch 87: reducing lr to 2.369431868819036e-06
Epoch 90: reducing lr to 1.353715552609926e-06
Epoch 93: reducing lr to 6.133037505833146e-07
Epoch 96: reducing lr to 1.5987538060887912e-07
Epoch 99: reducing lr to 5.799370636115023e-10
