[I 2024-06-21 01:15:33,567] Trial 445 finished with value: 0.9856570959091187 and parameters: {'hidden_size': 140, 'n_layers': 2, 'rnn_dropout': 0.2814360066699812, 'bidirectional': True, 'fc_dropout': 0.4070378744618032, 'learning_rate_model': 0.0012662396604266074}. Best is trial 235 with value: 0.9706074595451355.
Epoch 27: reducing lr to 0.00016635208753917001
Epoch 33: reducing lr to 0.0001612424553297547
Epoch 36: reducing lr to 0.0001568229697806371
Epoch 40: reducing lr to 0.00014914582139289825
Epoch 46: reducing lr to 0.00013426324822546628
Epoch 61: reducing lr to 8.56188138900905e-05
Epoch 64: reducing lr to 7.514253695818199e-05
Epoch 67: reducing lr to 6.479774158594829e-05
Epoch 70: reducing lr to 5.4747640457269964e-05
Epoch 73: reducing lr to 4.5150698261058484e-05
Epoch 76: reducing lr to 3.615825134279402e-05
Epoch 79: reducing lr to 2.7912142456358006e-05
Epoch 82: reducing lr to 2.0542393261222307e-05
Epoch 85: reducing lr to 1.4165250817920653e-05
Epoch 88: reducing lr to 8.881260584064867e-06
Epoch 91: reducing lr to 4.773785536928208e-06
Epoch 94: reducing lr to 1.9075821448435006e-06
Epoch 97: reducing lr to 3.278605920923683e-07
[I 2024-06-21 01:15:48,250] Trial 446 finished with value: 0.9807913303375244 and parameters: {'hidden_size': 145, 'n_layers': 1, 'rnn_dropout': 0.353262326945909, 'bidirectional': True, 'fc_dropout': 0.42969028925002234, 'learning_rate_model': 0.0016696255618696585}. Best is trial 235 with value: 0.9706074595451355.
Epoch 27: reducing lr to 0.0001421718350322154
Epoch 33: reducing lr to 0.00013780491786094014
Epoch 36: reducing lr to 0.00013402783048132753
Epoch 40: reducing lr to 0.00012746660068105564
Epoch 46: reducing lr to 0.00011474729689283717
Epoch 61: reducing lr to 7.31736166591218e-05
Epoch 64: reducing lr to 6.422012808108161e-05
Epoch 67: reducing lr to 5.5379009446144556e-05
Epoch 72: reducing lr to 4.127060403475982e-05
Epoch 75: reducing lr to 3.3399138699743744e-05
Epoch 78: reducing lr to 2.6126152630191767e-05
Epoch 81: reducing lr to 1.9566323637311878e-05
Epoch 84: reducing lr to 1.3823123469983806e-05
Epoch 87: reducing lr to 8.987102338606506e-06
Epoch 90: reducing lr to 5.134555826976522e-06
Epoch 93: reducing lr to 2.326221590786084e-06
Epoch 96: reducing lr to 6.063970126610066e-07
Epoch 99: reducing lr to 2.1996638980116905e-09
[I 2024-06-21 01:16:03,850] Trial 447 finished with value: 0.9787084460258484 and parameters: {'hidden_size': 153, 'n_layers': 1, 'rnn_dropout': 0.342318367919481, 'bidirectional': True, 'fc_dropout': 0.41575639423704785, 'learning_rate_model': 0.0014269356847824946}. Best is trial 235 with value: 0.9706074595451355.
Epoch 27: reducing lr to 0.00011455401624751242
Epoch 33: reducing lr to 0.0001110354016043487
Epoch 36: reducing lr to 0.00010799203841673584
Epoch 40: reducing lr to 0.00010270537087830462
Epoch 44: reducing lr to 9.615224657402876e-05
Epoch 47: reducing lr to 9.051551576855202e-05
Epoch 55: reducing lr to 7.32045925850917e-05
Epoch 64: reducing lr to 5.174494367291923e-05
Epoch 72: reducing lr to 3.3253516380872864e-05
Epoch 75: reducing lr to 2.6911135221659154e-05
Epoch 78: reducing lr to 2.1050974774334252e-05
Epoch 81: reducing lr to 1.57654359271991e-05
Epoch 84: reducing lr to 1.1137890357911505e-05
Epoch 87: reducing lr to 7.2412982999164705e-06
Epoch 90: reducing lr to 4.1371344155046594e-06
Epoch 93: reducing lr to 1.8743376692425834e-06
Epoch 96: reducing lr to 4.886003843523108e-07
Epoch 99: reducing lr to 1.772364644912934e-09
[I 2024-06-21 01:16:19,955] Trial 448 finished with value: 0.9777215719223022 and parameters: {'hidden_size': 151, 'n_layers': 1, 'rnn_dropout': 0.29964519196199046, 'bidirectional': True, 'fc_dropout': 0.6175159816033816, 'learning_rate_model': 0.0011497439952272521}. Best is trial 235 with value: 0.9706074595451355.
Epoch 33: reducing lr to 8.432941018736729e-05
Epoch 40: reducing lr to 7.800290019307702e-05
Epoch 49: reducing lr to 6.56667184704849e-05
Epoch 52: reducing lr to 6.0767042042750537e-05
Epoch 55: reducing lr to 5.55975844326169e-05
Epoch 64: reducing lr to 3.9299363239704975e-05
Epoch 67: reducing lr to 3.3889060534592964e-05
Epoch 72: reducing lr to 2.525545350884861e-05
Epoch 75: reducing lr to 2.043852796427514e-05
Epoch 78: reducing lr to 1.598784046293959e-05
Epoch 81: reducing lr to 1.1973567834020957e-05
Epoch 84: reducing lr to 8.459029382007976e-06
Epoch 87: reducing lr to 5.499637104917931e-06
Epoch 90: reducing lr to 3.1420799140127654e-06
Epoch 93: reducing lr to 1.4235260813700743e-06
Epoch 96: reducing lr to 3.7108329086402547e-07
Epoch 99: reducing lr to 1.3460793853257297e-09
[I 2024-06-21 01:16:33,517] Trial 449 finished with value: 0.9807578325271606 and parameters: {'hidden_size': 137, 'n_layers': 1, 'rnn_dropout': 0.33047236140762143, 'bidirectional': True, 'fc_dropout': 0.37398866425211935, 'learning_rate_model': 0.0008732100896024864}. Best is trial 235 with value: 0.9706074595451355.
Epoch 27: reducing lr to 0.0002027977239072953
Epoch 31: reducing lr to 0.00019933419116446583
Epoch 34: reducing lr to 0.0001949351125895775
Epoch 40: reducing lr to 0.00018182178267911304
Epoch 46: reducing lr to 0.00016367862614356113
Epoch 49: reducing lr to 0.00015306661400329167
Epoch 52: reducing lr to 0.00014164565528975193
Epoch 55: reducing lr to 0.0001295958469386257
Epoch 58: reducing lr to 0.00011710726683013786
Epoch 61: reducing lr to 0.00010437681208217019
Epoch 64: reducing lr to 9.160531550378614e-05
Epoch 67: reducing lr to 7.899410643024966e-05
Epoch 70: reducing lr to 6.674215537821255e-05
Epoch 73: reducing lr to 5.504264464376929e-05
Epoch 76: reducing lr to 4.40800664497818e-05
Epoch 79: reducing lr to 3.402733950178252e-05
Epoch 82: reducing lr to 2.5042971558763943e-05
Epoch 85: reducing lr to 1.72686779405389e-05
Epoch 88: reducing lr to 1.082703234157995e-05
Epoch 91: reducing lr to 5.819661512108466e-06
Epoch 94: reducing lr to 2.3255092428543787e-06
Epoch 97: reducing lr to 3.996906971159668e-07
[I 2024-06-21 01:16:48,357] Trial 450 finished with value: 0.985270619392395 and parameters: {'hidden_size': 146, 'n_layers': 1, 'rnn_dropout': 0.2686104913302195, 'bidirectional': True, 'fc_dropout': 0.5829659554040613, 'learning_rate_model': 0.002035419385073111}. Best is trial 235 with value: 0.9706074595451355.
Epoch 23: reducing lr to 9.91432794058585e-05
Epoch 40: reducing lr to 8.897925595185138e-05
Epoch 43: reducing lr to 8.481591623242792e-05
Epoch 46: reducing lr to 8.010042666438104e-05
Epoch 55: reducing lr to 6.342112515418433e-05
Epoch 64: reducing lr to 4.4829462645554835e-05
Epoch 72: reducing lr to 2.8809332170746267e-05
Epoch 75: reducing lr to 2.3314581977218787e-05
Epoch 78: reducing lr to 1.8237605847321135e-05
Epoch 81: reducing lr to 1.365845570258377e-05
Epoch 84: reducing lr to 9.64936096764158e-06
Epoch 87: reducing lr to 6.273531066018276e-06
Epoch 90: reducing lr to 3.58422484546192e-06
Epoch 93: reducing lr to 1.623840796109331e-06
Epoch 96: reducing lr to 4.233011213110706e-07
Epoch 99: reducing lr to 1.5354960118283898e-09
[I 2024-06-21 01:17:03,497] Trial 451 finished with value: 0.978605329990387 and parameters: {'hidden_size': 143, 'n_layers': 1, 'rnn_dropout': 0.3189322566087068, 'bidirectional': True, 'fc_dropout': 0.6041928834735001, 'learning_rate_model': 0.000996085836169648}. Best is trial 235 with value: 0.9706074595451355.
Epoch 27: reducing lr to 0.00014045958622770514
Epoch 36: reducing lr to 0.00013241366412790911
Epoch 40: reducing lr to 0.00012593145460531094
Epoch 61: reducing lr to 7.229234901832725e-05
Epoch 65: reducing lr to 6.05159553603658e-05
Epoch 72: reducing lr to 4.077356084470801e-05
Epoch 75: reducing lr to 3.2996895630310564e-05
Epoch 78: reducing lr to 2.5811501886622472e-05
Epoch 81: reducing lr to 1.9330676300769747e-05
Epoch 84: reducing lr to 1.3656644457943822e-05
Epoch 87: reducing lr to 8.87886602561382e-06
Epoch 90: reducing lr to 5.072717720473654e-06
Epoch 93: reducing lr to 2.2982057032725933e-06
Epoch 96: reducing lr to 5.990938603893164e-07
Epoch 99: reducing lr to 2.1731722101318505e-09
[I 2024-06-21 01:17:18,660] Trial 452 finished with value: 0.9774678349494934 and parameters: {'hidden_size': 148, 'n_layers': 1, 'rnn_dropout': 0.34630405092188604, 'bidirectional': True, 'fc_dropout': 0.631869454229158, 'learning_rate_model': 0.0014097503616850736}. Best is trial 235 with value: 0.9706074595451355.
Epoch 27: reducing lr to 0.0001132896909212336
Epoch 33: reducing lr to 0.0001098099110020935
Epoch 40: reducing lr to 0.0001015718182906264
Epoch 43: reducing lr to 9.681927253218293e-05
Epoch 46: reducing lr to 9.143643532554031e-05
Epoch 55: reducing lr to 7.239663819434144e-05
Epoch 64: reducing lr to 5.117383805012563e-05
Epoch 72: reducing lr to 3.288649945448833e-05
Epoch 75: reducing lr to 2.661411874913198e-05
Epoch 78: reducing lr to 2.0818636516611875e-05
Epoch 81: reducing lr to 1.559143382255427e-05
Epoch 84: reducing lr to 1.1014962176760716e-05
Epoch 87: reducing lr to 7.161376555261598e-06
Epoch 90: reducing lr to 4.091473128444746e-06
Epoch 93: reducing lr to 1.8536507246652653e-06
Epoch 96: reducing lr to 4.832077332641779e-07
Epoch 99: reducing lr to 1.7528031700554668e-09
[I 2024-06-21 01:17:34,761] Trial 453 finished with value: 0.9778214693069458 and parameters: {'hidden_size': 151, 'n_layers': 1, 'rnn_dropout': 0.3660213779109298, 'bidirectional': True, 'fc_dropout': 0.3179057181993933, 'learning_rate_model': 0.0011370543445321428}. Best is trial 235 with value: 0.9706074595451355.
Epoch 27: reducing lr to 0.0001697604213821887
Epoch 33: reducing lr to 0.00016454609957949955
Epoch 36: reducing lr to 0.0001600360646276746
Epoch 40: reducing lr to 0.00015220162164234532
Epoch 46: reducing lr to 0.00013701412427138737
Epoch 49: reducing lr to 0.00012813089018998039
Epoch 52: reducing lr to 0.00011857049312810124
Epoch 61: reducing lr to 8.73730299344909e-05
Epoch 64: reducing lr to 7.668210797020519e-05
Epoch 67: reducing lr to 6.612536144852776e-05
Epoch 70: reducing lr to 5.5869347064961267e-05
Epoch 73: reducing lr to 4.607577623991375e-05
Epoch 76: reducing lr to 3.689908600005072e-05
Epoch 79: reducing lr to 2.848402526932697e-05
Epoch 82: reducing lr to 2.0963279678727198e-05
Epoch 85: reducing lr to 1.4455478037018197e-05
Epoch 88: reducing lr to 9.063225845007015e-06
Epoch 91: reducing lr to 4.871594076908174e-06
Epoch 94: reducing lr to 1.9466659752828208e-06
Epoch 97: reducing lr to 3.345780211811691e-07
[I 2024-06-21 01:17:50,586] Trial 454 finished with value: 0.9818753004074097 and parameters: {'hidden_size': 154, 'n_layers': 1, 'rnn_dropout': 0.31415222028438994, 'bidirectional': True, 'fc_dropout': 0.5662505103534411, 'learning_rate_model': 0.00170383397723655}. Best is trial 235 with value: 0.9706074595451355.
Epoch 40: reducing lr to 6.89436167059428e-05
Epoch 43: reducing lr to 6.571774462191593e-05
Epoch 49: reducing lr to 5.804016334469544e-05
Epoch 52: reducing lr to 5.370953701181913e-05
Epoch 55: reducing lr to 4.9140461975269346e-05
Epoch 58: reducing lr to 4.440501241848774e-05
Epoch 61: reducing lr to 3.957784825969601e-05
Epoch 64: reducing lr to 3.473512176187404e-05
Epoch 67: reducing lr to 2.9953173461989245e-05
Epoch 72: reducing lr to 2.2322276506884976e-05
Epoch 75: reducing lr to 1.806479034131785e-05
Epoch 78: reducing lr to 1.4131007207479433e-05
Epoch 81: reducing lr to 1.0582953573623814e-05
Epoch 84: reducing lr to 7.4765948185760774e-06
Epoch 87: reducing lr to 4.860907371965833e-06
Epoch 90: reducing lr to 2.777157678944401e-06
Epoch 93: reducing lr to 1.2581972757674657e-06
Epoch 96: reducing lr to 3.279855506395563e-07
Epoch 99: reducing lr to 1.1897452654682263e-09
[I 2024-06-21 01:18:03,113] Trial 455 finished with value: 0.983430027961731 and parameters: {'hidden_size': 124, 'n_layers': 1, 'rnn_dropout': 0.2905552078461847, 'bidirectional': True, 'fc_dropout': 0.6760181629551636, 'learning_rate_model': 0.000771795171362858}. Best is trial 235 with value: 0.9706074595451355.
Epoch 38: reducing lr to 0.00011763320462374934
Epoch 47: reducing lr to 0.00010090900268394602
Epoch 50: reducing lr to 9.404435580828965e-05
Epoch 53: reducing lr to 8.670729829462718e-05
Epoch 56: reducing lr to 7.901351728532411e-05
Epoch 59: reducing lr to 7.108438242037979e-05
Epoch 62: reducing lr to 6.30449118134667e-05
Epoch 65: reducing lr to 5.502191640503283e-05
Epoch 68: reducing lr to 4.714188830856335e-05
Epoch 71: reducing lr to 3.9529146944429146e-05
Epoch 74: reducing lr to 3.230371538240537e-05
Epoch 77: reducing lr to 2.557956428254197e-05
Epoch 80: reducing lr to 1.9462717624947026e-05
Epoch 83: reducing lr to 1.4049659757303569e-05
Epoch 86: reducing lr to 9.425735551954884e-06
Epoch 89: reducing lr to 5.6638944413154365e-06
Epoch 92: reducing lr to 2.8234442762187404e-06
Epoch 95: reducing lr to 9.491890212967287e-07
Epoch 98: reducing lr to 7.068181318012953e-08
[I 2024-06-21 01:18:38,675] Trial 456 finished with value: 0.9899387359619141 and parameters: {'hidden_size': 133, 'n_layers': 2, 'rnn_dropout': 0.35950970499882234, 'bidirectional': True, 'fc_dropout': 0.41833293223906287, 'learning_rate_model': 0.001281763893351713}. Best is trial 235 with value: 0.9706074595451355.
Epoch 40: reducing lr to 8.079364623512403e-05
Epoch 43: reducing lr to 7.701331122502057e-05
Epoch 46: reducing lr to 7.273162116242493e-05
Epoch 49: reducing lr to 6.801610720105913e-05
Epoch 52: reducing lr to 6.29411327707612e-05
Epoch 55: reducing lr to 5.758672507121678e-05
Epoch 61: reducing lr to 4.638048921453912e-05
Epoch 72: reducing lr to 2.615902961621722e-05
Epoch 75: reducing lr to 2.116976668591732e-05
Epoch 78: reducing lr to 1.6559844867678224e-05
Epoch 81: reducing lr to 1.2401951739738108e-05
Epoch 84: reducing lr to 8.761672010794408e-06
Epoch 87: reducing lr to 5.6964001796915e-06
Epoch 90: reducing lr to 3.2544955685861522e-06
Epoch 93: reducing lr to 1.474456236114335e-06
Epoch 96: reducing lr to 3.843597103649087e-07
Epoch 99: reducing lr to 1.3942386936052937e-09
[I 2024-06-21 01:18:52,950] Trial 457 finished with value: 0.9813567399978638 and parameters: {'hidden_size': 140, 'n_layers': 1, 'rnn_dropout': 0.3362449289408925, 'bidirectional': True, 'fc_dropout': 0.620801562323371, 'learning_rate_model': 0.0009044513331383252}. Best is trial 235 with value: 0.9706074595451355.
Epoch 27: reducing lr to 0.0001559527375446362
Epoch 33: reducing lr to 0.00015116252936214536
Epoch 36: reducing lr to 0.00014701932394693492
Epoch 40: reducing lr to 0.0001398221055331753
Epoch 46: reducing lr to 0.00012586990293984835
Epoch 61: reducing lr to 8.026643133252114e-05
Epoch 64: reducing lr to 7.044506935879687e-05
Epoch 67: reducing lr to 6.074696949420061e-05
Epoch 72: reducing lr to 4.527101783474256e-05
Epoch 75: reducing lr to 3.6636561036704466e-05
Epoch 78: reducing lr to 2.8658594884592676e-05
Epoch 81: reducing lr to 2.1462913060323596e-05
Epoch 84: reducing lr to 1.516301696516053e-05
Epoch 87: reducing lr to 9.858233960206658e-06
Epoch 90: reducing lr to 5.632255060302946e-06
Epoch 93: reducing lr to 2.551705301801323e-06
Epoch 96: reducing lr to 6.65175870747845e-07
Epoch 99: reducing lr to 2.412880205793916e-09
[I 2024-06-21 01:19:07,595] Trial 458 finished with value: 0.9795483946800232 and parameters: {'hidden_size': 145, 'n_layers': 1, 'rnn_dropout': 0.3697394758726426, 'bidirectional': True, 'fc_dropout': 0.5868023071881182, 'learning_rate_model': 0.0015652504329815742}. Best is trial 235 with value: 0.9706074595451355.
Epoch 27: reducing lr to 0.00011258802748498288
Epoch 40: reducing lr to 0.00010094272988488977
Epoch 43: reducing lr to 9.621961917530813e-05
Epoch 46: reducing lr to 9.087012074839452e-05
Epoch 49: reducing lr to 8.497860731570035e-05
Epoch 55: reducing lr to 7.194824722853185e-05
Epoch 64: reducing lr to 5.085689119679408e-05
Epoch 72: reducing lr to 3.268281583574196e-05
Epoch 75: reducing lr to 2.6449283327105043e-05
Epoch 78: reducing lr to 2.0689695604887985e-05
Epoch 81: reducing lr to 1.549486776307393e-05
Epoch 84: reducing lr to 1.0946740645319773e-05
Epoch 87: reducing lr to 7.117022333432668e-06
Epoch 90: reducing lr to 4.066132454714523e-06
Epoch 93: reducing lr to 1.842170077781145e-06
Epoch 96: reducing lr to 4.802149702352659e-07
Epoch 99: reducing lr to 1.741947125823498e-09
[I 2024-06-21 01:19:22,737] Trial 459 finished with value: 0.9779208898544312 and parameters: {'hidden_size': 148, 'n_layers': 1, 'rnn_dropout': 0.30317399890200775, 'bidirectional': True, 'fc_dropout': 0.6084764258070499, 'learning_rate_model': 0.001130011960956898}. Best is trial 235 with value: 0.9706074595451355.
Epoch 22: reducing lr to 0.00018231817756971886
Epoch 25: reducing lr to 0.0001853677074890166
Epoch 28: reducing lr to 0.00018420456178545836
Epoch 31: reducing lr to 0.0001815986012732215
Epoch 34: reducing lr to 0.00017759092696795597
Epoch 37: reducing lr to 0.00017224473743620474
Epoch 40: reducing lr to 0.00016564434441800172
Epoch 43: reducing lr to 0.00015789384492195623
Epoch 46: reducing lr to 0.00014911545978315806
Epoch 49: reducing lr to 0.00013944764238510134
Epoch 52: reducing lr to 0.00012904285374617288
Epoch 55: reducing lr to 0.00011806516683058777
Epoch 58: reducing lr to 0.00010668774750106204
Epoch 61: reducing lr to 9.5089974122106e-05
Epoch 64: reducing lr to 8.345481057464071e-05
Epoch 67: reducing lr to 7.196567308779171e-05
Epoch 70: reducing lr to 6.080382894594969e-05
Epoch 73: reducing lr to 5.014527221494226e-05
Epoch 76: reducing lr to 4.015808007922935e-05
Epoch 79: reducing lr to 3.0999785949788886e-05
Epoch 82: reducing lr to 2.281479449275385e-05
Epoch 85: reducing lr to 1.5732212028051852e-05
Epoch 88: reducing lr to 9.863706360082528e-06
Epoch 91: reducing lr to 5.301862085519099e-06
Epoch 94: reducing lr to 2.118599038545589e-06
Epoch 97: reducing lr to 3.6412855774598745e-07
[I 2024-06-21 01:20:25,962] Trial 460 finished with value: 1.0528029203414917 and parameters: {'hidden_size': 142, 'n_layers': 3, 'rnn_dropout': 0.3825298726227458, 'bidirectional': True, 'fc_dropout': 0.5536286846106392, 'learning_rate_model': 0.0018543196787986329}. Best is trial 235 with value: 0.9706074595451355.
Epoch 27: reducing lr to 0.00014043711049527982
Epoch 33: reducing lr to 0.00013612347672128263
Epoch 36: reducing lr to 0.0001323924758689634
Epoch 40: reducing lr to 0.0001259113036013556
Epoch 48: reducing lr to 0.000108516159538184
Epoch 61: reducing lr to 7.228078111088445e-05
Epoch 64: reducing lr to 6.343653946156244e-05
Epoch 67: reducing lr to 5.470329666171262e-05
Epoch 72: reducing lr to 4.076703643673993e-05
Epoch 75: reducing lr to 3.2991615610505765e-05
Epoch 78: reducing lr to 2.58073716422904e-05
Epoch 81: reducing lr to 1.932758308997647e-05
Epoch 84: reducing lr to 1.365445918106163e-05
Epoch 87: reducing lr to 8.877445268067876e-06
Epoch 90: reducing lr to 5.0719060062345575e-06
Epoch 93: reducing lr to 2.2978379543859985e-06
Epoch 96: reducing lr to 5.989979959939665e-07
Epoch 99: reducing lr to 2.1728244685480584e-09
[I 2024-06-21 01:20:42,105] Trial 461 finished with value: 0.9774088263511658 and parameters: {'hidden_size': 151, 'n_layers': 1, 'rnn_dropout': 0.3927620092968838, 'bidirectional': True, 'fc_dropout': 0.6498828837445867, 'learning_rate_model': 0.001409524779560231}. Best is trial 235 with value: 0.9706074595451355.
Epoch 27: reducing lr to 9.73524042189106e-05
Epoch 33: reducing lr to 9.436215030854811e-05
Epoch 38: reducing lr to 8.96725265276605e-05
Epoch 41: reducing lr to 8.598598643161297e-05
Epoch 44: reducing lr to 8.171387334692841e-05
Epoch 47: reducing lr to 7.69235629429501e-05
Epoch 55: reducing lr to 6.221207532895444e-05
Epoch 64: reducing lr to 4.397484119497368e-05
Epoch 72: reducing lr to 2.826011583405482e-05
Epoch 75: reducing lr to 2.2870116648098014e-05
Epoch 78: reducing lr to 1.7889927150219674e-05
Epoch 81: reducing lr to 1.3398073165377556e-05
Epoch 84: reducing lr to 9.465407148418978e-06
Epoch 87: reducing lr to 6.153933508887223e-06
Epoch 90: reducing lr to 3.5158957766783828e-06
Epoch 93: reducing lr to 1.5928841641359485e-06
Epoch 96: reducing lr to 4.1523137884755606e-07
Epoch 99: reducing lr to 1.506223570196287e-09
[I 2024-06-21 01:20:57,941] Trial 462 finished with value: 0.9796821475028992 and parameters: {'hidden_size': 154, 'n_layers': 1, 'rnn_dropout': 0.34592976737905595, 'bidirectional': True, 'fc_dropout': 0.4575599001109994, 'learning_rate_model': 0.000977096620774824}. Best is trial 235 with value: 0.9706074595451355.
Epoch 27: reducing lr to 0.00012165960787268151
Epoch 36: reducing lr to 0.0001146906016700828
Epoch 40: reducing lr to 0.00010907601109746512
Epoch 44: reducing lr to 0.0001021164075906221
Epoch 61: reducing lr to 6.261629462233125e-05
Epoch 64: reducing lr to 5.49545948964321e-05
Epoch 72: reducing lr to 3.531617568556996e-05
Epoch 75: reducing lr to 2.858038736417378e-05
Epoch 78: reducing lr to 2.2356731088761193e-05
Epoch 81: reducing lr to 1.6743339218249158e-05
Epoch 84: reducing lr to 1.182875483426674e-05
Epoch 87: reducing lr to 7.690463769977909e-06
Epoch 90: reducing lr to 4.393753856864907e-06
Epoch 93: reducing lr to 1.9905996605858784e-06
Epoch 96: reducing lr to 5.189074387257483e-07
Epoch 99: reducing lr to 1.8823014222377892e-09
