[I 2024-06-20 23:23:14,156] Trial 177 finished with value: 1.0950827598571777 and parameters: {'hidden_size': 16, 'n_layers': 2, 'rnn_dropout': 0.11632290733698857, 'bidirectional': False, 'fc_dropout': 0.6984755026157125, 'learning_rate_model': 0.006326416066049896}. Best is trial 115 with value: 0.9733659029006958.
Epoch 50: reducing lr to 2.5910848761230028e-05
Epoch 53: reducing lr to 2.3889362347133104e-05
Epoch 61: reducing lr to 1.8109524990008516e-05
Epoch 64: reducing lr to 1.5893652212978542e-05
Epoch 67: reducing lr to 1.370558954546157e-05
Epoch 71: reducing lr to 1.0890964580856426e-05
Epoch 76: reducing lr to 7.647954071495547e-06
Epoch 83: reducing lr to 3.87092458648267e-06
Epoch 86: reducing lr to 2.5969533870582812e-06
Epoch 89: reducing lr to 1.5605010104770072e-06
Epoch 92: reducing lr to 7.779077967847153e-07
Epoch 95: reducing lr to 2.61518014188695e-07
Epoch 98: reducing lr to 1.947406365580156e-08
[I 2024-06-20 23:24:37,494] Trial 178 finished with value: 1.0343188047409058 and parameters: {'hidden_size': 103, 'n_layers': 6, 'rnn_dropout': 0.3966611176681699, 'bidirectional': True, 'fc_dropout': 0.7397926508306973, 'learning_rate_model': 0.00035314815123986564}. Best is trial 115 with value: 0.9733659029006958.
[I 2024-06-20 23:25:03,624] Trial 179 finished with value: 1.0501258373260498 and parameters: {'hidden_size': 107, 'n_layers': 2, 'rnn_dropout': 0.7079732150704507, 'bidirectional': True, 'fc_dropout': 0.5740759697558036, 'learning_rate_model': 5.800691551121672e-05}. Best is trial 115 with value: 0.9733659029006958.
Epoch 12: reducing lr to 0.0001943476060971096
Epoch 51: reducing lr to 0.00025569650185547945
Epoch 54: reducing lr to 0.00023485718824227332
Epoch 57: reducing lr to 0.00021313395423313062
Epoch 63: reducing lr to 0.00016841482134810208
Epoch 66: reducing lr to 0.00014612415428178702
Epoch 69: reducing lr to 0.00012434892261278273
Epoch 72: reducing lr to 0.00010343266371765571
Epoch 75: reducing lr to 8.370514467586566e-05
Epoch 78: reducing lr to 6.5477538369896e-05
Epoch 81: reducing lr to 4.903725109679448e-05
Epoch 84: reducing lr to 3.4643604445291474e-05
Epoch 87: reducing lr to 2.25235359579988e-05
Epoch 90: reducing lr to 1.286825813704819e-05
Epoch 93: reducing lr to 5.829992101154562e-06
Epoch 96: reducing lr to 1.5197562467738831e-06
Epoch 99: reducing lr to 5.512812365502176e-09
[I 2024-06-20 23:25:30,926] Trial 180 finished with value: 0.991034984588623 and parameters: {'hidden_size': 37, 'n_layers': 6, 'rnn_dropout': 0.5953087370956281, 'bidirectional': True, 'fc_dropout': 0.49859771615006726, 'learning_rate_model': 0.003576195751981789}. Best is trial 115 with value: 0.9733659029006958.
Epoch 13: reducing lr to 0.00013999705001984893
Epoch 16: reducing lr to 0.00017901609903021932
Epoch 22: reducing lr to 0.00022813614195999762
Epoch 25: reducing lr to 0.00023195204227149637
Epoch 29: reducing lr to 0.0002296082781830566
Epoch 32: reducing lr to 0.00022575565945539525
Epoch 35: reducing lr to 0.00022017240267907558
Epoch 38: reducing lr to 0.00021294655765259765
Epoch 42: reducing lr to 0.00020095743843406966
Epoch 47: reducing lr to 0.0001826714219546537
Epoch 50: reducing lr to 0.00017024463373318792
Epoch 53: reducing lr to 0.0001569626599415965
Epoch 57: reducing lr to 0.0001382865966828363
Epoch 60: reducing lr to 0.00012384085643198773
Epoch 63: reducing lr to 0.00010927171392739396
Epoch 66: reducing lr to 9.480897617412552e-05
Epoch 69: reducing lr to 8.068066569294717e-05
Epoch 72: reducing lr to 6.71096780558464e-05
Epoch 75: reducing lr to 5.430997432445037e-05
Epoch 78: reducing lr to 4.248345118412506e-05
Epoch 81: reducing lr to 3.18165849700324e-05
Epoch 84: reducing lr to 2.2477629961885434e-05
Epoch 87: reducing lr to 1.4613828866930382e-05
Epoch 90: reducing lr to 8.349245099925022e-06
Epoch 93: reducing lr to 3.782643498814048e-06
Epoch 96: reducing lr to 9.860555532318488e-07
Epoch 99: reducing lr to 3.5768494180844073e-09
[I 2024-06-20 23:25:35,911] Trial 181 finished with value: 1.0928140878677368 and parameters: {'hidden_size': 76, 'n_layers': 1, 'rnn_dropout': 0.7044308780514614, 'bidirectional': False, 'fc_dropout': 0.20311089675419175, 'learning_rate_model': 0.00232032451794255}. Best is trial 115 with value: 0.9733659029006958.
Epoch 15: reducing lr to 0.0006654556330357249
Epoch 18: reducing lr to 0.0008016364058282585
Epoch 22: reducing lr to 0.000910887127448223
Epoch 25: reducing lr to 0.0009261230056545764
Epoch 28: reducing lr to 0.000920311766957257
Epoch 31: reducing lr to 0.0009072920235785297
Epoch 34: reducing lr to 0.0008872691219439663
Epoch 37: reducing lr to 0.0008605588109355732
Epoch 40: reducing lr to 0.0008275823238045455
Epoch 43: reducing lr to 0.0007888597437724909
Epoch 46: reducing lr to 0.0007450017032342329
Epoch 49: reducing lr to 0.0006966999346678908
Epoch 52: reducing lr to 0.0006447161546556362
Epoch 55: reducing lr to 0.0005898700946858919
Epoch 58: reducing lr to 0.0005330269156403875
Epoch 61: reducing lr to 0.00047508281692915
Epoch 64: reducing lr to 0.00041695191170392567
Epoch 67: reducing lr to 0.0003595505731113895
Epoch 70: reducing lr to 0.00030378443786961245
Epoch 73: reducing lr to 0.0002505327969588282
Epoch 76: reducing lr to 0.00020063538751212488
Epoch 79: reducing lr to 0.00015487926849485416
Epoch 82: reducing lr to 0.00011398590582597894
Epoch 85: reducing lr to 7.860033274607863e-05
Epoch 88: reducing lr to 4.928045723193216e-05
Epoch 91: reducing lr to 2.6488844884149653e-05
Epoch 94: reducing lr to 1.0584817258264822e-05
Epoch 97: reducing lr to 1.8192372280612795e-06
[I 2024-06-20 23:26:12,307] Trial 182 finished with value: 1.2349392175674438 and parameters: {'hidden_size': 95, 'n_layers': 3, 'rnn_dropout': 0.10137070707753822, 'bidirectional': True, 'fc_dropout': 0.24228664377406287, 'learning_rate_model': 0.009264440595593887}. Best is trial 115 with value: 0.9733659029006958.
Epoch 34: reducing lr to 4.795370892321194e-06
Epoch 41: reducing lr to 4.406321712278476e-06
Epoch 53: reducing lr to 3.3871439700172034e-06
Epoch 65: reducing lr to 2.149382532215813e-06
Epoch 68: reducing lr to 1.8415561995370027e-06
[I 2024-06-20 23:27:44,361] Trial 183 finished with value: 1.0722248554229736 and parameters: {'hidden_size': 129, 'n_layers': 5, 'rnn_dropout': 0.006706463620025272, 'bidirectional': True, 'fc_dropout': 0.18472676038734337, 'learning_rate_model': 5.007097358286679e-05}. Best is trial 115 with value: 0.9733659029006958.
Epoch 15: reducing lr to 0.0001101839322822353
Epoch 20: reducing lr to 0.0001437883338514764
Epoch 23: reducing lr to 0.0001526809586992023
Epoch 55: reducing lr to 9.766873002741089e-05
Epoch 62: reducing lr to 7.545019574318786e-05
Epoch 65: reducing lr to 6.584852359232395e-05
Epoch 76: reducing lr to 3.322054071464927e-05
Epoch 83: reducing lr to 1.6814197186129013e-05
Epoch 86: reducing lr to 1.1280428062500824e-05
Epoch 98: reducing lr to 8.458980251574607e-08
[I 2024-06-20 23:28:16,922] Trial 184 finished with value: 1.0305562019348145 and parameters: {'hidden_size': 50, 'n_layers': 6, 'rnn_dropout': 0.7860718314440683, 'bidirectional': True, 'fc_dropout': 0.624179663753091, 'learning_rate_model': 0.001533975286317709}. Best is trial 115 with value: 0.9733659029006958.
Epoch 73: reducing lr to 7.87007321613219e-06
Epoch 76: reducing lr to 6.302628672312979e-06
Epoch 79: reducing lr to 4.865275914018599e-06
Epoch 82: reducing lr to 3.580678599157726e-06
Epoch 85: reducing lr to 2.4690993795341222e-06
Epoch 88: reducing lr to 1.548064010970646e-06
Epoch 91: reducing lr to 8.321032263224471e-07
Epoch 94: reducing lr to 3.3250451762454886e-07
Epoch 97: reducing lr to 5.71483269103004e-08
[I 2024-06-20 23:30:12,804] Trial 185 finished with value: 0.9772704839706421 and parameters: {'hidden_size': 167, 'n_layers': 4, 'rnn_dropout': 0.471961038639523, 'bidirectional': True, 'fc_dropout': 0.4296056934724326, 'learning_rate_model': 0.00029102706982436836}. Best is trial 115 with value: 0.9733659029006958.
Epoch 14: reducing lr to 2.4908900441256784e-05
Epoch 17: reducing lr to 3.08856973197777e-05
Epoch 20: reducing lr to 3.5272912413076195e-05
Epoch 23: reducing lr to 3.7454374350733664e-05
Epoch 26: reducing lr to 3.757129506428835e-05
Epoch 29: reducing lr to 3.7237013669461955e-05
Epoch 32: reducing lr to 3.6612210341984466e-05
Epoch 35: reducing lr to 3.5706738594427616e-05
Epoch 38: reducing lr to 3.453487801451483e-05
Epoch 41: reducing lr to 3.311510969257123e-05
Epoch 44: reducing lr to 3.14698242304929e-05
Epoch 47: reducing lr to 2.962496949226912e-05
Epoch 50: reducing lr to 2.760963935464529e-05
Epoch 53: reducing lr to 2.545561841276698e-05
Epoch 56: reducing lr to 2.319687021767591e-05
Epoch 59: reducing lr to 2.0869026593952985e-05
Epoch 62: reducing lr to 1.850879048885782e-05
Epoch 65: reducing lr to 1.6153391189591112e-05
Epoch 68: reducing lr to 1.3839964381803709e-05
Epoch 71: reducing lr to 1.1605007889652281e-05
Epoch 74: reducing lr to 9.483758210237034e-06
Epoch 77: reducing lr to 7.5096749679441925e-06
Epoch 80: reducing lr to 5.713884792634414e-06
Epoch 83: reducing lr to 4.124713659003372e-06
Epoch 86: reducing lr to 2.767217203042329e-06
Epoch 89: reducing lr to 1.6628119946536459e-06
Epoch 92: reducing lr to 8.289096940942173e-07
Epoch 95: reducing lr to 2.786638956920912e-07
Epoch 98: reducing lr to 2.0750839899565196e-08
[I 2024-06-20 23:31:06,376] Trial 186 finished with value: 1.107484221458435 and parameters: {'hidden_size': 127, 'n_layers': 7, 'rnn_dropout': 0.31425835599757, 'bidirectional': False, 'fc_dropout': 0.5160627192683411, 'learning_rate_model': 0.00037630157098835073}. Best is trial 115 with value: 0.9733659029006958.
Epoch 12: reducing lr to 0.002743197770252285
Epoch 15: reducing lr to 0.0036257604830290725
Epoch 18: reducing lr to 0.0043677466351141675
Epoch 21: reducing lr to 0.004864946468280704
Epoch 24: reducing lr to 0.005047529738043498
Epoch 27: reducing lr to 0.005029309661833891
Epoch 30: reducing lr to 0.004971369063527531
Epoch 33: reducing lr to 0.00487483055057429
Epoch 36: reducing lr to 0.004741216589359174
Epoch 39: reducing lr to 0.00457263431727289
Epoch 42: reducing lr to 0.00437174239981397
Epoch 45: reducing lr to 0.004141709023565002
Epoch 48: reducing lr to 0.003886162052934293
Epoch 51: reducing lr to 0.003609131534148041
Epoch 54: reducing lr to 0.0033149866265499983
Epoch 57: reducing lr to 0.003008365267567202
Epoch 60: reducing lr to 0.0026941044188847916
Epoch 63: reducing lr to 0.002377159007395777
Epoch 66: reducing lr to 0.0020625283853792763
Epoch 69: reducing lr to 0.0017551730844279877
Epoch 72: reducing lr to 0.001459942101575222
Epoch 75: reducing lr to 0.0011814900674348705
Epoch 78: reducing lr to 0.0009242091573186527
Epoch 81: reducing lr to 0.0006921560834704237
Epoch 84: reducing lr to 0.000488991145176957
Epoch 87: reducing lr to 0.00031791754402833575
Epoch 90: reducing lr to 0.00018163422610383492
Epoch 93: reducing lr to 8.22897778554807e-05
Epoch 96: reducing lr to 2.1451213272953573e-05
Epoch 99: reducing lr to 7.781281638891136e-08
[I 2024-06-20 23:32:10,741] Trial 187 finished with value: 1.1836795806884766 and parameters: {'hidden_size': 143, 'n_layers': 3, 'rnn_dropout': 0.10889052339849768, 'bidirectional': True, 'fc_dropout': 0.17437514404893434, 'learning_rate_model': 0.05047765912753394}. Best is trial 115 with value: 0.9733659029006958.
Epoch 8: reducing lr to 0.0008734585189615238
Epoch 14: reducing lr to 0.0018676061844942974
Epoch 17: reducing lr to 0.0023157312569002907
Epoch 20: reducing lr to 0.0026446735183330715
Epoch 23: reducing lr to 0.002808234002089312
Epoch 26: reducing lr to 0.00281700042067311
Epoch 29: reducing lr to 0.0027919368494483806
Epoch 32: reducing lr to 0.002745090680495982
Epoch 35: reducing lr to 0.0026772007051993965
Epoch 38: reducing lr to 0.002589337570832163
Epoch 41: reducing lr to 0.0024828869426776123
Epoch 44: reducing lr to 0.0023595276112818894
Epoch 48: reducing lr to 0.002172143325927067
Epoch 51: reducing lr to 0.0020172990388739034
Epoch 54: reducing lr to 0.0018528887828960054
Epoch 57: reducing lr to 0.0016815049009505062
Epoch 60: reducing lr to 0.001505850979223219
Epoch 63: reducing lr to 0.0013286965397347145
Epoch 66: reducing lr to 0.0011528359357670034
Epoch 69: reducing lr to 0.0009810418220486752
Epoch 72: reducing lr to 0.0008160245118399269
Epoch 75: reducing lr to 0.0006603856786389053
Epoch 78: reducing lr to 0.000516580298372939
Epoch 81: reducing lr to 0.000386875842214272
Epoch 84: reducing lr to 0.0002733182090622198
Epoch 87: reducing lr to 0.0001776978062288617
Epoch 90: reducing lr to 0.00010152319090591527
Epoch 93: reducing lr to 4.5995300588620376e-05
Epoch 96: reducing lr to 1.1990006878045966e-05
Epoch 99: reducing lr to 4.3492934027888894e-08
[I 2024-06-20 23:32:56,131] Trial 188 finished with value: 1.1167820692062378 and parameters: {'hidden_size': 143, 'n_layers': 5, 'rnn_dropout': 0.597325977698404, 'bidirectional': False, 'fc_dropout': 0.7444478553998761, 'learning_rate_model': 0.02821413746745477}. Best is trial 115 with value: 0.9733659029006958.
[I 2024-06-20 23:33:07,849] Trial 189 finished with value: 1.093096375465393 and parameters: {'hidden_size': 46, 'n_layers': 2, 'rnn_dropout': 0.05728822355344363, 'bidirectional': True, 'fc_dropout': 0.528478684742879, 'learning_rate_model': 2.283088758720842e-05}. Best is trial 115 with value: 0.9733659029006958.
Epoch 15: reducing lr to 0.00012019897085991536
Epoch 18: reducing lr to 0.00014479683723591725
Epoch 21: reducing lr to 0.00016127969884193583
Epoch 24: reducing lr to 0.00016733258656699356
Epoch 27: reducing lr to 0.00016672856586026603
Epoch 30: reducing lr to 0.00016480775495176004
Epoch 33: reducing lr to 0.00016160736982989674
Epoch 36: reducing lr to 0.0001571778823594071
Epoch 39: reducing lr to 0.0001515891470568841
Epoch 42: reducing lr to 0.0001449293023579138
Epoch 45: reducing lr to 0.00013730337802618343
Epoch 48: reducing lr to 0.00012883164278058366
Epoch 51: reducing lr to 0.0001196476982230885
Epoch 54: reducing lr to 0.00010989638802417759
Epoch 57: reducing lr to 9.973146621924619e-05
Epoch 60: reducing lr to 8.93132847728998e-05
Epoch 63: reducing lr to 7.880610635941427e-05
Epoch 66: reducing lr to 6.837566641601132e-05
Epoch 69: reducing lr to 5.818641342050721e-05
Epoch 72: reducing lr to 4.839909832593226e-05
Epoch 75: reducing lr to 3.916802856989623e-05
Epoch 78: reducing lr to 3.063881083402525e-05
Epoch 81: reducing lr to 2.2945930735631423e-05
Epoch 84: reducing lr to 1.6210732254651932e-05
Epoch 87: reducing lr to 1.0539405950663679e-05
Epoch 90: reducing lr to 6.021425616172752e-06
Epoch 93: reducing lr to 2.72801986143786e-06
Epoch 96: reducing lr to 7.11137365850341e-07
Epoch 99: reducing lr to 2.57960240160858e-09
[I 2024-06-20 23:33:20,136] Trial 190 finished with value: 1.0932039022445679 and parameters: {'hidden_size': 54, 'n_layers': 4, 'rnn_dropout': 0.08396293466394243, 'bidirectional': False, 'fc_dropout': 0.27136334790808, 'learning_rate_model': 0.0016734041608502312}. Best is trial 115 with value: 0.9733659029006958.
Epoch 24: reducing lr to 2.7058226995475602e-05
Epoch 27: reducing lr to 2.696055486999239e-05
Epoch 30: reducing lr to 2.6649953458491876e-05
Epoch 33: reducing lr to 2.6132440708124813e-05
Epoch 36: reducing lr to 2.5416178084633132e-05
Epoch 39: reducing lr to 2.4512461292012148e-05
Epoch 42: reducing lr to 2.343554260380908e-05
Epoch 45: reducing lr to 2.2202405676617267e-05
Epoch 48: reducing lr to 2.0832498355969745e-05
Epoch 51: reducing lr to 1.9347424458238078e-05
Epoch 54: reducing lr to 1.7770605679071046e-05
Epoch 57: reducing lr to 1.6126904549291543e-05
Epoch 60: reducing lr to 1.4442250506473461e-05
Epoch 63: reducing lr to 1.2743205362745718e-05
Epoch 66: reducing lr to 1.1056569080826544e-05
Epoch 69: reducing lr to 9.408933517885554e-06
Epoch 72: reducing lr to 7.826292629230986e-06
Epoch 75: reducing lr to 6.333598432635326e-06
Epoch 78: reducing lr to 4.954396005147382e-06
Epoch 81: reducing lr to 3.7104321113126392e-06
Epoch 84: reducing lr to 2.6213284698951127e-06
Epoch 87: reducing lr to 1.70425644198328e-06
Epoch 90: reducing lr to 9.73684232709462e-07
Epoch 93: reducing lr to 4.4112974151270946e-07
Epoch 96: reducing lr to 1.1499323989974056e-07
Epoch 99: reducing lr to 4.1713015242438033e-10
[I 2024-06-20 23:33:40,082] Trial 191 finished with value: 1.0924701690673828 and parameters: {'hidden_size': 115, 'n_layers': 3, 'rnn_dropout': 0.5570160664808824, 'bidirectional': False, 'fc_dropout': 0.4491930070394994, 'learning_rate_model': 0.0002705949305417018}. Best is trial 115 with value: 0.9733659029006958.
[I 2024-06-20 23:35:54,340] Trial 192 finished with value: 1.0816025733947754 and parameters: {'hidden_size': 129, 'n_layers': 7, 'rnn_dropout': 0.4775108199567785, 'bidirectional': True, 'fc_dropout': 0.5916895700060374, 'learning_rate_model': 1.413889647537952e-05}. Best is trial 115 with value: 0.9733659029006958.
[I 2024-06-20 23:36:35,470] Trial 193 finished with value: 1.105550765991211 and parameters: {'hidden_size': 157, 'n_layers': 4, 'rnn_dropout': 0.00425322636888259, 'bidirectional': False, 'fc_dropout': 0.6143703026250493, 'learning_rate_model': 1.6306861470410482e-05}. Best is trial 115 with value: 0.9733659029006958.
Epoch 15: reducing lr to 0.003413893131075093
Epoch 18: reducing lr to 0.004112522133132048
Epoch 21: reducing lr to 0.004580668637338215
Epoch 24: reducing lr to 0.0047525828532413265
Epoch 27: reducing lr to 0.004735427447275934
Epoch 30: reducing lr to 0.0046808725445198615
Epoch 33: reducing lr to 0.004589975154083321
Epoch 36: reducing lr to 0.004464168778691711
Epoch 39: reducing lr to 0.004305437427464786
Epoch 42: reducing lr to 0.004116284409687794
Epoch 45: reducing lr to 0.003899692782422251
Epoch 48: reducing lr to 0.0036590784197839377
Epoch 51: reducing lr to 0.003398235876651457
Epoch 54: reducing lr to 0.003121279005316494
Epoch 57: reducing lr to 0.0028325747304004155
Epoch 60: reducing lr to 0.0025366773710176426
Epoch 63: reducing lr to 0.0022382523183224453
Epoch 66: reducing lr to 0.001942006792906308
Epoch 69: reducing lr to 0.001652611463118687
Epoch 72: reducing lr to 0.0013746319801497548
Epoch 75: reducing lr to 0.0011124509863596004
Epoch 78: reducing lr to 0.0008702040050949364
Epoch 81: reducing lr to 0.0006517106990524206
Epoch 84: reducing lr to 0.00046041748192961684
Epoch 87: reducing lr to 0.0002993403797318335
Epoch 90: reducing lr to 0.00017102062857334357
Epoch 93: reducing lr to 7.748126460461192e-05
Epoch 96: reducing lr to 2.019773506510905e-05
Epoch 99: reducing lr to 7.326590948930623e-08
[I 2024-06-20 23:38:14,272] Trial 194 finished with value: 1.107243537902832 and parameters: {'hidden_size': 117, 'n_layers': 6, 'rnn_dropout': 0.5196664439027832, 'bidirectional': True, 'fc_dropout': 0.2214451700804693, 'learning_rate_model': 0.04752805227340119}. Best is trial 115 with value: 0.9733659029006958.
Epoch 34: reducing lr to 3.4660394509758837e-06
Epoch 38: reducing lr to 3.321385073796624e-06
Epoch 58: reducing lr to 2.0822231635806347e-06
Epoch 68: reducing lr to 1.3310558415836795e-06
[I 2024-06-20 23:39:05,913] Trial 195 finished with value: 1.1067686080932617 and parameters: {'hidden_size': 157, 'n_layers': 5, 'rnn_dropout': 0.6663745150696564, 'bidirectional': False, 'fc_dropout': 0.7988164056718448, 'learning_rate_model': 3.619072928538003e-05}. Best is trial 115 with value: 0.9733659029006958.
Epoch 23: reducing lr to 0.000547846010113048
Epoch 31: reducing lr to 0.0005390386171710511
Epoch 34: reducing lr to 0.0005271426488076602
Epoch 37: reducing lr to 0.000511273569463851
Epoch 40: reducing lr to 0.0004916816414403268
Epoch 43: reducing lr to 0.00046867585559483125
Epoch 46: reducing lr to 0.000442618999688252
Epoch 49: reducing lr to 0.00041392204450922996
Epoch 52: reducing lr to 0.0003830375396696429
Epoch 55: reducing lr to 0.0003504525024874962
Epoch 58: reducing lr to 0.00031668094070583014
Epoch 61: reducing lr to 0.0002822553026192798
Epoch 64: reducing lr to 0.00024771867940075307
Epoch 67: reducing lr to 0.00021361550492706073
Epoch 70: reducing lr to 0.00018048383436840347
Epoch 73: reducing lr to 0.0001488460704151596
Epoch 76: reducing lr to 0.00011920111610102006
Epoch 79: reducing lr to 9.201657740651806e-05
Epoch 82: reducing lr to 6.772109029580513e-05
Epoch 85: reducing lr to 4.6697880695039e-05
Epoch 88: reducing lr to 2.927841183380433e-05
Epoch 91: reducing lr to 1.5737502309888517e-05
Epoch 94: reducing lr to 6.288631564729634e-06
Epoch 97: reducing lr to 1.080841773360222e-06
[I 2024-06-20 23:39:11,133] Trial 196 finished with value: 0.986052393913269 and parameters: {'hidden_size': 29, 'n_layers': 1, 'rnn_dropout': 0.011795032719957544, 'bidirectional': True, 'fc_dropout': 0.6733894609486798, 'learning_rate_model': 0.005504171884830901}. Best is trial 115 with value: 0.9733659029006958.
