[I 2024-06-21 05:22:27,211] Trial 897 finished with value: 0.9754148721694946 and parameters: {'hidden_size': 121, 'n_layers': 2, 'rnn_dropout': 0.5322741891870363, 'bidirectional': True, 'fc_dropout': 0.20532658392164316, 'learning_rate_model': 0.0005502880035188046}. Best is trial 690 with value: 0.966281533241272.
Epoch 36: reducing lr to 7.177550843793215e-05
Epoch 40: reducing lr to 6.826179338933829e-05
Epoch 43: reducing lr to 6.506782382085038e-05
Epoch 49: reducing lr to 5.746617058715365e-05
Epoch 52: reducing lr to 5.317837232379756e-05
Epoch 55: reducing lr to 4.86544835139658e-05
Epoch 65: reducing lr to 3.280298519948561e-05
Epoch 72: reducing lr to 2.2101518598767066e-05
Epoch 75: reducing lr to 1.788613717728649e-05
Epoch 78: reducing lr to 1.3991257500958233e-05
Epoch 81: reducing lr to 1.0478292622403116e-05
Epoch 84: reducing lr to 7.402654446433249e-06
Epoch 87: reducing lr to 4.8128350464277535e-06
Epoch 90: reducing lr to 2.7496927597849236e-06
Epoch 93: reducing lr to 1.2457542349103893e-06
Epoch 96: reducing lr to 3.247419117557884e-07
Epoch 99: reducing lr to 1.1779791861572797e-09
[I 2024-06-21 05:23:02,965] Trial 898 finished with value: 0.9735647439956665 and parameters: {'hidden_size': 134, 'n_layers': 2, 'rnn_dropout': 0.5686196317284561, 'bidirectional': True, 'fc_dropout': 0.1296542038226491, 'learning_rate_model': 0.0007641624423500702}. Best is trial 690 with value: 0.966281533241272.
Epoch 15: reducing lr to 7.248028797464514e-05
Epoch 18: reducing lr to 8.73128645411473e-05
Epoch 21: reducing lr to 9.72520724004457e-05
Epoch 24: reducing lr to 0.00010090197923618453
Epoch 29: reducing lr to 9.985247136594677e-05
Epoch 32: reducing lr to 9.817703743023729e-05
Epoch 35: reducing lr to 9.574898042899224e-05
Epoch 38: reducing lr to 9.260659162092879e-05
Epoch 41: reducing lr to 8.879942875412202e-05
Epoch 44: reducing lr to 8.438753308092747e-05
Epoch 47: reducing lr to 7.944048478758128e-05
Epoch 50: reducing lr to 7.403630021342875e-05
Epoch 53: reducing lr to 6.826021096175645e-05
Epoch 56: reducing lr to 6.220329158913283e-05
Epoch 59: reducing lr to 5.596109019120441e-05
Epoch 62: reducing lr to 4.963202711990431e-05
Epoch 65: reducing lr to 4.3315934127778006e-05
Epoch 68: reducing lr to 3.711239197124762e-05
Epoch 71: reducing lr to 3.1119270956827896e-05
Epoch 74: reducing lr to 2.5431059094458765e-05
Epoch 77: reducing lr to 2.0137479642175865e-05
Epoch 80: reducing lr to 1.532199984427726e-05
Epoch 83: reducing lr to 1.106057688149498e-05
Epoch 86: reducing lr to 7.420398396683023e-06
Epoch 89: reducing lr to 4.458893738282558e-06
Epoch 92: reducing lr to 2.2227529368816458e-06
Epoch 95: reducing lr to 7.472478569928165e-07
Epoch 98: reducing lr to 5.5644168065762353e-08
[I 2024-06-21 05:23:20,188] Trial 899 finished with value: 1.0930367708206177 and parameters: {'hidden_size': 141, 'n_layers': 2, 'rnn_dropout': 0.638833430062352, 'bidirectional': False, 'fc_dropout': 0.23813854820693928, 'learning_rate_model': 0.0010090670045565444}. Best is trial 690 with value: 0.966281533241272.
Epoch 36: reducing lr to 8.14858442721772e-05
Epoch 40: reducing lr to 7.749676716916902e-05
Epoch 43: reducing lr to 7.387069314291616e-05
Epoch 52: reducing lr to 6.03727463605783e-05
Epoch 55: reducing lr to 5.52368315187995e-05
Epoch 61: reducing lr to 4.448787920019259e-05
Epoch 65: reducing lr to 3.7240822138365974e-05
Epoch 72: reducing lr to 2.5091579870522846e-05
Epoch 75: reducing lr to 2.0305909639351557e-05
Epoch 78: reducing lr to 1.588410106326039e-05
Epoch 81: reducing lr to 1.1895875618990493e-05
Epoch 84: reducing lr to 8.40414175462688e-06
Epoch 87: reducing lr to 5.4639519194771585e-06
Epoch 90: reducing lr to 3.1216920770951164e-06
Epoch 93: reducing lr to 1.4142893278853638e-06
Epoch 96: reducing lr to 3.686754636209131e-07
Epoch 99: reducing lr to 1.3373451558510753e-09
[I 2024-06-21 05:23:54,649] Trial 900 finished with value: 0.9724173545837402 and parameters: {'hidden_size': 136, 'n_layers': 2, 'rnn_dropout': 0.590601244156701, 'bidirectional': True, 'fc_dropout': 0.19197125916915153, 'learning_rate_model': 0.0008675441404895237}. Best is trial 690 with value: 0.966281533241272.
Epoch 40: reducing lr to 5.5393929101667106e-05
Epoch 47: reducing lr to 4.8819355990886707e-05
Epoch 53: reducing lr to 4.194863044788422e-05
Epoch 56: reducing lr to 3.8226411180833166e-05
Epoch 63: reducing lr to 2.9203115872607768e-05
Epoch 66: reducing lr to 2.5337916076030267e-05
Epoch 72: reducing lr to 1.7935215198880194e-05
Epoch 75: reducing lr to 1.451446505441577e-05
Epoch 78: reducing lr to 1.1353799652329372e-05
Epoch 81: reducing lr to 8.503055220383013e-06
Epoch 84: reducing lr to 6.00719810027598e-06
Epoch 87: reducing lr to 3.905579242831283e-06
Epoch 90: reducing lr to 2.2313548798541157e-06
Epoch 93: reducing lr to 1.0109201405409611e-06
Epoch 96: reducing lr to 2.6352560551023234e-07
Epoch 99: reducing lr to 9.559212010281856e-10
[I 2024-06-21 05:24:27,848] Trial 901 finished with value: 0.9706805348396301 and parameters: {'hidden_size': 130, 'n_layers': 2, 'rnn_dropout': 0.6235575555915569, 'bidirectional': True, 'fc_dropout': 0.2722752199993281, 'learning_rate_model': 0.000620112042944187}. Best is trial 690 with value: 0.966281533241272.
Epoch 36: reducing lr to 6.898261993321763e-05
Epoch 40: reducing lr to 6.560562860252743e-05
Epoch 43: reducing lr to 6.2535940994368e-05
Epoch 61: reducing lr to 3.7661639146195066e-05
Epoch 65: reducing lr to 3.152657375667168e-05
Epoch 72: reducing lr to 2.124151664859476e-05
Epoch 75: reducing lr to 1.7190161795107368e-05
Epoch 78: reducing lr to 1.3446837501833908e-05
Epoch 81: reducing lr to 1.0070567150984803e-05
Epoch 84: reducing lr to 7.11460649027428e-06
Epoch 87: reducing lr to 4.625560696600202e-06
Epoch 90: reducing lr to 2.6426982505514412e-06
Epoch 93: reducing lr to 1.1972801417538193e-06
Epoch 96: reducing lr to 3.121057358222365e-07
Epoch 99: reducing lr to 1.1321423178502558e-09
[I 2024-06-21 05:25:05,256] Trial 902 finished with value: 0.9700111746788025 and parameters: {'hidden_size': 144, 'n_layers': 2, 'rnn_dropout': 0.5161797932660415, 'bidirectional': True, 'fc_dropout': 0.15113543821636205, 'learning_rate_model': 0.0007344277801035513}. Best is trial 690 with value: 0.966281533241272.
Epoch 27: reducing lr to 0.00013826125604398564
Epoch 35: reducing lr to 0.00013167565295367425
Epoch 40: reducing lr to 0.00012396050391996747
Epoch 45: reducing lr to 0.00011386013792556958
Epoch 49: reducing lr to 0.00010435611358325366
Epoch 52: reducing lr to 9.656965490641788e-05
Epoch 55: reducing lr to 8.835446587166518e-05
Epoch 58: reducing lr to 7.984013573650656e-05
Epoch 61: reducing lr to 7.116090290512755e-05
Epoch 64: reducing lr to 6.245368901501485e-05
Epoch 67: reducing lr to 5.385575421996e-05
Epoch 70: reducing lr to 4.550275050371294e-05
Epoch 73: reducing lr to 3.752638361912372e-05
Epoch 76: reducing lr to 3.005243469416442e-05
Epoch 79: reducing lr to 2.319879438835426e-05
Epoch 82: reducing lr to 1.7073528420719877e-05
Epoch 85: reducing lr to 1.177325394129871e-05
Epoch 88: reducing lr to 7.38153792820672e-06
Epoch 91: reducing lr to 3.9676663766836845e-06
Epoch 94: reducing lr to 1.5854607372512786e-06
Epoch 97: reducing lr to 2.724968345187628e-07
[I 2024-06-21 05:25:42,328] Trial 903 finished with value: 0.9804677963256836 and parameters: {'hidden_size': 139, 'n_layers': 2, 'rnn_dropout': 0.6116434532716951, 'bidirectional': True, 'fc_dropout': 0.17160462702286183, 'learning_rate_model': 0.0013876863868804083}. Best is trial 690 with value: 0.966281533241272.
Epoch 16: reducing lr to 0.0008733799713935639
Epoch 23: reducing lr to 0.0011267469307972354
Epoch 26: reducing lr to 0.0011302642784349428
Epoch 29: reducing lr to 0.001120208028873378
Epoch 32: reducing lr to 0.0011014119538143006
Epoch 35: reducing lr to 0.0010741724783146036
Epoch 38: reducing lr to 0.0010389191778756622
Epoch 41: reducing lr to 0.000996208022585419
Epoch 44: reducing lr to 0.0009467125930977345
Epoch 47: reducing lr to 0.0008912134838456355
Epoch 50: reducing lr to 0.000830585931350787
Epoch 53: reducing lr to 0.0007657861175184457
Epoch 56: reducing lr to 0.0006978357741905827
Epoch 59: reducing lr to 0.0006278068201932683
Epoch 62: reducing lr to 0.000556803397135937
Epoch 65: reducing lr to 0.00048594548061066113
Epoch 68: reducing lr to 0.00041635023037662686
Epoch 71: reducing lr to 0.00034911561728669696
Epoch 74: reducing lr to 0.0002853016674565903
Epoch 77: reducing lr to 0.00022591495300869173
Epoch 80: reducing lr to 0.00017189186215584747
Epoch 83: reducing lr to 0.00012408453047910666
Epoch 86: reducing lr to 8.32467113501838e-05
Epoch 89: reducing lr to 5.002268343676456e-05
Epoch 92: reducing lr to 2.4936244962544403e-05
Epoch 95: reducing lr to 8.383097959528858e-06
Epoch 98: reducing lr to 6.242513878179645e-07
[I 2024-06-21 05:26:15,018] Trial 904 finished with value: 1.2632131576538086 and parameters: {'hidden_size': 126, 'n_layers': 2, 'rnn_dropout': 0.547521983875439, 'bidirectional': True, 'fc_dropout': 0.25761914077697606, 'learning_rate_model': 0.011320350360010669}. Best is trial 690 with value: 0.966281533241272.
Epoch 34: reducing lr to 0.00010517747720597229
Epoch 40: reducing lr to 9.810216409572653e-05
Epoch 45: reducing lr to 9.010874900886102e-05
Epoch 49: reducing lr to 8.258727784574266e-05
Epoch 60: reducing lr to 5.861405943867922e-05
Epoch 65: reducing lr to 4.7142679339160856e-05
Epoch 68: reducing lr to 4.039108539247202e-05
Epoch 71: reducing lr to 3.386850223888856e-05
Epoch 74: reducing lr to 2.7677765429430904e-05
Epoch 77: reducing lr to 2.1916524821316954e-05
Epoch 80: reducing lr to 1.6675621570636282e-05
Epoch 83: reducing lr to 1.2037723293518207e-05
Epoch 86: reducing lr to 8.075953323590391e-06
Epoch 89: reducing lr to 4.852814603770617e-06
Epoch 92: reducing lr to 2.419121994333049e-06
Epoch 95: reducing lr to 8.132634518551738e-07
Epoch 98: reducing lr to 6.056005082287398e-08
[I 2024-06-21 05:26:50,321] Trial 905 finished with value: 0.9729644656181335 and parameters: {'hidden_size': 133, 'n_layers': 2, 'rnn_dropout': 0.6586577889181435, 'bidirectional': True, 'fc_dropout': 0.21509368003674922, 'learning_rate_model': 0.0010982130060316665}. Best is trial 690 with value: 0.966281533241272.
Epoch 40: reducing lr to 4.4489747825225376e-05
Epoch 50: reducing lr to 3.6542027603490555e-05
Epoch 61: reducing lr to 2.5539833456215136e-05
Epoch 64: reducing lr to 2.2414791705162572e-05
Epoch 67: reducing lr to 1.9328970506043475e-05
Epoch 72: reducing lr to 1.4404704889679244e-05
Epoch 75: reducing lr to 1.165732239184257e-05
Epoch 78: reducing lr to 9.118827488535441e-06
Epoch 81: reducing lr to 6.829246248347845e-06
Epoch 84: reducing lr to 4.824693480885581e-06
Epoch 87: reducing lr to 3.1367739830495124e-06
Epoch 90: reducing lr to 1.7921172504498866e-06
Epoch 93: reducing lr to 8.119225852631419e-07
Epoch 96: reducing lr to 2.1165113081475463e-07
Epoch 99: reducing lr to 7.677500741382591e-10
[I 2024-06-21 05:27:26,417] Trial 906 finished with value: 0.974145233631134 and parameters: {'hidden_size': 138, 'n_layers': 2, 'rnn_dropout': 0.5831274406701121, 'bidirectional': True, 'fc_dropout': 0.1340165716602373, 'learning_rate_model': 0.0004980442597479859}. Best is trial 690 with value: 0.966281533241272.
Epoch 40: reducing lr to 7.910901438933615e-05
Epoch 43: reducing lr to 7.540750330961002e-05
Epoch 52: reducing lr to 6.162874446281167e-05
Epoch 65: reducing lr to 3.80155823530502e-05
Epoch 72: reducing lr to 2.5613586547363244e-05
Epoch 75: reducing lr to 2.072835495629678e-05
Epoch 78: reducing lr to 1.6214554819198272e-05
Epoch 81: reducing lr to 1.214335810243789e-05
Epoch 84: reducing lr to 8.578982005088047e-06
Epoch 87: reducing lr to 5.577624290791351e-06
Epoch 90: reducing lr to 3.1866359393665405e-06
Epoch 93: reducing lr to 1.4437122847477807e-06
Epoch 96: reducing lr to 3.7634540925965845e-07
Epoch 99: reducing lr to 1.3651673617183676e-09
[I 2024-06-21 05:28:00,479] Trial 907 finished with value: 0.9690054655075073 and parameters: {'hidden_size': 131, 'n_layers': 2, 'rnn_dropout': 0.6000318757425657, 'bidirectional': True, 'fc_dropout': 0.18657565906005147, 'learning_rate_model': 0.0008855925788950029}. Best is trial 690 with value: 0.966281533241272.
Epoch 35: reducing lr to 6.379542331901937e-05
Epoch 40: reducing lr to 6.005751743031413e-05
Epoch 53: reducing lr to 4.548026553014078e-05
Epoch 58: reducing lr to 3.8681678373376744e-05
Epoch 62: reducing lr to 3.306871954259065e-05
Epoch 65: reducing lr to 2.8860446782403827e-05
Epoch 72: reducing lr to 1.9445172366203665e-05
Epoch 75: reducing lr to 1.573643090739029e-05
Epoch 79: reducing lr to 1.1239563847210487e-05
Epoch 83: reducing lr to 7.369417210983432e-06
Epoch 86: reducing lr to 4.94404697356784e-06
Epoch 89: reducing lr to 2.9708620634265043e-06
Epoch 92: reducing lr to 1.4809710130241896e-06
Epoch 95: reducing lr to 4.978746838608852e-07
Epoch 98: reducing lr to 3.707447579165499e-08
[I 2024-06-21 05:28:39,534] Trial 908 finished with value: 0.9703292846679688 and parameters: {'hidden_size': 145, 'n_layers': 2, 'rnn_dropout': 0.5634066813403473, 'bidirectional': True, 'fc_dropout': 0.23489329358332783, 'learning_rate_model': 0.0006723189784843659}. Best is trial 690 with value: 0.966281533241272.
Epoch 31: reducing lr to 9.957432247759896e-05
Epoch 36: reducing lr to 9.550147010308086e-05
Epoch 40: reducing lr to 9.082626877094105e-05
Epoch 52: reducing lr to 7.07569036449722e-05
Epoch 55: reducing lr to 6.473760762987795e-05
Epoch 61: reducing lr to 5.2139827516487324e-05
Epoch 65: reducing lr to 4.36462712490502e-05
Epoch 68: reducing lr to 3.739541947542524e-05
Epoch 71: reducing lr to 3.135659356318433e-05
Epoch 74: reducing lr to 2.5625002109225215e-05
Epoch 77: reducing lr to 2.0291052621464514e-05
Epoch 80: reducing lr to 1.5438848884303972e-05
Epoch 83: reducing lr to 1.1144927345134165e-05
Epoch 86: reducing lr to 7.47698803498614e-06
Epoch 89: reducing lr to 4.492898271515465e-06
Epoch 92: reducing lr to 2.239704154055047e-06
Epoch 95: reducing lr to 7.529465383424549e-07
Epoch 98: reducing lr to 5.606852309040632e-08
[I 2024-06-21 05:29:14,057] Trial 909 finished with value: 0.9726556539535522 and parameters: {'hidden_size': 136, 'n_layers': 2, 'rnn_dropout': 0.6114939754188995, 'bidirectional': True, 'fc_dropout': 0.1536857179313716, 'learning_rate_model': 0.0010167623780067087}. Best is trial 690 with value: 0.966281533241272.
Epoch 36: reducing lr to 7.387498327025136e-05
Epoch 40: reducing lr to 7.025849003905717e-05
Epoch 49: reducing lr to 5.914708907151134e-05
Epoch 65: reducing lr to 3.3762491350679415e-05
Epoch 72: reducing lr to 2.274800070755313e-05
Epoch 78: reducing lr to 1.4400509816059e-05
Epoch 81: reducing lr to 1.078478869780792e-05
Epoch 84: reducing lr to 7.619186339287507e-06
Epoch 87: reducing lr to 4.953613234865329e-06
Epoch 90: reducing lr to 2.8301228517677653e-06
Epoch 93: reducing lr to 1.2821932615417502e-06
Epoch 96: reducing lr to 3.342407991279361e-07
Epoch 99: reducing lr to 1.2124357536935464e-09
[I 2024-06-21 05:29:53,033] Trial 910 finished with value: 0.9686868190765381 and parameters: {'hidden_size': 142, 'n_layers': 2, 'rnn_dropout': 0.5749141007609629, 'bidirectional': True, 'fc_dropout': 0.2021217576183568, 'learning_rate_model': 0.0007865146325390801}. Best is trial 690 with value: 0.966281533241272.
Epoch 31: reducing lr to 0.00011773979480745494
Epoch 35: reducing lr to 0.00011408000602038422
Epoch 40: reducing lr to 0.00010739582235794907
Epoch 43: reducing lr to 0.00010237077142737098
Epoch 51: reducing lr to 8.59604907666084e-05
Epoch 54: reducing lr to 7.895469439305089e-05
Epoch 61: reducing lr to 6.16517636308133e-05
Epoch 64: reducing lr to 5.410808345362597e-05
Epoch 67: reducing lr to 4.665907954758262e-05
Epoch 70: reducing lr to 3.942227689756648e-05
Epoch 73: reducing lr to 3.2511781587284125e-05
Epoch 76: reducing lr to 2.603656677551199e-05
Epoch 79: reducing lr to 2.0098769545651692e-05
Epoch 82: reducing lr to 1.4792014934683303e-05
Epoch 85: reducing lr to 1.0200009268041335e-05
Epoch 88: reducing lr to 6.395152576807645e-06
Epoch 91: reducing lr to 3.437472258430315e-06
Epoch 94: reducing lr to 1.373597672717393e-06
Epoch 97: reducing lr to 2.3608343551085198e-07
[I 2024-06-21 05:30:24,469] Trial 911 finished with value: 0.974109411239624 and parameters: {'hidden_size': 128, 'n_layers': 2, 'rnn_dropout': 0.646197046662739, 'bidirectional': True, 'fc_dropout': 0.10125647897928927, 'learning_rate_model': 0.0012022516525922785}. Best is trial 690 with value: 0.966281533241272.
Epoch 40: reducing lr to 5.0983578492719124e-05
Epoch 47: reducing lr to 4.493245935953047e-05
Epoch 50: reducing lr to 4.1875789899383e-05
Epoch 53: reducing lr to 3.8608766841155646e-05
Epoch 56: reducing lr to 3.51829030101118e-05
Epoch 62: reducing lr to 2.8072450054393907e-05
Epoch 65: reducing lr to 2.4499994618874014e-05
Epoch 72: reducing lr to 1.6507250283648827e-05
Epoch 75: reducing lr to 1.3358853224213055e-05
Epoch 78: reducing lr to 1.0449833495340927e-05
Epoch 81: reducing lr to 7.826059466925863e-06
Epoch 84: reducing lr to 5.528917353102433e-06
Epoch 87: reducing lr to 3.594625062991431e-06
Epoch 90: reducing lr to 2.053698997472452e-06
Epoch 93: reducing lr to 9.304327598886512e-07
Epoch 96: reducing lr to 2.425442392561404e-07
Epoch 99: reducing lr to 8.79812722719489e-10
[I 2024-06-21 05:31:00,194] Trial 912 finished with value: 0.9758179187774658 and parameters: {'hidden_size': 134, 'n_layers': 2, 'rnn_dropout': 0.589857305968024, 'bidirectional': True, 'fc_dropout': 0.17167830136526901, 'learning_rate_model': 0.0005707399985601289}. Best is trial 690 with value: 0.966281533241272.
Epoch 36: reducing lr to 8.243915802894438e-05
Epoch 39: reducing lr to 7.950788916419969e-05
Epoch 45: reducing lr to 7.201506159197197e-05
Epoch 49: reducing lr to 6.600388936916212e-05
Epoch 52: reducing lr to 6.107905516983742e-05
Epoch 55: reducing lr to 5.58830545755456e-05
Epoch 58: reducing lr to 5.0497851112164444e-05
Epoch 61: reducing lr to 4.500834883058975e-05
Epoch 64: reducing lr to 3.9501148892005076e-05
Epoch 67: reducing lr to 3.406306656476959e-05
Epoch 70: reducing lr to 2.877989997053333e-05
Epoch 73: reducing lr to 2.37349512910459e-05
Epoch 76: reducing lr to 1.900777545960575e-05
Epoch 79: reducing lr to 1.4672936790476564e-05
Epoch 82: reducing lr to 1.0798785450393401e-05
Epoch 85: reducing lr to 7.4464305345808965e-06
Epoch 88: reducing lr to 4.668727073655753e-06
Epoch 91: reducing lr to 2.509497561649322e-06
Epoch 94: reducing lr to 1.002783368481792e-06
Epoch 97: reducing lr to 1.7235071622972088e-07
[I 2024-06-21 05:31:59,650] Trial 913 finished with value: 0.9775834679603577 and parameters: {'hidden_size': 139, 'n_layers': 3, 'rnn_dropout': 0.6292528735347888, 'bidirectional': True, 'fc_dropout': 0.12494668148457475, 'learning_rate_model': 0.0008776936550600417}. Best is trial 690 with value: 0.966281533241272.
Epoch 40: reducing lr to 6.230091580821431e-05
Epoch 43: reducing lr to 5.9385855724084685e-05
Epoch 65: reducing lr to 2.993850465537942e-05
Epoch 72: reducing lr to 2.0171530531023705e-05
Epoch 75: reducing lr to 1.6324252134142464e-05
Epoch 78: reducing lr to 1.2769488059690945e-05
Epoch 81: reducing lr to 9.563288540616191e-06
Epoch 87: reducing lr to 4.392560115087019e-06
Epoch 90: reducing lr to 2.50957920411996e-06
[I 2024-06-21 05:32:33,675] Trial 914 finished with value: 0.9691834449768066 and parameters: {'hidden_size': 131, 'n_layers': 2, 'rnn_dropout': 0.5402328723613378, 'bidirectional': True, 'fc_dropout': 0.14662276668388968, 'learning_rate_model': 0.0006974328921174663}. Best is trial 690 with value: 0.966281533241272.
Epoch 36: reducing lr to 9.707338913794323e-05
Epoch 40: reducing lr to 9.232123571325583e-05
Epoch 49: reducing lr to 7.772060499575766e-05
Epoch 52: reducing lr to 7.192153622672622e-05
Epoch 55: reducing lr to 6.580316481549005e-05
Epoch 58: reducing lr to 5.946200408694093e-05
Epoch 61: reducing lr to 5.2998029879855585e-05
Epoch 64: reducing lr to 4.6513216406736566e-05
Epoch 67: reducing lr to 4.0109789994611406e-05
Epoch 70: reducing lr to 3.388877926445796e-05
Epoch 73: reducing lr to 2.794827382925092e-05
Epoch 76: reducing lr to 2.2381950858706298e-05
Epoch 83: reducing lr to 1.1328368745743662e-05
Epoch 86: reducing lr to 7.600056505062544e-06
Epoch 89: reducing lr to 4.566849722808034e-06
Epoch 92: reducing lr to 2.2765688597859616e-06
Epoch 95: reducing lr to 7.653397611334309e-07
Epoch 98: reducing lr to 5.6991390336397046e-08
