[I 2024-06-20 22:34:56,699] Trial 105 finished with value: 1.0773119926452637 and parameters: {'hidden_size': 115, 'n_layers': 7, 'rnn_dropout': 0.49946936192214075, 'bidirectional': True, 'fc_dropout': 0.7914720449333105, 'learning_rate_model': 2.0457769512926938e-05}. Best is trial 61 with value: 0.9777320623397827.
Epoch 24: reducing lr to 1.0542908927769123e-05
Epoch 27: reducing lr to 1.0504852172464228e-05
Epoch 30: reducing lr to 1.0383830111601408e-05
Epoch 33: reducing lr to 1.0182187565066796e-05
Epoch 36: reducing lr to 9.903104548685105e-06
Epoch 39: reducing lr to 9.550982296081794e-06
Epoch 42: reducing lr to 9.131374032235237e-06
Epoch 45: reducing lr to 8.650897232294643e-06
Epoch 48: reducing lr to 8.117129512647453e-06
Epoch 51: reducing lr to 7.538488537486364e-06
Epoch 54: reducing lr to 6.924100285546063e-06
Epoch 57: reducing lr to 6.283652139455999e-06
Epoch 60: reducing lr to 5.627247189079947e-06
Epoch 63: reducing lr to 4.965234921332869e-06
Epoch 66: reducing lr to 4.3080576156092416e-06
Epoch 69: reducing lr to 3.66607646550857e-06
Epoch 72: reducing lr to 3.0494196994448257e-06
Epoch 75: reducing lr to 2.467809567548564e-06
Epoch 78: reducing lr to 1.930420122615796e-06
Epoch 81: reducing lr to 1.4457247268559144e-06
Epoch 84: reducing lr to 1.021368744245278e-06
Epoch 87: reducing lr to 6.64042786705795e-07
Epoch 90: reducing lr to 3.793842143307152e-07
Epoch 93: reducing lr to 1.7188083649665982e-07
Epoch 96: reducing lr to 4.4805716789013864e-08
Epoch 99: reducing lr to 1.6252968861578009e-10
[I 2024-06-20 22:35:23,007] Trial 106 finished with value: 1.1070210933685303 and parameters: {'hidden_size': 75, 'n_layers': 7, 'rnn_dropout': 0.007151281896996054, 'bidirectional': False, 'fc_dropout': 0.351864651366858, 'learning_rate_model': 0.00010543402232135162}. Best is trial 61 with value: 0.9777320623397827.
Epoch 13: reducing lr to 0.001612056063395877
Epoch 16: reducing lr to 0.002061357634651773
Epoch 19: reducing lr to 0.0024162787075433768
Epoch 22: reducing lr to 0.00262697143171384
Epoch 25: reducing lr to 0.0026709112521142954
Epoch 28: reducing lr to 0.002654151812244403
Epoch 31: reducing lr to 0.0026166032588907317
Epoch 34: reducing lr to 0.0025588578050479835
Epoch 37: reducing lr to 0.0024818260611174175
Epoch 40: reducing lr to 0.002386722851289246
Epoch 43: reducing lr to 0.0022750480801335387
Epoch 46: reducing lr to 0.0021485627933475527
Epoch 49: reducing lr to 0.0020092619268609452
Epoch 52: reducing lr to 0.0018593422486816614
Epoch 55: reducing lr to 0.0017011678400848378
Epoch 58: reducing lr to 0.001537233799367128
Epoch 61: reducing lr to 0.0013701247390192747
Epoch 64: reducing lr to 0.0012024769342312885
Epoch 67: reducing lr to 0.0010369331779514555
Epoch 70: reducing lr to 0.0008761052995867283
Epoch 73: reducing lr to 0.0007225291482183295
Epoch 76: reducing lr to 0.0005786265008066515
Epoch 79: reducing lr to 0.0004466672120403265
Epoch 82: reducing lr to 0.0003287319682096307
Epoch 85: reducing lr to 0.00022668102602963516
Epoch 88: reducing lr to 0.00014212337554132397
Epoch 91: reducing lr to 7.639304220348197e-05
Epoch 94: reducing lr to 3.052629871416641e-05
Epoch 97: reducing lr to 5.246626153358053e-06
[I 2024-06-20 22:37:09,896] Trial 107 finished with value: 1.1218664646148682 and parameters: {'hidden_size': 164, 'n_layers': 4, 'rnn_dropout': 0.10747088692455692, 'bidirectional': True, 'fc_dropout': 0.3932361200135483, 'learning_rate_model': 0.026718371620438223}. Best is trial 61 with value: 0.9777320623397827.
Epoch 24: reducing lr to 1.5025967070486122e-05
[I 2024-06-20 22:38:09,333] Trial 108 finished with value: 1.052877426147461 and parameters: {'hidden_size': 93, 'n_layers': 5, 'rnn_dropout': 0.31839251152633796, 'bidirectional': True, 'fc_dropout': 0.7719911392887311, 'learning_rate_model': 0.0001502667013784738}. Best is trial 61 with value: 0.9777320623397827.
Epoch 31: reducing lr to 0.0001045315968951531
Epoch 35: reducing lr to 0.0001012823678062363
Epoch 38: reducing lr to 9.795837858334832e-05
Epoch 41: reducing lr to 9.39311976353472e-05
Epoch 44: reducing lr to 8.926433603229738e-05
Epoch 52: reducing lr to 7.427951248203935e-05
Epoch 55: reducing lr to 6.796054782341477e-05
Epoch 58: reducing lr to 6.141148961083657e-05
Epoch 61: reducing lr to 5.4735591430836993e-05
Epoch 64: reducing lr to 4.803817076115384e-05
Epoch 67: reducing lr to 4.142480545972524e-05
Epoch 70: reducing lr to 3.4999836411168985e-05
Epoch 73: reducing lr to 2.8864569135549924e-05
Epoch 76: reducing lr to 2.311575204596186e-05
Epoch 79: reducing lr to 1.7844064359636683e-05
Epoch 82: reducing lr to 1.3132628139432577e-05
Epoch 85: reducing lr to 9.055759430168556e-06
Epoch 88: reducing lr to 5.677736336597797e-06
Epoch 91: reducing lr to 3.0518523074048697e-06
Epoch 94: reducing lr to 1.2195057623076668e-06
Epoch 97: reducing lr to 2.0959929949598313e-07
[I 2024-06-20 22:38:18,457] Trial 109 finished with value: 0.9788683652877808 and parameters: {'hidden_size': 35, 'n_layers': 2, 'rnn_dropout': 0.011273835353954365, 'bidirectional': True, 'fc_dropout': 0.6356626809478018, 'learning_rate_model': 0.0010673815537119522}. Best is trial 61 with value: 0.9777320623397827.
Epoch 13: reducing lr to 1.1690955540001709e-05
Epoch 16: reducing lr to 1.494938110774554e-05
Epoch 47: reducing lr to 1.5254631952587287e-05
Epoch 50: reducing lr to 1.4216888453123724e-05
Epoch 53: reducing lr to 1.3107729616855761e-05
Epoch 56: reducing lr to 1.1944644119040255e-05
Epoch 59: reducing lr to 1.074597967037856e-05
Epoch 62: reducing lr to 9.530635529219849e-06
Epoch 65: reducing lr to 8.317781979410387e-06
Epoch 68: reducing lr to 7.126541107035645e-06
Epoch 71: reducing lr to 5.975706547468841e-06
Epoch 74: reducing lr to 4.883422447481237e-06
Epoch 77: reducing lr to 3.866917997989537e-06
Epoch 80: reducing lr to 2.942221073134587e-06
Epoch 83: reducing lr to 2.1239174202128977e-06
Epoch 86: reducing lr to 1.4249088079666884e-06
Epoch 89: reducing lr to 8.562231597034482e-07
Epoch 92: reducing lr to 4.2682617137002523e-07
Epoch 95: reducing lr to 1.434909551001004e-07
Epoch 98: reducing lr to 1.0685122408567302e-08
[I 2024-06-20 22:39:10,617] Trial 110 finished with value: 1.0931025743484497 and parameters: {'hidden_size': 162, 'n_layers': 5, 'rnn_dropout': 0.6222787814873403, 'bidirectional': False, 'fc_dropout': 0.14383543815437952, 'learning_rate_model': 0.0001937670170464033}. Best is trial 61 with value: 0.9777320623397827.
Epoch 4: reducing lr to 0.0010874121774134312
Epoch 9: reducing lr to 0.003109054056606459
Epoch 14: reducing lr to 0.005633551972739072
Epoch 17: reducing lr to 0.00698530155819582
Epoch 20: reducing lr to 0.007977541432531893
Epoch 23: reducing lr to 0.0084709144431683
Epoch 26: reducing lr to 0.008497357959535209
Epoch 29: reducing lr to 0.008421754798499844
Epoch 32: reducing lr to 0.008280445388781591
Epoch 35: reducing lr to 0.008075658262118241
Epoch 38: reducing lr to 0.007810622978954626
Epoch 41: reducing lr to 0.00748951933771681
Epoch 44: reducing lr to 0.007117411336303052
Epoch 47: reducing lr to 0.006700167505149292
Epoch 50: reducing lr to 0.006244367896519181
Epoch 53: reducing lr to 0.0057572011122985125
Epoch 56: reducing lr to 0.005246348560601772
Epoch 59: reducing lr to 0.004719868956671464
Epoch 62: reducing lr to 0.004186063267522465
Epoch 65: reducing lr to 0.0036533515004870086
Epoch 68: reducing lr to 0.00313013249338817
Epoch 71: reducing lr to 0.00262466082132305
Epoch 74: reducing lr to 0.002144905789810349
Epoch 77: reducing lr to 0.0016984348357753794
Epoch 80: reducing lr to 0.0012922877515795018
Epoch 83: reducing lr to 0.0009328709159788923
Epoch 86: reducing lr to 0.0006258510675716547
Epoch 89: reducing lr to 0.00037607191111734966
Epoch 92: reducing lr to 0.00018747137608099985
Epoch 95: reducing lr to 6.302436123222649e-05
Epoch 98: reducing lr to 4.693139118198964e-06
[I 2024-06-20 22:39:19,678] Trial 111 finished with value: 1.1690843105316162 and parameters: {'hidden_size': 47, 'n_layers': 3, 'rnn_dropout': 0.19313499837247905, 'bidirectional': False, 'fc_dropout': 0.256255460657625, 'learning_rate_model': 0.08510670563663286}. Best is trial 61 with value: 0.9777320623397827.
Epoch 50: reducing lr to 3.956204542852132e-05
Epoch 57: reducing lr to 3.213552462802512e-05
Epoch 65: reducing lr to 2.314630726821712e-05
Epoch 68: reducing lr to 1.9831381807235117e-05
Epoch 73: reducing lr to 1.4581406619021478e-05
Epoch 76: reducing lr to 1.1677298154141521e-05
Epoch 79: reducing lr to 9.014219368457395e-06
Epoch 82: reducing lr to 6.6341607241116205e-06
Epoch 85: reducing lr to 4.5746641799928024e-06
Epoch 88: reducing lr to 2.8682008662849443e-06
Epoch 91: reducing lr to 1.5416928354791345e-06
Epoch 94: reducing lr to 6.160531726956365e-07
Epoch 97: reducing lr to 1.0588249554879976e-07
[I 2024-06-20 22:40:16,443] Trial 112 finished with value: 0.976586103439331 and parameters: {'hidden_size': 133, 'n_layers': 3, 'rnn_dropout': 0.6859875992668774, 'bidirectional': True, 'fc_dropout': 0.6342845423815101, 'learning_rate_model': 0.0005392051542230778}. Best is trial 112 with value: 0.976586103439331.
Epoch 14: reducing lr to 9.938115956594626e-05
Epoch 17: reducing lr to 0.00012322729463233893
Epoch 20: reducing lr to 0.00014073133999417532
Epoch 23: reducing lr to 0.0001494349043054403
Epoch 26: reducing lr to 0.00014990139282498557
Epoch 29: reducing lr to 0.0001485676819003498
Epoch 32: reducing lr to 0.0001460748509007715
Epoch 35: reducing lr to 0.00014246221322378446
Epoch 38: reducing lr to 0.00013778674135556584
Epoch 41: reducing lr to 0.00013212217087472472
Epoch 44: reducing lr to 0.00012555783547084175
Epoch 47: reducing lr to 0.00011819726154475485
Epoch 50: reducing lr to 0.00011015652741208637
Epoch 53: reducing lr to 0.00010156244677661061
Epoch 56: reducing lr to 9.255052690784612e-05
Epoch 59: reducing lr to 8.326293112820254e-05
Epoch 62: reducing lr to 7.384609630938165e-05
Epoch 65: reducing lr to 6.444855930633392e-05
Epoch 68: reducing lr to 5.52184835239419e-05
Epoch 71: reducing lr to 4.6301487436809864e-05
Epoch 74: reducing lr to 3.7838157095659614e-05
Epoch 77: reducing lr to 2.9961989210953652e-05
Epoch 80: reducing lr to 2.279717234638331e-05
Epoch 83: reducing lr to 1.6456721053423156e-05
Epoch 86: reducing lr to 1.1040601934948574e-05
Epoch 89: reducing lr to 6.634262502215257e-06
Epoch 92: reducing lr to 3.307171537692347e-06
Epoch 95: reducing lr to 1.111809055897705e-06
Epoch 98: reducing lr to 8.279139161720267e-08
[I 2024-06-20 22:40:29,433] Trial 113 finished with value: 1.0924338102340698 and parameters: {'hidden_size': 82, 'n_layers': 3, 'rnn_dropout': 0.5578951004905116, 'bidirectional': False, 'fc_dropout': 0.23623103551987823, 'learning_rate_model': 0.001501362396927331}. Best is trial 112 with value: 0.976586103439331.
Epoch 3: reducing lr to 5.855674738568371e-06
Epoch 6: reducing lr to 1.2717811788977106e-05
Epoch 9: reducing lr to 2.2239927612579876e-05
Epoch 12: reducing lr to 3.3084668592302016e-05
Epoch 15: reducing lr to 4.372892296607896e-05
Epoch 18: reducing lr to 5.267773672206096e-05
Epoch 21: reducing lr to 5.8674275463396364e-05
Epoch 24: reducing lr to 6.087634307810041e-05
Epoch 27: reducing lr to 6.0656597644629196e-05
Epoch 30: reducing lr to 5.995779804884603e-05
Epoch 33: reducing lr to 5.8793483633718066e-05
Epoch 36: reducing lr to 5.718201628927636e-05
Epoch 58: reducing lr to 3.502666710709751e-05
Epoch 61: reducing lr to 3.1219000745745134e-05
Epoch 64: reducing lr to 2.7399058813709816e-05
Epoch 67: reducing lr to 2.362705871505249e-05
Epoch 70: reducing lr to 1.9962512333531817e-05
Epoch 73: reducing lr to 1.646320030189113e-05
Epoch 76: reducing lr to 1.3184304060607599e-05
Epoch 79: reducing lr to 1.017754342262897e-05
Epoch 82: reducing lr to 7.4903279011170045e-06
Epoch 85: reducing lr to 5.1650444073661075e-06
Epoch 88: reducing lr to 3.2383546115577326e-06
Epoch 91: reducing lr to 1.740654973668562e-06
Epoch 94: reducing lr to 6.955575030376834e-07
Epoch 97: reducing lr to 1.1954709022447743e-07
[I 2024-06-20 22:41:03,777] Trial 114 finished with value: 1.092958927154541 and parameters: {'hidden_size': 106, 'n_layers': 6, 'rnn_dropout': 0.7107091475163088, 'bidirectional': False, 'fc_dropout': 0.7185640368137097, 'learning_rate_model': 0.0006087919149176257}. Best is trial 112 with value: 0.976586103439331.
Epoch 40: reducing lr to 4.1484690526303704e-05
Epoch 56: reducing lr to 2.8627881493251465e-05
Epoch 61: reducing lr to 2.3814746965674785e-05
Epoch 65: reducing lr to 1.9935334566702516e-05
Epoch 72: reducing lr to 1.3431739977906917e-05
Epoch 75: reducing lr to 1.0869929263045662e-05
Epoch 78: reducing lr to 8.502896842902649e-06
Epoch 86: reducing lr to 3.415097183861359e-06
Epoch 89: reducing lr to 2.0521210095070696e-06
Epoch 92: reducing lr to 1.0229797497877253e-06
Epoch 95: reducing lr to 3.4390660927360937e-07
Epoch 98: reducing lr to 2.5609169683482332e-08
[I 2024-06-20 22:42:01,330] Trial 115 finished with value: 0.9733659029006958 and parameters: {'hidden_size': 186, 'n_layers': 2, 'rnn_dropout': 0.4870649393550366, 'bidirectional': True, 'fc_dropout': 0.01101401004617344, 'learning_rate_model': 0.00046440389064944195}. Best is trial 115 with value: 0.9733659029006958.
Epoch 7: reducing lr to 0.00018936641073891407
Epoch 10: reducing lr to 0.00031183065929900393
Epoch 13: reducing lr to 0.0004442765717179194
Epoch 16: reducing lr to 0.0005681023903588337
Epoch 19: reducing lr to 0.0006659172995764201
Epoch 22: reducing lr to 0.0007239834197975602
Epoch 25: reducing lr to 0.0007360930685949429
Epoch 28: reducing lr to 0.0007314742301696691
Epoch 31: reducing lr to 0.0007211259904677601
Epoch 34: reducing lr to 0.0007052115611572137
Epoch 37: reducing lr to 0.0006839819030305407
Epoch 40: reducing lr to 0.000657771817053243
Epoch 43: reducing lr to 0.0006269946712684212
Epoch 46: reducing lr to 0.0005921358032290186
Epoch 49: reducing lr to 0.0005537450097539857
Epoch 52: reducing lr to 0.0005124277118219042
Epoch 55: reducing lr to 0.0004688354413168249
Epoch 58: reducing lr to 0.0004236558379198405
Epoch 61: reducing lr to 0.00037760121108635963
Epoch 65: reducing lr to 0.00031609013048295245
Epoch 68: reducing lr to 0.000270820912833628
Epoch 71: reducing lr to 0.00022708720509781298
Epoch 74: reducing lr to 0.00018557851629781992
Epoch 77: reducing lr to 0.0001469495855478089
Epoch 80: reducing lr to 0.00011180949984249625
Epoch 83: reducing lr to 8.071254285721245e-05
Epoch 86: reducing lr to 5.4149004163778906e-05
Epoch 89: reducing lr to 3.2537963959999425e-05
Epoch 92: reducing lr to 1.622013422999738e-05
Epoch 95: reducing lr to 5.452904973103026e-06
Epoch 98: reducing lr to 4.0605316954812203e-07
[I 2024-06-20 22:42:41,414] Trial 116 finished with value: 1.0984649658203125 and parameters: {'hidden_size': 189, 'n_layers': 3, 'rnn_dropout': 0.62379543638608, 'bidirectional': False, 'fc_dropout': 0.1156781766704774, 'learning_rate_model': 0.007363482458797472}. Best is trial 115 with value: 0.9733659029006958.
[I 2024-06-20 22:44:34,650] Trial 117 finished with value: 1.0061578750610352 and parameters: {'hidden_size': 145, 'n_layers': 5, 'rnn_dropout': 0.20271682758903975, 'bidirectional': True, 'fc_dropout': 0.3397192927450718, 'learning_rate_model': 0.0003073891164855588}. Best is trial 115 with value: 0.9733659029006958.
[I 2024-06-20 22:44:42,585] Trial 118 finished with value: 1.0753103494644165 and parameters: {'hidden_size': 81, 'n_layers': 1, 'rnn_dropout': 0.5053173014927518, 'bidirectional': True, 'fc_dropout': 0.5186502049304996, 'learning_rate_model': 4.7836881141741806e-05}. Best is trial 115 with value: 0.9733659029006958.
Epoch 24: reducing lr to 9.752959560002735e-05
Epoch 27: reducing lr to 9.717754286200555e-05
Epoch 30: reducing lr to 9.605800054825721e-05
Epoch 33: reducing lr to 9.419265995260038e-05
Epoch 36: reducing lr to 9.161093854032015e-05
Epoch 39: reducing lr to 8.835355093188537e-05
Epoch 42: reducing lr to 8.447186850782559e-05
Epoch 45: reducing lr to 8.002710773881483e-05
Epoch 48: reducing lr to 7.50893671021275e-05
Epoch 51: reducing lr to 6.973651612980976e-05
Epoch 54: reducing lr to 6.405297677993276e-05
Epoch 57: reducing lr to 5.812836440597685e-05
Epoch 60: reducing lr to 5.205613995647866e-05
Epoch 63: reducing lr to 4.5932043732374066e-05
Epoch 66: reducing lr to 3.985267443269983e-05
Epoch 69: reducing lr to 3.3913880653760526e-05
Epoch 72: reducing lr to 2.8209355894013438e-05
Epoch 75: reducing lr to 2.282903805674992e-05
Epoch 78: reducing lr to 1.7857793820164613e-05
Epoch 81: reducing lr to 1.3374007963573781e-05
Epoch 84: reducing lr to 9.448405678851675e-06
Epoch 87: reducing lr to 6.142880005151992e-06
Epoch 90: reducing lr to 3.5095806341692703e-06
Epoch 93: reducing lr to 1.5900230752027193e-06
Epoch 96: reducing lr to 4.1448555317517585e-07
Epoch 99: reducing lr to 1.5035181383325075e-09
[I 2024-06-20 22:44:52,304] Trial 119 finished with value: 1.0919917821884155 and parameters: {'hidden_size': 43, 'n_layers': 4, 'rnn_dropout': 0.7002661810836313, 'bidirectional': False, 'fc_dropout': 0.3431458672239224, 'learning_rate_model': 0.0009753415902513679}. Best is trial 115 with value: 0.9733659029006958.
Epoch 27: reducing lr to 0.0002669752569629701
Epoch 30: reducing lr to 0.00026389954535212685
Epoch 33: reducing lr to 0.00025877490677635927
Epoch 36: reducing lr to 0.0002516821596544335
Epoch 39: reducing lr to 0.00024273315900903963
Epoch 42: reducing lr to 0.00023206903711326795
Epoch 45: reducing lr to 0.00021985797359491335
Epoch 48: reducing lr to 0.0002062925495630663
Epoch 51: reducing lr to 0.00019158669549708792
Epoch 54: reducing lr to 0.00017597234331546036
Epoch 57: reducing lr to 0.00015969569271945836
Epoch 60: reducing lr to 0.00014301350838965226
Epoch 63: reducing lr to 0.00012618881705723204
Epoch 66: reducing lr to 0.0001094870037251325
Epoch 69: reducing lr to 9.317139264373405e-05
Epoch 72: reducing lr to 7.749938737655257e-05
Epoch 75: reducing lr to 6.271807376394541e-05
Epoch 78: reducing lr to 4.906060550121417e-05
Epoch 81: reducing lr to 3.674232860332921e-05
Epoch 84: reducing lr to 2.5957545948489432e-05
Epoch 87: reducing lr to 1.6876295896851162e-05
Epoch 90: reducing lr to 9.641848970910099e-06
Epoch 93: reducing lr to 4.368260470241463e-06
Epoch 96: reducing lr to 1.1387135731916448e-06
Epoch 99: reducing lr to 4.130605997087339e-09
[I 2024-06-20 22:45:08,960] Trial 120 finished with value: 1.0275288820266724 and parameters: {'hidden_size': 45, 'n_layers': 3, 'rnn_dropout': 0.20950432328281618, 'bidirectional': True, 'fc_dropout': 0.3413113266145149, 'learning_rate_model': 0.002679549863220907}. Best is trial 115 with value: 0.9733659029006958.
[I 2024-06-20 22:45:27,776] Trial 121 finished with value: 1.0778253078460693 and parameters: {'hidden_size': 42, 'n_layers': 4, 'rnn_dropout': 0.23755766862952366, 'bidirectional': True, 'fc_dropout': 0.5067792100979368, 'learning_rate_model': 3.155042401877456e-05}. Best is trial 115 with value: 0.9733659029006958.
Epoch 16: reducing lr to 0.00014125109077049752
Epoch 30: reducing lr to 0.00018031225678446272
Epoch 39: reducing lr to 0.00016585009132524844
Epoch 46: reducing lr to 0.0001472266786934899
Epoch 56: reducing lr to 0.00011286045880559428
Epoch 59: reducing lr to 0.0001015347283542141
Epoch 62: reducing lr to 9.005139774922622e-05
Epoch 65: reducing lr to 7.859159980704291e-05
Epoch 68: reducing lr to 6.73360119415258e-05
Epoch 71: reducing lr to 5.646220815904194e-05
Epoch 74: reducing lr to 4.614162569194693e-05
Epoch 77: reducing lr to 3.653705669815932e-05
Epoch 80: reducing lr to 2.7799942544302294e-05
Epoch 83: reducing lr to 2.0068098481755515e-05
Epoch 86: reducing lr to 1.3463428480628035e-05
Epoch 89: reducing lr to 8.090131248872324e-06
Epoch 92: reducing lr to 4.03292028217637e-06
Epoch 95: reducing lr to 1.3557921747735842e-06
Epoch 98: reducing lr to 1.0095971093037909e-07
[I 2024-06-20 22:47:05,322] Trial 122 finished with value: 1.0228769779205322 and parameters: {'hidden_size': 103, 'n_layers': 7, 'rnn_dropout': 0.7586393392581321, 'bidirectional': True, 'fc_dropout': 0.511301478975924, 'learning_rate_model': 0.0018308318127610833}. Best is trial 115 with value: 0.9733659029006958.
Epoch 7: reducing lr to 0.0012853944404174157
Epoch 12: reducing lr to 0.0027162806427774825
Epoch 15: reducing lr to 0.00359018337000677
Epoch 18: reducing lr to 0.004324888918390304
Epoch 21: reducing lr to 0.004817210068935076
Epoch 24: reducing lr to 0.004998001773685581
Epoch 27: reducing lr to 0.004979960478648535
Epoch 30: reducing lr to 0.004922588411888641
Epoch 33: reducing lr to 0.004826997165475045
Epoch 36: reducing lr to 0.004694694266869209
Epoch 39: reducing lr to 0.0045277661775607585
Epoch 42: reducing lr to 0.0043288454753782355
Epoch 45: reducing lr to 0.004101069259651594
Epoch 48: reducing lr to 0.0038480297970317407
Epoch 51: reducing lr to 0.0035737175896517768
Epoch 54: reducing lr to 0.003282458925276785
Epoch 57: reducing lr to 0.002978846232419245
Epoch 60: reducing lr to 0.0026676690109605277
Epoch 63: reducing lr to 0.0023538335684778018
Epoch 66: reducing lr to 0.0020422902020183495
Epoch 69: reducing lr to 0.0017379507688639357
Epoch 72: reducing lr to 0.0014456166861494444
Epoch 75: reducing lr to 0.0011698969117753602
Epoch 78: reducing lr to 0.000915140523634747
Epoch 81: reducing lr to 0.0006853644282229357
Epoch 84: reducing lr to 0.00048419300880796765
Epoch 87: reducing lr to 0.00031479803614892427
Epoch 90: reducing lr to 0.0001798519734092459
Epoch 93: reducing lr to 8.14823244285244e-05
Epoch 96: reducing lr to 2.124072715765507e-05
Epoch 99: reducing lr to 7.704929232965619e-08
