[I 2024-06-21 04:37:10,658] Trial 820 finished with value: 0.9709758758544922 and parameters: {'hidden_size': 144, 'n_layers': 2, 'rnn_dropout': 0.6445003886599542, 'bidirectional': True, 'fc_dropout': 0.1669987839525613, 'learning_rate_model': 0.0007795157184782767}. Best is trial 690 with value: 0.966281533241272.
Epoch 35: reducing lr to 9.343505383894302e-05
Epoch 40: reducing lr to 8.796050065337063e-05
Epoch 43: reducing lr to 8.384482849818071e-05
Epoch 49: reducing lr to 7.404952147459301e-05
Epoch 52: reducing lr to 6.852436804367886e-05
Epoch 61: reducing lr to 5.049470152623883e-05
Epoch 65: reducing lr to 4.226913559998149e-05
Epoch 68: reducing lr to 3.621551191865755e-05
Epoch 71: reducing lr to 3.036722421745449e-05
Epoch 74: reducing lr to 2.4816477053082127e-05
Epoch 77: reducing lr to 1.96508253781635e-05
Epoch 80: reducing lr to 1.4951719318118583e-05
Epoch 83: reducing lr to 1.0793280427447031e-05
Epoch 86: reducing lr to 7.241072652618543e-06
Epoch 89: reducing lr to 4.351137470414324e-06
Epoch 92: reducing lr to 2.169036572480503e-06
Epoch 95: reducing lr to 7.291894225540818e-07
Epoch 98: reducing lr to 5.429943813243208e-08
[I 2024-06-21 04:37:45,886] Trial 821 finished with value: 0.9712100028991699 and parameters: {'hidden_size': 133, 'n_layers': 2, 'rnn_dropout': 0.6204623248669017, 'bidirectional': True, 'fc_dropout': 0.1551925291913862, 'learning_rate_model': 0.00098468129347614}. Best is trial 690 with value: 0.966281533241272.
Epoch 40: reducing lr to 4.59020981706031e-05
Epoch 47: reducing lr to 4.0454087797355055e-05
Epoch 50: reducing lr to 3.7702073407960814e-05
Epoch 53: reducing lr to 3.47606711451559e-05
Epoch 56: reducing lr to 3.167625960440557e-05
Epoch 61: reducing lr to 2.6350608845288547e-05
Epoch 64: reducing lr to 2.312636100716717e-05
Epoch 67: reducing lr to 1.9942578797941412e-05
Epoch 72: reducing lr to 1.4861989790594497e-05
Epoch 75: reducing lr to 1.202739019647426e-05
Epoch 78: reducing lr to 9.408309442972838e-06
Epoch 86: reducing lr to 3.7787464292727375e-06
Epoch 89: reducing lr to 2.2706366816603074e-06
Epoch 92: reducing lr to 1.1319095383276885e-06
Epoch 95: reducing lr to 3.8052676156250355e-07
Epoch 98: reducing lr to 2.8336106789412714e-08
[I 2024-06-21 04:38:21,713] Trial 822 finished with value: 0.975185215473175 and parameters: {'hidden_size': 137, 'n_layers': 2, 'rnn_dropout': 0.587976848826413, 'bidirectional': True, 'fc_dropout': 0.18841391767030613, 'learning_rate_model': 0.0005138549356149692}. Best is trial 690 with value: 0.966281533241272.
Epoch 36: reducing lr to 6.885772314536108e-05
Epoch 40: reducing lr to 6.548684604127217e-05
Epoch 43: reducing lr to 6.242271626959896e-05
Epoch 49: reducing lr to 5.5130081982437267e-05
Epoch 52: reducing lr to 5.101658934202428e-05
Epoch 61: reducing lr to 3.759345069873791e-05
Epoch 64: reducing lr to 3.29935341330681e-05
Epoch 67: reducing lr to 2.8451348401392005e-05
Epoch 72: reducing lr to 2.1203057726605722e-05
Epoch 75: reducing lr to 1.7159038071580752e-05
Epoch 78: reducing lr to 1.3422491270675475e-05
Epoch 81: reducing lr to 1.0052333841054432e-05
Epoch 84: reducing lr to 7.101725108002064e-06
Epoch 87: reducing lr to 4.617185867206945e-06
Epoch 90: reducing lr to 2.6379135015365737e-06
Epoch 93: reducing lr to 1.1951124008936753e-06
Epoch 96: reducing lr to 3.115406514007826e-07
Epoch 99: reducing lr to 1.1300925125594732e-09
[I 2024-06-21 04:38:58,829] Trial 823 finished with value: 0.9717232584953308 and parameters: {'hidden_size': 140, 'n_layers': 2, 'rnn_dropout': 0.6593282555843218, 'bidirectional': True, 'fc_dropout': 0.13194926070103086, 'learning_rate_model': 0.0007330980586355008}. Best is trial 690 with value: 0.966281533241272.
Epoch 27: reducing lr to 0.00011975350257233914
Epoch 30: reducing lr to 0.00011837387195603832
Epoch 36: reducing lr to 0.00011289368346883736
Epoch 40: reducing lr to 0.00010736705965064912
Epoch 49: reducing lr to 9.038692743002243e-05
Epoch 52: reducing lr to 8.364276984122389e-05
Epoch 55: reducing lr to 7.652727205569436e-05
Epoch 58: reducing lr to 6.915267641757801e-05
Epoch 65: reducing lr to 5.159489509079644e-05
Epoch 68: reducing lr to 4.420567185914828e-05
Epoch 71: reducing lr to 3.706708749679148e-05
Epoch 74: reducing lr to 3.029168947749881e-05
Epoch 77: reducing lr to 2.3986349837595203e-05
Epoch 80: reducing lr to 1.825048888971603e-05
Epoch 83: reducing lr to 1.3174581486826527e-05
Epoch 86: reducing lr to 8.838656824977816e-06
Epoch 89: reducing lr to 5.311120706044409e-06
Epoch 92: reducing lr to 2.6475870115801874e-06
Epoch 95: reducing lr to 8.900691065471395e-07
Epoch 98: reducing lr to 6.627942053143761e-08
[I 2024-06-21 04:39:34,501] Trial 824 finished with value: 0.9766895771026611 and parameters: {'hidden_size': 134, 'n_layers': 2, 'rnn_dropout': 0.6067985414149215, 'bidirectional': True, 'fc_dropout': 0.1484915298570405, 'learning_rate_model': 0.0012019296660231071}. Best is trial 690 with value: 0.966281533241272.
Epoch 39: reducing lr to 7.957606624532797e-05
Epoch 45: reducing lr to 7.207681366146125e-05
Epoch 48: reducing lr to 6.762961293366937e-05
Epoch 51: reducing lr to 6.280854101203363e-05
Epoch 54: reducing lr to 5.768963295408344e-05
Epoch 57: reducing lr to 5.235360127482171e-05
Epoch 60: reducing lr to 4.6884622043615876e-05
Epoch 65: reducing lr to 3.7708814644586596e-05
Epoch 68: reducing lr to 3.230830266138853e-05
Epoch 71: reducing lr to 2.7090973426177524e-05
Epoch 74: reducing lr to 2.2139083755635642e-05
Epoch 77: reducing lr to 1.7530742497573817e-05
Epoch 80: reducing lr to 1.3338612308529563e-05
Epoch 83: reducing lr to 9.62881793697771e-06
Epoch 86: reducing lr to 6.459849784240621e-06
Epoch 89: reducing lr to 3.881703139560803e-06
Epoch 92: reducing lr to 1.935024147241683e-06
Epoch 95: reducing lr to 6.505188333185818e-07
Epoch 98: reducing lr to 4.844119518360645e-08
[I 2024-06-21 04:40:27,613] Trial 825 finished with value: 0.9767482876777649 and parameters: {'hidden_size': 127, 'n_layers': 3, 'rnn_dropout': 0.5529559694940029, 'bidirectional': True, 'fc_dropout': 0.20767537763241384, 'learning_rate_model': 0.000878446267060635}. Best is trial 690 with value: 0.966281533241272.
Epoch 40: reducing lr to 5.3710311934306685e-05
Epoch 47: reducing lr to 4.733556332301358e-05
Epoch 53: reducing lr to 4.067366339798071e-05
Epoch 56: reducing lr to 3.706457552204628e-05
Epoch 63: reducing lr to 2.8315530030244073e-05
Epoch 66: reducing lr to 2.45678073081101e-05
Epoch 72: reducing lr to 1.7390100658373097e-05
Epoch 75: reducing lr to 1.4073319193543232e-05
Epoch 78: reducing lr to 1.1008717577101431e-05
Epoch 81: reducing lr to 8.244617337816937e-06
Epoch 84: reducing lr to 5.824618131435044e-06
Epoch 87: reducing lr to 3.7868748943881777e-06
Epoch 90: reducing lr to 2.1635361234827956e-06
Epoch 93: reducing lr to 9.801947067064782e-07
Epoch 96: reducing lr to 2.555161315358971e-07
Epoch 99: reducing lr to 9.268673792340275e-10
[I 2024-06-21 04:41:00,726] Trial 826 finished with value: 0.9709365367889404 and parameters: {'hidden_size': 130, 'n_layers': 2, 'rnn_dropout': 0.632407758969493, 'bidirectional': True, 'fc_dropout': 0.16977561906287286, 'learning_rate_model': 0.0006012646476046793}. Best is trial 690 with value: 0.966281533241272.
Epoch 36: reducing lr to 7.695902985440118e-05
Epoch 40: reducing lr to 7.319155948449871e-05
Epoch 52: reducing lr to 5.7018835983790136e-05
Epoch 65: reducing lr to 3.517196843633287e-05
Epoch 72: reducing lr to 2.3697657692539793e-05
Epoch 77: reducing lr to 1.6351368442674238e-05
Epoch 83: reducing lr to 8.981042860948e-06
Epoch 86: reducing lr to 6.025265839200271e-06
Epoch 89: reducing lr to 3.6205630325599856e-06
Epoch 92: reducing lr to 1.8048461313831429e-06
Epoch 95: reducing lr to 6.067554254454949e-07
Epoch 98: reducing lr to 4.51823321436797e-08
[I 2024-06-21 04:41:39,622] Trial 827 finished with value: 0.968542218208313 and parameters: {'hidden_size': 142, 'n_layers': 2, 'rnn_dropout': 0.569246766283679, 'bidirectional': True, 'fc_dropout': 0.2872198575726345, 'learning_rate_model': 0.0008193491274992}. Best is trial 690 with value: 0.966281533241272.
Epoch 31: reducing lr to 0.0001023507033451923
Epoch 36: reducing lr to 9.816428967165871e-05
Epoch 40: reducing lr to 9.335873204677466e-05
Epoch 52: reducing lr to 7.27297828837362e-05
Epoch 55: reducing lr to 6.654265385831493e-05
Epoch 58: reducing lr to 6.013023183267316e-05
Epoch 61: reducing lr to 5.359361616354499e-05
Epoch 65: reducing lr to 4.486323832873999e-05
Epoch 68: reducing lr to 3.843809719176677e-05
Epoch 71: reducing lr to 3.2230893726876734e-05
Epoch 74: reducing lr to 2.63394911844996e-05
Epoch 77: reducing lr to 2.085681785972901e-05
Epoch 80: reducing lr to 1.5869322560584217e-05
Epoch 83: reducing lr to 1.1455675761812669e-05
Epoch 86: reducing lr to 7.685465140439007e-06
Epoch 89: reducing lr to 4.618171499499373e-06
Epoch 92: reducing lr to 2.3021527011067838e-06
Epoch 95: reducing lr to 7.739405688450812e-07
Epoch 98: reducing lr to 5.763185358474004e-08
[I 2024-06-21 04:42:14,084] Trial 828 finished with value: 0.9729269742965698 and parameters: {'hidden_size': 136, 'n_layers': 2, 'rnn_dropout': 0.6129001748745578, 'bidirectional': True, 'fc_dropout': 0.19694570234196065, 'learning_rate_model': 0.0010451122531848361}. Best is trial 690 with value: 0.966281533241272.
Epoch 36: reducing lr to 6.757463477857324e-05
Epoch 40: reducing lr to 6.42665702828681e-05
Epoch 43: reducing lr to 6.125953721850344e-05
Epoch 49: reducing lr to 5.410279319592894e-05
Epoch 61: reducing lr to 3.6892937857830654e-05
Epoch 65: reducing lr to 3.088309358921547e-05
Epoch 72: reducing lr to 2.0807961933909998e-05
Epoch 75: reducing lr to 1.6839298162544885e-05
Epoch 78: reducing lr to 1.3172377824920698e-05
Epoch 81: reducing lr to 9.865019593336766e-06
Epoch 84: reducing lr to 6.969392227186848e-06
Epoch 87: reducing lr to 4.531149658007808e-06
Epoch 90: reducing lr to 2.588758868304387e-06
Epoch 93: reducing lr to 1.1728427882991104e-06
Epoch 96: reducing lr to 3.0573543206830313e-07
Epoch 99: reducing lr to 1.1090344744770982e-09
[I 2024-06-21 04:42:51,184] Trial 829 finished with value: 0.9720768332481384 and parameters: {'hidden_size': 140, 'n_layers': 2, 'rnn_dropout': 0.5924177320584864, 'bidirectional': True, 'fc_dropout': 0.23307657498374001, 'learning_rate_model': 0.0007194375780418534}. Best is trial 690 with value: 0.966281533241272.
Epoch 40: reducing lr to 0.00010734127212410214
Epoch 45: reducing lr to 9.859504973493153e-05
Epoch 49: reducing lr to 9.036521820842147e-05
Epoch 52: reducing lr to 8.362268043806094e-05
Epoch 56: reducing lr to 7.40743917507405e-05
Epoch 59: reducing lr to 6.664090615979549e-05
Epoch 62: reducing lr to 5.9103981900942715e-05
Epoch 65: reducing lr to 5.1582502977878655e-05
Epoch 68: reducing lr to 4.419505449717243e-05
Epoch 71: reducing lr to 3.705818468706612e-05
Epoch 74: reducing lr to 3.0284413989568948e-05
Epoch 77: reducing lr to 2.3980588772374514e-05
Epoch 80: reducing lr to 1.8246105469249194e-05
Epoch 83: reducing lr to 1.3171417202818553e-05
Epoch 86: reducing lr to 8.836533947642307e-06
Epoch 89: reducing lr to 5.30984507582182e-06
Epoch 92: reducing lr to 2.6469511115139246e-06
Epoch 95: reducing lr to 8.898553288690928e-07
Epoch 98: reducing lr to 6.626350147469641e-08
[I 2024-06-21 04:43:25,268] Trial 830 finished with value: 0.9759496450424194 and parameters: {'hidden_size': 132, 'n_layers': 2, 'rnn_dropout': 0.5367376393730812, 'bidirectional': True, 'fc_dropout': 0.14595560827433124, 'learning_rate_model': 0.0012016409853675037}. Best is trial 690 with value: 0.966281533241272.
Epoch 53: reducing lr to 2.9289167739213893e-05
Epoch 56: reducing lr to 2.6690257993871045e-05
Epoch 61: reducing lr to 2.2202891287029206e-05
Epoch 64: reducing lr to 1.948615617655954e-05
Epoch 67: reducing lr to 1.6803517202710694e-05
Epoch 72: reducing lr to 1.2522638302853e-05
Epoch 75: reducing lr to 1.0134218854937223e-05
Epoch 78: reducing lr to 7.927394504753755e-06
Epoch 81: reducing lr to 5.9369616596900795e-06
Epoch 84: reducing lr to 4.194316499087146e-06
Epoch 87: reducing lr to 2.7269344515119245e-06
Epoch 90: reducing lr to 1.5579656990936854e-06
Epoch 93: reducing lr to 7.058397199412574e-07
Epoch 96: reducing lr to 1.8399756037223275e-07
Epoch 99: reducing lr to 6.674386291859093e-10
[I 2024-06-21 04:43:59,669] Trial 831 finished with value: 0.9755810499191284 and parameters: {'hidden_size': 136, 'n_layers': 2, 'rnn_dropout': 0.5786590234358777, 'bidirectional': True, 'fc_dropout': 0.17877077535246844, 'learning_rate_model': 0.0004329716000016629}. Best is trial 690 with value: 0.966281533241272.
Epoch 36: reducing lr to 5.9861066463238174e-05
Epoch 40: reducing lr to 5.693061379721988e-05
Epoch 43: reducing lr to 5.426683016430908e-05
Epoch 49: reducing lr to 4.792702039693825e-05
Epoch 53: reducing lr to 4.311232869883068e-05
Epoch 56: reducing lr to 3.928685123229948e-05
Epoch 61: reducing lr to 3.268165062775861e-05
Epoch 65: reducing lr to 2.7357823301482662e-05
Epoch 72: reducing lr to 1.8432756556832636e-05
Epoch 75: reducing lr to 1.491711127711502e-05
Epoch 78: reducing lr to 1.1668765758634722e-05
Epoch 81: reducing lr to 8.738938737485062e-06
Epoch 84: reducing lr to 6.173843968037141e-06
Epoch 87: reducing lr to 4.013924037054358e-06
Epoch 90: reducing lr to 2.2932549643909085e-06
Epoch 93: reducing lr to 1.0389641073363852e-06
Epoch 96: reducing lr to 2.708360774597942e-07
Epoch 99: reducing lr to 9.824394405421807e-10
[I 2024-06-21 04:44:37,003] Trial 832 finished with value: 0.9728156924247742 and parameters: {'hidden_size': 144, 'n_layers': 2, 'rnn_dropout': 0.6211700538382011, 'bidirectional': True, 'fc_dropout': 0.2530152630239263, 'learning_rate_model': 0.0006373145902516972}. Best is trial 690 with value: 0.966281533241272.
Epoch 36: reducing lr to 8.518464069541898e-05
Epoch 40: reducing lr to 8.101449184611632e-05
Epoch 49: reducing lr to 6.820202601339273e-05
Epoch 53: reducing lr to 6.135053126739812e-05
Epoch 65: reducing lr to 3.893125341455026e-05
Epoch 68: reducing lr to 3.335566843348318e-05
Epoch 71: reducing lr to 2.7969204591605287e-05
Epoch 74: reducing lr to 2.2856785294902862e-05
Epoch 77: reducing lr to 1.8099051512250314e-05
Epoch 84: reducing lr to 8.785621626868263e-06
Epoch 87: reducing lr to 5.711971020181598e-06
Epoch 90: reducing lr to 3.2633915783073193e-06
Epoch 93: reducing lr to 1.4784865925039789e-06
Epoch 96: reducing lr to 3.854103394555796e-07
Epoch 99: reducing lr to 1.3980497791344845e-09
[I 2024-06-21 04:45:09,559] Trial 833 finished with value: 0.9705209136009216 and parameters: {'hidden_size': 126, 'n_layers': 2, 'rnn_dropout': 0.6020508310176202, 'bidirectional': True, 'fc_dropout': 0.16112659212251557, 'learning_rate_model': 0.000906923608083046}. Best is trial 690 with value: 0.966281533241272.
Epoch 35: reducing lr to 7.374170148314243e-05
Epoch 40: reducing lr to 6.942102257113645e-05
Epoch 43: reducing lr to 6.617281266488817e-05
Epoch 52: reducing lr to 5.408145321249718e-05
Epoch 65: reducing lr to 3.336004905329399e-05
Epoch 72: reducing lr to 2.2476848985644173e-05
Epoch 75: reducing lr to 1.818988149949168e-05
Epoch 78: reducing lr to 1.4228858553902392e-05
Epoch 81: reducing lr to 1.0656236124620085e-05
Epoch 84: reducing lr to 7.5283671274366485e-06
Epoch 87: reducing lr to 4.894567133382729e-06
Epoch 90: reducing lr to 2.7963883405755005e-06
Epoch 93: reducing lr to 1.2669097684930007e-06
Epoch 96: reducing lr to 3.3025671413598657e-07
Epoch 99: reducing lr to 1.1979837564990956e-09
[I 2024-06-21 04:45:45,650] Trial 834 finished with value: 0.9720684289932251 and parameters: {'hidden_size': 138, 'n_layers': 2, 'rnn_dropout': 0.5605452212647568, 'bidirectional': True, 'fc_dropout': 0.1320008441700726, 'learning_rate_model': 0.0007771395318583091}. Best is trial 690 with value: 0.966281533241272.
Epoch 35: reducing lr to 9.182961166058758e-05
Epoch 40: reducing lr to 8.644912465500496e-05
Epoch 43: reducing lr to 8.240416978844224e-05
Epoch 49: reducing lr to 7.277717003711999e-05
Epoch 52: reducing lr to 6.734695222185994e-05
Epoch 65: reducing lr to 4.154284872640823e-05
Epoch 68: reducing lr to 3.559324106894875e-05
Epoch 71: reducing lr to 2.98454412185137e-05
Epoch 74: reducing lr to 2.4390069432577257e-05
Epoch 77: reducing lr to 1.9313176256068683e-05
Epoch 80: reducing lr to 1.4694812302539438e-05
Epoch 83: reducing lr to 1.0607825537348615e-05
Epoch 86: reducing lr to 7.1166533584092384e-06
Epoch 89: reducing lr to 4.2763743132071094e-06
Epoch 92: reducing lr to 2.1317672323690508e-06
Epoch 95: reducing lr to 7.166601692719268e-07
Epoch 98: reducing lr to 5.336644131102939e-08
[I 2024-06-21 04:46:20,890] Trial 835 finished with value: 0.9708090424537659 and parameters: {'hidden_size': 133, 'n_layers': 2, 'rnn_dropout': 0.641039287370162, 'bidirectional': True, 'fc_dropout': 0.20785405553884453, 'learning_rate_model': 0.0009677620665283057}. Best is trial 690 with value: 0.966281533241272.
Epoch 40: reducing lr to 5.296339461376133e-05
Epoch 53: reducing lr to 4.010803898456936e-05
Epoch 56: reducing lr to 3.6549140544309824e-05
Epoch 65: reducing lr to 2.5451388886320763e-05
Epoch 72: reducing lr to 1.7148266885304478e-05
Epoch 75: reducing lr to 1.3877609924975264e-05
Epoch 78: reducing lr to 1.085562589806993e-05
Epoch 81: reducing lr to 8.12996435463531e-06
Epoch 84: reducing lr to 5.743618635970329e-06
Epoch 87: reducing lr to 3.7342130805298553e-06
Epoch 90: reducing lr to 2.13344911512151e-06
Epoch 93: reducing lr to 9.665637226816408e-07
Epoch 96: reducing lr to 2.519628208689259e-07
Epoch 99: reducing lr to 9.139779865883699e-10
[I 2024-06-21 04:46:54,002] Trial 836 finished with value: 0.9710022211074829 and parameters: {'hidden_size': 130, 'n_layers': 2, 'rnn_dropout': 0.5883735482375483, 'bidirectional': True, 'fc_dropout': 0.18040817952311416, 'learning_rate_model': 0.0005929032182375064}. Best is trial 690 with value: 0.966281533241272.
Epoch 27: reducing lr to 0.00011919250106912642
Epoch 31: reducing lr to 0.00011715684148578035
Epoch 36: reducing lr to 0.00011236481771736608
Epoch 39: reducing lr to 0.00010836948953179695
Epoch 45: reducing lr to 9.815674325356083e-05
Epoch 52: reducing lr to 8.325093395662874e-05
Epoch 55: reducing lr to 7.616876968425785e-05
Epoch 58: reducing lr to 6.882872133828497e-05
Epoch 61: reducing lr to 6.134651339273997e-05
Epoch 64: reducing lr to 5.384018348802539e-05
Epoch 67: reducing lr to 4.642806109326118e-05
Epoch 70: reducing lr to 3.9227089303575896e-05
Epoch 73: reducing lr to 3.235080924058639e-05
Epoch 76: reducing lr to 2.5907654515119404e-05
Epoch 79: reducing lr to 1.99992565094062e-05
Epoch 82: reducing lr to 1.4718776704104289e-05
Epoch 85: reducing lr to 1.0149506977854389e-05
Epoch 88: reducing lr to 6.36348889467397e-06
Epoch 91: reducing lr to 3.4204526443355625e-06
Epoch 94: reducing lr to 1.3667967153412889e-06
Epoch 97: reducing lr to 2.3491453910544618e-07
[I 2024-06-21 04:47:32,393] Trial 837 finished with value: 0.9760154485702515 and parameters: {'hidden_size': 141, 'n_layers': 2, 'rnn_dropout': 0.6104509853551381, 'bidirectional': True, 'fc_dropout': 0.2239153365502698, 'learning_rate_model': 0.0011962990637032493}. Best is trial 690 with value: 0.966281533241272.
Epoch 36: reducing lr to 6.906460482466662e-05
Epoch 40: reducing lr to 6.568359998640106e-05
Epoch 49: reducing lr to 5.529571923298507e-05
Epoch 52: reducing lr to 5.116986768457474e-05
Epoch 61: reducing lr to 3.7706399484381414e-05
Epoch 65: reducing lr to 3.156404265434042e-05
Epoch 72: reducing lr to 2.1266761897881214e-05
Epoch 75: reducing lr to 1.7210592065081555e-05
Epoch 78: reducing lr to 1.3462818882564113e-05
Epoch 81: reducing lr to 1.0082535881014231e-05
Epoch 84: reducing lr to 7.123062101867055e-06
Epoch 87: reducing lr to 4.631058111629792e-06
Epoch 90: reducing lr to 2.6458390609383634e-06
Epoch 93: reducing lr to 1.1987030926732074e-06
Epoch 96: reducing lr to 3.1247666918047354e-07
Epoch 99: reducing lr to 1.1334878533605235e-09
[I 2024-06-21 04:48:03,455] Trial 838 finished with value: 0.9716561436653137 and parameters: {'hidden_size': 123, 'n_layers': 2, 'rnn_dropout': 0.5731810856361028, 'bidirectional': True, 'fc_dropout': 0.2680011825945936, 'learning_rate_model': 0.0007353006373810394}. Best is trial 690 with value: 0.966281533241272.
Epoch 40: reducing lr to 4.4994558892405754e-05
Epoch 61: reducing lr to 2.5829625851381983e-05
Epoch 64: reducing lr to 2.2669125242087977e-05
Epoch 67: reducing lr to 1.9548290207898948e-05
Epoch 72: reducing lr to 1.4568150510372425e-05
Epoch 75: reducing lr to 1.1789594334138343e-05
Epoch 79: reducing lr to 8.420581454021339e-06
Epoch 86: reducing lr to 3.7040361013446416e-06
Epoch 89: reducing lr to 2.2257434838055186e-06
Epoch 92: reducing lr to 1.1095303354951538e-06
Epoch 95: reducing lr to 3.730032932181904e-07
Epoch 98: reducing lr to 2.7775868130877365e-08
