[I 2024-06-20 23:39:28,809] Trial 197 finished with value: 1.1063706874847412 and parameters: {'hidden_size': 106, 'n_layers': 3, 'rnn_dropout': 0.2829182296536041, 'bidirectional': False, 'fc_dropout': 0.5805140363958952, 'learning_rate_model': 1.269705997902816e-05}. Best is trial 115 with value: 0.9733659029006958.
Epoch 17: reducing lr to 0.0012602471668112713
Epoch 20: reducing lr to 0.0014392612694969372
Epoch 23: reducing lr to 0.0015282727364544601
Epoch 26: reducing lr to 0.0015330435206939498
Epoch 29: reducing lr to 0.0015194036414842966
Epoch 32: reducing lr to 0.0014939094259865766
Epoch 35: reducing lr to 0.001456962932835669
Epoch 38: reducing lr to 0.0014091468203988225
Epoch 41: reducing lr to 0.001351215183410589
Epoch 44: reducing lr to 0.0012840816386920683
Epoch 47: reducing lr to 0.0012088049521095036
Epoch 50: reducing lr to 0.00112657225812712
Epoch 53: reducing lr to 0.0010386804821653065
Epoch 56: reducing lr to 0.0009465154588559323
Epoch 59: reducing lr to 0.0008515310943715361
Epoch 62: reducing lr to 0.0007552250005296096
Epoch 65: reducing lr to 0.0006591162657040141
Epoch 68: reducing lr to 0.000564720158989843
Epoch 71: reducing lr to 0.0004735259224466817
Epoch 74: reducing lr to 0.0003869713314687233
Epoch 77: reducing lr to 0.00030642165867386385
Epoch 80: reducing lr to 0.00023314698214025475
Epoch 83: reducing lr to 0.00016830310317578946
Epoch 86: reducing lr to 0.00011291238154601605
Epoch 89: reducing lr to 6.784869007507126e-05
Epoch 92: reducing lr to 3.382248691713042e-05
Epoch 95: reducing lr to 1.1370485872555166e-05
Epoch 98: reducing lr to 8.467086535759311e-07
[I 2024-06-20 23:39:53,440] Trial 198 finished with value: 1.2148374319076538 and parameters: {'hidden_size': 101, 'n_layers': 2, 'rnn_dropout': 0.023172948942318784, 'bidirectional': True, 'fc_dropout': 0.2637880633954088, 'learning_rate_model': 0.015354453027065824}. Best is trial 115 with value: 0.9733659029006958.
Epoch 14: reducing lr to 0.002359415896255995
Epoch 18: reducing lr to 0.003084211889154874
Epoch 21: reducing lr to 0.003435301310049813
Epoch 24: reducing lr to 0.003564229459598593
Epoch 27: reducing lr to 0.003551363654788578
Epoch 30: reducing lr to 0.0035104498616842423
Epoch 33: reducing lr to 0.0034422807909286228
Epoch 36: reducing lr to 0.0033479315069239726
Epoch 39: reducing lr to 0.003228889929812056
Epoch 42: reducing lr to 0.0030870334321661656
Epoch 45: reducing lr to 0.002924599176427574
Epoch 48: reducing lr to 0.002744148918914837
Epoch 51: reducing lr to 0.002548528409970877
Epoch 54: reducing lr to 0.0023408228590456387
Epoch 57: reducing lr to 0.002124307268777467
Epoch 60: reducing lr to 0.001902397179485656
Epoch 64: reducing lr to 0.001604178694896505
Epoch 67: reducing lr to 0.0013833330725503156
Epoch 70: reducing lr to 0.0011687787233785097
Epoch 73: reducing lr to 0.0009638986270905259
Epoch 76: reducing lr to 0.0007719235841225781
Epoch 79: reducing lr to 0.0005958817211924094
Epoch 82: reducing lr to 0.00043854880265990493
Epoch 85: reducing lr to 0.00030240652618129804
Epoch 88: reducing lr to 0.0001896013841096382
Epoch 91: reducing lr to 0.00010191304901785714
Epoch 94: reducing lr to 4.072397285742324e-05
Epoch 97: reducing lr to 6.99932419134866e-06
[I 2024-06-20 23:40:19,728] Trial 199 finished with value: 1.0153597593307495 and parameters: {'hidden_size': 76, 'n_layers': 3, 'rnn_dropout': 0.742487262800581, 'bidirectional': True, 'fc_dropout': 0.76154813405434, 'learning_rate_model': 0.03564396230455292}. Best is trial 115 with value: 0.9733659029006958.
Epoch 9: reducing lr to 0.00045533338409405115
Epoch 14: reducing lr to 0.0008250561867093624
Epoch 17: reducing lr to 0.001023025312362188
Epoch 20: reducing lr to 0.0011683428049462962
Epoch 23: reducing lr to 0.0012405992528766198
Epoch 26: reducing lr to 0.0012444720114634657
Epoch 29: reducing lr to 0.0012333996265722186
Epoch 32: reducing lr to 0.001212704299131828
Epoch 35: reducing lr to 0.0011827124065160082
Epoch 38: reducing lr to 0.0011438969307507086
Epoch 41: reducing lr to 0.001096870020009464
Epoch 44: reducing lr to 0.0010423733170099874
Epoch 48: reducing lr to 0.0009595921797404235
Epoch 51: reducing lr to 0.000891186303774444
Epoch 54: reducing lr to 0.0008185544502395589
Epoch 57: reducing lr to 0.0007428418437621453
Epoch 61: reducing lr to 0.0006391681441244521
Epoch 64: reducing lr to 0.0005609598370986434
Epoch 67: reducing lr to 0.0004837330763085933
Epoch 70: reducing lr to 0.0004087062896151156
Epoch 73: reducing lr to 0.0003370624597823821
Epoch 76: reducing lr to 0.00026993135451779517
Epoch 79: reducing lr to 0.00020837186923974103
Epoch 82: reducing lr to 0.00015335465162487818
Epoch 85: reducing lr to 0.00010574751815611901
Epoch 88: reducing lr to 6.630106850451703e-05
Epoch 91: reducing lr to 3.5637630369459056e-05
Epoch 94: reducing lr to 1.4240628710994984e-05
Epoch 97: reducing lr to 2.4475700685158697e-06
[I 2024-06-20 23:40:39,335] Trial 200 finished with value: 1.1060611009597778 and parameters: {'hidden_size': 111, 'n_layers': 3, 'rnn_dropout': 0.5682836626556875, 'bidirectional': False, 'fc_dropout': 0.7923249575119574, 'learning_rate_model': 0.012464216955083157}. Best is trial 115 with value: 0.9733659029006958.
Epoch 11: reducing lr to 0.0026116423723258333
Epoch 16: reducing lr to 0.004170159947735878
Epoch 19: reducing lr to 0.004888171038048231
Epoch 22: reducing lr to 0.005314405838281454
Epoch 25: reducing lr to 0.005403296808030933
Epoch 28: reducing lr to 0.005369392189192814
Epoch 31: reducing lr to 0.005293430856399947
Epoch 34: reducing lr to 0.005176610866151365
Epoch 37: reducing lr to 0.005020774398066699
Epoch 40: reducing lr to 0.004828379061197578
Epoch 43: reducing lr to 0.004602459186830522
Epoch 46: reducing lr to 0.004346577398990291
Epoch 49: reducing lr to 0.00406476948543749
Epoch 52: reducing lr to 0.0037614795435025406
Epoch 55: reducing lr to 0.0034414901479706424
Epoch 58: reducing lr to 0.0031098489231877425
Epoch 61: reducing lr to 0.002771784582167113
Epoch 64: reducing lr to 0.0024326303524010557
Epoch 67: reducing lr to 0.0020977326469126395
Epoch 70: reducing lr to 0.0017723752389783188
Epoch 73: reducing lr to 0.0014616881924425494
Epoch 76: reducing lr to 0.0011705708013981207
Epoch 79: reducing lr to 0.0009036150187165762
Epoch 82: reducing lr to 0.000665030106529655
Epoch 85: reducing lr to 0.0004585793943612061
Epoch 88: reducing lr to 0.0002875178951757082
Epoch 91: reducing lr to 0.00015454436412557505
Epoch 94: reducing lr to 6.175519769617416e-05
Epoch 97: reducing lr to 1.0614009853352618e-05
[I 2024-06-20 23:40:47,530] Trial 201 finished with value: 1.381685733795166 and parameters: {'hidden_size': 77, 'n_layers': 1, 'rnn_dropout': 0.1479244722227267, 'bidirectional': True, 'fc_dropout': 0.6405277265033917, 'learning_rate_model': 0.05405169938844537}. Best is trial 115 with value: 0.9733659029006958.
[I 2024-06-20 23:41:20,318] Trial 202 finished with value: 1.1066770553588867 and parameters: {'hidden_size': 48, 'n_layers': 7, 'rnn_dropout': 0.7659159410613351, 'bidirectional': True, 'fc_dropout': 0.04606680448653897, 'learning_rate_model': 1.0548472419055645e-05}. Best is trial 115 with value: 0.9733659029006958.
Epoch 65: reducing lr to 5.567772079788182e-06
Epoch 68: reducing lr to 4.770377090844175e-06
Epoch 71: reducing lr to 4.0000293533015775e-06
Epoch 74: reducing lr to 3.268874229235841e-06
Epoch 77: reducing lr to 2.58844462590287e-06
Epoch 80: reducing lr to 1.969469310942962e-06
Epoch 83: reducing lr to 1.4217117184977437e-06
Epoch 86: reducing lr to 9.538080580712163e-07
Epoch 89: reducing lr to 5.731402210908625e-07
Epoch 92: reducing lr to 2.8570968147031895e-07
Epoch 95: reducing lr to 9.605023736930106e-08
Epoch 98: reducing lr to 7.152426736211433e-09
[I 2024-06-20 23:41:25,026] Trial 203 finished with value: 1.091509461402893 and parameters: {'hidden_size': 73, 'n_layers': 1, 'rnn_dropout': 0.23508998837643535, 'bidirectional': False, 'fc_dropout': 0.38156073798942236, 'learning_rate_model': 0.00012970411945941392}. Best is trial 115 with value: 0.9733659029006958.
Epoch 10: reducing lr to 0.0015447666539833717
Epoch 13: reducing lr to 0.0022008856816026555
Epoch 16: reducing lr to 0.0028143019376201985
Epoch 19: reducing lr to 0.0032988636877746384
Epoch 22: reducing lr to 0.0035865153460350836
Epoch 25: reducing lr to 0.003646504898363579
Epoch 28: reducing lr to 0.003623623801310648
Epoch 31: reducing lr to 0.0035723600299583645
Epoch 35: reducing lr to 0.003461317852567093
Epoch 38: reducing lr to 0.003347720752813918
Epoch 41: reducing lr to 0.0032100921249218284
Epoch 44: reducing lr to 0.003050602455278643
Epoch 47: reducing lr to 0.0028717670619558965
Epoch 50: reducing lr to 0.002676406229273673
Epoch 53: reducing lr to 0.002467601072756513
Epoch 56: reducing lr to 0.0022486439302147254
Epoch 59: reducing lr to 0.0020229888575323367
Epoch 62: reducing lr to 0.001794193742424449
Epoch 65: reducing lr to 0.001565867494623475
Epoch 68: reducing lr to 0.0013416099503723883
Epoch 71: reducing lr to 0.0011249591132891684
Epoch 74: reducing lr to 0.0009193307172457935
Epoch 77: reducing lr to 0.0007279682507205509
Epoch 80: reducing lr to 0.0005538890478040913
Epoch 83: reducing lr to 0.00039983895440015777
Epoch 86: reducing lr to 0.0002682467983316728
Epoch 89: reducing lr to 0.00016118864587245097
Epoch 92: reducing lr to 8.035233782964432e-05
Epoch 95: reducing lr to 2.7012949235735023e-05
Epoch 98: reducing lr to 2.0115321484819036e-06
[I 2024-06-20 23:41:55,923] Trial 204 finished with value: 1.1908302307128906 and parameters: {'hidden_size': 109, 'n_layers': 5, 'rnn_dropout': 0.08899653805394801, 'bidirectional': False, 'fc_dropout': 0.6753998876555427, 'learning_rate_model': 0.03647769011909392}. Best is trial 115 with value: 0.9733659029006958.
Epoch 9: reducing lr to 0.0015568582133687731
Epoch 13: reducing lr to 0.0025713116903842066
Epoch 17: reducing lr to 0.0034978883949046157
Epoch 20: reducing lr to 0.003994752318743316
Epoch 23: reducing lr to 0.004241808757736908
Epoch 26: reducing lr to 0.004255050343407859
Epoch 29: reducing lr to 0.0042171920752428396
Epoch 32: reducing lr to 0.004146431415845914
Epoch 35: reducing lr to 0.0040438843020507865
Epoch 38: reducing lr to 0.003911167935621259
Epoch 41: reducing lr to 0.0037503753498051825
Epoch 44: reducing lr to 0.0035640423405639164
Epoch 47: reducing lr to 0.003355107573370381
Epoch 50: reducing lr to 0.0031268660081141602
Epoch 53: reducing lr to 0.0028829173357896114
Epoch 56: reducing lr to 0.002627108020014135
Epoch 59: reducing lr to 0.0023634734608760114
Epoch 62: reducing lr to 0.002096170365991357
Epoch 65: reducing lr to 0.0018294150523920209
Epoch 68: reducing lr to 0.0015674132364822662
Epoch 71: reducing lr to 0.0013142983951344178
Epoch 74: reducing lr to 0.0010740611565349708
Epoch 77: reducing lr to 0.0008504909132505463
Epoch 80: reducing lr to 0.0006471128399351198
Epoch 83: reducing lr to 0.00046713492950322885
Epoch 86: reducing lr to 0.00031339480020429816
Epoch 89: reducing lr to 0.0001883179362533828
Epoch 92: reducing lr to 9.387625506319456e-05
Epoch 95: reducing lr to 3.155943661327307e-05
Epoch 98: reducing lr to 2.3500884994663573e-06
[I 2024-06-20 23:42:14,828] Trial 205 finished with value: 1.2455395460128784 and parameters: {'hidden_size': 86, 'n_layers': 4, 'rnn_dropout': 0.08126518075693295, 'bidirectional': False, 'fc_dropout': 0.22769917517498836, 'learning_rate_model': 0.042617166273324125}. Best is trial 115 with value: 0.9733659029006958.
Epoch 20: reducing lr to 2.2509660646325403e-05
Epoch 23: reducing lr to 2.3901776141482007e-05
Epoch 26: reducing lr to 2.3976389928793385e-05
Epoch 61: reducing lr to 1.2314414878297945e-05
Epoch 65: reducing lr to 1.0308401804389814e-05
Epoch 68: reducing lr to 8.832071986098383e-06
Epoch 71: reducing lr to 7.405818559432642e-06
Epoch 74: reducing lr to 6.0521279463472695e-06
Epoch 83: reducing lr to 2.6322154416999486e-06
Epoch 86: reducing lr to 1.7659193957589085e-06
Epoch 89: reducing lr to 1.0611353346716359e-06
Epoch 92: reducing lr to 5.28974633622631e-07
Epoch 95: reducing lr to 1.7783135265254024e-07
Epoch 98: reducing lr to 1.3242296490728459e-08
[I 2024-06-20 23:46:10,868] Trial 206 finished with value: 1.0370901823043823 and parameters: {'hidden_size': 180, 'n_layers': 7, 'rnn_dropout': 0.1249196515526358, 'bidirectional': True, 'fc_dropout': 0.16850254273504195, 'learning_rate_model': 0.0002401395315598264}. Best is trial 115 with value: 0.9733659029006958.
Epoch 15: reducing lr to 0.00014174618579402087
Epoch 18: reducing lr to 0.00017075353679316333
Epoch 21: reducing lr to 0.00019019116381200658
Epoch 24: reducing lr to 0.00019732910968565557
Epoch 27: reducing lr to 0.00019661681048120544
Epoch 30: reducing lr to 0.0001943516694574143
Epoch 33: reducing lr to 0.00019057757404835504
Epoch 36: reducing lr to 0.0001853540438511119
Epoch 39: reducing lr to 0.0001787634557048268
Epoch 42: reducing lr to 0.00017090974799580027
Epoch 45: reducing lr to 0.00016191677842673156
Epoch 48: reducing lr to 0.000151926375434679
Epoch 51: reducing lr to 0.00014109609043094255
Epoch 54: reducing lr to 0.00012959673218102173
Epoch 57: reducing lr to 0.00011760961711310063
Epoch 60: reducing lr to 0.00010532384234843411
Epoch 63: reducing lr to 9.29331167630662e-05
Epoch 66: reducing lr to 8.063288600772932e-05
Epoch 69: reducing lr to 6.861707806968766e-05
Epoch 72: reducing lr to 5.707526058243914e-05
Epoch 75: reducing lr to 4.6189402580862805e-05
Epoch 78: reducing lr to 3.6131212621188156e-05
Epoch 81: reducing lr to 2.7059284601197928e-05
Epoch 84: reducing lr to 1.911671497340003e-05
Epoch 87: reducing lr to 1.2428730324009649e-05
Epoch 90: reducing lr to 7.1008437761885345e-06
Epoch 93: reducing lr to 3.217052586746414e-06
Epoch 96: reducing lr to 8.386179054924951e-07
Epoch 99: reducing lr to 3.042029384078479e-09
[I 2024-06-20 23:46:21,595] Trial 207 finished with value: 1.093424677848816 and parameters: {'hidden_size': 45, 'n_layers': 4, 'rnn_dropout': 0.06701996307636841, 'bidirectional': False, 'fc_dropout': 0.5528218732453634, 'learning_rate_model': 0.0019733834274571717}. Best is trial 115 with value: 0.9733659029006958.
Epoch 5: reducing lr to 0.00143025312483944
Epoch 8: reducing lr to 0.0026747406770485835
Epoch 11: reducing lr to 0.004174558284197809
Epoch 14: reducing lr to 0.005719060633026405
Epoch 17: reducing lr to 0.007091327699577796
Epoch 20: reducing lr to 0.008098628250153072
Epoch 23: reducing lr to 0.008599489904786305
Epoch 26: reducing lr to 0.008626334793088495
Epoch 29: reducing lr to 0.00854958409226919
Epoch 32: reducing lr to 0.008406129822901202
Epoch 35: reducing lr to 0.0081982343424089
Epoch 38: reducing lr to 0.007929176231000892
Epoch 41: reducing lr to 0.00760319873001908
Epoch 44: reducing lr to 0.007225442701066559
Epoch 47: reducing lr to 0.0068018657498514655
Epoch 50: reducing lr to 0.006339147803717406
Epoch 53: reducing lr to 0.005844586576478057
Epoch 56: reducing lr to 0.005325980068216907
Epoch 59: reducing lr to 0.004791509313087758
Epoch 62: reducing lr to 0.004249601274026349
Epoch 65: reducing lr to 0.0037088037611348267
Epoch 68: reducing lr to 0.003177643093685576
Epoch 71: reducing lr to 0.0026644991385385503
Epoch 74: reducing lr to 0.0021774621630215553
Epoch 77: reducing lr to 0.001724214466121432
Epoch 80: reducing lr to 0.0013119026934275593
Epoch 83: reducing lr to 0.0009470304626791575
Epoch 86: reducing lr to 0.0006353505248565802
Epoch 89: reducing lr to 0.00038178010471296293
Epoch 92: reducing lr to 0.00019031690343008223
Epoch 95: reducing lr to 6.398097416852599e-05
Epoch 98: reducing lr to 4.764373756750706e-06
[I 2024-06-20 23:46:44,762] Trial 208 finished with value: 1.1473805904388428 and parameters: {'hidden_size': 177, 'n_layers': 2, 'rnn_dropout': 0.5036863653751306, 'bidirectional': False, 'fc_dropout': 0.6905811853710797, 'learning_rate_model': 0.08639849462086026}. Best is trial 115 with value: 0.9733659029006958.
[I 2024-06-20 23:46:51,153] Trial 209 finished with value: 1.1075758934020996 and parameters: {'hidden_size': 17, 'n_layers': 2, 'rnn_dropout': 0.17907973626202028, 'bidirectional': True, 'fc_dropout': 0.39215624979538544, 'learning_rate_model': 1.5202975046828169e-05}. Best is trial 115 with value: 0.9733659029006958.
Epoch 6: reducing lr to 0.00013490736298390303
Epoch 14: reducing lr to 0.00042747494118741577
Epoch 17: reducing lr to 0.0005300459438762021
Epoch 20: reducing lr to 0.0006053372847528165
Epoch 23: reducing lr to 0.0006427745179097717
Epoch 26: reducing lr to 0.0006447810567077508
Epoch 29: reducing lr to 0.00063904427519343
Epoch 32: reducing lr to 0.0006283216916616108
Epoch 35: reducing lr to 0.0006127824075030604
Epoch 38: reducing lr to 0.0005926714823476346
Epoch 41: reducing lr to 0.0005683060800548317
Epoch 44: reducing lr to 0.0005400704576997986
Epoch 47: reducing lr to 0.0005084099204319501
Epoch 50: reducing lr to 0.00047382376380549943
Epoch 53: reducing lr to 0.00043685746022989957
Epoch 56: reducing lr to 0.00039809387634024394
Epoch 59: reducing lr to 0.0003581445089046475
Epoch 62: reducing lr to 0.0003176392367994664
Epoch 65: reducing lr to 0.00027721697170183797
Epoch 68: reducing lr to 0.00023751501894272146
Epoch 71: reducing lr to 0.0001991597371713733
Epoch 74: reducing lr to 0.00016275583872991695
Epoch 77: reducing lr to 0.00012887754209902738
Epoch 80: reducing lr to 9.805902799456629e-05
Epoch 83: reducing lr to 7.078641359363159e-05
Epoch 86: reducing lr to 4.7489692044537255e-05
Epoch 89: reducing lr to 2.8536404539277696e-05
Epoch 92: reducing lr to 1.4225361876902057e-05
Epoch 95: reducing lr to 4.7822999133567e-06
Epoch 98: reducing lr to 3.5611624393354356e-07
[I 2024-06-20 23:47:08,346] Trial 210 finished with value: 1.0980643033981323 and parameters: {'hidden_size': 67, 'n_layers': 5, 'rnn_dropout': 0.2357536332487234, 'bidirectional': False, 'fc_dropout': 0.30442726176771207, 'learning_rate_model': 0.006457912195134263}. Best is trial 115 with value: 0.9733659029006958.
Epoch 15: reducing lr to 0.001190263973778878
Epoch 19: reducing lr to 0.0014985816999217865
Epoch 22: reducing lr to 0.0016292538197243637
Epoch 25: reducing lr to 0.001656505398999719
Epoch 28: reducing lr to 0.0016461111552348948
Epoch 31: reducing lr to 0.0016228234547148016
Epoch 34: reducing lr to 0.0015870095893224267
Epoch 37: reducing lr to 0.0015392343217562221
Epoch 40: reducing lr to 0.0014802510888173286
Epoch 43: reducing lr to 0.0014109901348245482
Epoch 46: reducing lr to 0.0013325436644339075
Epoch 49: reducing lr to 0.0012461489415700384
Epoch 52: reducing lr to 0.0011531684068840971
Epoch 55: reducing lr to 0.0010550682691064701
Epoch 58: reducing lr to 0.0009533959940304038
Epoch 61: reducing lr to 0.0008497545643614621
Epoch 64: reducing lr to 0.0007457790041320028
Epoch 67: reducing lr to 0.000643108379703295
Epoch 70: reducing lr to 0.0005433625537759271
Epoch 73: reducing lr to 0.0004481142658749465
Epoch 76: reducing lr to 0.0003588655077295385
Epoch 79: reducing lr to 0.0002770240485209843
Epoch 82: reducing lr to 0.00020388033474792334
Epoch 85: reducing lr to 0.00014058810197143095
Epoch 88: reducing lr to 8.814524957424276e-05
Epoch 91: reducing lr to 4.737914326277508e-05
Epoch 94: reducing lr to 1.8932481785557607e-05
Epoch 97: reducing lr to 3.253969798768658e-06
[I 2024-06-20 23:48:18,981] Trial 211 finished with value: 1.1796278953552246 and parameters: {'hidden_size': 107, 'n_layers': 5, 'rnn_dropout': 0.28271547760130356, 'bidirectional': True, 'fc_dropout': 0.7496643078391715, 'learning_rate_model': 0.0165707965050135}. Best is trial 115 with value: 0.9733659029006958.
Epoch 27: reducing lr to 0.00016000570390787267
Epoch 31: reducing lr to 0.00015727300561201938
Epoch 35: reducing lr to 0.00015238437825039488
Epoch 39: reducing lr to 0.0001454767397205276
Epoch 44: reducing lr to 0.00013430264952177004
Epoch 47: reducing lr to 0.00012642942857488696
Epoch 50: reducing lr to 0.00011782867582960498
Epoch 53: reducing lr to 0.00010863603727208403
Epoch 56: reducing lr to 9.89964579410591e-05
Epoch 59: reducing lr to 8.906200250690969e-05
Epoch 62: reducing lr to 7.898930683217256e-05
Epoch 65: reducing lr to 6.893725302162974e-05
Epoch 68: reducing lr to 5.9064323720058195e-05
Epoch 71: reducing lr to 4.9526279393424344e-05
Epoch 74: reducing lr to 4.0473497587079596e-05
Epoch 77: reducing lr to 3.204877274989538e-05
Epoch 80: reducing lr to 2.4384942892988356e-05
Epoch 83: reducing lr to 1.760289377104381e-05
Epoch 86: reducing lr to 1.1809554430580478e-05
Epoch 89: reducing lr to 7.096323605207053e-06
Epoch 92: reducing lr to 3.5375084180884517e-06
Epoch 95: reducing lr to 1.18924399587978e-06
Epoch 98: reducing lr to 8.855762135503466e-08
