[I 2024-06-21 03:47:37,306] Trial 738 finished with value: 0.9706660509109497 and parameters: {'hidden_size': 128, 'n_layers': 2, 'rnn_dropout': 0.5691272730897288, 'bidirectional': True, 'fc_dropout': 0.1995074280425243, 'learning_rate_model': 0.0006840211978927635}. Best is trial 690 with value: 0.966281533241272.
Epoch 40: reducing lr to 4.990799508886017e-05
Epoch 50: reducing lr to 4.099235044748786e-05
Epoch 61: reducing lr to 2.8650238425949867e-05
Epoch 64: reducing lr to 2.514460901719913e-05
Epoch 67: reducing lr to 2.1682976691123875e-05
Epoch 72: reducing lr to 1.6159002377688794e-05
Epoch 75: reducing lr to 1.3077025991850328e-05
Epoch 78: reducing lr to 1.0229376873562544e-05
Epoch 81: reducing lr to 7.660955723150008e-06
Epoch 84: reducing lr to 5.412275643710586e-06
Epoch 87: reducing lr to 3.5187904673205816e-06
Epoch 90: reducing lr to 2.0103728006163756e-06
Epoch 93: reducing lr to 9.108037329641191e-07
Epoch 96: reducing lr to 2.374273650358966e-07
Epoch 99: reducing lr to 8.612516096996592e-10
[I 2024-06-21 03:48:13,429] Trial 739 finished with value: 0.9733544588088989 and parameters: {'hidden_size': 138, 'n_layers': 2, 'rnn_dropout': 0.6009221604148051, 'bidirectional': True, 'fc_dropout': 0.22089937606755633, 'learning_rate_model': 0.0005586992888155703}. Best is trial 690 with value: 0.966281533241272.
Epoch 31: reducing lr to 0.00010629175834144863
Epoch 36: reducing lr to 0.00010194414512570151
Epoch 40: reducing lr to 9.69535475717466e-05
Epoch 43: reducing lr to 9.24170907175458e-05
Epoch 49: reducing lr to 8.162031536455238e-05
Epoch 52: reducing lr to 7.553027242452499e-05
Epoch 55: reducing lr to 6.910490550760743e-05
Epoch 65: reducing lr to 4.659071536392368e-05
Epoch 71: reducing lr to 3.347195725262222e-05
Epoch 74: reducing lr to 2.735370388591528e-05
Epoch 77: reducing lr to 2.1659918019723706e-05
Epoch 80: reducing lr to 1.6480377208187982e-05
Epoch 83: reducing lr to 1.1896781164325824e-05
Epoch 86: reducing lr to 7.981397066652826e-06
Epoch 89: reducing lr to 4.795996050448365e-06
Epoch 92: reducing lr to 2.3907980167549216e-06
Epoch 95: reducing lr to 8.037414617160068e-07
Epoch 98: reducing lr to 5.985099128572557e-08
[I 2024-06-21 03:48:49,143] Trial 740 finished with value: 0.973437488079071 and parameters: {'hidden_size': 134, 'n_layers': 2, 'rnn_dropout': 0.6371623702852336, 'bidirectional': True, 'fc_dropout': 0.19362405993634135, 'learning_rate_model': 0.001085354720822517}. Best is trial 690 with value: 0.966281533241272.
Epoch 36: reducing lr to 7.286806278954676e-05
Epoch 40: reducing lr to 6.930086257936752e-05
Epoch 65: reducing lr to 3.330230655583154e-05
Epoch 72: reducing lr to 2.243794408495161e-05
Epoch 78: reducing lr to 1.4204229998122095e-05
Epoch 81: reducing lr to 1.063779137693994e-05
Epoch 84: reducing lr to 7.515336369626365e-06
Epoch 87: reducing lr to 4.886095187498364e-06
Epoch 90: reducing lr to 2.7915481064858624e-06
Epoch 93: reducing lr to 1.264716890000061e-06
Epoch 96: reducing lr to 3.296850768626952e-07
Epoch 99: reducing lr to 1.1959101811924096e-09
[I 2024-06-21 03:49:28,000] Trial 741 finished with value: 0.9683598279953003 and parameters: {'hidden_size': 142, 'n_layers': 2, 'rnn_dropout': 0.5834214506184308, 'bidirectional': True, 'fc_dropout': 0.166735458412007, 'learning_rate_model': 0.000775794390627413}. Best is trial 690 with value: 0.966281533241272.
Epoch 36: reducing lr to 8.617343165295224e-05
Epoch 40: reducing lr to 8.19548772995576e-05
Epoch 52: reducing lr to 6.384577319745197e-05
Epoch 63: reducing lr to 4.320577754489533e-05
Epoch 66: reducing lr to 3.7487245203826016e-05
Epoch 72: reducing lr to 2.6535008164299914e-05
Epoch 75: reducing lr to 2.1474035546750227e-05
Epoch 78: reducing lr to 1.679785623588144e-05
Epoch 81: reducing lr to 1.2580202534087442e-05
Epoch 84: reducing lr to 8.8876017860852e-06
Epoch 87: reducing lr to 5.7782734104756625e-06
Epoch 90: reducing lr to 3.3012717883684045e-06
Epoch 93: reducing lr to 1.495648303366016e-06
Epoch 96: reducing lr to 3.8988403630377383e-07
Epoch 99: reducing lr to 1.4142778100218779e-09
[I 2024-06-21 03:50:01,147] Trial 742 finished with value: 0.9694676995277405 and parameters: {'hidden_size': 130, 'n_layers': 2, 'rnn_dropout': 0.6089979333069189, 'bidirectional': True, 'fc_dropout': 0.184114277235294, 'learning_rate_model': 0.0009174508328917102}. Best is trial 690 with value: 0.966281533241272.
Epoch 35: reducing lr to 6.904857677269558e-05
Epoch 40: reducing lr to 6.500287775076545e-05
Epoch 65: reducing lr to 3.1236923774044445e-05
Epoch 72: reducing lr to 2.1046360493164462e-05
Epoch 75: reducing lr to 1.703222740922256e-05
Epoch 78: reducing lr to 1.332329485876527e-05
Epoch 81: reducing lr to 9.978043947453636e-06
Epoch 84: reducing lr to 7.0492411365186615e-06
Epoch 87: reducing lr to 4.583063418407143e-06
Epoch 90: reducing lr to 2.6184184950579e-06
Epoch 93: reducing lr to 1.186280146164842e-06
Epoch 96: reducing lr to 3.092382684705217e-07
Epoch 99: reducing lr to 1.1217407751588569e-09
[I 2024-06-21 03:50:37,192] Trial 743 finished with value: 0.9721564650535583 and parameters: {'hidden_size': 138, 'n_layers': 2, 'rnn_dropout': 0.5768144426111436, 'bidirectional': True, 'fc_dropout': 0.15622208857934775, 'learning_rate_model': 0.0007276802345126532}. Best is trial 690 with value: 0.966281533241272.
Epoch 28: reducing lr to 0.00010338697692591839
Epoch 36: reducing lr to 9.775537620126617e-05
Epoch 40: reducing lr to 9.296983662217183e-05
Epoch 49: reducing lr to 7.826662947920713e-05
Epoch 52: reducing lr to 7.242681947393248e-05
Epoch 55: reducing lr to 6.626546357242433e-05
Epoch 65: reducing lr to 4.4676355883612385e-05
Epoch 68: reducing lr to 3.827797933454451e-05
Epoch 71: reducing lr to 3.209663261571509e-05
Epoch 74: reducing lr to 2.6229771318093453e-05
Epoch 77: reducing lr to 2.076993663437818e-05
Epoch 80: reducing lr to 1.5803217261164914e-05
Epoch 83: reducing lr to 1.1407955963226816e-05
Epoch 86: reducing lr to 7.65345054294464e-06
Epoch 89: reducing lr to 4.598934029936396e-06
Epoch 92: reducing lr to 2.292562846654294e-06
Epoch 95: reducing lr to 7.707166396041937e-07
Epoch 98: reducing lr to 5.739178215618309e-08
[I 2024-06-21 03:51:12,885] Trial 744 finished with value: 0.974422037601471 and parameters: {'hidden_size': 134, 'n_layers': 2, 'rnn_dropout': 0.5515516102979965, 'bidirectional': True, 'fc_dropout': 0.2437822474452924, 'learning_rate_model': 0.0010407587303321874}. Best is trial 690 with value: 0.966281533241272.
Epoch 40: reducing lr to 5.380943222922991e-05
Epoch 43: reducing lr to 5.129168869358153e-05
Epoch 49: reducing lr to 4.529945461652316e-05
Epoch 52: reducing lr to 4.1919467384885226e-05
Epoch 55: reducing lr to 3.835337460825985e-05
Epoch 61: reducing lr to 3.0889901711890975e-05
Epoch 65: reducing lr to 2.5857949540538184e-05
Epoch 68: reducing lr to 2.2154673060733624e-05
Epoch 72: reducing lr to 1.7422193413822197e-05
Epoch 75: reducing lr to 1.4099290957600739e-05
Epoch 78: reducing lr to 1.1029033737884554e-05
Epoch 81: reducing lr to 8.259832458947739e-06
Epoch 84: reducing lr to 5.8353672380071464e-06
Epoch 87: reducing lr to 3.793863424948719e-06
Epoch 90: reducing lr to 2.1675288453813214e-06
Epoch 93: reducing lr to 9.820036179734674e-07
Epoch 96: reducing lr to 2.559876766341021e-07
Epoch 99: reducing lr to 9.285778769930856e-10
[I 2024-06-21 03:51:46,303] Trial 745 finished with value: 0.9756715297698975 and parameters: {'hidden_size': 127, 'n_layers': 2, 'rnn_dropout': 0.6221108684241029, 'bidirectional': True, 'fc_dropout': 0.20779326958610675, 'learning_rate_model': 0.0006023742581627112}. Best is trial 690 with value: 0.966281533241272.
Epoch 36: reducing lr to 8.021724653103548e-05
Epoch 40: reducing lr to 7.629027265892975e-05
Epoch 52: reducing lr to 5.94328440948089e-05
Epoch 65: reducing lr to 3.666104508303855e-05
Epoch 72: reducing lr to 2.4700946112847088e-05
Epoch 75: reducing lr to 1.9989780729718296e-05
Epoch 78: reducing lr to 1.563681228679988e-05
Epoch 83: reducing lr to 9.361273532754405e-06
Epoch 86: reducing lr to 6.280357693600965e-06
Epoch 89: reducing lr to 3.773846914565911e-06
Epoch 92: reducing lr to 1.8812579543382571e-06
Epoch 95: reducing lr to 6.324436474717415e-07
Epoch 98: reducing lr to 4.709521784869095e-08
[I 2024-06-21 03:52:23,318] Trial 746 finished with value: 0.9670869708061218 and parameters: {'hidden_size': 139, 'n_layers': 2, 'rnn_dropout': 0.5962597014494029, 'bidirectional': True, 'fc_dropout': 0.266789185207853, 'learning_rate_model': 0.0008540379352486518}. Best is trial 690 with value: 0.966281533241272.
Epoch 40: reducing lr to 6.812481077009422e-05
Epoch 47: reducing lr to 6.003923972775079e-05
Epoch 65: reducing lr to 3.27371586425122e-05
Epoch 72: reducing lr to 2.205716693795349e-05
Epoch 75: reducing lr to 1.7850244626020965e-05
Epoch 78: reducing lr to 1.3963180900508134e-05
Epoch 81: reducing lr to 1.0457265574953068e-05
Epoch 84: reducing lr to 7.387799357736011e-06
Epoch 87: reducing lr to 4.803177012000068e-06
Epoch 90: reducing lr to 2.7441748837132504e-06
Epoch 93: reducing lr to 1.2432543492560681e-06
Epoch 96: reducing lr to 3.240902441765687e-07
Epoch 99: reducing lr to 1.175615306351404e-09
[I 2024-06-21 03:52:57,446] Trial 747 finished with value: 0.9695095419883728 and parameters: {'hidden_size': 132, 'n_layers': 2, 'rnn_dropout': 0.5927924365058123, 'bidirectional': True, 'fc_dropout': 0.2762992570893623, 'learning_rate_model': 0.0007626289787874589}. Best is trial 690 with value: 0.966281533241272.
Epoch 36: reducing lr to 0.00010252183777029716
Epoch 40: reducing lr to 9.750295971533356e-05
Epoch 45: reducing lr to 8.955836811140034e-05
Epoch 52: reducing lr to 7.595828408493129e-05
Epoch 55: reducing lr to 6.949650617842571e-05
Epoch 60: reducing lr to 5.825604693720168e-05
Epoch 65: reducing lr to 4.685473360194019e-05
Epoch 68: reducing lr to 4.014437814070966e-05
Epoch 71: reducing lr to 3.366163468315259e-05
Epoch 74: reducing lr to 2.7508710664557196e-05
Epoch 77: reducing lr to 2.178265950043462e-05
Epoch 80: reducing lr to 1.6573767492461706e-05
Epoch 83: reducing lr to 1.196419732603397e-05
Epoch 86: reducing lr to 8.026625700168909e-06
Epoch 89: reducing lr to 4.823173792126763e-06
Epoch 92: reducing lr to 2.4043460868994945e-06
Epoch 95: reducing lr to 8.082960688493135e-07
Epoch 98: reducing lr to 6.019015227818041e-08
[I 2024-06-21 03:53:36,339] Trial 748 finished with value: 0.9729851484298706 and parameters: {'hidden_size': 142, 'n_layers': 2, 'rnn_dropout': 0.5677843452069038, 'bidirectional': True, 'fc_dropout': 0.2610365618411301, 'learning_rate_model': 0.0010915051617156474}. Best is trial 690 with value: 0.966281533241272.
Epoch 35: reducing lr to 6.153392518819413e-05
Epoch 40: reducing lr to 5.792852515556316e-05
Epoch 43: reducing lr to 5.521804924645596e-05
Epoch 47: reducing lr to 5.105312689421343e-05
Epoch 50: reducing lr to 4.758008010249635e-05
Epoch 53: reducing lr to 4.38680254957497e-05
Epoch 56: reducing lr to 3.997549293951693e-05
Epoch 61: reducing lr to 3.32545127171612e-05
Epoch 65: reducing lr to 2.7837366394226053e-05
Epoch 72: reducing lr to 1.8755856132030584e-05
Epoch 75: reducing lr to 1.517858667293853e-05
Epoch 78: reducing lr to 1.1873302353477438e-05
Epoch 81: reducing lr to 8.892119700140136e-06
Epoch 84: reducing lr to 6.282062527603147e-06
Epoch 87: reducing lr to 4.084282322710131e-06
Epoch 90: reducing lr to 2.333452408681503e-06
Epoch 93: reducing lr to 1.0571756461635428e-06
Epoch 96: reducing lr to 2.7558344236454236e-07
Epoch 99: reducing lr to 9.996601836787834e-10
[I 2024-06-21 03:54:10,779] Trial 749 finished with value: 0.97381591796875 and parameters: {'hidden_size': 136, 'n_layers': 2, 'rnn_dropout': 0.6008440487943438, 'bidirectional': True, 'fc_dropout': 0.25143895308036984, 'learning_rate_model': 0.0006484857936874332}. Best is trial 690 with value: 0.966281533241272.
Epoch 40: reducing lr to 7.899467995081968e-05
Epoch 43: reducing lr to 7.52985185799002e-05
Epoch 52: reducing lr to 6.153967385626925e-05
Epoch 55: reducing lr to 5.630448838981812e-05
Epoch 58: reducing lr to 5.087867320874467e-05
Epoch 61: reducing lr to 4.534777265532256e-05
Epoch 65: reducing lr to 3.796063930646108e-05
Epoch 72: reducing lr to 2.5576567819992018e-05
Epoch 75: reducing lr to 2.069839674175458e-05
Epoch 78: reducing lr to 1.6191120296149823e-05
Epoch 81: reducing lr to 1.2125807586342302e-05
Epoch 84: reducing lr to 8.566582999763992e-06
Epoch 87: reducing lr to 5.569563078722597e-06
Epoch 90: reducing lr to 3.1820303677550557e-06
Epoch 93: reducing lr to 1.4416257205966547e-06
Epoch 96: reducing lr to 3.758014858978604e-07
Epoch 99: reducing lr to 1.3631943167379325e-09
[I 2024-06-21 03:54:46,877] Trial 750 finished with value: 0.9729194641113281 and parameters: {'hidden_size': 138, 'n_layers': 2, 'rnn_dropout': 0.5852263171558031, 'bidirectional': True, 'fc_dropout': 0.22482297919531583, 'learning_rate_model': 0.0008843126523146517}. Best is trial 690 with value: 0.966281533241272.
Epoch 40: reducing lr to 6.763890752395798e-05
Epoch 43: reducing lr to 6.447408278744539e-05
Epoch 46: reducing lr to 6.088953311447551e-05
Epoch 49: reducing lr to 5.6941794305503515e-05
Epoch 52: reducing lr to 5.269312201290258e-05
Epoch 61: reducing lr to 3.882886547499716e-05
Epoch 65: reducing lr to 3.2503659400843014e-05
Epoch 68: reducing lr to 2.784860981239775e-05
Epoch 72: reducing lr to 2.189984321265331e-05
Epoch 75: reducing lr to 1.7722926961427654e-05
Epoch 78: reducing lr to 1.3863587891012058e-05
Epoch 81: reducing lr to 1.0382678662620547e-05
Epoch 84: reducing lr to 7.335105549868543e-06
Epoch 87: reducing lr to 4.768918138096196e-06
Epoch 90: reducing lr to 2.724601934168307e-06
Epoch 93: reducing lr to 1.2343867822529822e-06
Epoch 96: reducing lr to 3.217786560795791e-07
Epoch 99: reducing lr to 1.1672301778332255e-09
[I 2024-06-21 03:55:39,850] Trial 751 finished with value: 0.9742388129234314 and parameters: {'hidden_size': 130, 'n_layers': 3, 'rnn_dropout': 0.6126270161994956, 'bidirectional': True, 'fc_dropout': 0.23436978666513708, 'learning_rate_model': 0.0007571894936395152}. Best is trial 690 with value: 0.966281533241272.
Epoch 40: reducing lr to 4.888289769458239e-05
Epoch 49: reducing lr to 4.115205297477583e-05
Epoch 52: reducing lr to 3.808152122581974e-05
Epoch 55: reducing lr to 3.48419228664363e-05
Epoch 61: reducing lr to 2.806176989092684e-05
Epoch 64: reducing lr to 2.4628145209390955e-05
Epoch 67: reducing lr to 2.1237613921758326e-05
Epoch 72: reducing lr to 1.582710062122664e-05
Epoch 75: reducing lr to 1.2808427238378446e-05
Epoch 78: reducing lr to 1.0019268101220478e-05
Epoch 81: reducing lr to 7.503601661230751e-06
Epoch 84: reducing lr to 5.301108892780148e-06
Epoch 87: reducing lr to 3.446515415344686e-06
Epoch 90: reducing lr to 1.969080259896802e-06
Epoch 93: reducing lr to 8.920960583380894e-07
Epoch 96: reducing lr to 2.3255066796971838e-07
Epoch 99: reducing lr to 8.435617229480413e-10
[I 2024-06-21 03:56:15,521] Trial 752 finished with value: 0.9756611585617065 and parameters: {'hidden_size': 134, 'n_layers': 2, 'rnn_dropout': 0.5640085615996299, 'bidirectional': True, 'fc_dropout': 0.2191837213986875, 'learning_rate_model': 0.0005472237489921417}. Best is trial 690 with value: 0.966281533241272.
Epoch 27: reducing lr to 0.00010946636421351678
Epoch 31: reducing lr to 0.0001075968149434997
Epoch 36: reducing lr to 0.00010319582147119359
Epoch 39: reducing lr to 9.952651302988155e-05
Epoch 52: reducing lr to 7.645763765227571e-05
Epoch 55: reducing lr to 6.995337969388544e-05
Epoch 58: reducing lr to 6.321228106454213e-05
Epoch 63: reducing lr to 5.1740491477739266e-05
Epoch 66: reducing lr to 4.4892340821248404e-05
Epoch 69: reducing lr to 3.8202542503158666e-05
Epoch 72: reducing lr to 3.1776638260012295e-05
Epoch 75: reducing lr to 2.5715939310310397e-05
Epoch 78: reducing lr to 2.011604435341539e-05
Epoch 81: reducing lr to 1.5065250505602536e-05
Epoch 84: reducing lr to 1.0643226684038947e-05
Epoch 87: reducing lr to 6.919692761925213e-06
Epoch 90: reducing lr to 3.9533931464209165e-06
Epoch 93: reducing lr to 1.7910932910209257e-06
Epoch 96: reducing lr to 4.669003268537465e-07
Epoch 99: reducing lr to 1.693649163015537e-09
[I 2024-06-21 03:56:53,890] Trial 753 finished with value: 0.9735935926437378 and parameters: {'hidden_size': 141, 'n_layers': 2, 'rnn_dropout': 0.6135298069867484, 'bidirectional': True, 'fc_dropout': 0.2819352099061774, 'learning_rate_model': 0.0010986807713656511}. Best is trial 690 with value: 0.966281533241272.
Epoch 30: reducing lr to 9.216934070446886e-05
Epoch 36: reducing lr to 8.790230650633839e-05
Epoch 40: reducing lr to 8.35991164084999e-05
Epoch 43: reducing lr to 7.968751343847113e-05
Epoch 49: reducing lr to 7.037789143724022e-05
Epoch 52: reducing lr to 6.512669412236778e-05
Epoch 55: reducing lr to 5.9586360526454605e-05
Epoch 58: reducing lr to 5.3844285804258584e-05
Epoch 61: reducing lr to 4.799100050077692e-05
Epoch 65: reducing lr to 4.017328643267688e-05
Epoch 68: reducing lr to 3.4419822240578084e-05
Epoch 71: reducing lr to 2.8861512764260448e-05
Epoch 74: reducing lr to 2.3585990741288263e-05
Epoch 77: reducing lr to 1.8676469848506295e-05
Epoch 80: reducing lr to 1.4210361633892258e-05
Epoch 83: reducing lr to 1.025811245026324e-05
Epoch 86: reducing lr to 6.8820353580544e-06
Epoch 89: reducing lr to 4.135393104821015e-06
Epoch 92: reducing lr to 2.0614882767853354e-06
Epoch 95: reducing lr to 6.930337022542838e-07
Epoch 98: reducing lr to 5.1607085176086626e-08
[I 2024-06-21 03:57:27,231] Trial 754 finished with value: 0.9754443168640137 and parameters: {'hidden_size': 127, 'n_layers': 2, 'rnn_dropout': 0.5466669165467929, 'bidirectional': True, 'fc_dropout': 0.2436794648480875, 'learning_rate_model': 0.0009358574072125822}. Best is trial 690 with value: 0.966281533241272.
Epoch 36: reducing lr to 6.858786107277425e-05
Epoch 40: reducing lr to 6.523019485978358e-05
Epoch 47: reducing lr to 5.7488178864691574e-05
Epoch 53: reducing lr to 4.939742283300477e-05
Epoch 65: reducing lr to 3.1346160279452106e-05
Epoch 72: reducing lr to 2.111996027810019e-05
Epoch 79: reducing lr to 1.2207613155892049e-05
Epoch 85: reducing lr to 6.195293052539176e-06
Epoch 88: reducing lr to 3.884294934237097e-06
Epoch 91: reducing lr to 2.087855750060395e-06
Epoch 94: reducing lr to 8.342972927909944e-07
Epoch 97: reducing lr to 1.4339262145795455e-07
[I 2024-06-21 03:58:06,923] Trial 755 finished with value: 0.9682924151420593 and parameters: {'hidden_size': 143, 'n_layers': 2, 'rnn_dropout': 0.5837879414979642, 'bidirectional': True, 'fc_dropout': 0.2637156775667046, 'learning_rate_model': 0.0007302249551915327}. Best is trial 690 with value: 0.966281533241272.
Epoch 35: reducing lr to 6.179810786455425e-05
Epoch 40: reducing lr to 5.817722882214037e-05
Epoch 43: reducing lr to 5.5455116067542035e-05
Epoch 47: reducing lr to 5.127231251674958e-05
Epoch 50: reducing lr to 4.7784354945429956e-05
Epoch 53: reducing lr to 4.4056363430419995e-05
Epoch 56: reducing lr to 4.0147119122655384e-05
Epoch 61: reducing lr to 3.3397283816905e-05
Epoch 65: reducing lr to 2.79568801410633e-05
Epoch 72: reducing lr to 1.8836380367324057e-05
Epoch 75: reducing lr to 1.524375267101776e-05
Epoch 78: reducing lr to 1.1924277824055358e-05
Epoch 81: reducing lr to 8.930296104029745e-06
Epoch 84: reducing lr to 6.30903321225439e-06
Epoch 87: reducing lr to 4.101817310633047e-06
Epoch 90: reducing lr to 2.3434705848436686e-06
Epoch 93: reducing lr to 1.0617144024793811e-06
Epoch 96: reducing lr to 2.7676660061654555e-07
Epoch 99: reducing lr to 1.0039520097204767e-09
[I 2024-06-21 03:58:41,329] Trial 756 finished with value: 0.9737875461578369 and parameters: {'hidden_size': 136, 'n_layers': 2, 'rnn_dropout': 0.6008341328195289, 'bidirectional': True, 'fc_dropout': 0.18169372927362717, 'learning_rate_model': 0.0006512699280008857}. Best is trial 690 with value: 0.966281533241272.
Epoch 40: reducing lr to 7.898106694321999e-05
Epoch 43: reducing lr to 7.52855425249771e-05
Epoch 49: reducing lr to 6.64901878599542e-05
Epoch 52: reducing lr to 6.152906883769826e-05
Epoch 65: reducing lr to 3.79540976194552e-05
Epoch 72: reducing lr to 2.557216025720014e-05
Epoch 75: reducing lr to 2.069482982519358e-05
Epoch 78: reducing lr to 1.6188330110231273e-05
Epoch 81: reducing lr to 1.2123717968270205e-05
Epoch 84: reducing lr to 8.565106736304826e-06
Epoch 87: reducing lr to 5.568603286182578e-06
Epoch 90: reducing lr to 3.1814820143266254e-06
Epoch 93: reducing lr to 1.4413772878933065e-06
Epoch 96: reducing lr to 3.7573672472043924e-07
Epoch 99: reducing lr to 1.3629593999752409e-09
[I 2024-06-21 03:59:15,282] Trial 757 finished with value: 0.9693681597709656 and parameters: {'hidden_size': 131, 'n_layers': 2, 'rnn_dropout': 0.626226761315553, 'bidirectional': True, 'fc_dropout': 0.20400444817558577, 'learning_rate_model': 0.0008841602603451676}. Best is trial 690 with value: 0.966281533241272.
Epoch 40: reducing lr to 4.752916886684997e-05
Epoch 65: reducing lr to 2.283998918678637e-05
Epoch 68: reducing lr to 1.9568933428021976e-05
Epoch 73: reducing lr to 1.4388436377663219e-05
Epoch 76: reducing lr to 1.1522760865518248e-05
Epoch 87: reducing lr to 3.3510700245634964e-06
Epoch 90: reducing lr to 1.9145499264334447e-06
Epoch 93: reducing lr to 8.673909731603691e-07
Epoch 96: reducing lr to 2.26110572190089e-07
Epoch 99: reducing lr to 8.202007137597493e-10
