[I 2024-06-20 22:58:14,903] Trial 141 finished with value: 1.0773828029632568 and parameters: {'hidden_size': 30, 'n_layers': 7, 'rnn_dropout': 0.7609084947349537, 'bidirectional': True, 'fc_dropout': 0.4222774368943676, 'learning_rate_model': 0.0002278593719884827}. Best is trial 115 with value: 0.9733659029006958.
Epoch 24: reducing lr to 2.0101087137139053e-05
Epoch 27: reducing lr to 2.0028528210586475e-05
Epoch 33: reducing lr to 1.9413336574786303e-05
Epoch 65: reducing lr to 8.629140606756298e-06
Epoch 71: reducing lr to 6.1993945201336134e-06
Epoch 76: reducing lr to 4.3533962679855404e-06
Epoch 84: reducing lr to 1.947339417221819e-06
Epoch 87: reducing lr to 1.266062526937358e-06
Epoch 90: reducing lr to 7.233331145098311e-07
Epoch 93: reducing lr to 3.2770762749582083e-07
Epoch 96: reducing lr to 8.542648177921005e-08
Epoch 99: reducing lr to 3.098787493667704e-10
[I 2024-06-20 23:00:12,600] Trial 142 finished with value: 1.0477745532989502 and parameters: {'hidden_size': 118, 'n_layers': 7, 'rnn_dropout': 0.24936233417518514, 'bidirectional': True, 'fc_dropout': 0.6195818128120637, 'learning_rate_model': 0.00020102027670166017}. Best is trial 115 with value: 0.9733659029006958.
Epoch 24: reducing lr to 1.9377372128192638e-05
Epoch 27: reducing lr to 1.930742559687127e-05
Epoch 76: reducing lr to 4.196657570345086e-06
Epoch 84: reducing lr to 1.8772278479250255e-06
Epoch 87: reducing lr to 1.2204794971858857e-06
Epoch 90: reducing lr to 6.972903921502292e-07
Epoch 93: reducing lr to 3.159089159660965e-07
Epoch 96: reducing lr to 8.235080599096562e-08
Epoch 99: reducing lr to 2.987219447470697e-10
[I 2024-06-20 23:03:31,243] Trial 143 finished with value: 1.0408239364624023 and parameters: {'hidden_size': 180, 'n_layers': 6, 'rnn_dropout': 0.6101056763560886, 'bidirectional': True, 'fc_dropout': 0.0331800636611991, 'learning_rate_model': 0.0001937827879848057}. Best is trial 115 with value: 0.9733659029006958.
[I 2024-06-20 23:03:40,529] Trial 144 finished with value: 1.1085680723190308 and parameters: {'hidden_size': 22, 'n_layers': 5, 'rnn_dropout': 0.5362800255489347, 'bidirectional': False, 'fc_dropout': 0.428806795791651, 'learning_rate_model': 1.4435761775167338e-05}. Best is trial 115 with value: 0.9733659029006958.
Epoch 13: reducing lr to 0.00017799762328930097
Epoch 16: reducing lr to 0.00022760793997718805
Epoch 22: reducing lr to 0.0002900610480686038
Epoch 25: reducing lr to 0.0002949127302009014
Epoch 29: reducing lr to 0.0002919327785716783
Epoch 32: reducing lr to 0.0002870344112356069
Epoch 35: reducing lr to 0.00027993564425260345
Epoch 38: reducing lr to 0.00027074842751633984
Epoch 41: reducing lr to 0.00025961765009062604
Epoch 44: reducing lr to 0.00024671885104214007
Epoch 47: reducing lr to 0.00023225545785568596
Epoch 50: reducing lr to 0.00021645556229912404
Epoch 53: reducing lr to 0.00019956835098175084
Epoch 56: reducing lr to 0.00018186009321060004
Epoch 59: reducing lr to 0.00016361013731493927
Epoch 62: reducing lr to 0.00014510622907025906
Epoch 65: reducing lr to 0.00012664024068073822
Epoch 68: reducing lr to 0.00010850331052800011
Epoch 71: reducing lr to 9.098157625220191e-05
Epoch 74: reducing lr to 7.435128687258308e-05
Epoch 77: reducing lr to 5.887476098439242e-05
Epoch 80: reducing lr to 4.4796026844660856e-05
Epoch 83: reducing lr to 3.233715598071497e-05
Epoch 86: reducing lr to 2.1694580939448554e-05
Epoch 89: reducing lr to 1.303620451818489e-05
Epoch 92: reducing lr to 6.498531604331526e-06
Epoch 95: reducing lr to 2.1846844668888063e-06
Epoch 98: reducing lr to 1.6268357079731074e-07
[I 2024-06-20 23:03:45,727] Trial 145 finished with value: 1.0926499366760254 and parameters: {'hidden_size': 40, 'n_layers': 2, 'rnn_dropout': 0.2685310409317198, 'bidirectional': False, 'fc_dropout': 0.40964882201913505, 'learning_rate_model': 0.0029501496595471795}. Best is trial 115 with value: 0.9733659029006958.
Epoch 9: reducing lr to 0.0007156104201777097
Epoch 17: reducing lr to 0.0016078056193672859
Epoch 23: reducing lr to 0.0019497488733218264
Epoch 26: reducing lr to 0.001955835372788791
Epoch 30: reducing lr to 0.0019292520102626239
Epoch 33: reducing lr to 0.0018917880606336966
Epoch 36: reducing lr to 0.0018399361462054186
Epoch 39: reducing lr to 0.0017745139892178779
Epoch 44: reducing lr to 0.0016382133035373354
Epoch 47: reducing lr to 0.0015421763650048464
Epoch 50: reducing lr to 0.001437265050016438
Epoch 53: reducing lr to 0.0013251339577917832
Epoch 56: reducing lr to 0.0012075511166727124
Epoch 59: reducing lr to 0.0010863713997157193
Epoch 62: reducing lr to 0.0009635054390247312
Epoch 65: reducing lr to 0.0008408912661923842
Epoch 68: reducing lr to 0.0007204620402291517
Epoch 71: reducing lr to 0.0006041177152194833
Epoch 74: reducing lr to 0.0004936925847996195
Epoch 77: reducing lr to 0.00039092844458301566
Epoch 80: reducing lr to 0.0002974456423275276
Epoch 83: reducing lr to 0.00021471873309397393
Epoch 86: reducing lr to 0.00014405202909931574
Epoch 89: reducing lr to 8.656040500803209e-05
Epoch 92: reducing lr to 4.315025334588399e-05
Epoch 95: reducing lr to 1.4506306034463983e-05
Epoch 98: reducing lr to 1.0802189975404191e-06
[I 2024-06-20 23:04:17,372] Trial 146 finished with value: 1.1305310726165771 and parameters: {'hidden_size': 95, 'n_layers': 6, 'rnn_dropout': 0.36324724484732107, 'bidirectional': False, 'fc_dropout': 0.5249612381952792, 'learning_rate_model': 0.01958899532517217}. Best is trial 115 with value: 0.9733659029006958.
[I 2024-06-20 23:04:28,306] Trial 147 finished with value: 1.0970633029937744 and parameters: {'hidden_size': 192, 'n_layers': 1, 'rnn_dropout': 0.18805749127281166, 'bidirectional': False, 'fc_dropout': 0.6910633164011616, 'learning_rate_model': 2.1207815222486866e-05}. Best is trial 115 with value: 0.9733659029006958.
[I 2024-06-20 23:04:39,000] Trial 148 finished with value: 1.0531294345855713 and parameters: {'hidden_size': 103, 'n_layers': 1, 'rnn_dropout': 0.6183084817336942, 'bidirectional': True, 'fc_dropout': 0.38915259453631584, 'learning_rate_model': 9.070770449331516e-05}. Best is trial 115 with value: 0.9733659029006958.
Epoch 49: reducing lr to 4.11724264609275e-05
Epoch 52: reducing lr to 3.810037455850291e-05
Epoch 55: reducing lr to 3.485917234445024e-05
Epoch 59: reducing lr to 3.036309613977172e-05
Epoch 62: reducing lr to 2.6929103881008185e-05
Epoch 65: reducing lr to 2.3502148864720612e-05
Epoch 68: reducing lr to 2.0136261133400753e-05
Epoch 71: reducing lr to 1.688454268194869e-05
Epoch 74: reducing lr to 1.379826035523931e-05
Epoch 77: reducing lr to 1.0926095762233431e-05
Epoch 80: reducing lr to 8.313336154385323e-06
Epoch 83: reducing lr to 6.0011940093860454e-06
Epoch 86: reducing lr to 4.026123671716929e-06
Epoch 89: reducing lr to 2.419284877937884e-06
Epoch 92: reducing lr to 1.2060104777605689e-06
Epoch 95: reducing lr to 4.0543810788156105e-07
Epoch 98: reducing lr to 3.019114207435331e-08
[I 2024-06-20 23:08:54,898] Trial 149 finished with value: 1.029960036277771 and parameters: {'hidden_size': 192, 'n_layers': 7, 'rnn_dropout': 0.49114720190776073, 'bidirectional': True, 'fc_dropout': 0.7182805741341455, 'learning_rate_model': 0.0005474946675652392}. Best is trial 115 with value: 0.9733659029006958.
Epoch 8: reducing lr to 8.137350050972245e-05
Epoch 11: reducing lr to 0.00012700237581232486
Epoch 14: reducing lr to 0.00017399069275389595
Epoch 17: reducing lr to 0.00021573910440280086
Epoch 20: reducing lr to 0.0002463841581715749
Epoch 23: reducing lr to 0.0002616218469906534
Epoch 26: reducing lr to 0.00026243854767146567
Epoch 29: reducing lr to 0.000260103564977318
Epoch 32: reducing lr to 0.00025573926298658493
Epoch 35: reducing lr to 0.0002494144692849105
Epoch 38: reducing lr to 0.00024122892795237148
Epoch 47: reducing lr to 0.00020693281812775465
Epoch 50: reducing lr to 0.00019285557342560824
Epoch 53: reducing lr to 0.0001778095621908828
Epoch 56: reducing lr to 0.00016203202258622098
Epoch 63: reducing lr to 0.00012378457156948515
Epoch 68: reducing lr to 9.667327532815715e-05
Epoch 71: reducing lr to 8.10619227009585e-05
Epoch 74: reducing lr to 6.624482139631267e-05
Epoch 77: reducing lr to 5.245568960824333e-05
Epoch 80: reducing lr to 3.991194937452052e-05
Epoch 83: reducing lr to 2.8811459929109713e-05
Epoch 86: reducing lr to 1.93292369244999e-05
Epoch 89: reducing lr to 1.1614876840973813e-05
Epoch 92: reducing lr to 5.790001539650313e-06
Epoch 95: reducing lr to 1.9464899452831946e-06
Epoch 98: reducing lr to 1.449463021406961e-07
[I 2024-06-20 23:09:15,693] Trial 150 finished with value: 1.094542145729065 and parameters: {'hidden_size': 59, 'n_layers': 7, 'rnn_dropout': 0.547374440786582, 'bidirectional': False, 'fc_dropout': 0.561104235706677, 'learning_rate_model': 0.002628497037637164}. Best is trial 115 with value: 0.9733659029006958.
Epoch 12: reducing lr to 0.001273330530936036
Epoch 16: reducing lr to 0.0018077010066505546
Epoch 19: reducing lr to 0.0021189479101293056
Epoch 22: reducing lr to 0.002303714222958488
Epoch 25: reducing lr to 0.0023422471083902616
Epoch 28: reducing lr to 0.002327549971020975
Epoch 31: reducing lr to 0.002294621886852228
Epoch 34: reducing lr to 0.0022439821951819065
Epoch 37: reducing lr to 0.0021764294528986124
Epoch 40: reducing lr to 0.0020930289962034178
Epoch 43: reducing lr to 0.0019950961616277494
Epoch 46: reducing lr to 0.001884175292582075
Epoch 49: reducing lr to 0.0017620158417705838
Epoch 52: reducing lr to 0.0016305442578951345
Epoch 55: reducing lr to 0.0014918337144938982
Epoch 58: reducing lr to 0.0013480722800644192
Epoch 61: reducing lr to 0.0012015265222913999
Epoch 64: reducing lr to 0.0010545083142989794
Epoch 67: reducing lr to 0.0009093352449386397
Epoch 70: reducing lr to 0.0007682977496829928
Epoch 73: reducing lr to 0.0006336196333002087
Epoch 76: reducing lr to 0.0005074246653757247
Epoch 79: reducing lr to 0.0003917033877430476
Epoch 82: reducing lr to 0.00028828045161176233
Epoch 85: reducing lr to 0.00019878720317814956
Epoch 88: reducing lr to 0.00012463464112961973
Epoch 91: reducing lr to 6.699263483973816e-05
Epoch 94: reducing lr to 2.676994034770501e-05
Epoch 97: reducing lr to 4.601012080344968e-06
[I 2024-06-20 23:09:58,874] Trial 151 finished with value: 1.2363544702529907 and parameters: {'hidden_size': 151, 'n_layers': 2, 'rnn_dropout': 0.4803911642196355, 'bidirectional': True, 'fc_dropout': 0.10440853707141279, 'learning_rate_model': 0.023430590821514066}. Best is trial 115 with value: 0.9733659029006958.
[I 2024-06-20 23:10:29,313] Trial 152 finished with value: 1.105417013168335 and parameters: {'hidden_size': 130, 'n_layers': 4, 'rnn_dropout': 0.19863258319767887, 'bidirectional': False, 'fc_dropout': 0.3373327478797674, 'learning_rate_model': 1.8101769159892324e-05}. Best is trial 115 with value: 0.9733659029006958.
Epoch 27: reducing lr to 0.00012807931493326042
Epoch 31: reducing lr to 0.00012589187962874342
Epoch 40: reducing lr to 0.00011483170972929851
Epoch 47: reducing lr to 0.0001012026084307509
Epoch 50: reducing lr to 9.431798811646297e-05
Epoch 53: reducing lr to 8.695958263390425e-05
Epoch 56: reducing lr to 7.924341572979588e-05
Epoch 59: reducing lr to 7.129121018233941e-05
Epoch 62: reducing lr to 6.322834785904151e-05
Epoch 65: reducing lr to 5.518200867060931e-05
Epoch 68: reducing lr to 4.727905277312534e-05
Epoch 71: reducing lr to 3.964416130787034e-05
Epoch 74: reducing lr to 3.239770656482871e-05
Epoch 77: reducing lr to 2.5653990814113616e-05
Epoch 80: reducing lr to 1.951934652416451e-05
Epoch 83: reducing lr to 1.4090538774395021e-05
Epoch 86: reducing lr to 9.45316075736083e-06
Epoch 89: reducing lr to 5.680374159804731e-06
Epoch 92: reducing lr to 2.831659395219365e-06
Epoch 95: reducing lr to 9.519507902573232e-07
Epoch 98: reducing lr to 7.088746962298151e-08
[I 2024-06-20 23:11:25,737] Trial 153 finished with value: 0.9809659719467163 and parameters: {'hidden_size': 181, 'n_layers': 2, 'rnn_dropout': 0.6609820283939132, 'bidirectional': True, 'fc_dropout': 0.4787717544837091, 'learning_rate_model': 0.0012854933251677597}. Best is trial 115 with value: 0.9733659029006958.
Epoch 33: reducing lr to 7.813848354628584e-06
Epoch 41: reducing lr to 7.120243194997541e-06
Epoch 47: reducing lr to 6.369810922796333e-06
Epoch 65: reducing lr to 3.473220374674498e-06
Epoch 74: reducing lr to 2.039149665706548e-06
Epoch 87: reducing lr to 5.095888877656923e-07
[I 2024-06-20 23:13:26,484] Trial 154 finished with value: 1.0706068277359009 and parameters: {'hidden_size': 131, 'n_layers': 6, 'rnn_dropout': 0.22571155872388848, 'bidirectional': True, 'fc_dropout': 0.09208243277352271, 'learning_rate_model': 8.091045824612664e-05}. Best is trial 115 with value: 0.9733659029006958.
Epoch 6: reducing lr to 0.0014935228319368297
Epoch 9: reducing lr to 0.0026117574486201724
Epoch 12: reducing lr to 0.003885315237366055
Epoch 15: reducing lr to 0.005135328777427883
Epoch 18: reducing lr to 0.006186237368078167
Epoch 21: reducing lr to 0.006890444009234829
Epoch 24: reducing lr to 0.007149044963125316
Epoch 27: reducing lr to 0.007123239044029425
Epoch 30: reducing lr to 0.007041175150604382
Epoch 33: reducing lr to 0.00690444328262266
Epoch 36: reducing lr to 0.00671519977817559
Epoch 39: reducing lr to 0.00647642907137876
Epoch 42: reducing lr to 0.006191896750584755
Epoch 45: reducing lr to 0.005866090061932961
Epoch 48: reducing lr to 0.005504147314085469
Epoch 51: reducing lr to 0.005111776444027253
Epoch 54: reducing lr to 0.004695165690009615
Epoch 57: reducing lr to 0.004260883972855775
Epoch 60: reducing lr to 0.0038157821004592162
Epoch 63: reducing lr to 0.0033668779601797967
Epoch 66: reducing lr to 0.0029212523610636803
Epoch 69: reducing lr to 0.002485931128660722
Epoch 72: reducing lr to 0.0020677821170730823
Epoch 75: reducing lr to 0.0016733978904405339
Epoch 78: reducing lr to 0.0013089992855721676
Epoch 81: reducing lr to 0.0009803320077414342
Epoch 84: reducing lr to 0.0006925803045977174
Epoch 87: reducing lr to 0.0004502810156212997
Epoch 90: reducing lr to 0.00025725678037552405
Epoch 93: reducing lr to 0.00011655073915868702
Epoch 96: reducing lr to 3.0382324852111507e-05
Epoch 99: reducing lr to 1.1020981587755996e-07
[I 2024-06-20 23:13:41,666] Trial 155 finished with value: 1.2502963542938232 and parameters: {'hidden_size': 126, 'n_layers': 2, 'rnn_dropout': 0.10513252842996845, 'bidirectional': False, 'fc_dropout': 0.48174692311416867, 'learning_rate_model': 0.07149379468062945}. Best is trial 115 with value: 0.9733659029006958.
Epoch 18: reducing lr to 0.00537027127152276
Epoch 23: reducing lr to 0.006177382710125015
Epoch 26: reducing lr to 0.006196666545641922
Epoch 29: reducing lr to 0.006141533222912248
Epoch 32: reducing lr to 0.0060384838638108205
Epoch 35: reducing lr to 0.005889143616781576
Epoch 38: reducing lr to 0.0056958676267131825
Epoch 41: reducing lr to 0.005461703995992014
Epoch 44: reducing lr to 0.00519034562616615
Epoch 47: reducing lr to 0.004886072121131015
Epoch 50: reducing lr to 0.004553681959416635
Epoch 53: reducing lr to 0.0041984174020914195
Epoch 56: reducing lr to 0.0038258800873249175
Epoch 59: reducing lr to 0.0034419468031001584
Epoch 62: reducing lr to 0.003052670998600114
Epoch 65: reducing lr to 0.0026641929327144475
Epoch 68: reducing lr to 0.002282637426547363
Epoch 71: reducing lr to 0.0019140240981491163
Epoch 74: reducing lr to 0.0015641645337956859
Epoch 77: reducing lr to 0.0012385772585927172
Epoch 80: reducing lr to 0.0009423960148188852
Epoch 83: reducing lr to 0.000680292630247735
Epoch 86: reducing lr to 0.0004563995528308523
Epoch 89: reducing lr to 0.0002742490361679402
Epoch 92: reducing lr to 0.00013671280060915876
Epoch 95: reducing lr to 4.59602799679576e-05
Epoch 98: reducing lr to 3.42245416825801e-06
[I 2024-06-20 23:14:30,527] Trial 156 finished with value: 1.0437301397323608 and parameters: {'hidden_size': 79, 'n_layers': 5, 'rnn_dropout': 0.4791882311787358, 'bidirectional': True, 'fc_dropout': 0.6002537476597487, 'learning_rate_model': 0.06206374712466089}. Best is trial 115 with value: 0.9733659029006958.
Epoch 15: reducing lr to 0.00016209485726464482
Epoch 22: reducing lr to 0.00022187823136211315
Epoch 25: reducing lr to 0.0002255894592495293
Epoch 28: reducing lr to 0.00022417393000849546
Epoch 31: reducing lr to 0.0002210025188131772
Epoch 34: reducing lr to 0.00021612524492540118
Epoch 37: reducing lr to 0.0002096190199639434
Epoch 40: reducing lr to 0.00020158644993337852
Epoch 43: reducing lr to 0.00019215421918558094
Epoch 46: reducing lr to 0.00018147106847194908
Epoch 49: reducing lr to 0.0001697054932890115
Epoch 52: reducing lr to 0.0001570430361951804
Epoch 55: reducing lr to 0.0001436833712964589
Epoch 58: reducing lr to 0.00012983723860716657
Epoch 61: reducing lr to 0.00011572293865439675
Epoch 64: reducing lr to 0.000101563135479898
Epoch 67: reducing lr to 8.758104362576354e-05
Epoch 70: reducing lr to 7.399726240359533e-05
Epoch 73: reducing lr to 6.1025973704505926e-05
Epoch 76: reducing lr to 4.887172470485141e-05
Epoch 79: reducing lr to 3.7726230981620106e-05
Epoch 82: reducing lr to 2.776523064468733e-05
Epoch 85: reducing lr to 1.914584396754998e-05
Epoch 88: reducing lr to 1.2003968836368133e-05
Epoch 91: reducing lr to 6.452279186539012e-06
Epoch 94: reducing lr to 2.5783002764944234e-06
Epoch 97: reducing lr to 4.4313848162626755e-07
[I 2024-06-20 23:14:43,476] Trial 157 finished with value: 1.0926249027252197 and parameters: {'hidden_size': 114, 'n_layers': 2, 'rnn_dropout': 0.6023407319839538, 'bidirectional': False, 'fc_dropout': 0.7340850781155146, 'learning_rate_model': 0.002256676630910648}. Best is trial 115 with value: 0.9733659029006958.
Epoch 19: reducing lr to 0.0006943051994079462
Epoch 24: reducing lr to 0.0007677026796665796
Epoch 30: reducing lr to 0.0007561190423339573
Epoch 33: reducing lr to 0.0007414360431380067
Epoch 36: reducing lr to 0.0007211140635976797
Epoch 39: reducing lr to 0.0006954735882084083
Epoch 42: reducing lr to 0.0006649189859850343
Epoch 45: reducing lr to 0.0006299321214148148
Epoch 48: reducing lr to 0.0005910647735604331
Epoch 51: reducing lr to 0.0005489298912201331
Epoch 54: reducing lr to 0.0005041920005106818
Epoch 57: reducing lr to 0.0004575565072792257
Epoch 60: reducing lr to 0.0004097590879139867
Epoch 63: reducing lr to 0.0003615533606897905
Epoch 66: reducing lr to 0.0003136997007486296
Epoch 69: reducing lr to 0.0002669525788106234
Epoch 72: reducing lr to 0.0002220495017770407
Epoch 75: reducing lr to 0.00017969841444079887
Epoch 78: reducing lr to 0.00014056734352613074
Epoch 81: reducing lr to 0.00010527329359207226
Epoch 84: reducing lr to 7.437297687543495e-05
Epoch 87: reducing lr to 4.835358346163502e-05
Epoch 90: reducing lr to 2.7625608829623046e-05
Epoch 93: reducing lr to 1.2515841658677745e-05
Epoch 96: reducing lr to 3.2626165206366826e-06
Epoch 99: reducing lr to 1.1834919406983336e-08
[I 2024-06-20 23:17:22,017] Trial 158 finished with value: 1.1231578588485718 and parameters: {'hidden_size': 174, 'n_layers': 5, 'rnn_dropout': 0.6580625220190969, 'bidirectional': True, 'fc_dropout': 0.0983638172417428, 'learning_rate_model': 0.007677386005956413}. Best is trial 115 with value: 0.9733659029006958.
[I 2024-06-20 23:17:27,688] Trial 159 finished with value: 1.1024302244186401 and parameters: {'hidden_size': 97, 'n_layers': 1, 'rnn_dropout': 0.4718589184879114, 'bidirectional': False, 'fc_dropout': 0.6306409517343752, 'learning_rate_model': 1.1178590317786991e-05}. Best is trial 115 with value: 0.9733659029006958.
Epoch 27: reducing lr to 0.00010638658400252796
Epoch 40: reducing lr to 9.538271921297927e-05
Epoch 49: reducing lr to 8.029791397504888e-05
Epoch 55: reducing lr to 6.798527710802817e-05
Epoch 61: reducing lr to 5.475550845714602e-05
Epoch 72: reducing lr to 3.0882618782996976e-05
Epoch 75: reducing lr to 2.499243450073799e-05
Epoch 78: reducing lr to 1.9550089726456348e-05
Epoch 81: reducing lr to 1.464139738218789e-05
Epoch 84: reducing lr to 1.0343784940832466e-05
Epoch 87: reducing lr to 6.725010742590653e-06
Epoch 90: reducing lr to 3.842166450749749e-06
Epoch 93: reducing lr to 1.7407017966714588e-06
Epoch 96: reducing lr to 4.5376432478150264e-07
Epoch 99: reducing lr to 1.6459992093929496e-09
