[I 2024-06-21 05:11:12,940] Trial 878 finished with value: 1.0926153659820557 and parameters: {'hidden_size': 131, 'n_layers': 2, 'rnn_dropout': 0.6143023730315352, 'bidirectional': False, 'fc_dropout': 0.18427290346379263, 'learning_rate_model': 0.001294163307524294}. Best is trial 690 with value: 0.966281533241272.
Epoch 36: reducing lr to 8.250962207928195e-05
Epoch 40: reducing lr to 7.847042671775456e-05
Epoch 43: reducing lr to 7.479879515757474e-05
Epoch 49: reducing lr to 6.606030553708745e-05
Epoch 52: reducing lr to 6.113126188471612e-05
Epoch 55: reducing lr to 5.593082006059877e-05
Epoch 63: reducing lr to 4.136881064720496e-05
Epoch 66: reducing lr to 3.5893411405707824e-05
Epoch 72: reducing lr to 2.5406827295963198e-05
Epoch 75: reducing lr to 2.056103051129595e-05
Epoch 78: reducing lr to 1.6083666893370197e-05
Epoch 83: reducing lr to 9.628791497717587e-06
Epoch 86: reducing lr to 6.459832046481952e-06
Epoch 89: reducing lr to 3.881692480998174e-06
Epoch 92: reducing lr to 1.9350188339615723e-06
Epoch 95: reducing lr to 6.505170470934426e-07
Epoch 98: reducing lr to 4.844106217150469e-08
[I 2024-06-21 05:11:48,749] Trial 879 finished with value: 0.9726775288581848 and parameters: {'hidden_size': 137, 'n_layers': 2, 'rnn_dropout': 0.5704834584194935, 'bidirectional': True, 'fc_dropout': 0.29411384810624647, 'learning_rate_model': 0.0008784438549816542}. Best is trial 690 with value: 0.966281533241272.
Epoch 40: reducing lr to 5.122054506330382e-05
Epoch 53: reducing lr to 3.8788216525609625e-05
Epoch 56: reducing lr to 3.534642962232697e-05
Epoch 61: reducing lr to 2.9403722304571524e-05
Epoch 65: reducing lr to 2.461386814199298e-05
Epoch 72: reducing lr to 1.6583974330982195e-05
Epoch 75: reducing lr to 1.3420943837094191e-05
Epoch 78: reducing lr to 1.0498403275646282e-05
Epoch 81: reducing lr to 7.862434208124832e-06
Epoch 84: reducing lr to 5.554615207645902e-06
Epoch 87: reducing lr to 3.611332520547339e-06
Epoch 90: reducing lr to 2.0632443848860474e-06
Epoch 93: reducing lr to 9.347573182423227e-07
Epoch 96: reducing lr to 2.436715606072637e-07
Epoch 99: reducing lr to 8.83902004215377e-10
[I 2024-06-21 05:12:26,092] Trial 880 finished with value: 0.9734410643577576 and parameters: {'hidden_size': 144, 'n_layers': 2, 'rnn_dropout': 0.5885394913270117, 'bidirectional': True, 'fc_dropout': 0.1456392904838249, 'learning_rate_model': 0.0005733927409558716}. Best is trial 690 with value: 0.966281533241272.
Epoch 31: reducing lr to 0.00010943040244739751
Epoch 36: reducing lr to 0.00010495441041087001
Epoch 39: reducing lr to 0.00010122257225518428
Epoch 45: reducing lr to 9.168335182940842e-05
Epoch 52: reducing lr to 7.776057370154795e-05
Epoch 61: reducing lr to 5.7300739454699224e-05
Epoch 65: reducing lr to 4.796647277400594e-05
Epoch 68: reducing lr to 4.1096898287263205e-05
Epoch 71: reducing lr to 3.4460336436340625e-05
Epoch 74: reducing lr to 2.8161419769225852e-05
Epoch 77: reducing lr to 2.229950452284237e-05
Epoch 80: reducing lr to 1.6967019254527357e-05
Epoch 83: reducing lr to 1.2248076153361796e-05
Epoch 86: reducing lr to 8.217076344626704e-06
Epoch 89: reducing lr to 4.93761497717207e-06
Epoch 92: reducing lr to 2.461394874130225e-06
Epoch 95: reducing lr to 8.274748013547758e-07
Epoch 98: reducing lr to 6.161830574137866e-08
[I 2024-06-21 05:13:03,216] Trial 881 finished with value: 0.9730626940727234 and parameters: {'hidden_size': 140, 'n_layers': 2, 'rnn_dropout': 0.6293112291383292, 'bidirectional': True, 'fc_dropout': 0.24594395827827717, 'learning_rate_model': 0.0011174036985657427}. Best is trial 690 with value: 0.966281533241272.
Epoch 36: reducing lr to 6.837158142242397e-05
Epoch 40: reducing lr to 6.502450301408532e-05
Epoch 49: reducing lr to 5.474085864166506e-05
Epoch 52: reducing lr to 5.065640762952777e-05
Epoch 55: reducing lr to 4.6347062578006804e-05
Epoch 65: reducing lr to 3.12473157247594e-05
Epoch 72: reducing lr to 2.105336223067729e-05
Epoch 75: reducing lr to 1.7037893718398288e-05
Epoch 78: reducing lr to 1.3327727274214843e-05
Epoch 81: reducing lr to 9.981363459377524e-06
Epoch 84: reducing lr to 7.051586289549686e-06
Epoch 87: reducing lr to 4.584588119415213e-06
Epoch 90: reducing lr to 2.6192895947906547e-06
Epoch 93: reducing lr to 1.1866747997774206e-06
Epoch 96: reducing lr to 3.093411463617104e-07
Epoch 99: reducing lr to 1.1221139577092567e-09
[I 2024-06-21 05:13:38,888] Trial 882 finished with value: 0.973649263381958 and parameters: {'hidden_size': 134, 'n_layers': 2, 'rnn_dropout': 0.523399558795757, 'bidirectional': True, 'fc_dropout': 0.16290146906812777, 'learning_rate_model': 0.0007279223203591342}. Best is trial 690 with value: 0.966281533241272.
Epoch 36: reducing lr to 8.841466873838604e-05
Epoch 40: reducing lr to 8.408639633985396e-05
Epoch 49: reducing lr to 7.078810790341443e-05
Epoch 52: reducing lr to 6.550630257284702e-05
Epoch 55: reducing lr to 5.993367565267065e-05
Epoch 61: reducing lr to 4.827072895287396e-05
Epoch 64: reducing lr to 4.2364345749941836e-05
Epoch 67: reducing lr to 3.653209007156887e-05
Epoch 72: reducing lr to 2.722514250407678e-05
Epoch 77: reducing lr to 1.8785330675470615e-05
Epoch 80: reducing lr to 1.4293190548107609e-05
Epoch 83: reducing lr to 1.0317904617278024e-05
Epoch 86: reducing lr to 6.922149151846921e-06
Epoch 89: reducing lr to 4.159497355617073e-06
Epoch 92: reducing lr to 2.073504215579353e-06
Epoch 95: reducing lr to 6.970732355575946e-07
Epoch 98: reducing lr to 5.190789095013692e-08
[I 2024-06-21 05:14:09,987] Trial 883 finished with value: 0.9725596904754639 and parameters: {'hidden_size': 123, 'n_layers': 2, 'rnn_dropout': 0.6049253436875259, 'bidirectional': True, 'fc_dropout': 0.2255518519208197, 'learning_rate_model': 0.0009413123037800938}. Best is trial 690 with value: 0.966281533241272.
Epoch 36: reducing lr to 8.011644262779466e-05
Epoch 40: reducing lr to 7.619440353357465e-05
Epoch 43: reducing lr to 7.262926710671167e-05
Epoch 49: reducing lr to 6.414423609226053e-05
Epoch 53: reducing lr to 5.770038211517106e-05
Epoch 62: reducing lr to 4.195397127579169e-05
Epoch 65: reducing lr to 3.6614975483282e-05
Epoch 68: reducing lr to 3.137111895462405e-05
Epoch 71: reducing lr to 2.6305131496890863e-05
Epoch 74: reducing lr to 2.1496883860582904e-05
Epoch 79: reducing lr to 1.4259528198271271e-05
Epoch 82: reducing lr to 1.0494530702054827e-05
Epoch 88: reducing lr to 4.53718613441014e-06
Epoch 91: reducing lr to 2.4387927076096403e-06
Epoch 94: reducing lr to 9.745300428817046e-07
Epoch 97: reducing lr to 1.6749475126650193e-07
[I 2024-06-21 05:14:42,806] Trial 884 finished with value: 0.9698536396026611 and parameters: {'hidden_size': 129, 'n_layers': 2, 'rnn_dropout': 0.556364588127399, 'bidirectional': True, 'fc_dropout': 0.13957009694544012, 'learning_rate_model': 0.0008529647201844141}. Best is trial 690 with value: 0.966281533241272.
Epoch 35: reducing lr to 6.430744182429672e-05
Epoch 40: reducing lr to 6.053953571165014e-05
Epoch 43: reducing lr to 5.770689060883926e-05
Epoch 49: reducing lr to 5.096519024383183e-05
Epoch 52: reducing lr to 4.716245809748682e-05
Epoch 55: reducing lr to 4.315034363989742e-05
Epoch 61: reducing lr to 3.475339230211293e-05
Epoch 65: reducing lr to 2.909207911673708e-05
Epoch 72: reducing lr to 1.9601238233813252e-05
Epoch 75: reducing lr to 1.5862730623144347e-05
Epoch 78: reducing lr to 1.2408467329580138e-05
Epoch 81: reducing lr to 9.292913926140293e-06
Epoch 84: reducing lr to 6.565213730391794e-06
Epoch 87: reducing lr to 4.268373048824732e-06
Epoch 90: reducing lr to 2.438628034244776e-06
Epoch 93: reducing lr to 1.1048256901506518e-06
Epoch 96: reducing lr to 2.8800480602197844e-07
Epoch 99: reducing lr to 1.0447178350712904e-09
[I 2024-06-21 05:15:17,254] Trial 885 finished with value: 0.9730492830276489 and parameters: {'hidden_size': 136, 'n_layers': 2, 'rnn_dropout': 0.5353416876843112, 'bidirectional': True, 'fc_dropout': 0.20644609234899597, 'learning_rate_model': 0.0006777149730639727}. Best is trial 690 with value: 0.966281533241272.
Epoch 31: reducing lr to 0.00010992858157236364
Epoch 34: reducing lr to 0.00010750258297604731
Epoch 40: reducing lr to 0.00010027085946526014
Epoch 43: reducing lr to 9.55791855751307e-05
Epoch 47: reducing lr to 8.836995069915313e-05
Epoch 50: reducing lr to 8.235831160022307e-05
Epoch 53: reducing lr to 7.593296407409637e-05
Epoch 56: reducing lr to 6.91952198649728e-05
Epoch 59: reducing lr to 6.22513671019374e-05
Epoch 62: reducing lr to 5.5210889024819034e-05
Epoch 65: reducing lr to 4.818483892180251e-05
Epoch 68: reducing lr to 4.128399087186201e-05
Epoch 72: reducing lr to 3.246528043507191e-05
Epoch 79: reducing lr to 1.8765356531464044e-05
Epoch 82: reducing lr to 1.3810668033065036e-05
Epoch 85: reducing lr to 9.52330987746676e-06
Epoch 88: reducing lr to 5.970878859241891e-06
Epoch 91: reducing lr to 3.209419977175522e-06
Epoch 94: reducing lr to 1.2824690586547622e-06
Epoch 97: reducing lr to 2.2042094808198512e-07
[I 2024-06-21 05:15:39,988] Trial 886 finished with value: 0.9732003808021545 and parameters: {'hidden_size': 98, 'n_layers': 2, 'rnn_dropout': 0.6461755885301039, 'bidirectional': True, 'fc_dropout': 0.12281907965166129, 'learning_rate_model': 0.001122490650494417}. Best is trial 690 with value: 0.966281533241272.
Epoch 40: reducing lr to 4.290500124952866e-05
Epoch 50: reducing lr to 3.524038270900518e-05
Epoch 61: reducing lr to 2.4630092097990292e-05
Epoch 65: reducing lr to 2.061786031528468e-05
Epoch 68: reducing lr to 1.766504934124406e-05
Epoch 73: reducing lr to 1.2988568819535482e-05
Epoch 76: reducing lr to 1.040169818071228e-05
Epoch 79: reducing lr to 8.029527718462018e-06
Epoch 82: reducing lr to 5.909460957804748e-06
Epoch 85: reducing lr to 4.074938864306063e-06
Epoch 88: reducing lr to 2.554885499962364e-06
Epoch 91: reducing lr to 1.37328201698207e-06
Epoch 94: reducing lr to 5.487570053503733e-07
Epoch 97: reducing lr to 9.431614631922572e-08
[I 2024-06-21 05:16:34,538] Trial 887 finished with value: 0.9769246578216553 and parameters: {'hidden_size': 132, 'n_layers': 3, 'rnn_dropout': 0.5772526095814591, 'bidirectional': True, 'fc_dropout': 0.1907841063461297, 'learning_rate_model': 0.00048030367964216857}. Best is trial 690 with value: 0.966281533241272.
Epoch 36: reducing lr to 7.319558409389178e-05
Epoch 40: reducing lr to 6.961235032908007e-05
Epoch 43: reducing lr to 6.635518819632064e-05
Epoch 49: reducing lr to 5.8603136547661044e-05
Epoch 61: reducing lr to 3.996174221721162e-05
Epoch 65: reducing lr to 3.345199099182876e-05
Epoch 72: reducing lr to 2.2538796288676974e-05
Epoch 75: reducing lr to 1.824001370895305e-05
Epoch 78: reducing lr to 1.426807398900241e-05
Epoch 81: reducing lr to 1.0685605236314639e-05
Epoch 84: reducing lr to 7.549115678093515e-06
Epoch 87: reducing lr to 4.9080568015127946e-06
Epoch 90: reducing lr to 2.8040953245945514e-06
Epoch 93: reducing lr to 1.2704014342239954e-06
Epoch 96: reducing lr to 3.3116691790887515e-07
Epoch 99: reducing lr to 1.2012854587483725e-09
[I 2024-06-21 05:17:11,741] Trial 888 finished with value: 0.9715487360954285 and parameters: {'hidden_size': 140, 'n_layers': 2, 'rnn_dropout': 0.6144338299483992, 'bidirectional': True, 'fc_dropout': 0.1709216672583368, 'learning_rate_model': 0.0007792813666906533}. Best is trial 690 with value: 0.966281533241272.
Epoch 36: reducing lr to 9.277526629735731e-05
Epoch 40: reducing lr to 8.823352418475044e-05
Epoch 49: reducing lr to 7.427936625378145e-05
Epoch 52: reducing lr to 6.873706311487429e-05
Epoch 55: reducing lr to 6.288959511129037e-05
Epoch 58: reducing lr to 5.682920224307085e-05
Epoch 63: reducing lr to 4.651581630699419e-05
Epoch 66: reducing lr to 4.035918136051322e-05
Epoch 72: reducing lr to 2.856788225122442e-05
Epoch 75: reducing lr to 2.311918335052653e-05
Epoch 78: reducing lr to 1.8084757164886966e-05
Epoch 83: reducing lr to 1.0826782050511773e-05
Epoch 86: reducing lr to 7.263548459508122e-06
Epoch 89: reducing lr to 4.364643111115182e-06
Epoch 92: reducing lr to 2.175769117433214e-06
Epoch 95: reducing lr to 7.31452777920534e-07
Epoch 98: reducing lr to 5.446797996929917e-08
[I 2024-06-21 05:17:47,559] Trial 889 finished with value: 0.9730082154273987 and parameters: {'hidden_size': 137, 'n_layers': 2, 'rnn_dropout': 0.589038030795497, 'bidirectional': True, 'fc_dropout': 0.2489344763805524, 'learning_rate_model': 0.000987737678581176}. Best is trial 690 with value: 0.966281533241272.
Epoch 27: reducing lr to 0.00013271058374103638
Epoch 31: reducing lr to 0.00013044405212889063
Epoch 36: reducing lr to 0.00012510854640577175
Epoch 45: reducing lr to 0.00010928907924957736
Epoch 52: reducing lr to 9.269274445347151e-05
Epoch 55: reducing lr to 8.480736453186754e-05
Epoch 58: reducing lr to 7.663485290618604e-05
Epoch 61: reducing lr to 6.830405881076541e-05
Epoch 64: reducing lr to 5.994640699146398e-05
Epoch 67: reducing lr to 5.169364712028145e-05
Epoch 70: reducing lr to 4.367598526118818e-05
Epoch 73: reducing lr to 3.601983967366547e-05
Epoch 76: reducing lr to 2.8845941843846186e-05
Epoch 79: reducing lr to 2.2267449562206528e-05
Epoch 82: reducing lr to 1.6388090113343602e-05
Epoch 85: reducing lr to 1.1300601830090021e-05
Epoch 88: reducing lr to 7.085196788949102e-06
Epoch 91: reducing lr to 3.808379411596413e-06
Epoch 94: reducing lr to 1.5218104186191795e-06
Epoch 97: reducing lr to 2.615571058103665e-07
[I 2024-06-21 05:18:26,512] Trial 890 finished with value: 0.9796702265739441 and parameters: {'hidden_size': 145, 'n_layers': 2, 'rnn_dropout': 0.5513717140848632, 'bidirectional': True, 'fc_dropout': 0.15538226469046523, 'learning_rate_model': 0.0013319759686965438}. Best is trial 690 with value: 0.966281533241272.
Epoch 53: reducing lr to 2.7035150302803052e-05
Epoch 65: reducing lr to 1.7155715945661084e-05
Epoch 68: reducing lr to 1.4698740025889353e-05
Epoch 73: reducing lr to 1.0807532585882903e-05
Epoch 76: reducing lr to 8.655048419767883e-06
Epoch 79: reducing lr to 6.681212046704294e-06
Epoch 82: reducing lr to 4.917146204008158e-06
Epoch 85: reducing lr to 3.390676461230278e-06
Epoch 88: reducing lr to 2.1258699613242303e-06
Epoch 91: reducing lr to 1.1426809492526919e-06
Epoch 94: reducing lr to 4.5660990825529366e-07
Epoch 97: reducing lr to 7.847860983627663e-08
[I 2024-06-21 05:18:59,407] Trial 891 finished with value: 0.974136233329773 and parameters: {'hidden_size': 129, 'n_layers': 2, 'rnn_dropout': 0.602021103482188, 'bidirectional': True, 'fc_dropout': 0.22806288021179977, 'learning_rate_model': 0.00039965124264074593}. Best is trial 690 with value: 0.966281533241272.
Epoch 40: reducing lr to 5.376806221453354e-05
Epoch 47: reducing lr to 4.7386459360443865e-05
Epoch 50: reducing lr to 4.416284896350115e-05
Epoch 53: reducing lr to 4.071739644242774e-05
Epoch 56: reducing lr to 3.710442801118293e-05
Epoch 59: reducing lr to 3.338093836162226e-05
Epoch 62: reducing lr to 2.9605635494075652e-05
Epoch 65: reducing lr to 2.5838069313072614e-05
Epoch 72: reducing lr to 1.740879880310595e-05
Epoch 75: reducing lr to 1.4088451076004524e-05
Epoch 78: reducing lr to 1.1020554345537884e-05
Epoch 81: reducing lr to 8.253482096640238e-06
Epoch 84: reducing lr to 5.830880864180225e-06
Epoch 87: reducing lr to 3.7909466094547758e-06
Epoch 90: reducing lr to 2.1658623959044727e-06
Epoch 93: reducing lr to 9.812486294440474e-07
Epoch 96: reducing lr to 2.5579086701345074e-07
Epoch 99: reducing lr to 9.278639634836134e-10
[I 2024-06-21 05:19:35,101] Trial 892 finished with value: 0.9752528071403503 and parameters: {'hidden_size': 134, 'n_layers': 2, 'rnn_dropout': 0.6302919374892202, 'bidirectional': True, 'fc_dropout': 0.2160063801388896, 'learning_rate_model': 0.0006019111380203772}. Best is trial 690 with value: 0.966281533241272.
Epoch 36: reducing lr to 7.621363382050045e-05
Epoch 40: reducing lr to 7.248265374259981e-05
Epoch 52: reducing lr to 5.6466573120285196e-05
Epoch 65: reducing lr to 3.483130606277483e-05
Epoch 72: reducing lr to 2.3468131149778334e-05
Epoch 77: reducing lr to 1.6192995276990126e-05
Epoch 80: reducing lr to 1.2320760865862596e-05
Epoch 83: reducing lr to 8.894055879153802e-06
Epoch 86: reducing lr to 5.9669073948665265e-06
Epoch 89: reducing lr to 3.585495629422706e-06
Epoch 92: reducing lr to 1.7873650748953051e-06
Epoch 95: reducing lr to 6.008786220537297e-07
Epoch 98: reducing lr to 4.4744713176205365e-08
[I 2024-06-21 05:20:14,033] Trial 893 finished with value: 0.9685307741165161 and parameters: {'hidden_size': 142, 'n_layers': 2, 'rnn_dropout': 0.563541409065235, 'bidirectional': True, 'fc_dropout': 0.18364174268660818, 'learning_rate_model': 0.0008114132219768281}. Best is trial 690 with value: 0.966281533241272.
Epoch 36: reducing lr to 8.945174475175798e-05
Epoch 40: reducing lr to 8.507270309120287e-05
Epoch 43: reducing lr to 8.109215099476837e-05
Epoch 49: reducing lr to 7.161842995049283e-05
Epoch 53: reducing lr to 6.442372731180834e-05
Epoch 56: reducing lr to 5.870722986016507e-05
Epoch 61: reducing lr to 4.8836929288851346e-05
Epoch 65: reducing lr to 4.088141377218529e-05
Epoch 68: reducing lr to 3.502653429512752e-05
Epoch 71: reducing lr to 2.9370249491144695e-05
Epoch 74: reducing lr to 2.4001736784402948e-05
Epoch 77: reducing lr to 1.9005676644355443e-05
Epoch 80: reducing lr to 1.4460845138499813e-05
Epoch 84: reducing lr to 9.225714598739957e-06
Epoch 87: reducing lr to 5.998097421736266e-06
Epoch 90: reducing lr to 3.426862731411163e-06
Epoch 93: reducing lr to 1.5525475509656456e-06
Epoch 96: reducing lr to 4.047164726906347e-07
Epoch 99: reducing lr to 1.4680814636549613e-09
[I 2024-06-21 05:20:46,707] Trial 894 finished with value: 0.9702565670013428 and parameters: {'hidden_size': 126, 'n_layers': 2, 'rnn_dropout': 0.581484988074719, 'bidirectional': True, 'fc_dropout': 0.14540088674505303, 'learning_rate_model': 0.0009523535984574597}. Best is trial 690 with value: 0.966281533241272.
Epoch 40: reducing lr to 6.028134964256968e-05
Epoch 43: reducing lr to 5.7460785066898584e-05
Epoch 49: reducing lr to 5.074783637789426e-05
Epoch 53: reducing lr to 4.5649768847679556e-05
Epoch 58: reducing lr to 3.882584360055446e-05
Epoch 61: reducing lr to 3.460517772398285e-05
Epoch 65: reducing lr to 2.8968008631883946e-05
Epoch 72: reducing lr to 1.9517643825808506e-05
Epoch 75: reducing lr to 1.579508002066898e-05
Epoch 78: reducing lr to 1.2355548301287678e-05
Epoch 81: reducing lr to 9.253281958555988e-06
Epoch 84: reducing lr to 6.537214726008993e-06
Epoch 87: reducing lr to 4.250169498931428e-06
Epoch 90: reducing lr to 2.428227891945864e-06
Epoch 93: reducing lr to 1.1001138832528005e-06
Epoch 96: reducing lr to 2.86776537125155e-07
Epoch 99: reducing lr to 1.0402623732254716e-09
[I 2024-06-21 05:21:22,857] Trial 895 finished with value: 0.9726958274841309 and parameters: {'hidden_size': 138, 'n_layers': 2, 'rnn_dropout': 0.6205446953364423, 'bidirectional': True, 'fc_dropout': 0.11233578601865792, 'learning_rate_model': 0.0006748246871905268}. Best is trial 690 with value: 0.966281533241272.
Epoch 27: reducing lr to 0.0001213131423257712
Epoch 40: reducing lr to 0.0001087653814603942
Epoch 52: reducing lr to 8.473211241684284e-05
Epoch 56: reducing lr to 7.505714545567537e-05
Epoch 59: reducing lr to 6.752503893336096e-05
Epoch 62: reducing lr to 5.988812141011357e-05
Epoch 65: reducing lr to 5.22668541377492e-05
Epoch 68: reducing lr to 4.478139550545294e-05
Epoch 71: reducing lr to 3.7549840000577494e-05
Epoch 74: reducing lr to 3.0686200887127e-05
Epoch 77: reducing lr to 2.4298742076175828e-05
Epoch 80: reducing lr to 1.8488178705717684e-05
Epoch 83: reducing lr to 1.3346163950640255e-05
Epoch 86: reducing lr to 8.95376928728639e-06
Epoch 89: reducing lr to 5.380291417635239e-06
Epoch 92: reducing lr to 2.682068524565047e-06
Epoch 95: reducing lr to 9.016611446258137e-07
Epoch 98: reducing lr to 6.714262717570901e-08
[I 2024-06-21 05:21:57,124] Trial 896 finished with value: 0.9730369448661804 and parameters: {'hidden_size': 132, 'n_layers': 2, 'rnn_dropout': 0.6022271730827914, 'bidirectional': True, 'fc_dropout': 0.16502434445230915, 'learning_rate_model': 0.0012175832982567582}. Best is trial 690 with value: 0.966281533241272.
Epoch 49: reducing lr to 4.13824895463641e-05
Epoch 55: reducing lr to 3.503702499798258e-05
Epoch 61: reducing lr to 2.8218905624843383e-05
Epoch 64: reducing lr to 2.476605389040156e-05
Epoch 67: reducing lr to 2.1356536857239697e-05
Epoch 72: reducing lr to 1.591572664451577e-05
Epoch 75: reducing lr to 1.2880149785539309e-05
Epoch 78: reducing lr to 1.0075372368788466e-05
Epoch 81: reducing lr to 7.545619109119387e-06
Epoch 84: reducing lr to 5.330793179967892e-06
Epoch 87: reducing lr to 3.4658146516847285e-06
Epoch 90: reducing lr to 1.9801063952040993e-06
Epoch 93: reducing lr to 8.970914727184369e-07
Epoch 96: reducing lr to 2.338528673686267e-07
Epoch 99: reducing lr to 8.482853626565895e-10
