[I 2024-06-21 00:18:57,920] Trial 262 finished with value: 0.9817124009132385 and parameters: {'hidden_size': 168, 'n_layers': 1, 'rnn_dropout': 0.45798558469048495, 'bidirectional': True, 'fc_dropout': 0.47179858081117, 'learning_rate_model': 0.0007401233049690404}. Best is trial 235 with value: 0.9706074595451355.
Epoch 33: reducing lr to 7.019612580804333e-05
Epoch 38: reducing lr to 6.670750860465012e-05
Epoch 41: reducing lr to 6.396508665334464e-05
Epoch 44: reducing lr to 6.078705619750901e-05
Epoch 49: reducing lr to 5.4661229349449924e-05
Epoch 52: reducing lr to 5.0582719821448166e-05
Epoch 55: reducing lr to 4.6279643398240266e-05
Epoch 58: reducing lr to 4.181987830835364e-05
Epoch 61: reducing lr to 3.7273737980937164e-05
Epoch 64: reducing lr to 3.271294130981101e-05
Epoch 67: reducing lr to 2.8209384502004323e-05
Epoch 72: reducing lr to 2.102273676416512e-05
Epoch 75: reducing lr to 1.7013109389995368e-05
Epoch 78: reducing lr to 1.3308339973466983e-05
Epoch 81: reducing lr to 9.966843977452411e-06
Epoch 84: reducing lr to 7.0413286348624135e-06
Epoch 87: reducing lr to 4.577919106248346e-06
Epoch 90: reducing lr to 2.6154794211522525e-06
Epoch 93: reducing lr to 1.1849485923933769e-06
Epoch 96: reducing lr to 3.0889116042525287e-07
Epoch 99: reducing lr to 1.1204816643419457e-09
[I 2024-06-21 00:19:16,035] Trial 263 finished with value: 0.9819539785385132 and parameters: {'hidden_size': 167, 'n_layers': 1, 'rnn_dropout': 0.4569167623192835, 'bidirectional': True, 'fc_dropout': 0.47047359647876225, 'learning_rate_model': 0.0007268634414778724}. Best is trial 235 with value: 0.9706074595451355.
Epoch 27: reducing lr to 0.00010887310729791727
Epoch 33: reducing lr to 0.00010552898613888715
Epoch 36: reducing lr to 0.00010263654798852502
Epoch 40: reducing lr to 9.761205438267526e-05
Epoch 44: reducing lr to 9.138390953985741e-05
Epoch 48: reducing lr to 8.412656340829307e-05
Epoch 55: reducing lr to 6.95742648253948e-05
Epoch 64: reducing lr to 4.9178832739081354e-05
Epoch 72: reducing lr to 3.160442362095217e-05
Epoch 75: reducing lr to 2.5576570848165975e-05
Epoch 78: reducing lr to 2.0007024724299983e-05
Epoch 81: reducing lr to 1.4983603836217822e-05
Epoch 84: reducing lr to 1.0585545332511808e-05
Epoch 87: reducing lr to 6.882191237010888e-06
Epoch 90: reducing lr to 3.931967589437747e-06
Epoch 93: reducing lr to 1.7813863962225532e-06
Epoch 96: reducing lr to 4.6436994366443745e-07
Epoch 99: reducing lr to 1.6844703701985805e-09
[I 2024-06-21 00:19:33,088] Trial 264 finished with value: 0.9783423542976379 and parameters: {'hidden_size': 168, 'n_layers': 1, 'rnn_dropout': 0.4618560620963362, 'bidirectional': True, 'fc_dropout': 0.47581795284775075, 'learning_rate_model': 0.0010927264312326627}. Best is trial 235 with value: 0.9706074595451355.
Epoch 27: reducing lr to 0.00010399181773419636
Epoch 33: reducing lr to 0.00010079762913535967
Epoch 38: reducing lr to 9.578817399784304e-05
Epoch 41: reducing lr to 9.185021264173805e-05
Epoch 48: reducing lr to 8.035477691125733e-05
Epoch 55: reducing lr to 6.64549257964604e-05
Epoch 61: reducing lr to 5.352295976796729e-05
Epoch 64: reducing lr to 4.6973916125942244e-05
Epoch 72: reducing lr to 3.0187449796863297e-05
Epoch 75: reducing lr to 2.442985379879129e-05
Epoch 78: reducing lr to 1.9110016423429157e-05
Epoch 81: reducing lr to 1.431181894049953e-05
Epoch 84: reducing lr to 1.0110945927385132e-05
Epoch 87: reducing lr to 6.573630481333846e-06
Epoch 90: reducing lr to 3.755679130004958e-06
Epoch 93: reducing lr to 1.701518529486257e-06
Epoch 96: reducing lr to 4.435500716503749e-07
Epoch 99: reducing lr to 1.6089477012639839e-09
[I 2024-06-21 00:19:50,869] Trial 265 finished with value: 0.9789657592773438 and parameters: {'hidden_size': 166, 'n_layers': 1, 'rnn_dropout': 0.45019292683850537, 'bidirectional': True, 'fc_dropout': 0.4668757260371255, 'learning_rate_model': 0.0010437344050366762}. Best is trial 235 with value: 0.9706074595451355.
Epoch 27: reducing lr to 0.00010913043173912872
Epoch 33: reducing lr to 0.0001057784066621344
Epoch 36: reducing lr to 0.00010287913215843165
Epoch 40: reducing lr to 9.784276303031945e-05
Epoch 43: reducing lr to 9.326469978147983e-05
Epoch 48: reducing lr to 8.432539874474437e-05
Epoch 55: reducing lr to 6.973870542292365e-05
Epoch 61: reducing lr to 5.616772391039335e-05
Epoch 64: reducing lr to 4.92950681985818e-05
Epoch 72: reducing lr to 3.1679121504110924e-05
Epoch 75: reducing lr to 2.5637021743386583e-05
Epoch 78: reducing lr to 2.005431185135327e-05
Epoch 81: reducing lr to 1.501901797640524e-05
Epoch 84: reducing lr to 1.0610564546211237e-05
Epoch 87: reducing lr to 6.898457476290027e-06
Epoch 90: reducing lr to 3.941260897839826e-06
Epoch 93: reducing lr to 1.7855967496364054e-06
Epoch 96: reducing lr to 4.654674941912242e-07
Epoch 99: reducing lr to 1.6884516600189706e-09
[I 2024-06-21 00:20:08,509] Trial 266 finished with value: 0.979222297668457 and parameters: {'hidden_size': 165, 'n_layers': 1, 'rnn_dropout': 0.42717404720504876, 'bidirectional': True, 'fc_dropout': 0.48244228207034157, 'learning_rate_model': 0.0010953091187786744}. Best is trial 235 with value: 0.9706074595451355.
Epoch 27: reducing lr to 0.00010593548044019892
Epoch 33: reducing lr to 0.00010268159074765346
Epoch 38: reducing lr to 9.757850621370613e-05
Epoch 41: reducing lr to 9.356694225316254e-05
Epoch 48: reducing lr to 8.18566506791606e-05
Epoch 55: reducing lr to 6.769700391101839e-05
Epoch 61: reducing lr to 5.4523332519232946e-05
Epoch 64: reducing lr to 4.785188374799356e-05
Epoch 72: reducing lr to 3.075166938296053e-05
Epoch 75: reducing lr to 2.4886460835540794e-05
Epoch 78: reducing lr to 1.9467192853677298e-05
Epoch 81: reducing lr to 1.4579314492897796e-05
Epoch 84: reducing lr to 1.0299924915825338e-05
Epoch 87: reducing lr to 6.696495151728085e-06
Epoch 90: reducing lr to 3.825874782122118e-06
Epoch 93: reducing lr to 1.733320821064514e-06
Epoch 96: reducing lr to 4.5184025977570117e-07
Epoch 99: reducing lr to 1.6390197945387318e-09
[I 2024-06-21 00:20:26,263] Trial 267 finished with value: 0.9788944721221924 and parameters: {'hidden_size': 166, 'n_layers': 1, 'rnn_dropout': 0.424941901273458, 'bidirectional': True, 'fc_dropout': 0.4699963939784904, 'learning_rate_model': 0.0010632423594338853}. Best is trial 235 with value: 0.9706074595451355.
Epoch 27: reducing lr to 0.00010829229269394634
Epoch 38: reducing lr to 9.974939568521469e-05
Epoch 48: reducing lr to 8.367776629188745e-05
Epoch 55: reducing lr to 6.920310109108019e-05
Epoch 61: reducing lr to 5.573634687157746e-05
Epoch 64: reducing lr to 4.89164742469797e-05
Epoch 72: reducing lr to 3.143582082045614e-05
Epoch 75: reducing lr to 2.5440125345352662e-05
Epoch 78: reducing lr to 1.9900291551799605e-05
Epoch 81: reducing lr to 1.4903669533393374e-05
Epoch 84: reducing lr to 1.0529073725585995e-05
Epoch 87: reducing lr to 6.845476227427855e-06
Epoch 90: reducing lr to 3.91099138828978e-06
Epoch 93: reducing lr to 1.771883083054402e-06
Epoch 96: reducing lr to 4.6189262992168707e-07
Epoch 99: reducing lr to 1.6754840831802523e-09
[I 2024-06-21 00:20:44,033] Trial 268 finished with value: 0.9788250923156738 and parameters: {'hidden_size': 166, 'n_layers': 1, 'rnn_dropout': 0.42816099308644273, 'bidirectional': True, 'fc_dropout': 0.47692017308813134, 'learning_rate_model': 0.0010868969708162507}. Best is trial 235 with value: 0.9706074595451355.
Epoch 27: reducing lr to 0.00010317408041515498
Epoch 33: reducing lr to 0.00010000500924649923
Epoch 40: reducing lr to 9.250249394286623e-05
Epoch 43: reducing lr to 8.817430190464037e-05
Epoch 46: reducing lr to 8.327209699699381e-05
Epoch 55: reducing lr to 6.593235898262903e-05
Epoch 64: reducing lr to 4.660453779335183e-05
Epoch 72: reducing lr to 2.995007146457296e-05
Epoch 75: reducing lr to 2.4237750193091674e-05
Epoch 78: reducing lr to 1.89597452392397e-05
Epoch 81: reducing lr to 1.419927827426246e-05
Epoch 86: reducing lr to 7.6149780209673525e-06
Epoch 89: reducing lr to 4.5758160141413064e-06
Epoch 92: reducing lr to 2.2810385447714606e-06
Epoch 95: reducing lr to 7.668423854113871e-07
Epoch 98: reducing lr to 5.7103283969926753e-08
[I 2024-06-21 00:21:01,058] Trial 269 finished with value: 0.9779452085494995 and parameters: {'hidden_size': 163, 'n_layers': 1, 'rnn_dropout': 0.38355241678284857, 'bidirectional': True, 'fc_dropout': 0.46880778750606716, 'learning_rate_model': 0.0010355270230256463}. Best is trial 235 with value: 0.9706074595451355.
Epoch 27: reducing lr to 0.00011743562116870205
Epoch 36: reducing lr to 0.00011070857686335466
Epoch 40: reducing lr to 0.00010528892326564358
Epoch 43: reducing lr to 0.00010036245415148978
Epoch 46: reducing lr to 9.478262755057179e-05
Epoch 55: reducing lr to 7.504605324406238e-05
Epoch 61: reducing lr to 6.0442274825933564e-05
Epoch 64: reducing lr to 5.304658711781069e-05
Epoch 72: reducing lr to 3.409000819136461e-05
Epoch 75: reducing lr to 2.7588084509250957e-05
Epoch 78: reducing lr to 2.1580511795319127e-05
Epoch 81: reducing lr to 1.6162015281120284e-05
Epoch 84: reducing lr to 1.1418063857875776e-05
Epoch 87: reducing lr to 7.423453072838231e-06
Epoch 90: reducing lr to 4.241203982699774e-06
Epoch 93: reducing lr to 1.92148661110063e-06
Epoch 96: reducing lr to 5.008911212305619e-07
Epoch 99: reducing lr to 1.816948456555452e-09
[I 2024-06-21 00:21:18,083] Trial 270 finished with value: 0.9768081307411194 and parameters: {'hidden_size': 163, 'n_layers': 1, 'rnn_dropout': 0.4274589282399127, 'bidirectional': True, 'fc_dropout': 0.5070607371400728, 'learning_rate_model': 0.0011786657918022108}. Best is trial 235 with value: 0.9706074595451355.
Epoch 27: reducing lr to 0.0001073419761483325
Epoch 33: reducing lr to 0.0001040448848592276
Epoch 40: reducing lr to 9.623929245138116e-05
Epoch 43: reducing lr to 9.173625559693881e-05
Epoch 46: reducing lr to 8.663601762870641e-05
Epoch 55: reducing lr to 6.859581085519512e-05
Epoch 64: reducing lr to 4.848720884245663e-05
Epoch 72: reducing lr to 3.115995649154161e-05
Epoch 75: reducing lr to 2.5216876105385925e-05
Epoch 78: reducing lr to 1.9725656996987265e-05
Epoch 81: reducing lr to 1.4772882721187156e-05
Epoch 86: reducing lr to 7.922598251495421e-06
Epoch 89: reducing lr to 4.76066402988716e-06
Epoch 92: reducing lr to 2.373185048813102e-06
Epoch 95: reducing lr to 7.978203121669722e-07
Epoch 98: reducing lr to 5.9410070060500125e-08
[I 2024-06-21 00:21:35,102] Trial 271 finished with value: 0.9774974584579468 and parameters: {'hidden_size': 163, 'n_layers': 1, 'rnn_dropout': 0.38297407182551846, 'bidirectional': True, 'fc_dropout': 0.5113794684941662, 'learning_rate_model': 0.0010773589312286745}. Best is trial 235 with value: 0.9706074595451355.
Epoch 27: reducing lr to 0.00010630755483734227
Epoch 33: reducing lr to 0.00010304223659375145
Epoch 40: reducing lr to 9.531186425750516e-05
Epoch 43: reducing lr to 9.085222177172966e-05
Epoch 46: reducing lr to 8.580113321395874e-05
Epoch 55: reducing lr to 6.793477431441805e-05
Epoch 64: reducing lr to 4.801995265865242e-05
Epoch 72: reducing lr to 3.085967766119999e-05
Epoch 75: reducing lr to 2.4973868896314555e-05
Epoch 78: reducing lr to 1.953556696228573e-05
Epoch 81: reducing lr to 1.463052103510789e-05
Epoch 86: reducing lr to 7.846250630892302e-06
Epoch 89: reducing lr to 4.714786988084096e-06
Epoch 92: reducing lr to 2.3503154010061237e-06
Epoch 95: reducing lr to 7.901319654189448e-07
Epoch 98: reducing lr to 5.883755365299753e-08
[I 2024-06-21 00:21:52,164] Trial 272 finished with value: 0.9776028990745544 and parameters: {'hidden_size': 163, 'n_layers': 1, 'rnn_dropout': 0.3958919829683727, 'bidirectional': True, 'fc_dropout': 0.5073237857161844, 'learning_rate_model': 0.001066976757562442}. Best is trial 235 with value: 0.9706074595451355.
Epoch 27: reducing lr to 0.00010516325164734646
Epoch 40: reducing lr to 9.428591957764501e-05
Epoch 44: reducing lr to 8.82699990288806e-05
Epoch 48: reducing lr to 8.125994726800651e-05
Epoch 55: reducing lr to 6.720351886339599e-05
Epoch 64: reducing lr to 4.7503061972051455e-05
Epoch 72: reducing lr to 3.052750157414782e-05
Epoch 75: reducing lr to 2.4705048134814448e-05
Epoch 78: reducing lr to 1.9325284526314702e-05
Epoch 81: reducing lr to 1.4473036913519455e-05
Epoch 86: reducing lr to 7.761792949214134e-06
Epoch 89: reducing lr to 4.664036636438168e-06
Epoch 92: reducing lr to 2.325016414353844e-06
Epoch 95: reducing lr to 7.816269205053548e-07
Epoch 98: reducing lr to 5.82042214270764e-08
[I 2024-06-21 00:22:09,361] Trial 273 finished with value: 0.9773217439651489 and parameters: {'hidden_size': 164, 'n_layers': 1, 'rnn_dropout': 0.4157522152600995, 'bidirectional': True, 'fc_dropout': 0.5139821129942365, 'learning_rate_model': 0.001055491732728617}. Best is trial 235 with value: 0.9706074595451355.
Epoch 27: reducing lr to 0.00010884362574558045
Epoch 33: reducing lr to 0.00010550041013508676
Epoch 40: reducing lr to 9.758562219054432e-05
Epoch 43: reducing lr to 9.301959056256138e-05
Epoch 48: reducing lr to 8.410378292793759e-05
Epoch 55: reducing lr to 6.955542493572274e-05
Epoch 61: reducing lr to 5.602010935774524e-05
Epoch 64: reducing lr to 4.916551569167409e-05
Epoch 72: reducing lr to 3.15958655160888e-05
Epoch 75: reducing lr to 2.556964501468174e-05
Epoch 78: reducing lr to 2.0001607058164114e-05
Epoch 81: reducing lr to 1.4979546453162864e-05
Epoch 86: reducing lr to 8.033430629474699e-06
Epoch 89: reducing lr to 4.827262852450612e-06
Epoch 92: reducing lr to 2.406384478343066e-06
Epoch 95: reducing lr to 8.089813378293507e-07
Epoch 98: reducing lr to 6.024118115962631e-08
[I 2024-06-21 00:22:26,167] Trial 274 finished with value: 0.977105438709259 and parameters: {'hidden_size': 162, 'n_layers': 1, 'rnn_dropout': 0.3859774119203427, 'bidirectional': True, 'fc_dropout': 0.5107605760874179, 'learning_rate_model': 0.0010924305338134398}. Best is trial 235 with value: 0.9706074595451355.
Epoch 27: reducing lr to 0.00010158379918228902
Epoch 33: reducing lr to 9.846357472382299e-05
Epoch 38: reducing lr to 9.357011775970996e-05
Epoch 41: reducing lr to 8.972334323165362e-05
Epoch 44: reducing lr to 8.526554394913395e-05
Epoch 48: reducing lr to 7.849409404454124e-05
Epoch 55: reducing lr to 6.491610574628563e-05
Epoch 64: reducing lr to 4.58861953422155e-05
Epoch 72: reducing lr to 2.948843384801798e-05
Epoch 75: reducing lr to 2.386415985815611e-05
Epoch 78: reducing lr to 1.8667507819603306e-05
Epoch 81: reducing lr to 1.3980416660289846e-05
Epoch 86: reducing lr to 7.497604000411963e-06
Epoch 89: reducing lr to 4.505286339410444e-06
Epoch 92: reducing lr to 2.2458795903654988e-06
Epoch 95: reducing lr to 7.550226042301245e-07
Epoch 98: reducing lr to 5.6223118326910114e-08
[I 2024-06-21 00:22:42,874] Trial 275 finished with value: 0.9778475761413574 and parameters: {'hidden_size': 162, 'n_layers': 1, 'rnn_dropout': 0.38386734126149064, 'bidirectional': True, 'fc_dropout': 0.5118235988643999, 'learning_rate_model': 0.0010195658515355116}. Best is trial 235 with value: 0.9706074595451355.
Epoch 27: reducing lr to 0.00011110595361579661
Epoch 33: reducing lr to 0.00010769324886618291
Epoch 36: reducing lr to 0.00010474149055830881
Epoch 40: reducing lr to 9.961395110095843e-05
Epoch 43: reducing lr to 9.495301395565634e-05
Epoch 48: reducing lr to 8.585189018552966e-05
Epoch 55: reducing lr to 7.100114282024666e-05
Epoch 61: reducing lr to 5.718449407779147e-05
Epoch 64: reducing lr to 5.018742685680579e-05
Epoch 72: reducing lr to 3.225258938623745e-05
Epoch 75: reducing lr to 2.6101113165912415e-05
Epoch 78: reducing lr to 2.041734286985572e-05
Epoch 81: reducing lr to 1.5290898130324016e-05
Epoch 86: reducing lr to 8.200406452652334e-06
Epoch 89: reducing lr to 4.927598092232914e-06
Epoch 92: reducing lr to 2.4564014695496694e-06
Epoch 95: reducing lr to 8.257961123696051e-07
Epoch 98: reducing lr to 6.14933013654527e-08
[I 2024-06-21 00:22:59,611] Trial 276 finished with value: 0.9769642353057861 and parameters: {'hidden_size': 162, 'n_layers': 1, 'rnn_dropout': 0.3926163924103288, 'bidirectional': True, 'fc_dropout': 0.5131694095155419, 'learning_rate_model': 0.0011151368340307645}. Best is trial 235 with value: 0.9706074595451355.
Epoch 27: reducing lr to 0.00010239676123647936
Epoch 40: reducing lr to 9.180557508177451e-05
Epoch 43: reducing lr to 8.750999187967074e-05
Epoch 48: reducing lr to 7.912227216398477e-05
Epoch 55: reducing lr to 6.543562097511494e-05
Epoch 64: reducing lr to 4.625341665038342e-05
Epoch 72: reducing lr to 2.972442598405654e-05
Epoch 75: reducing lr to 2.4055141654229707e-05
Epoch 78: reducing lr to 1.8816901479082477e-05
Epoch 81: reducing lr to 1.4092300133226225e-05
Epoch 84: reducing lr to 9.95586132216395e-06
Epoch 87: reducing lr to 6.472802240792426e-06
Epoch 90: reducing lr to 3.698073440151859e-06
Epoch 93: reducing lr to 1.6754201474637438e-06
Epoch 96: reducing lr to 4.367467727056868e-07
Epoch 99: reducing lr to 1.584269197297053e-09
[I 2024-06-21 00:23:16,240] Trial 277 finished with value: 0.9780463576316833 and parameters: {'hidden_size': 161, 'n_layers': 1, 'rnn_dropout': 0.38404129886497734, 'bidirectional': True, 'fc_dropout': 0.5135135767531711, 'learning_rate_model': 0.001027725305658302}. Best is trial 235 with value: 0.9706074595451355.
Epoch 27: reducing lr to 0.00010996220739432203
Epoch 40: reducing lr to 9.858850578079265e-05
Epoch 44: reducing lr to 9.229805837936249e-05
Epoch 48: reducing lr to 8.49681141878392e-05
Epoch 55: reducing lr to 7.027024329435943e-05
Epoch 64: reducing lr to 4.967078775723514e-05
Epoch 72: reducing lr to 3.1920574979783227e-05
Epoch 75: reducing lr to 2.583242324797135e-05
Epoch 78: reducing lr to 2.020716278499097e-05
Epoch 81: reducing lr to 1.5133490661233862e-05
Epoch 84: reducing lr to 1.0691436665351142e-05
Epoch 87: reducing lr to 6.951036476443551e-06
Epoch 90: reducing lr to 3.971300592665069e-06
Epoch 93: reducing lr to 1.7992062981616978e-06
Epoch 96: reducing lr to 4.690152170745959e-07
Epoch 99: reducing lr to 1.7013207833640673e-09
[I 2024-06-21 00:23:32,790] Trial 278 finished with value: 0.9775230884552002 and parameters: {'hidden_size': 161, 'n_layers': 1, 'rnn_dropout': 0.37960536907098924, 'bidirectional': True, 'fc_dropout': 0.5129527044937888, 'learning_rate_model': 0.0011036573993214395}. Best is trial 235 with value: 0.9706074595451355.
Epoch 27: reducing lr to 0.00010191890867498386
Epoch 33: reducing lr to 9.878839107091994e-05
Epoch 38: reducing lr to 9.387879133705457e-05
Epoch 41: reducing lr to 9.001932688529992e-05
Epoch 44: reducing lr to 8.554682200141344e-05
Epoch 48: reducing lr to 7.87530341141837e-05
Epoch 55: reducing lr to 6.5130254099069e-05
Epoch 64: reducing lr to 4.603756691688199e-05
Epoch 72: reducing lr to 2.9585711703214576e-05
Epoch 75: reducing lr to 2.3942884089460998e-05
Epoch 78: reducing lr to 1.8729089086750824e-05
Epoch 81: reducing lr to 1.402653592706668e-05
Epoch 86: reducing lr to 7.5223374548922066e-06
Epoch 89: reducing lr to 4.520148593350516e-06
Epoch 92: reducing lr to 2.2532884053167063e-06
Epoch 95: reducing lr to 7.575133088888767e-07
Epoch 98: reducing lr to 5.640858983723893e-08
[I 2024-06-21 00:23:49,468] Trial 279 finished with value: 0.9778062701225281 and parameters: {'hidden_size': 162, 'n_layers': 1, 'rnn_dropout': 0.3836838229370212, 'bidirectional': True, 'fc_dropout': 0.5187076197341137, 'learning_rate_model': 0.001022929244104281}. Best is trial 235 with value: 0.9706074595451355.
Epoch 27: reducing lr to 9.995666117978305e-05
Epoch 33: reducing lr to 9.688641551551043e-05
Epoch 40: reducing lr to 8.961786146410717e-05
Epoch 43: reducing lr to 8.542464139037218e-05
Epoch 46: reducing lr to 8.067530867991053e-05
Epoch 55: reducing lr to 6.387629956178831e-05
Epoch 64: reducing lr to 4.5151204400424173e-05
Epoch 72: reducing lr to 2.901609719852535e-05
Epoch 75: reducing lr to 2.3481911096880667e-05
Epoch 78: reducing lr to 1.8368497429857522e-05
Epoch 81: reducing lr to 1.3756482652879826e-05
Epoch 86: reducing lr to 7.377509689163392e-06
Epoch 89: reducing lr to 4.433122050675087e-06
Epoch 92: reducing lr to 2.209905782928176e-06
Epoch 95: reducing lr to 7.429288847395857e-07
Epoch 98: reducing lr to 5.532255373701719e-08
[I 2024-06-21 00:24:06,457] Trial 280 finished with value: 0.9783230423927307 and parameters: {'hidden_size': 163, 'n_layers': 1, 'rnn_dropout': 0.3722493962405158, 'bidirectional': True, 'fc_dropout': 0.505528926069243, 'learning_rate_model': 0.0010032347598019388}. Best is trial 235 with value: 0.9706074595451355.
Epoch 38: reducing lr to 4.422833865827475e-05
Epoch 50: reducing lr to 3.5359281683197145e-05
Epoch 55: reducing lr to 3.0684278037313394e-05
Epoch 61: reducing lr to 2.4713192577031238e-05
Epoch 64: reducing lr to 2.168929820679481e-05
Epoch 67: reducing lr to 1.8703354947499293e-05
Epoch 73: reducing lr to 1.3032391485186321e-05
Epoch 76: reducing lr to 1.0436792897297901e-05
Epoch 79: reducing lr to 8.056618871723733e-06
Epoch 82: reducing lr to 5.929399130772739e-06
Epoch 85: reducing lr to 4.088687467857329e-06
Epoch 88: reducing lr to 2.563505533054286e-06
Epoch 91: reducing lr to 1.3779153895661248e-06
Epoch 94: reducing lr to 5.506084791426929e-07
Epoch 97: reducing lr to 9.463436343791314e-08
