[I 2024-06-21 01:01:52,272] Trial 409 finished with value: 0.9811692833900452 and parameters: {'hidden_size': 143, 'n_layers': 1, 'rnn_dropout': 0.42946727448910693, 'bidirectional': True, 'fc_dropout': 0.6513302038571396, 'learning_rate_model': 0.001685739019974551}. Best is trial 235 with value: 0.9706074595451355.
Epoch 40: reducing lr to 4.974983663404892e-05
Epoch 50: reducing lr to 4.086244567382759e-05
Epoch 55: reducing lr to 3.545984490222736e-05
Epoch 61: reducing lr to 2.8559445809829857e-05
Epoch 64: reducing lr to 2.5064925741966113e-05
Epoch 67: reducing lr to 2.1614263330006665e-05
Epoch 72: reducing lr to 1.6107794493204627e-05
Epoch 75: reducing lr to 1.3035584891667574e-05
Epoch 78: reducing lr to 1.0196959974484064e-05
Epoch 81: reducing lr to 7.636678151642798e-06
Epoch 84: reducing lr to 5.39512414020302e-06
Epoch 87: reducing lr to 3.5076394190341164e-06
Epoch 90: reducing lr to 2.004001928471058e-06
Epoch 93: reducing lr to 9.079173955990182e-07
Epoch 96: reducing lr to 2.3667495762867394e-07
Epoch 99: reducing lr to 8.585223030209941e-10
[I 2024-06-21 01:02:07,257] Trial 410 finished with value: 0.983313798904419 and parameters: {'hidden_size': 143, 'n_layers': 1, 'rnn_dropout': 0.4668514172499382, 'bidirectional': True, 'fc_dropout': 0.6578728413071202, 'learning_rate_model': 0.0005569287705636171}. Best is trial 235 with value: 0.9706074595451355.
Epoch 38: reducing lr to 3.220581032978964e-05
Epoch 55: reducing lr to 2.2343413036866556e-05
Epoch 61: reducing lr to 1.7995439506080696e-05
Epoch 65: reducing lr to 1.5063989877601862e-05
Epoch 68: reducing lr to 1.2906582952575587e-05
Epoch 73: reducing lr to 9.48981447298723e-06
Epoch 76: reducing lr to 7.599773871198428e-06
Epoch 79: reducing lr to 5.866599269913877e-06
Epoch 82: reducing lr to 4.317618738762172e-06
Epoch 85: reducing lr to 2.977265189746506e-06
Epoch 88: reducing lr to 1.8666713578097843e-06
Epoch 91: reducing lr to 1.0033585486838594e-06
Epoch 94: reducing lr to 4.009373352739697e-07
Epoch 97: reducing lr to 6.891003487854942e-08
[I 2024-06-21 01:02:21,946] Trial 411 finished with value: 0.9831280708312988 and parameters: {'hidden_size': 145, 'n_layers': 1, 'rnn_dropout': 0.42099091204929034, 'bidirectional': True, 'fc_dropout': 0.6725873755306445, 'learning_rate_model': 0.00035092340609858537}. Best is trial 235 with value: 0.9706074595451355.
Epoch 27: reducing lr to 0.00012738306069956732
Epoch 33: reducing lr to 0.00012347039209700976
Epoch 36: reducing lr to 0.00012008619894204531
Epoch 39: reducing lr to 0.0001158163235034732
Epoch 44: reducing lr to 0.00010692045432326991
Epoch 47: reducing lr to 0.00010065245913757725
Epoch 55: reducing lr to 8.140286448452066e-05
Epoch 61: reducing lr to 6.556206614610887e-05
Epoch 64: reducing lr to 5.7539923231860474e-05
Epoch 72: reducing lr to 3.697761837058916e-05
Epoch 75: reducing lr to 2.9924946184584903e-05
Epoch 78: reducing lr to 2.3408499198056807e-05
Epoch 81: reducing lr to 1.753102638785177e-05
Epoch 84: reducing lr to 1.2385236327825191e-05
Epoch 87: reducing lr to 8.052260157242313e-06
Epoch 90: reducing lr to 4.600457161046435e-06
Epoch 93: reducing lr to 2.0842470383293815e-06
Epoch 96: reducing lr to 5.433193392652804e-07
Epoch 99: reducing lr to 1.970853930207371e-09
[I 2024-06-21 01:02:35,675] Trial 412 finished with value: 0.9786843061447144 and parameters: {'hidden_size': 134, 'n_layers': 1, 'rnn_dropout': 0.45407580871497666, 'bidirectional': True, 'fc_dropout': 0.5971366447865704, 'learning_rate_model': 0.001278505232121676}. Best is trial 235 with value: 0.9706074595451355.
Epoch 27: reducing lr to 9.24697077816425e-05
Epoch 33: reducing lr to 8.962942964467564e-05
Epoch 40: reducing lr to 8.290530479701341e-05
Epoch 43: reducing lr to 7.902616527488603e-05
Epoch 48: reducing lr to 7.145160938368379e-05
Epoch 51: reducing lr to 6.635808107836554e-05
Epoch 55: reducing lr to 5.909183725162162e-05
Epoch 64: reducing lr to 4.176928908606726e-05
Epoch 72: reducing lr to 2.684273361317568e-05
Epoch 75: reducing lr to 2.172306909469118e-05
Epoch 78: reducing lr to 1.6992660315772085e-05
Epoch 81: reducing lr to 1.2726094649431069e-05
Epoch 84: reducing lr to 8.990670955392317e-06
Epoch 87: reducing lr to 5.845283820570717e-06
Epoch 90: reducing lr to 3.3395565078094535e-06
Epoch 93: reducing lr to 1.5129932780750437e-06
Epoch 96: reducing lr to 3.944055061800254e-07
Epoch 99: reducing lr to 1.4306791342984584e-09
[I 2024-06-21 01:02:56,657] Trial 413 finished with value: 0.9799507856369019 and parameters: {'hidden_size': 189, 'n_layers': 1, 'rnn_dropout': 0.44691996358048075, 'bidirectional': True, 'fc_dropout': 0.6466136119449369, 'learning_rate_model': 0.0009280904742147866}. Best is trial 235 with value: 0.9706074595451355.
Epoch 33: reducing lr to 0.00010824138494127433
Epoch 36: reducing lr to 0.00010527460280200381
Epoch 39: reducing lr to 0.00010153137964422323
Epoch 42: reducing lr to 9.707074882974293e-05
Epoch 45: reducing lr to 9.19630571941901e-05
Epoch 48: reducing lr to 8.628885832068128e-05
Epoch 51: reducing lr to 8.013763589082862e-05
Epoch 54: reducing lr to 7.360640329894201e-05
Epoch 57: reducing lr to 6.679814192358742e-05
Epoch 60: reducing lr to 5.9820252304388854e-05
Epoch 63: reducing lr to 5.2782754296112154e-05
Epoch 66: reducing lr to 4.5796654180696125e-05
Epoch 69: reducing lr to 3.8972096260402805e-05
Epoch 72: reducing lr to 3.2416748309325335e-05
Epoch 75: reducing lr to 2.6233962363767514e-05
Epoch 78: reducing lr to 2.0521262867648583e-05
Epoch 81: reducing lr to 1.536872559837816e-05
Epoch 84: reducing lr to 1.0857624327421629e-05
Epoch 87: reducing lr to 7.059083368282756e-06
Epoch 90: reducing lr to 4.033030478136214e-06
Epoch 93: reducing lr to 1.827173155903388e-06
Epoch 96: reducing lr to 4.7630558831662265e-07
Epoch 99: reducing lr to 1.727766108937552e-09
[I 2024-06-21 01:04:30,426] Trial 414 finished with value: 0.990432858467102 and parameters: {'hidden_size': 148, 'n_layers': 4, 'rnn_dropout': 0.4926423300232585, 'bidirectional': True, 'fc_dropout': 0.6086665566242658, 'learning_rate_model': 0.0011208126468958308}. Best is trial 235 with value: 0.9706074595451355.
Epoch 33: reducing lr to 6.800667708869795e-05
Epoch 38: reducing lr to 6.462687142412302e-05
Epoch 41: reducing lr to 6.19699868462847e-05
Epoch 44: reducing lr to 5.8891080588992425e-05
Epoch 49: reducing lr to 5.295632103407841e-05
Epoch 55: reducing lr to 4.483616051647661e-05
Epoch 61: reducing lr to 3.6111153337580284e-05
Epoch 64: reducing lr to 3.16926099648498e-05
Epoch 67: reducing lr to 2.7329521118370724e-05
Epoch 72: reducing lr to 2.0367028154101595e-05
Epoch 75: reducing lr to 1.6482462860187307e-05
Epoch 78: reducing lr to 1.2893246867172199e-05
Epoch 81: reducing lr to 9.655973633382113e-06
Epoch 84: reducing lr to 6.821706429439747e-06
Epoch 87: reducing lr to 4.435131751404141e-06
Epoch 90: reducing lr to 2.5339014422652835e-06
Epoch 93: reducing lr to 1.147989513124528e-06
Epoch 96: reducing lr to 2.9925670627519535e-07
Epoch 99: reducing lr to 1.0855333375464974e-09
[I 2024-06-21 01:04:45,196] Trial 415 finished with value: 0.9826799631118774 and parameters: {'hidden_size': 142, 'n_layers': 1, 'rnn_dropout': 0.5167946392127584, 'bidirectional': True, 'fc_dropout': 0.6671217054931814, 'learning_rate_model': 0.0007041922439899284}. Best is trial 235 with value: 0.9706074595451355.
Epoch 27: reducing lr to 0.00015302033326597178
Epoch 33: reducing lr to 0.0001483201961344364
Epoch 36: reducing lr to 0.0001442548960736188
Epoch 40: reducing lr to 0.00013719300810934845
Epoch 46: reducing lr to 0.00012350315101393076
Epoch 61: reducing lr to 7.875716878042749e-05
Epoch 64: reducing lr to 6.912047944745002e-05
Epoch 67: reducing lr to 5.9604734506438975e-05
Epoch 72: reducing lr to 4.441977964240178e-05
Epoch 75: reducing lr to 3.594767791717068e-05
Epoch 78: reducing lr to 2.8119722739202876e-05
Epoch 81: reducing lr to 2.105934247168496e-05
Epoch 84: reducing lr to 1.4877904330870464e-05
Epoch 87: reducing lr to 9.672868009597989e-06
Epoch 90: reducing lr to 5.526350867164718e-06
Epoch 93: reducing lr to 2.503725178703122e-06
Epoch 96: reducing lr to 6.526684624127542e-07
Epoch 99: reducing lr to 2.3675104331849496e-09
[I 2024-06-21 01:05:00,326] Trial 416 finished with value: 0.9783706068992615 and parameters: {'hidden_size': 148, 'n_layers': 1, 'rnn_dropout': 0.4173105032854424, 'bidirectional': True, 'fc_dropout': 0.6233718394504141, 'learning_rate_model': 0.0015358187786283265}. Best is trial 235 with value: 0.9706074595451355.
Epoch 27: reducing lr to 9.575462180990153e-05
Epoch 33: reducing lr to 9.281344501411861e-05
Epoch 38: reducing lr to 8.820078901273364e-05
Epoch 41: reducing lr to 8.457475372869183e-05
Epoch 44: reducing lr to 8.037275608892898e-05
Epoch 48: reducing lr to 7.398987190918453e-05
Epoch 51: reducing lr to 6.87153999955769e-05
Epoch 55: reducing lr to 6.119102854139865e-05
Epoch 64: reducing lr to 4.325311040399802e-05
Epoch 72: reducing lr to 2.779630072523966e-05
Epoch 75: reducing lr to 2.2494764129939877e-05
Epoch 78: reducing lr to 1.759631127983193e-05
Epoch 81: reducing lr to 1.3178179206003733e-05
Epoch 84: reducing lr to 9.310057507522121e-06
Epoch 87: reducing lr to 6.052932955427832e-06
Epoch 90: reducing lr to 3.458191640155414e-06
Epoch 93: reducing lr to 1.5667411806373206e-06
Epoch 96: reducing lr to 4.0841645323667996e-07
Epoch 99: reducing lr to 1.4815028913069476e-09
[I 2024-06-21 01:05:20,241] Trial 417 finished with value: 0.9791710376739502 and parameters: {'hidden_size': 181, 'n_layers': 1, 'rnn_dropout': 0.40444679245883225, 'bidirectional': True, 'fc_dropout': 6.767173423821715e-06, 'learning_rate_model': 0.0009610601622497148}. Best is trial 235 with value: 0.9706074595451355.
Epoch 27: reducing lr to 0.00012489698258495897
Epoch 36: reducing lr to 0.00011774253040859378
Epoch 40: reducing lr to 0.00011197853500180464
Epoch 44: reducing lr to 0.00010483373572789888
Epoch 48: reducing lr to 9.650825796848573e-05
Epoch 55: reducing lr to 7.981416125545715e-05
Epoch 61: reducing lr to 6.428252067986541e-05
Epoch 64: reducing lr to 5.6416942334107105e-05
Epoch 67: reducing lr to 4.865008021314569e-05
Epoch 72: reducing lr to 3.6255942762728884e-05
Epoch 75: reducing lr to 2.934091441943685e-05
Epoch 78: reducing lr to 2.2951646008688323e-05
Epoch 81: reducing lr to 1.7188881201591482e-05
Epoch 84: reducing lr to 1.2143519220308985e-05
Epoch 87: reducing lr to 7.895107804016424e-06
Epoch 90: reducing lr to 4.5106721001249855e-06
Epoch 93: reducing lr to 2.0435697228451045e-06
Epoch 96: reducing lr to 5.327156191852704e-07
Epoch 99: reducing lr to 1.9323896572080375e-09
[I 2024-06-21 01:05:38,427] Trial 418 finished with value: 0.9776156544685364 and parameters: {'hidden_size': 171, 'n_layers': 1, 'rnn_dropout': 0.4288857549952394, 'bidirectional': True, 'fc_dropout': 0.5894743037666187, 'learning_rate_model': 0.0012535532184117341}. Best is trial 235 with value: 0.9706074595451355.
Epoch 27: reducing lr to 0.0001561915815604359
Epoch 33: reducing lr to 0.00015139403710044948
Epoch 36: reducing lr to 0.0001472444863024312
Epoch 40: reducing lr to 0.0001400362452379917
Epoch 46: reducing lr to 0.00012606267463183529
Epoch 61: reducing lr to 8.038936060644867e-05
Epoch 64: reducing lr to 7.055295706582817e-05
Epoch 67: reducing lr to 6.084000441215134e-05
Epoch 72: reducing lr to 4.5340351094736776e-05
Epoch 75: reducing lr to 3.6692670493331314e-05
Epoch 78: reducing lr to 2.8702485963371934e-05
Epoch 81: reducing lr to 2.1495783841733403e-05
Epoch 84: reducing lr to 1.5186239358820413e-05
Epoch 87: reducing lr to 9.873331997117211e-06
Epoch 90: reducing lr to 5.640880945540937e-06
Epoch 93: reducing lr to 2.5556132777113018e-06
Epoch 96: reducing lr to 6.661945978230031e-07
Epoch 99: reducing lr to 2.416575568950016e-09
[I 2024-06-21 01:05:53,043] Trial 419 finished with value: 0.9795729517936707 and parameters: {'hidden_size': 145, 'n_layers': 1, 'rnn_dropout': 0.44152783985270155, 'bidirectional': True, 'fc_dropout': 0.606368415434147, 'learning_rate_model': 0.001567647638090196}. Best is trial 235 with value: 0.9706074595451355.
Epoch 33: reducing lr to 4.05518616019887e-05
Epoch 38: reducing lr to 3.85365093245542e-05
Epoch 41: reducing lr to 3.6952229364037455e-05
Epoch 50: reducing lr to 3.0808828222606776e-05
Epoch 55: reducing lr to 2.6735459720481996e-05
Epoch 61: reducing lr to 2.1532804646870665e-05
Epoch 64: reducing lr to 1.8898061015746706e-05
Epoch 67: reducing lr to 1.629638449464809e-05
Epoch 73: reducing lr to 1.1355228146155155e-05
Epoch 76: reducing lr to 9.093662095533263e-06
Epoch 79: reducing lr to 7.019797209056454e-06
Epoch 82: reducing lr to 5.166333437425579e-06
Epoch 85: reducing lr to 3.5625064723246846e-06
Epoch 88: reducing lr to 2.2336031122799185e-06
Epoch 91: reducing lr to 1.2005888276458455e-06
Epoch 94: reducing lr to 4.797496228516139e-07
Epoch 97: reducing lr to 8.245568655032716e-08
[I 2024-06-21 01:06:12,525] Trial 420 finished with value: 0.9829869270324707 and parameters: {'hidden_size': 184, 'n_layers': 1, 'rnn_dropout': 0.47404050112442403, 'bidirectional': True, 'fc_dropout': 0.639017333630696, 'learning_rate_model': 0.00041990445117953305}. Best is trial 235 with value: 0.9706074595451355.
Epoch 55: reducing lr to 1.7136434927832993e-05
Epoch 65: reducing lr to 1.1553431065572837e-05
Epoch 68: reducing lr to 9.898792925796778e-06
Epoch 73: reducing lr to 7.278278744846561e-06
Epoch 76: reducing lr to 5.828699053056635e-06
Epoch 79: reducing lr to 4.499428823639132e-06
Epoch 87: reducing lr to 1.6951127344272355e-06
Epoch 90: reducing lr to 9.684602044138973e-07
Epoch 93: reducing lr to 4.3876298422706885e-07
[I 2024-06-21 01:06:27,079] Trial 421 finished with value: 0.9844753742218018 and parameters: {'hidden_size': 141, 'n_layers': 1, 'rnn_dropout': 0.4052951184922533, 'bidirectional': True, 'fc_dropout': 0.5812864397040678, 'learning_rate_model': 0.00026914312971521135}. Best is trial 235 with value: 0.9706074595451355.
Epoch 33: reducing lr to 8.052177321354439e-05
Epoch 40: reducing lr to 7.448091745679709e-05
Epoch 43: reducing lr to 7.099595504988756e-05
Epoch 49: reducing lr to 6.270173834501864e-05
Epoch 52: reducing lr to 5.8023291842698875e-05
Epoch 55: reducing lr to 5.308724530335563e-05
Epoch 64: reducing lr to 3.75249205134162e-05
Epoch 72: reducing lr to 2.411512063616166e-05
Epoch 75: reducing lr to 1.9515688653596013e-05
Epoch 78: reducing lr to 1.5265958353921954e-05
Epoch 81: reducing lr to 1.1432937945917886e-05
Epoch 84: reducing lr to 8.0770877442564e-06
Epoch 87: reducing lr to 5.251317787413319e-06
Epoch 90: reducing lr to 3.000208891451128e-06
Epoch 93: reducing lr to 1.3592511086341964e-06
Epoch 96: reducing lr to 3.543281581585688e-07
Epoch 99: reducing lr to 1.285301281627859e-09
[I 2024-06-21 01:06:43,149] Trial 422 finished with value: 0.9809772372245789 and parameters: {'hidden_size': 151, 'n_layers': 1, 'rnn_dropout': 0.32493941781540275, 'bidirectional': True, 'fc_dropout': 0.6536670437192575, 'learning_rate_model': 0.0008337829548022041}. Best is trial 235 with value: 0.9706074595451355.
Epoch 27: reducing lr to 0.00010977605298705183
Epoch 33: reducing lr to 0.00010640419715727121
Epoch 38: reducing lr to 0.00010111610599208091
Epoch 41: reducing lr to 9.695910725979903e-05
Epoch 44: reducing lr to 9.214180751138756e-05
Epoch 48: reducing lr to 8.482427214148244e-05
Epoch 55: reducing lr to 7.015128319161899e-05
Epoch 61: reducing lr to 5.65000150543587e-05
Epoch 64: reducing lr to 4.9586700357821314e-05
Epoch 72: reducing lr to 3.1866536816527925e-05
Epoch 75: reducing lr to 2.5788691682808832e-05
Epoch 78: reducing lr to 2.0172954191875303e-05
Epoch 81: reducing lr to 1.5107871259343632e-05
Epoch 84: reducing lr to 1.0673337191882313e-05
Epoch 87: reducing lr to 6.939269105581797e-06
Epoch 90: reducing lr to 3.964577600052972e-06
Epoch 93: reducing lr to 1.7961604318597266e-06
Epoch 96: reducing lr to 4.6822122383087355e-07
Epoch 99: reducing lr to 1.6984406268991808e-09
[I 2024-06-21 01:06:58,908] Trial 423 finished with value: 0.9788810014724731 and parameters: {'hidden_size': 154, 'n_layers': 1, 'rnn_dropout': 0.41169954329581415, 'bidirectional': True, 'fc_dropout': 0.6754605296691265, 'learning_rate_model': 0.0011017890238689233}. Best is trial 235 with value: 0.9706074595451355.
Epoch 27: reducing lr to 0.00013617465524273212
Epoch 36: reducing lr to 0.00012837418610085811
Epoch 40: reducing lr to 0.00012208972613156878
Epoch 46: reducing lr to 0.00010990695583887504
Epoch 61: reducing lr to 7.008696215507011e-05
Epoch 64: reducing lr to 6.151115513915806e-05
Epoch 67: reducing lr to 5.3042978008294967e-05
Epoch 72: reducing lr to 3.952970203148368e-05
Epoch 75: reducing lr to 3.199027568864972e-05
Epoch 78: reducing lr to 2.5024083190803604e-05
Epoch 81: reducing lr to 1.8740964939187266e-05
Epoch 84: reducing lr to 1.3240027973727954e-05
Epoch 87: reducing lr to 8.608002860155698e-06
Epoch 90: reducing lr to 4.917966835025068e-06
Epoch 93: reducing lr to 2.228095480878581e-06
Epoch 96: reducing lr to 5.808176009026306e-07
Epoch 99: reducing lr to 2.106876322537088e-09
[I 2024-06-21 01:07:17,648] Trial 424 finished with value: 0.9794604182243347 and parameters: {'hidden_size': 177, 'n_layers': 1, 'rnn_dropout': 0.37289008029266935, 'bidirectional': True, 'fc_dropout': 0.6299658346723745, 'learning_rate_model': 0.001366743806076484}. Best is trial 235 with value: 0.9706074595451355.
Epoch 23: reducing lr to 0.00019503251427092246
Epoch 27: reducing lr to 0.00019523140246860751
Epoch 30: reducing lr to 0.0001929822221580247
Epoch 33: reducing lr to 0.00018923471990754236
Epoch 36: reducing lr to 0.00018404799592524902
Epoch 39: reducing lr to 0.00017750384660381946
Epoch 42: reducing lr to 0.00016970547795538526
Epoch 45: reducing lr to 0.0001607758749523164
Epoch 48: reducing lr to 0.00015085586667534643
Epoch 51: reducing lr to 0.00014010189439169821
Epoch 54: reducing lr to 0.00012868356330837714
Epoch 57: reducing lr to 0.00011678091225562539
Epoch 60: reducing lr to 0.00010458170593217347
Epoch 63: reducing lr to 9.227828829603867e-05
Epoch 66: reducing lr to 8.006472784220623e-05
Epoch 69: reducing lr to 6.813358609600473e-05
Epoch 72: reducing lr to 5.6673094953068484e-05
Epoch 75: reducing lr to 4.586394125191528e-05
Epoch 78: reducing lr to 3.587662365014462e-05
Epoch 81: reducing lr to 2.6868618555858692e-05
Epoch 84: reducing lr to 1.8982014130507293e-05
Epoch 87: reducing lr to 1.2341154584503143e-05
Epoch 90: reducing lr to 7.050809570874881e-06
Epoch 93: reducing lr to 3.194384482123444e-06
Epoch 96: reducing lr to 8.327088076745797e-07
Epoch 99: reducing lr to 3.0205945338729336e-09
[I 2024-06-21 01:08:51,600] Trial 425 finished with value: 1.0554540157318115 and parameters: {'hidden_size': 148, 'n_layers': 4, 'rnn_dropout': 0.5072334430891039, 'bidirectional': True, 'fc_dropout': 0.5945533615370496, 'learning_rate_model': 0.001959478506481005}. Best is trial 235 with value: 0.9706074595451355.
Epoch 27: reducing lr to 6.526955198869114e-05
Epoch 40: reducing lr to 5.8518537923412856e-05
Epoch 50: reducing lr to 4.806469203902324e-05
Epoch 53: reducing lr to 4.431482946794374e-05
Epoch 56: reducing lr to 4.038265074600452e-05
Epoch 61: reducing lr to 3.3593216094108145e-05
Epoch 64: reducing lr to 2.948276631274232e-05
Epoch 67: reducing lr to 2.5423904357064167e-05
Epoch 72: reducing lr to 1.894688800380933e-05
Epoch 75: reducing lr to 1.5333183392100595e-05
Epoch 78: reducing lr to 1.1994234139092187e-05
Epoch 81: reducing lr to 8.982687587760979e-06
Epoch 84: reducing lr to 6.3460464990535106e-06
Epoch 87: reducing lr to 4.1258814953358884e-06
Epoch 90: reducing lr to 2.357219054053433e-06
Epoch 93: reducing lr to 1.0679431761053327e-06
Epoch 96: reducing lr to 2.783903108143407e-07
Epoch 99: reducing lr to 1.0098419079684201e-09
[I 2024-06-21 01:09:06,626] Trial 426 finished with value: 0.9831622242927551 and parameters: {'hidden_size': 143, 'n_layers': 1, 'rnn_dropout': 0.437058661509735, 'bidirectional': True, 'fc_dropout': 0.5455020543339734, 'learning_rate_model': 0.0006550907417163576}. Best is trial 235 with value: 0.9706074595451355.
Epoch 27: reducing lr to 0.0001023932052794978
Epoch 40: reducing lr to 9.180238692746458e-05
Epoch 43: reducing lr to 8.750695289911293e-05
Epoch 48: reducing lr to 7.911952446578902e-05
Epoch 55: reducing lr to 6.543334857655038e-05
Epoch 61: reducing lr to 5.270017897653906e-05
Epoch 64: reducing lr to 4.625181039684695e-05
Epoch 72: reducing lr to 2.9723393736758627e-05
Epoch 75: reducing lr to 2.405430628553371e-05
Epoch 78: reducing lr to 1.8816248020014253e-05
Epoch 81: reducing lr to 1.4091810746526484e-05
Epoch 84: reducing lr to 9.955515582570736e-06
Epoch 87: reducing lr to 6.472577458230549e-06
Epoch 90: reducing lr to 3.6979450162651213e-06
Epoch 93: reducing lr to 1.6753619647448797e-06
Epoch 96: reducing lr to 4.367316056953308e-07
Epoch 99: reducing lr to 1.5842141799999113e-09
