[I 2024-06-21 00:43:58,505] Trial 356 finished with value: 0.9804162383079529 and parameters: {'hidden_size': 170, 'n_layers': 1, 'rnn_dropout': 0.4241460904426822, 'bidirectional': True, 'fc_dropout': 0.516569978207381, 'learning_rate_model': 0.0008760869053438835}. Best is trial 235 with value: 0.9706074595451355.
Epoch 27: reducing lr to 0.00015516797931531325
Epoch 33: reducing lr to 0.00015040187558491833
Epoch 36: reducing lr to 0.00014627951888706006
Epoch 40: reducing lr to 0.00013911851706345052
Epoch 46: reducing lr to 0.0001252365223162613
Epoch 61: reducing lr to 7.986252856352643e-05
Epoch 64: reducing lr to 7.009058793856069e-05
Epoch 67: reducing lr to 6.0441289164585613e-05
Epoch 72: reducing lr to 4.5043212896176026e-05
Epoch 75: reducing lr to 3.6452204909198736e-05
Epoch 78: reducing lr to 2.8514384090151948e-05
Epoch 81: reducing lr to 2.135491112387469e-05
Epoch 84: reducing lr to 1.5086716269628554e-05
Epoch 87: reducing lr to 9.808627070653666e-06
Epoch 90: reducing lr to 5.6039134064287795e-06
Epoch 93: reducing lr to 2.538865054390964e-06
Epoch 96: reducing lr to 6.618286884749799e-07
Epoch 99: reducing lr to 2.4007385298913804e-09
[I 2024-06-21 00:44:13,681] Trial 357 finished with value: 0.9785348176956177 and parameters: {'hidden_size': 148, 'n_layers': 1, 'rnn_dropout': 0.40308879797482305, 'bidirectional': True, 'fc_dropout': 0.4958838445766089, 'learning_rate_model': 0.0015573740521140562}. Best is trial 235 with value: 0.9706074595451355.
Epoch 27: reducing lr to 0.00010999449915607958
Epoch 33: reducing lr to 0.00010661593358434261
Epoch 38: reducing lr to 0.00010131731951160488
Epoch 41: reducing lr to 9.715204866147022e-05
Epoch 44: reducing lr to 9.232516284536491e-05
Epoch 47: reducing lr to 8.691278707595993e-05
Epoch 55: reducing lr to 7.029087902011354e-05
Epoch 64: reducing lr to 4.96853741981822e-05
Epoch 72: reducing lr to 3.192994885128722e-05
Epoch 75: reducing lr to 2.584000925844632e-05
Epoch 78: reducing lr to 2.02130968681811e-05
Epoch 81: reducing lr to 1.5137934797874737e-05
Epoch 84: reducing lr to 1.0694576337915221e-05
Epoch 87: reducing lr to 6.953077734246421e-06
Epoch 90: reducing lr to 3.972466814184663e-06
Epoch 93: reducing lr to 1.799734657336274e-06
Epoch 96: reducing lr to 4.691529491919087e-07
Epoch 99: reducing lr to 1.7018203972559916e-09
[I 2024-06-21 00:44:27,698] Trial 358 finished with value: 0.9791218638420105 and parameters: {'hidden_size': 144, 'n_layers': 1, 'rnn_dropout': 0.36474669956260636, 'bidirectional': True, 'fc_dropout': 0.5517926667766078, 'learning_rate_model': 0.0011039815019622044}. Best is trial 235 with value: 0.9706074595451355.
Epoch 27: reducing lr to 0.00013173475200497768
Epoch 36: reducing lr to 0.0001241886130696849
Epoch 40: reducing lr to 0.00011810905462274895
Epoch 44: reducing lr to 0.00011057309706001865
Epoch 48: reducing lr to 0.00010179182208235294
Epoch 55: reducing lr to 8.418376907000758e-05
Epoch 61: reducing lr to 6.780181350063077e-05
Epoch 64: reducing lr to 5.950561617617294e-05
Epoch 67: reducing lr to 5.131353952079244e-05
Epoch 72: reducing lr to 3.824085682218824e-05
Epoch 75: reducing lr to 3.094724952233765e-05
Epoch 78: reducing lr to 2.4208186078505837e-05
Epoch 81: reducing lr to 1.812992560324166e-05
Epoch 84: reducing lr to 1.2808343803397322e-05
Epoch 87: reducing lr to 8.327343440080181e-06
Epoch 90: reducing lr to 4.757619104861348e-06
Epoch 93: reducing lr to 2.155449595916026e-06
Epoch 96: reducing lr to 5.618803475481229e-07
Epoch 99: reducing lr to 2.0381827246784833e-09
[I 2024-06-21 00:44:44,925] Trial 359 finished with value: 0.977989912033081 and parameters: {'hidden_size': 159, 'n_layers': 1, 'rnn_dropout': 0.3059328809242027, 'bidirectional': True, 'fc_dropout': 0.5329107335249503, 'learning_rate_model': 0.001322181840863771}. Best is trial 235 with value: 0.9706074595451355.
Epoch 33: reducing lr to 8.816340681348603e-05
Epoch 40: reducing lr to 8.154926504376508e-05
Epoch 43: reducing lr to 7.773357462677376e-05
Epoch 46: reducing lr to 7.341184025754223e-05
Epoch 49: reducing lr to 6.86522246717585e-05
Epoch 55: reducing lr to 5.812530223191603e-05
Epoch 64: reducing lr to 4.108609014476539e-05
Epoch 72: reducing lr to 2.6403680720789085e-05
Epoch 75: reducing lr to 2.136775594160544e-05
Epoch 78: reducing lr to 1.6714720044542758e-05
Epoch 81: reducing lr to 1.251794041502494e-05
Epoch 84: reducing lr to 8.843615139678996e-06
Epoch 87: reducing lr to 5.749675496723172e-06
Epoch 90: reducing lr to 3.284933086619517e-06
Epoch 93: reducing lr to 1.4882460193020326e-06
Epoch 96: reducing lr to 3.879544166316643e-07
Epoch 99: reducing lr to 1.407278245964174e-09
[I 2024-06-21 00:45:00,613] Trial 360 finished with value: 0.9797840118408203 and parameters: {'hidden_size': 153, 'n_layers': 1, 'rnn_dropout': 0.3321463419581508, 'bidirectional': True, 'fc_dropout': 0.5733246567776328, 'learning_rate_model': 0.0009129101720528473}. Best is trial 235 with value: 0.9706074595451355.
Epoch 27: reducing lr to 0.00017132207536209578
Epoch 36: reducing lr to 0.00016150826265369042
Epoch 40: reducing lr to 0.00015360174934143348
Epoch 46: reducing lr to 0.0001382745396893615
Epoch 52: reducing lr to 0.00011966124255594445
Epoch 57: reducing lr to 0.00010247915036890452
Epoch 61: reducing lr to 8.817678877782312e-05
Epoch 64: reducing lr to 7.738751926763437e-05
Epoch 67: reducing lr to 6.673365950197335e-05
Epoch 70: reducing lr to 5.6383298358722384e-05
Epoch 73: reducing lr to 4.649963486818834e-05
Epoch 76: reducing lr to 3.723852674859353e-05
Epoch 79: reducing lr to 2.874605449300258e-05
Epoch 82: reducing lr to 2.1156124329297937e-05
Epoch 85: reducing lr to 1.4588456352129385e-05
Epoch 88: reducing lr to 9.146599947147021e-06
Epoch 91: reducing lr to 4.916408670420326e-06
Epoch 94: reducing lr to 1.964573675105295e-06
Epoch 97: reducing lr to 3.3765585931394385e-07
[I 2024-06-21 00:45:17,782] Trial 361 finished with value: 0.9813954830169678 and parameters: {'hidden_size': 163, 'n_layers': 1, 'rnn_dropout': 0.3824690087773764, 'bidirectional': True, 'fc_dropout': 0.5103600718403564, 'learning_rate_model': 0.001719507825651794}. Best is trial 235 with value: 0.9706074595451355.
Epoch 27: reducing lr to 0.00011331654174690211
Epoch 36: reducing lr to 0.00010682544995316862
Epoch 40: reducing lr to 0.00010159589185957676
Epoch 44: reducing lr to 9.511355795175761e-05
Epoch 48: reducing lr to 8.75600179977743e-05
Epoch 55: reducing lr to 7.241379694458019e-05
Epoch 61: reducing lr to 5.8322249164514984e-05
Epoch 64: reducing lr to 5.118596677775389e-05
Epoch 67: reducing lr to 4.413924765326523e-05
Epoch 72: reducing lr to 3.2894293894181114e-05
Epoch 75: reducing lr to 2.662042656987932e-05
Epoch 78: reducing lr to 2.0823570748272483e-05
Epoch 81: reducing lr to 1.559512915324224e-05
Epoch 84: reducing lr to 1.1017572836448711e-05
Epoch 87: reducing lr to 7.163073875396083e-06
Epoch 90: reducing lr to 4.092442849791913e-06
Epoch 93: reducing lr to 1.8540900590129213e-06
Epoch 96: reducing lr to 4.833222584826749e-07
Epoch 99: reducing lr to 1.7532186024791716e-09
[I 2024-06-21 00:45:37,763] Trial 362 finished with value: 0.9773368835449219 and parameters: {'hidden_size': 185, 'n_layers': 1, 'rnn_dropout': 0.43728494007406615, 'bidirectional': True, 'fc_dropout': 0.5244952956015991, 'learning_rate_model': 0.001137323838143895}. Best is trial 235 with value: 0.9706074595451355.
Epoch 27: reducing lr to 0.00010822497332189968
Epoch 33: reducing lr to 0.00010490076009603028
Epoch 36: reducing lr to 0.00010202554095856589
Epoch 40: reducing lr to 9.703095873394751e-05
Epoch 43: reducing lr to 9.249087981117723e-05
Epoch 48: reducing lr to 8.362574841932327e-05
Epoch 55: reducing lr to 6.916008132306862e-05
Epoch 61: reducing lr to 5.570169864520576e-05
Epoch 64: reducing lr to 4.888606556094006e-05
Epoch 72: reducing lr to 3.141627889679048e-05
Epoch 75: reducing lr to 2.542431061634071e-05
Epoch 78: reducing lr to 1.9887920633265268e-05
Epoch 81: reducing lr to 1.4894404740403776e-05
Epoch 84: reducing lr to 1.0522528378601403e-05
Epoch 87: reducing lr to 6.8412207707418226e-06
Epoch 90: reducing lr to 3.908560139695904e-06
Epoch 93: reducing lr to 1.7707816006356288e-06
Epoch 96: reducing lr to 4.6160549663613623e-07
Epoch 99: reducing lr to 1.6744425267124428e-09
[I 2024-06-21 00:45:58,098] Trial 363 finished with value: 0.9787854552268982 and parameters: {'hidden_size': 192, 'n_layers': 1, 'rnn_dropout': 0.4331235667855159, 'bidirectional': True, 'fc_dropout': 0.5222182042005331, 'learning_rate_model': 0.0010862213066509204}. Best is trial 235 with value: 0.9706074595451355.
Epoch 40: reducing lr to 5.9479018928493116e-05
Epoch 49: reducing lr to 5.007239450341169e-05
Epoch 52: reducing lr to 4.633627768894266e-05
Epoch 55: reducing lr to 4.239444647135839e-05
Epoch 61: reducing lr to 3.414459087384333e-05
Epoch 64: reducing lr to 2.996667513933793e-05
Epoch 67: reducing lr to 2.5841193955821688e-05
Epoch 72: reducing lr to 1.9257868535429235e-05
Epoch 75: reducing lr to 1.5584851186924847e-05
Epoch 78: reducing lr to 1.2191098833083018e-05
Epoch 81: reducing lr to 9.130122932333442e-06
Epoch 84: reducing lr to 6.450205921622733e-06
Epoch 87: reducing lr to 4.193600733480031e-06
Epoch 90: reducing lr to 2.3959087446467865e-06
Epoch 93: reducing lr to 1.0854716238682758e-06
Epoch 96: reducing lr to 2.8295960825451767e-07
Epoch 99: reducing lr to 1.0264167234902422e-09
[I 2024-06-21 00:46:17,589] Trial 364 finished with value: 0.9825631380081177 and parameters: {'hidden_size': 175, 'n_layers': 1, 'rnn_dropout': 0.48977546862385346, 'bidirectional': True, 'fc_dropout': 0.5025611603490159, 'learning_rate_model': 0.0006658429278842003}. Best is trial 235 with value: 0.9706074595451355.
Epoch 38: reducing lr to 3.6683328822345235e-05
Epoch 41: reducing lr to 3.5175235231178734e-05
Epoch 50: reducing lr to 2.9327263837073248e-05
Epoch 55: reducing lr to 2.544977937371479e-05
Epoch 61: reducing lr to 2.0497314551143972e-05
Epoch 64: reducing lr to 1.7989272990630413e-05
Epoch 67: reducing lr to 1.551270837734237e-05
Epoch 73: reducing lr to 1.0809167079197512e-05
Epoch 76: reducing lr to 8.656357378928291e-06
Epoch 79: reducing lr to 6.682222489776016e-06
Epoch 82: reducing lr to 4.91788985595031e-06
Epoch 85: reducing lr to 3.391189255243514e-06
Epoch 88: reducing lr to 2.1261914704394596e-06
Epoch 91: reducing lr to 1.1428537643108432e-06
Epoch 94: reducing lr to 4.5667896433599874e-07
Epoch 97: reducing lr to 7.849047866591536e-08
[I 2024-06-21 00:46:37,416] Trial 365 finished with value: 0.982935905456543 and parameters: {'hidden_size': 185, 'n_layers': 1, 'rnn_dropout': 0.41089528375047396, 'bidirectional': True, 'fc_dropout': 0.55264539814079, 'learning_rate_model': 0.0003997116844926746}. Best is trial 235 with value: 0.9706074595451355.
Epoch 40: reducing lr to 7.334309651327576e-05
Epoch 43: reducing lr to 6.99113727525774e-05
Epoch 49: reducing lr to 6.174386412004632e-05
Epoch 52: reducing lr to 5.7136888735366465e-05
Epoch 55: reducing lr to 5.227624858630995e-05
Epoch 66: reducing lr to 3.354810273159773e-05
Epoch 72: reducing lr to 2.374672171933462e-05
Epoch 75: reducing lr to 1.921755377508591e-05
Epoch 78: reducing lr to 1.5032745233956122e-05
Epoch 81: reducing lr to 1.1258280641939432e-05
Epoch 84: reducing lr to 7.953696680989686e-06
Epoch 87: reducing lr to 5.171095099997165e-06
Epoch 90: reducing lr to 2.954375668282093e-06
Epoch 93: reducing lr to 1.3384862680318206e-06
Epoch 96: reducing lr to 3.4891520121606374e-07
Epoch 99: reducing lr to 1.2656661486660365e-09
[I 2024-06-21 00:46:51,226] Trial 366 finished with value: 0.9810000658035278 and parameters: {'hidden_size': 138, 'n_layers': 1, 'rnn_dropout': 0.44049892055055545, 'bidirectional': True, 'fc_dropout': 0.5871172470359587, 'learning_rate_model': 0.0008210455216351738}. Best is trial 235 with value: 0.9706074595451355.
Epoch 24: reducing lr to 0.00014618412683857336
Epoch 27: reducing lr to 0.00014565644576092484
Epoch 36: reducing lr to 0.00013731283285845134
Epoch 40: reducing lr to 0.0001305907882825217
Epoch 46: reducing lr to 0.00011755973623254592
Epoch 61: reducing lr to 7.496709122186532e-05
Epoch 64: reducing lr to 6.579415395800527e-05
Epoch 67: reducing lr to 5.6736340807996984e-05
Epoch 70: reducing lr to 4.7936559382973044e-05
Epoch 73: reducing lr to 3.9533559990831e-05
Epoch 76: reducing lr to 3.1659851423754745e-05
Epoch 79: reducing lr to 2.443962996742325e-05
Epoch 82: reducing lr to 1.7986741459726343e-05
Epoch 85: reducing lr to 1.2402970819134031e-05
Epoch 88: reducing lr to 7.776354776713483e-06
Epoch 91: reducing lr to 4.179885232700456e-06
Epoch 94: reducing lr to 1.6702623894003249e-06
Epoch 97: reducing lr to 2.8707189224782757e-07
[I 2024-06-21 00:47:10,670] Trial 367 finished with value: 0.9798152446746826 and parameters: {'hidden_size': 184, 'n_layers': 1, 'rnn_dropout': 0.42315346123970965, 'bidirectional': True, 'fc_dropout': 0.4922470727866718, 'learning_rate_model': 0.0014619096681684775}. Best is trial 235 with value: 0.9706074595451355.
Epoch 27: reducing lr to 0.00010446890087789036
Epoch 33: reducing lr to 0.00010126005830365939
Epoch 38: reducing lr to 9.622762129451792e-05
Epoch 41: reducing lr to 9.227159375758783e-05
Epoch 44: reducing lr to 8.768718763054988e-05
Epoch 47: reducing lr to 8.254670376902932e-05
Epoch 55: reducing lr to 6.67598009837945e-05
Epoch 64: reducing lr to 4.7189418307414476e-05
Epoch 72: reducing lr to 3.032594072589006e-05
Epoch 75: reducing lr to 2.454193061121996e-05
Epoch 78: reducing lr to 1.919768742399418e-05
Epoch 81: reducing lr to 1.4377477255940874e-05
Epoch 86: reducing lr to 7.710544943639722e-06
Epoch 89: reducing lr to 4.633241873281324e-06
Epoch 92: reducing lr to 2.309665263538173e-06
Epoch 95: reducing lr to 7.76466151461235e-07
Epoch 98: reducing lr to 5.781992229881433e-08
[I 2024-06-21 00:47:25,528] Trial 368 finished with value: 0.9786309003829956 and parameters: {'hidden_size': 142, 'n_layers': 1, 'rnn_dropout': 0.39759146103482507, 'bidirectional': True, 'fc_dropout': 0.5138979650686849, 'learning_rate_model': 0.0010485227441770616}. Best is trial 235 with value: 0.9706074595451355.
Epoch 40: reducing lr to 8.015231483579234e-05
Epoch 49: reducing lr to 6.747620255210438e-05
Epoch 52: reducing lr to 6.244151273086449e-05
Epoch 55: reducing lr to 5.712960775204822e-05
Epoch 64: reducing lr to 4.038227972854993e-05
Epoch 72: reducing lr to 2.5951382012096153e-05
Epoch 75: reducing lr to 2.1001723322053116e-05
Epoch 78: reducing lr to 1.642839457453516e-05
Epoch 81: reducing lr to 1.230350636148963e-05
Epoch 84: reducing lr to 8.69212278714858e-06
Epoch 87: reducing lr to 5.651182758908632e-06
Epoch 90: reducing lr to 3.228661727753591e-06
Epoch 93: reducing lr to 1.4627521588109096e-06
Epoch 96: reducing lr to 3.813087037278506e-07
Epoch 99: reducing lr to 1.3831713746473122e-09
[I 2024-06-21 00:47:41,129] Trial 369 finished with value: 0.9793269634246826 and parameters: {'hidden_size': 149, 'n_layers': 1, 'rnn_dropout': 0.4400652105954096, 'bidirectional': True, 'fc_dropout': 0.5680899939500962, 'learning_rate_model': 0.0008972718943317024}. Best is trial 235 with value: 0.9706074595451355.
Epoch 33: reducing lr to 5.450054403842839e-05
Epoch 38: reducing lr to 5.1791968125753656e-05
Epoch 41: reducing lr to 4.966274109778638e-05
Epoch 50: reducing lr to 4.140618538795298e-05
Epoch 55: reducing lr to 3.59316944357568e-05
Epoch 61: reducing lr to 2.8939474578155943e-05
Epoch 64: reducing lr to 2.5398454372785192e-05
Epoch 67: reducing lr to 2.1901875419060263e-05
Epoch 72: reducing lr to 1.6322134272150734e-05
Epoch 75: reducing lr to 1.3209044044333818e-05
Epoch 78: reducing lr to 1.0332646715941764e-05
Epoch 81: reducing lr to 7.738296278667967e-06
Epoch 84: reducing lr to 5.466914832348102e-06
Epoch 87: reducing lr to 3.5543141303371206e-06
Epoch 90: reducing lr to 2.030668355742474e-06
Epoch 93: reducing lr to 9.199986779841532e-07
Epoch 96: reducing lr to 2.398242936921366e-07
Epoch 99: reducing lr to 8.69946305281661e-10
[I 2024-06-21 00:47:58,449] Trial 370 finished with value: 0.9826048016548157 and parameters: {'hidden_size': 164, 'n_layers': 1, 'rnn_dropout': 0.391410096018899, 'bidirectional': True, 'fc_dropout': 0.5436814170939982, 'learning_rate_model': 0.0005643395920526603}. Best is trial 235 with value: 0.9706074595451355.
Epoch 22: reducing lr to 0.0001987782082916562
Epoch 31: reducing lr to 0.0001979936672828904
Epoch 34: reducing lr to 0.00019362417254332966
Epoch 40: reducing lr to 0.0001805990298716387
Epoch 46: reducing lr to 0.0001625778861954011
Epoch 49: reducing lr to 0.00015203723991375574
Epoch 52: reducing lr to 0.0001406930872304136
Epoch 55: reducing lr to 0.00012872431392785944
Epoch 58: reducing lr to 0.00011631971961119486
Epoch 61: reducing lr to 0.00010367487726375553
Epoch 64: reducing lr to 9.098926909250711e-05
Epoch 67: reducing lr to 7.846287049147341e-05
Epoch 70: reducing lr to 6.629331389913841e-05
Epoch 73: reducing lr to 5.467248245925394e-05
Epoch 76: reducing lr to 4.3783627683144865e-05
Epoch 79: reducing lr to 3.379850539679461e-05
Epoch 82: reducing lr to 2.4874557393366522e-05
Epoch 85: reducing lr to 1.715254595611971e-05
Epoch 88: reducing lr to 1.075422047054223e-05
Epoch 91: reducing lr to 5.780524246223016e-06
Epoch 94: reducing lr to 2.3098701763266463e-06
Epoch 97: reducing lr to 3.9700277427849075e-07
[I 2024-06-21 00:48:19,760] Trial 371 finished with value: 0.989174485206604 and parameters: {'hidden_size': 195, 'n_layers': 1, 'rnn_dropout': 0.4089369065662623, 'bidirectional': True, 'fc_dropout': 0.5248130789937897, 'learning_rate_model': 0.002021731174943315}. Best is trial 235 with value: 0.9706074595451355.
Epoch 27: reducing lr to 0.00012698860309035684
Epoch 36: reducing lr to 0.00011971433697960138
Epoch 40: reducing lr to 0.00011385381329217376
Epoch 44: reducing lr to 0.00010658936173877369
Epoch 47: reducing lr to 0.00010034077618558566
Epoch 72: reducing lr to 3.6863112541818376e-05
Epoch 75: reducing lr to 2.9832279838974274e-05
Epoch 78: reducing lr to 2.3336011847084377e-05
Epoch 81: reducing lr to 1.7476739367913783e-05
Epoch 84: reducing lr to 1.2346883891602092e-05
Epoch 87: reducing lr to 8.027325324675696e-06
Epoch 90: reducing lr to 4.586211268986246e-06
Epoch 93: reducing lr to 2.0777929062082944e-06
Epoch 96: reducing lr to 5.416368828505121e-07
Epoch 99: reducing lr to 1.9647509340607257e-09
[I 2024-06-21 00:48:34,604] Trial 372 finished with value: 0.9760438203811646 and parameters: {'hidden_size': 146, 'n_layers': 1, 'rnn_dropout': 0.3748168842241444, 'bidirectional': True, 'fc_dropout': 0.6548037022312542, 'learning_rate_model': 0.0012745461804671136}. Best is trial 235 with value: 0.9706074595451355.
Epoch 27: reducing lr to 0.00013210610089957903
Epoch 36: reducing lr to 0.0001245386900500079
Epoch 40: reducing lr to 0.00011844199385259554
Epoch 44: reducing lr to 0.00011088479307599728
Epoch 47: reducing lr to 0.00010438439655630523
Epoch 61: reducing lr to 6.79929409602587e-05
Epoch 72: reducing lr to 3.834865449663174e-05
Epoch 75: reducing lr to 3.103448714738468e-05
Epoch 78: reducing lr to 2.4276426865418453e-05
Epoch 81: reducing lr to 1.8181032298547965e-05
Epoch 84: reducing lr to 1.2844449418967066e-05
Epoch 87: reducing lr to 8.350817502424221e-06
Epoch 90: reducing lr to 4.7710304224418295e-06
Epoch 93: reducing lr to 2.1615256222692154e-06
Epoch 96: reducing lr to 5.634642397465538e-07
Epoch 99: reducing lr to 2.0439281858382686e-09
[I 2024-06-21 00:48:49,448] Trial 373 finished with value: 0.9763188362121582 and parameters: {'hidden_size': 146, 'n_layers': 1, 'rnn_dropout': 0.3687541095351991, 'bidirectional': True, 'fc_dropout': 0.6087351795247093, 'learning_rate_model': 0.001325908957342862}. Best is trial 235 with value: 0.9706074595451355.
Epoch 27: reducing lr to 0.00014441878686374197
Epoch 36: reducing lr to 0.00013614607056106843
Epoch 40: reducing lr to 0.00012948114393987944
Epoch 46: reducing lr to 0.00011656081817753928
Epoch 61: reducing lr to 7.433008757288879e-05
Epoch 64: reducing lr to 6.523509376946818e-05
Epoch 67: reducing lr to 5.6254245857596536e-05
Epoch 72: reducing lr to 4.192286444416578e-05
Epoch 75: reducing lr to 3.3926994697774526e-05
Epoch 78: reducing lr to 2.6539062870042344e-05
Epoch 81: reducing lr to 1.987555919527688e-05
Epoch 84: reducing lr to 1.4041590739476813e-05
Epoch 87: reducing lr to 9.129138811971786e-06
Epoch 90: reducing lr to 5.215704808537351e-06
Epoch 93: reducing lr to 2.362986311891125e-06
Epoch 96: reducing lr to 6.159808017281062e-07
Epoch 99: reducing lr to 2.2344284406668885e-09
