[I 2024-06-21 03:08:56,919] Trial 674 finished with value: 0.9729875922203064 and parameters: {'hidden_size': 136, 'n_layers': 2, 'rnn_dropout': 0.5866298645494263, 'bidirectional': True, 'fc_dropout': 0.12617146373934937, 'learning_rate_model': 0.000987494249157208}. Best is trial 613 with value: 0.9663827419281006.
Epoch 36: reducing lr to 8.62350856773698e-05
Epoch 40: reducing lr to 8.201351309842555e-05
Epoch 52: reducing lr to 6.389145257663146e-05
Epoch 55: reducing lr to 5.8456201087635174e-05
Epoch 65: reducing lr to 3.94113298632682e-05
Epoch 71: reducing lr to 2.831410374681165e-05
Epoch 74: reducing lr to 2.3138641216587217e-05
Epoch 79: reducing lr to 1.5348555122568365e-05
Epoch 82: reducing lr to 1.129601770313148e-05
Epoch 85: reducing lr to 7.78930292949753e-06
Epoch 88: reducing lr to 4.8836995528217825e-06
Epoch 91: reducing lr to 2.625047882706406e-06
Epoch 94: reducing lr to 1.0489567308111973e-06
Epoch 97: reducing lr to 1.8028663969866728e-07
[I 2024-06-21 03:09:35,329] Trial 675 finished with value: 0.9708535671234131 and parameters: {'hidden_size': 141, 'n_layers': 2, 'rnn_dropout': 0.6003298595942513, 'bidirectional': True, 'fc_dropout': 0.11502747883538895, 'learning_rate_model': 0.0009181072363210272}. Best is trial 613 with value: 0.9663827419281006.
Epoch 31: reducing lr to 9.405587292480557e-05
Epoch 36: reducing lr to 9.020873968957469e-05
Epoch 40: reducing lr to 8.579263992155922e-05
Epoch 52: reducing lr to 6.683552719408563e-05
Epoch 55: reducing lr to 6.114982301849498e-05
Epoch 61: reducing lr to 4.925021701568965e-05
Epoch 65: reducing lr to 4.122737709981202e-05
Epoch 72: reducing lr to 2.777758293059766e-05
Epoch 75: reducing lr to 2.247961634535996e-05
Epoch 78: reducing lr to 1.758446207211727e-05
Epoch 81: reducing lr to 1.3169305131191707e-05
Epoch 84: reducing lr to 9.303788193261442e-06
Epoch 87: reducing lr to 6.048856961389591e-06
Epoch 90: reducing lr to 3.4558629230504795e-06
Epoch 93: reducing lr to 1.5656861503307347e-06
Epoch 96: reducing lr to 4.0814142903919946e-07
Epoch 99: reducing lr to 1.4805052597505892e-09
[I 2024-06-21 03:10:09,759] Trial 676 finished with value: 0.9723765254020691 and parameters: {'hidden_size': 136, 'n_layers': 2, 'rnn_dropout': 0.6164900691489192, 'bidirectional': True, 'fc_dropout': 0.16431452920261685, 'learning_rate_model': 0.0009604129924362414}. Best is trial 613 with value: 0.9663827419281006.
Epoch 36: reducing lr to 8.177781423547153e-05
Epoch 40: reducing lr to 7.777444396650617e-05
Epoch 43: reducing lr to 7.413537744186535e-05
Epoch 52: reducing lr to 6.058906649196209e-05
Epoch 65: reducing lr to 3.737425882997674e-05
Epoch 72: reducing lr to 2.518148490518535e-05
Epoch 75: reducing lr to 2.0378667254432e-05
Epoch 78: reducing lr to 1.5941015002679277e-05
Epoch 83: reducing lr to 9.54339024430166e-06
Epoch 86: reducing lr to 6.402537446868208e-06
Epoch 89: reducing lr to 3.847264338761316e-06
Epoch 92: reducing lr to 1.9178564482309324e-06
Epoch 95: reducing lr to 6.447473748346353e-07
Epoch 98: reducing lr to 4.8011420774945415e-08
[I 2024-06-21 03:10:46,756] Trial 677 finished with value: 0.9676931500434875 and parameters: {'hidden_size': 139, 'n_layers': 2, 'rnn_dropout': 0.6521387641050179, 'bidirectional': True, 'fc_dropout': 0.14786923196224347, 'learning_rate_model': 0.0008706526169754379}. Best is trial 613 with value: 0.9663827419281006.
Epoch 27: reducing lr to 0.00010234047581719451
Epoch 31: reducing lr to 0.00010059262785282763
Epoch 36: reducing lr to 9.64781241031127e-05
Epoch 39: reducing lr to 9.304767517478744e-05
Epoch 52: reducing lr to 7.148050520733705e-05
Epoch 55: reducing lr to 6.539965234370243e-05
Epoch 63: reducing lr to 4.837236127180603e-05
Epoch 66: reducing lr to 4.197000195633542e-05
Epoch 69: reducing lr to 3.5715686780041006e-05
Epoch 72: reducing lr to 2.9708087070996085e-05
Epoch 75: reducing lr to 2.4041919031584063e-05
Epoch 78: reducing lr to 1.8806558210637228e-05
Epoch 81: reducing lr to 1.4084553882152375e-05
Epoch 84: reducing lr to 9.950388787465653e-06
Epoch 87: reducing lr to 6.469244272906802e-06
Epoch 90: reducing lr to 3.6960406843145487e-06
Epoch 93: reducing lr to 1.6744992030477256e-06
Epoch 96: reducing lr to 4.36506701877973e-07
Epoch 99: reducing lr to 1.5833983567012377e-09
[I 2024-06-21 03:11:25,210] Trial 678 finished with value: 0.97178053855896 and parameters: {'hidden_size': 141, 'n_layers': 2, 'rnn_dropout': 0.6497309587308239, 'bidirectional': True, 'fc_dropout': 0.14155781674279835, 'learning_rate_model': 0.001027160385937794}. Best is trial 613 with value: 0.9663827419281006.
Epoch 36: reducing lr to 8.113214359051624e-05
Epoch 40: reducing lr to 7.716038163350838e-05
Epoch 43: reducing lr to 7.355004708772964e-05
Epoch 52: reducing lr to 6.011069002757701e-05
Epoch 65: reducing lr to 3.707917315143325e-05
Epoch 72: reducing lr to 2.4982666365564723e-05
Epoch 75: reducing lr to 2.021776900406288e-05
Epoch 78: reducing lr to 1.5815153905335874e-05
Epoch 83: reducing lr to 9.468041117014458e-06
Epoch 86: reducing lr to 6.351986689045726e-06
Epoch 89: reducing lr to 3.816888549555599e-06
Epoch 92: reducing lr to 1.9027141554044872e-06
Epoch 95: reducing lr to 6.396568199300528e-07
Epoch 98: reducing lr to 4.763235017607665e-08
[I 2024-06-21 03:12:02,256] Trial 679 finished with value: 0.9678278565406799 and parameters: {'hidden_size': 139, 'n_layers': 2, 'rnn_dropout': 0.6350286678798809, 'bidirectional': True, 'fc_dropout': 0.19610595776576617, 'learning_rate_model': 0.0008637784440473639}. Best is trial 613 with value: 0.9663827419281006.
Epoch 36: reducing lr to 8.20027971380863e-05
Epoch 40: reducing lr to 7.798841300341941e-05
Epoch 43: reducing lr to 7.433933486673961e-05
Epoch 52: reducing lr to 6.075575600516954e-05
Epoch 65: reducing lr to 3.7477080962278196e-05
Epoch 72: reducing lr to 2.5250762907038098e-05
Epoch 75: reducing lr to 2.0434731992199637e-05
Epoch 83: reducing lr to 9.569645527082466e-06
Epoch 86: reducing lr to 6.4201517775074285e-06
Epoch 89: reducing lr to 3.857848733883058e-06
Epoch 92: reducing lr to 1.9231327559258127e-06
Epoch 95: reducing lr to 6.465211705419349e-07
Epoch 98: reducing lr to 4.814350731828683e-08
[I 2024-06-21 03:12:39,279] Trial 680 finished with value: 0.9682042598724365 and parameters: {'hidden_size': 139, 'n_layers': 2, 'rnn_dropout': 0.6772255383276088, 'bidirectional': True, 'fc_dropout': 0.19231159936370634, 'learning_rate_model': 0.0008730479115277264}. Best is trial 613 with value: 0.9663827419281006.
Epoch 31: reducing lr to 9.406675422343724e-05
Epoch 36: reducing lr to 9.021917591439751e-05
Epoch 40: reducing lr to 8.580256524898808e-05
Epoch 52: reducing lr to 6.68432593782437e-05
Epoch 55: reducing lr to 6.11568974250668e-05
Epoch 63: reducing lr to 4.5234239487405805e-05
Epoch 66: reducing lr to 3.924722857981096e-05
Epoch 69: reducing lr to 3.3398657555449714e-05
Epoch 72: reducing lr to 2.7780796511692965e-05
Epoch 75: reducing lr to 2.2482217006126514e-05
Epoch 79: reducing lr to 1.6057663580407524e-05
Epoch 82: reducing lr to 1.1817897556265879e-05
Epoch 85: reducing lr to 8.149171369482237e-06
Epoch 88: reducing lr to 5.109328130286977e-06
Epoch 91: reducing lr to 2.7463259861497045e-06
Epoch 94: reducing lr to 1.0974188879188623e-06
Epoch 97: reducing lr to 1.886159436640853e-07
[I 2024-06-21 03:13:17,703] Trial 681 finished with value: 0.9710079431533813 and parameters: {'hidden_size': 141, 'n_layers': 2, 'rnn_dropout': 0.6367541724759295, 'bidirectional': True, 'fc_dropout': 0.23526508682802852, 'learning_rate_model': 0.0009605241023569243}. Best is trial 613 with value: 0.9663827419281006.
Epoch 31: reducing lr to 0.00010317519109232125
Epoch 36: reducing lr to 9.895505369569217e-05
Epoch 40: reducing lr to 9.411078482359297e-05
Epoch 45: reducing lr to 8.644258938489081e-05
Epoch 49: reducing lr to 7.922713638531803e-05
Epoch 52: reducing lr to 7.331565882673534e-05
Epoch 55: reducing lr to 6.707868928332406e-05
Epoch 61: reducing lr to 5.402534040585085e-05
Epoch 65: reducing lr to 4.522463487111469e-05
Epoch 68: reducing lr to 3.874773590573513e-05
Epoch 71: reducing lr to 3.2490530212883095e-05
Epoch 76: reducing lr to 2.2815801206758522e-05
Epoch 79: reducing lr to 1.761251913156757e-05
Epoch 82: reducing lr to 1.2962218679098527e-05
Epoch 85: reducing lr to 8.938251566470175e-06
Epoch 88: reducing lr to 5.604061823410805e-06
Epoch 91: reducing lr to 3.0122513608766894e-06
Epoch 94: reducing lr to 1.203681411185973e-06
Epoch 97: reducing lr to 2.0687953136318272e-07
[I 2024-06-21 03:13:56,612] Trial 682 finished with value: 0.9701533317565918 and parameters: {'hidden_size': 142, 'n_layers': 2, 'rnn_dropout': 0.6519809448367274, 'bidirectional': True, 'fc_dropout': 0.2084972755326574, 'learning_rate_model': 0.0010535311718533192}. Best is trial 613 with value: 0.9663827419281006.
Epoch 36: reducing lr to 8.261096725107022e-05
Epoch 40: reducing lr to 7.85668106142699e-05
Epoch 43: reducing lr to 7.489066925121094e-05
Epoch 52: reducing lr to 6.120634837864513e-05
Epoch 65: reducing lr to 3.775502807333534e-05
Epoch 72: reducing lr to 2.543803407175513e-05
Epoch 75: reducing lr to 2.0586285276943885e-05
Epoch 78: reducing lr to 1.6103422189094714e-05
Epoch 83: reducing lr to 9.640618379284352e-06
Epoch 86: reducing lr to 6.467766548810003e-06
Epoch 89: reducing lr to 3.886460298149709e-06
Epoch 92: reducing lr to 1.937395584832556e-06
Epoch 95: reducing lr to 6.513160661681642e-07
Epoch 98: reducing lr to 4.850056150799541e-08
[I 2024-06-21 03:14:33,579] Trial 683 finished with value: 0.967925488948822 and parameters: {'hidden_size': 139, 'n_layers': 2, 'rnn_dropout': 0.6604886319678009, 'bidirectional': True, 'fc_dropout': 0.17833457736685648, 'learning_rate_model': 0.0008795228326953555}. Best is trial 613 with value: 0.9663827419281006.
Epoch 36: reducing lr to 7.874059147969994e-05
Epoch 40: reducing lr to 7.488590612478316e-05
Epoch 43: reducing lr to 7.138199429658093e-05
Epoch 52: reducing lr to 5.833879246323261e-05
Epoch 55: reducing lr to 5.337590625835698e-05
Epoch 61: reducing lr to 4.2989085444092066e-05
Epoch 65: reducing lr to 3.5986181263221905e-05
Epoch 72: reducing lr to 2.424624617701483e-05
Epoch 75: reducing lr to 1.962180486460047e-05
Epoch 78: reducing lr to 1.5348966731777562e-05
Epoch 81: reducing lr to 1.149510434327155e-05
Epoch 84: reducing lr to 8.121006765643998e-06
Epoch 87: reducing lr to 5.279871734766755e-06
Epoch 90: reducing lr to 3.016522474099119e-06
Epoch 93: reducing lr to 1.3666420124353452e-06
Epoch 96: reducing lr to 3.56254811235664e-07
Epoch 99: reducing lr to 1.2922900845561621e-09
[I 2024-06-21 03:15:07,982] Trial 684 finished with value: 0.9731265902519226 and parameters: {'hidden_size': 136, 'n_layers': 2, 'rnn_dropout': 0.6860067403401423, 'bidirectional': True, 'fc_dropout': 0.1818801511381154, 'learning_rate_model': 0.0008383166348344178}. Best is trial 613 with value: 0.9663827419281006.
Epoch 36: reducing lr to 7.935091275010352e-05
Epoch 40: reducing lr to 7.546634958478922e-05
Epoch 43: reducing lr to 7.193527880491817e-05
Epoch 52: reducing lr to 5.879097862618709e-05
Epoch 55: reducing lr to 5.3789624904665865e-05
Epoch 61: reducing lr to 4.332229545367766e-05
Epoch 65: reducing lr to 3.62651115005088e-05
Epoch 72: reducing lr to 2.443417973823387e-05
Epoch 75: reducing lr to 1.97738942081973e-05
Epoch 78: reducing lr to 1.5467937147151384e-05
Epoch 81: reducing lr to 1.1584203327091295e-05
Epoch 84: reducing lr to 8.183952992907762e-06
Epoch 87: reducing lr to 5.320796218113587e-06
Epoch 90: reducing lr to 3.0399036526500538e-06
Epoch 93: reducing lr to 1.377234905802565e-06
Epoch 96: reducing lr to 3.5901615560576326e-07
Epoch 99: reducing lr to 1.3023066733515442e-09
[I 2024-06-21 03:15:42,374] Trial 685 finished with value: 0.9727820754051208 and parameters: {'hidden_size': 136, 'n_layers': 2, 'rnn_dropout': 0.657667972746162, 'bidirectional': True, 'fc_dropout': 0.16479871524331058, 'learning_rate_model': 0.0008448144584341363}. Best is trial 613 with value: 0.9663827419281006.
Epoch 36: reducing lr to 0.00010023048920729687
Epoch 40: reducing lr to 9.53237823664787e-05
Epoch 45: reducing lr to 8.755675126039847e-05
Epoch 52: reducing lr to 7.426062718693526e-05
Epoch 55: reducing lr to 6.794326910202587e-05
Epoch 60: reducing lr to 5.6954032533843936e-05
Epoch 65: reducing lr to 4.580753693785864e-05
Epoch 68: reducing lr to 3.924715697138818e-05
Epoch 71: reducing lr to 3.2909301912525775e-05
Epoch 74: reducing lr to 2.689389487484761e-05
Epoch 77: reducing lr to 2.1295820143765342e-05
Epoch 80: reducing lr to 1.620334613489261e-05
Epoch 83: reducing lr to 1.1696799209235861e-05
Epoch 86: reducing lr to 7.847231751876368e-06
Epoch 89: reducing lr to 4.715376540555348e-06
Epoch 92: reducing lr to 2.3506092921737106e-06
Epoch 95: reducing lr to 7.902307661185543e-07
Epoch 98: reducing lr to 5.884491089422437e-08
[I 2024-06-21 03:16:21,247] Trial 686 finished with value: 0.9708257913589478 and parameters: {'hidden_size': 142, 'n_layers': 2, 'rnn_dropout': 0.6333609218690999, 'bidirectional': True, 'fc_dropout': 0.19629047213788842, 'learning_rate_model': 0.001067110175845338}. Best is trial 613 with value: 0.9663827419281006.
Epoch 31: reducing lr to 0.00010356674516722075
Epoch 36: reducing lr to 9.933059217636991e-05
Epoch 40: reducing lr to 9.446793910554332e-05
Epoch 49: reducing lr to 7.952780661200588e-05
Epoch 52: reducing lr to 7.359389475403169e-05
Epoch 55: reducing lr to 6.733325565581859e-05
Epoch 58: reducing lr to 6.0844646822379534e-05
Epoch 61: reducing lr to 5.4230368784861224e-05
Epoch 64: reducing lr to 4.759476691540471e-05
Epoch 67: reducing lr to 4.104244456297967e-05
Epoch 72: reducing lr to 3.058643509730092e-05
Epoch 75: reducing lr to 2.4752741377011658e-05
Epoch 78: reducing lr to 1.9362592102904482e-05
Epoch 83: reducing lr to 1.1591782113509925e-05
Epoch 86: reducing lr to 7.776777136615483e-06
Epoch 89: reducing lr to 4.673040586873905e-06
Epoch 92: reducing lr to 2.3295048723546897e-06
Epoch 95: reducing lr to 7.831358559190395e-07
Epoch 98: reducing lr to 5.831658502234924e-08
[I 2024-06-21 03:16:57,009] Trial 687 finished with value: 0.9726268649101257 and parameters: {'hidden_size': 137, 'n_layers': 2, 'rnn_dropout': 0.6731226582366473, 'bidirectional': True, 'fc_dropout': 0.15665938695873477, 'learning_rate_model': 0.0010575293657893372}. Best is trial 613 with value: 0.9663827419281006.
Epoch 31: reducing lr to 8.277246239196102e-05
Epoch 36: reducing lr to 7.938685040274914e-05
Epoch 40: reducing lr to 7.550052793717128e-05
Epoch 47: reducing lr to 6.65395506446161e-05
Epoch 53: reducing lr to 5.717492505801036e-05
Epoch 65: reducing lr to 3.628153579778644e-05
Epoch 68: reducing lr to 3.1085433223586214e-05
Epoch 72: reducing lr to 2.4445245862537676e-05
Epoch 79: reducing lr to 1.4129671697345365e-05
Epoch 88: reducing lr to 4.495867578335093e-06
Epoch 91: reducing lr to 2.4165834813932973e-06
Epoch 94: reducing lr to 9.656553410222736e-07
Epoch 97: reducing lr to 1.659694355603714e-07
[I 2024-06-21 03:17:36,770] Trial 688 finished with value: 0.9681780934333801 and parameters: {'hidden_size': 143, 'n_layers': 2, 'rnn_dropout': 0.6618331692899487, 'bidirectional': True, 'fc_dropout': 0.17279939637425334, 'learning_rate_model': 0.0008451970709020335}. Best is trial 613 with value: 0.9663827419281006.
Epoch 36: reducing lr to 8.164065651301809e-05
Epoch 40: reducing lr to 7.764400069531756e-05
Epoch 43: reducing lr to 7.401103761182448e-05
Epoch 52: reducing lr to 6.048744653007744e-05
Epoch 65: reducing lr to 3.7311574735672807e-05
Epoch 72: reducing lr to 2.5139250527195666e-05
Epoch 75: reducing lr to 2.0344488160586254e-05
Epoch 78: reducing lr to 1.591427873769343e-05
Epoch 83: reducing lr to 9.527384073402753e-06
Epoch 86: reducing lr to 6.3917991132218e-06
Epoch 89: reducing lr to 3.84081170830997e-06
Epoch 92: reducing lr to 1.9146398200428195e-06
Epoch 95: reducing lr to 6.436660047550325e-07
Epoch 98: reducing lr to 4.7930896036212956e-08
[I 2024-06-21 03:18:13,744] Trial 689 finished with value: 0.9674851894378662 and parameters: {'hidden_size': 139, 'n_layers': 2, 'rnn_dropout': 0.6176662794109707, 'bidirectional': True, 'fc_dropout': 0.22138994293907466, 'learning_rate_model': 0.0008691923586999033}. Best is trial 613 with value: 0.9663827419281006.
Epoch 40: reducing lr to 7.438553816189166e-05
Epoch 52: reducing lr to 5.794898796926367e-05
Epoch 61: reducing lr to 4.270184366224882e-05
Epoch 64: reducing lr to 3.747686658789859e-05
Epoch 67: reducing lr to 3.231746511253891e-05
Epoch 72: reducing lr to 2.408423912608668e-05
Epoch 77: reducing lr to 1.661810938116843e-05
Epoch 80: reducing lr to 1.264421734372182e-05
Epoch 83: reducing lr to 9.127551198142192e-06
Epoch 86: reducing lr to 6.123556393306483e-06
Epoch 89: reducing lr to 3.6796255131449028e-06
[I 2024-06-21 03:18:50,162] Trial 690 finished with value: 0.966281533241272 and parameters: {'hidden_size': 135, 'n_layers': 2, 'rnn_dropout': 0.6193926562216368, 'bidirectional': True, 'fc_dropout': 0.209474313213079, 'learning_rate_model': 0.0008327152231865279}. Best is trial 690 with value: 0.966281533241272.
Epoch 36: reducing lr to 7.482897778987753e-05
Epoch 40: reducing lr to 7.116578248756135e-05
Epoch 43: reducing lr to 6.783593525828532e-05
Epoch 52: reducing lr to 5.544068343257183e-05
Epoch 55: reducing lr to 5.072433961778006e-05
Epoch 61: reducing lr to 4.0853507186727705e-05
Epoch 65: reducing lr to 3.419848781784132e-05
Epoch 72: reducing lr to 2.3041760070287178e-05
Epoch 75: reducing lr to 1.8647048146559015e-05
Epoch 78: reducing lr to 1.4586472733899361e-05
Epoch 81: reducing lr to 1.0924059515310478e-05
Epoch 84: reducing lr to 7.717577725517685e-06
Epoch 87: reducing lr to 5.017582384761736e-06
Epoch 90: reducing lr to 2.8666700233668248e-06
Epoch 93: reducing lr to 1.2987510364536984e-06
Epoch 96: reducing lr to 3.3855706258395036e-07
Epoch 99: reducing lr to 1.2280927056546043e-09
[I 2024-06-21 03:19:24,551] Trial 691 finished with value: 0.9728176593780518 and parameters: {'hidden_size': 136, 'n_layers': 2, 'rnn_dropout': 0.6191148461276748, 'bidirectional': True, 'fc_dropout': 0.22723237407069205, 'learning_rate_model': 0.000796671394893979}. Best is trial 690 with value: 0.966281533241272.
Epoch 40: reducing lr to 7.366278312580268e-05
Epoch 52: reducing lr to 5.7385936011504185e-05
Epoch 61: reducing lr to 4.2286938113135156e-05
Epoch 72: reducing lr to 2.3850228516647164e-05
Epoch 77: reducing lr to 1.6456642212383858e-05
Epoch 80: reducing lr to 1.2521361853415498e-05
Epoch 83: reducing lr to 9.038864824975678e-06
Epoch 86: reducing lr to 6.064057849215765e-06
Epoch 89: reducing lr to 3.6438730276986307e-06
Epoch 92: reducing lr to 1.8164661347279876e-06
Epoch 99: reducing lr to 1.2711829122527899e-09
[I 2024-06-21 03:20:00,984] Trial 692 finished with value: 0.9663873314857483 and parameters: {'hidden_size': 135, 'n_layers': 2, 'rnn_dropout': 0.6030167419029788, 'bidirectional': True, 'fc_dropout': 0.218033689798945, 'learning_rate_model': 0.0008246242805643722}. Best is trial 690 with value: 0.966281533241272.
Epoch 36: reducing lr to 7.621692320451132e-05
Epoch 40: reducing lr to 7.24857820973355e-05
Epoch 43: reducing lr to 6.909417208137164e-05
Epoch 52: reducing lr to 5.64690102202299e-05
Epoch 55: reducing lr to 5.166518655518603e-05
Epoch 61: reducing lr to 4.161126761118185e-05
Epoch 65: reducing lr to 3.4832809383578424e-05
Epoch 72: reducing lr to 2.3469144035419644e-05
Epoch 75: reducing lr to 1.8992917965122448e-05
Epoch 78: reducing lr to 1.4857026048198873e-05
Epoch 81: reducing lr to 1.1126681531022586e-05
Epoch 84: reducing lr to 7.86072516562158e-06
Epoch 87: reducing lr to 5.110649678598527e-06
Epoch 90: reducing lr to 2.91984169070367e-06
Epoch 93: reducing lr to 1.3228405750126534e-06
Epoch 96: reducing lr to 3.448366983144365e-07
Epoch 99: reducing lr to 1.2508716569384174e-09
[I 2024-06-21 03:20:35,329] Trial 693 finished with value: 0.9727787971496582 and parameters: {'hidden_size': 136, 'n_layers': 2, 'rnn_dropout': 0.6076752324232225, 'bidirectional': True, 'fc_dropout': 0.22226372034413117, 'learning_rate_model': 0.0008114482426095519}. Best is trial 690 with value: 0.966281533241272.
Epoch 36: reducing lr to 7.767757684989615e-05
Epoch 40: reducing lr to 7.387493056210553e-05
Epoch 43: reducing lr to 7.041832228426946e-05
Epoch 49: reducing lr to 6.219158845684761e-05
Epoch 52: reducing lr to 5.755120643284965e-05
Epoch 55: reducing lr to 5.265532024083515e-05
Epoch 65: reducing lr to 3.550036020911617e-05
Epoch 72: reducing lr to 2.391891672825604e-05
Epoch 75: reducing lr to 1.9356906351111356e-05
Epoch 78: reducing lr to 1.5141752436308902e-05
Epoch 83: reducing lr to 9.06489658644785e-06
Epoch 86: reducing lr to 6.081522222291464e-06
Epoch 89: reducing lr to 3.6543673137985556e-06
Epoch 92: reducing lr to 1.8216975231884984e-06
Epoch 95: reducing lr to 6.124205473782774e-07
Epoch 98: reducing lr to 4.5604188150349774e-08
