[I 2024-06-21 06:06:09,184] Trial 973 finished with value: 1.092915654182434 and parameters: {'hidden_size': 129, 'n_layers': 2, 'rnn_dropout': 0.5769884930290883, 'bidirectional': False, 'fc_dropout': 0.1564067740608372, 'learning_rate_model': 0.0006507393642318113}. Best is trial 690 with value: 0.966281533241272.
Epoch 36: reducing lr to 7.627404414640945e-05
Epoch 40: reducing lr to 7.254010672726725e-05
Epoch 52: reducing lr to 5.651133104500499e-05
Epoch 61: reducing lr to 4.164245326785219e-05
Epoch 65: reducing lr to 3.485891490971741e-05
Epoch 72: reducing lr to 2.348673303739561e-05
Epoch 77: reducing lr to 1.6205830567384883e-05
Epoch 80: reducing lr to 1.2330526850530197e-05
Epoch 83: reducing lr to 8.901105704590256e-06
Epoch 86: reducing lr to 5.971637031839891e-06
Epoch 89: reducing lr to 3.5883376532006106e-06
Epoch 92: reducing lr to 1.7887818201845645e-06
Epoch 95: reducing lr to 6.013549052535992e-07
Epoch 98: reducing lr to 4.478017983184854e-08
[I 2024-06-21 06:06:45,656] Trial 974 finished with value: 0.9665114879608154 and parameters: {'hidden_size': 135, 'n_layers': 2, 'rnn_dropout': 0.5417512597475862, 'bidirectional': True, 'fc_dropout': 0.20132210453650856, 'learning_rate_model': 0.0008120563842921421}. Best is trial 690 with value: 0.966281533241272.
Epoch 35: reducing lr to 8.145228947300932e-05
Epoch 40: reducing lr to 7.667983125218712e-05
Epoch 61: reducing lr to 4.40189080712466e-05
Epoch 65: reducing lr to 3.684824621172951e-05
Epoch 72: reducing lr to 2.4827075768496184e-05
Epoch 75: reducing lr to 2.009185391138598e-05
Epoch 78: reducing lr to 1.571665804413133e-05
Epoch 81: reducing lr to 1.1770474671156253e-05
Epoch 84: reducing lr to 8.315549088099581e-06
Epoch 87: reducing lr to 5.406353406213514e-06
Epoch 90: reducing lr to 3.0887846091749457e-06
Epoch 93: reducing lr to 1.3993805285746627e-06
Epoch 96: reducing lr to 3.6478905340092333e-07
Epoch 99: reducing lr to 1.3232474672529754e-09
[I 2024-06-21 06:07:19,971] Trial 975 finished with value: 0.9694185256958008 and parameters: {'hidden_size': 132, 'n_layers': 2, 'rnn_dropout': 0.5266823915666504, 'bidirectional': True, 'fc_dropout': 0.18736131574847226, 'learning_rate_model': 0.0008583988819991147}. Best is trial 690 with value: 0.966281533241272.
Epoch 31: reducing lr to 0.00010104794578184991
Epoch 34: reducing lr to 9.881793270316713e-05
Epoch 37: reducing lr to 9.584312196037341e-05
Epoch 49: reducing lr to 7.759364724366055e-05
Epoch 52: reducing lr to 7.18040513388099e-05
Epoch 55: reducing lr to 6.569567437731982e-05
Epoch 61: reducing lr to 5.291145681805958e-05
Epoch 64: reducing lr to 4.643723638318775e-05
Epoch 67: reducing lr to 4.004427006234787e-05
Epoch 70: reducing lr to 3.383342144477854e-05
Epoch 73: reducing lr to 2.7902619912628037e-05
Epoch 76: reducing lr to 2.234538961257698e-05
Epoch 79: reducing lr to 1.7249387759271974e-05
Epoch 82: reducing lr to 1.269496626496203e-05
Epoch 85: reducing lr to 8.753964495835396e-06
Epoch 88: reducing lr to 5.488518405393026e-06
Epoch 91: reducing lr to 2.9501453689851664e-06
Epoch 94: reducing lr to 1.1788641502714004e-06
Epoch 97: reducing lr to 2.0261413085102733e-07
[I 2024-06-21 06:08:09,609] Trial 976 finished with value: 0.9823062419891357 and parameters: {'hidden_size': 124, 'n_layers': 3, 'rnn_dropout': 0.5384316873877009, 'bidirectional': True, 'fc_dropout': 0.1740479760776431, 'learning_rate_model': 0.0010318096783330892}. Best is trial 690 with value: 0.966281533241272.
Epoch 35: reducing lr to 7.818914461721804e-05
Epoch 40: reducing lr to 7.360788080717928e-05
Epoch 49: reducing lr to 6.19667726996008e-05
Epoch 52: reducing lr to 5.734316514662899e-05
Epoch 55: reducing lr to 5.2464977045127426e-05
Epoch 61: reducing lr to 4.2255420827860584e-05
Epoch 65: reducing lr to 3.537203030854635e-05
Epoch 72: reducing lr to 2.383245247303739e-05
Epoch 75: reducing lr to 1.9286933262028745e-05
Epoch 78: reducing lr to 1.5087016665371416e-05
Epoch 81: reducing lr to 1.1298925447409369e-05
Epoch 84: reducing lr to 7.982411230275427e-06
Epoch 87: reducing lr to 5.189763861337417e-06
Epoch 90: reducing lr to 2.9650415974893627e-06
Epoch 93: reducing lr to 1.3433184902617176e-06
Epoch 96: reducing lr to 3.501748598557755e-07
Epoch 99: reducing lr to 1.2702354746708422e-09
[I 2024-06-21 06:08:44,011] Trial 977 finished with value: 0.9721762537956238 and parameters: {'hidden_size': 136, 'n_layers': 2, 'rnn_dropout': 0.5256839958590155, 'bidirectional': True, 'fc_dropout': 0.20046408472931365, 'learning_rate_model': 0.0008240096718966709}. Best is trial 690 with value: 0.966281533241272.
Epoch 40: reducing lr to 5.452969000470724e-05
Epoch 43: reducing lr to 5.197824560504521e-05
Epoch 47: reducing lr to 4.805769136770589e-05
Epoch 50: reducing lr to 4.478841833830288e-05
Epoch 53: reducing lr to 4.129416077792373e-05
Epoch 56: reducing lr to 3.7630014434570486e-05
Epoch 59: reducing lr to 3.3853781333289087e-05
Epoch 65: reducing lr to 2.620406709731025e-05
Epoch 72: reducing lr to 1.765539547064224e-05
Epoch 75: reducing lr to 1.4288014821061475e-05
Epoch 78: reducing lr to 1.1176661151455331e-05
Epoch 81: reducing lr to 8.370393160041049e-06
Epoch 84: reducing lr to 5.913475637442313e-06
Epoch 87: reducing lr to 3.844645593013189e-06
Epoch 90: reducing lr to 2.1965419651965723e-06
Epoch 93: reducing lr to 9.951480744765298e-07
Epoch 96: reducing lr to 2.594141598152768e-07
Epoch 99: reducing lr to 9.410072115511973e-10
[I 2024-06-21 06:09:18,405] Trial 978 finished with value: 0.9738677144050598 and parameters: {'hidden_size': 136, 'n_layers': 2, 'rnn_dropout': 0.5480285015183373, 'bidirectional': True, 'fc_dropout': 0.19320186953890858, 'learning_rate_model': 0.0006104372449889018}. Best is trial 690 with value: 0.966281533241272.
Epoch 40: reducing lr to 8.729113572511556e-05
Epoch 52: reducing lr to 6.800290888464072e-05
Epoch 61: reducing lr to 5.011044516101455e-05
Epoch 64: reducing lr to 4.397895516674865e-05
Epoch 67: reducing lr to 3.7924417879328564e-05
Epoch 70: reducing lr to 3.2042357399983695e-05
Epoch 73: reducing lr to 2.6425518953073814e-05
Epoch 76: reducing lr to 2.1162475730593714e-05
Epoch 79: reducing lr to 1.633624457448408e-05
Epoch 82: reducing lr to 1.202292375030923e-05
Epoch 85: reducing lr to 8.290549612315805e-06
Epoch 88: reducing lr to 5.197968778565055e-06
Epoch 91: reducing lr to 2.793971412238551e-06
Epoch 94: reducing lr to 1.116457775063545e-06
Epoch 97: reducing lr to 1.9188820160008763e-07
[I 2024-06-21 06:09:52,563] Trial 979 finished with value: 0.9707975387573242 and parameters: {'hidden_size': 131, 'n_layers': 2, 'rnn_dropout': 0.516238256903461, 'bidirectional': True, 'fc_dropout': 0.17236185192915973, 'learning_rate_model': 0.000977188030949598}. Best is trial 690 with value: 0.966281533241272.
Epoch 36: reducing lr to 0.00011656738255383251
Epoch 39: reducing lr to 0.0001124226248040643
Epoch 47: reducing lr to 9.770309837965904e-05
Epoch 51: reducing lr to 8.873397962293856e-05
Epoch 54: reducing lr to 8.150214337922096e-05
Epoch 58: reducing lr to 7.140298942247123e-05
Epoch 61: reducing lr to 6.364093886560132e-05
Epoch 65: reducing lr to 5.3273856331686425e-05
Epoch 68: reducing lr to 4.564417870267223e-05
Epoch 71: reducing lr to 3.827329603952176e-05
Epoch 74: reducing lr to 3.1277418249004114e-05
Epoch 77: reducing lr to 2.4766895114737065e-05
Epoch 80: reducing lr to 1.8844382208409735e-05
Epoch 83: reducing lr to 1.3603298545799181e-05
Epoch 86: reducing lr to 9.126277571265811e-06
Epoch 89: reducing lr to 5.4839510954743025e-06
Epoch 92: reducing lr to 2.7337427439739527e-06
Epoch 95: reducing lr to 9.190330482118734e-07
Epoch 98: reducing lr to 6.843623426167761e-08
[I 2024-06-21 06:10:29,807] Trial 980 finished with value: 0.9778882265090942 and parameters: {'hidden_size': 140, 'n_layers': 2, 'rnn_dropout': 0.5413186528962478, 'bidirectional': True, 'fc_dropout': 0.15485955302052803, 'learning_rate_model': 0.0012410419332343763}. Best is trial 690 with value: 0.966281533241272.
Epoch 40: reducing lr to 6.849449067130969e-05
Epoch 43: reducing lr to 6.528963319612634e-05
Epoch 49: reducing lr to 5.766206672519775e-05
Epoch 53: reducing lr to 5.1869403804402657e-05
Epoch 65: reducing lr to 3.291480712969672e-05
Epoch 72: reducing lr to 2.2176860353649478e-05
Epoch 75: reducing lr to 1.7947109139777774e-05
Epoch 78: reducing lr to 1.4038952227835174e-05
Epoch 81: reducing lr to 1.051401202108675e-05
Epoch 84: reducing lr to 7.427889317706464e-06
Epoch 87: reducing lr to 4.829241495456899e-06
Epoch 90: reducing lr to 2.7590661735159155e-06
Epoch 93: reducing lr to 1.2500008802162807e-06
Epoch 96: reducing lr to 3.258489228150628e-07
Epoch 99: reducing lr to 1.1819947934375678e-09
[I 2024-06-21 06:11:01,292] Trial 981 finished with value: 0.9703059792518616 and parameters: {'hidden_size': 128, 'n_layers': 2, 'rnn_dropout': 0.5566137557278701, 'bidirectional': True, 'fc_dropout': 0.20553062568941935, 'learning_rate_model': 0.000766767391831917}. Best is trial 690 with value: 0.966281533241272.
Epoch 30: reducing lr to 8.665596905089761e-05
Epoch 36: reducing lr to 8.264417965774219e-05
Epoch 40: reducing lr to 7.859839713300791e-05
Epoch 49: reducing lr to 6.616803739334141e-05
Epoch 52: reducing lr to 6.123095540360685e-05
Epoch 55: reducing lr to 5.602203264307088e-05
Epoch 65: reducing lr to 3.777020687329386e-05
Epoch 72: reducing lr to 2.544826102297771e-05
Epoch 75: reducing lr to 2.0594561660833744e-05
Epoch 78: reducing lr to 1.6109896310199348e-05
Epoch 81: reducing lr to 1.2064977550679769e-05
Epoch 84: reducing lr to 8.523608084842141e-06
Epoch 87: reducing lr to 5.5416229420932634e-06
Epoch 90: reducing lr to 3.166067470490564e-06
Epoch 93: reducing lr to 1.4343936955648044e-06
Epoch 96: reducing lr to 3.7391624917227676e-07
Epoch 99: reducing lr to 1.356355748809851e-09
[I 2024-06-21 06:11:37,073] Trial 982 finished with value: 0.9728851318359375 and parameters: {'hidden_size': 134, 'n_layers': 2, 'rnn_dropout': 0.5006487514961174, 'bidirectional': True, 'fc_dropout': 0.18156599589847255, 'learning_rate_model': 0.0008798764306614462}. Best is trial 690 with value: 0.966281533241272.
Epoch 40: reducing lr to 4.925184844460112e-05
Epoch 49: reducing lr to 4.1462654054620106e-05
Epoch 61: reducing lr to 2.8273570163341086e-05
Epoch 65: reducing lr to 2.366781731562151e-05
Epoch 68: reducing lr to 2.0278203183385557e-05
Epoch 72: reducing lr to 1.5946557955390992e-05
Epoch 75: reducing lr to 1.2905100697993825e-05
Epoch 78: reducing lr to 1.0094889978296592e-05
Epoch 86: reducing lr to 4.05450412644335e-06
Epoch 89: reducing lr to 2.4363386026982524e-06
Epoch 92: reducing lr to 1.2145117381674775e-06
Epoch 95: reducing lr to 4.0829607221731267e-07
Epoch 98: reducing lr to 3.040396175169654e-08
[I 2024-06-21 06:12:15,991] Trial 983 finished with value: 0.9710310101509094 and parameters: {'hidden_size': 142, 'n_layers': 2, 'rnn_dropout': 0.5648864509654673, 'bidirectional': True, 'fc_dropout': 0.14998057369262147, 'learning_rate_model': 0.0005513539994916143}. Best is trial 690 with value: 0.966281533241272.
Epoch 57: reducing lr to 2.481318180515029e-05
Epoch 61: reducing lr to 2.1350164234015297e-05
Epoch 65: reducing lr to 1.787223133937174e-05
Epoch 73: reducing lr to 1.1258913541964377e-05
Epoch 76: reducing lr to 9.016530006762988e-06
Epoch 79: reducing lr to 6.960255561721195e-06
Epoch 86: reducing lr to 3.0616695552405244e-06
Epoch 89: reducing lr to 1.8397474742939316e-06
Epoch 92: reducing lr to 9.171118088098908e-07
Epoch 95: reducing lr to 3.083157927202807e-07
Epoch 98: reducing lr to 2.295888255403832e-08
[I 2024-06-21 06:12:51,814] Trial 984 finished with value: 0.975504994392395 and parameters: {'hidden_size': 137, 'n_layers': 2, 'rnn_dropout': 0.553238889459574, 'bidirectional': True, 'fc_dropout': 0.21111320549244278, 'learning_rate_model': 0.0004163428379303095}. Best is trial 690 with value: 0.966281533241272.
Epoch 40: reducing lr to 6.201318573867194e-05
Epoch 65: reducing lr to 2.9800236896154107e-05
Epoch 72: reducing lr to 2.007837048984014e-05
Epoch 75: reducing lr to 1.6248860333863915e-05
Epoch 78: reducing lr to 1.2710513554424518e-05
Epoch 81: reducing lr to 9.519121522505014e-06
Epoch 84: reducing lr to 6.725023799588183e-06
Epoch 87: reducing lr to 4.372273549296021e-06
Epoch 90: reducing lr to 2.497988982859867e-06
Epoch 93: reducing lr to 1.1317192959407621e-06
Epoch 96: reducing lr to 2.950154030671617e-07
Epoch 99: reducing lr to 1.0701482987848613e-09
[I 2024-06-21 06:13:26,179] Trial 985 finished with value: 0.9698870182037354 and parameters: {'hidden_size': 132, 'n_layers': 2, 'rnn_dropout': 0.5400729720089252, 'bidirectional': True, 'fc_dropout': 0.33019402975613543, 'learning_rate_model': 0.000694211873422206}. Best is trial 690 with value: 0.966281533241272.
Epoch 40: reducing lr to 8.684696037240106e-05
Epoch 45: reducing lr to 7.977062510815788e-05
Epoch 52: reducing lr to 6.765688043869902e-05
Epoch 61: reducing lr to 4.985546137063102e-05
Epoch 64: reducing lr to 4.375517107044911e-05
Epoch 67: reducing lr to 3.773144190819343e-05
Epoch 72: reducing lr to 2.811894640636272e-05
Epoch 75: reducing lr to 2.275587220205887e-05
Epoch 79: reducing lr to 1.6253118640382917e-05
Epoch 82: reducing lr to 1.1961745872932658e-05
Epoch 85: reducing lr to 8.248363681663658e-06
Epoch 88: reducing lr to 5.171519247390566e-06
Epoch 91: reducing lr to 2.779754467674856e-06
Epoch 94: reducing lr to 1.1107767511897028e-06
Epoch 97: reducing lr to 1.9091179077762327e-07
[I 2024-06-21 06:13:58,455] Trial 986 finished with value: 0.9702033996582031 and parameters: {'hidden_size': 125, 'n_layers': 2, 'rnn_dropout': 0.5059943676806344, 'bidirectional': True, 'fc_dropout': 0.18887060128898908, 'learning_rate_model': 0.0009722156722477679}. Best is trial 690 with value: 0.966281533241272.
Epoch 36: reducing lr to 0.000103992508170832
Epoch 40: reducing lr to 9.890163457267626e-05
Epoch 43: reducing lr to 9.42740267204018e-05
Epoch 49: reducing lr to 8.326031183044548e-05
Epoch 52: reducing lr to 7.704790169722392e-05
Epoch 62: reducing lr to 5.445696985031889e-05
Epoch 65: reducing lr to 4.752686230478016e-05
Epoch 68: reducing lr to 4.072024714543525e-05
Epoch 71: reducing lr to 3.414450907205154e-05
Epoch 74: reducing lr to 2.7903321680230596e-05
Epoch 77: reducing lr to 2.2095130611652845e-05
Epoch 80: reducing lr to 1.681151732027031e-05
Epoch 83: reducing lr to 1.2135823110903145e-05
Epoch 86: reducing lr to 8.141767226014932e-06
Epoch 89: reducing lr to 4.892361967904568e-06
Epoch 92: reducing lr to 2.4388363057596544e-06
Epoch 95: reducing lr to 8.198910336800142e-07
Epoch 98: reducing lr to 6.105357686443571e-08
[I 2024-06-21 06:14:19,683] Trial 987 finished with value: 0.9738904237747192 and parameters: {'hidden_size': 91, 'n_layers': 2, 'rnn_dropout': 0.5714170964673182, 'bidirectional': True, 'fc_dropout': 0.1680692101162062, 'learning_rate_model': 0.001107162746170608}. Best is trial 690 with value: 0.966281533241272.
Epoch 36: reducing lr to 7.296312875684256e-05
Epoch 40: reducing lr to 6.939127466503761e-05
Epoch 52: reducing lr to 5.405827853237481e-05
Epoch 65: reducing lr to 3.334575379272399e-05
Epoch 72: reducing lr to 2.2467217332749155e-05
Epoch 75: reducing lr to 1.8182086873789625e-05
Epoch 78: reducing lr to 1.4222761283472219e-05
Epoch 83: reducing lr to 8.514725144973944e-06
Epoch 86: reducing lr to 5.712419297014223e-06
Epoch 89: reducing lr to 3.432574542801758e-06
Epoch 92: reducing lr to 1.7111341049846452e-06
Epoch 95: reducing lr to 5.752511994297255e-07
Epoch 98: reducing lr to 4.283635492768542e-08
[I 2024-06-21 06:14:56,595] Trial 988 finished with value: 0.9676626920700073 and parameters: {'hidden_size': 139, 'n_layers': 2, 'rnn_dropout': 0.5302559600145128, 'bidirectional': True, 'fc_dropout': 0.13923594665980335, 'learning_rate_model': 0.000776806516397528}. Best is trial 690 with value: 0.966281533241272.
Epoch 40: reducing lr to 5.705532389711272e-05
Epoch 61: reducing lr to 3.275324184455048e-05
Epoch 65: reducing lr to 2.7417752338765334e-05
Epoch 72: reducing lr to 1.8473134672545404e-05
Epoch 75: reducing lr to 1.4949788150125878e-05
Epoch 79: reducing lr to 1.067771335218706e-05
Epoch 86: reducing lr to 4.696900796253536e-06
Epoch 89: reducing lr to 2.8223527134487718e-06
[I 2024-06-21 06:15:33,047] Trial 989 finished with value: 0.9693014025688171 and parameters: {'hidden_size': 135, 'n_layers': 2, 'rnn_dropout': 0.5818910183858739, 'bidirectional': True, 'fc_dropout': 0.1576786392753156, 'learning_rate_model': 0.0006387106680543457}. Best is trial 690 with value: 0.966281533241272.
Epoch 31: reducing lr to 0.00014682682245181303
Epoch 36: reducing lr to 0.00014082121821985507
Epoch 39: reducing lr to 0.00013581407280094685
Epoch 45: reducing lr to 0.00012301494758108514
Epoch 48: reducing lr to 0.00011542482065092651
Epoch 51: reducing lr to 0.00010719660023443816
Epoch 54: reducing lr to 9.846005689362409e-05
Epoch 57: reducing lr to 8.935294430123755e-05
Epoch 60: reducing lr to 8.001892744792941e-05
Epoch 63: reducing lr to 7.060517506731757e-05
Epoch 66: reducing lr to 6.126017539337885e-05
Epoch 69: reducing lr to 5.213126362768779e-05
Epoch 72: reducing lr to 4.336246222872216e-05
Epoch 75: reducing lr to 3.509202068183201e-05
Epoch 78: reducing lr to 2.745039315766617e-05
Epoch 81: reducing lr to 2.0558070072424787e-05
Epoch 84: reducing lr to 1.4523767785063012e-05
Epoch 87: reducing lr to 9.442626169834127e-06
Epoch 90: reducing lr to 5.394807958735283e-06
Epoch 93: reducing lr to 2.4441293803488093e-06
Epoch 96: reducing lr to 6.371330919939045e-07
Epoch 99: reducing lr to 2.311156934190969e-09
[I 2024-06-21 06:16:06,340] Trial 990 finished with value: 0.986136794090271 and parameters: {'hidden_size': 130, 'n_layers': 2, 'rnn_dropout': 0.5650538429439061, 'bidirectional': True, 'fc_dropout': 0.20184078906491493, 'learning_rate_model': 0.0014992619124760728}. Best is trial 690 with value: 0.966281533241272.
Epoch 36: reducing lr to 8.31440597153591e-05
Epoch 40: reducing lr to 7.907380594522139e-05
Epoch 52: reducing lr to 6.160131582876747e-05
Epoch 65: reducing lr to 3.799866304850445e-05
Epoch 68: reducing lr to 3.255664008721219e-05
Epoch 71: reducing lr to 2.7299207906157013e-05
Epoch 76: reducing lr to 1.917030274999563e-05
Epoch 79: reducing lr to 1.4798398744911279e-05
Epoch 82: reducing lr to 1.089112120754099e-05
Epoch 85: reducing lr to 7.510101750627925e-06
Epoch 88: reducing lr to 4.708647345360542e-06
Epoch 91: reducing lr to 2.530955193017154e-06
Epoch 94: reducing lr to 1.011357736590971e-06
Epoch 97: reducing lr to 1.738244128737668e-07
[I 2024-06-21 06:16:45,182] Trial 991 finished with value: 0.9697961807250977 and parameters: {'hidden_size': 142, 'n_layers': 2, 'rnn_dropout': 0.5474604332609672, 'bidirectional': True, 'fc_dropout': 0.17745821899001432, 'learning_rate_model': 0.0008851984349777369}. Best is trial 690 with value: 0.966281533241272.
Epoch 13: reducing lr to 7.158645791851168e-05
Epoch 16: reducing lr to 9.153856054928279e-05
Epoch 19: reducing lr to 0.00010729951516237827
Epoch 22: reducing lr to 0.00011665573184431729
Epoch 25: reducing lr to 0.00011860696429551256
Epoch 28: reducing lr to 0.00011786272905194631
Epoch 31: reducing lr to 0.00011619531313783026
Epoch 34: reducing lr to 0.00011363101491312013
Epoch 37: reducing lr to 0.00011021027178855496
Epoch 40: reducing lr to 0.00010598703037476804
Epoch 43: reducing lr to 0.00010102789682636223
Epoch 46: reducing lr to 9.541107377323478e-05
Epoch 49: reducing lr to 8.922515019204797e-05
Epoch 52: reducing lr to 8.256767780208025e-05
Epoch 55: reducing lr to 7.554363819085902e-05
Epoch 58: reducing lr to 6.826383100938384e-05
Epoch 61: reducing lr to 6.0843030959047195e-05
Epoch 64: reducing lr to 5.33983069230204e-05
Epoch 67: reducing lr to 4.604701721809876e-05
Epoch 70: reducing lr to 3.890514516531969e-05
Epoch 73: reducing lr to 3.208530003284861e-05
Epoch 76: reducing lr to 2.5695025496367588e-05
Epoch 79: reducing lr to 1.9835118830139273e-05
Epoch 82: reducing lr to 1.4597976920936164e-05
Epoch 85: reducing lr to 1.0066208055203689e-05
Epoch 88: reducing lr to 6.311262538223096e-06
Epoch 91: reducing lr to 3.392380342806772e-06
Epoch 94: reducing lr to 1.3555791562895256e-06
Epoch 97: reducing lr to 2.329865510696449e-07
[I 2024-06-21 06:17:01,265] Trial 992 finished with value: 1.0928634405136108 and parameters: {'hidden_size': 137, 'n_layers': 2, 'rnn_dropout': 0.5818246228997964, 'bidirectional': False, 'fc_dropout': 0.217041458797253, 'learning_rate_model': 0.0011864808111130543}. Best is trial 690 with value: 0.966281533241272.
Epoch 35: reducing lr to 7.248667216590812e-05
Epoch 40: reducing lr to 6.82395280191145e-05
Epoch 43: reducing lr to 6.504660024738279e-05
Epoch 49: reducing lr to 5.744742649181223e-05
Epoch 52: reducing lr to 5.316102680606503e-05
Epoch 65: reducing lr to 3.2792285647457335e-05
Epoch 68: reducing lr to 2.809590011360522e-05
Epoch 71: reducing lr to 2.35588136999799e-05
Epoch 74: reducing lr to 1.925255846226948e-05
Epoch 79: reducing lr to 1.2770799808105467e-05
Epoch 82: reducing lr to 9.398876934245762e-06
Epoch 85: reducing lr to 6.481107020362743e-06
Epoch 88: reducing lr to 4.0634931961976564e-06
Epoch 91: reducing lr to 2.1841769944482612e-06
Epoch 94: reducing lr to 8.727868069390607e-07
Epoch 97: reducing lr to 1.5000790401973295e-07
