[I 2024-06-21 01:09:27,883] Trial 427 finished with value: 0.9791538715362549 and parameters: {'hidden_size': 194, 'n_layers': 1, 'rnn_dropout': 0.38950968383376744, 'bidirectional': True, 'fc_dropout': 0.615808424336385, 'learning_rate_model': 0.0010276896155941666}. Best is trial 235 with value: 0.9706074595451355.
Epoch 22: reducing lr to 0.00023677709008612947
Epoch 27: reducing lr to 0.0002399404589162081
Epoch 30: reducing lr to 0.00023717620404182477
Epoch 33: reducing lr to 0.00023257050332769485
Epoch 36: reducing lr to 0.00022619599125204003
Epoch 39: reducing lr to 0.00021815319602778053
Epoch 42: reducing lr to 0.0002085689584069708
Epoch 45: reducing lr to 0.00019759442759172244
Epoch 48: reducing lr to 0.0001854026832906923
Epoch 51: reducing lr to 0.0001721859926749209
Epoch 54: reducing lr to 0.0001581528014692705
Epoch 57: reducing lr to 0.00014352437837849256
Epoch 60: reducing lr to 0.00012853148724186698
Epoch 63: reducing lr to 0.00011341051983332401
Epoch 66: reducing lr to 9.839998739213734e-05
Epoch 69: reducing lr to 8.373654908364983e-05
Epoch 72: reducing lr to 6.965154293468553e-05
Epoch 75: reducing lr to 5.636703405570249e-05
Epoch 78: reducing lr to 4.409256622721828e-05
Epoch 81: reducing lr to 3.302167881406226e-05
Epoch 84: reducing lr to 2.3328998941961808e-05
Epoch 87: reducing lr to 1.5167346323999732e-05
Epoch 90: reducing lr to 8.665483435425e-06
Epoch 93: reducing lr to 3.925915958723691e-06
Epoch 96: reducing lr to 1.0234036683167812e-06
Epoch 99: reducing lr to 3.7123271640331775e-09
[I 2024-06-21 01:10:25,899] Trial 428 finished with value: 1.1220788955688477 and parameters: {'hidden_size': 137, 'n_layers': 3, 'rnn_dropout': 0.2781884585593643, 'bidirectional': True, 'fc_dropout': 0.5749760173073585, 'learning_rate_model': 0.002408209776381123}. Best is trial 235 with value: 0.9706074595451355.
Epoch 27: reducing lr to 0.00013446280047897658
Epoch 33: reducing lr to 0.00013033267222835402
Epoch 36: reducing lr to 0.00012676039121642624
Epoch 40: reducing lr to 0.00012055493333983089
Epoch 44: reducing lr to 0.00011286291629229318
Epoch 48: reducing lr to 0.0001038997929910987
Epoch 61: reducing lr to 6.920589732088014e-05
Epoch 64: reducing lr to 6.07378969747707e-05
Epoch 67: reducing lr to 5.2376173495917626e-05
Epoch 72: reducing lr to 3.903277322625327e-05
Epoch 75: reducing lr to 3.1588125187634276e-05
Epoch 78: reducing lr to 2.470950485798215e-05
Epoch 81: reducing lr to 1.850537183229568e-05
Epoch 84: reducing lr to 1.3073587273594113e-05
Epoch 87: reducing lr to 8.499791455644952e-06
Epoch 90: reducing lr to 4.856142959359477e-06
Epoch 93: reducing lr to 2.2000860406766117e-06
Epoch 96: reducing lr to 5.73516129309345e-07
Epoch 99: reducing lr to 2.080390731191116e-09
[I 2024-06-21 01:10:42,017] Trial 429 finished with value: 0.9771947860717773 and parameters: {'hidden_size': 151, 'n_layers': 1, 'rnn_dropout': 0.30735910886376205, 'bidirectional': True, 'fc_dropout': 0.7043523759260478, 'learning_rate_model': 0.001349562437846875}. Best is trial 235 with value: 0.9706074595451355.
Epoch 27: reducing lr to 0.00016017374416585136
Epoch 33: reducing lr to 0.00015525388452116988
Epoch 36: reducing lr to 0.00015099853937846247
Epoch 40: reducing lr to 0.00014360652152060777
Epoch 46: reducing lr to 0.00012927668952202514
Epoch 61: reducing lr to 8.243891732699694e-05
Epoch 64: reducing lr to 7.235173101076265e-05
Epoch 67: reducing lr to 6.239114300786134e-05
Epoch 72: reducing lr to 4.6496320250321545e-05
Epoch 75: reducing lr to 3.762816380783391e-05
Epoch 78: reducing lr to 2.9434266544270762e-05
Epoch 81: reducing lr to 2.204382686513747e-05
Epoch 84: reducing lr to 1.5573418193219916e-05
Epoch 87: reducing lr to 1.012505627749757e-05
Epoch 90: reducing lr to 5.784697308359706e-06
Epoch 93: reducing lr to 2.620769591046065e-06
Epoch 96: reducing lr to 6.831794774745043e-07
Epoch 99: reducing lr to 2.4781870640441446e-09
[I 2024-06-21 01:10:58,081] Trial 430 finished with value: 0.9785199165344238 and parameters: {'hidden_size': 151, 'n_layers': 1, 'rnn_dropout': 0.31648180605808746, 'bidirectional': True, 'fc_dropout': 0.6921750507262113, 'learning_rate_model': 0.0016076153990956452}. Best is trial 235 with value: 0.9706074595451355.
Epoch 27: reducing lr to 0.00013641971025650022
Epoch 35: reducing lr to 0.00012992182291517027
Epoch 38: reducing lr to 0.00012565791451194083
Epoch 47: reducing lr to 0.00010779281983604556
Epoch 50: reducing lr to 0.00010045988001675804
Epoch 53: reducing lr to 9.262230261869357e-05
Epoch 56: reducing lr to 8.440366673749942e-05
Epoch 59: reducing lr to 7.593362161546364e-05
Epoch 62: reducing lr to 6.73457138603706e-05
Epoch 65: reducing lr to 5.8775405209957973e-05
Epoch 68: reducing lr to 5.035781682524146e-05
Epoch 71: reducing lr to 4.2225748957197e-05
Epoch 74: reducing lr to 3.4507412417470034e-05
Epoch 77: reducing lr to 2.7324552724285928e-05
Epoch 80: reducing lr to 2.0790426608779792e-05
Epoch 83: reducing lr to 1.5008100394373471e-05
Epoch 86: reducing lr to 1.0068741015668805e-05
Epoch 89: reducing lr to 6.050274374381722e-06
Epoch 92: reducing lr to 3.0160541883145555e-06
Epoch 95: reducing lr to 1.0139408619808718e-06
Epoch 98: reducing lr to 7.550358987961585e-08
[I 2024-06-21 01:11:42,147] Trial 431 finished with value: 0.9946141242980957 and parameters: {'hidden_size': 155, 'n_layers': 2, 'rnn_dropout': 0.3286605490921565, 'bidirectional': True, 'fc_dropout': 0.7044096664765137, 'learning_rate_model': 0.0013692033490921686}. Best is trial 235 with value: 0.9706074595451355.
Epoch 33: reducing lr to 8.281911653191299e-05
Epoch 40: reducing lr to 7.660591087455946e-05
Epoch 43: reducing lr to 7.302152001766973e-05
Epoch 49: reducing lr to 6.449066342563019e-05
Epoch 52: reducing lr to 5.967873752533511e-05
Epoch 55: reducing lr to 5.460186207619819e-05
Epoch 58: reducing lr to 4.9340121482503546e-05
Epoch 72: reducing lr to 2.4803142137106707e-05
Epoch 75: reducing lr to 2.0072485096873536e-05
Epoch 78: reducing lr to 1.5701506976651206e-05
Epoch 81: reducing lr to 1.175912777695553e-05
Epoch 84: reducing lr to 8.3075327881321e-06
Epoch 87: reducing lr to 5.401141609593079e-06
Epoch 90: reducing lr to 3.0858069797123845e-06
Epoch 93: reducing lr to 1.3980315071249823e-06
Epoch 96: reducing lr to 3.6443739189957224e-07
Epoch 99: reducing lr to 1.3219718390930155e-09
[I 2024-06-21 01:11:57,294] Trial 432 finished with value: 0.9815088510513306 and parameters: {'hidden_size': 148, 'n_layers': 1, 'rnn_dropout': 0.26559217616910746, 'bidirectional': True, 'fc_dropout': 0.5950690876883173, 'learning_rate_model': 0.0008575713740550264}. Best is trial 235 with value: 0.9706074595451355.
Epoch 27: reducing lr to 0.00016770238869891714
Epoch 33: reducing lr to 0.00016255128095168128
Epoch 36: reducing lr to 0.00015809592187340793
Epoch 40: reducing lr to 0.00015035645709081727
Epoch 46: reducing lr to 0.00013535308017450975
Epoch 61: reducing lr to 8.631379274729744e-05
Epoch 64: reducing lr to 7.575247853632468e-05
Epoch 67: reducing lr to 6.53237131376542e-05
Epoch 70: reducing lr to 5.519203405338555e-05
Epoch 73: reducing lr to 4.5517192250567006e-05
Epoch 76: reducing lr to 3.645175249114064e-05
Epoch 79: reducing lr to 2.8138708884753253e-05
Epoch 82: reducing lr to 2.070913849330769e-05
Epoch 85: reducing lr to 1.4280231969588134e-05
Epoch 88: reducing lr to 8.953350911538844e-06
Epoch 91: reducing lr to 4.812534964376055e-06
Epoch 94: reducing lr to 1.9230662329640423e-06
Epoch 97: reducing lr to 3.3052187842956895e-07
[I 2024-06-21 01:12:14,518] Trial 433 finished with value: 0.9798928499221802 and parameters: {'hidden_size': 159, 'n_layers': 1, 'rnn_dropout': 0.31362795625242945, 'bidirectional': True, 'fc_dropout': 0.6422727225991198, 'learning_rate_model': 0.0016831781259876483}. Best is trial 235 with value: 0.9706074595451355.
Epoch 27: reducing lr to 0.00013153683721063464
Epoch 36: reducing lr to 0.00012400203539415623
Epoch 40: reducing lr to 0.00011793161071444122
Epoch 44: reducing lr to 0.00011040697497430142
Epoch 47: reducing lr to 0.00010393458957352972
Epoch 61: reducing lr to 6.769994985591418e-05
Epoch 72: reducing lr to 3.818340477405156e-05
Epoch 75: reducing lr to 3.0900755196190026e-05
Epoch 78: reducing lr to 2.417181634237909e-05
Epoch 81: reducing lr to 1.8102687684297664e-05
Epoch 84: reducing lr to 1.278910088768116e-05
Epoch 87: reducing lr to 8.31483266035592e-06
Epoch 90: reducing lr to 4.750471384215365e-06
Epoch 93: reducing lr to 2.1522113056623257e-06
Epoch 96: reducing lr to 5.610361934298147e-07
Epoch 99: reducing lr to 2.035120613068202e-09
[I 2024-06-21 01:12:29,334] Trial 434 finished with value: 0.9762791395187378 and parameters: {'hidden_size': 146, 'n_layers': 1, 'rnn_dropout': 0.30652125928631074, 'bidirectional': True, 'fc_dropout': 0.4248483055428689, 'learning_rate_model': 0.0013201954299650828}. Best is trial 235 with value: 0.9706074595451355.
Epoch 27: reducing lr to 0.00018507367025140064
Epoch 31: reducing lr to 0.00018191284228745184
Epoch 34: reducing lr to 0.00017789823304089513
Epoch 40: reducing lr to 0.0001659309779406527
Epoch 46: reducing lr to 0.00014937349146947697
Epoch 49: reducing lr to 0.0001396889447314184
Epoch 52: reducing lr to 0.0001292661514861118
Epoch 55: reducing lr to 0.00011826946861215435
Epoch 61: reducing lr to 9.525451927664885e-05
Epoch 64: reducing lr to 8.359922206312964e-05
Epoch 67: reducing lr to 7.209020359596924e-05
Epoch 70: reducing lr to 6.090904482725661e-05
Epoch 73: reducing lr to 5.023204436565929e-05
Epoch 76: reducing lr to 4.02275702389837e-05
Epoch 79: reducing lr to 3.105342845644637e-05
Epoch 82: reducing lr to 2.2854273564236753e-05
Epoch 85: reducing lr to 1.5759435289845292e-05
Epoch 88: reducing lr to 9.880774669358783e-06
Epoch 91: reducing lr to 5.3110365092612705e-06
Epoch 94: reducing lr to 2.1222650949246324e-06
Epoch 97: reducing lr to 3.647586514058309e-07
[I 2024-06-21 01:12:43,574] Trial 435 finished with value: 0.9834800958633423 and parameters: {'hidden_size': 140, 'n_layers': 1, 'rnn_dropout': 0.27720528598360983, 'bidirectional': True, 'fc_dropout': 0.4287658706867108, 'learning_rate_model': 0.0018575284221066073}. Best is trial 235 with value: 0.9706074595451355.
Epoch 27: reducing lr to 0.00013204033486427744
Epoch 36: reducing lr to 0.00012447669127909217
Epoch 40: reducing lr to 0.0001183830301840302
Epoch 44: reducing lr to 0.00011082959158896384
Epoch 47: reducing lr to 0.00010433243114469962
Epoch 61: reducing lr to 6.795909221197984e-05
Epoch 72: reducing lr to 3.8329563486086274e-05
Epoch 75: reducing lr to 3.1019037329674476e-05
Epoch 78: reducing lr to 2.426434139521415e-05
Epoch 81: reducing lr to 1.8171981282706726e-05
Epoch 84: reducing lr to 1.2838055100247757e-05
Epoch 87: reducing lr to 8.346660236749717e-06
Epoch 90: reducing lr to 4.768655272823071e-06
Epoch 93: reducing lr to 2.1604495556121033e-06
Epoch 96: reducing lr to 5.631837318151962e-07
Epoch 99: reducing lr to 2.042910662402968e-09
[I 2024-06-21 01:12:58,386] Trial 436 finished with value: 0.9763141870498657 and parameters: {'hidden_size': 146, 'n_layers': 1, 'rnn_dropout': 0.2890476579871458, 'bidirectional': True, 'fc_dropout': 0.4097396133901438, 'learning_rate_model': 0.0013252488835483777}. Best is trial 235 with value: 0.9706074595451355.
Epoch 27: reducing lr to 0.000138188377250534
Epoch 33: reducing lr to 0.0001339438150462881
Epoch 36: reducing lr to 0.00013027255642038754
Epoch 39: reducing lr to 0.00012564048717446307
Epoch 46: reducing lr to 0.00011153223666215853
Epoch 61: reducing lr to 7.112339333163571e-05
Epoch 64: reducing lr to 6.242076909491395e-05
Epoch 67: reducing lr to 5.3827366351223065e-05
Epoch 72: reducing lr to 4.0114258906628744e-05
Epoch 75: reducing lr to 3.24633411212374e-05
Epoch 78: reducing lr to 2.5394134041724143e-05
Epoch 81: reducing lr to 1.9018102365958883e-05
Epoch 84: reducing lr to 1.3435818707819257e-05
Epoch 87: reducing lr to 8.7352961863023e-06
Epoch 90: reducing lr to 4.9906926886846526e-06
Epoch 93: reducing lr to 2.2610440857223287e-06
Epoch 96: reducing lr to 5.894066087717541e-07
Epoch 99: reducing lr to 2.1380323640858566e-09
[I 2024-06-21 01:13:12,378] Trial 437 finished with value: 0.9777585864067078 and parameters: {'hidden_size': 144, 'n_layers': 1, 'rnn_dropout': 0.2886202365978869, 'bidirectional': True, 'fc_dropout': 0.40566640450240493, 'learning_rate_model': 0.0013869549244848046}. Best is trial 235 with value: 0.9706074595451355.
Epoch 27: reducing lr to 0.00020483037245412763
Epoch 31: reducing lr to 0.00020133212460374678
Epoch 40: reducing lr to 0.0001836441886471115
Epoch 46: reducing lr to 0.00016531918263092246
Epoch 52: reducing lr to 0.00014306537455406398
Epoch 57: reducing lr to 0.00012252269589006738
Epoch 60: reducing lr to 0.0001097236894634286
Epoch 63: reducing lr to 9.681534795175301e-05
Epoch 66: reducing lr to 8.400128164317456e-05
Epoch 69: reducing lr to 7.148351976278028e-05
Epoch 72: reducing lr to 5.945954903044729e-05
Epoch 75: reducing lr to 4.811894014004538e-05
Epoch 78: reducing lr to 3.764057468079356e-05
Epoch 81: reducing lr to 2.8189671725630123e-05
Epoch 84: reducing lr to 1.991530550474079e-05
Epoch 87: reducing lr to 1.2947933877923214e-05
Epoch 90: reducing lr to 7.397477722558736e-06
Epoch 93: reducing lr to 3.3514432358812493e-06
Epoch 96: reducing lr to 8.736507194289245e-07
Epoch 99: reducing lr to 3.16910853267148e-09
[I 2024-06-21 01:13:26,116] Trial 438 finished with value: 0.9842969179153442 and parameters: {'hidden_size': 134, 'n_layers': 1, 'rnn_dropout': 0.298073808800101, 'bidirectional': True, 'fc_dropout': 0.4220366140396261, 'learning_rate_model': 0.0020558204634262118}. Best is trial 235 with value: 0.9706074595451355.
Epoch 27: reducing lr to 0.0001271884610970926
Epoch 33: reducing lr to 0.0001232817697708738
Epoch 36: reducing lr to 0.00011990274655482457
Epoch 40: reducing lr to 0.00011403299942092937
Epoch 44: reducing lr to 0.00010675711488242545
Epoch 47: reducing lr to 0.00010049869514078911
Epoch 55: reducing lr to 8.127850756467596e-05
Epoch 61: reducing lr to 6.54619087787212e-05
Epoch 64: reducing lr to 5.7452021071825604e-05
Epoch 72: reducing lr to 3.6921128678821194e-05
Epoch 75: reducing lr to 2.9879230666370658e-05
Epoch 78: reducing lr to 2.337273867688975e-05
Epoch 81: reducing lr to 1.7504244720436082e-05
Epoch 84: reducing lr to 1.2366315742523537e-05
Epoch 87: reducing lr to 8.03995894060475e-06
Epoch 90: reducing lr to 4.593429169021243e-06
Epoch 93: reducing lr to 2.081062991385525e-06
Epoch 96: reducing lr to 5.424893252362669e-07
Epoch 99: reducing lr to 1.967843110814091e-09
[I 2024-06-21 01:13:40,734] Trial 439 finished with value: 0.9783878326416016 and parameters: {'hidden_size': 145, 'n_layers': 1, 'rnn_dropout': 0.29061332331289935, 'bidirectional': True, 'fc_dropout': 0.4441034112295975, 'learning_rate_model': 0.0012765520948005411}. Best is trial 235 with value: 0.9706074595451355.
Epoch 27: reducing lr to 0.00016430685861194364
Epoch 33: reducing lr to 0.0001592600471807751
Epoch 36: reducing lr to 0.00015489489734708025
Epoch 40: reducing lr to 0.00014731213626877337
Epoch 46: reducing lr to 0.000132612538076912
Epoch 61: reducing lr to 8.456616659558875e-05
Epoch 64: reducing lr to 7.421869108088956e-05
Epoch 67: reducing lr to 6.400108061540701e-05
Epoch 70: reducing lr to 5.407454125174161e-05
Epoch 73: reducing lr to 4.4595589422125266e-05
Epoch 76: reducing lr to 3.571370085534197e-05
Epoch 79: reducing lr to 2.7568974408291482e-05
Epoch 82: reducing lr to 2.0289833178846298e-05
Epoch 85: reducing lr to 1.3991095018839328e-05
Epoch 88: reducing lr to 8.772069221783416e-06
Epoch 91: reducing lr to 4.715093852219413e-06
Epoch 94: reducing lr to 1.8841292249468677e-06
Epoch 97: reducing lr to 3.2382968405289623e-07
[I 2024-06-21 01:13:54,758] Trial 440 finished with value: 0.9794144034385681 and parameters: {'hidden_size': 139, 'n_layers': 1, 'rnn_dropout': 0.31414542336434326, 'bidirectional': True, 'fc_dropout': 0.4323979791565591, 'learning_rate_model': 0.001649098218045564}. Best is trial 235 with value: 0.9706074595451355.
Epoch 27: reducing lr to 0.00011944729959572072
Epoch 36: reducing lr to 0.00011260502066418416
Epoch 40: reducing lr to 0.00010709252811253451
Epoch 43: reducing lr to 0.00010208166832083596
Epoch 46: reducing lr to 9.640625899392849e-05
Epoch 55: reducing lr to 7.633159612144113e-05
Epoch 64: reducing lr to 5.395527797216882e-05
Epoch 72: reducing lr to 3.46739718420268e-05
Epoch 75: reducing lr to 2.8060669861954987e-05
Epoch 78: reducing lr to 2.195018710840237e-05
Epoch 81: reducing lr to 1.6438871461166966e-05
Epoch 84: reducing lr to 1.161365589811554e-05
Epoch 87: reducing lr to 7.550617218197173e-06
Epoch 90: reducing lr to 4.313856032151843e-06
Epoch 93: reducing lr to 1.9544017787890114e-06
Epoch 96: reducing lr to 5.094714127369844e-07
Epoch 99: reducing lr to 1.8480728801017337e-09
[I 2024-06-21 01:14:09,916] Trial 441 finished with value: 0.9773805737495422 and parameters: {'hidden_size': 148, 'n_layers': 1, 'rnn_dropout': 0.25688982634864144, 'bidirectional': True, 'fc_dropout': 0.3960751191613484, 'learning_rate_model': 0.0011988563994086302}. Best is trial 235 with value: 0.9706074595451355.
Epoch 27: reducing lr to 0.0001448319370211951
Epoch 36: reducing lr to 0.0001365355543097583
Epoch 40: reducing lr to 0.0001298515608099259
Epoch 46: reducing lr to 0.00011689427285770047
Epoch 57: reducing lr to 8.663363329474669e-05
Epoch 61: reducing lr to 7.454272948777496e-05
Epoch 64: reducing lr to 6.5421716921813e-05
Epoch 67: reducing lr to 5.641517679351003e-05
Epoch 72: reducing lr to 4.2042796472554415e-05
Epoch 75: reducing lr to 3.402405231407015e-05
Epoch 78: reducing lr to 2.661498524995933e-05
Epoch 81: reducing lr to 1.9932418767284977e-05
Epoch 84: reducing lr to 1.4081760620078152e-05
Epoch 87: reducing lr to 9.155255255818796e-06
Epoch 90: reducing lr to 5.230625784607523e-06
Epoch 93: reducing lr to 2.369746292278847e-06
Epoch 96: reducing lr to 6.177429863492897e-07
Epoch 99: reducing lr to 2.2408206454662197e-09
[I 2024-06-21 01:14:25,029] Trial 442 finished with value: 0.9781379699707031 and parameters: {'hidden_size': 143, 'n_layers': 1, 'rnn_dropout': 0.30061835850794083, 'bidirectional': True, 'fc_dropout': 0.6626243625426087, 'learning_rate_model': 0.001453634323457137}. Best is trial 235 with value: 0.9706074595451355.
Epoch 22: reducing lr to 0.0002349963716520364
Epoch 27: reducing lr to 0.0002381359498814809
Epoch 31: reducing lr to 0.00023406888421738918
Epoch 34: reducing lr to 0.00022890325052658318
Epoch 39: reducing lr to 0.00021651254144636946
Epoch 42: reducing lr to 0.00020700038355507197
Epoch 45: reducing lr to 0.00019610838838261374
Epoch 48: reducing lr to 0.00018400833396514752
Epoch 51: reducing lr to 0.00017089104149895488
Epoch 54: reducing lr to 0.00015696338906084304
Epoch 57: reducing lr to 0.00014244498127032062
Epoch 60: reducing lr to 0.0001275648464718088
Epoch 63: reducing lr to 0.00011255759861863293
Epoch 66: reducing lr to 9.765995518969761e-05
Epoch 69: reducing lr to 8.310679551878275e-05
Epoch 72: reducing lr to 6.912771781958802e-05
Epoch 75: reducing lr to 5.594311712783743e-05
Epoch 78: reducing lr to 4.376096131789738e-05
Epoch 81: reducing lr to 3.2773334212109816e-05
Epoch 84: reducing lr to 2.3153549626110443e-05
Epoch 87: reducing lr to 1.5053277968883139e-05
Epoch 90: reducing lr to 8.600313337726048e-06
Epoch 93: reducing lr to 3.89639050541288e-06
Epoch 96: reducing lr to 1.0157070040110219e-06
Epoch 99: reducing lr to 3.684408038037712e-09
[I 2024-06-21 01:14:40,804] Trial 443 finished with value: 0.9939113855361938 and parameters: {'hidden_size': 150, 'n_layers': 1, 'rnn_dropout': 0.30460855699791456, 'bidirectional': True, 'fc_dropout': 0.3992811240398393, 'learning_rate_model': 0.002390098465272413}. Best is trial 235 with value: 0.9706074595451355.
Epoch 23: reducing lr to 0.00010031894442046342
Epoch 33: reducing lr to 9.733673085122617e-05
Epoch 40: reducing lr to 9.003439351513423e-05
Epoch 43: reducing lr to 8.582168390517081e-05
Epoch 46: reducing lr to 8.105027691997663e-05
Epoch 55: reducing lr to 6.417318821360185e-05
Epoch 64: reducing lr to 4.536106126899923e-05
Epoch 72: reducing lr to 2.9150960207767583e-05
Epoch 75: reducing lr to 2.3591051935898973e-05
Epoch 78: reducing lr to 1.8453871793670123e-05
Epoch 81: reducing lr to 1.382042097768149e-05
Epoch 86: reducing lr to 7.411799385347788e-06
Epoch 89: reducing lr to 4.453726619787243e-06
Epoch 92: reducing lr to 2.220177134791535e-06
Epoch 95: reducing lr to 7.463819206307912e-07
Epoch 98: reducing lr to 5.5579685701565885e-08
[I 2024-06-21 01:14:55,785] Trial 444 finished with value: 0.9773036241531372 and parameters: {'hidden_size': 147, 'n_layers': 1, 'rnn_dropout': 0.3320784805078199, 'bidirectional': True, 'fc_dropout': 0.708895049629352, 'learning_rate_model': 0.0010078976632157779}. Best is trial 235 with value: 0.9706074595451355.
Epoch 35: reducing lr to 0.00012015174008973069
Epoch 47: reducing lr to 9.968683152587936e-05
Epoch 50: reducing lr to 9.290532662168829e-05
Epoch 53: reducing lr to 8.565713273604484e-05
Epoch 56: reducing lr to 7.805653585299364e-05
Epoch 59: reducing lr to 7.022343562998019e-05
Epoch 62: reducing lr to 6.228133600920864e-05
Epoch 65: reducing lr to 5.435551204562791e-05
Epoch 68: reducing lr to 4.657092382873413e-05
Epoch 71: reducing lr to 3.9050385069735234e-05
Epoch 74: reducing lr to 3.191246516499488e-05
Epoch 77: reducing lr to 2.5269754405617997e-05
Epoch 80: reducing lr to 1.9226992649908806e-05
Epoch 83: reducing lr to 1.3879495664117495e-05
Epoch 86: reducing lr to 9.311574656209595e-06
Epoch 89: reducing lr to 5.5952955230386285e-06
Epoch 92: reducing lr to 2.7892478014838714e-06
Epoch 95: reducing lr to 9.376928077327405e-07
Epoch 98: reducing lr to 6.982574215403953e-08
