[I 2024-06-20 23:59:09,853] Trial 226 finished with value: 1.1218527555465698 and parameters: {'hidden_size': 32, 'n_layers': 3, 'rnn_dropout': 0.5377155277254789, 'bidirectional': False, 'fc_dropout': 0.7598771111040699, 'learning_rate_model': 0.07019241257270516}. Best is trial 115 with value: 0.9733659029006958.
Epoch 11: reducing lr to 0.00011574250754056996
Epoch 14: reducing lr to 0.00015856490037489913
Epoch 17: reducing lr to 0.00019661195122078787
Epoch 20: reducing lr to 0.0002245400537009723
Epoch 23: reducing lr to 0.00023842678851016398
Epoch 26: reducing lr to 0.00023917108155273656
Epoch 29: reducing lr to 0.00023704311543906435
Epoch 32: reducing lr to 0.00023306574688323356
Epoch 35: reducing lr to 0.00022730170130513846
Epoch 38: reducing lr to 0.00021984187960223528
Epoch 41: reducing lr to 0.00021080392856720893
Epoch 44: reducing lr to 0.00020033038213355681
Epoch 47: reducing lr to 0.00018858641902838114
Epoch 50: reducing lr to 0.00017575724484429855
Epoch 53: reducing lr to 0.00016204519372988382
Epoch 56: reducing lr to 0.0001476664706155797
Epoch 59: reducing lr to 0.0001328479003155996
Epoch 62: reducing lr to 0.0001178231261892483
Epoch 65: reducing lr to 0.0001028291421668653
Epoch 68: reducing lr to 8.810234633071308e-05
Epoch 71: reducing lr to 7.387507626891406e-05
Epoch 74: reducing lr to 6.037164022283082e-05
Epoch 77: reducing lr to 4.78050352302048e-05
Epoch 80: reducing lr to 3.6373406968903244e-05
Epoch 83: reducing lr to 2.6257072726163866e-05
Epoch 86: reducing lr to 1.7615531490476924e-05
Epoch 89: reducing lr to 1.0585116709436668e-05
Epoch 92: reducing lr to 5.2766674054443e-06
Epoch 95: reducing lr to 1.7739166352486162e-06
Epoch 98: reducing lr to 1.3209554830125557e-07
[I 2024-06-20 23:59:38,888] Trial 227 finished with value: 1.0925801992416382 and parameters: {'hidden_size': 151, 'n_layers': 3, 'rnn_dropout': 0.5949993570809757, 'bidirectional': False, 'fc_dropout': 0.4847170889742864, 'learning_rate_model': 0.002395457850714959}. Best is trial 115 with value: 0.9733659029006958.
Epoch 18: reducing lr to 0.00036755264074721407
Epoch 23: reducing lr to 0.0004227930421415786
Epoch 29: reducing lr to 0.00042033942797047366
Epoch 32: reducing lr to 0.00041328651348068144
Epoch 35: reducing lr to 0.0004030653534330484
Epoch 38: reducing lr to 0.00038983713888839897
Epoch 41: reducing lr to 0.0003738104883735701
Epoch 44: reducing lr to 0.00035523815182378636
Epoch 47: reducing lr to 0.0003344130343147107
Epoch 50: reducing lr to 0.0003116635537913792
Epoch 53: reducing lr to 0.00028734850160747955
Epoch 56: reducing lr to 0.00026185126564001645
Epoch 59: reducing lr to 0.00023557406559690823
Epoch 62: reducing lr to 0.0002089312122494986
Epoch 65: reducing lr to 0.00018234295780771522
Epoch 68: reducing lr to 0.00015622849788703687
Epoch 71: reducing lr to 0.00013099982778505548
Epoch 74: reducing lr to 0.00010705470466796743
Epoch 77: reducing lr to 8.477082798018739e-05
Epoch 80: reducing lr to 6.449956182159755e-05
Epoch 83: reducing lr to 4.65606558935564e-05
Epoch 86: reducing lr to 3.123694360997534e-05
Epoch 89: reducing lr to 1.8770179823210648e-05
Epoch 92: reducing lr to 9.356911103225364e-06
Epoch 95: reducing lr to 3.1456180549542348e-06
Epoch 98: reducing lr to 2.3423994874333804e-07
[I 2024-06-21 00:00:32,755] Trial 228 finished with value: 1.1661567687988281 and parameters: {'hidden_size': 178, 'n_layers': 2, 'rnn_dropout': 0.6129506921622574, 'bidirectional': True, 'fc_dropout': 0.3808712944016839, 'learning_rate_model': 0.004247773156507247}. Best is trial 115 with value: 0.9733659029006958.
[I 2024-06-21 00:00:55,208] Trial 229 finished with value: 1.096038818359375 and parameters: {'hidden_size': 172, 'n_layers': 2, 'rnn_dropout': 0.6849273903898975, 'bidirectional': False, 'fc_dropout': 0.022169392097891996, 'learning_rate_model': 2.195637079696368e-05}. Best is trial 115 with value: 0.9733659029006958.
Epoch 12: reducing lr to 9.585473401131708e-06
Epoch 15: reducing lr to 1.2669385724148257e-05
Epoch 36: reducing lr to 1.6567090422404044e-05
Epoch 39: reducing lr to 1.597801846320775e-05
Epoch 42: reducing lr to 1.5276047882673294e-05
Epoch 45: reducing lr to 1.4472249179817018e-05
Epoch 48: reducing lr to 1.3579299092045852e-05
Epoch 51: reducing lr to 1.2611279688587706e-05
Epoch 54: reducing lr to 1.1583457991430204e-05
Epoch 57: reducing lr to 1.0512040205727443e-05
Epoch 60: reducing lr to 9.413927981108185e-06
Epoch 63: reducing lr to 8.306435169476419e-06
Epoch 66: reducing lr to 7.207030857025653e-06
Epoch 69: reducing lr to 6.133048479993297e-06
Epoch 72: reducing lr to 5.101431742762973e-06
Epoch 75: reducing lr to 4.128445180989163e-06
Epoch 78: reducing lr to 3.2294362406635962e-06
Epoch 81: reducing lr to 2.4185801692770683e-06
Epoch 84: reducing lr to 1.7086670404560674e-06
Epoch 87: reducing lr to 1.1108897051037146e-06
Epoch 90: reducing lr to 6.346790092692914e-07
Epoch 93: reducing lr to 2.875426939218464e-07
Epoch 96: reducing lr to 7.495632887999653e-08
Epoch 99: reducing lr to 2.718989822219275e-10
[I 2024-06-21 00:02:07,649] Trial 230 finished with value: 1.0933549404144287 and parameters: {'hidden_size': 197, 'n_layers': 5, 'rnn_dropout': 0.3341058774513466, 'bidirectional': False, 'fc_dropout': 0.029580054687486257, 'learning_rate_model': 0.00017638256496317842}. Best is trial 115 with value: 0.9733659029006958.
Epoch 9: reducing lr to 7.505163656586204e-05
Epoch 18: reducing lr to 0.0001777681303845604
Epoch 22: reducing lr to 0.00020199519440553497
Epoch 25: reducing lr to 0.00020537385031963595
Epoch 28: reducing lr to 0.0002040851700265129
Epoch 31: reducing lr to 0.00020119795654457065
Epoch 34: reducing lr to 0.00019675774679040825
Epoch 37: reducing lr to 0.00019083456014939456
Epoch 40: reducing lr to 0.0001835218078575666
Epoch 43: reducing lr to 0.0001749348217801908
Epoch 47: reducing lr to 0.000161740042910587
Epoch 50: reducing lr to 0.0001507371764595907
Epoch 53: reducing lr to 0.00013897711575604744
Epoch 56: reducing lr to 0.0001266452876981797
Epoch 59: reducing lr to 0.00011393622726561675
Epoch 62: reducing lr to 0.00010105031732343679
Epoch 65: reducing lr to 8.819081433443355e-05
Epoch 68: reducing lr to 7.556046373577113e-05
Epoch 71: reducing lr to 6.335852850548513e-05
Epoch 74: reducing lr to 5.177738529916981e-05
Epoch 77: reducing lr to 4.099970978457272e-05
Epoch 80: reducing lr to 3.119544044722165e-05
Epoch 83: reducing lr to 2.2519225357352082e-05
Epoch 86: reducing lr to 1.5107857892639426e-05
Epoch 89: reducing lr to 9.078263639653765e-06
Epoch 92: reducing lr to 4.525503039818669e-06
Epoch 95: reducing lr to 1.5213892611309118e-06
Epoch 98: reducing lr to 1.1329097694637996e-07
[I 2024-06-21 00:02:27,031] Trial 231 finished with value: 1.0937435626983643 and parameters: {'hidden_size': 75, 'n_layers': 5, 'rnn_dropout': 0.5206650053405577, 'bidirectional': False, 'fc_dropout': 0.5283661820888798, 'learning_rate_model': 0.00205445046128604}. Best is trial 115 with value: 0.9733659029006958.
Epoch 10: reducing lr to 0.0002265168898972053
Epoch 30: reducing lr to 0.0005267952284371246
Epoch 33: reducing lr to 0.0005165654451854066
Epoch 36: reducing lr to 0.000502406931439746
Epoch 39: reducing lr to 0.00048454297175393516
Epoch 42: reducing lr to 0.00046325529381319294
Epoch 45: reducing lr to 0.0004388796171251997
Epoch 48: reducing lr to 0.0004118003713380651
Epoch 51: reducing lr to 0.000382444603628374
Epoch 54: reducing lr to 0.0003512752955742709
Epoch 57: reducing lr to 0.00031878391004546656
Epoch 60: reducing lr to 0.00028548299968154657
Epoch 63: reducing lr to 0.00025189761740277035
Epoch 66: reducing lr to 0.00021855752370212507
Epoch 69: reducing lr to 0.00018598836540650128
Epoch 72: reducing lr to 0.00015470397049109278
Epoch 75: reducing lr to 0.00012519757073294172
Epoch 78: reducing lr to 9.79345866162459e-05
Epoch 81: reducing lr to 7.334489100417358e-05
Epoch 84: reducing lr to 5.1816350533517245e-05
Epoch 87: reducing lr to 3.368839510614402e-05
Epoch 90: reducing lr to 1.9247020772277054e-05
Epoch 93: reducing lr to 8.719904269722037e-06
Epoch 96: reducing lr to 2.27309553001891e-06
Epoch 99: reducing lr to 8.245499350575253e-09
[I 2024-06-21 00:03:42,277] Trial 232 finished with value: 1.2331706285476685 and parameters: {'hidden_size': 89, 'n_layers': 7, 'rnn_dropout': 0.12326333746588594, 'bidirectional': True, 'fc_dropout': 0.43879127173288324, 'learning_rate_model': 0.0053489068365791615}. Best is trial 115 with value: 0.9733659029006958.
Epoch 9: reducing lr to 0.0014643110966505353
Epoch 12: reducing lr to 0.002178345550068696
Epoch 16: reducing lr to 0.0030925178875568383
Epoch 19: reducing lr to 0.003624982389658419
Epoch 22: reducing lr to 0.003941070683762371
Epoch 25: reducing lr to 0.0040069906766254226
Epoch 28: reducing lr to 0.003981847602608657
Epoch 31: reducing lr to 0.003925516003013264
Epoch 34: reducing lr to 0.0038388843356442224
Epoch 37: reducing lr to 0.003723318728778911
Epoch 40: reducing lr to 0.0035806417024280834
Epoch 43: reducing lr to 0.0034131034637535592
Epoch 46: reducing lr to 0.0032233459925981494
Epoch 49: reducing lr to 0.003014362158778952
Epoch 52: reducing lr to 0.0027894476273689177
Epoch 55: reducing lr to 0.002552149072418245
Epoch 58: reducing lr to 0.0023062097241087847
Epoch 61: reducing lr to 0.002055507104819797
Epoch 64: reducing lr to 0.0018039962430454082
Epoch 67: reducing lr to 0.0015556419454393956
Epoch 70: reducing lr to 0.001314362566111919
Epoch 73: reducing lr to 0.0010839624709391368
Epoch 76: reducing lr to 0.0008680748909741118
Epoch 79: reducing lr to 0.0006701051383804161
Epoch 82: reducing lr to 0.0004931747285433011
Epoch 85: reducing lr to 0.00034007448100329616
Epoch 88: reducing lr to 0.00021321825660579747
Epoch 91: reducing lr to 0.00011460740510419107
Epoch 94: reducing lr to 4.579657756981631e-05
Epoch 97: reducing lr to 7.871164593583474e-06
[I 2024-06-21 00:03:55,797] Trial 233 finished with value: 1.2059111595153809 and parameters: {'hidden_size': 59, 'n_layers': 2, 'rnn_dropout': 0.4067856107436928, 'bidirectional': True, 'fc_dropout': 0.09517866973841188, 'learning_rate_model': 0.040083797577684495}. Best is trial 115 with value: 0.9733659029006958.
Epoch 5: reducing lr to 0.00011031033330268656
Epoch 8: reducing lr to 0.00020629322912096783
Epoch 11: reducing lr to 0.00032196882336687566
Epoch 14: reducing lr to 0.00044109079270722646
Epoch 17: reducing lr to 0.0005469288677043199
Epoch 20: reducing lr to 0.0006246183742260498
Epoch 23: reducing lr to 0.0006632480511004348
Epoch 26: reducing lr to 0.000665318501795252
Epoch 29: reducing lr to 0.0006593989933938682
Epoch 32: reducing lr to 0.0006483348761457744
Epoch 35: reducing lr to 0.0006323006376274684
Epoch 38: reducing lr to 0.0006115491430620986
Epoch 41: reducing lr to 0.0005864076585528323
Epoch 44: reducing lr to 0.0005572726804589864
Epoch 47: reducing lr to 0.0005246036977059383
Epoch 50: reducing lr to 0.0004889159093160945
Epoch 53: reducing lr to 0.00045077216198361955
Epoch 56: reducing lr to 0.00041077388770216895
Epoch 59: reducing lr to 0.0003695520605200374
Epoch 62: reducing lr to 0.0003277566220972197
Epoch 65: reducing lr to 0.0002860468346055653
Epoch 68: reducing lr to 0.0002450803027057088
Epoch 71: reducing lr to 0.0002055033357049328
Epoch 74: reducing lr to 0.000167939907129279
Epoch 77: reducing lr to 0.00013298252535859384
Epoch 80: reducing lr to 0.00010118238573254799
Epoch 83: reducing lr to 7.304108914124047e-05
Epoch 86: reducing lr to 4.900232479396541e-05
Epoch 89: reducing lr to 2.944534073571715e-05
Epoch 92: reducing lr to 1.4678465430980475e-05
Epoch 95: reducing lr to 4.934624831777913e-06
Epoch 98: reducing lr to 3.6745919163418475e-07
[I 2024-06-21 00:04:32,853] Trial 234 finished with value: 1.107452392578125 and parameters: {'hidden_size': 104, 'n_layers': 7, 'rnn_dropout': 0.4427469649986126, 'bidirectional': False, 'fc_dropout': 0.6833903783331062, 'learning_rate_model': 0.006663608401168412}. Best is trial 115 with value: 0.9733659029006958.
Epoch 40: reducing lr to 4.552787738167352e-05
Epoch 52: reducing lr to 3.5467840710041816e-05
Epoch 61: reducing lr to 2.613578324855419e-05
Epoch 65: reducing lr to 2.1878275002196053e-05
Epoch 72: reducing lr to 1.4740826145224106e-05
Epoch 75: reducing lr to 1.1929335867206777e-05
Epoch 78: reducing lr to 9.331607393991168e-06
Epoch 81: reducing lr to 6.988600767652463e-06
Epoch 84: reducing lr to 4.937273505456322e-06
Epoch 87: reducing lr to 3.2099678747410063e-06
Epoch 90: reducing lr to 1.8339347472273749e-06
Epoch 93: reducing lr to 8.308680923633615e-07
Epoch 96: reducing lr to 2.1658982580169494e-07
Epoch 99: reducing lr to 7.8566485412759e-10
[I 2024-06-21 00:06:07,758] Trial 235 finished with value: 0.9706074595451355 and parameters: {'hidden_size': 181, 'n_layers': 3, 'rnn_dropout': 0.42240111731010094, 'bidirectional': True, 'fc_dropout': 0.18517034842739824, 'learning_rate_model': 0.000509665689217419}. Best is trial 235 with value: 0.9706074595451355.
Epoch 6: reducing lr to 6.6326186945472e-05
Epoch 34: reducing lr to 0.0003040728748199387
Epoch 37: reducing lr to 0.0002949190782380605
Epoch 40: reducing lr to 0.00028361782251372624
Epoch 43: reducing lr to 0.000270347343535494
Epoch 46: reducing lr to 0.0002553169089800585
Epoch 49: reducing lr to 0.00023876358004793486
Epoch 52: reducing lr to 0.00022094840194537515
Epoch 55: reducing lr to 0.00020215230196275885
Epoch 58: reducing lr to 0.00018267177633779234
Epoch 61: reducing lr to 0.00016281395841286176
Epoch 64: reducing lr to 0.00014289212068566577
Epoch 67: reducing lr to 0.00012322031016880273
Epoch 70: reducing lr to 0.00010410889443124984
Epoch 73: reducing lr to 8.585921218698953e-05
Epoch 76: reducing lr to 6.875904679040216e-05
Epoch 79: reducing lr to 5.307812844659509e-05
Epoch 82: reducing lr to 3.906370819884018e-05
Epoch 85: reducing lr to 2.6936843116482592e-05
Epoch 88: reducing lr to 1.688873187666389e-05
Epoch 91: reducing lr to 9.077898706691922e-06
Epoch 94: reducing lr to 3.627485430928324e-06
Epoch 97: reducing lr to 6.234643810257203e-07
[I 2024-06-21 00:06:27,249] Trial 236 finished with value: 1.0972371101379395 and parameters: {'hidden_size': 61, 'n_layers': 6, 'rnn_dropout': 0.7893419559744661, 'bidirectional': False, 'fc_dropout': 0.26409244175925944, 'learning_rate_model': 0.0031749837967185394}. Best is trial 235 with value: 0.9706074595451355.
Epoch 16: reducing lr to 0.00021955506794238706
Epoch 19: reducing lr to 0.00025735768839163525
Epoch 22: reducing lr to 0.00027979855677497486
Epoch 25: reducing lr to 0.00028447858419536375
Epoch 28: reducing lr to 0.00028269353734203966
Epoch 31: reducing lr to 0.0002786942433601896
Epoch 34: reducing lr to 0.000272543778817461
Epoch 37: reducing lr to 0.000264339132768619
Epoch 40: reducing lr to 0.000254209696059355
Epoch 43: reducing lr to 0.00024231522342812534
Epoch 46: reducing lr to 0.0002288432837379023
Epoch 49: reducing lr to 0.00021400635748513824
Epoch 52: reducing lr to 0.00019803842228785073
Epoch 55: reducing lr to 0.00018119127628929177
Epoch 58: reducing lr to 0.0001637306722471761
Epoch 61: reducing lr to 0.00014593189707022363
Epoch 64: reducing lr to 0.00012807574025790208
Epoch 67: reducing lr to 0.00011044368551569008
Epoch 70: reducing lr to 9.33139186242876e-05
Epoch 73: reducing lr to 7.69565327048301e-05
Epoch 76: reducing lr to 6.162947106426349e-05
Epoch 79: reducing lr to 4.757449577822395e-05
Epoch 82: reducing lr to 3.5013220608510557e-05
Epoch 85: reducing lr to 2.4143781377167e-05
Epoch 88: reducing lr to 1.5137551509080122e-05
Epoch 91: reducing lr to 8.136617969324145e-06
Epoch 94: reducing lr to 3.2513540957440807e-06
Epoch 97: reducing lr to 5.58817811235077e-07
[I 2024-06-21 00:06:44,809] Trial 237 finished with value: 1.0968854427337646 and parameters: {'hidden_size': 63, 'n_layers': 5, 'rnn_dropout': 0.29691774757018363, 'bidirectional': False, 'fc_dropout': 0.753999099380966, 'learning_rate_model': 0.00284577202801892}. Best is trial 235 with value: 0.9706074595451355.
Epoch 34: reducing lr to 8.742120400917354e-06
Epoch 37: reducing lr to 8.47894798906815e-06
Epoch 40: reducing lr to 8.15403594855092e-06
Epoch 55: reducing lr to 5.811895467912214e-06
Epoch 65: reducing lr to 3.918395741682435e-06
Epoch 68: reducing lr to 3.357218113657838e-06
Epoch 71: reducing lr to 2.8150753586842105e-06
Epoch 74: reducing lr to 2.3005149414127e-06
Epoch 77: reducing lr to 1.821653303039741e-06
Epoch 83: reducing lr to 1.0005490641192899e-06
Epoch 87: reducing lr to 5.74904760547165e-07
Epoch 90: reducing lr to 3.284574356679355e-07
Epoch 93: reducing lr to 1.488083495928999e-07
Epoch 96: reducing lr to 3.87912050208667e-08
Epoch 99: reducing lr to 1.407124564653875e-10
[I 2024-06-21 00:07:30,913] Trial 238 finished with value: 1.0766514539718628 and parameters: {'hidden_size': 55, 'n_layers': 7, 'rnn_dropout': 0.6003628373786594, 'bidirectional': True, 'fc_dropout': 0.6641252209298395, 'learning_rate_model': 9.128104780247618e-05}. Best is trial 235 with value: 0.9706074595451355.
Epoch 3: reducing lr to 2.151731838622399e-05
Epoch 6: reducing lr to 4.673299280731525e-05
Epoch 16: reducing lr to 0.0001725931030498493
Epoch 19: reducing lr to 0.00020230989177122605
Epoch 22: reducing lr to 0.00021995074673172364
Epoch 25: reducing lr to 0.0002236297347068737
Epoch 28: reducing lr to 0.00022222650234976225
Epoch 31: reducing lr to 0.0002190826416099262
Epoch 34: reducing lr to 0.00021424773722545468
Epoch 37: reducing lr to 0.00020779803267403476
Epoch 40: reducing lr to 0.00019983524260873005
Epoch 43: reducing lr to 0.00019048495085821518
Epoch 46: reducing lr to 0.00017989460604391942
Epoch 49: reducing lr to 0.00016823123992039962
Epoch 52: reducing lr to 0.00015567878321408505
Epoch 55: reducing lr to 0.0001424351754364311
Epoch 58: reducing lr to 0.0001287093258762457
Epoch 61: reducing lr to 0.00011471763865596731
Epoch 64: reducing lr to 0.00010068084350627854
Epoch 67: reducing lr to 8.68202158759397e-05
Epoch 70: reducing lr to 7.335443870206215e-05
Epoch 73: reducing lr to 6.049583325022215e-05
Epoch 76: reducing lr to 4.8447169769241293e-05
Epoch 79: reducing lr to 3.73984983783215e-05
Epoch 82: reducing lr to 2.7524030527856064e-05
Epoch 85: reducing lr to 1.8979521567390492e-05
Epoch 88: reducing lr to 1.1899688820731945e-05
Epoch 91: reducing lr to 6.396227410361208e-06
Epoch 94: reducing lr to 2.555902251573459e-06
Epoch 97: reducing lr to 4.392888808464959e-07
[I 2024-06-21 00:08:09,861] Trial 239 finished with value: 1.0938940048217773 and parameters: {'hidden_size': 132, 'n_layers': 5, 'rnn_dropout': 0.5939067437656814, 'bidirectional': False, 'fc_dropout': 0.722348721697368, 'learning_rate_model': 0.0022370725918161565}. Best is trial 235 with value: 0.9706074595451355.
[I 2024-06-21 00:08:14,466] Trial 240 finished with value: 1.0962742567062378 and parameters: {'hidden_size': 32, 'n_layers': 1, 'rnn_dropout': 0.08421002133022953, 'bidirectional': True, 'fc_dropout': 0.6226407120541021, 'learning_rate_model': 1.4376264309585954e-05}. Best is trial 235 with value: 0.9706074595451355.
Epoch 5: reducing lr to 0.0010308555257875144
Epoch 8: reducing lr to 0.0019278204389825762
Epoch 11: reducing lr to 0.0030088145938995605
Epoch 14: reducing lr to 0.004122015294691939
Epoch 17: reducing lr to 0.005111077345208016
Epoch 20: reducing lr to 0.005837089629785893
Epoch 23: reducing lr to 0.006198085872595505
Epoch 26: reducing lr to 0.006217434336839252
Epoch 29: reducing lr to 0.006162116237774426
Epoch 32: reducing lr to 0.0060587215143457305
Epoch 35: reducing lr to 0.005908880761593802
Epoch 38: reducing lr to 0.0057149570175474215
Epoch 41: reducing lr to 0.005480008600142476
Epoch 44: reducing lr to 0.005207740787485909
Epoch 47: reducing lr to 0.004902447526333044
Epoch 50: reducing lr to 0.004568943377053948
Epoch 53: reducing lr to 0.0042124881698701365
Epoch 56: reducing lr to 0.003838702316537085
Epoch 59: reducing lr to 0.003453482300773399
Epoch 62: reducing lr to 0.0030629018595680416
Epoch 65: reducing lr to 0.002673121830554679
Epoch 68: reducing lr to 0.0022902875618426195
Epoch 71: reducing lr to 0.0019204388459049039
Epoch 74: reducing lr to 0.0015694067462331102
Epoch 77: reducing lr to 0.0012427282829698973
Epoch 80: reducing lr to 0.000945554403852214
Epoch 83: reducing lr to 0.0006825725940305214
Epoch 86: reducing lr to 0.0004579291511311527
Epoch 89: reducing lr to 0.00027516816690980814
Epoch 92: reducing lr to 0.00013717098613134844
Epoch 95: reducing lr to 4.611431334876209e-05
Epoch 98: reducing lr to 3.4339243374245655e-06
[I 2024-06-21 00:08:35,595] Trial 241 finished with value: 1.107245922088623 and parameters: {'hidden_size': 60, 'n_layers': 7, 'rnn_dropout': 0.7788150886690349, 'bidirectional': False, 'fc_dropout': 0.03476123337198143, 'learning_rate_model': 0.06227175040056983}. Best is trial 235 with value: 0.9706074595451355.
Epoch 28: reducing lr to 1.0682864297463442e-05
Epoch 33: reducing lr to 1.0385615868395378e-05
Epoch 41: reducing lr to 9.463724832719208e-06
Epoch 44: reducing lr to 8.993530742198785e-06
Epoch 47: reducing lr to 8.466303208877199e-06
Epoch 50: reducing lr to 7.890356758854217e-06
Epoch 53: reducing lr to 7.274774878948076e-06
Epoch 56: reducing lr to 6.629263763835015e-06
Epoch 61: reducing lr to 5.514702131964039e-06
Epoch 64: reducing lr to 4.839925828643534e-06
Epoch 67: reducing lr to 4.173618243873411e-06
Epoch 70: reducing lr to 3.526291895812528e-06
Epoch 73: reducing lr to 2.9081534845782615e-06
Epoch 76: reducing lr to 2.328950574159689e-06
Epoch 79: reducing lr to 1.7978192469398001e-06
Epoch 87: reducing lr to 6.773095917586304e-07
Epoch 90: reducing lr to 3.8696387111249914e-07
Epoch 93: reducing lr to 1.75314816348217e-07
Epoch 96: reducing lr to 4.570088306714092e-08
Epoch 99: reducing lr to 1.6577684337304531e-10
