[I 2024-06-21 04:48:39,902] Trial 839 finished with value: 0.971576452255249 and parameters: {'hidden_size': 135, 'n_layers': 2, 'rnn_dropout': 0.5448524700719796, 'bidirectional': True, 'fc_dropout': 0.15084410704697088, 'learning_rate_model': 0.0005036954101041111}. Best is trial 690 with value: 0.966281533241272.
Epoch 31: reducing lr to 8.687511314792386e-05
Epoch 36: reducing lr to 8.332169192378598e-05
Epoch 40: reducing lr to 7.924274230491869e-05
Epoch 43: reducing lr to 7.553497409552132e-05
Epoch 52: reducing lr to 6.173292327986051e-05
Epoch 65: reducing lr to 3.807984487265018e-05
Epoch 68: reducing lr to 3.262619536148492e-05
Epoch 72: reducing lr to 2.5656884413807573e-05
Epoch 75: reducing lr to 2.0763394701427704e-05
Epoch 78: reducing lr to 1.624196432031276e-05
Epoch 81: reducing lr to 1.216388554775809e-05
Epoch 84: reducing lr to 8.593484137243479e-06
Epoch 87: reducing lr to 5.587052850558756e-06
Epoch 90: reducing lr to 3.1920227108385543e-06
Epoch 93: reducing lr to 1.4461527731804988e-06
Epoch 96: reducing lr to 3.76981593233237e-07
Epoch 99: reducing lr to 1.3674750757967925e-09
[I 2024-06-21 04:49:17,236] Trial 840 finished with value: 0.9713135361671448 and parameters: {'hidden_size': 144, 'n_layers': 2, 'rnn_dropout': 0.6333088895753085, 'bidirectional': True, 'fc_dropout': 0.1899427949152469, 'learning_rate_model': 0.0008870896074011116}. Best is trial 690 with value: 0.966281533241272.
Epoch 14: reducing lr to 6.799672408954401e-05
Epoch 17: reducing lr to 8.43122820262126e-05
Epoch 20: reducing lr to 9.628857359010668e-05
Epoch 23: reducing lr to 0.00010224356408985004
Epoch 26: reducing lr to 0.00010256273616726388
Epoch 29: reducing lr to 0.00010165020934473781
Epoch 32: reducing lr to 9.99446109957096e-05
Epoch 35: reducing lr to 9.747283940006247e-05
Epoch 38: reducing lr to 9.427387521006701e-05
Epoch 41: reducing lr to 9.039816840855863e-05
Epoch 44: reducing lr to 8.59068412270432e-05
Epoch 47: reducing lr to 8.08707265693076e-05
Epoch 50: reducing lr to 7.53692453762487e-05
Epoch 53: reducing lr to 6.948916375588918e-05
Epoch 56: reducing lr to 6.332319596571829e-05
Epoch 59: reducing lr to 5.696861034363589e-05
Epoch 62: reducing lr to 5.0525599195760495e-05
Epoch 65: reducing lr to 4.409579163959593e-05
Epoch 68: reducing lr to 3.778056127760336e-05
Epoch 71: reducing lr to 3.167954046749778e-05
Epoch 74: reducing lr to 2.5888918375752223e-05
Epoch 77: reducing lr to 2.0500033632624386e-05
Epoch 80: reducing lr to 1.5597856221733732e-05
Epoch 83: reducing lr to 1.1259710852394199e-05
Epoch 86: reducing lr to 7.5539948098012e-06
Epoch 89: reducing lr to 4.5391713969829314e-06
Epoch 92: reducing lr to 2.262771249071996e-06
Epoch 95: reducing lr to 7.607012631400018e-07
Epoch 98: reducing lr to 5.6645982371016264e-08
[I 2024-06-21 04:49:33,519] Trial 841 finished with value: 1.092559814453125 and parameters: {'hidden_size': 138, 'n_layers': 2, 'rnn_dropout': 0.5972071049330442, 'bidirectional': False, 'fc_dropout': 0.1294055622019968, 'learning_rate_model': 0.0010272341871251961}. Best is trial 690 with value: 0.966281533241272.
Epoch 40: reducing lr to 5.918524049828857e-05
Epoch 43: reducing lr to 5.64159628735859e-05
Epoch 47: reducing lr to 5.216068569516289e-05
Epoch 53: reducing lr to 4.4819708980656856e-05
Epoch 56: reducing lr to 4.0842730887923046e-05
Epoch 63: reducing lr to 3.1201856670023834e-05
Epoch 66: reducing lr to 2.7072112070854568e-05
Epoch 72: reducing lr to 1.9162750181271013e-05
Epoch 75: reducing lr to 1.5507874579052915e-05
Epoch 78: reducing lr to 1.2130884627432502e-05
Epoch 81: reducing lr to 9.085027481349961e-06
Epoch 84: reducing lr to 6.418347101415421e-06
Epoch 87: reducing lr to 4.172887724715252e-06
Epoch 90: reducing lr to 2.3840748858744777e-06
Epoch 93: reducing lr to 1.0801102686301364e-06
Epoch 96: reducing lr to 2.8156201577532546e-07
Epoch 99: reducing lr to 1.0213470518871496e-09
[I 2024-06-21 04:50:06,673] Trial 842 finished with value: 0.9703547954559326 and parameters: {'hidden_size': 130, 'n_layers': 2, 'rnn_dropout': 0.6216204269657469, 'bidirectional': True, 'fc_dropout': 0.16459185319860076, 'learning_rate_model': 0.0006625542003019282}. Best is trial 690 with value: 0.966281533241272.
Epoch 31: reducing lr to 7.847942966032389e-05
Epoch 36: reducing lr to 7.526941403089509e-05
Epoch 40: reducing lr to 7.158465750969393e-05
Epoch 43: reducing lr to 6.823521111656267e-05
Epoch 46: reducing lr to 6.444155491986631e-05
Epoch 49: reducing lr to 6.0263522764662e-05
Epoch 52: reducing lr to 5.5767002018388315e-05
Epoch 55: reducing lr to 5.102289825280628e-05
Epoch 58: reducing lr to 4.6106046615583954e-05
Epoch 61: reducing lr to 4.109396704157474e-05
Epoch 64: reducing lr to 3.606572897802355e-05
Epoch 67: reducing lr to 3.110059735842273e-05
Epoch 70: reducing lr to 2.6276908430933386e-05
Epoch 73: reducing lr to 2.167071957602498e-05
Epoch 76: reducing lr to 1.7354666824387408e-05
Epoch 79: reducing lr to 1.3396829622444356e-05
Epoch 82: reducing lr to 9.859613714287155e-06
Epoch 85: reducing lr to 6.798813529401661e-06
Epoch 88: reducing lr to 4.262687289708407e-06
Epoch 91: reducing lr to 2.2912462413915686e-06
Epoch 94: reducing lr to 9.155711721249159e-07
Epoch 97: reducing lr to 1.5736135264580921e-07
[I 2024-06-21 04:51:03,721] Trial 843 finished with value: 0.9797888994216919 and parameters: {'hidden_size': 134, 'n_layers': 3, 'rnn_dropout': 0.5793684516447252, 'bidirectional': True, 'fc_dropout': 0.23629955435644986, 'learning_rate_model': 0.0008013605268968056}. Best is trial 690 with value: 0.966281533241272.
Epoch 36: reducing lr to 0.00011700232405704337
Epoch 39: reducing lr to 0.00011284210119922663
Epoch 47: reducing lr to 9.806765261041037e-05
Epoch 51: reducing lr to 8.906506787110488e-05
Epoch 54: reducing lr to 8.18062478720871e-05
Epoch 57: reducing lr to 7.423953773970626e-05
Epoch 60: reducing lr to 6.648430256683881e-05
Epoch 65: reducing lr to 5.347263415998708e-05
Epoch 68: reducing lr to 4.581448833185685e-05
Epoch 71: reducing lr to 3.8416103097101304e-05
Epoch 74: reducing lr to 3.1394121970162924e-05
Epoch 77: reducing lr to 2.4859306476775612e-05
Epoch 80: reducing lr to 1.8914695221752213e-05
Epoch 83: reducing lr to 1.3654055790137255e-05
Epoch 86: reducing lr to 9.160329951945546e-06
Epoch 89: reducing lr to 5.504413062456344e-06
Epoch 92: reducing lr to 2.743943008854267e-06
Epoch 95: reducing lr to 9.224621859923532e-07
Epoch 98: reducing lr to 6.869158664199893e-08
[I 2024-06-21 04:51:40,860] Trial 844 finished with value: 0.9776932001113892 and parameters: {'hidden_size': 140, 'n_layers': 2, 'rnn_dropout': 0.5567136583638533, 'bidirectional': True, 'fc_dropout': 0.2077605821564052, 'learning_rate_model': 0.001245672565167279}. Best is trial 690 with value: 0.966281533241272.
Epoch 31: reducing lr to 8.898381781273608e-05
Epoch 36: reducing lr to 8.53441450069902e-05
Epoch 40: reducing lr to 8.116618774626587e-05
Epoch 52: reducing lr to 6.323135589854478e-05
Epoch 55: reducing lr to 5.785225889199902e-05
Epoch 61: reducing lr to 4.6594350803223935e-05
Epoch 65: reducing lr to 3.9004150391326814e-05
Epoch 72: reducing lr to 2.6279649552033326e-05
Epoch 75: reducing lr to 2.1267381006339747e-05
Epoch 78: reducing lr to 1.663620272400428e-05
Epoch 81: reducing lr to 1.2459137447495187e-05
Epoch 84: reducing lr to 8.802072298232013e-06
Epoch 87: reducing lr to 5.7226664225199866e-06
Epoch 90: reducing lr to 3.269502128552479e-06
Epoch 93: reducing lr to 1.4812549904707823e-06
Epoch 96: reducing lr to 3.8613200254373256e-07
Epoch 99: reducing lr to 1.4006675628803339e-09
[I 2024-06-21 04:52:15,231] Trial 845 finished with value: 0.9724490642547607 and parameters: {'hidden_size': 136, 'n_layers': 2, 'rnn_dropout': 0.6052991069141691, 'bidirectional': True, 'fc_dropout': 0.14916972452944088, 'learning_rate_model': 0.0009086217807180895}. Best is trial 690 with value: 0.966281533241272.
Epoch 40: reducing lr to 5.7405893903040886e-05
Epoch 47: reducing lr to 5.059252549650395e-05
Epoch 65: reducing lr to 2.7586217627250432e-05
Epoch 72: reducing lr to 1.858664076609321e-05
Epoch 75: reducing lr to 1.5041645438148026e-05
Epoch 78: reducing lr to 1.1766181399441236e-05
Epoch 81: reducing lr to 8.811894981075e-06
Epoch 84: reducing lr to 6.225385748789803e-06
Epoch 87: reducing lr to 4.047433920644991e-06
Epoch 90: reducing lr to 2.312399997079866e-06
Epoch 93: reducing lr to 1.047637805685008e-06
Epoch 96: reducing lr to 2.730971280785993e-07
Epoch 99: reducing lr to 9.906412477985425e-10
[I 2024-06-21 04:52:49,437] Trial 846 finished with value: 0.9707497954368591 and parameters: {'hidden_size': 132, 'n_layers': 2, 'rnn_dropout': 0.5897672964751093, 'bidirectional': True, 'fc_dropout': 0.25355162007425713, 'learning_rate_model': 0.0006426351537533486}. Best is trial 690 with value: 0.966281533241272.
Epoch 36: reducing lr to 9.773669930886512e-05
Epoch 40: reducing lr to 9.295207404273517e-05
Epoch 49: reducing lr to 7.825167605695886e-05
Epoch 52: reducing lr to 7.241298179086245e-05
Epoch 55: reducing lr to 6.62528030622699e-05
Epoch 61: reducing lr to 5.3360169623510513e-05
Epoch 65: reducing lr to 4.466782013321037e-05
Epoch 71: reducing lr to 3.209050031509804e-05
Epoch 74: reducing lr to 2.6224759925005438e-05
Epoch 77: reducing lr to 2.0765968383354342e-05
Epoch 80: reducing lr to 1.5800197938854006e-05
Epoch 83: reducing lr to 1.1405776388309098e-05
Epoch 86: reducing lr to 7.65198829423934e-06
Epoch 89: reducing lr to 4.598055369351437e-06
Epoch 92: reducing lr to 2.292124835454566e-06
Epoch 95: reducing lr to 7.705693884522969e-07
Epoch 98: reducing lr to 5.73808170289394e-08
[I 2024-06-21 04:53:22,114] Trial 847 finished with value: 0.9701458215713501 and parameters: {'hidden_size': 126, 'n_layers': 2, 'rnn_dropout': 0.6597851167351132, 'bidirectional': True, 'fc_dropout': 0.16911905278693512, 'learning_rate_model': 0.0010405598856284256}. Best is trial 690 with value: 0.966281533241272.
Epoch 36: reducing lr to 6.63855298547941e-05
Epoch 40: reducing lr to 6.313567707999449e-05
Epoch 43: reducing lr to 6.018155851283012e-05
Epoch 53: reducing lr to 4.781128959176748e-05
Epoch 65: reducing lr to 3.0339646498915947e-05
Epoch 72: reducing lr to 2.044180605203956e-05
Epoch 75: reducing lr to 1.6542978509117526e-05
Epoch 78: reducing lr to 1.2940584647187401e-05
Epoch 81: reducing lr to 9.69142570844115e-06
Epoch 84: reducing lr to 6.84675244318725e-06
Epoch 87: reducing lr to 4.451415414731867e-06
Epoch 90: reducing lr to 2.5432047054611113e-06
Epoch 93: reducing lr to 1.1522043765791585e-06
Epoch 96: reducing lr to 3.003554324747032e-07
Epoch 99: reducing lr to 1.089518892065291e-09
[I 2024-06-21 04:53:59,374] Trial 848 finished with value: 0.9714112281799316 and parameters: {'hidden_size': 144, 'n_layers': 2, 'rnn_dropout': 0.623828866173388, 'bidirectional': True, 'fc_dropout': 0.19653472157675952, 'learning_rate_model': 0.000706777698055753}. Best is trial 690 with value: 0.966281533241272.
Epoch 40: reducing lr to 4.6831247003040294e-05
Epoch 65: reducing lr to 2.2504605080506465e-05
Epoch 68: reducing lr to 1.928158174869609e-05
Epoch 73: reducing lr to 1.4177155503761597e-05
Epoch 76: reducing lr to 1.1353559784766656e-05
Epoch 87: reducing lr to 3.3018626621572233e-06
Epoch 90: reducing lr to 1.8864365323878517e-06
Epoch 93: reducing lr to 8.546541393576138e-07
Epoch 96: reducing lr to 2.2279034766833775e-07
Epoch 99: reducing lr to 8.081568252495466e-10
[I 2024-06-21 04:54:36,325] Trial 849 finished with value: 0.9717642068862915 and parameters: {'hidden_size': 139, 'n_layers': 2, 'rnn_dropout': 0.5726077622295238, 'bidirectional': True, 'fc_dropout': 0.12682217138345248, 'learning_rate_model': 0.0005242563711156781}. Best is trial 690 with value: 0.966281533241272.
Epoch 36: reducing lr to 7.82900373218556e-05
Epoch 40: reducing lr to 7.445740850069354e-05
Epoch 43: reducing lr to 7.097354607792818e-05
Epoch 53: reducing lr to 5.6384993156384465e-05
Epoch 62: reducing lr to 4.099755142950239e-05
Epoch 65: reducing lr to 3.5780268108540245e-05
Epoch 68: reducing lr to 3.0655955172600435e-05
Epoch 71: reducing lr to 2.57054564468821e-05
Epoch 74: reducing lr to 2.1006821877594863e-05
Epoch 77: reducing lr to 1.6634165582158353e-05
Epoch 80: reducing lr to 1.2656434021947631e-05
Epoch 83: reducing lr to 9.136370119309557e-06
Epoch 88: reducing lr to 4.433752425197439e-06
Epoch 91: reducing lr to 2.3831958314233506e-06
Epoch 94: reducing lr to 9.523137938479646e-07
Epoch 97: reducing lr to 1.6367639273240235e-07
[I 2024-06-21 04:55:09,107] Trial 850 finished with value: 0.9697140455245972 and parameters: {'hidden_size': 129, 'n_layers': 2, 'rnn_dropout': 0.5437978517573714, 'bidirectional': True, 'fc_dropout': 0.21451178832154708, 'learning_rate_model': 0.0008335197817969078}. Best is trial 690 with value: 0.966281533241272.
Epoch 31: reducing lr to 0.00010045992455148373
Epoch 36: reducing lr to 9.635084871674262e-05
Epoch 40: reducing lr to 9.163406670504055e-05
Epoch 43: reducing lr to 8.734650838052686e-05
Epoch 49: reducing lr to 7.714211196931347e-05
Epoch 52: reducing lr to 7.138620705422963e-05
Epoch 55: reducing lr to 6.531337614277198e-05
Epoch 61: reducing lr to 5.2603552884952506e-05
Epoch 65: reducing lr to 4.403445594741148e-05
Epoch 71: reducing lr to 3.16354753431308e-05
Epoch 74: reducing lr to 2.5852907802646697e-05
Epoch 77: reducing lr to 2.0471518808286087e-05
Epoch 80: reducing lr to 1.557616015341563e-05
Epoch 83: reducing lr to 1.124404899140362e-05
Epoch 86: reducing lr to 7.543487469232203e-06
Epoch 89: reducing lr to 4.532857569535323e-06
Epoch 92: reducing lr to 2.2596238140071842e-06
Epoch 95: reducing lr to 7.596431544909521e-07
Epoch 98: reducing lr to 5.656718980581385e-08
[I 2024-06-21 04:55:44,707] Trial 851 finished with value: 0.9724682569503784 and parameters: {'hidden_size': 134, 'n_layers': 2, 'rnn_dropout': 0.6067848038611523, 'bidirectional': True, 'fc_dropout': 0.14125608056771022, 'learning_rate_model': 0.001025805340571815}. Best is trial 690 with value: 0.966281533241272.
Epoch 36: reducing lr to 7.64243427452606e-05
Epoch 40: reducing lr to 7.268304757331303e-05
Epoch 49: reducing lr to 6.118820211504407e-05
Epoch 52: reducing lr to 5.662268706356058e-05
Epoch 55: reducing lr to 5.1805790095940966e-05
Epoch 63: reducing lr to 3.83177632401209e-05
Epoch 66: reducing lr to 3.324618761349601e-05
Epoch 72: reducing lr to 2.3533013828018642e-05
Epoch 75: reducing lr to 1.9044605991300613e-05
Epoch 78: reducing lr to 1.4897458505850681e-05
Epoch 85: reducing lr to 6.903134056800738e-06
Epoch 88: reducing lr to 4.328093670435962e-06
Epoch 91: reducing lr to 2.3264029662038396e-06
Epoch 94: reducing lr to 9.296196332474909e-07
Epoch 97: reducing lr to 1.597758944227334e-07
[I 2024-06-21 04:56:20,517] Trial 852 finished with value: 0.9733743667602539 and parameters: {'hidden_size': 137, 'n_layers': 2, 'rnn_dropout': 0.6475644180971222, 'bidirectional': True, 'fc_dropout': 0.1816376015141431, 'learning_rate_model': 0.0008136565477306108}. Best is trial 690 with value: 0.966281533241272.
Epoch 53: reducing lr to 2.8138676827454902e-05
Epoch 61: reducing lr to 2.1330752315108194e-05
Epoch 64: reducing lr to 1.8720731710222354e-05
Epoch 67: reducing lr to 1.6143467931272317e-05
Epoch 73: reducing lr to 1.1248676753419654e-05
Epoch 76: reducing lr to 9.008332030045042e-06
Epoch 79: reducing lr to 6.953927183397924e-06
Epoch 82: reducing lr to 5.117855325316483e-06
Epoch 85: reducing lr to 3.5290778153774484e-06
Epoch 88: reducing lr to 2.21264417430276e-06
Epoch 91: reducing lr to 1.1893231436770372e-06
Epoch 94: reducing lr to 4.7524790876703715e-07
Epoch 97: reducing lr to 8.168196645172497e-08
[I 2024-06-21 04:56:58,926] Trial 853 finished with value: 0.9736760854721069 and parameters: {'hidden_size': 141, 'n_layers': 2, 'rnn_dropout': 0.5905569194370063, 'bidirectional': True, 'fc_dropout': 0.23367214669437453, 'learning_rate_model': 0.0004159642922049057}. Best is trial 690 with value: 0.966281533241272.
Epoch 40: reducing lr to 5.349625231203217e-05
Epoch 47: reducing lr to 4.7146909925925364e-05
Epoch 53: reducing lr to 4.051156065253137e-05
Epoch 61: reducing lr to 3.071011730496462e-05
Epoch 65: reducing lr to 2.570745193890005e-05
Epoch 72: reducing lr to 1.7320793327170107e-05
Epoch 75: reducing lr to 1.401723072035762e-05
Epoch 78: reducing lr to 1.096484291241575e-05
Epoch 81: reducing lr to 8.211758849203249e-06
Epoch 84: reducing lr to 5.8014044223314146e-06
Epoch 87: reducing lr to 3.771782503741018e-06
Epoch 90: reducing lr to 2.154913464095967e-06
Epoch 93: reducing lr to 9.762881922753325e-07
Epoch 96: reducing lr to 2.544977854375104e-07
Epoch 99: reducing lr to 9.231733980562262e-10
[I 2024-06-21 04:57:33,083] Trial 854 finished with value: 0.9712477922439575 and parameters: {'hidden_size': 132, 'n_layers': 2, 'rnn_dropout': 0.560247970899086, 'bidirectional': True, 'fc_dropout': 0.16008970637624614, 'learning_rate_model': 0.0005988683389868725}. Best is trial 690 with value: 0.966281533241272.
Epoch 27: reducing lr to 0.00012644153961265784
Epoch 31: reducing lr to 0.00012428207547240743
Epoch 36: reducing lr to 0.0001191986108441474
Epoch 39: reducing lr to 0.0001149602951572551
Epoch 45: reducing lr to 0.00010412643101722237
Epoch 51: reducing lr to 9.073693578769825e-05
Epoch 54: reducing lr to 8.334185823497549e-05
Epoch 57: reducing lr to 7.563311104803588e-05
Epoch 60: reducing lr to 6.773229995880673e-05
Epoch 65: reducing lr to 5.4476385502737925e-05
Epoch 68: reducing lr to 4.667448625234373e-05
Epoch 71: reducing lr to 3.913722364170737e-05
Epoch 74: reducing lr to 3.198343073673226e-05
Epoch 77: reducing lr to 2.5325948201985224e-05
Epoch 80: reducing lr to 1.9269748811776465e-05
Epoch 83: reducing lr to 1.3910360291470407e-05
Epoch 86: reducing lr to 9.33228133668184e-06
Epoch 89: reducing lr to 5.607738101315774e-06
Epoch 92: reducing lr to 2.7954504111514643e-06
Epoch 95: reducing lr to 9.397780087935402e-07
Epoch 98: reducing lr to 6.998101764554929e-08
[I 2024-06-21 04:58:07,556] Trial 855 finished with value: 0.9769772291183472 and parameters: {'hidden_size': 136, 'n_layers': 2, 'rnn_dropout': 0.6222318059270193, 'bidirectional': True, 'fc_dropout': 0.21523578896244658, 'learning_rate_model': 0.001269055469891471}. Best is trial 690 with value: 0.966281533241272.
Epoch 40: reducing lr to 6.38386628342852e-05
Epoch 43: reducing lr to 6.0851651561043255e-05
Epoch 46: reducing lr to 5.746849730320109e-05
Epoch 49: reducing lr to 5.374255943682558e-05
Epoch 52: reducing lr to 4.973259582402403e-05
Epoch 55: reducing lr to 4.5501839524032754e-05
Epoch 58: reducing lr to 4.111702796252835e-05
Epoch 61: reducing lr to 3.664729283834406e-05
Epoch 64: reducing lr to 3.2163147693889125e-05
Epoch 67: reducing lr to 2.7735280404747982e-05
Epoch 70: reducing lr to 2.3433550651863907e-05
Epoch 73: reducing lr to 1.932578583899574e-05
Epoch 76: reducing lr to 1.5476762235726176e-05
Epoch 79: reducing lr to 1.1947192583826696e-05
Epoch 82: reducing lr to 8.792729859711015e-06
Epoch 85: reducing lr to 6.063131118813745e-06
Epoch 88: reducing lr to 3.8014326829577566e-06
Epoch 91: reducing lr to 2.0433162826086313e-06
Epoch 94: reducing lr to 8.164995320423044e-07
Epoch 97: reducing lr to 1.4033367881019367e-07
[I 2024-06-21 04:59:00,051] Trial 856 finished with value: 0.9780896902084351 and parameters: {'hidden_size': 129, 'n_layers': 3, 'rnn_dropout': 0.604134657862111, 'bidirectional': True, 'fc_dropout': 0.245541984777485, 'learning_rate_model': 0.0007146473317741664}. Best is trial 690 with value: 0.966281533241272.
Epoch 31: reducing lr to 9.02432433792105e-05
Epoch 36: reducing lr to 8.655205674659326e-05
Epoch 40: reducing lr to 8.231496709169737e-05
Epoch 45: reducing lr to 7.560790098474006e-05
Epoch 52: reducing lr to 6.412629599191166e-05
Epoch 61: reducing lr to 4.725382033484543e-05
Epoch 64: reducing lr to 4.147186558184006e-05
Epoch 67: reducing lr to 3.576247672546338e-05
Epoch 70: reducing lr to 3.0215732365149856e-05
Epoch 73: reducing lr to 2.4919090637715686e-05
Epoch 76: reducing lr to 1.995607548088595e-05
Epoch 83: reducing lr to 1.0100539635374609e-05
Epoch 86: reducing lr to 6.7763217885463994e-06
Epoch 89: reducing lr to 4.071870157947792e-06
Epoch 92: reducing lr to 2.0298221674296406e-06
Epoch 95: reducing lr to 6.823881500821433e-07
Epoch 98: reducing lr to 5.081435905625927e-08
[I 2024-06-21 04:59:39,096] Trial 857 finished with value: 0.9689373970031738 and parameters: {'hidden_size': 145, 'n_layers': 2, 'rnn_dropout': 0.5765372193097876, 'bidirectional': True, 'fc_dropout': 0.1920614589365441, 'learning_rate_model': 0.0009214818886458041}. Best is trial 690 with value: 0.966281533241272.
Epoch 40: reducing lr to 9.540050330234529e-05
Epoch 45: reducing lr to 8.762722093471657e-05
Epoch 52: reducing lr to 7.432039553303296e-05
Epoch 55: reducing lr to 6.79979529496653e-05
Epoch 62: reducing lr to 5.252918573578722e-05
Epoch 65: reducing lr to 4.584440493676057e-05
Epoch 68: reducing lr to 3.9278744876716676e-05
Epoch 71: reducing lr to 3.2935788822494766e-05
Epoch 74: reducing lr to 2.6915540310358804e-05
Epoch 77: reducing lr to 2.1312959992929055e-05
Epoch 80: reducing lr to 1.6216387328273508e-05
Epoch 83: reducing lr to 1.170621332772443e-05
Epoch 86: reducing lr to 7.853547562569358e-06
Epoch 89: reducing lr to 4.7191716910641996e-06
Epoch 92: reducing lr to 2.352501169943107e-06
Epoch 95: reducing lr to 7.90866779948698e-07
Epoch 98: reducing lr to 5.889227196742564e-08
