[I 2024-06-20 21:23:23,218] Trial 17 finished with value: 1.0921207666397095 and parameters: {'hidden_size': 38, 'n_layers': 1, 'rnn_dropout': 0.020968789502175424, 'bidirectional': False, 'fc_dropout': 0.6880223589463105, 'learning_rate_model': 0.0014299612122349629}. Best is trial 9 with value: 0.9844352006912231.
Epoch 6: reducing lr to 3.664919117329854e-05
Epoch 29: reducing lr to 0.00017360398492527435
Epoch 35: reducing lr to 0.00016646963593005255
Epoch 38: reducing lr to 0.00016100626369898284
Epoch 42: reducing lr to 0.00015194143864759131
Epoch 48: reducing lr to 0.0001350649235795868
Epoch 51: reducing lr to 0.0001254366308477317
Epoch 56: reducing lr to 0.00010814694065774532
Epoch 59: reducing lr to 9.729421941246965e-05
Epoch 62: reducing lr to 8.62904800458764e-05
Epoch 65: reducing lr to 7.530929052105039e-05
Epoch 68: reducing lr to 6.452378241801423e-05
Epoch 71: reducing lr to 5.410411352039001e-05
Epoch 74: reducing lr to 4.421456113477657e-05
Epoch 77: reducing lr to 3.501111854729276e-05
Epoch 80: reducing lr to 2.663890230861232e-05
Epoch 83: reducing lr to 1.922997193692629e-05
Epoch 86: reducing lr to 1.2901140189872312e-05
Epoch 89: reducing lr to 7.752254007687928e-06
Epoch 92: reducing lr to 3.864488901159113e-06
Epoch 95: reducing lr to 1.2991687028496117e-06
Epoch 98: reducing lr to 9.674321708738955e-08
[I 2024-06-20 21:24:03,736] Trial 18 finished with value: 1.0942280292510986 and parameters: {'hidden_size': 118, 'n_layers': 6, 'rnn_dropout': 0.09933865209592892, 'bidirectional': False, 'fc_dropout': 0.7756765986557397, 'learning_rate_model': 0.0017543687266950109}. Best is trial 9 with value: 0.9844352006912231.
Epoch 28: reducing lr to 0.0009673916732312766
Epoch 31: reducing lr to 0.0009537058856705771
Epoch 34: reducing lr to 0.0009326586829609488
Epoch 37: reducing lr to 0.0009045819665843155
Epoch 40: reducing lr to 0.0008699185186003281
Epoch 43: reducing lr to 0.0008292150278551303
Epoch 46: reducing lr to 0.0007831133645446349
Epoch 49: reducing lr to 0.0007323406477424669
Epoch 52: reducing lr to 0.0006776975607664018
Epoch 55: reducing lr to 0.0006200457696785909
Epoch 58: reducing lr to 0.0005602946939421341
Epoch 61: reducing lr to 0.0004993863793701378
Epoch 64: reducing lr to 0.00043828170192131594
Epoch 67: reducing lr to 0.00037794391316268587
Epoch 70: reducing lr to 0.00031932497899481496
Epoch 73: reducing lr to 0.00026334917182534385
Epoch 76: reducing lr to 0.00021089918677935854
Epoch 79: reducing lr to 0.0001628023459848164
Epoch 82: reducing lr to 0.00011981702301422161
Epoch 85: reducing lr to 8.262124873526198e-05
Epoch 88: reducing lr to 5.180147173041126e-05
Epoch 91: reducing lr to 2.7843920826051312e-05
Epoch 94: reducing lr to 1.1126299202035215e-05
Epoch 97: reducing lr to 1.9123029925797315e-06
[I 2024-06-20 21:24:20,827] Trial 19 finished with value: 1.0845681428909302 and parameters: {'hidden_size': 19, 'n_layers': 6, 'rnn_dropout': 0.18637941907281635, 'bidirectional': True, 'fc_dropout': 0.6908334836475429, 'learning_rate_model': 0.009738376723091037}. Best is trial 9 with value: 0.9844352006912231.
[I 2024-06-20 21:24:32,747] Trial 20 finished with value: 1.0543397665023804 and parameters: {'hidden_size': 118, 'n_layers': 1, 'rnn_dropout': 0.04793415160976933, 'bidirectional': True, 'fc_dropout': 0.08599530328487433, 'learning_rate_model': 7.995347689531267e-05}. Best is trial 9 with value: 0.9844352006912231.
Epoch 58: reducing lr to 3.7419921953662207e-06
Epoch 61: reducing lr to 3.3352090503078104e-06
Epoch 65: reducing lr to 2.7919048799306206e-06
Epoch 68: reducing lr to 2.3920589579061525e-06
Epoch 71: reducing lr to 2.005775615688144e-06
Epoch 74: reducing lr to 1.6391450263585848e-06
Epoch 77: reducing lr to 1.2979502535174435e-06
Epoch 80: reducing lr to 9.875711328155595e-07
Epoch 83: reducing lr to 7.129034428577779e-07
Epoch 86: reducing lr to 4.782777264739417e-07
Epoch 89: reducing lr to 2.8739556095639843e-07
Epoch 92: reducing lr to 1.4326632672987593e-07
Epoch 95: reducing lr to 4.8163452560015116e-08
Epoch 98: reducing lr to 3.5865144661133493e-09
[I 2024-06-20 21:25:09,069] Trial 21 finished with value: 1.0916944742202759 and parameters: {'hidden_size': 147, 'n_layers': 4, 'rnn_dropout': 0.010044784127292684, 'bidirectional': False, 'fc_dropout': 0.4544803695359537, 'learning_rate_model': 6.503886274016054e-05}. Best is trial 9 with value: 0.9844352006912231.
Epoch 27: reducing lr to 9.074029913394491e-06
Epoch 30: reducing lr to 8.969491764506644e-06
Epoch 33: reducing lr to 8.795314111263295e-06
Epoch 36: reducing lr to 8.554243832748966e-06
Epoch 39: reducing lr to 8.250082688847332e-06
Epoch 42: reducing lr to 7.887627522840171e-06
Epoch 45: reducing lr to 7.47259447108707e-06
Epoch 48: reducing lr to 7.011529034337875e-06
Epoch 51: reducing lr to 6.511702341727141e-06
Epoch 54: reducing lr to 5.980997360351219e-06
Epoch 57: reducing lr to 5.427781994709759e-06
Epoch 60: reducing lr to 4.860783234781916e-06
Epoch 63: reducing lr to 4.288940906879651e-06
Epoch 66: reducing lr to 3.721274990916424e-06
Epoch 69: reducing lr to 3.1667354253698893e-06
Epoch 72: reducing lr to 2.634070914751943e-06
Epoch 75: reducing lr to 2.1316794819059173e-06
Epoch 78: reducing lr to 1.6674856200213739e-06
Epoch 81: reducing lr to 1.2488085698541816e-06
Epoch 84: reducing lr to 8.822523521255567e-07
Epoch 87: reducing lr to 5.735962783119056e-07
Epoch 90: reducing lr to 3.277098671155342e-07
Epoch 93: reducing lr to 1.484696620479998e-07
Epoch 96: reducing lr to 3.870291630569603e-08
Epoch 99: reducing lr to 1.4039219515930586e-10
[I 2024-06-20 21:25:28,737] Trial 22 finished with value: 1.1071219444274902 and parameters: {'hidden_size': 62, 'n_layers': 6, 'rnn_dropout': 0.15634358488745503, 'bidirectional': False, 'fc_dropout': 0.6774630411920283, 'learning_rate_model': 9.107329229641331e-05}. Best is trial 9 with value: 0.9844352006912231.
Epoch 68: reducing lr to 3.243242218494229e-05
Epoch 73: reducing lr to 2.384656501070863e-05
Epoch 77: reducing lr to 1.7598090740195766e-05
Epoch 86: reducing lr to 6.484666732560441e-06
Epoch 89: reducing lr to 3.896615564682874e-06
Epoch 92: reducing lr to 1.9424579724641864e-06
Epoch 95: reducing lr to 6.530179459615605e-07
Epoch 98: reducing lr to 4.86272927985071e-08
[I 2024-06-20 21:26:40,960] Trial 23 finished with value: 0.9788602590560913 and parameters: {'hidden_size': 107, 'n_layers': 5, 'rnn_dropout': 0.663184719640143, 'bidirectional': True, 'fc_dropout': 0.056017714975377865, 'learning_rate_model': 0.0008818210135856344}. Best is trial 23 with value: 0.9788602590560913.
Epoch 36: reducing lr to 0.0001501700983652299
Epoch 39: reducing lr to 0.0001448305371145061
Epoch 45: reducing lr to 0.00013118169983307622
Epoch 48: reducing lr to 0.00012308767734047862
Epoch 51: reducing lr to 0.00011431319942490105
Epoch 54: reducing lr to 0.00010499665189430199
Epoch 57: reducing lr to 9.528493365247611e-05
Epoch 60: reducing lr to 8.533124736341399e-05
Epoch 63: reducing lr to 7.529253204158418e-05
Epoch 66: reducing lr to 6.532713380118921e-05
Epoch 69: reducing lr to 5.559216917617759e-05
Epoch 72: reducing lr to 4.624122203004525e-05
Epoch 75: reducing lr to 3.742171999533508e-05
Epoch 78: reducing lr to 2.9272777872260637e-05
Epoch 81: reducing lr to 2.1922885229947807e-05
Epoch 84: reducing lr to 1.548797592072779e-05
Epoch 87: reducing lr to 1.0069505992600148e-05
Epoch 90: reducing lr to 5.7529600444159196e-06
Epoch 93: reducing lr to 2.606390955170565e-06
Epoch 96: reducing lr to 6.794312697046279e-07
Epoch 99: reducing lr to 2.464590695438508e-09
[I 2024-06-20 21:27:50,112] Trial 24 finished with value: 1.0585122108459473 and parameters: {'hidden_size': 128, 'n_layers': 4, 'rnn_dropout': 0.2538899274577286, 'bidirectional': True, 'fc_dropout': 0.3041129380988403, 'learning_rate_model': 0.0015987953500037988}. Best is trial 23 with value: 0.9788602590560913.
Epoch 12: reducing lr to 3.765771395202411e-06
Epoch 15: reducing lr to 4.977324369722877e-06
Epoch 18: reducing lr to 5.9958984796389065e-06
Epoch 21: reducing lr to 6.678438006953322e-06
Epoch 24: reducing lr to 6.9290822958818664e-06
Epoch 27: reducing lr to 6.904070376379527e-06
[I 2024-06-20 21:28:37,821] Trial 25 finished with value: 1.0950953960418701 and parameters: {'hidden_size': 153, 'n_layers': 5, 'rnn_dropout': 0.2119356461302475, 'bidirectional': False, 'fc_dropout': 0.5037740056172516, 'learning_rate_model': 6.929406508731719e-05}. Best is trial 23 with value: 0.9788602590560913.
Epoch 27: reducing lr to 0.00012505193221403634
Epoch 33: reducing lr to 0.0001212108660143711
Epoch 36: reducing lr to 0.00011788860408496168
Epoch 40: reducing lr to 0.0001121174577532118
Epoch 44: reducing lr to 0.00010496379450217537
Epoch 47: reducing lr to 9.881050453744613e-05
Epoch 55: reducing lr to 7.991318025836414e-05
Epoch 61: reducing lr to 6.436227082698146e-05
Epoch 64: reducing lr to 5.648693429153812e-05
Epoch 67: reducing lr to 4.8710436450162726e-05
Epoch 72: reducing lr to 3.630092259143783e-05
Epoch 75: reducing lr to 2.937731532930663e-05
Epoch 78: reducing lr to 2.2980120267730914e-05
Epoch 81: reducing lr to 1.721020606237928e-05
Epoch 84: reducing lr to 1.2158584706759794e-05
Epoch 87: reducing lr to 7.904902628522518e-06
Epoch 90: reducing lr to 4.516268127781852e-06
Epoch 93: reducing lr to 2.0461050152436506e-06
Epoch 96: reducing lr to 5.333765165575592e-07
Epoch 99: reducing lr to 1.9347870174480503e-09
[I 2024-06-20 21:28:53,619] Trial 26 finished with value: 0.9790920615196228 and parameters: {'hidden_size': 155, 'n_layers': 1, 'rnn_dropout': 0.20825207886283278, 'bidirectional': True, 'fc_dropout': 0.5115687047039521, 'learning_rate_model': 0.001255108400948586}. Best is trial 23 with value: 0.9788602590560913.
Epoch 8: reducing lr to 0.0016544886175935583
Epoch 14: reducing lr to 0.0035375843355066787
Epoch 17: reducing lr to 0.0043864143777569906
Epoch 20: reducing lr to 0.005009490592106666
Epoch 23: reducing lr to 0.005319303769021502
Epoch 26: reducing lr to 0.005335908953411023
Epoch 29: reducing lr to 0.005288434010517498
Epoch 32: reducing lr to 0.005199698882715715
Epoch 35: reducing lr to 0.005071102974680548
Epoch 38: reducing lr to 0.004904674286241499
Epoch 41: reducing lr to 0.004703037518388133
Epoch 44: reducing lr to 0.004469372604442557
Epoch 47: reducing lr to 0.004207364683273299
Epoch 50: reducing lr to 0.003921145693296363
Epoch 53: reducing lr to 0.0036152297111632877
Epoch 56: reducing lr to 0.0032944402707922706
Epoch 59: reducing lr to 0.002963837835802738
Epoch 62: reducing lr to 0.0026286349916156636
Epoch 65: reducing lr to 0.002294119074921555
Epoch 68: reducing lr to 0.00196556412903503
Epoch 71: reducing lr to 0.0016481536076103872
Epoch 74: reducing lr to 0.0013468918295044033
Epoch 77: reducing lr to 0.0010665307605206196
Epoch 80: reducing lr to 0.0008114910324918962
Epoch 83: reducing lr to 0.0005857955256978228
Epoch 86: reducing lr to 0.00039300266398805404
Epoch 89: reducing lr to 0.00023615404778913469
Epoch 92: reducing lr to 0.00011772249667514334
Epoch 95: reducing lr to 3.957609588574329e-05
Epoch 98: reducing lr to 2.947052855682003e-06
[I 2024-06-20 21:29:18,723] Trial 27 finished with value: 1.2885158061981201 and parameters: {'hidden_size': 187, 'n_layers': 2, 'rnn_dropout': 0.05276887254721903, 'bidirectional': False, 'fc_dropout': 0.7262526820028192, 'learning_rate_model': 0.05344268592242116}. Best is trial 23 with value: 0.9788602590560913.
Epoch 13: reducing lr to 0.002773291716272543
Epoch 16: reducing lr to 0.0035462451848059886
Epoch 19: reducing lr to 0.004156831685940056
Epoch 22: reducing lr to 0.004519295746519909
Epoch 25: reducing lr to 0.004594887373075616
Epoch 28: reducing lr to 0.004566055363559377
Epoch 31: reducing lr to 0.004501458917853642
Epoch 34: reducing lr to 0.004402116846302396
Epoch 37: reducing lr to 0.004269595712463763
Epoch 40: reducing lr to 0.00410598543240204
Epoch 43: reducing lr to 0.003913866358633388
Epoch 46: reducing lr to 0.003696268096365143
Epoch 49: reducing lr to 0.003456622622569963
Epoch 52: reducing lr to 0.0031987091349180443
Epoch 55: reducing lr to 0.0029265946675317103
Epoch 58: reducing lr to 0.0026445716489402883
Epoch 61: reducing lr to 0.002357086502920909
Epoch 64: reducing lr to 0.0020686745308891256
Epoch 67: reducing lr to 0.0017838822470498269
Epoch 70: reducing lr to 0.0015072028976511355
Epoch 73: reducing lr to 0.0012429990166088138
Epoch 76: reducing lr to 0.0009954368944976228
Epoch 79: reducing lr to 0.0007684214632539051
Epoch 82: reducing lr to 0.0005655322200080685
Epoch 85: reducing lr to 0.00038996944709221855
Epoch 88: reducing lr to 0.00024450116160795873
Epoch 91: reducing lr to 0.00013142234686148654
Epoch 94: reducing lr to 5.251574884692426e-05
Epoch 97: reducing lr to 9.02600423141331e-06
[I 2024-06-20 21:29:23,024] Trial 28 finished with value: 1.1275272369384766 and parameters: {'hidden_size': 18, 'n_layers': 2, 'rnn_dropout': 0.4934226856013261, 'bidirectional': False, 'fc_dropout': 0.44532255055612513, 'learning_rate_model': 0.04596480257092418}. Best is trial 23 with value: 0.9788602590560913.
Epoch 9: reducing lr to 0.0017282168523372024
Epoch 12: reducing lr to 0.0025709383057013913
Epoch 18: reducing lr to 0.004093473411062394
Epoch 21: reducing lr to 0.004559451515352931
Epoch 24: reducing lr to 0.004730569444692093
Epoch 27: reducing lr to 0.004713493500562928
Epoch 30: reducing lr to 0.004659191289742971
Epoch 33: reducing lr to 0.004568714925399721
Epoch 36: reducing lr to 0.004443491270441423
Epoch 39: reducing lr to 0.004285495144289374
Epoch 42: reducing lr to 0.004097218261192666
Epoch 45: reducing lr to 0.0038816298610410043
Epoch 48: reducing lr to 0.0036421299960203296
Epoch 51: reducing lr to 0.003382495645074353
Epoch 54: reducing lr to 0.003106821605611549
Epoch 57: reducing lr to 0.0028194545751686105
Epoch 60: reducing lr to 0.0025249277777858853
Epoch 63: reducing lr to 0.0022278849950708576
Epoch 66: reducing lr to 0.0019330116443191602
Epoch 69: reducing lr to 0.001644956759890111
Epoch 72: reducing lr to 0.0013682648454109588
Epoch 75: reducing lr to 0.0011072982433543877
Epoch 78: reducing lr to 0.0008661733218061074
Epoch 81: reducing lr to 0.0006486920512314018
Epoch 84: reducing lr to 0.0004582848819422197
Epoch 87: reducing lr to 0.0002979538700637642
Epoch 90: reducing lr to 0.00017022848100151018
Epoch 93: reducing lr to 7.712238043881756e-05
Epoch 96: reducing lr to 2.0104181515915447e-05
Epoch 99: reducing lr to 7.292655035545659e-08
[I 2024-06-20 21:30:20,041] Trial 29 finished with value: 1.178863763809204 and parameters: {'hidden_size': 134, 'n_layers': 3, 'rnn_dropout': 0.3887925336775278, 'bidirectional': True, 'fc_dropout': 0.740945141365163, 'learning_rate_model': 0.047307907887800385}. Best is trial 23 with value: 0.9788602590560913.
Epoch 69: reducing lr to 4.239551985153865e-07
Epoch 73: reducing lr to 3.297194806353444e-07
Epoch 76: reducing lr to 2.640508411297557e-07
Epoch 79: reducing lr to 2.0383244265499317e-07
Epoch 82: reducing lr to 1.500137871165323e-07
Epoch 85: reducing lr to 1.0344378542607041e-07
Epoch 88: reducing lr to 6.485668527723827e-08
Epoch 91: reducing lr to 3.486125682485934e-08
Epoch 94: reducing lr to 1.3930393510869048e-08
Epoch 97: reducing lr to 2.394249221140447e-09
[I 2024-06-20 21:30:51,364] Trial 30 finished with value: 1.1090885400772095 and parameters: {'hidden_size': 89, 'n_layers': 7, 'rnn_dropout': 0.13916453334437148, 'bidirectional': False, 'fc_dropout': 0.40452973254151736, 'learning_rate_model': 1.2192681272217677e-05}. Best is trial 23 with value: 0.9788602590560913.
Epoch 3: reducing lr to 0.00016636839911127383
Epoch 6: reducing lr to 0.00036133188436759034
Epoch 13: reducing lr to 0.0010435972448605943
Epoch 17: reducing lr to 0.0014196593533967329
Epoch 23: reducing lr to 0.0017215882264893106
Epoch 26: reducing lr to 0.00172696248056184
Epoch 29: reducing lr to 0.0017115972549067951
Epoch 32: reducing lr to 0.001682878204833128
Epoch 35: reducing lr to 0.0016412582464962178
Epoch 38: reducing lr to 0.0015873937403487466
Epoch 41: reducing lr to 0.0015221341686759732
Epoch 44: reducing lr to 0.001446508714244304
Epoch 51: reducing lr to 0.0012367054426552953
Epoch 54: reducing lr to 0.0011359137134777915
Epoch 57: reducing lr to 0.0010308468019782913
Epoch 60: reducing lr to 0.0009231621420256713
Epoch 63: reducing lr to 0.0008145575894610297
Epoch 66: reducing lr to 0.0007067462229335755
Epoch 69: reducing lr to 0.0006014278187914718
Epoch 72: reducing lr to 0.0005002639349374366
Epoch 75: reducing lr to 0.00040484952765369107
Epoch 78: reducing lr to 0.00031668962025725896
Epoch 81: reducing lr to 0.00023717428625025396
Epoch 84: reducing lr to 0.00016755776422355868
Epoch 87: reducing lr to 0.00010893766361670075
Epoch 90: reducing lr to 6.22388056156338e-05
Epoch 93: reducing lr to 2.819742511068965e-05
Epoch 96: reducing lr to 7.350475302774634e-06
Epoch 99: reducing lr to 2.666334895963518e-08
[I 2024-06-20 21:32:17,168] Trial 31 finished with value: 1.1764564514160156 and parameters: {'hidden_size': 191, 'n_layers': 6, 'rnn_dropout': 0.012015184593697903, 'bidirectional': False, 'fc_dropout': 0.10479747584873352, 'learning_rate_model': 0.017296680706943544}. Best is trial 23 with value: 0.9788602590560913.
Epoch 22: reducing lr to 6.794639617945932e-05
Epoch 45: reducing lr to 5.670239994552223e-05
Epoch 50: reducing lr to 5.070441374032892e-05
Epoch 53: reducing lr to 4.674860802916322e-05
Epoch 60: reducing lr to 3.6883852869778184e-05
Epoch 65: reducing lr to 2.966529984929367e-05
Epoch 71: reducing lr to 2.131230741330595e-05
Epoch 79: reducing lr to 1.1553010049243878e-05
Epoch 82: reducing lr to 8.502624839834224e-06
Epoch 85: reducing lr to 5.863085762956898e-06
Epoch 88: reducing lr to 3.676009211334575e-06
Epoch 91: reducing lr to 1.975899641788476e-06
Epoch 94: reducing lr to 7.895601609082164e-07
Epoch 97: reducing lr to 1.3570354626544134e-07
[I 2024-06-20 21:33:25,348] Trial 32 finished with value: 1.02975332736969 and parameters: {'hidden_size': 79, 'n_layers': 7, 'rnn_dropout': 0.46561134395766407, 'bidirectional': True, 'fc_dropout': 0.7243138549669195, 'learning_rate_model': 0.0006910684453876749}. Best is trial 23 with value: 0.9788602590560913.
Epoch 4: reducing lr to 3.0224285644406105e-05
Epoch 7: reducing lr to 6.0833852973316245e-05
Epoch 10: reducing lr to 0.00010017542396429677
Epoch 25: reducing lr to 0.00023646948439721337
Epoch 29: reducing lr to 0.0002340800737237202
Epoch 32: reducing lr to 0.00023015242232135493
Epoch 35: reducing lr to 0.00022446042738039984
Epoch 38: reducing lr to 0.00021709385353602985
Epoch 42: reducing lr to 0.0002048712371183497
Epoch 48: reducing lr to 0.0001821156771407467
Epoch 51: reducing lr to 0.0001691333053738986
Epoch 54: reducing lr to 0.00015534890876483994
Epoch 57: reducing lr to 0.0001409798331430951
Epoch 60: reducing lr to 0.0001262527511333757
Epoch 63: reducing lr to 0.00011139986351733
Epoch 66: reducing lr to 9.665545296592623e-05
Epoch 69: reducing lr to 8.225198291164016e-05
Epoch 72: reducing lr to 6.841668998695042e-05
Epoch 75: reducing lr to 5.536770230760264e-05
Epoch 78: reducing lr to 4.3310848650194264e-05
Epoch 81: reducing lr to 3.243623711809084e-05
Epoch 84: reducing lr to 2.291539887084486e-05
Epoch 87: reducing lr to 1.4898444279215537e-05
Epoch 90: reducing lr to 8.511852987154542e-06
Epoch 93: reducing lr to 3.856313352809584e-06
Epoch 96: reducing lr to 1.0052597337635063e-06
Epoch 99: reducing lr to 3.646511276137257e-09
[I 2024-06-20 21:34:05,329] Trial 33 finished with value: 1.1003201007843018 and parameters: {'hidden_size': 117, 'n_layers': 6, 'rnn_dropout': 0.22857508138731808, 'bidirectional': False, 'fc_dropout': 0.012426620440668579, 'learning_rate_model': 0.002365514599564762}. Best is trial 23 with value: 0.9788602590560913.
Epoch 5: reducing lr to 0.00023475976443330108
Epoch 18: reducing lr to 0.0012270864672124743
Epoch 23: reducing lr to 0.0014115083471821221
Epoch 26: reducing lr to 0.0014159146299195
Epoch 29: reducing lr to 0.001403316876325042
Epoch 32: reducing lr to 0.0013797704914936433
Epoch 35: reducing lr to 0.0013456468156354978
Epoch 38: reducing lr to 0.0013014839903593045
Epoch 41: reducing lr to 0.0012479784954143893
Epoch 44: reducing lr to 0.001185974144694926
Epoch 47: reducing lr to 0.001116448811339829
Epoch 50: reducing lr to 0.0010404989293595415
Epoch 53: reducing lr to 0.0009593223353789567
Epoch 56: reducing lr to 0.0008741989823174966
Epoch 59: reducing lr to 0.0007864716937756918
Epoch 62: reducing lr to 0.0006975236597632857
Epoch 65: reducing lr to 0.0006087579059763251
Epoch 68: reducing lr to 0.0005215739306358626
Epoch 71: reducing lr to 0.00043734719346707524
Epoch 74: reducing lr to 0.0003574056197295507
Epoch 77: reducing lr to 0.0002830101713251614
Epoch 80: reducing lr to 0.00021533388874996583
Epoch 83: reducing lr to 0.00015544426680044987
Epoch 86: reducing lr to 0.00010428555404460252
Epoch 89: reducing lr to 6.266485693418605e-05
Epoch 92: reducing lr to 3.1238352597157995e-05
Epoch 95: reducing lr to 1.050174837108099e-05
Epoch 98: reducing lr to 7.82017701190206e-07
