[I 2024-06-21 00:38:55,044] Trial 337 finished with value: 0.9812275171279907 and parameters: {'hidden_size': 147, 'n_layers': 1, 'rnn_dropout': 0.3545432175526798, 'bidirectional': True, 'fc_dropout': 0.5263122496240675, 'learning_rate_model': 0.0016657189892778943}. Best is trial 235 with value: 0.9706074595451355.
Epoch 33: reducing lr to 5.8969255223806835e-05
Epoch 38: reducing lr to 5.6038592656935e-05
Epoch 41: reducing lr to 5.3734782038951105e-05
Epoch 50: reducing lr to 4.480123927322305e-05
Epoch 55: reducing lr to 3.887787355502302e-05
Epoch 61: reducing lr to 3.131233444640231e-05
Epoch 64: reducing lr to 2.7480972247596895e-05
Epoch 67: reducing lr to 2.3697695211187643e-05
Epoch 72: reducing lr to 1.766044942621194e-05
Epoch 75: reducing lr to 1.429210484511134e-05
Epoch 78: reducing lr to 1.117986053313845e-05
Epoch 81: reducing lr to 8.372789231836896e-06
Epoch 84: reducing lr to 5.915168402873926e-06
Epoch 87: reducing lr to 3.845746144288888e-06
Epoch 90: reducing lr to 2.1971707376031416e-06
Epoch 93: reducing lr to 9.954329411713679e-07
Epoch 96: reducing lr to 2.5948841856750576e-07
Epoch 99: reducing lr to 9.412765801172784e-10
[I 2024-06-21 00:39:10,696] Trial 338 finished with value: 0.9830546975135803 and parameters: {'hidden_size': 153, 'n_layers': 1, 'rnn_dropout': 0.3061726227607775, 'bidirectional': True, 'fc_dropout': 0.5439114420427312, 'learning_rate_model': 0.0006106119860599469}. Best is trial 235 with value: 0.9706074595451355.
Epoch 33: reducing lr to 8.829418107996007e-05
Epoch 38: reducing lr to 8.390612411058569e-05
Epoch 41: reducing lr to 8.045664741113973e-05
Epoch 44: reducing lr to 7.645925306330201e-05
Epoch 49: reducing lr to 6.87540576730881e-05
Epoch 52: reducing lr to 6.362402158268513e-05
Epoch 55: reducing lr to 5.821152047186043e-05
Epoch 58: reducing lr to 5.260193302116077e-05
Epoch 64: reducing lr to 4.1147033834388624e-05
Epoch 72: reducing lr to 2.644284574518272e-05
Epoch 75: reducing lr to 2.1399451093941958e-05
Epoch 78: reducing lr to 1.6739513270350928e-05
Epoch 81: reducing lr to 1.2536508486912215e-05
Epoch 84: reducing lr to 8.856733022989888e-06
Epoch 87: reducing lr to 5.758204087243026e-06
Epoch 90: reducing lr to 3.2898056832028947e-06
Epoch 93: reducing lr to 1.490453559692558e-06
Epoch 96: reducing lr to 3.885298759530916e-07
Epoch 99: reducing lr to 1.4093656854952986e-09
[I 2024-06-21 00:39:25,515] Trial 339 finished with value: 0.9801337718963623 and parameters: {'hidden_size': 142, 'n_layers': 1, 'rnn_dropout': 0.3769431697804597, 'bidirectional': True, 'fc_dropout': 0.5016587036126351, 'learning_rate_model': 0.0009142643070893877}. Best is trial 235 with value: 0.9706074595451355.
Epoch 27: reducing lr to 0.00013714944672377146
Epoch 33: reducing lr to 0.00013293679606906736
Epoch 36: reducing lr to 0.00012929313877067333
Epoch 39: reducing lr to 0.00012469589443721562
Epoch 48: reducing lr to 0.00010597577227815916
Epoch 61: reducing lr to 7.058867206223973e-05
Epoch 64: reducing lr to 6.195147606313365e-05
Epoch 67: reducing lr to 5.342268040592009e-05
Epoch 72: reducing lr to 3.981267111056543e-05
Epoch 75: reducing lr to 3.221927460303512e-05
Epoch 78: reducing lr to 2.5203215372719038e-05
Epoch 81: reducing lr to 1.8875120101442756e-05
Epoch 84: reducing lr to 1.3334805276115865e-05
Epoch 87: reducing lr to 8.66962231380426e-06
Epoch 90: reducing lr to 4.953171566524257e-06
Epoch 93: reducing lr to 2.2440450604081263e-06
Epoch 96: reducing lr to 5.84975320622118e-07
Epoch 99: reducing lr to 2.1219581678800017e-09
[I 2024-06-21 00:39:41,608] Trial 340 finished with value: 0.9793154001235962 and parameters: {'hidden_size': 155, 'n_layers': 1, 'rnn_dropout': 0.4236585213188588, 'bidirectional': True, 'fc_dropout': 0.5275537249678969, 'learning_rate_model': 0.0013765274931844247}. Best is trial 235 with value: 0.9706074595451355.
Epoch 27: reducing lr to 0.00010911553434550701
Epoch 40: reducing lr to 9.782940651618611e-05
Epoch 43: reducing lr to 9.325196821869283e-05
Epoch 46: reducing lr to 8.806746154980228e-05
Epoch 49: reducing lr to 8.235765695803162e-05
Epoch 55: reducing lr to 6.97291853932784e-05
Epoch 64: reducing lr to 4.928833892955152e-05
Epoch 72: reducing lr to 3.167479698770321e-05
Epoch 75: reducing lr to 2.5633522033927798e-05
Epoch 78: reducing lr to 2.0051574237539225e-05
Epoch 81: reducing lr to 1.501696773048354e-05
Epoch 84: reducing lr to 1.0609116098202046e-05
Epoch 87: reducing lr to 6.897515767962043e-06
Epoch 90: reducing lr to 3.940722876372995e-06
Epoch 93: reducing lr to 1.7853529978505275e-06
Epoch 96: reducing lr to 4.6540395323047165e-07
Epoch 99: reducing lr to 1.68822116952249e-09
[I 2024-06-21 00:39:56,751] Trial 341 finished with value: 0.9782894849777222 and parameters: {'hidden_size': 148, 'n_layers': 1, 'rnn_dropout': 0.32698041925992494, 'bidirectional': True, 'fc_dropout': 0.5574619172367368, 'learning_rate_model': 0.001095159598147079}. Best is trial 235 with value: 0.9706074595451355.
Epoch 27: reducing lr to 0.00019600105656973843
Epoch 31: reducing lr to 0.00019265360244659067
Epoch 34: reducing lr to 0.00018840195685610288
Epoch 40: reducing lr to 0.00017572811383618066
Epoch 46: reducing lr to 0.0001581930163904918
Epoch 52: reducing lr to 0.00013689846986643435
Epoch 57: reducing lr to 0.00011724129366412245
Epoch 60: reducing lr to 0.00010499399482553891
Epoch 65: reducing lr to 8.444557974654809e-05
Epoch 68: reducing lr to 7.235160729878751e-05
Epoch 71: reducing lr to 6.0667856532592134e-05
Epoch 74: reducing lr to 4.957853436717418e-05
Epoch 77: reducing lr to 3.92585587096303e-05
Epoch 80: reducing lr to 2.9870651199849473e-05
Epoch 83: reducing lr to 2.1562892406610622e-05
Epoch 86: reducing lr to 1.4466266448503301e-05
Epoch 89: reducing lr to 8.692733386443511e-06
Epoch 92: reducing lr to 4.3333166920655685e-06
Epoch 95: reducing lr to 1.4567798148362775e-06
Epoch 98: reducing lr to 1.0847980371304564e-07
[I 2024-06-21 00:40:12,847] Trial 342 finished with value: 0.9813898801803589 and parameters: {'hidden_size': 151, 'n_layers': 1, 'rnn_dropout': 0.37000130762872824, 'bidirectional': True, 'fc_dropout': 0.4989091473885353, 'learning_rate_model': 0.0019672032917846063}. Best is trial 235 with value: 0.9706074595451355.
Epoch 50: reducing lr to 3.125286548735999e-05
Epoch 55: reducing lr to 2.7120788896925367e-05
Epoch 61: reducing lr to 2.18431497079933e-05
Epoch 64: reducing lr to 1.9170432404296106e-05
Epoch 67: reducing lr to 1.6531258795744046e-05
Epoch 73: reducing lr to 1.151888722498268e-05
Epoch 76: reducing lr to 9.224725984569053e-06
Epoch 79: reducing lr to 7.120971181961543e-06
Epoch 82: reducing lr to 5.240794061237106e-06
Epoch 85: reducing lr to 3.6138516782574426e-06
Epoch 88: reducing lr to 2.2657952816592535e-06
Epoch 91: reducing lr to 1.2178925100601596e-06
Epoch 94: reducing lr to 4.866640925860091e-07
Epoch 97: reducing lr to 8.364409258948524e-08
[I 2024-06-21 00:40:29,746] Trial 343 finished with value: 0.9827457070350647 and parameters: {'hidden_size': 158, 'n_layers': 1, 'rnn_dropout': 0.404254824336108, 'bidirectional': True, 'fc_dropout': 0.5443367554831149, 'learning_rate_model': 0.0004259563926104844}. Best is trial 235 with value: 0.9706074595451355.
Epoch 27: reducing lr to 0.00012465991813431844
Epoch 36: reducing lr to 0.0001175190456797345
Epoch 40: reducing lr to 0.00011176599079669798
Epoch 44: reducing lr to 0.00010463475292259352
Epoch 48: reducing lr to 9.632507758506844e-05
Epoch 55: reducing lr to 7.966266760124905e-05
Epoch 61: reducing lr to 6.416050732025203e-05
Epoch 64: reducing lr to 5.630985847055453e-05
Epoch 67: reducing lr to 4.8557738474373065e-05
Epoch 72: reducing lr to 3.618712608697247e-05
Epoch 75: reducing lr to 2.9285223019899584e-05
Epoch 78: reducing lr to 2.2908081951016653e-05
Epoch 81: reducing lr to 1.7156255331895932e-05
Epoch 84: reducing lr to 1.212046985071475e-05
Epoch 87: reducing lr to 7.880122258684814e-06
Epoch 90: reducing lr to 4.502110484133105e-06
Epoch 93: reducing lr to 2.039690864255681e-06
Epoch 96: reducing lr to 5.317044823827934e-07
Epoch 99: reducing lr to 1.9287218272576874e-09
[I 2024-06-21 00:40:45,984] Trial 344 finished with value: 0.9776156544685364 and parameters: {'hidden_size': 156, 'n_layers': 1, 'rnn_dropout': 0.3455686622331682, 'bidirectional': True, 'fc_dropout': 0.5778792725248416, 'learning_rate_model': 0.0012511738742600903}. Best is trial 235 with value: 0.9706074595451355.
Epoch 27: reducing lr to 9.178566046952016e-05
Epoch 33: reducing lr to 8.896639337143165e-05
Epoch 38: reducing lr to 8.454492869846444e-05
Epoch 41: reducing lr to 8.106919001200925e-05
Epoch 44: reducing lr to 7.704136220206101e-05
Epoch 49: reducing lr to 6.927750465556299e-05
Epoch 52: reducing lr to 6.410841193341505e-05
Epoch 55: reducing lr to 5.8654703692858844e-05
Epoch 64: reducing lr to 4.146029957356597e-05
Epoch 72: reducing lr to 2.6644163722358375e-05
Epoch 75: reducing lr to 2.1562372068802876e-05
Epoch 78: reducing lr to 1.6866956624329052e-05
Epoch 81: reducing lr to 1.2631952999721155e-05
Epoch 84: reducing lr to 8.924162209460791e-06
Epoch 87: reducing lr to 5.8020431660690906e-06
Epoch 90: reducing lr to 3.314852042880887e-06
Epoch 93: reducing lr to 1.501800866960583e-06
Epoch 96: reducing lr to 3.9148788015026413e-07
Epoch 99: reducing lr to 1.4200956444305503e-09
[I 2024-06-21 00:41:00,554] Trial 345 finished with value: 0.9807732105255127 and parameters: {'hidden_size': 145, 'n_layers': 1, 'rnn_dropout': 0.3424920935592325, 'bidirectional': True, 'fc_dropout': 0.6032197138580495, 'learning_rate_model': 0.0009212248983465019}. Best is trial 235 with value: 0.9706074595451355.
Epoch 27: reducing lr to 0.00015210238251934583
Epoch 33: reducing lr to 0.00014743044095043308
Epoch 36: reducing lr to 0.00014338952814029282
Epoch 40: reducing lr to 0.000136370003600484
Epoch 61: reducing lr to 7.828471390896619e-05
Epoch 64: reducing lr to 6.87058339270691e-05
Epoch 67: reducing lr to 5.924717280614176e-05
Epoch 72: reducing lr to 4.415331067702036e-05
Epoch 75: reducing lr to 3.573203208057339e-05
Epoch 78: reducing lr to 2.7951035873003868e-05
Epoch 81: reducing lr to 2.09330099854543e-05
Epoch 84: reducing lr to 1.4788653555517537e-05
Epoch 87: reducing lr to 9.614841626947321e-06
Epoch 90: reducing lr to 5.493198946786835e-06
Epoch 93: reducing lr to 2.4887056296792446e-06
Epoch 96: reducing lr to 6.487531820733184e-07
Epoch 99: reducing lr to 2.3533080201979665e-09
[I 2024-06-21 00:41:16,669] Trial 346 finished with value: 0.9780125617980957 and parameters: {'hidden_size': 151, 'n_layers': 1, 'rnn_dropout': 0.32008891934650296, 'bidirectional': True, 'fc_dropout': 0.5846310028507093, 'learning_rate_model': 0.0015266055847707914}. Best is trial 235 with value: 0.9706074595451355.
Epoch 27: reducing lr to 0.00011175993929374119
Epoch 33: reducing lr to 0.0001083271468714451
Epoch 36: reducing lr to 0.00010535801408816908
Epoch 40: reducing lr to 0.00010020029319355928
Epoch 43: reducing lr to 9.551192109954718e-05
Epoch 46: reducing lr to 9.02017683879405e-05
Epoch 55: reducing lr to 7.141906579386793e-05
Epoch 61: reducing lr to 5.7521090262877156e-05
Epoch 64: reducing lr to 5.048283729440251e-05
Epoch 72: reducing lr to 3.244243278210233e-05
Epoch 75: reducing lr to 2.6254748084955063e-05
Epoch 78: reducing lr to 2.053752229664634e-05
Epoch 81: reducing lr to 1.5380902563522288e-05
Epoch 84: reducing lr to 1.0866227051970044e-05
Epoch 87: reducing lr to 7.064676428785713e-06
Epoch 90: reducing lr to 4.03622593316878e-06
Epoch 93: reducing lr to 1.8286208636973319e-06
Epoch 96: reducing lr to 4.766829752710566e-07
Epoch 99: reducing lr to 1.7291350544543922e-09
[I 2024-06-21 00:41:33,356] Trial 347 finished with value: 0.9774096608161926 and parameters: {'hidden_size': 157, 'n_layers': 1, 'rnn_dropout': 0.39050266770498127, 'bidirectional': True, 'fc_dropout': 0.5667468037302629, 'learning_rate_model': 0.0011217006903739308}. Best is trial 235 with value: 0.9706074595451355.
Epoch 27: reducing lr to 0.00010727757249733508
Epoch 33: reducing lr to 0.00010398245941586444
Epoch 38: reducing lr to 9.881472412287542e-05
Epoch 41: reducing lr to 9.475233783060909e-05
Epoch 44: reducing lr to 9.004467883814595e-05
Epoch 48: reducing lr to 8.289368907501973e-05
Epoch 55: reducing lr to 6.855465434941124e-05
Epoch 64: reducing lr to 4.845811721038332e-05
Epoch 72: reducing lr to 3.1141260963147365e-05
Epoch 75: reducing lr to 2.5201746340253855e-05
Epoch 78: reducing lr to 1.9713821884811076e-05
Epoch 81: reducing lr to 1.4764019202765549e-05
Epoch 84: reducing lr to 1.0430414222724089e-05
Epoch 87: reducing lr to 6.781332761530176e-06
Epoch 90: reducing lr to 3.874344625609387e-06
Epoch 93: reducing lr to 1.7552801881882616e-06
Epoch 96: reducing lr to 4.5756460464315646e-07
Epoch 99: reducing lr to 1.6597844659880372e-09
[I 2024-06-21 00:41:50,253] Trial 348 finished with value: 0.9779587984085083 and parameters: {'hidden_size': 158, 'n_layers': 1, 'rnn_dropout': 0.3939099926833096, 'bidirectional': True, 'fc_dropout': 0.5632632907950477, 'learning_rate_model': 0.0010767125312731724}. Best is trial 235 with value: 0.9706074595451355.
Epoch 33: reducing lr to 6.046552892680045e-05
Epoch 38: reducing lr to 5.746050433323326e-05
Epoch 41: reducing lr to 5.5098237300439925e-05
Epoch 49: reducing lr to 4.708408201104632e-05
Epoch 55: reducing lr to 3.986435268907196e-05
Epoch 61: reducing lr to 3.210684715363722e-05
Epoch 64: reducing lr to 2.8178268761699314e-05
Epoch 67: reducing lr to 2.429899563513708e-05
Epoch 72: reducing lr to 1.8108562022499598e-05
Epoch 75: reducing lr to 1.465474976167007e-05
Epoch 78: reducing lr to 1.1463536005304118e-05
Epoch 81: reducing lr to 8.585238656554204e-06
Epoch 84: reducing lr to 6.065258664255171e-06
Epoch 87: reducing lr to 3.9433273126833175e-06
Epoch 90: reducing lr to 2.25292129411238e-06
Epoch 93: reducing lr to 1.020690851031604e-06
Epoch 96: reducing lr to 2.660726241075014e-07
Epoch 99: reducing lr to 9.651603376540848e-10
[I 2024-06-21 00:42:09,252] Trial 349 finished with value: 0.9823129773139954 and parameters: {'hidden_size': 174, 'n_layers': 1, 'rnn_dropout': 0.4170484170684142, 'bidirectional': True, 'fc_dropout': 0.5183138206208935, 'learning_rate_model': 0.0006261055284831408}. Best is trial 235 with value: 0.9706074595451355.
Epoch 33: reducing lr to 8.881570435366325e-05
Epoch 40: reducing lr to 8.215262631250374e-05
Epoch 43: reducing lr to 7.830870461948713e-05
Epoch 46: reducing lr to 7.395499488995321e-05
Epoch 49: reducing lr to 6.91601641774972e-05
Epoch 52: reducing lr to 6.399982673333162e-05
Epoch 55: reducing lr to 5.855535584529496e-05
Epoch 64: reducing lr to 4.139007517104309e-05
Epoch 72: reducing lr to 2.6599034514480738e-05
Epoch 75: reducing lr to 2.1525850270574646e-05
Epoch 78: reducing lr to 1.6838387801539403e-05
Epoch 81: reducing lr to 1.2610557318521874e-05
Epoch 84: reducing lr to 8.90904669014177e-06
Epoch 87: reducing lr to 5.792215812698759e-06
Epoch 90: reducing lr to 3.309237430672166e-06
Epoch 93: reducing lr to 1.499257154790744e-06
Epoch 96: reducing lr to 3.9082478792079946e-07
Epoch 99: reducing lr to 1.4176903224928302e-09
[I 2024-06-21 00:42:23,770] Trial 350 finished with value: 0.980969250202179 and parameters: {'hidden_size': 141, 'n_layers': 1, 'rnn_dropout': 0.40096491180763405, 'bidirectional': True, 'fc_dropout': 0.5005750179388789, 'learning_rate_model': 0.0009196645510084225}. Best is trial 235 with value: 0.9706074595451355.
Epoch 27: reducing lr to 0.00018154952474299627
Epoch 31: reducing lr to 0.00017844888479853646
Epoch 34: reducing lr to 0.0001745107211486172
Epoch 40: reducing lr to 0.00016277134475339077
Epoch 46: reducing lr to 0.0001465291434953877
Epoch 52: reducing lr to 0.00012680468451174595
Epoch 57: reducing lr to 0.00010859686941229376
Epoch 60: reducing lr to 9.725258728216577e-05
Epoch 63: reducing lr to 8.581139700073019e-05
Epoch 66: reducing lr to 7.445376668216669e-05
Epoch 69: reducing lr to 6.335876307990291e-05
Epoch 72: reducing lr to 5.270142673947501e-05
Epoch 75: reducing lr to 4.2649781909264316e-05
Epoch 78: reducing lr to 3.3362378647638e-05
Epoch 81: reducing lr to 2.4985657366782257e-05
Epoch 84: reducing lr to 1.765174864536748e-05
Epoch 87: reducing lr to 1.1476282612663523e-05
Epoch 90: reducing lr to 6.556686631657683e-06
Epoch 93: reducing lr to 2.970521018867147e-06
Epoch 96: reducing lr to 7.743523140798635e-07
Epoch 99: reducing lr to 2.808910324518868e-09
[I 2024-06-21 00:42:38,775] Trial 351 finished with value: 0.9834634065628052 and parameters: {'hidden_size': 147, 'n_layers': 1, 'rnn_dropout': 0.37542262836689894, 'bidirectional': True, 'fc_dropout': 0.521134595402065, 'learning_rate_model': 0.001822157640100673}. Best is trial 235 with value: 0.9706074595451355.
Epoch 55: reducing lr to 2.050791499960594e-05
Epoch 65: reducing lr to 1.3826492105527839e-05
Epoch 68: reducing lr to 1.1846314870966683e-05
Epoch 73: reducing lr to 8.710231881446944e-06
Epoch 76: reducing lr to 6.975456986343242e-06
Epoch 79: reducing lr to 5.3846616434843734e-06
Epoch 82: reducing lr to 3.962928937899544e-06
Epoch 85: reducing lr to 2.7326846324624735e-06
Epoch 88: reducing lr to 1.7133254205611977e-06
Epoch 91: reducing lr to 9.209332431256066e-07
Epoch 94: reducing lr to 3.6800057262514417e-07
Epoch 97: reducing lr to 6.324911666705712e-08
[I 2024-06-21 00:42:52,028] Trial 352 finished with value: 0.9839057326316833 and parameters: {'hidden_size': 136, 'n_layers': 1, 'rnn_dropout': 0.3925804057312449, 'bidirectional': True, 'fc_dropout': 0.552018599833779, 'learning_rate_model': 0.0003220952578626839}. Best is trial 235 with value: 0.9706074595451355.
Epoch 33: reducing lr to 4.9761612729131085e-05
Epoch 38: reducing lr to 4.728855290941741e-05
Epoch 41: reducing lr to 4.534446643014487e-05
Epoch 50: reducing lr to 3.780583475300916e-05
Epoch 55: reducing lr to 3.280736173849696e-05
Epoch 61: reducing lr to 2.6423129382476105e-05
Epoch 64: reducing lr to 2.3190007966267057e-05
Epoch 67: reducing lr to 1.999746354598739e-05
Epoch 72: reducing lr to 1.4902892051700408e-05
Epoch 75: reducing lr to 1.2060491245604992e-05
Epoch 78: reducing lr to 9.434202417925976e-06
Epoch 81: reducing lr to 7.0654359400676505e-06
Epoch 84: reducing lr to 4.991555653437727e-06
Epoch 87: reducing lr to 3.2452594078107595e-06
Epoch 90: reducing lr to 1.8540976807223914e-06
Epoch 93: reducing lr to 8.40002952867409e-07
Epoch 96: reducing lr to 2.1897109168910995e-07
Epoch 99: reducing lr to 7.943027340788327e-10
[I 2024-06-21 00:43:07,688] Trial 353 finished with value: 0.982915997505188 and parameters: {'hidden_size': 153, 'n_layers': 1, 'rnn_dropout': 0.4198160905079016, 'bidirectional': True, 'fc_dropout': 0.5688755532792803, 'learning_rate_model': 0.0005152691358023755}. Best is trial 235 with value: 0.9706074595451355.
Epoch 27: reducing lr to 0.00013849322719853302
Epoch 36: reducing lr to 0.00013055994370172493
Epoch 40: reducing lr to 0.0001241684816429779
Epoch 46: reducing lr to 0.00011177828193183438
Epoch 61: reducing lr to 7.128029482501786e-05
Epoch 64: reducing lr to 6.255847219694941e-05
Epoch 67: reducing lr to 5.3946112009574245e-05
Epoch 72: reducing lr to 4.020275281606612e-05
Epoch 75: reducing lr to 3.2534956752375036e-05
Epoch 78: reducing lr to 2.545015467526892e-05
Epoch 81: reducing lr to 1.906005717889365e-05
Epoch 84: reducing lr to 1.3465458744962032e-05
Epoch 87: reducing lr to 8.75456665348003e-06
Epoch 90: reducing lr to 5.001702387451637e-06
Epoch 93: reducing lr to 2.266032053492638e-06
Epoch 96: reducing lr to 5.907068669961519e-07
Epoch 99: reducing lr to 2.1427489623349756e-09
[I 2024-06-21 00:43:24,568] Trial 354 finished with value: 0.9788417816162109 and parameters: {'hidden_size': 158, 'n_layers': 1, 'rnn_dropout': 0.35395449304159676, 'bidirectional': True, 'fc_dropout': 0.5370839801802747, 'learning_rate_model': 0.0013900146111604766}. Best is trial 235 with value: 0.9706074595451355.
Epoch 27: reducing lr to 0.00011093438351118457
Epoch 33: reducing lr to 0.00010752694866918467
Epoch 40: reducing lr to 9.946012697673273e-05
Epoch 43: reducing lr to 9.48063872627796e-05
Epoch 46: reducing lr to 8.953545994181852e-05
Epoch 55: reducing lr to 7.089150266951839e-05
Epoch 64: reducing lr to 5.0109927300789124e-05
Epoch 72: reducing lr to 3.220278485322258e-05
Epoch 75: reducing lr to 2.6060807758590577e-05
Epoch 78: reducing lr to 2.0385814355513513e-05
Epoch 81: reducing lr to 1.5267285885377137e-05
Epoch 84: reducing lr to 1.078595968036964e-05
Epoch 87: reducing lr to 7.012490605184398e-06
Epoch 90: reducing lr to 4.0064108699190085e-06
Epoch 93: reducing lr to 1.8151130849917377e-06
Epoch 96: reducing lr to 4.731617816379008e-07
Epoch 99: reducing lr to 1.7163621641351836e-09
[I 2024-06-21 00:43:40,662] Trial 355 finished with value: 0.9780194759368896 and parameters: {'hidden_size': 151, 'n_layers': 1, 'rnn_dropout': 0.3816940913403489, 'bidirectional': True, 'fc_dropout': 0.5992157321819613, 'learning_rate_model': 0.0011134148368105883}. Best is trial 235 with value: 0.9706074595451355.
Epoch 33: reducing lr to 8.460723585335357e-05
Epoch 40: reducing lr to 7.825988299002596e-05
Epoch 49: reducing lr to 6.588305936213423e-05
Epoch 52: reducing lr to 6.096724080956312e-05
Epoch 55: reducing lr to 5.578075227273224e-05
Epoch 64: reducing lr to 3.9428836121593385e-05
Epoch 72: reducing lr to 2.5338658326424028e-05
Epoch 75: reducing lr to 2.0505863282177136e-05
Epoch 78: reducing lr to 1.6040512862929458e-05
Epoch 81: reducing lr to 1.2013015097441015e-05
Epoch 84: reducing lr to 8.48689789746934e-06
Epoch 87: reducing lr to 5.517755817452061e-06
Epoch 90: reducing lr to 3.152431586611365e-06
Epoch 93: reducing lr to 1.4282159289656778e-06
Epoch 96: reducing lr to 3.7230583543289287e-07
Epoch 99: reducing lr to 1.3505140825532252e-09
