[I 2024-06-21 05:00:16,156] Trial 858 finished with value: 0.9729651808738708 and parameters: {'hidden_size': 139, 'n_layers': 2, 'rnn_dropout': 0.5391815377511116, 'bidirectional': True, 'fc_dropout': 0.1401713725060682, 'learning_rate_model': 0.0010679690348764333}. Best is trial 690 with value: 0.966281533241272.
Epoch 16: reducing lr to 5.730444755015748e-05
Epoch 19: reducing lr to 6.71710304584641e-05
Epoch 22: reducing lr to 7.302815585896051e-05
Epoch 25: reducing lr to 7.424965526846331e-05
Epoch 28: reducing lr to 7.378375336631399e-05
Epoch 31: reducing lr to 7.273992716649825e-05
Epoch 34: reducing lr to 7.113463981831289e-05
Epoch 37: reducing lr to 6.899320571897864e-05
Epoch 40: reducing lr to 6.63493962179792e-05
Epoch 43: reducing lr to 6.324490772030561e-05
Epoch 46: reducing lr to 5.972869619026774e-05
Epoch 49: reducing lr to 5.58562195937349e-05
Epoch 52: reducing lr to 5.1688546701586546e-05
Epoch 55: reducing lr to 4.7291397488444264e-05
Epoch 58: reducing lr to 4.2734134119838975e-05
Epoch 61: reducing lr to 3.808860719967533e-05
Epoch 64: reducing lr to 3.3428103522449476e-05
Epoch 67: reducing lr to 2.8826091072243918e-05
Epoch 70: reducing lr to 2.435517706613963e-05
Epoch 73: reducing lr to 2.008585651588385e-05
Epoch 76: reducing lr to 1.6085453299910912e-05
Epoch 79: reducing lr to 1.2417067952919252e-05
Epoch 82: reducing lr to 9.138542246945475e-06
Epoch 85: reducing lr to 6.3015901502824355e-06
Epoch 88: reducing lr to 3.950940575498415e-06
Epoch 91: reducing lr to 2.1236785924757347e-06
Epoch 94: reducing lr to 8.486119313604176e-07
Epoch 97: reducing lr to 1.458529117734516e-07
[I 2024-06-21 05:00:32,356] Trial 859 finished with value: 1.0926599502563477 and parameters: {'hidden_size': 134, 'n_layers': 2, 'rnn_dropout': 0.6268589861040984, 'bidirectional': False, 'fc_dropout': 0.17569597608863136, 'learning_rate_model': 0.000742753949829606}. Best is trial 690 with value: 0.966281533241272.
Epoch 40: reducing lr to 4.507204317482977e-05
Epoch 53: reducing lr to 3.413208835939233e-05
Epoch 56: reducing lr to 3.1103452726725876e-05
Epoch 61: reducing lr to 2.587410656357567e-05
Epoch 64: reducing lr to 2.2708163315708467e-05
Epoch 67: reducing lr to 1.9581953950286058e-05
Epoch 72: reducing lr to 1.4593238047984266e-05
Epoch 75: reducing lr to 1.180989697249147e-05
Epoch 78: reducing lr to 9.238177475891587e-06
Epoch 81: reducing lr to 6.918629500132903e-06
Epoch 84: reducing lr to 4.887840536432455e-06
Epoch 87: reducing lr to 3.177829034884484e-06
Epoch 90: reducing lr to 1.8155730260362547e-06
Epoch 93: reducing lr to 8.225492749781458e-07
Epoch 96: reducing lr to 2.1442128518146634e-07
Epoch 99: reducing lr to 7.777986205841427e-10
[I 2024-06-21 05:01:10,782] Trial 860 finished with value: 0.9730693101882935 and parameters: {'hidden_size': 141, 'n_layers': 2, 'rnn_dropout': 0.5912847556274856, 'bidirectional': True, 'fc_dropout': 0.16005933729558564, 'learning_rate_model': 0.0005045628144830609}. Best is trial 690 with value: 0.966281533241272.
Epoch 40: reducing lr to 7.378549917016661e-05
Epoch 65: reducing lr to 3.545738424144112e-05
Epoch 72: reducing lr to 2.3889961005382223e-05
Epoch 75: reducing lr to 1.9333473299256842e-05
Epoch 78: reducing lr to 1.5123422158547954e-05
Epoch 81: reducing lr to 1.1326190145421003e-05
Epoch 84: reducing lr to 8.00167306474023e-06
Epoch 87: reducing lr to 5.202286941084224e-06
Epoch 90: reducing lr to 2.972196345445155e-06
Epoch 93: reducing lr to 1.3465599642532834e-06
Epoch 96: reducing lr to 3.5101984390755815e-07
Epoch 99: reducing lr to 1.2733005968178225e-09
[I 2024-06-21 05:01:44,988] Trial 861 finished with value: 0.9688360691070557 and parameters: {'hidden_size': 132, 'n_layers': 2, 'rnn_dropout': 0.6124878271477585, 'bidirectional': True, 'fc_dropout': 0.12508701579386788, 'learning_rate_model': 0.0008259980357430831}. Best is trial 690 with value: 0.966281533241272.
Epoch 40: reducing lr to 5.4298790853093e-05
Epoch 47: reducing lr to 4.7854197084786174e-05
Epoch 50: reducing lr to 4.459876738309729e-05
Epoch 61: reducing lr to 3.117082346049077e-05
Epoch 64: reducing lr to 2.7356776477932326e-05
Epoch 67: reducing lr to 2.359059734472525e-05
Epoch 72: reducing lr to 1.758063590690305e-05
Epoch 75: reducing lr to 1.4227514009482499e-05
Epoch 78: reducing lr to 1.1129334977814357e-05
Epoch 81: reducing lr to 8.334949777194674e-06
Epoch 84: reducing lr to 5.888435764527964e-06
Epoch 87: reducing lr to 3.8283659221475e-06
Epoch 90: reducing lr to 2.1872409829939337e-06
Epoch 93: reducing lr to 9.90934244430783e-07
Epoch 96: reducing lr to 2.5831570300370977e-07
Epoch 99: reducing lr to 9.370226342129798e-10
[I 2024-06-21 05:02:16,294] Trial 862 finished with value: 0.9713476896286011 and parameters: {'hidden_size': 124, 'n_layers': 2, 'rnn_dropout': 0.5584166978840844, 'bidirectional': True, 'fc_dropout': 0.2189121264856062, 'learning_rate_model': 0.0006078524248300214}. Best is trial 690 with value: 0.966281533241272.
Epoch 36: reducing lr to 0.00011042864322917826
Epoch 40: reducing lr to 0.00010502269356815004
Epoch 45: reducing lr to 9.646539015931044e-05
Epoch 49: reducing lr to 8.841332353644715e-05
Epoch 52: reducing lr to 8.181642502652861e-05
Epoch 55: reducing lr to 7.485629455498505e-05
Epoch 58: reducing lr to 6.764272364775359e-05
Epoch 61: reducing lr to 6.0289442713650195e-05
Epoch 64: reducing lr to 5.29124554693579e-05
Epoch 67: reducing lr to 4.562805243173415e-05
Epoch 70: reducing lr to 3.8551161632456555e-05
Epoch 73: reducing lr to 3.179336774959047e-05
Epoch 76: reducing lr to 2.5461235958671163e-05
Epoch 79: reducing lr to 1.9654646416826928e-05
Epoch 82: reducing lr to 1.4465155325716076e-05
Epoch 85: reducing lr to 9.974619349525428e-06
Epoch 88: reducing lr to 6.253838693623284e-06
Epoch 91: reducing lr to 3.3615143282100237e-06
Epoch 94: reducing lr to 1.3432452426958381e-06
Epoch 97: reducing lr to 2.3086669257519482e-07
[I 2024-06-21 05:02:52,045] Trial 863 finished with value: 0.9742920398712158 and parameters: {'hidden_size': 137, 'n_layers': 2, 'rnn_dropout': 0.6344237503287439, 'bidirectional': True, 'fc_dropout': 0.10705174799075033, 'learning_rate_model': 0.001175685460847493}. Best is trial 690 with value: 0.966281533241272.
Epoch 36: reducing lr to 8.723284363045951e-05
Epoch 40: reducing lr to 8.296242657502289e-05
Epoch 43: reducing lr to 7.90806143246884e-05
Epoch 52: reducing lr to 6.463069002786202e-05
Epoch 62: reducing lr to 4.5680563139585165e-05
Epoch 65: reducing lr to 3.9867327181575936e-05
Epoch 68: reducing lr to 3.415768130138947e-05
Epoch 71: reducing lr to 2.864170384108978e-05
Epoch 74: reducing lr to 2.3406360128398977e-05
Epoch 77: reducing lr to 1.85342300858313e-05
Epoch 80: reducing lr to 1.4102135695975393e-05
Epoch 83: reducing lr to 1.0179986793099201e-05
Epoch 88: reducing lr to 4.940204976699471e-06
Epoch 91: reducing lr to 2.6554202349994323e-06
Epoch 94: reducing lr to 1.061093379280825e-06
Epoch 97: reducing lr to 1.8237259377621318e-07
[I 2024-06-21 05:03:24,840] Trial 864 finished with value: 0.9693262577056885 and parameters: {'hidden_size': 129, 'n_layers': 2, 'rnn_dropout': 0.5734101798491219, 'bidirectional': True, 'fc_dropout': 0.1930156897078546, 'learning_rate_model': 0.0009287299288090445}. Best is trial 690 with value: 0.966281533241272.
Epoch 40: reducing lr to 6.2682637819359e-05
Epoch 47: reducing lr to 5.524298528336401e-05
Epoch 53: reducing lr to 4.7468212708957795e-05
Epoch 65: reducing lr to 3.012193993974822e-05
Epoch 72: reducing lr to 2.029512289081939e-05
Epoch 75: reducing lr to 1.6424271953662624e-05
Epoch 79: reducing lr to 1.1730846362401353e-05
Epoch 88: reducing lr to 3.732594285050454e-06
Epoch 91: reducing lr to 2.006314806837859e-06
Epoch 94: reducing lr to 8.017139171529906e-07
Epoch 97: reducing lr to 1.3779244069619989e-07
[I 2024-06-21 05:04:04,705] Trial 865 finished with value: 0.9687158465385437 and parameters: {'hidden_size': 143, 'n_layers': 2, 'rnn_dropout': 0.5983148998934996, 'bidirectional': True, 'fc_dropout': 0.14948558495655623, 'learning_rate_model': 0.0007017061115840481}. Best is trial 690 with value: 0.966281533241272.
Epoch 36: reducing lr to 9.240622667876049e-05
Epoch 40: reducing lr to 8.788255061806478e-05
Epoch 43: reducing lr to 8.377052574531894e-05
Epoch 52: reducing lr to 6.846364218526925e-05
Epoch 61: reducing lr to 5.044995344343472e-05
Epoch 64: reducing lr to 4.427692137884913e-05
Epoch 67: reducing lr to 3.818136339108013e-05
Epoch 72: reducing lr to 2.845424549445867e-05
Epoch 76: reducing lr to 2.1305855733783997e-05
Epoch 79: reducing lr to 1.644692589688818e-05
Epoch 82: reducing lr to 1.2104381461950394e-05
Epoch 85: reducing lr to 8.346719743116934e-06
Epoch 88: reducing lr to 5.2331860560491e-06
Epoch 91: reducing lr to 2.8129011270365827e-06
Epoch 99: reducing lr to 1.5165704021812345e-09
[I 2024-06-21 05:04:41,238] Trial 866 finished with value: 0.9676473140716553 and parameters: {'hidden_size': 135, 'n_layers': 2, 'rnn_dropout': 0.6685339850389322, 'bidirectional': True, 'fc_dropout': 0.2735371957834843, 'learning_rate_model': 0.0009838086751870064}. Best is trial 690 with value: 0.966281533241272.
Epoch 40: reducing lr to 5.422791562845033e-05
Epoch 49: reducing lr to 4.565175474245639e-05
Epoch 61: reducing lr to 3.113013675125931e-05
Epoch 65: reducing lr to 2.6059050391677002e-05
Epoch 72: reducing lr to 1.7557688222439255e-05
Epoch 75: reducing lr to 1.4208943094077462e-05
Epoch 78: reducing lr to 1.1114808059179837e-05
Epoch 81: reducing lr to 8.324070318765442e-06
Epoch 84: reducing lr to 5.8807496963660785e-06
Epoch 87: reducing lr to 3.823368825702379e-06
Epoch 90: reducing lr to 2.1843860170990874e-06
Epoch 93: reducing lr to 9.896407959749981e-07
Epoch 96: reducing lr to 2.5797852821231314e-07
Epoch 99: reducing lr to 9.357995556084387e-10
[I 2024-06-21 05:05:17,347] Trial 867 finished with value: 0.9725191593170166 and parameters: {'hidden_size': 138, 'n_layers': 2, 'rnn_dropout': 0.5848155966558463, 'bidirectional': True, 'fc_dropout': 0.1722795597832647, 'learning_rate_model': 0.0006070590061095939}. Best is trial 690 with value: 0.966281533241272.
Epoch 35: reducing lr to 7.378052209392739e-05
Epoch 40: reducing lr to 6.945756860198907e-05
Epoch 49: reducing lr to 5.847283359646176e-05
Epoch 53: reducing lr to 5.259872199615675e-05
Epoch 65: reducing lr to 3.33776111308433e-05
Epoch 68: reducing lr to 2.859739752345212e-05
Epoch 71: reducing lr to 2.397932644389745e-05
Epoch 74: reducing lr to 1.9596206758380795e-05
Epoch 79: reducing lr to 1.2998752035994288e-05
Epoch 82: reducing lr to 9.566642067910625e-06
Epoch 85: reducing lr to 6.596791457256027e-06
Epoch 88: reducing lr to 4.136024466047824e-06
Epoch 91: reducing lr to 2.223163433784023e-06
Epoch 94: reducing lr to 8.883656038901591e-07
Epoch 97: reducing lr to 1.526854681845437e-07
[I 2024-06-21 05:05:52,595] Trial 868 finished with value: 0.9703158140182495 and parameters: {'hidden_size': 133, 'n_layers': 2, 'rnn_dropout': 0.5361999274884363, 'bidirectional': True, 'fc_dropout': 0.23547331050540685, 'learning_rate_model': 0.0007775486495038894}. Best is trial 690 with value: 0.966281533241272.
Epoch 27: reducing lr to 0.00013387211181136938
Epoch 31: reducing lr to 0.00013158574274530253
Epoch 35: reducing lr to 0.00012749557062783642
Epoch 49: reducing lr to 0.00010104329806878683
Epoch 52: reducing lr to 9.350402281246813e-05
Epoch 55: reducing lr to 8.554962736952443e-05
Epoch 58: reducing lr to 7.730558714837783e-05
Epoch 61: reducing lr to 6.890187911559649e-05
Epoch 64: reducing lr to 6.047107829101957e-05
Epoch 67: reducing lr to 5.214608746449138e-05
Epoch 70: reducing lr to 4.4058252307645545e-05
Epoch 73: reducing lr to 3.6335097535476213e-05
Epoch 76: reducing lr to 2.909841131705866e-05
Epoch 79: reducing lr to 2.2462341838256618e-05
Epoch 82: reducing lr to 1.65315242400666e-05
Epoch 85: reducing lr to 1.139950853268519e-05
Epoch 88: reducing lr to 7.147208835932891e-06
Epoch 91: reducing lr to 3.841711640755158e-06
Epoch 94: reducing lr to 1.5351298198991795e-06
Epoch 97: reducing lr to 2.638463423718356e-07
[I 2024-06-21 05:06:24,017] Trial 869 finished with value: 0.978422999382019 and parameters: {'hidden_size': 128, 'n_layers': 2, 'rnn_dropout': 0.6119034440722989, 'bidirectional': True, 'fc_dropout': 0.20283066672571648, 'learning_rate_model': 0.001343633874441793}. Best is trial 690 with value: 0.966281533241272.
Epoch 36: reducing lr to 8.161098149187314e-05
Epoch 40: reducing lr to 7.76157783921071e-05
Epoch 53: reducing lr to 5.8776758707975285e-05
Epoch 63: reducing lr to 4.091824874468302e-05
Epoch 66: reducing lr to 3.5502483953892104e-05
Epoch 72: reducing lr to 2.5130112827637314e-05
Epoch 75: reducing lr to 2.0337093277422226e-05
Epoch 79: reducing lr to 1.4525533756889835e-05
Epoch 82: reducing lr to 1.0690301800721214e-05
Epoch 85: reducing lr to 7.371624347798824e-06
Epoch 88: reducing lr to 4.621825451746504e-06
Epoch 91: reducing lr to 2.4842873696715526e-06
Epoch 94: reducing lr to 9.927094948834022e-07
Epoch 97: reducing lr to 1.7061929608010652e-07
[I 2024-06-21 05:07:02,416] Trial 870 finished with value: 0.9709553718566895 and parameters: {'hidden_size': 141, 'n_layers': 2, 'rnn_dropout': 0.6476951707396267, 'bidirectional': True, 'fc_dropout': 0.13485682882887448, 'learning_rate_model': 0.0008688764217301984}. Best is trial 690 with value: 0.966281533241272.
Epoch 31: reducing lr to 0.00010821867159422716
Epoch 36: reducing lr to 0.00010379224254502223
Epoch 45: reducing lr to 9.066813536625805e-05
Epoch 52: reducing lr to 7.68995251793177e-05
Epoch 55: reducing lr to 7.035767581014453e-05
Epoch 61: reducing lr to 5.666624417410194e-05
Epoch 64: reducing lr to 4.973258976233779e-05
Epoch 67: reducing lr to 4.288595554889698e-05
Epoch 70: reducing lr to 3.623436276622684e-05
Epoch 73: reducing lr to 2.988269021779175e-05
Epoch 76: reducing lr to 2.3931098860229134e-05
Epoch 79: reducing lr to 1.8473466379535557e-05
Epoch 82: reducing lr to 1.359584674876671e-05
Epoch 85: reducing lr to 9.375177314020137e-06
Epoch 88: reducing lr to 5.878003419628017e-06
Epoch 91: reducing lr to 3.1594982992596633e-06
Epoch 94: reducing lr to 1.2625205920350698e-06
Epoch 97: reducing lr to 2.1699235860030315e-07
[I 2024-06-21 05:07:41,360] Trial 871 finished with value: 0.9727230072021484 and parameters: {'hidden_size': 145, 'n_layers': 2, 'rnn_dropout': 0.5638147291917133, 'bidirectional': True, 'fc_dropout': 0.2613661779498196, 'learning_rate_model': 0.00110503060565265}. Best is trial 690 with value: 0.966281533241272.
Epoch 65: reducing lr to 2.1378296042269215e-05
Epoch 72: reducing lr to 1.4403957588456637e-05
Epoch 75: reducing lr to 1.1656717621988388e-05
Epoch 78: reducing lr to 9.11835441317686e-06
Epoch 81: reducing lr to 6.828891954100932e-06
Epoch 84: reducing lr to 4.824443180767351e-06
Epoch 87: reducing lr to 3.13661125045273e-06
Epoch 90: reducing lr to 1.7920242772565767e-06
Epoch 93: reducing lr to 8.118804635573983e-07
Epoch 96: reducing lr to 2.1164015057252918e-07
Epoch 99: reducing lr to 7.67710244052415e-10
[I 2024-06-21 05:08:01,212] Trial 872 finished with value: 0.974820077419281 and parameters: {'hidden_size': 85, 'n_layers': 2, 'rnn_dropout': 0.596379741186786, 'bidirectional': True, 'fc_dropout': 0.15640158016369293, 'learning_rate_model': 0.0004980184217258209}. Best is trial 690 with value: 0.966281533241272.
Epoch 36: reducing lr to 6.357874110138854e-05
Epoch 40: reducing lr to 6.0466292520522196e-05
Epoch 49: reducing lr to 5.09035304850309e-05
Epoch 52: reducing lr to 4.71053990386108e-05
Epoch 55: reducing lr to 4.3098138600177484e-05
Epoch 64: reducing lr to 3.0464082587190266e-05
Epoch 67: reducing lr to 2.627012383460391e-05
Epoch 72: reducing lr to 1.9577523859042665e-05
Epoch 75: reducing lr to 1.58435392468448e-05
Epoch 78: reducing lr to 1.2393455061422785e-05
Epoch 85: reducing lr to 5.7428373895008805e-06
Epoch 88: reducing lr to 3.6006164665678006e-06
Epoch 91: reducing lr to 1.9353751248969555e-06
Epoch 94: reducing lr to 7.733667554331151e-07
Epoch 97: reducing lr to 1.3292034790022025e-07
[I 2024-06-21 05:08:37,027] Trial 873 finished with value: 0.9735333919525146 and parameters: {'hidden_size': 137, 'n_layers': 2, 'rnn_dropout': 0.6170180429347608, 'bidirectional': True, 'fc_dropout': 0.17584707672624295, 'learning_rate_model': 0.0006768950459416568}. Best is trial 690 with value: 0.966281533241272.
Epoch 35: reducing lr to 8.034487735092755e-05
Epoch 40: reducing lr to 7.563730469833261e-05
Epoch 65: reducing lr to 3.6347263430320475e-05
Epoch 72: reducing lr to 2.4489530871480302e-05
Epoch 75: reducing lr to 1.9818688323033342e-05
Epoch 78: reducing lr to 1.5502976909453687e-05
Epoch 81: reducing lr to 1.1610445205835777e-05
Epoch 84: reducing lr to 8.202492230870552e-06
Epoch 87: reducing lr to 5.332849501817028e-06
Epoch 90: reducing lr to 3.0467899944031463e-06
Epoch 93: reducing lr to 1.3803547777851457e-06
Epoch 96: reducing lr to 3.598294405729452e-07
Epoch 99: reducing lr to 1.305256809222815e-09
[I 2024-06-21 05:09:11,230] Trial 874 finished with value: 0.9689077138900757 and parameters: {'hidden_size': 132, 'n_layers': 2, 'rnn_dropout': 0.5508826493977743, 'bidirectional': True, 'fc_dropout': 0.12472630886853536, 'learning_rate_model': 0.0008467282299688578}. Best is trial 690 with value: 0.966281533241272.
Epoch 31: reducing lr to 0.00010072814389442757
Epoch 36: reducing lr to 9.660809718124494e-05
Epoch 40: reducing lr to 9.187872176796867e-05
Epoch 49: reducing lr to 7.734807476172138e-05
Epoch 52: reducing lr to 7.157680207644196e-05
Epoch 61: reducing lr to 5.274399983884289e-05
Epoch 65: reducing lr to 4.415202415079045e-05
Epoch 71: reducing lr to 3.1719939336590233e-05
Epoch 74: reducing lr to 2.592193283899799e-05
Epoch 77: reducing lr to 2.0526175999681927e-05
Epoch 80: reducing lr to 1.5617747158986163e-05
Epoch 83: reducing lr to 1.1274069633425486e-05
Epoch 86: reducing lr to 7.56362793082957e-06
Epoch 89: reducing lr to 4.544959908695813e-06
Epoch 92: reducing lr to 2.2656568149018305e-06
Epoch 95: reducing lr to 7.616713362627435e-07
Epoch 98: reducing lr to 5.67182193287729e-08
[I 2024-06-21 05:09:43,859] Trial 875 finished with value: 0.9702184200286865 and parameters: {'hidden_size': 126, 'n_layers': 2, 'rnn_dropout': 0.6336053036816529, 'bidirectional': True, 'fc_dropout': 0.22235512936067553, 'learning_rate_model': 0.0010285441524479422}. Best is trial 690 with value: 0.966281533241272.
Epoch 40: reducing lr to 5.461011239879909e-05
Epoch 61: reducing lr to 3.13495410486394e-05
Epoch 65: reducing lr to 2.6242713820053905e-05
Epoch 72: reducing lr to 1.768143429778879e-05
Epoch 75: reducing lr to 1.4309087311270584e-05
Epoch 78: reducing lr to 1.1193144902741574e-05
Epoch 86: reducing lr to 4.495606420041632e-06
Epoch 89: reducing lr to 2.701395564565234e-06
[I 2024-06-21 05:10:20,419] Trial 876 finished with value: 0.969847559928894 and parameters: {'hidden_size': 135, 'n_layers': 2, 'rnn_dropout': 0.5789262374647713, 'bidirectional': True, 'fc_dropout': 0.10019611319978353, 'learning_rate_model': 0.0006113375403083985}. Best is trial 690 with value: 0.966281533241272.
Epoch 36: reducing lr to 6.923116183744953e-05
Epoch 40: reducing lr to 6.584200332817556e-05
Epoch 43: reducing lr to 6.276125574571725e-05
Epoch 49: reducing lr to 5.5429071039435125e-05
Epoch 61: reducing lr to 3.779733268058027e-05
Epoch 65: reducing lr to 3.1640162870610474e-05
Epoch 72: reducing lr to 2.131804907084439e-05
Epoch 75: reducing lr to 1.7252097331199602e-05
Epoch 78: reducing lr to 1.3495285974823748e-05
Epoch 81: reducing lr to 1.0106851043055368e-05
Epoch 86: reducing lr to 5.420236653405207e-06
Epoch 89: reducing lr to 3.257002923816256e-06
Epoch 92: reducing lr to 1.6236118730950403e-06
Epoch 95: reducing lr to 5.458278662586997e-07
Epoch 98: reducing lr to 4.06453323898489e-08
[I 2024-06-21 05:10:57,604] Trial 877 finished with value: 0.9718574285507202 and parameters: {'hidden_size': 140, 'n_layers': 2, 'rnn_dropout': 0.5981228026722887, 'bidirectional': True, 'fc_dropout': 0.20210147601030204, 'learning_rate_model': 0.0007370738970408965}. Best is trial 690 with value: 0.966281533241272.
Epoch 13: reducing lr to 7.808349388040974e-05
Epoch 16: reducing lr to 9.984640727171828e-05
Epoch 19: reducing lr to 0.00011703779288939968
Epoch 22: reducing lr to 0.0001272431600673594
Epoch 25: reducing lr to 0.00012937148226114078
Epoch 28: reducing lr to 0.00012855970179628326
Epoch 31: reducing lr to 0.00012674095472998498
Epoch 34: reducing lr to 0.00012394392620589424
Epoch 37: reducing lr to 0.00012021272364887588
Epoch 40: reducing lr to 0.00011560618975018371
Epoch 43: reducing lr to 0.00011019697569855586
Epoch 46: reducing lr to 0.00010407038162966831
Epoch 49: reducing lr to 9.732303666889218e-05
Epoch 52: reducing lr to 9.006134612383427e-05
Epoch 55: reducing lr to 8.239981948952485e-05
Epoch 58: reducing lr to 7.44593123596381e-05
Epoch 61: reducing lr to 6.636501614543238e-05
Epoch 64: reducing lr to 5.824462465504526e-05
Epoch 67: reducing lr to 5.022614739862366e-05
Epoch 70: reducing lr to 4.2436094098841144e-05
Epoch 73: reducing lr to 3.499729420357572e-05
Epoch 76: reducing lr to 2.802705182573034e-05
Epoch 79: reducing lr to 2.1635312387622337e-05
Epoch 82: reducing lr to 1.5922858522624636e-05
Epoch 85: reducing lr to 1.0979795871059227e-05
Epoch 88: reducing lr to 6.884059417243057e-06
Epoch 91: reducing lr to 3.7002656289979346e-06
Epoch 94: reducing lr to 1.478608661920869e-06
Epoch 97: reducing lr to 2.5413191913161747e-07
