[I 2024-06-21 04:12:53,495] Trial 779 finished with value: 0.9716306924819946 and parameters: {'hidden_size': 140, 'n_layers': 2, 'rnn_dropout': 0.5949279093932694, 'bidirectional': True, 'fc_dropout': 0.2141227384913634, 'learning_rate_model': 0.000988256145694822}. Best is trial 690 with value: 0.966281533241272.
Epoch 40: reducing lr to 4.767927452634543e-05
Epoch 53: reducing lr to 3.6106488555055226e-05
Epoch 56: reducing lr to 3.290265887264987e-05
Epoch 61: reducing lr to 2.7370816654204182e-05
Epoch 65: reducing lr to 2.2912121978532764e-05
Epoch 72: reducing lr to 1.5437396534681923e-05
Epoch 75: reducing lr to 1.24930506854353e-05
Epoch 78: reducing lr to 9.772567848490916e-06
Epoch 81: reducing lr to 7.318843612288826e-06
Epoch 84: reducing lr to 5.170581903145397e-06
Epoch 87: reducing lr to 3.3616533061155422e-06
Epoch 90: reducing lr to 1.920596419275537e-06
Epoch 93: reducing lr to 8.701303497825677e-07
Epoch 96: reducing lr to 2.2682467002445825e-07
Epoch 99: reducing lr to 8.227910550584124e-10
[I 2024-06-21 04:13:26,609] Trial 780 finished with value: 0.9714367389678955 and parameters: {'hidden_size': 130, 'n_layers': 2, 'rnn_dropout': 0.5716147890064309, 'bidirectional': True, 'fc_dropout': 0.19704718169506297, 'learning_rate_model': 0.0005337496872331264}. Best is trial 690 with value: 0.966281533241272.
Epoch 40: reducing lr to 5.7267812152454845e-05
Epoch 43: reducing lr to 5.458825100723901e-05
Epoch 50: reducing lr to 4.703739793463115e-05
Epoch 53: reducing lr to 4.336768175684224e-05
Epoch 56: reducing lr to 3.951954609951237e-05
Epoch 61: reducing lr to 3.287522308558063e-05
Epoch 65: reducing lr to 2.75198628862468e-05
Epoch 72: reducing lr to 1.854193323312054e-05
Epoch 75: reducing lr to 1.5005464889556592e-05
Epoch 78: reducing lr to 1.1737879515873466e-05
Epoch 81: reducing lr to 8.790699215235659e-06
Epoch 84: reducing lr to 6.210411464725567e-06
Epoch 87: reducing lr to 4.037698391361405e-06
Epoch 90: reducing lr to 2.306837846263255e-06
Epoch 93: reducing lr to 1.045117861262e-06
Epoch 96: reducing lr to 2.724402316005444e-07
Epoch 99: reducing lr to 9.882584005261805e-10
[I 2024-06-21 04:14:01,017] Trial 781 finished with value: 0.9739541411399841 and parameters: {'hidden_size': 136, 'n_layers': 2, 'rnn_dropout': 0.6174556808306222, 'bidirectional': True, 'fc_dropout': 0.14998150638081217, 'learning_rate_model': 0.0006410893858715999}. Best is trial 690 with value: 0.966281533241272.
Epoch 36: reducing lr to 7.527014173619551e-05
Epoch 40: reducing lr to 7.158534959073867e-05
Epoch 43: reducing lr to 6.823587081513272e-05
Epoch 53: reducing lr to 5.4210044749725516e-05
Epoch 65: reducing lr to 3.44001094394301e-05
Epoch 71: reducing lr to 2.4713915286514737e-05
Epoch 74: reducing lr to 2.019652198725126e-05
Epoch 77: reducing lr to 1.5992532943688836e-05
Epoch 80: reducing lr to 1.2168235133039849e-05
Epoch 83: reducing lr to 8.783951283706864e-06
Epoch 86: reducing lr to 5.893039641649339e-06
Epoch 89: reducing lr to 3.541108732025341e-06
Epoch 92: reducing lr to 1.7652382622058766e-06
Epoch 95: reducing lr to 5.934400025428012e-07
Epoch 98: reducing lr to 4.4190792826523555e-08
[I 2024-06-21 04:14:38,327] Trial 782 finished with value: 0.9702649116516113 and parameters: {'hidden_size': 144, 'n_layers': 2, 'rnn_dropout': 0.5420427301400547, 'bidirectional': True, 'fc_dropout': 0.2634011781753853, 'learning_rate_model': 0.000801368274456827}. Best is trial 690 with value: 0.966281533241272.
Epoch 36: reducing lr to 8.298029091980137e-05
Epoch 40: reducing lr to 7.891805432563308e-05
Epoch 43: reducing lr to 7.522547826800322e-05
Epoch 61: reducing lr to 4.53037848648448e-05
Epoch 65: reducing lr to 3.792381710879978e-05
Epoch 72: reducing lr to 2.555175829483722e-05
Epoch 75: reducing lr to 2.0678319091061077e-05
Epoch 78: reducing lr to 1.617541474843526e-05
Epoch 81: reducing lr to 1.2114045432387447e-05
Epoch 84: reducing lr to 8.558273329056049e-06
Epoch 87: reducing lr to 5.564160547144657e-06
Epoch 90: reducing lr to 3.178943766651745e-06
Epoch 93: reducing lr to 1.4402273293101205e-06
Epoch 96: reducing lr to 3.754369547190285e-07
Epoch 99: reducing lr to 1.361872004686411e-09
[I 2024-06-21 04:15:15,446] Trial 783 finished with value: 0.9709923267364502 and parameters: {'hidden_size': 140, 'n_layers': 2, 'rnn_dropout': 0.6034021899701159, 'bidirectional': True, 'fc_dropout': 0.22614810872092356, 'learning_rate_model': 0.0008834548602470564}. Best is trial 690 with value: 0.966281533241272.
Epoch 30: reducing lr to 0.00011383879887308669
Epoch 40: reducing lr to 0.00010325367335879789
Epoch 43: reducing lr to 9.842243359541218e-05
Epoch 49: reducing lr to 8.692407439611282e-05
Epoch 52: reducing lr to 8.043829517276557e-05
Epoch 55: reducing lr to 7.359540232906765e-05
Epoch 58: reducing lr to 6.650333804371888e-05
Epoch 61: reducing lr to 5.9273917031081245e-05
Epoch 64: reducing lr to 5.20211890213973e-05
Epoch 67: reducing lr to 4.4859485714172874e-05
Epoch 70: reducing lr to 3.7901799273667286e-05
Epoch 73: reducing lr to 3.125783482654757e-05
Epoch 76: reducing lr to 2.5032362546309624e-05
Epoch 79: reducing lr to 1.9323580191635564e-05
Epoch 82: reducing lr to 1.4221501775866823e-05
Epoch 85: reducing lr to 9.806605155541201e-06
Epoch 88: reducing lr to 6.148497965260914e-06
Epoch 91: reducing lr to 3.304892406046393e-06
Epoch 94: reducing lr to 1.3206193901328134e-06
Epoch 97: reducing lr to 2.2697793452724006e-07
[I 2024-06-21 04:15:48,871] Trial 784 finished with value: 0.9776873588562012 and parameters: {'hidden_size': 127, 'n_layers': 2, 'rnn_dropout': 0.6306677225635244, 'bidirectional': True, 'fc_dropout': 0.1790561336631744, 'learning_rate_model': 0.0011558820139026564}. Best is trial 690 with value: 0.966281533241272.
Epoch 35: reducing lr to 6.421104113174718e-05
Epoch 40: reducing lr to 6.0448783335196155e-05
Epoch 43: reducing lr to 5.762038453641965e-05
Epoch 49: reducing lr to 5.088879038253975e-05
Epoch 52: reducing lr to 4.7091758758592896e-05
Epoch 61: reducing lr to 3.4701294893301e-05
Epoch 65: reducing lr to 2.9048468354203216e-05
Epoch 68: reducing lr to 2.4888257991745022e-05
Epoch 72: reducing lr to 1.957185480808578e-05
Epoch 75: reducing lr to 1.5838951443403745e-05
Epoch 79: reducing lr to 1.1312787954821331e-05
Epoch 82: reducing lr to 8.325829499190699e-06
Epoch 85: reducing lr to 5.741174439781969e-06
Epoch 88: reducing lr to 3.5995738383798803e-06
Epoch 91: reducing lr to 1.9348146995703024e-06
Epoch 94: reducing lr to 7.731428121205341e-07
Epoch 97: reducing lr to 1.3288185824080053e-07
[I 2024-06-21 04:16:24,091] Trial 785 finished with value: 0.971634566783905 and parameters: {'hidden_size': 133, 'n_layers': 2, 'rnn_dropout': 0.5863306570660636, 'bidirectional': True, 'fc_dropout': 0.2070871054375607, 'learning_rate_model': 0.0006766990378797825}. Best is trial 690 with value: 0.966281533241272.
Epoch 36: reducing lr to 7.72182793499309e-05
Epoch 40: reducing lr to 7.343811761951273e-05
Epoch 43: reducing lr to 7.000194782089747e-05
Epoch 52: reducing lr to 5.72109135670504e-05
Epoch 55: reducing lr to 5.234397611905315e-05
Epoch 61: reducing lr to 4.215796638606351e-05
Epoch 65: reducing lr to 3.5290451154880086e-05
Epoch 72: reducing lr to 2.3777487256577306e-05
Epoch 75: reducing lr to 1.9242451458790155e-05
Epoch 78: reducing lr to 1.5052221205790102e-05
Epoch 81: reducing lr to 1.1272866531161199e-05
Epoch 84: reducing lr to 7.96400125078876e-06
Epoch 87: reducing lr to 5.177794615019273e-06
Epoch 90: reducing lr to 2.9582032683915256e-06
Epoch 93: reducing lr to 1.3402203705161386e-06
Epoch 96: reducing lr to 3.4936724523900244e-07
Epoch 99: reducing lr to 1.2673059076001406e-09
[I 2024-06-21 04:16:58,511] Trial 786 finished with value: 0.9727407097816467 and parameters: {'hidden_size': 136, 'n_layers': 2, 'rnn_dropout': 0.5665601788894585, 'bidirectional': True, 'fc_dropout': 0.13684426166806768, 'learning_rate_model': 0.0008221092434773867}. Best is trial 690 with value: 0.966281533241272.
Epoch 40: reducing lr to 5.0573912164911684e-05
Epoch 43: reducing lr to 4.8207558625197364e-05
Epoch 53: reducing lr to 3.829853534700409e-05
Epoch 56: reducing lr to 3.4900199223836465e-05
Epoch 61: reducing lr to 2.9032515513354765e-05
Epoch 66: reducing lr to 2.3133176556571308e-05
Epoch 72: reducing lr to 1.6374610229619148e-05
Epoch 75: reducing lr to 1.3251511360305576e-05
Epoch 78: reducing lr to 1.0365866362377775e-05
Epoch 81: reducing lr to 7.763175041434318e-06
Epoch 84: reducing lr to 5.4844910626034396e-06
Epoch 87: reducing lr to 3.5657413146760756e-06
Epoch 90: reducing lr to 2.037196991305182e-06
Epoch 93: reducing lr to 9.229564904057373e-07
Epoch 96: reducing lr to 2.4059533314235975e-07
Epoch 99: reducing lr to 8.727431984240953e-10
[I 2024-06-21 04:17:35,829] Trial 787 finished with value: 0.9740232229232788 and parameters: {'hidden_size': 144, 'n_layers': 2, 'rnn_dropout': 0.6426677424269053, 'bidirectional': True, 'fc_dropout': 0.16217580691886774, 'learning_rate_model': 0.000566153954067855}. Best is trial 690 with value: 0.966281533241272.
Epoch 36: reducing lr to 9.158671653817255e-05
Epoch 40: reducing lr to 8.71031589688136e-05
Epoch 49: reducing lr to 7.332776863087229e-05
Epoch 52: reducing lr to 6.7856468285317e-05
Epoch 55: reducing lr to 6.208391256131874e-05
Epoch 58: reducing lr to 5.610115976648904e-05
Epoch 63: reducing lr to 4.591989926491574e-05
Epoch 66: reducing lr to 3.984213735512943e-05
Epoch 72: reducing lr to 2.8201897318761012e-05
Epoch 75: reducing lr to 2.2823002041644636e-05
Epoch 83: reducing lr to 1.0688079466165229e-05
Epoch 86: reducing lr to 7.170494684327297e-06
Epoch 89: reducing lr to 4.308727394290214e-06
Epoch 92: reducing lr to 2.1478952027167724e-06
Epoch 95: reducing lr to 7.220820904760457e-07
Epoch 98: reducing lr to 5.377018725944392e-08
[I 2024-06-21 04:18:11,643] Trial 788 finished with value: 0.9723924398422241 and parameters: {'hidden_size': 137, 'n_layers': 2, 'rnn_dropout': 0.6157962284757864, 'bidirectional': True, 'fc_dropout': 0.24115602389804816, 'learning_rate_model': 0.0009750837091896721}. Best is trial 690 with value: 0.966281533241272.
Epoch 40: reducing lr to 6.611595100163782e-05
Epoch 65: reducing lr to 3.17718075437406e-05
Epoch 72: reducing lr to 2.1406746705340773e-05
Epoch 75: reducing lr to 1.732387783129572e-05
Epoch 78: reducing lr to 1.3551435575513801e-05
Epoch 81: reducing lr to 1.0148902441696353e-05
Epoch 84: reducing lr to 7.1699484347107825e-06
Epoch 87: reducing lr to 4.661541256229028e-06
Epoch 90: reducing lr to 2.663254842113377e-06
Epoch 93: reducing lr to 1.2065933498940597e-06
Epoch 96: reducing lr to 3.145334931850346e-07
Epoch 99: reducing lr to 1.1409488424678726e-09
[I 2024-06-21 04:18:45,788] Trial 789 finished with value: 0.9693065881729126 and parameters: {'hidden_size': 132, 'n_layers': 2, 'rnn_dropout': 0.5503734477488141, 'bidirectional': True, 'fc_dropout': 0.19285867409759616, 'learning_rate_model': 0.0007401406275329457}. Best is trial 690 with value: 0.966281533241272.
Epoch 36: reducing lr to 0.00010741318214198845
Epoch 39: reducing lr to 0.00010359391804463538
Epoch 45: reducing lr to 9.38312218694557e-05
Epoch 52: reducing lr to 7.958227418716295e-05
Epoch 61: reducing lr to 5.864312647580535e-05
Epoch 65: reducing lr to 4.9090185506386496e-05
Epoch 68: reducing lr to 4.205967718669006e-05
Epoch 71: reducing lr to 3.5267640300397494e-05
Epoch 74: reducing lr to 2.8821158626941942e-05
Epoch 77: reducing lr to 2.2821916026313922e-05
Epoch 80: reducing lr to 1.7364506383853887e-05
Epoch 83: reducing lr to 1.2535012388709891e-05
Epoch 86: reducing lr to 8.409578164698082e-06
Epoch 89: reducing lr to 5.053288707103885e-06
Epoch 92: reducing lr to 2.5190580834411837e-06
Epoch 95: reducing lr to 8.468600910421873e-07
Epoch 98: reducing lr to 6.306184058362495e-08
[I 2024-06-21 04:19:22,938] Trial 790 finished with value: 0.974917471408844 and parameters: {'hidden_size': 140, 'n_layers': 2, 'rnn_dropout': 0.5979350315251424, 'bidirectional': True, 'fc_dropout': 0.14845278164860395, 'learning_rate_model': 0.0011435811656728904}. Best is trial 690 with value: 0.966281533241272.
Epoch 40: reducing lr to 4.666350419901593e-05
Epoch 53: reducing lr to 3.533726754524264e-05
Epoch 56: reducing lr to 3.2201692993762274e-05
Epoch 65: reducing lr to 2.2423996815699423e-05
Epoch 68: reducing lr to 1.921251789079068e-05
Epoch 73: reducing lr to 1.4126374967912616e-05
Epoch 76: reducing lr to 1.131289296344901e-05
Epoch 79: reducing lr to 8.732918995327688e-06
Epoch 82: reducing lr to 6.427133159015385e-06
Epoch 85: reducing lr to 4.431905868022043e-06
Epoch 88: reducing lr to 2.7786949489206355e-06
Epoch 91: reducing lr to 1.4935823167370197e-06
Epoch 94: reducing lr to 5.968284367242069e-07
Epoch 97: reducing lr to 1.025782953415085e-07
[I 2024-06-21 04:19:55,732] Trial 791 finished with value: 0.972756564617157 and parameters: {'hidden_size': 129, 'n_layers': 2, 'rnn_dropout': 0.5783710498068197, 'bidirectional': True, 'fc_dropout': 0.25274525369605455, 'learning_rate_model': 0.0005223785600526314}. Best is trial 690 with value: 0.966281533241272.
Epoch 40: reducing lr to 8.792098416752514e-05
Epoch 52: reducing lr to 6.849358329143491e-05
Epoch 61: reducing lr to 5.047201664901198e-05
Epoch 64: reducing lr to 4.4296284941192275e-05
Epoch 71: reducing lr to 3.0353581662250265e-05
Epoch 76: reducing lr to 2.131517339302785e-05
Epoch 79: reducing lr to 1.6454118607335056e-05
Epoch 82: reducing lr to 1.2109675053685424e-05
Epoch 85: reducing lr to 8.35037000205711e-06
Epoch 88: reducing lr to 5.235474677780106e-06
Epoch 91: reducing lr to 2.81413128904067e-06
Epoch 94: reducing lr to 1.124513566580054e-06
Epoch 97: reducing lr to 1.9327276927572425e-07
[I 2024-06-21 04:20:32,187] Trial 792 finished with value: 0.966809093952179 and parameters: {'hidden_size': 135, 'n_layers': 2, 'rnn_dropout': 0.6110744675666963, 'bidirectional': True, 'fc_dropout': 0.2143632582990733, 'learning_rate_model': 0.0009842389228199144}. Best is trial 690 with value: 0.966281533241272.
Epoch 36: reducing lr to 0.00010722250374752256
Epoch 40: reducing lr to 0.00010197350818949909
Epoch 45: reducing lr to 9.366465398290719e-05
Epoch 54: reducing lr to 7.496834605404224e-05
Epoch 60: reducing lr to 6.092710925681109e-05
Epoch 63: reducing lr to 5.3759396090656366e-05
Epoch 66: reducing lr to 4.664403183500035e-05
Epoch 69: reducing lr to 3.969319879732959e-05
Epoch 72: reducing lr to 3.3016556933644124e-05
Epoch 75: reducing lr to 2.671937060785458e-05
Epoch 78: reducing lr to 2.0900968763270057e-05
Epoch 81: reducing lr to 1.565309385366193e-05
Epoch 84: reducing lr to 1.1058523462925836e-05
Epoch 87: reducing lr to 7.189697921095961e-06
Epoch 90: reducing lr to 4.10765383146714e-06
Epoch 93: reducing lr to 1.8609814270654535e-06
Epoch 96: reducing lr to 4.851186931029843e-07
Epoch 99: reducing lr to 1.7597350468077574e-09
[I 2024-06-21 04:21:07,425] Trial 793 finished with value: 0.9738744497299194 and parameters: {'hidden_size': 133, 'n_layers': 2, 'rnn_dropout': 0.6269082583049176, 'bidirectional': True, 'fc_dropout': 0.21444839722555425, 'learning_rate_model': 0.0011415510962134111}. Best is trial 690 with value: 0.966281533241272.
Epoch 40: reducing lr to 5.904892034491176e-05
Epoch 43: reducing lr to 5.628602114069642e-05
Epoch 65: reducing lr to 2.8375768697900616e-05
Epoch 72: reducing lr to 1.911861301089138e-05
Epoch 75: reducing lr to 1.547215560886091e-05
Epoch 78: reducing lr to 1.2102943809095255e-05
Epoch 81: reducing lr to 9.06410212345222e-06
Epoch 84: reducing lr to 6.403563853870514e-06
Epoch 87: reducing lr to 4.163276397805562e-06
Epoch 90: reducing lr to 2.37858369497336e-06
Epoch 93: reducing lr to 1.0776224727498756e-06
Epoch 96: reducing lr to 2.80913499745765e-07
Epoch 99: reducing lr to 1.018994604114979e-09
[I 2024-06-21 04:21:38,911] Trial 794 finished with value: 0.971346378326416 and parameters: {'hidden_size': 128, 'n_layers': 2, 'rnn_dropout': 0.6510181974461557, 'bidirectional': True, 'fc_dropout': 0.2264379145362702, 'learning_rate_model': 0.0006610281527697192}. Best is trial 690 with value: 0.966281533241272.
Epoch 31: reducing lr to 9.361561869660094e-05
Epoch 36: reducing lr to 8.978649302028806e-05
Epoch 40: reducing lr to 8.539106401460336e-05
Epoch 49: reducing lr to 7.188644199975248e-05
Epoch 52: reducing lr to 6.652268523614637e-05
Epoch 61: reducing lr to 4.901968790988369e-05
Epoch 65: reducing lr to 4.1034401089685675e-05
Epoch 68: reducing lr to 3.5157611355060145e-05
Epoch 71: reducing lr to 2.9480159478822877e-05
Epoch 74: reducing lr to 2.4091556606840066e-05
Epoch 77: reducing lr to 1.9076800101663026e-05
Epoch 84: reducing lr to 9.260239268956847e-06
Epoch 87: reducing lr to 6.0205436326175955e-06
Epoch 90: reducing lr to 3.4396868118023663e-06
Epoch 93: reducing lr to 1.5583575282437683e-06
Epoch 96: reducing lr to 4.062310114942612e-07
Epoch 99: reducing lr to 1.4735753500988261e-09
[I 2024-06-21 04:22:11,531] Trial 795 finished with value: 0.970208466053009 and parameters: {'hidden_size': 126, 'n_layers': 2, 'rnn_dropout': 0.6163117066928195, 'bidirectional': True, 'fc_dropout': 0.20049242690884975, 'learning_rate_model': 0.0009559175168471651}. Best is trial 690 with value: 0.966281533241272.
Epoch 36: reducing lr to 7.470227664719252e-05
Epoch 40: reducing lr to 7.104528390228644e-05
Epoch 43: reducing lr to 6.772107480226698e-05
Epoch 52: reducing lr to 5.53468107357956e-05
Epoch 55: reducing lr to 5.063845267957328e-05
Epoch 61: reducing lr to 4.078433363663882e-05
Epoch 65: reducing lr to 3.41405826103589e-05
Epoch 72: reducing lr to 2.3002745541202248e-05
Epoch 75: reducing lr to 1.8615474785841648e-05
Epoch 78: reducing lr to 1.4561774778405181e-05
Epoch 81: reducing lr to 1.0905562792994744e-05
Epoch 84: reducing lr to 7.704510248913511e-06
Epoch 87: reducing lr to 5.009086566157207e-06
Epoch 90: reducing lr to 2.8618161501964365e-06
Epoch 93: reducing lr to 1.2965519787458175e-06
Epoch 96: reducing lr to 3.3798381451936257e-07
Epoch 99: reducing lr to 1.2260132873113602e-09
[I 2024-06-21 04:22:45,952] Trial 796 finished with value: 0.9728188514709473 and parameters: {'hidden_size': 136, 'n_layers': 2, 'rnn_dropout': 0.6054377172442963, 'bidirectional': True, 'fc_dropout': 0.17398597813169966, 'learning_rate_model': 0.0007953224632493296}. Best is trial 690 with value: 0.966281533241272.
Epoch 36: reducing lr to 9.17142020084288e-05
Epoch 40: reducing lr to 8.722440348550413e-05
Epoch 43: reducing lr to 8.314317331955711e-05
Epoch 49: reducing lr to 7.342983829140926e-05
Epoch 52: reducing lr to 6.79509220892775e-05
Epoch 55: reducing lr to 6.217033117187051e-05
Epoch 61: reducing lr to 5.0072136778316325e-05
Epoch 65: reducing lr to 4.1915406474155754e-05
Epoch 71: reducing lr to 3.0113096198896215e-05
Epoch 74: reducing lr to 2.460880044438268e-05
Epoch 77: reducing lr to 1.9486377508953344e-05
Epoch 80: reducing lr to 1.4826595902914598e-05
Epoch 83: reducing lr to 1.0702956894774787e-05
Epoch 86: reducing lr to 7.180475759327627e-06
Epoch 89: reducing lr to 4.314724990435481e-06
Epoch 92: reducing lr to 2.1508849968739324e-06
Epoch 95: reducing lr to 7.230872032079682e-07
Epoch 98: reducing lr to 5.384503345840907e-08
[I 2024-06-21 04:23:21,638] Trial 797 finished with value: 0.9727581143379211 and parameters: {'hidden_size': 134, 'n_layers': 2, 'rnn_dropout': 0.5931908580514144, 'bidirectional': True, 'fc_dropout': 0.21709547308563346, 'learning_rate_model': 0.0009764409912268924}. Best is trial 690 with value: 0.966281533241272.
Epoch 40: reducing lr to 5.6001101279225954e-05
Epoch 49: reducing lr to 4.714451055842183e-05
Epoch 61: reducing lr to 3.2148053651702667e-05
Epoch 65: reducing lr to 2.6911149051414498e-05
Epoch 68: reducing lr to 2.3057037372126877e-05
Epoch 72: reducing lr to 1.813180287272627e-05
Epoch 75: reducing lr to 1.4673557927878802e-05
Epoch 78: reducing lr to 1.1478248511081014e-05
Epoch 81: reducing lr to 8.596257104376248e-06
Epoch 84: reducing lr to 6.0730429249837114e-06
Epoch 87: reducing lr to 3.948388249015819e-06
Epoch 90: reducing lr to 2.2558127333279335e-06
Epoch 93: reducing lr to 1.0220008238039938e-06
Epoch 96: reducing lr to 2.664141064404827e-07
Epoch 99: reducing lr to 9.663990415851795e-10
[I 2024-06-21 04:24:14,548] Trial 798 finished with value: 0.9755878448486328 and parameters: {'hidden_size': 130, 'n_layers': 3, 'rnn_dropout': 0.6342231430278141, 'bidirectional': True, 'fc_dropout': 0.23549203679019984, 'learning_rate_model': 0.0006269090834421422}. Best is trial 690 with value: 0.966281533241272.
Epoch 36: reducing lr to 7.230827911231242e-05
Epoch 40: reducing lr to 6.87684826833597e-05
Epoch 49: reducing lr to 5.789272681955213e-05
Epoch 52: reducing lr to 5.357310136023335e-05
Epoch 55: reducing lr to 4.901563291656145e-05
Epoch 64: reducing lr to 3.464688586869459e-05
Epoch 67: reducing lr to 2.9877084912995626e-05
Epoch 72: reducing lr to 2.226557234390877e-05
Epoch 75: reducing lr to 1.801890125758891e-05
Epoch 78: reducing lr to 1.4095110916370255e-05
Epoch 85: reducing lr to 6.531344937995068e-06
Epoch 88: reducing lr to 4.094991123303117e-06
Epoch 91: reducing lr to 2.2011075132001806e-06
Epoch 94: reducing lr to 8.7955216223713e-07
Epoch 97: reducing lr to 1.5117068141295162e-07
