[I 2024-06-21 01:21:13,550] Trial 463 finished with value: 0.9763278961181641 and parameters: {'hidden_size': 149, 'n_layers': 1, 'rnn_dropout': 0.3231834423826242, 'bidirectional': True, 'fc_dropout': 0.634748110147963, 'learning_rate_model': 0.0012210606681051673}. Best is trial 235 with value: 0.9706074595451355.
Epoch 27: reducing lr to 0.00011872676625347186
Epoch 36: reducing lr to 0.000111925761508324
Epoch 40: reducing lr to 0.00010644652156846053
Epoch 43: reducing lr to 0.00010146588842537998
Epoch 46: reducing lr to 9.58247144613881e-05
Epoch 55: reducing lr to 7.587114653188387e-05
Epoch 64: reducing lr to 5.362980743494584e-05
Epoch 72: reducing lr to 3.4464810539051025e-05
Epoch 75: reducing lr to 2.7891401504195465e-05
Epoch 78: reducing lr to 2.181777857565416e-05
Epoch 81: reducing lr to 1.6339708440849194e-05
Epoch 84: reducing lr to 1.1543599678106208e-05
Epoch 87: reducing lr to 7.505070173779386e-06
Epoch 90: reducing lr to 4.287833869111345e-06
Epoch 93: reducing lr to 1.9426123817031404e-06
Epoch 96: reducing lr to 5.063981650282141e-07
Epoch 99: reducing lr to 1.8369248831664326e-09
[I 2024-06-21 01:21:28,692] Trial 464 finished with value: 0.9774233102798462 and parameters: {'hidden_size': 148, 'n_layers': 1, 'rnn_dropout': 0.3267930202208085, 'bidirectional': True, 'fc_dropout': 0.6358221172571242, 'learning_rate_model': 0.001191624624297213}. Best is trial 235 with value: 0.9706074595451355.
Epoch 23: reducing lr to 0.0001341750188901566
Epoch 27: reducing lr to 0.00013431184647391198
Epoch 36: reducing lr to 0.00012661808428343426
Epoch 40: reducing lr to 0.00012041959293376231
Epoch 44: reducing lr to 0.00011273621129152789
Epoch 47: reducing lr to 0.00010612727912694825
Epoch 61: reducing lr to 6.912820365886015e-05
Epoch 64: reducing lr to 6.0669709871907436e-05
Epoch 67: reducing lr to 5.2317373641006055e-05
Epoch 72: reducing lr to 3.8988953274368493e-05
Epoch 75: reducing lr to 3.155266293344524e-05
Epoch 78: reducing lr to 2.4681764853250816e-05
Epoch 81: reducing lr to 1.8484596867150357e-05
Epoch 84: reducing lr to 1.3058910274807218e-05
Epoch 87: reducing lr to 8.490249206354657e-06
Epoch 90: reducing lr to 4.850691234226058e-06
Epoch 93: reducing lr to 2.1976161248475234e-06
Epoch 96: reducing lr to 5.728722742328641e-07
Epoch 99: reducing lr to 2.0780551907278317e-09
[I 2024-06-21 01:21:42,242] Trial 465 finished with value: 0.9773565530776978 and parameters: {'hidden_size': 137, 'n_layers': 1, 'rnn_dropout': 0.30804789286751566, 'bidirectional': True, 'fc_dropout': 0.6509526050082511, 'learning_rate_model': 0.0013480473581791003}. Best is trial 235 with value: 0.9706074595451355.
Epoch 33: reducing lr to 9.755763303473722e-05
Epoch 38: reducing lr to 9.270919969159237e-05
Epoch 41: reducing lr to 8.889781848967977e-05
Epoch 44: reducing lr to 8.448103443764446e-05
Epoch 47: reducing lr to 7.952850481654421e-05
Epoch 50: reducing lr to 7.411833240780066e-05
Epoch 53: reducing lr to 6.83358432512866e-05
Epoch 56: reducing lr to 6.227221281414681e-05
Epoch 64: reducing lr to 4.5464006553816894e-05
Epoch 72: reducing lr to 2.9217117255626326e-05
Epoch 75: reducing lr to 2.364459097340709e-05
Epoch 78: reducing lr to 1.849575218699958e-05
Epoch 81: reducing lr to 1.3851785922284739e-05
Epoch 84: reducing lr to 9.785943983794357e-06
Epoch 87: reducing lr to 6.36233050028117e-06
Epoch 90: reducing lr to 3.634958178125563e-06
Epoch 93: reducing lr to 1.6468256418860056e-06
Epoch 96: reducing lr to 4.292927868818162e-07
Epoch 99: reducing lr to 1.5572303709542045e-09
[I 2024-06-21 01:21:56,292] Trial 466 finished with value: 0.9801531434059143 and parameters: {'hidden_size': 144, 'n_layers': 1, 'rnn_dropout': 0.3260228919322013, 'bidirectional': True, 'fc_dropout': 0.6210668249627631, 'learning_rate_model': 0.001010185050439624}. Best is trial 235 with value: 0.9706074595451355.
Epoch 22: reducing lr to 0.0002197628529389182
Epoch 27: reducing lr to 0.00022269890962727112
Epoch 31: reducing lr to 0.00021889548939934455
Epoch 34: reducing lr to 0.00021406471525101068
Epoch 40: reducing lr to 0.0001996645325646503
Epoch 48: reducing lr to 0.0001720800885240716
Epoch 51: reducing lr to 0.0001598131177834632
Epoch 54: reducing lr to 0.0001467883182385864
Epoch 57: reducing lr to 0.00013321105875263906
Epoch 60: reducing lr to 0.00011929552102561945
Epoch 63: reducing lr to 0.00010526111028221085
Epoch 66: reducing lr to 9.132919891271383e-05
Epoch 69: reducing lr to 7.771944031911494e-05
Epoch 72: reducing lr to 6.46465491292087e-05
Epoch 75: reducing lr to 5.23166333840843e-05
Epoch 78: reducing lr to 4.09241795478055e-05
Epoch 81: reducing lr to 3.064881970789989e-05
Epoch 84: reducing lr to 2.165263270120267e-05
Epoch 87: reducing lr to 1.4077456980581688e-05
Epoch 90: reducing lr to 8.042802456822203e-06
Epoch 93: reducing lr to 3.6438089984706932e-06
Epoch 96: reducing lr to 9.498643208075489e-07
Epoch 99: reducing lr to 3.4455681852813003e-09
[I 2024-06-21 01:22:11,914] Trial 467 finished with value: 0.9908254146575928 and parameters: {'hidden_size': 149, 'n_layers': 1, 'rnn_dropout': 0.3461160555530797, 'bidirectional': True, 'fc_dropout': 0.5991591822070433, 'learning_rate_model': 0.002235161563732355}. Best is trial 235 with value: 0.9706074595451355.
Epoch 27: reducing lr to 0.00015926516503136936
Epoch 33: reducing lr to 0.0001543732130930415
Epoch 36: reducing lr to 0.00015014200622484854
Epoch 40: reducing lr to 0.00014279191929158038
Epoch 46: reducing lr to 0.000128543372689817
Epoch 61: reducing lr to 8.197128587751894e-05
Epoch 64: reducing lr to 7.194131872076856e-05
Epoch 67: reducing lr to 6.20372317535004e-05
Epoch 72: reducing lr to 4.623257174004205e-05
Epoch 75: reducing lr to 3.741471955901077e-05
Epoch 78: reducing lr to 2.926730184877602e-05
Epoch 81: reducing lr to 2.1918784142073823e-05
Epoch 84: reducing lr to 1.5485078603628555e-05
Epoch 87: reducing lr to 1.006762230217847e-05
Epoch 90: reducing lr to 5.7518838450730825e-06
Epoch 93: reducing lr to 2.6059033807373285e-06
Epoch 96: reducing lr to 6.7930416931105e-07
Epoch 99: reducing lr to 2.4641296474201686e-09
[I 2024-06-21 01:22:26,596] Trial 468 finished with value: 0.9786673784255981 and parameters: {'hidden_size': 141, 'n_layers': 1, 'rnn_dropout': 0.2863050872202745, 'bidirectional': True, 'fc_dropout': 0.6690535186410003, 'learning_rate_model': 0.0015984962652732014}. Best is trial 235 with value: 0.9706074595451355.
Epoch 33: reducing lr to 7.362331354884163e-05
Epoch 38: reducing lr to 6.996437147389491e-05
Epoch 41: reducing lr to 6.70880561661767e-05
Epoch 49: reducing lr to 5.73299563335527e-05
Epoch 52: reducing lr to 5.3052321601785126e-05
Epoch 55: reducing lr to 4.853915593795925e-05
Epoch 58: reducing lr to 4.386165159156869e-05
Epoch 61: reducing lr to 3.9093554906607975e-05
Epoch 64: reducing lr to 3.431008631079041e-05
Epoch 67: reducing lr to 2.9586652202006886e-05
Epoch 72: reducing lr to 2.2049130527165653e-05
Epoch 75: reducing lr to 1.7843740984874233e-05
Epoch 78: reducing lr to 1.3958093490237496e-05
Epoch 81: reducing lr to 1.0453455526177806e-05
Epoch 84: reducing lr to 7.385107652558101e-06
Epoch 87: reducing lr to 4.801427000148426e-06
Epoch 90: reducing lr to 2.743175058273243e-06
Epoch 93: reducing lr to 1.2428013761842018e-06
Epoch 96: reducing lr to 3.239721636296984e-07
Epoch 99: reducing lr to 1.1751869772019114e-09
[I 2024-06-21 01:22:42,691] Trial 469 finished with value: 0.9819105863571167 and parameters: {'hidden_size': 151, 'n_layers': 1, 'rnn_dropout': 0.3616022613772631, 'bidirectional': True, 'fc_dropout': 0.6272312037497997, 'learning_rate_model': 0.0007623511189984169}. Best is trial 235 with value: 0.9706074595451355.
Epoch 23: reducing lr to 0.0001193118833467559
Epoch 27: reducing lr to 0.00011943355395911483
Epoch 33: reducing lr to 0.00011576506056524179
Epoch 36: reducing lr to 0.00011259206241649432
Epoch 40: reducing lr to 0.00010708020422593666
Epoch 43: reducing lr to 0.00010206992106893816
Epoch 46: reducing lr to 9.639516485109606e-05
Epoch 55: reducing lr to 7.632281211053939e-05
Epoch 61: reducing lr to 6.147057953961493e-05
Epoch 64: reducing lr to 5.3949068960776476e-05
Epoch 72: reducing lr to 3.4669981665453234e-05
Epoch 75: reducing lr to 2.8057440724317334e-05
Epoch 78: reducing lr to 2.1947661146773727e-05
Epoch 81: reducing lr to 1.643697972519569e-05
Epoch 84: reducing lr to 1.1612319433463897e-05
Epoch 87: reducing lr to 7.549748315837865e-06
Epoch 90: reducing lr to 4.313359606551692e-06
Epoch 93: reducing lr to 1.9541768721002525e-06
Epoch 96: reducing lr to 5.094127842964489e-07
Epoch 99: reducing lr to 1.8478602094003718e-09
[I 2024-06-21 01:22:57,354] Trial 470 finished with value: 0.9786709547042847 and parameters: {'hidden_size': 145, 'n_layers': 1, 'rnn_dropout': 0.31949203332750237, 'bidirectional': True, 'fc_dropout': 0.6609147127507696, 'learning_rate_model': 0.001198718438613663}. Best is trial 235 with value: 0.9706074595451355.
Epoch 27: reducing lr to 0.0001491241984082652
Epoch 33: reducing lr to 0.00014454373405304216
Epoch 36: reducing lr to 0.0001405819428327553
Epoch 39: reducing lr to 0.0001355833052699324
Epoch 46: reducing lr to 0.00012035856936630355
Epoch 61: reducing lr to 7.675188919417569e-05
Epoch 64: reducing lr to 6.73605649079325e-05
Epoch 67: reducing lr to 5.808710558197939e-05
Epoch 72: reducing lr to 4.3288783204591184e-05
Epoch 75: reducing lr to 3.5032394320557055e-05
Epoch 78: reducing lr to 2.740375101430261e-05
Epoch 81: reducing lr to 2.0523138971580862e-05
Epoch 84: reducing lr to 1.4499089826706685e-05
Epoch 87: reducing lr to 9.426581797682067e-06
Epoch 90: reducing lr to 5.385641408559298e-06
Epoch 93: reducing lr to 2.4399764550226765e-06
Epoch 96: reducing lr to 6.360505117609808e-07
Epoch 99: reducing lr to 2.307229948067535e-09
[I 2024-06-21 01:23:13,533] Trial 471 finished with value: 0.979996919631958 and parameters: {'hidden_size': 155, 'n_layers': 1, 'rnn_dropout': 0.33604294902579346, 'bidirectional': True, 'fc_dropout': 0.6862702783436074, 'learning_rate_model': 0.0014967144520932802}. Best is trial 235 with value: 0.9706074595451355.
Epoch 33: reducing lr to 9.130342071376224e-05
Epoch 40: reducing lr to 8.445371072082983e-05
Epoch 43: reducing lr to 8.050212127972468e-05
Epoch 49: reducing lr to 7.109733140646366e-05
Epoch 52: reducing lr to 6.579245357975084e-05
Epoch 55: reducing lr to 6.019548376825445e-05
Epoch 64: reducing lr to 4.2549405808547446e-05
Epoch 72: reducing lr to 2.7344070021501206e-05
Epoch 75: reducing lr to 2.2128786544883893e-05
Epoch 78: reducing lr to 1.731002886002584e-05
Epoch 81: reducing lr to 1.296377739350244e-05
Epoch 86: reducing lr to 6.952387157534038e-06
Epoch 89: reducing lr to 4.177667276827326e-06
Epoch 92: reducing lr to 2.0825618985167734e-06
Epoch 95: reducing lr to 7.001182587142424e-07
Epoch 98: reducing lr to 5.213464005180421e-08
[I 2024-06-21 01:23:28,496] Trial 472 finished with value: 0.9784106016159058 and parameters: {'hidden_size': 147, 'n_layers': 1, 'rnn_dropout': 0.37379955750744476, 'bidirectional': True, 'fc_dropout': 0.3562046415968786, 'learning_rate_model': 0.0009454242358073686}. Best is trial 235 with value: 0.9706074595451355.
Epoch 27: reducing lr to 0.00011759403409557327
Epoch 36: reducing lr to 0.00011085791545002999
Epoch 40: reducing lr to 0.0001054309510961744
Epoch 43: reducing lr to 0.00010049783649929785
Epoch 46: reducing lr to 9.491048307939181e-05
Epoch 55: reducing lr to 7.514728543261144e-05
Epoch 64: reducing lr to 5.3118143473899525e-05
Epoch 72: reducing lr to 3.413599336963433e-05
Epoch 75: reducing lr to 2.7625299020234833e-05
Epoch 78: reducing lr to 2.16096224859499e-05
Epoch 81: reducing lr to 1.6183816776436108e-05
Epoch 84: reducing lr to 1.1433466074826037e-05
Epoch 87: reducing lr to 7.433466822644782e-06
Epoch 90: reducing lr to 4.246925087843787e-06
Epoch 93: reducing lr to 1.9240785701244748e-06
Epoch 96: reducing lr to 5.015667903994838e-07
Epoch 99: reducing lr to 1.8193994004737577e-09
[I 2024-06-21 01:23:42,763] Trial 473 finished with value: 0.9783964157104492 and parameters: {'hidden_size': 140, 'n_layers': 1, 'rnn_dropout': 0.35830104279307845, 'bidirectional': True, 'fc_dropout': 0.6404181530409188, 'learning_rate_model': 0.0011802557344109713}. Best is trial 235 with value: 0.9706074595451355.
Epoch 22: reducing lr to 0.00018669067459253888
Epoch 27: reducing lr to 0.00018918488321997644
Epoch 31: reducing lr to 0.00018595384085492363
Epoch 34: reducing lr to 0.00018185005137232474
Epoch 40: reducing lr to 0.00016961695654296507
Epoch 46: reducing lr to 0.00015269166327887897
Epoch 61: reducing lr to 9.737049619780493e-05
Epoch 65: reducing lr to 8.15088827702804e-05
Epoch 68: reducing lr to 6.983549281393026e-05
Epoch 71: reducing lr to 5.855805858495961e-05
Epoch 74: reducing lr to 4.785438098459508e-05
Epoch 77: reducing lr to 3.7893294938557516e-05
Epoch 80: reducing lr to 2.88318632452753e-05
Epoch 83: reducing lr to 2.0813016792988978e-05
Epoch 86: reducing lr to 1.3963184569443318e-05
Epoch 89: reducing lr to 8.390433089280653e-06
Epoch 92: reducing lr to 4.182620373027984e-06
Epoch 95: reducing lr to 1.406118538187359e-06
Epoch 98: reducing lr to 1.0470728758480482e-07
[I 2024-06-21 01:23:55,547] Trial 474 finished with value: 0.9816775918006897 and parameters: {'hidden_size': 130, 'n_layers': 1, 'rnn_dropout': 0.29801093998510636, 'bidirectional': True, 'fc_dropout': 0.5697847368064325, 'learning_rate_model': 0.0018987914225544252}. Best is trial 235 with value: 0.9706074595451355.
Epoch 33: reducing lr to 7.937105560243436e-05
Epoch 40: reducing lr to 7.34165282861578e-05
Epoch 43: reducing lr to 6.998136865253112e-05
Epoch 49: reducing lr to 6.18056826363412e-05
Epoch 52: reducing lr to 5.719409470615667e-05
Epoch 55: reducing lr to 5.2328588040134616e-05
Epoch 64: reducing lr to 3.6988660752024986e-05
Epoch 67: reducing lr to 3.1896470069327966e-05
Epoch 72: reducing lr to 2.377049715231857e-05
Epoch 75: reducing lr to 1.9236794564079662e-05
Epoch 78: reducing lr to 1.5047796154714745e-05
Epoch 81: reducing lr to 1.1269552534543414e-05
Epoch 84: reducing lr to 7.961659994185023e-06
Epoch 87: reducing lr to 5.1762724472729974e-06
Epoch 90: reducing lr to 2.957333615974454e-06
Epoch 93: reducing lr to 1.3398263726130638e-06
Epoch 96: reducing lr to 3.4926453827746877e-07
Epoch 99: reducing lr to 1.2669333450832793e-09
[I 2024-06-21 01:24:11,326] Trial 475 finished with value: 0.9808540344238281 and parameters: {'hidden_size': 150, 'n_layers': 1, 'rnn_dropout': 0.38993973279923055, 'bidirectional': True, 'fc_dropout': 0.6057083153140718, 'learning_rate_model': 0.0008218675598519489}. Best is trial 235 with value: 0.9706074595451355.
Epoch 27: reducing lr to 0.00013853822043319205
Epoch 33: reducing lr to 0.0001342829125267383
Epoch 36: reducing lr to 0.00013060235959673196
Epoch 39: reducing lr to 0.00012595856362038687
Epoch 46: reducing lr to 0.00011181459610091308
Epoch 61: reducing lr to 7.130345213816957e-05
Epoch 64: reducing lr to 6.257879599238984e-05
Epoch 67: reducing lr to 5.396363784910942e-05
Epoch 72: reducing lr to 4.021581375722534e-05
Epoch 75: reducing lr to 3.254552660458654e-05
Epoch 78: reducing lr to 2.5458422839745804e-05
Epoch 81: reducing lr to 1.9066249349027954e-05
Epoch 84: reducing lr to 1.3469833359933147e-05
Epoch 87: reducing lr to 8.757410808965072e-06
Epoch 90: reducing lr to 5.00332732445226e-06
Epoch 93: reducing lr to 2.2667682347051776e-06
Epoch 96: reducing lr to 5.908987739450776e-07
Epoch 99: reducing lr to 2.1434450917087388e-09
[I 2024-06-21 01:24:25,370] Trial 476 finished with value: 0.9777746200561523 and parameters: {'hidden_size': 144, 'n_layers': 1, 'rnn_dropout': 0.31036910294826203, 'bidirectional': True, 'fc_dropout': 0.5569386130784975, 'learning_rate_model': 0.0013904661946410881}. Best is trial 235 with value: 0.9706074595451355.
Epoch 27: reducing lr to 0.0001040195538449581
Epoch 33: reducing lr to 0.00010082451331016435
Epoch 40: reducing lr to 9.326051766844266e-05
Epoch 43: reducing lr to 8.889685769725652e-05
Epoch 46: reducing lr to 8.395448103348488e-05
Epoch 55: reducing lr to 6.64726502792391e-05
Epoch 64: reducing lr to 4.698644474376016e-05
Epoch 72: reducing lr to 3.019550122311416e-05
Epoch 75: reducing lr to 2.44363695915298e-05
Epoch 78: reducing lr to 1.911511333916472e-05
Epoch 81: reducing lr to 1.4315636108080444e-05
Epoch 84: reducing lr to 1.011364266182308e-05
Epoch 87: reducing lr to 6.575383762958396e-06
Epoch 90: reducing lr to 3.7566808235478274e-06
Epoch 93: reducing lr to 1.7019723489061474e-06
Epoch 96: reducing lr to 4.436683728223801e-07
Epoch 99: reducing lr to 1.6093768307173102e-09
[I 2024-06-21 01:24:38,574] Trial 477 finished with value: 0.9797606468200684 and parameters: {'hidden_size': 136, 'n_layers': 1, 'rnn_dropout': 0.3479345061633646, 'bidirectional': True, 'fc_dropout': 0.5920194576138372, 'learning_rate_model': 0.001044012783987008}. Best is trial 235 with value: 0.9706074595451355.
Epoch 33: reducing lr to 6.383023756763756e-05
Epoch 38: reducing lr to 6.0657993197854674e-05
Epoch 41: reducing lr to 5.816427374186619e-05
Epoch 49: reducing lr to 4.970415695953869e-05
Epoch 55: reducing lr to 4.208267334771829e-05
Epoch 61: reducing lr to 3.389348803754747e-05
Epoch 64: reducing lr to 2.9746297125448505e-05
Epoch 67: reducing lr to 2.5651155155252858e-05
Epoch 72: reducing lr to 1.911624418772139e-05
Epoch 75: reducing lr to 1.5470238586916112e-05
Epoch 78: reducing lr to 1.2101444237253738e-05
Epoch 81: reducing lr to 9.062979068389959e-06
Epoch 84: reducing lr to 6.402770443259659e-06
Epoch 87: reducing lr to 4.162760561976432e-06
Epoch 90: reducing lr to 2.3782889850921978e-06
Epoch 93: reducing lr to 1.0774889538026316e-06
Epoch 96: reducing lr to 2.80878694166166e-07
Epoch 99: reducing lr to 1.0188683492382e-09
[I 2024-06-21 01:24:54,132] Trial 478 finished with value: 0.9827680587768555 and parameters: {'hidden_size': 153, 'n_layers': 1, 'rnn_dropout': 0.40185018869674805, 'bidirectional': True, 'fc_dropout': 0.2908660021569275, 'learning_rate_model': 0.0006609462504474428}. Best is trial 235 with value: 0.9706074595451355.
Epoch 27: reducing lr to 0.0001659329511218047
Epoch 36: reducing lr to 0.00015642784268192264
Epoch 40: reducing lr to 0.00014877003743870586
Epoch 48: reducing lr to 0.00012821686898193945
Epoch 52: reducing lr to 0.00011589716660998924
Epoch 57: reducing lr to 9.925555602351588e-05
Epoch 60: reducing lr to 8.888708926561483e-05
Epoch 63: reducing lr to 7.843005022664067e-05
Epoch 66: reducing lr to 6.804938346820328e-05
Epoch 69: reducing lr to 5.790875273376946e-05
Epoch 72: reducing lr to 4.816814188629837e-05
Epoch 75: reducing lr to 3.898112202124395e-05
Epoch 78: reducing lr to 3.0492604997354686e-05
Epoch 81: reducing lr to 2.2836434677851604e-05
Epoch 84: reducing lr to 1.6133375999372533e-05
Epoch 87: reducing lr to 1.0489112789046707e-05
Epoch 90: reducing lr to 5.992691877943434e-06
Epoch 93: reducing lr to 2.715001979364815e-06
Epoch 96: reducing lr to 7.077438779592819e-07
Epoch 99: reducing lr to 2.567292755207423e-09
[I 2024-06-21 01:25:09,101] Trial 479 finished with value: 0.9812233448028564 and parameters: {'hidden_size': 147, 'n_layers': 1, 'rnn_dropout': 0.3706928231448998, 'bidirectional': True, 'fc_dropout': 0.6359631884962905, 'learning_rate_model': 0.0016654188164858422}. Best is trial 235 with value: 0.9706074595451355.
Epoch 22: reducing lr to 0.0002643109397273467
Epoch 30: reducing lr to 0.00026475646502985696
Epoch 33: reducing lr to 0.00025961518601755145
Epoch 36: reducing lr to 0.00025249940772833113
Epoch 39: reducing lr to 0.00024352134839418954
Epoch 42: reducing lr to 0.00023282259856495174
Epoch 45: reducing lr to 0.00022057188397178788
Epoch 48: reducing lr to 0.00020696241106227362
Epoch 51: reducing lr to 0.00019220880497872298
Epoch 54: reducing lr to 0.00017654375075582592
Epoch 57: reducing lr to 0.00016021424754060232
Epoch 60: reducing lr to 0.00014347789376537086
Epoch 63: reducing lr to 0.00012659857024684644
Epoch 66: reducing lr to 0.0001098425237311355
Epoch 69: reducing lr to 9.347393352023083e-05
Epoch 72: reducing lr to 7.775103900394125e-05
Epoch 75: reducing lr to 6.292172834578996e-05
Epoch 78: reducing lr to 4.921991232457092e-05
Epoch 81: reducing lr to 3.686163621465458e-05
Epoch 84: reducing lr to 2.6041833823556293e-05
Epoch 87: reducing lr to 1.6931095650378264e-05
Epoch 90: reducing lr to 9.67315743755355e-06
Epoch 93: reducing lr to 4.382444838575304e-06
Epoch 96: reducing lr to 1.1424111395018106e-06
Epoch 99: reducing lr to 4.144018667237223e-09
[I 2024-06-21 01:25:48,065] Trial 480 finished with value: 1.120242953300476 and parameters: {'hidden_size': 141, 'n_layers': 2, 'rnn_dropout': 0.2684646788889644, 'bidirectional': True, 'fc_dropout': 0.614496775513793, 'learning_rate_model': 0.0026882507459836612}. Best is trial 235 with value: 0.9706074595451355.
Epoch 27: reducing lr to 0.0001337174376495364
Epoch 33: reducing lr to 0.00012961020379102724
Epoch 36: reducing lr to 0.00012605772487658015
Epoch 40: reducing lr to 0.00011988666549253734
Epoch 44: reducing lr to 0.00011223728732780017
Epoch 48: reducing lr to 0.00010332384898720892
Epoch 61: reducing lr to 6.882227074715649e-05
Epoch 64: reducing lr to 6.040121076429393e-05
Epoch 67: reducing lr to 5.2085838527933145e-05
Epoch 72: reducing lr to 3.881640425142023e-05
Epoch 75: reducing lr to 3.141302386382803e-05
Epoch 78: reducing lr to 2.4572533544061824e-05
Epoch 81: reducing lr to 1.8402791666929302e-05
Epoch 84: reducing lr to 1.3001116925167124e-05
Epoch 87: reducing lr to 8.452674865878397e-06
Epoch 90: reducing lr to 4.829224075895348e-06
Epoch 93: reducing lr to 2.1878903824689266e-06
Epoch 96: reducing lr to 5.703369778760261e-07
Epoch 99: reducing lr to 2.068858575708828e-09
