[I 2024-06-21 00:29:31,455] Trial 300 finished with value: 0.9773716926574707 and parameters: {'hidden_size': 152, 'n_layers': 1, 'rnn_dropout': 0.3535559923488275, 'bidirectional': True, 'fc_dropout': 0.5556570850042788, 'learning_rate_model': 0.0012149263128113873}. Best is trial 235 with value: 0.9706074595451355.
Epoch 33: reducing lr to 5.822190160652153e-05
Epoch 40: reducing lr to 5.385401332671685e-05
Epoch 50: reducing lr to 4.4233445630542106e-05
Epoch 53: reducing lr to 4.078248537004189e-05
Epoch 56: reducing lr to 3.716374141626273e-05
Epoch 61: reducing lr to 3.091549398563423e-05
Epoch 64: reducing lr to 2.713268899494582e-05
Epoch 67: reducing lr to 2.3397359753834676e-05
Epoch 70: reducing lr to 1.9768439579846713e-05
Epoch 73: reducing lr to 1.6303147370492782e-05
Epoch 76: reducing lr to 1.3056128100001386e-05
Epoch 79: reducing lr to 1.0078598768530425e-05
Epoch 82: reducing lr to 7.4175079805836416e-06
Epoch 85: reducing lr to 5.114830567830514e-06
Epoch 88: reducing lr to 3.2068717808211314e-06
Epoch 91: reducing lr to 1.7237325693984286e-06
Epoch 94: reducing lr to 6.887953902481978e-07
Epoch 97: reducing lr to 1.1838487012877201e-07
[I 2024-06-21 00:29:46,549] Trial 301 finished with value: 0.9839774370193481 and parameters: {'hidden_size': 148, 'n_layers': 1, 'rnn_dropout': 0.4164502338467392, 'bidirectional': True, 'fc_dropout': 0.5577791775114609, 'learning_rate_model': 0.0006028733250440038}. Best is trial 235 with value: 0.9706074595451355.
Epoch 27: reducing lr to 0.00012350419655767276
Epoch 33: reducing lr to 0.00011971067024811892
Epoch 36: reducing lr to 0.00011642952710157744
Epoch 39: reducing lr to 0.0001122896710442172
Epoch 48: reducing lr to 9.543204819596534e-05
Epoch 55: reducing lr to 7.89241153450161e-05
Epoch 61: reducing lr to 6.356567552677492e-05
Epoch 64: reducing lr to 5.578781000953947e-05
Epoch 67: reducing lr to 4.8107559885233585e-05
Epoch 72: reducing lr to 3.5851635393240036e-05
Epoch 75: reducing lr to 2.9013719840469372e-05
Epoch 78: reducing lr to 2.2695701219610835e-05
Epoch 81: reducing lr to 1.699719976088112e-05
Epoch 84: reducing lr to 1.2008101025713105e-05
Epoch 87: reducing lr to 7.807065678372004e-06
Epoch 90: reducing lr to 4.460371436772669e-06
Epoch 93: reducing lr to 2.0207808988330486e-06
Epoch 96: reducing lr to 5.267750523632163e-07
Epoch 99: reducing lr to 1.910840655302247e-09
[I 2024-06-21 00:30:02,325] Trial 302 finished with value: 0.9782896041870117 and parameters: {'hidden_size': 154, 'n_layers': 1, 'rnn_dropout': 0.35938532146908314, 'bidirectional': True, 'fc_dropout': 0.544766112333668, 'learning_rate_model': 0.0012395742465348442}. Best is trial 235 with value: 0.9706074595451355.
Epoch 55: reducing lr to 2.6459402498467053e-05
Epoch 61: reducing lr to 2.1310467485095523e-05
Epoch 64: reducing lr to 1.8702928922264157e-05
Epoch 67: reducing lr to 1.6128116034725802e-05
Epoch 73: reducing lr to 1.1237979639110705e-05
Epoch 76: reducing lr to 8.999765408426274e-06
Epoch 79: reducing lr to 6.947314231883045e-06
Epoch 82: reducing lr to 5.11298841655631e-06
Epoch 85: reducing lr to 3.5257217807412154e-06
Epoch 88: reducing lr to 2.2105400239056598e-06
Epoch 91: reducing lr to 1.18819213725761e-06
Epoch 94: reducing lr to 4.7479596394574035e-07
Epoch 97: reducing lr to 8.160428964126593e-08
[I 2024-06-21 00:30:17,328] Trial 303 finished with value: 0.983183741569519 and parameters: {'hidden_size': 152, 'n_layers': 1, 'rnn_dropout': 0.3508561141779256, 'bidirectional': True, 'fc_dropout': 0.5705992176500804, 'learning_rate_model': 0.00041556872411456963}. Best is trial 235 with value: 0.9706074595451355.
Epoch 38: reducing lr to 3.0102115880931204e-05
Epoch 41: reducing lr to 2.886458347866649e-05
Epoch 55: reducing lr to 2.088393372264076e-05
Epoch 61: reducing lr to 1.681997129689569e-05
Epoch 65: reducing lr to 1.4080004951942088e-05
Epoch 68: reducing lr to 1.2063520578642716e-05
Epoch 73: reducing lr to 8.869936574462385e-06
Epoch 76: reducing lr to 7.103354065526548e-06
Epoch 79: reducing lr to 5.483391016762758e-06
Epoch 82: reducing lr to 4.0355904190269696e-06
Epoch 85: reducing lr to 2.7827892182272957e-06
Epoch 88: reducing lr to 1.7447397518959507e-06
Epoch 91: reducing lr to 9.378188281344716e-07
Epoch 94: reducing lr to 3.7474797261179506e-07
Epoch 97: reducing lr to 6.440880803903147e-08
[I 2024-06-21 00:30:34,085] Trial 304 finished with value: 0.9833984375 and parameters: {'hidden_size': 157, 'n_layers': 1, 'rnn_dropout': 0.3956890218847193, 'bidirectional': True, 'fc_dropout': 0.5420018601577673, 'learning_rate_model': 0.00032800097024541147}. Best is trial 235 with value: 0.9706074595451355.
Epoch 33: reducing lr to 8.467049907430433e-05
Epoch 40: reducing lr to 7.831840011588692e-05
Epoch 43: reducing lr to 7.46538818809782e-05
Epoch 49: reducing lr to 6.593232198724308e-05
Epoch 52: reducing lr to 6.101282773823644e-05
Epoch 55: reducing lr to 5.582246111737463e-05
Epoch 64: reducing lr to 3.945831817648187e-05
Epoch 72: reducing lr to 2.5357604757236145e-05
Epoch 75: reducing lr to 2.052119609557687e-05
Epoch 78: reducing lr to 1.6052506807645606e-05
Epoch 81: reducing lr to 1.2021997568274963e-05
Epoch 84: reducing lr to 8.493243790837191e-06
Epoch 87: reducing lr to 5.521881599389159e-06
Epoch 90: reducing lr to 3.1547887487853216e-06
Epoch 93: reducing lr to 1.4292838463721256e-06
Epoch 96: reducing lr to 3.725842190260994e-07
Epoch 99: reducing lr to 1.3515239000974794e-09
[I 2024-06-21 00:30:50,275] Trial 305 finished with value: 0.9803885221481323 and parameters: {'hidden_size': 156, 'n_layers': 1, 'rnn_dropout': 0.4110710337294816, 'bidirectional': True, 'fc_dropout': 0.5649350485977027, 'learning_rate_model': 0.000876741980278147}. Best is trial 235 with value: 0.9706074595451355.
Epoch 27: reducing lr to 0.00015838131853693855
Epoch 33: reducing lr to 0.0001535165146229182
Epoch 36: reducing lr to 0.00014930878895575832
Epoch 40: reducing lr to 0.00014199949153580557
Epoch 61: reducing lr to 8.151638393048889e-05
Epoch 64: reducing lr to 7.154207835741882e-05
Epoch 67: reducing lr to 6.169295439819346e-05
Epoch 72: reducing lr to 4.597600278817545e-05
Epoch 75: reducing lr to 3.720708552481485e-05
Epoch 78: reducing lr to 2.9104882137375887e-05
Epoch 81: reducing lr to 2.1797145235522334e-05
Epoch 84: reducing lr to 1.5399143726173662e-05
Epoch 87: reducing lr to 1.0011751750213884e-05
Epoch 90: reducing lr to 5.719963604561978e-06
Epoch 93: reducing lr to 2.5914418469333984e-06
Epoch 96: reducing lr to 6.755343517958219e-07
Epoch 99: reducing lr to 2.450454890910725e-09
[I 2024-06-21 00:31:04,401] Trial 306 finished with value: 0.9788910746574402 and parameters: {'hidden_size': 139, 'n_layers': 1, 'rnn_dropout': 0.3919368785369738, 'bidirectional': True, 'fc_dropout': 0.535454099363963, 'learning_rate_model': 0.0015896253654744653}. Best is trial 235 with value: 0.9706074595451355.
Epoch 27: reducing lr to 0.00011934192659897799
Epoch 36: reducing lr to 0.0001125056837305254
Epoch 40: reducing lr to 0.000106998054142389
Epoch 44: reducing lr to 0.00010017103484325682
Epoch 61: reducing lr to 6.142342037250829e-05
Epoch 64: reducing lr to 5.390768016669932e-05
Epoch 72: reducing lr to 3.4643383454224536e-05
Epoch 75: reducing lr to 2.8035915540308786e-05
Epoch 78: reducing lr to 2.1930823280149195e-05
Epoch 81: reducing lr to 1.6424369558195566e-05
Epoch 84: reducing lr to 1.1603410662524042e-05
Epoch 87: reducing lr to 7.5439562793041835e-06
Epoch 90: reducing lr to 4.310050471547592e-06
Epoch 93: reducing lr to 1.9526776613500467e-06
Epoch 96: reducing lr to 5.090219716052122e-07
Epoch 99: reducing lr to 1.8464425629530905e-09
[I 2024-06-21 00:31:19,982] Trial 307 finished with value: 0.9763127565383911 and parameters: {'hidden_size': 149, 'n_layers': 1, 'rnn_dropout': 0.36057645557776624, 'bidirectional': True, 'fc_dropout': 0.5335189768103447, 'learning_rate_model': 0.0011977988025278516}. Best is trial 235 with value: 0.9706074595451355.
Epoch 33: reducing lr to 8.622883829423553e-05
Epoch 40: reducing lr to 7.975983055360935e-05
Epoch 43: reducing lr to 7.602786778311804e-05
Epoch 46: reducing lr to 7.180096517642225e-05
Epoch 49: reducing lr to 6.714578977516395e-05
Epoch 52: reducing lr to 6.213575347297153e-05
Epoch 55: reducing lr to 5.6849859461111205e-05
Epoch 58: reducing lr to 5.13714892755867e-05
Epoch 64: reducing lr to 4.0184538589012744e-05
Epoch 72: reducing lr to 2.5824305089095977e-05
Epoch 75: reducing lr to 2.0898883543569493e-05
Epoch 78: reducing lr to 1.634794915427231e-05
Epoch 81: reducing lr to 1.2243259407019051e-05
Epoch 84: reducing lr to 8.649559804660184e-06
Epoch 87: reducing lr to 5.623510440109624e-06
Epoch 90: reducing lr to 3.2128518414985825e-06
Epoch 93: reducing lr to 1.4555894557468978e-06
Epoch 96: reducing lr to 3.7944153778037657e-07
Epoch 99: reducing lr to 1.3763983572356344e-09
[I 2024-06-21 00:31:35,110] Trial 308 finished with value: 0.9810261726379395 and parameters: {'hidden_size': 148, 'n_layers': 1, 'rnn_dropout': 0.3630209401167558, 'bidirectional': True, 'fc_dropout': 0.5567371792927328, 'learning_rate_model': 0.000892878195708135}. Best is trial 235 with value: 0.9706074595451355.
Epoch 27: reducing lr to 0.00011547854112228376
Epoch 33: reducing lr to 0.00011193152898709925
Epoch 36: reducing lr to 0.00010886360389356567
Epoch 40: reducing lr to 0.00010353426953467687
Epoch 44: reducing lr to 9.692825728613478e-05
Epoch 47: reducing lr to 9.124603442361141e-05
Epoch 55: reducing lr to 7.379540091298294e-05
Epoch 64: reducing lr to 5.2162558778319737e-05
Epoch 72: reducing lr to 3.3521893728737345e-05
Epoch 75: reducing lr to 2.712832545850778e-05
Epoch 78: reducing lr to 2.122086973266557e-05
Epoch 81: reducing lr to 1.589267317434035e-05
Epoch 84: reducing lr to 1.1227780324458959e-05
Epoch 87: reducing lr to 7.299740252658193e-06
Epoch 90: reducing lr to 4.170523761445541e-06
Epoch 93: reducing lr to 1.889464784429794e-06
Epoch 96: reducing lr to 4.925437049267678e-07
Epoch 99: reducing lr to 1.7866687719364158e-09
[I 2024-06-21 00:31:51,161] Trial 309 finished with value: 0.9776517152786255 and parameters: {'hidden_size': 151, 'n_layers': 1, 'rnn_dropout': 0.3493362093254765, 'bidirectional': True, 'fc_dropout': 0.5237115602029963, 'learning_rate_model': 0.001159023171619548}. Best is trial 235 with value: 0.9706074595451355.
Epoch 27: reducing lr to 0.00012201301969382117
Epoch 33: reducing lr to 0.00011826529602760162
Epoch 36: reducing lr to 0.00011502376906321007
Epoch 40: reducing lr to 0.00010939286853600745
Epoch 44: reducing lr to 0.0001024130479152614
Epoch 48: reducing lr to 9.427981154080569e-05
Epoch 55: reducing lr to 7.797119375949342e-05
Epoch 61: reducing lr to 6.279819015119612e-05
Epoch 64: reducing lr to 5.5114233775777044e-05
Epoch 72: reducing lr to 3.541876646473625e-05
Epoch 75: reducing lr to 2.8663411195368594e-05
Epoch 78: reducing lr to 2.2421675676262063e-05
Epoch 81: reducing lr to 1.6791977333302706e-05
Epoch 84: reducing lr to 1.1863116458974322e-05
Epoch 87: reducing lr to 7.712803976837684e-06
Epoch 90: reducing lr to 4.406517374513398e-06
Epoch 93: reducing lr to 1.9963821997828105e-06
Epoch 96: reducing lr to 5.204148249990381e-07
Epoch 99: reducing lr to 1.887769363376722e-09
[I 2024-06-21 00:32:07,256] Trial 310 finished with value: 0.9772639870643616 and parameters: {'hidden_size': 151, 'n_layers': 1, 'rnn_dropout': 0.33428363056401017, 'bidirectional': True, 'fc_dropout': 0.534471273177898, 'learning_rate_model': 0.0012246077556059643}. Best is trial 235 with value: 0.9706074595451355.
Epoch 27: reducing lr to 0.0001706752561629774
Epoch 31: reducing lr to 0.000167760335192851
Epoch 34: reducing lr to 0.00016405805565941132
Epoch 40: reducing lr to 0.0001530218324785177
Epoch 46: reducing lr to 0.0001377524900537188
Epoch 61: reducing lr to 8.784388106714102e-05
Epoch 64: reducing lr to 7.709534598448534e-05
Epoch 67: reducing lr to 6.648170941263388e-05
Epoch 72: reducing lr to 4.9544770341026644e-05
Epoch 75: reducing lr to 4.00951886983093e-05
Epoch 78: reducing lr to 3.13640728608491e-05
Epoch 81: reducing lr to 2.3489091902128223e-05
Epoch 84: reducing lr to 1.6594462177950754e-05
Epoch 87: reducing lr to 1.0788887921837605e-05
Epoch 90: reducing lr to 6.163960891788101e-06
Epoch 93: reducing lr to 2.792595775452265e-06
Epoch 96: reducing lr to 7.27970947613692e-07
Epoch 99: reducing lr to 2.640665073909941e-09
[I 2024-06-21 00:32:23,333] Trial 311 finished with value: 0.9792175889015198 and parameters: {'hidden_size': 151, 'n_layers': 1, 'rnn_dropout': 0.3507726036443418, 'bidirectional': True, 'fc_dropout': 0.531370431052811, 'learning_rate_model': 0.001713015897087917}. Best is trial 235 with value: 0.9706074595451355.
Epoch 27: reducing lr to 0.00013986396184072306
Epoch 36: reducing lr to 0.0001318521587893103
Epoch 40: reducing lr to 0.00012539743733055227
Epoch 46: reducing lr to 0.00011288460580331731
Epoch 61: reducing lr to 7.198579047558932e-05
Epoch 64: reducing lr to 6.317764373867335e-05
Epoch 67: reducing lr to 5.448004284531817e-05
Epoch 72: reducing lr to 4.060065896000619e-05
Epoch 75: reducing lr to 3.285697099960393e-05
Epoch 78: reducing lr to 2.570204720003821e-05
Epoch 81: reducing lr to 1.9248703809387556e-05
Epoch 84: reducing lr to 1.3598732921238105e-05
Epoch 87: reducing lr to 8.841214845828706e-06
Epoch 90: reducing lr to 5.051206661928361e-06
Epoch 93: reducing lr to 2.2884600718070914e-06
Epoch 96: reducing lr to 5.965533793660886e-07
Epoch 99: reducing lr to 2.1639567880865977e-09
[I 2024-06-21 00:32:38,911] Trial 312 finished with value: 0.9776841402053833 and parameters: {'hidden_size': 149, 'n_layers': 1, 'rnn_dropout': 0.33097530412744286, 'bidirectional': True, 'fc_dropout': 0.5533189456790042, 'learning_rate_model': 0.0014037722599582522}. Best is trial 235 with value: 0.9706074595451355.
Epoch 27: reducing lr to 0.0001459140325722965
Epoch 36: reducing lr to 0.00013755566436921384
Epoch 40: reducing lr to 0.00013082173216263958
Epoch 46: reducing lr to 0.00011776763528873694
Epoch 61: reducing lr to 7.509966711910604e-05
Epoch 64: reducing lr to 6.59105079321559e-05
Epoch 67: reducing lr to 5.68366764508261e-05
Epoch 72: reducing lr to 4.235691450449204e-05
Epoch 75: reducing lr to 3.427825919962819e-05
Epoch 78: reducing lr to 2.681383612307439e-05
Epoch 81: reducing lr to 2.008134159545657e-05
Epoch 84: reducing lr to 1.4186970913001533e-05
Epoch 87: reducing lr to 9.223657717218362e-06
Epoch 90: reducing lr to 5.269705817695608e-06
Epoch 93: reducing lr to 2.38745158555086e-06
Epoch 96: reducing lr to 6.223583836918994e-07
Epoch 99: reducing lr to 2.257562685230308e-09
[I 2024-06-21 00:32:53,703] Trial 313 finished with value: 0.9778149127960205 and parameters: {'hidden_size': 146, 'n_layers': 1, 'rnn_dropout': 0.35341210793400823, 'bidirectional': True, 'fc_dropout': 0.5583101416343066, 'learning_rate_model': 0.00146449498904439}. Best is trial 235 with value: 0.9706074595451355.
Epoch 27: reducing lr to 0.00014358560828987745
Epoch 36: reducing lr to 0.0001353606188108446
Epoch 40: reducing lr to 0.00012873414337857464
Epoch 46: reducing lr to 0.00011588835735463214
Epoch 61: reducing lr to 7.390126361096454e-05
Epoch 64: reducing lr to 6.485874050149589e-05
Epoch 67: reducing lr to 5.592970475490969e-05
Epoch 72: reducing lr to 4.1681003719751445e-05
Epoch 75: reducing lr to 3.3731263618240755e-05
Epoch 78: reducing lr to 2.6385954129594163e-05
Epoch 81: reducing lr to 1.9760893434507804e-05
Epoch 84: reducing lr to 1.3960582216962742e-05
Epoch 87: reducing lr to 9.076471129178233e-06
Epoch 90: reducing lr to 5.185614447106909e-06
Epoch 93: reducing lr to 2.349353808751061e-06
Epoch 96: reducing lr to 6.124270950597609e-07
Epoch 99: reducing lr to 2.2215376115509306e-09
[I 2024-06-21 00:33:08,501] Trial 314 finished with value: 0.9775139093399048 and parameters: {'hidden_size': 146, 'n_layers': 1, 'rnn_dropout': 0.34050891697083296, 'bidirectional': True, 'fc_dropout': 0.5697094183443183, 'learning_rate_model': 0.0014411252991396002}. Best is trial 235 with value: 0.9706074595451355.
Epoch 27: reducing lr to 0.00012857387813214357
Epoch 36: reducing lr to 0.00012120880298630888
Epoch 40: reducing lr to 0.00011527511886001205
Epoch 44: reducing lr to 0.00010791998079254994
Epoch 61: reducing lr to 6.617496122692842e-05
Epoch 64: reducing lr to 5.807782476505728e-05
Epoch 67: reducing lr to 5.008231067703386e-05
Epoch 72: reducing lr to 3.7323296927290686e-05
Epoch 75: reducing lr to 3.020469411488117e-05
Epoch 78: reducing lr to 2.3627329305940917e-05
Epoch 81: reducing lr to 1.7694912007485655e-05
Epoch 84: reducing lr to 1.2501017462653898e-05
Epoch 87: reducing lr to 8.127535250447202e-06
Epoch 90: reducing lr to 4.64346370018208e-06
Epoch 93: reducing lr to 2.1037312436342864e-06
Epoch 96: reducing lr to 5.483984615370927e-07
Epoch 99: reducing lr to 1.989278100621508e-09
[I 2024-06-21 00:33:24,048] Trial 315 finished with value: 0.9766277074813843 and parameters: {'hidden_size': 149, 'n_layers': 1, 'rnn_dropout': 0.3264938367539949, 'bidirectional': True, 'fc_dropout': 0.5323516552359615, 'learning_rate_model': 0.0012904571063323386}. Best is trial 235 with value: 0.9706074595451355.
Epoch 27: reducing lr to 0.00018462896202606045
Epoch 31: reducing lr to 0.00018147572912516165
Epoch 34: reducing lr to 0.00017747076646826325
Epoch 40: reducing lr to 0.00016553226714279196
Epoch 46: reducing lr to 0.00014901456618197375
Epoch 49: reducing lr to 0.00013935329016409522
Epoch 52: reducing lr to 0.00012895554155037186
Epoch 55: reducing lr to 0.00011798528229096132
Epoch 58: reducing lr to 0.00010661556108214024
Epoch 61: reducing lr to 9.502563491851402e-05
Epoch 64: reducing lr to 8.339834388508838e-05
Epoch 67: reducing lr to 7.191698010900845e-05
Epoch 70: reducing lr to 6.076268822669045e-05
Epoch 73: reducing lr to 5.011134322392089e-05
Epoch 76: reducing lr to 4.013090856179089e-05
Epoch 79: reducing lr to 3.0978811061974025e-05
Epoch 82: reducing lr to 2.279935768439072e-05
Epoch 85: reducing lr to 1.5721567393830732e-05
Epoch 88: reducing lr to 9.857032438698784e-06
Epoch 91: reducing lr to 5.298274771637843e-06
Epoch 94: reducing lr to 2.1171655648683734e-06
Epoch 97: reducing lr to 3.6388218328194977e-07
[I 2024-06-21 00:33:38,858] Trial 316 finished with value: 0.9824527502059937 and parameters: {'hidden_size': 146, 'n_layers': 1, 'rnn_dropout': 0.3291535923483935, 'bidirectional': True, 'fc_dropout': 0.5915808228477835, 'learning_rate_model': 0.001853065020224579}. Best is trial 235 with value: 0.9706074595451355.
Epoch 27: reducing lr to 0.0001233959972926702
Epoch 36: reducing lr to 0.00011632752579629302
Epoch 40: reducing lr to 0.0001106328008566629
Epoch 44: reducing lr to 0.00010357386625622268
Epoch 48: reducing lr to 9.534844231243838e-05
Epoch 61: reducing lr to 6.350998705979901e-05
Epoch 64: reducing lr to 5.5738935556627144e-05
Epoch 67: reducing lr to 4.80654139277218e-05
Epoch 72: reducing lr to 3.582022657712847e-05
Epoch 75: reducing lr to 2.8988301569275148e-05
Epoch 78: reducing lr to 2.2675818023257004e-05
Epoch 81: reducing lr to 1.6982308894234604e-05
Epoch 84: reducing lr to 1.1997580996910268e-05
Epoch 87: reducing lr to 7.800226082700212e-06
Epoch 90: reducing lr to 4.456463805092566e-06
Epoch 93: reducing lr to 2.0190105378730488e-06
Epoch 96: reducing lr to 5.263135565187473e-07
Epoch 99: reducing lr to 1.909166610545264e-09
[I 2024-06-21 00:33:54,525] Trial 317 finished with value: 0.9769993424415588 and parameters: {'hidden_size': 150, 'n_layers': 1, 'rnn_dropout': 0.33578412825823295, 'bidirectional': True, 'fc_dropout': 0.5782046245497935, 'learning_rate_model': 0.0012384882832548148}. Best is trial 235 with value: 0.9706074595451355.
Epoch 27: reducing lr to 0.00012550195508845817
Epoch 33: reducing lr to 0.00012164706609036499
Epoch 36: reducing lr to 0.00011831284837717369
Epoch 40: reducing lr to 0.00011252093349099254
Epoch 44: reducing lr to 0.00010534152643862592
Epoch 47: reducing lr to 9.916609270380011e-05
Epoch 61: reducing lr to 6.459389055175549e-05
Epoch 64: reducing lr to 5.669021313807082e-05
Epoch 72: reducing lr to 3.643155828206276e-05
Epoch 75: reducing lr to 2.9483035118303267e-05
Epoch 78: reducing lr to 2.3062818548311984e-05
Epoch 81: reducing lr to 1.7272140222567444e-05
Epoch 84: reducing lr to 1.220233965833681e-05
Epoch 87: reducing lr to 7.933349905905017e-06
Epoch 90: reducing lr to 4.532520767213635e-06
Epoch 93: reducing lr to 2.053468308589276e-06
Epoch 96: reducing lr to 5.352959721699599e-07
Epoch 99: reducing lr to 1.9417497120616244e-09
[I 2024-06-21 00:34:09,122] Trial 318 finished with value: 0.9778985977172852 and parameters: {'hidden_size': 141, 'n_layers': 1, 'rnn_dropout': 0.3279454280725468, 'bidirectional': True, 'fc_dropout': 0.5670446702229104, 'learning_rate_model': 0.0012596251443551501}. Best is trial 235 with value: 0.9706074595451355.
Epoch 27: reducing lr to 0.00014990587273086385
Epoch 36: reducing lr to 0.00014131884064079946
Epoch 40: reducing lr to 0.0001344006850217583
Epoch 46: reducing lr to 0.0001209894609599051
Epoch 57: reducing lr to 8.966869237545368e-05
Epoch 61: reducing lr to 7.715420472468247e-05
Epoch 64: reducing lr to 6.771365330341955e-05
Epoch 67: reducing lr to 5.8391584663122214e-05
Epoch 70: reducing lr to 4.9335075646526804e-05
Epoch 73: reducing lr to 4.0686924506662174e-05
Epoch 76: reducing lr to 3.258350588890067e-05
Epoch 79: reducing lr to 2.515263942042996e-05
Epoch 82: reducing lr to 1.8511492313428593e-05
Epoch 85: reducing lr to 1.2764818991598047e-05
Epoch 88: reducing lr to 8.003224597292656e-06
Epoch 91: reducing lr to 4.301830519407783e-06
Epoch 94: reducing lr to 1.7189911497879047e-06
Epoch 97: reducing lr to 2.9544701794072347e-07
