[I 2024-06-21 02:56:39,718] Trial 654 finished with value: 0.9672916531562805 and parameters: {'hidden_size': 139, 'n_layers': 2, 'rnn_dropout': 0.5995787290548983, 'bidirectional': True, 'fc_dropout': 0.19643989762030115, 'learning_rate_model': 0.0009158245248673367}. Best is trial 613 with value: 0.9663827419281006.
Epoch 36: reducing lr to 9.445819302427508e-05
Epoch 40: reducing lr to 8.983406452256772e-05
Epoch 45: reducing lr to 8.251433846669345e-05
Epoch 52: reducing lr to 6.998394113810827e-05
Epoch 65: reducing lr to 4.3169470689641797e-05
Epoch 68: reducing lr to 3.6986904465667504e-05
Epoch 71: reducing lr to 3.101404789034192e-05
Epoch 74: reducing lr to 2.5345069482889225e-05
Epoch 77: reducing lr to 2.006938912160461e-05
Epoch 80: reducing lr to 1.5270191824399506e-05
Epoch 83: reducing lr to 1.102317793927074e-05
Epoch 86: reducing lr to 7.395307928627717e-06
Epoch 89: reducing lr to 4.443816956023483e-06
Epoch 92: reducing lr to 2.215237179832466e-06
Epoch 95: reducing lr to 7.447212004060844e-07
Epoch 98: reducing lr to 5.545601937796511e-08
[I 2024-06-21 02:57:16,689] Trial 655 finished with value: 0.9685662984848022 and parameters: {'hidden_size': 139, 'n_layers': 2, 'rnn_dropout': 0.6047955553857708, 'bidirectional': True, 'fc_dropout': 0.1400606357477719, 'learning_rate_model': 0.001005655063298134}. Best is trial 613 with value: 0.9663827419281006.
Epoch 36: reducing lr to 8.789453000684773e-05
Epoch 40: reducing lr to 8.359172060158644e-05
Epoch 43: reducing lr to 7.968046368139086e-05
Epoch 52: reducing lr to 6.512093252493309e-05
Epoch 65: reducing lr to 4.0169732401458614e-05
Epoch 72: reducing lr to 2.7064978457883025e-05
Epoch 75: reducing lr to 2.1902925594669518e-05
Epoch 78: reducing lr to 1.7133351320178204e-05
Epoch 83: reducing lr to 1.0257204940444494e-05
Epoch 86: reducing lr to 6.881426521419907e-06
Epoch 89: reducing lr to 4.13502725682849e-06
Epoch 92: reducing lr to 2.0613059020198397e-06
Epoch 95: reducing lr to 6.929723912779575e-07
Epoch 98: reducing lr to 5.1602519624991894e-08
[I 2024-06-21 02:57:53,746] Trial 656 finished with value: 0.9677063226699829 and parameters: {'hidden_size': 139, 'n_layers': 2, 'rnn_dropout': 0.6281899446675904, 'bidirectional': True, 'fc_dropout': 0.14357763238080173, 'learning_rate_model': 0.0009357746142240958}. Best is trial 613 with value: 0.9663827419281006.
Epoch 31: reducing lr to 9.226357851930726e-05
Epoch 36: reducing lr to 8.848975485168013e-05
Epoch 40: reducing lr to 8.415780666997404e-05
Epoch 43: reducing lr to 8.022006258051728e-05
Epoch 52: reducing lr to 6.556193376760968e-05
Epoch 56: reducing lr to 5.807587535339993e-05
Epoch 65: reducing lr to 4.044176324039426e-05
Epoch 72: reducing lr to 2.7248263442759e-05
Epoch 75: reducing lr to 2.2051252976219284e-05
Epoch 78: reducing lr to 1.7249378977191877e-05
Epoch 83: reducing lr to 1.0326667092624097e-05
Epoch 86: reducing lr to 6.928027783558962e-06
Epoch 89: reducing lr to 4.163029806670128e-06
Epoch 92: reducing lr to 2.0752651379994505e-06
Epoch 95: reducing lr to 6.976652246549532e-07
Epoch 98: reducing lr to 5.1951973700629406e-08
[I 2024-06-21 02:58:30,733] Trial 657 finished with value: 0.9677965044975281 and parameters: {'hidden_size': 139, 'n_layers': 2, 'rnn_dropout': 0.6313769081732473, 'bidirectional': True, 'fc_dropout': 0.13773335268141726, 'learning_rate_model': 0.0009421117127842251}. Best is trial 613 with value: 0.9663827419281006.
Epoch 36: reducing lr to 8.578043793963392e-05
Epoch 40: reducing lr to 8.158112229251306e-05
Epoch 52: reducing lr to 6.35546047130681e-05
Epoch 65: reducing lr to 3.920354585258681e-05
Epoch 72: reducing lr to 2.6413995327844493e-05
Epoch 75: reducing lr to 2.1376103262894634e-05
Epoch 78: reducing lr to 1.6721249655740676e-05
Epoch 83: reducing lr to 1.0010492481834262e-05
Epoch 86: reducing lr to 6.715910314450998e-06
Epoch 89: reducing lr to 4.03556909577236e-06
Epoch 92: reducing lr to 2.0117261334583473e-06
Epoch 95: reducing lr to 6.763046027923134e-07
Epoch 98: reducing lr to 5.036134480581982e-08
[I 2024-06-21 02:59:07,729] Trial 658 finished with value: 0.9674491882324219 and parameters: {'hidden_size': 139, 'n_layers': 2, 'rnn_dropout': 0.6120601823776431, 'bidirectional': True, 'fc_dropout': 0.12325224149669511, 'learning_rate_model': 0.0009132668007290227}. Best is trial 613 with value: 0.9663827419281006.
Epoch 30: reducing lr to 0.00010077041970530205
Epoch 36: reducing lr to 9.610519346243238e-05
Epoch 40: reducing lr to 9.14004373155778e-05
Epoch 43: reducing lr to 8.712381051107258e-05
Epoch 52: reducing lr to 7.120420142499324e-05
Epoch 55: reducing lr to 6.51468537484194e-05
Epoch 58: reducing lr to 5.8868938822346354e-05
Epoch 61: reducing lr to 5.24694353412704e-05
Epoch 64: reducing lr to 4.604930044192864e-05
Epoch 67: reducing lr to 3.970974086103013e-05
Epoch 70: reducing lr to 3.3550777574977784e-05
Epoch 73: reducing lr to 2.766952186540404e-05
Epoch 76: reducing lr to 2.215871657974131e-05
Epoch 79: reducing lr to 1.7105286645645865e-05
Epoch 82: reducing lr to 1.2588912716757478e-05
Epoch 85: reducing lr to 8.6808340143309e-06
Epoch 88: reducing lr to 5.44266740909031e-06
Epoch 91: reducing lr to 2.9254999010437786e-06
Epoch 94: reducing lr to 1.1690159377296914e-06
Epoch 97: reducing lr to 2.009214955935078e-07
[I 2024-06-21 02:59:43,892] Trial 659 finished with value: 0.9737579822540283 and parameters: {'hidden_size': 138, 'n_layers': 2, 'rnn_dropout': 0.6179647204222071, 'bidirectional': True, 'fc_dropout': 0.11972938191481683, 'learning_rate_model': 0.0010231899565335092}. Best is trial 613 with value: 0.9663827419281006.
Epoch 36: reducing lr to 8.914380293144081e-05
Epoch 40: reducing lr to 8.47798363268719e-05
Epoch 43: reducing lr to 8.081298746743794e-05
Epoch 52: reducing lr to 6.604651706155115e-05
Epoch 65: reducing lr to 4.0740677590805235e-05
Epoch 72: reducing lr to 2.7449661609263378e-05
Epoch 75: reducing lr to 2.2214238846047803e-05
Epoch 78: reducing lr to 1.7376873094629615e-05
Epoch 83: reducing lr to 1.0402993858288432e-05
Epoch 86: reducing lr to 6.979234426361409e-06
Epoch 89: reducing lr to 4.193799715069158e-06
Epoch 92: reducing lr to 2.0906038987495313e-06
Epoch 95: reducing lr to 7.028218283913583e-07
Epoch 98: reducing lr to 5.233596265726568e-08
[I 2024-06-21 03:00:20,905] Trial 660 finished with value: 0.968014657497406 and parameters: {'hidden_size': 139, 'n_layers': 2, 'rnn_dropout': 0.641200508544955, 'bidirectional': True, 'fc_dropout': 0.12054328265654612, 'learning_rate_model': 0.0009490750765962209}. Best is trial 613 with value: 0.9663827419281006.
Epoch 36: reducing lr to 8.872212491900073e-05
Epoch 40: reducing lr to 8.437880123860216e-05
Epoch 43: reducing lr to 8.043071681245115e-05
Epoch 52: reducing lr to 6.573409642066237e-05
Epoch 65: reducing lr to 4.0547961469358566e-05
Epoch 72: reducing lr to 2.7319816141951978e-05
Epoch 75: reducing lr to 2.2109158562545924e-05
Epoch 78: reducing lr to 1.7294675061025384e-05
Epoch 83: reducing lr to 1.0353784450238339e-05
Epoch 86: reducing lr to 6.946220469086935e-06
Epoch 89: reducing lr to 4.17396173340057e-06
Epoch 92: reducing lr to 2.080714689765449e-06
Epoch 95: reducing lr to 6.994972617703466e-07
Epoch 98: reducing lr to 5.208839721819675e-08
[I 2024-06-21 03:00:57,933] Trial 661 finished with value: 0.9680190086364746 and parameters: {'hidden_size': 139, 'n_layers': 2, 'rnn_dropout': 0.6389030079593088, 'bidirectional': True, 'fc_dropout': 0.12176000826928228, 'learning_rate_model': 0.0009445856552478484}. Best is trial 613 with value: 0.9663827419281006.
Epoch 31: reducing lr to 9.540422484316756e-05
Epoch 36: reducing lr to 9.150194045876747e-05
Epoch 39: reducing lr to 8.824842846830855e-05
Epoch 49: reducing lr to 7.325989371438854e-05
Epoch 52: reducing lr to 6.779365780841662e-05
Epoch 61: reducing lr to 4.9956250807390665e-05
Epoch 67: reducing lr to 3.780772102934699e-05
Epoch 72: reducing lr to 2.8175792591166907e-05
Epoch 75: reducing lr to 2.2801876220057422e-05
Epoch 78: reducing lr to 1.7836546736593858e-05
Epoch 81: reducing lr to 1.3358095658406663e-05
Epoch 84: reducing lr to 9.437164029010121e-06
Epoch 87: reducing lr to 6.1355712476341835e-06
Epoch 90: reducing lr to 3.5054049586192322e-06
Epoch 93: reducing lr to 1.5881312763893593e-06
Epoch 96: reducing lr to 4.139924010380263e-07
Epoch 99: reducing lr to 1.501729262514198e-09
[I 2024-06-21 03:01:35,134] Trial 662 finished with value: 0.9706639647483826 and parameters: {'hidden_size': 140, 'n_layers': 2, 'rnn_dropout': 0.6394396692905965, 'bidirectional': True, 'fc_dropout': 0.1345168194636246, 'learning_rate_model': 0.0009741811353549348}. Best is trial 613 with value: 0.9663827419281006.
Epoch 36: reducing lr to 9.055777010208566e-05
Epoch 39: reducing lr to 8.733782974476478e-05
Epoch 49: reducing lr to 7.250395542901465e-05
Epoch 52: reducing lr to 6.709412333130264e-05
Epoch 61: reducing lr to 4.944077309285461e-05
Epoch 67: reducing lr to 3.7417598926245897e-05
Epoch 72: reducing lr to 2.7885058339989098e-05
Epoch 75: reducing lr to 2.2566593170367256e-05
Epoch 78: reducing lr to 1.765249885072579e-05
Epoch 81: reducing lr to 1.322025904118135e-05
Epoch 84: reducing lr to 9.339785869785713e-06
Epoch 87: reducing lr to 6.072260847174026e-06
Epoch 90: reducing lr to 3.469234147011294e-06
Epoch 93: reducing lr to 1.5717440121830634e-06
Epoch 96: reducing lr to 4.0972058613451127e-07
Epoch 99: reducing lr to 1.4862335446434553e-09
[I 2024-06-21 03:02:12,357] Trial 663 finished with value: 0.9706118106842041 and parameters: {'hidden_size': 140, 'n_layers': 2, 'rnn_dropout': 0.639955899517322, 'bidirectional': True, 'fc_dropout': 0.14174783121245033, 'learning_rate_model': 0.0009641289665656267}. Best is trial 613 with value: 0.9663827419281006.
Epoch 36: reducing lr to 8.911701310698622e-05
Epoch 40: reducing lr to 8.475435797775735e-05
Epoch 61: reducing lr to 4.86541797436991e-05
Epoch 65: reducing lr to 4.0728434052107896e-05
Epoch 72: reducing lr to 2.744141233571133e-05
Epoch 75: reducing lr to 2.220756294105487e-05
Epoch 78: reducing lr to 1.737165093263442e-05
Epoch 83: reducing lr to 1.0399867512203781e-05
Epoch 86: reducing lr to 6.977137001089404e-06
Epoch 89: reducing lr to 4.192539378910392e-06
Epoch 92: reducing lr to 2.089975622754901e-06
Epoch 95: reducing lr to 7.026106137832068e-07
Epoch 98: reducing lr to 5.2320234460731875e-08
[I 2024-06-21 03:02:49,570] Trial 664 finished with value: 0.9705499410629272 and parameters: {'hidden_size': 140, 'n_layers': 2, 'rnn_dropout': 0.6227472087588791, 'bidirectional': True, 'fc_dropout': 0.12677781812386232, 'learning_rate_model': 0.0009487898570536375}. Best is trial 613 with value: 0.9663827419281006.
Epoch 36: reducing lr to 9.098750980435588e-05
Epoch 40: reducing lr to 8.653328594176754e-05
Epoch 52: reducing lr to 6.741251686674386e-05
Epoch 55: reducing lr to 6.16777281289625e-05
Epoch 63: reducing lr to 4.5619468002656734e-05
Epoch 66: reducing lr to 3.958146989269352e-05
Epoch 69: reducing lr to 3.368309066203578e-05
Epoch 72: reducing lr to 2.8017386208214057e-05
Epoch 75: reducing lr to 2.26736823910863e-05
Epoch 79: reducing lr to 1.6194415518089636e-05
Epoch 82: reducing lr to 1.191854235941893e-05
Epoch 85: reducing lr to 8.21857218671196e-06
Epoch 88: reducing lr to 5.152840719685285e-06
Epoch 91: reducing lr to 2.769714531951036e-06
Epoch 94: reducing lr to 1.1067648403122664e-06
Epoch 97: reducing lr to 1.9022225429854737e-07
[I 2024-06-21 03:03:28,046] Trial 665 finished with value: 0.9716936349868774 and parameters: {'hidden_size': 141, 'n_layers': 2, 'rnn_dropout': 0.6272871287555377, 'bidirectional': True, 'fc_dropout': 0.20276490341153047, 'learning_rate_model': 0.0009687042171992821}. Best is trial 613 with value: 0.9663827419281006.
Epoch 31: reducing lr to 9.428698089801792e-05
Epoch 36: reducing lr to 9.043039473723308e-05
Epoch 40: reducing lr to 8.600344401610693e-05
Epoch 52: reducing lr to 6.699975110427945e-05
Epoch 55: reducing lr to 6.130007638620757e-05
Epoch 63: reducing lr to 4.534014072979198e-05
Epoch 66: reducing lr to 3.933911318567403e-05
Epoch 71: reducing lr to 2.9691575747191192e-05
Epoch 74: reducing lr to 2.426432863681029e-05
Epoch 77: reducing lr to 1.9213608923636978e-05
Epoch 80: reducing lr to 1.4619054527528785e-05
Epoch 83: reducing lr to 1.0553137852751789e-05
Epoch 86: reducing lr to 7.079964096045406e-06
Epoch 89: reducing lr to 4.254327852428201e-06
Epoch 92: reducing lr to 2.120777099318019e-06
Epoch 95: reducing lr to 7.129654926238057e-07
Epoch 98: reducing lr to 5.309131545228052e-08
[I 2024-06-21 03:04:06,483] Trial 666 finished with value: 0.9712700247764587 and parameters: {'hidden_size': 141, 'n_layers': 2, 'rnn_dropout': 0.6103032011368464, 'bidirectional': True, 'fc_dropout': 0.1425018200706044, 'learning_rate_model': 0.0009627728567724769}. Best is trial 613 with value: 0.9663827419281006.
Epoch 36: reducing lr to 9.593583639332294e-05
Epoch 40: reducing lr to 9.12393709920899e-05
Epoch 43: reducing lr to 8.697028048146424e-05
Epoch 52: reducing lr to 7.107872501287481e-05
Epoch 55: reducing lr to 6.503205162571367e-05
Epoch 58: reducing lr to 5.8765199673801464e-05
Epoch 61: reducing lr to 5.2376973430866995e-05
Epoch 65: reducing lr to 4.38447861923792e-05
Epoch 72: reducing lr to 2.9541102786737537e-05
Epoch 75: reducing lr to 2.39067833484249e-05
Epoch 78: reducing lr to 1.8700849631869936e-05
Epoch 81: reducing lr to 1.4005386915141286e-05
Epoch 84: reducing lr to 9.894459284303823e-06
Epoch 87: reducing lr to 6.4328817120315965e-06
Epoch 90: reducing lr to 3.675265845908232e-06
Epoch 93: reducing lr to 1.6650871177039578e-06
Epoch 96: reducing lr to 4.340531693091277e-07
Epoch 99: reducing lr to 1.5744983342721313e-09
[I 2024-06-21 03:04:42,561] Trial 667 finished with value: 0.9731245040893555 and parameters: {'hidden_size': 138, 'n_layers': 2, 'rnn_dropout': 0.6692351455160334, 'bidirectional': True, 'fc_dropout': 0.11847804063042003, 'learning_rate_model': 0.001021386885898742}. Best is trial 613 with value: 0.9663827419281006.
Epoch 30: reducing lr to 9.629598226583848e-05
Epoch 36: reducing lr to 9.183790275338541e-05
Epoch 40: reducing lr to 8.734204855522369e-05
Epoch 49: reducing lr to 7.352887775857769e-05
Epoch 52: reducing lr to 6.804257179563554e-05
Epoch 55: reducing lr to 6.225418422964942e-05
Epoch 58: reducing lr to 5.6255023105229036e-05
Epoch 63: reducing lr to 4.604583942452942e-05
Epoch 66: reducing lr to 3.9951408612649126e-05
Epoch 72: reducing lr to 2.8279243992133343e-05
Epoch 75: reducing lr to 2.288559652826155e-05
Epoch 78: reducing lr to 1.7902036136486814e-05
Epoch 83: reducing lr to 1.071739264967565e-05
Epoch 86: reducing lr to 7.19016052113246e-06
Epoch 89: reducing lr to 4.320544532926299e-06
Epoch 92: reducing lr to 2.1537860315076415e-06
Epoch 95: reducing lr to 7.240624766525019e-07
Epoch 98: reducing lr to 5.391765766061228e-08
[I 2024-06-21 03:05:18,284] Trial 668 finished with value: 0.9727110862731934 and parameters: {'hidden_size': 137, 'n_layers': 2, 'rnn_dropout': 0.6335910220585487, 'bidirectional': True, 'fc_dropout': 0.1092024971793033, 'learning_rate_model': 0.0009777579789493594}. Best is trial 613 with value: 0.9663827419281006.
Epoch 36: reducing lr to 8.208629442350725e-05
Epoch 40: reducing lr to 7.806782274317632e-05
Epoch 49: reducing lr to 6.57213735000954e-05
Epoch 52: reducing lr to 6.081761902542222e-05
Epoch 65: reducing lr to 3.7515241057239134e-05
Epoch 71: reducing lr to 2.6951905227925554e-05
Epoch 74: reducing lr to 2.2025435477280663e-05
Epoch 79: reducing lr to 1.4610132347757474e-05
Epoch 82: reducing lr to 1.0752563503693875e-05
Epoch 85: reducing lr to 7.414557643240275e-06
Epoch 88: reducing lr to 4.648743562089157e-06
Epoch 91: reducing lr to 2.4987561812348347e-06
Epoch 94: reducing lr to 9.984911636202391e-07
Epoch 97: reducing lr to 1.716130049699005e-07
[I 2024-06-21 03:05:56,738] Trial 669 finished with value: 0.9706147909164429 and parameters: {'hidden_size': 141, 'n_layers': 2, 'rnn_dropout': 0.6039340653181702, 'bidirectional': True, 'fc_dropout': 0.14613262266289836, 'learning_rate_model': 0.0008739368706022839}. Best is trial 613 with value: 0.9663827419281006.
Epoch 36: reducing lr to 8.56800938599768e-05
Epoch 40: reducing lr to 8.148569048043023e-05
Epoch 43: reducing lr to 7.767297471749558e-05
Epoch 49: reducing lr to 6.85987044444072e-05
Epoch 52: reducing lr to 6.348025992687811e-05
Epoch 61: reducing lr to 4.6777764893396325e-05
Epoch 64: reducing lr to 4.1054060055485145e-05
Epoch 72: reducing lr to 2.638309681397697e-05
Epoch 75: reducing lr to 2.1351097964949195e-05
Epoch 78: reducing lr to 1.6701689503709236e-05
Epoch 81: reducing lr to 1.250818161958625e-05
Epoch 84: reducing lr to 8.83672079218849e-06
Epoch 87: reducing lr to 5.7451931373932e-06
Epoch 90: reducing lr to 3.2823722028831113e-06
Epoch 93: reducing lr to 1.4870858054023612e-06
Epoch 96: reducing lr to 3.8765197328508203e-07
Epoch 99: reducing lr to 1.4061811533109051e-09
[I 2024-06-21 03:06:33,934] Trial 670 finished with value: 0.9705914258956909 and parameters: {'hidden_size': 140, 'n_layers': 2, 'rnn_dropout': 0.6467340667795074, 'bidirectional': True, 'fc_dropout': 0.13049894765363498, 'learning_rate_model': 0.0009121984812053448}. Best is trial 613 with value: 0.9663827419281006.
Epoch 31: reducing lr to 9.348178519919006e-05
Epoch 36: reducing lr to 8.965813366585057e-05
Epoch 40: reducing lr to 8.526898839406242e-05
Epoch 52: reducing lr to 6.642758397263638e-05
Epoch 55: reducing lr to 6.077658356276696e-05
Epoch 61: reducing lr to 4.894960904519947e-05
Epoch 65: reducing lr to 4.097573804297985e-05
Epoch 68: reducing lr to 3.510734980518448e-05
Epoch 72: reducing lr to 2.7608037224286778e-05
Epoch 75: reducing lr to 2.2342407775399277e-05
Epoch 78: reducing lr to 1.747713199773452e-05
Epoch 81: reducing lr to 1.3088923798313681e-05
Epoch 84: reducing lr to 9.247000770664792e-06
Epoch 87: reducing lr to 6.0119366242798214e-06
Epoch 90: reducing lr to 3.4347694131628044e-06
Epoch 93: reducing lr to 1.5561296901850743e-06
Epoch 96: reducing lr to 4.05650260997903e-07
Epoch 99: reducing lr to 1.4714687172076926e-09
[I 2024-06-21 03:07:08,345] Trial 671 finished with value: 0.9727945923805237 and parameters: {'hidden_size': 136, 'n_layers': 2, 'rnn_dropout': 0.5861188931983075, 'bidirectional': True, 'fc_dropout': 0.16794305824718883, 'learning_rate_model': 0.0009545509309473208}. Best is trial 613 with value: 0.9663827419281006.
Epoch 36: reducing lr to 9.138925579853261e-05
Epoch 40: reducing lr to 8.691536476846373e-05
Epoch 52: reducing lr to 6.771016990359276e-05
Epoch 55: reducing lr to 6.195005979579253e-05
Epoch 63: reducing lr to 4.5820896073014405e-05
Epoch 66: reducing lr to 3.975623780322552e-05
Epoch 71: reducing lr to 3.0006404582289546e-05
Epoch 74: reducing lr to 2.452161071520902e-05
Epoch 77: reducing lr to 1.941733668018881e-05
Epoch 80: reducing lr to 1.4774064822244333e-05
Epoch 83: reducing lr to 1.0665035992651905e-05
Epoch 86: reducing lr to 7.1550351151073366e-06
Epoch 89: reducing lr to 4.299437788435323e-06
Epoch 92: reducing lr to 2.143264345847698e-06
Epoch 95: reducing lr to 7.205252832330738e-07
Epoch 98: reducing lr to 5.365425886559539e-08
[I 2024-06-21 03:07:46,794] Trial 672 finished with value: 0.9712740182876587 and parameters: {'hidden_size': 141, 'n_layers': 2, 'rnn_dropout': 0.6087473642228813, 'bidirectional': True, 'fc_dropout': 0.1011657802441676, 'learning_rate_model': 0.0009729814310678531}. Best is trial 613 with value: 0.9663827419281006.
Epoch 30: reducing lr to 9.341167143797331e-05
Epoch 36: reducing lr to 8.908712280299502e-05
Epoch 40: reducing lr to 8.472593093070751e-05
Epoch 49: reducing lr to 7.132649990968299e-05
Epoch 52: reducing lr to 6.600452283483722e-05
Epoch 55: reducing lr to 6.038951227316229e-05
Epoch 63: reducing lr to 4.4666648827940786e-05
Epoch 66: reducing lr to 3.875476179791687e-05
Epoch 72: reducing lr to 2.7432208345047084e-05
Epoch 75: reducing lr to 2.220011441036394e-05
Epoch 78: reducing lr to 1.7365824391673244e-05
Epoch 83: reducing lr to 1.0396379343215948e-05
Epoch 86: reducing lr to 6.974796833497611e-06
Epoch 89: reducing lr to 4.191133179665585e-06
Epoch 92: reducing lr to 2.089274634194799e-06
Epoch 95: reducing lr to 7.023749545740244e-07
Epoch 98: reducing lr to 5.2302685985320364e-08
[I 2024-06-21 03:08:22,552] Trial 673 finished with value: 0.9726147651672363 and parameters: {'hidden_size': 137, 'n_layers': 2, 'rnn_dropout': 0.6250439492289881, 'bidirectional': True, 'fc_dropout': 0.14750865505358798, 'learning_rate_model': 0.0009484716280616374}. Best is trial 613 with value: 0.9663827419281006.
Epoch 31: reducing lr to 9.67080145147793e-05
Epoch 36: reducing lr to 9.275240169461616e-05
Epoch 40: reducing lr to 8.821177890112634e-05
Epoch 52: reducing lr to 6.872012276315728e-05
Epoch 55: reducing lr to 6.287409587678357e-05
Epoch 61: reducing lr to 5.06389505928791e-05
Epoch 65: reducing lr to 4.238988655352105e-05
Epoch 68: reducing lr to 3.63189693831888e-05
Epoch 71: reducing lr to 3.0453974779739685e-05
Epoch 74: reducing lr to 2.488737070219791e-05
Epoch 77: reducing lr to 1.9706962222898352e-05
Epoch 80: reducing lr to 1.4994432147209878e-05
Epoch 83: reducing lr to 1.082411377392869e-05
Epoch 86: reducing lr to 7.2617583471576475e-06
Epoch 89: reducing lr to 4.3635674383111515e-06
Epoch 92: reducing lr to 2.1752328958893426e-06
Epoch 95: reducing lr to 7.312725102925606e-07
Epoch 98: reducing lr to 5.445455625438175e-08
