[I 2024-06-20 23:49:19,251] Trial 212 finished with value: 0.9843335151672363 and parameters: {'hidden_size': 189, 'n_layers': 2, 'rnn_dropout': 0.7465246102585805, 'bidirectional': True, 'fc_dropout': 0.2197073987390904, 'learning_rate_model': 0.001605928829877941}. Best is trial 115 with value: 0.9733659029006958.
Epoch 22: reducing lr to 0.00037360446150522285
Epoch 25: reducing lr to 0.0003798535256332779
Epoch 28: reducing lr to 0.00037747001988512613
Epoch 31: reducing lr to 0.00037212991344672214
Epoch 34: reducing lr to 0.00036391743008019396
Epoch 37: reducing lr to 0.0003529620756128591
Epoch 40: reducing lr to 0.00033943662076156984
Epoch 43: reducing lr to 0.00032355438000414847
Epoch 46: reducing lr to 0.0003055658069699977
Epoch 49: reducing lr to 0.00028575461885327477
Epoch 52: reducing lr to 0.00026443323714389464
Epoch 55: reducing lr to 0.00024193787840709634
Epoch 58: reducing lr to 0.00021862339227857462
Epoch 61: reducing lr to 0.00019485735898632357
Epoch 64: reducing lr to 0.00017101470616025694
Epoch 67: reducing lr to 0.0001474712883773962
Epoch 70: reducing lr to 0.00012459855662017217
Epoch 73: reducing lr to 0.00010275715604787794
Epoch 76: reducing lr to 8.22915086310954e-05
Epoch 79: reducing lr to 6.352443015244162e-05
Epoch 82: reducing lr to 4.675183311087091e-05
Epoch 85: reducing lr to 3.223828079774813e-05
Epoch 88: reducing lr to 2.021260168473919e-05
Epoch 91: reducing lr to 1.0864519138130717e-05
Epoch 94: reducing lr to 4.341410513708293e-06
Epoch 97: reducing lr to 7.461683500173399e-07
[I 2024-06-20 23:49:41,326] Trial 213 finished with value: 1.145073652267456 and parameters: {'hidden_size': 50, 'n_layers': 4, 'rnn_dropout': 0.14825411675014752, 'bidirectional': True, 'fc_dropout': 0.7711342139391983, 'learning_rate_model': 0.003799852073396136}. Best is trial 115 with value: 0.9733659029006958.
Epoch 31: reducing lr to 1.691830278607033e-06
Epoch 34: reducing lr to 1.6544935112040592e-06
Epoch 37: reducing lr to 1.604686710592306e-06
Epoch 40: reducing lr to 1.5431953517348577e-06
Epoch 43: reducing lr to 1.470989235444292e-06
Epoch 46: reducing lr to 1.3892070098601417e-06
Epoch 49: reducing lr to 1.2991385507013205e-06
Epoch 52: reducing lr to 1.2022042332648053e-06
Epoch 55: reducing lr to 1.0999326134250006e-06
Epoch 58: reducing lr to 9.93936959388325e-07
Epoch 61: reducing lr to 8.858884170021465e-07
Epoch 64: reducing lr to 7.77491535924135e-07
Epoch 67: reducing lr to 6.704550800315834e-07
Epoch 70: reducing lr to 5.664677929497336e-07
Epoch 73: reducing lr to 4.6716929132394933e-07
Epoch 76: reducing lr to 3.741254356169133e-07
Epoch 79: reducing lr to 2.8880385714690797e-07
Epoch 82: reducing lr to 2.1254987567313235e-07
Epoch 85: reducing lr to 1.4656628669996666e-07
Epoch 88: reducing lr to 9.189342297944874e-08
Epoch 91: reducing lr to 4.9393832036098226e-08
Epoch 94: reducing lr to 1.9737541900152114e-08
Epoch 97: reducing lr to 3.3923373582230735e-09
[I 2024-06-20 23:50:20,659] Trial 214 finished with value: 1.1079710721969604 and parameters: {'hidden_size': 105, 'n_layers': 7, 'rnn_dropout': 0.11455182536701028, 'bidirectional': False, 'fc_dropout': 0.3470718617221808, 'learning_rate_model': 1.727543140097415e-05}. Best is trial 115 with value: 0.9733659029006958.
Epoch 10: reducing lr to 0.00023583552041676176
Epoch 13: reducing lr to 0.00033600351144306154
Epoch 16: reducing lr to 0.00042965218103141744
Epoch 19: reducing lr to 0.0005036289672515576
Epoch 22: reducing lr to 0.0005475440002111745
Epoch 25: reducing lr to 0.0005567024496484909
Epoch 28: reducing lr to 0.0005532092518782841
Epoch 31: reducing lr to 0.0005453829448019263
Epoch 34: reducing lr to 0.0005333469643533531
Epoch 37: reducing lr to 0.0005172911105645406
Epoch 40: reducing lr to 0.0004974685912506298
Epoch 43: reducing lr to 0.00047419203400182427
Epoch 46: reducing lr to 0.00044782849648536437
Epoch 49: reducing lr to 0.00041879378649645557
Epoch 52: reducing lr to 0.0003875457800241877
Epoch 55: reducing lr to 0.0003545772264386472
Epoch 58: reducing lr to 0.0003204081832044024
Epoch 61: reducing lr to 0.00028557736537754096
Epoch 64: reducing lr to 0.0002506342561560032
Epoch 67: reducing lr to 0.00021612969724486646
Epoch 70: reducing lr to 0.00018260807656707772
Epoch 73: reducing lr to 0.0001505979453406298
Epoch 76: reducing lr to 0.0001206040785427089
Epoch 79: reducing lr to 9.309958574013708e-05
Epoch 82: reducing lr to 6.851814781760482e-05
Epoch 85: reducing lr to 4.724750115887829e-05
Epoch 88: reducing lr to 2.962301021927835e-05
Epoch 91: reducing lr to 1.5922728131499523e-05
Epoch 94: reducing lr to 6.362646927869815e-06
Epoch 97: reducing lr to 1.0935629664415338e-06
[I 2024-06-20 23:50:44,605] Trial 215 finished with value: 1.0979833602905273 and parameters: {'hidden_size': 107, 'n_layers': 4, 'rnn_dropout': 0.6453974486198909, 'bidirectional': False, 'fc_dropout': 0.1921377657771018, 'learning_rate_model': 0.005568954385864473}. Best is trial 115 with value: 0.9733659029006958.
Epoch 6: reducing lr to 0.001149624417915987
Epoch 10: reducing lr to 0.0023304941575967423
Epoch 13: reducing lr to 0.003320340460021688
Epoch 18: reducing lr to 0.004761794986518019
Epoch 21: reducing lr to 0.005303851078745568
Epoch 24: reducing lr to 0.005502906603530103
Epoch 27: reducing lr to 0.005483042752717104
Epoch 30: reducing lr to 0.005419874882970955
Epoch 33: reducing lr to 0.005314626880879682
Epoch 36: reducing lr to 0.00516895856634698
Epoch 39: reducing lr to 0.00498516717799524
Epoch 42: reducing lr to 0.004766151240189389
Epoch 45: reducing lr to 0.004515364766233231
Epoch 48: reducing lr to 0.0042367629183635985
Epoch 51: reducing lr to 0.0039347393245810405
Epoch 54: reducing lr to 0.003614057320032131
Epoch 57: reducing lr to 0.003279773266505419
Epoch 60: reducing lr to 0.0029371605055718425
Epoch 63: reducing lr to 0.002591620986567936
Epoch 66: reducing lr to 0.002248605092175505
Epoch 69: reducing lr to 0.001913520882074264
Epoch 72: reducing lr to 0.0015916548189855695
Epoch 75: reducing lr to 0.0012880814639068788
Epoch 78: reducing lr to 0.0010075892444019873
Epoch 81: reducing lr to 0.0007546008602376863
Epoch 84: reducing lr to 0.0005331068347316066
Epoch 87: reducing lr to 0.0003465993551708568
Epoch 90: reducing lr to 0.0001980208605251922
Epoch 93: reducing lr to 8.971377792010293e-05
Epoch 96: reducing lr to 2.3386493849410218e-05
Epoch 99: reducing lr to 8.483291498370682e-08
[I 2024-06-20 23:51:50,958] Trial 216 finished with value: 1.1486375331878662 and parameters: {'hidden_size': 199, 'n_layers': 2, 'rnn_dropout': 0.6571573921810379, 'bidirectional': True, 'fc_dropout': 0.11105321443653891, 'learning_rate_model': 0.055031640853951194}. Best is trial 115 with value: 0.9733659029006958.
Epoch 18: reducing lr to 0.0002861345610033671
Epoch 22: reducing lr to 0.0003251303040144783
Epoch 27: reducing lr to 0.00032947408182279275
Epoch 30: reducing lr to 0.0003256783470777005
Epoch 33: reducing lr to 0.00031935403220061483
Epoch 36: reducing lr to 0.00031060087517707124
Epoch 39: reducing lr to 0.00029955691625588304
Epoch 42: reducing lr to 0.00028639632673150233
Epoch 45: reducing lr to 0.0002713266570304344
Epoch 48: reducing lr to 0.0002545855714396841
Epoch 51: reducing lr to 0.00023643708149748594
Epoch 54: reducing lr to 0.00021716741431251153
Epoch 57: reducing lr to 0.0001970804048597517
Epoch 60: reducing lr to 0.00017649292635186963
Epoch 63: reducing lr to 0.00015572957999625617
Epoch 66: reducing lr to 0.00013511787734273115
Epoch 69: reducing lr to 0.00011498278676702607
Epoch 72: reducing lr to 9.564196992704913e-05
Epoch 75: reducing lr to 7.740035538175821e-05
Epoch 78: reducing lr to 6.05456780342187e-05
Epoch 81: reducing lr to 4.534369633472177e-05
Epoch 84: reducing lr to 3.203419940499479e-05
Epoch 87: reducing lr to 2.0827031532573904e-05
Epoch 90: reducing lr to 1.1899002824839562e-05
Epoch 93: reducing lr to 5.390868891626309e-06
Epoch 96: reducing lr to 1.4052860675344004e-06
Epoch 99: reducing lr to 5.097579580020176e-09
[I 2024-06-20 23:53:20,292] Trial 217 finished with value: 1.0820434093475342 and parameters: {'hidden_size': 180, 'n_layers': 3, 'rnn_dropout': 0.7582112528812855, 'bidirectional': True, 'fc_dropout': 0.3744396438931783, 'learning_rate_model': 0.003306831655210467}. Best is trial 115 with value: 0.9733659029006958.
Epoch 53: reducing lr to 1.3087003035264048e-05
Epoch 56: reducing lr to 1.1925756664984218e-05
Epoch 59: reducing lr to 1.0728987603031168e-05
Epoch 62: reducing lr to 9.51556522332467e-06
Epoch 65: reducing lr to 8.304629496722868e-06
Epoch 68: reducing lr to 7.1152722725357505e-06
Epoch 71: reducing lr to 5.9662574687233494e-06
Epoch 74: reducing lr to 4.875700541646808e-06
Epoch 77: reducing lr to 3.860803438585539e-06
Epoch 80: reducing lr to 2.93756868962381e-06
Epoch 83: reducing lr to 2.12055897836287e-06
Epoch 86: reducing lr to 1.422655672638729e-06
Epoch 89: reducing lr to 8.548692578684954e-07
Epoch 92: reducing lr to 4.26151253003155e-07
Epoch 95: reducing lr to 1.4326406020102356e-07
Epoch 98: reducing lr to 1.0668226571691991e-08
[I 2024-06-20 23:53:24,436] Trial 218 finished with value: 1.0925781726837158 and parameters: {'hidden_size': 45, 'n_layers': 1, 'rnn_dropout': 0.2124096139779087, 'bidirectional': False, 'fc_dropout': 0.4411750686502212, 'learning_rate_model': 0.00019346062318522451}. Best is trial 115 with value: 0.9733659029006958.
Epoch 7: reducing lr to 0.0007764695195867614
Epoch 16: reducing lr to 0.0023294215082641746
Epoch 19: reducing lr to 0.0027304973657630914
Epoch 22: reducing lr to 0.0029685890753563945
Epoch 25: reducing lr to 0.0030182429350212535
Epoch 28: reducing lr to 0.0029993040575343384
Epoch 31: reducing lr to 0.0029568726005586433
Epoch 34: reducing lr to 0.0028916177898821367
Epoch 37: reducing lr to 0.0028045686538590844
Epoch 40: reducing lr to 0.002697097995320918
Epoch 43: reducing lr to 0.0025709007700128847
Epoch 46: reducing lr to 0.0024279670342237476
Epoch 49: reducing lr to 0.0022705511501195045
Epoch 52: reducing lr to 0.002101135558670298
Epoch 55: reducing lr to 0.0019223917719306185
Epoch 58: reducing lr to 0.001737139356743092
Epoch 61: reducing lr to 0.0015482990347841785
Epoch 64: reducing lr to 0.0013588499087704969
Epoch 67: reducing lr to 0.0011717784467618053
Epoch 70: reducing lr to 0.0009900361267036085
Epoch 73: reducing lr to 0.0008164885655525245
Epoch 76: reducing lr to 0.0006538724739331067
Epoch 79: reducing lr to 0.0005047528838628239
Epoch 82: reducing lr to 0.00037148105905013826
Epoch 85: reducing lr to 0.0002561591684395053
Epoch 88: reducing lr to 0.00016060543898244704
Epoch 91: reducing lr to 8.632737599683221e-05
Epoch 94: reducing lr to 3.4496011559143755e-05
Epoch 97: reducing lr to 5.928909958178435e-06
[I 2024-06-20 23:54:08,865] Trial 219 finished with value: 1.1854342222213745 and parameters: {'hidden_size': 160, 'n_layers': 2, 'rnn_dropout': 0.1959045110095069, 'bidirectional': True, 'fc_dropout': 0.07035094701648266, 'learning_rate_model': 0.030192892524910118}. Best is trial 115 with value: 0.9733659029006958.
Epoch 15: reducing lr to 0.0019866738444177696
Epoch 18: reducing lr to 0.0023932325479414365
Epoch 21: reducing lr to 0.0026656647476480263
Epoch 24: reducing lr to 0.002765708147691643
Epoch 27: reducing lr to 0.002755724766544887
Epoch 30: reducing lr to 0.002723977200282872
Epoch 33: reducing lr to 0.0026710805625813766
Epoch 36: reducing lr to 0.0025978690630249135
Epoch 39: reducing lr to 0.0025054972717403062
Epoch 42: reducing lr to 0.0023954219593089834
Epoch 45: reducing lr to 0.0022693790797321325
Epoch 48: reducing lr to 0.0021293564596642765
Epoch 51: reducing lr to 0.001977562294452807
Epoch 54: reducing lr to 0.001816390590715358
Epoch 57: reducing lr to 0.001648382627452974
Epoch 60: reducing lr to 0.0014761887356269233
Epoch 63: reducing lr to 0.0013025238832295558
Epoch 66: reducing lr to 0.0011301273803886198
Epoch 69: reducing lr to 0.0009617172660964172
Epoch 72: reducing lr to 0.0007999504658787321
Epoch 75: reducing lr to 0.000647377405484681
Epoch 78: reducing lr to 0.0005064047027404355
Epoch 81: reducing lr to 0.00037925516418463
Epoch 84: reducing lr to 0.000267934388612278
Epoch 87: reducing lr to 0.0001741975159029182
Epoch 90: reducing lr to 9.95233876977135e-05
Epoch 93: reducing lr to 4.508928543229436e-05
Epoch 96: reducing lr to 1.1753827794162841e-05
Epoch 99: reducing lr to 4.263621047329025e-08
[I 2024-06-20 23:54:17,523] Trial 220 finished with value: 1.1649038791656494 and parameters: {'hidden_size': 32, 'n_layers': 5, 'rnn_dropout': 0.09632070148617872, 'bidirectional': False, 'fc_dropout': 0.7256872441762966, 'learning_rate_model': 0.02765837555610633}. Best is trial 115 with value: 0.9733659029006958.
Epoch 6: reducing lr to 0.0003556796079810656
Epoch 10: reducing lr to 0.0007210261329337461
Epoch 15: reducing lr to 0.0012229687336220714
Epoch 18: reducing lr to 0.001473240605972153
Epoch 22: reducing lr to 0.0016740206580657126
Epoch 25: reducing lr to 0.0017020210261603406
Epoch 28: reducing lr to 0.0016913411808368965
Epoch 31: reducing lr to 0.001667413606583255
Epoch 34: reducing lr to 0.0016306156873234043
Epoch 37: reducing lr to 0.0015815277036819275
Epoch 40: reducing lr to 0.0015209237945648605
Epoch 43: reducing lr to 0.0014497597645177383
Epoch 46: reducing lr to 0.00136915782859072
Epoch 49: reducing lr to 0.0012803892468810593
Epoch 52: reducing lr to 0.0011848538956804745
Epoch 55: reducing lr to 0.0010840582705846727
Epoch 58: reducing lr to 0.0009795923569441145
Epoch 61: reducing lr to 0.0008731031824540247
Epoch 64: reducing lr to 0.0007662706965326369
Epoch 67: reducing lr to 0.0006607790019977482
Epoch 70: reducing lr to 0.0005582924703494812
Epoch 73: reducing lr to 0.00046042705511380785
Epoch 76: reducing lr to 0.0003687260180909825
Epoch 79: reducing lr to 0.00028463580959017294
Epoch 82: reducing lr to 0.0002094823335747141
Epoch 85: reducing lr to 0.00014445102667811453
Epoch 88: reducing lr to 9.056720746102274e-05
Epoch 91: reducing lr to 4.868097507161814e-05
Epoch 94: reducing lr to 1.9452687625331684e-05
Epoch 97: reducing lr to 3.3433787896729877e-06
[I 2024-06-20 23:54:22,704] Trial 221 finished with value: 1.2486010789871216 and parameters: {'hidden_size': 78, 'n_layers': 1, 'rnn_dropout': 0.6406874841040265, 'bidirectional': False, 'fc_dropout': 0.5357172799004265, 'learning_rate_model': 0.017026110563109636}. Best is trial 115 with value: 0.9733659029006958.
Epoch 15: reducing lr to 8.660728975363162e-05
Epoch 18: reducing lr to 0.0001043308569797629
Epoch 22: reducing lr to 0.0001185495493063566
Epoch 27: reducing lr to 0.00012013338475664946
Epoch 30: reducing lr to 0.00011874937767468543
Epoch 33: reducing lr to 0.00011644339552201409
Epoch 36: reducing lr to 0.000113251804927916
Epoch 39: reducing lr to 0.00010922493835627069
Epoch 42: reducing lr to 0.00010442630243258941
Epoch 45: reducing lr to 9.893157453673108e-05
Epoch 48: reducing lr to 9.282741221418665e-05
Epoch 51: reducing lr to 8.62100797887763e-05
Epoch 54: reducing lr to 7.918394186236363e-05
Epoch 57: reducing lr to 7.185978324615797e-05
Epoch 60: reducing lr to 6.435314277515765e-05
Epoch 63: reducing lr to 5.678237707858282e-05
Epoch 66: reducing lr to 4.926690395952464e-05
Epoch 69: reducing lr to 4.192521392473107e-05
Epoch 72: reducing lr to 3.48731332934099e-05
Epoch 75: reducing lr to 2.8221845621165687e-05
Epoch 78: reducing lr to 2.2076265284348217e-05
Epoch 81: reducing lr to 1.653329356874156e-05
Epoch 84: reducing lr to 1.1680362780588363e-05
Epoch 87: reducing lr to 7.593986691151276e-06
Epoch 90: reducing lr to 4.3386340942768015e-06
Epoch 93: reducing lr to 1.965627533272022e-06
Epoch 96: reducing lr to 5.123977306811973e-07
Epoch 99: reducing lr to 1.8586878992952333e-09
[I 2024-06-20 23:55:13,854] Trial 222 finished with value: 1.0926882028579712 and parameters: {'hidden_size': 182, 'n_layers': 4, 'rnn_dropout': 0.4462602429719284, 'bidirectional': False, 'fc_dropout': 0.5463254941038999, 'learning_rate_model': 0.0012057424285486997}. Best is trial 115 with value: 0.9733659029006958.
Epoch 14: reducing lr to 0.0006145774586013375
Epoch 17: reducing lr to 0.0007620430058999986
Epoch 23: reducing lr to 0.0009241120159543906
Epoch 26: reducing lr to 0.0009269968014616334
Epoch 29: reducing lr to 0.0009187490744865061
Epoch 32: reducing lr to 0.0009033332980240988
Epoch 35: reducing lr to 0.0008809925878526014
Epoch 38: reducing lr to 0.0008520792643304994
Epoch 41: reducing lr to 0.0008170493115166224
Epoch 44: reducing lr to 0.0007764551728735916
Epoch 47: reducing lr to 0.0007309370602142196
Epoch 50: reducing lr to 0.0006812128069440081
Epoch 53: reducing lr to 0.000628066634580615
Epoch 56: reducing lr to 0.0005723365260343468
Epoch 59: reducing lr to 0.0005149016255391253
Epoch 62: reducing lr to 0.00045666750514551874
Epoch 65: reducing lr to 0.000398552723292801
Epoch 68: reducing lr to 0.00034147352898861226
Epoch 71: reducing lr to 0.00028633043327990095
Epoch 74: reducing lr to 0.00023399282648314958
Epoch 77: reducing lr to 0.00018528625812309682
Epoch 80: reducing lr to 0.00014097871573575202
Epoch 83: reducing lr to 0.0001017690862744728
Epoch 86: reducing lr to 6.827556760501657e-05
Epoch 89: reducing lr to 4.102657089244434e-05
Epoch 92: reducing lr to 2.045169414072838e-05
Epoch 95: reducing lr to 6.87547606616698e-06
Epoch 98: reducing lr to 5.119856044788485e-07
[I 2024-06-20 23:57:06,194] Trial 223 finished with value: 1.1631786823272705 and parameters: {'hidden_size': 169, 'n_layers': 4, 'rnn_dropout': 0.6598868499081856, 'bidirectional': True, 'fc_dropout': 0.7758964562757713, 'learning_rate_model': 0.00928449104813407}. Best is trial 115 with value: 0.9733659029006958.
Epoch 20: reducing lr to 7.411040794764217e-06
Epoch 23: reducing lr to 7.869378434221841e-06
Epoch 26: reducing lr to 7.893944145376034e-06
Epoch 29: reducing lr to 7.82370971094723e-06
Epoch 32: reducing lr to 7.692434955565151e-06
Epoch 35: reducing lr to 7.502190158621119e-06
Epoch 38: reducing lr to 7.255975543230015e-06
Epoch 41: reducing lr to 6.957674092252089e-06
Epoch 44: reducing lr to 6.611990199306101e-06
Epoch 47: reducing lr to 6.2243756591378215e-06
Epoch 50: reducing lr to 5.800943261780378e-06
Epoch 58: reducing lr to 4.548873441289286e-06
Epoch 65: reducing lr to 3.3939199484833316e-06
Epoch 68: reducing lr to 2.907855734464595e-06
Epoch 71: reducing lr to 2.4382785829131096e-06
Epoch 74: reducing lr to 1.9925918835579682e-06
Epoch 99: reducing lr to 1.2187814720128475e-10
[I 2024-06-20 23:57:21,304] Trial 224 finished with value: 1.1078438758850098 and parameters: {'hidden_size': 64, 'n_layers': 5, 'rnn_dropout': 0.7642098028305495, 'bidirectional': False, 'fc_dropout': 0.4953078651359258, 'learning_rate_model': 7.906311395751618e-05}. Best is trial 115 with value: 0.9733659029006958.
Epoch 55: reducing lr to 2.7724404233418027e-05
Epoch 58: reducing lr to 2.505272569272287e-05
Epoch 61: reducing lr to 2.2329302976290912e-05
Epoch 64: reducing lr to 1.9597100192257864e-05
Epoch 67: reducing lr to 1.689918767047422e-05
Epoch 72: reducing lr to 1.25939356776594e-05
Epoch 75: reducing lr to 1.0191917814421336e-05
Epoch 78: reducing lr to 7.972528956741785e-06
Epoch 81: reducing lr to 5.97076362461353e-06
Epoch 84: reducing lr to 4.2181967508567696e-06
Epoch 87: reducing lr to 2.742460194806579e-06
Epoch 90: reducing lr to 1.5668359436617555e-06
Epoch 93: reducing lr to 7.098584033727228e-07
Epoch 96: reducing lr to 1.850451465683757e-07
Epoch 99: reducing lr to 6.712386768268317e-10
[I 2024-06-20 23:59:03,846] Trial 225 finished with value: 0.977317750453949 and parameters: {'hidden_size': 157, 'n_layers': 4, 'rnn_dropout': 0.5329504721787962, 'bidirectional': True, 'fc_dropout': 0.5000968546443917, 'learning_rate_model': 0.0004354367145964692}. Best is trial 115 with value: 0.9733659029006958.
Epoch 8: reducing lr to 0.002173029772709269
Epoch 11: reducing lr to 0.003391521098591789
Epoch 14: reducing lr to 0.004646315485510583
Epoch 17: reducing lr to 0.00576118139281604
Epoch 20: reducing lr to 0.006579538890142407
Epoch 23: reducing lr to 0.006986452089939933
Epoch 26: reducing lr to 0.0070082615842308295
Epoch 29: reducing lr to 0.006945907293443773
Epoch 32: reducing lr to 0.006829361266745266
Epoch 35: reducing lr to 0.006660461502892283
Epoch 38: reducing lr to 0.0064418716067967535
Epoch 41: reducing lr to 0.0061770388994823126
Epoch 44: reducing lr to 0.005870139952314081
Epoch 47: reducing lr to 0.005526014881079335
Epoch 50: reducing lr to 0.0051500906346863325
Epoch 53: reducing lr to 0.004748296068042735
Epoch 56: reducing lr to 0.004326966481798212
Epoch 59: reducing lr to 0.003892748363569418
Epoch 62: reducing lr to 0.0034524879999926657
Epoch 65: reducing lr to 0.0030131298571251
Epoch 68: reducing lr to 0.002581600941307746
Epoch 71: reducing lr to 0.002164709277084545
Epoch 74: reducing lr to 0.0017690276107121157
Epoch 77: reducing lr to 0.0014007972442219047
Epoch 80: reducing lr to 0.001065824300717353
Epoch 83: reducing lr to 0.000769392490540518
Epoch 86: reducing lr to 0.0005161755001024087
Epoch 89: reducing lr to 0.0003101682123011512
Epoch 92: reducing lr to 0.00015461846486731075
Epoch 95: reducing lr to 5.197982852997995e-05
Epoch 98: reducing lr to 3.870702722910679e-06
