[I 2024-06-21 02:18:37,685] Trial 589 finished with value: 0.9693305492401123 and parameters: {'hidden_size': 132, 'n_layers': 2, 'rnn_dropout': 0.5247158973641777, 'bidirectional': True, 'fc_dropout': 0.12687338388732436, 'learning_rate_model': 0.0007697997251822507}. Best is trial 573 with value: 0.9682168960571289.
Epoch 35: reducing lr to 6.964517988741737e-05
Epoch 40: reducing lr to 6.556452465421505e-05
Epoch 49: reducing lr to 5.5195475699782045e-05
Epoch 53: reducing lr to 4.96506035916504e-05
Epoch 58: reducing lr to 4.222861623143872e-05
Epoch 65: reducing lr to 3.1506821386550945e-05
Epoch 68: reducing lr to 2.6994535119950504e-05
Epoch 72: reducing lr to 2.122820818374199e-05
Epoch 79: reducing lr to 1.2270181860549168e-05
Epoch 82: reducing lr to 9.030439048533225e-06
Epoch 85: reducing lr to 6.227046308177173e-06
Epoch 88: reducing lr to 3.904203437188325e-06
Epoch 91: reducing lr to 2.0985568124322165e-06
Epoch 94: reducing lr to 8.385733867532141e-07
Epoch 97: reducing lr to 1.4412756369994738e-07
[I 2024-06-21 02:19:12,904] Trial 590 finished with value: 0.9706850051879883 and parameters: {'hidden_size': 133, 'n_layers': 2, 'rnn_dropout': 0.5267751474727412, 'bidirectional': True, 'fc_dropout': 0.12778243136757766, 'learning_rate_model': 0.0007339676384639451}. Best is trial 573 with value: 0.9682168960571289.
Epoch 40: reducing lr to 6.763643859514287e-05
Epoch 61: reducing lr to 3.882744815901234e-05
Epoch 65: reducing lr to 3.250247296504402e-05
Epoch 72: reducing lr to 2.1899043833184703e-05
Epoch 75: reducing lr to 1.772228004611419e-05
Epoch 78: reducing lr to 1.3863081847776326e-05
Epoch 81: reducing lr to 1.0382299678165206e-05
Epoch 84: reducing lr to 7.334837806729025e-06
Epoch 87: reducing lr to 4.768744064920867e-06
Epoch 90: reducing lr to 2.7245024818194878e-06
Epoch 93: reducing lr to 1.2343417251518656e-06
Epoch 96: reducing lr to 3.217669106415585e-07
Epoch 99: reducing lr to 1.1671875720488736e-09
[I 2024-06-21 02:19:46,991] Trial 591 finished with value: 0.9694564342498779 and parameters: {'hidden_size': 132, 'n_layers': 2, 'rnn_dropout': 0.5292155610970998, 'bidirectional': True, 'fc_dropout': 0.10063858533367358, 'learning_rate_model': 0.0007571618550062525}. Best is trial 573 with value: 0.9682168960571289.
Epoch 35: reducing lr to 7.398470740960712e-05
Epoch 40: reducing lr to 6.964979027742378e-05
Epoch 61: reducing lr to 3.9983235035041566e-05
Epoch 65: reducing lr to 3.346998263855247e-05
Epoch 72: reducing lr to 2.25509184389102e-05
Epoch 75: reducing lr to 1.8249823824080935e-05
Epoch 78: reducing lr to 1.4275747856507046e-05
Epoch 81: reducing lr to 1.0691352327257223e-05
Epoch 84: reducing lr to 7.553175855629427e-06
Epoch 87: reducing lr to 4.910696525530845e-06
Epoch 90: reducing lr to 2.8056034647967918e-06
Epoch 93: reducing lr to 1.2710847003951222e-06
Epoch 96: reducing lr to 3.3134503102012507e-07
Epoch 99: reducing lr to 1.2019315519316668e-09
[I 2024-06-21 02:20:21,116] Trial 592 finished with value: 0.9693379402160645 and parameters: {'hidden_size': 132, 'n_layers': 2, 'rnn_dropout': 0.5224486356705126, 'bidirectional': True, 'fc_dropout': 0.10584361027819211, 'learning_rate_model': 0.000779700491371492}. Best is trial 573 with value: 0.9682168960571289.
Epoch 40: reducing lr to 7.061422337155896e-05
Epoch 65: reducing lr to 3.3933437859137865e-05
Epoch 72: reducing lr to 2.286317856143175e-05
Epoch 75: reducing lr to 1.8502527155820704e-05
Epoch 78: reducing lr to 1.4473422589216304e-05
Epoch 81: reducing lr to 1.0839394323714012e-05
Epoch 84: reducing lr to 7.657763862742978e-06
Epoch 87: reducing lr to 4.978694407873523e-06
Epoch 90: reducing lr to 2.844452351773955e-06
Epoch 93: reducing lr to 1.2886852724230891e-06
Epoch 96: reducing lr to 3.3593312973831694e-07
Epoch 99: reducing lr to 1.2185745678250545e-09
[I 2024-06-21 02:20:55,266] Trial 593 finished with value: 0.9689255356788635 and parameters: {'hidden_size': 132, 'n_layers': 2, 'rnn_dropout': 0.5522820048303185, 'bidirectional': True, 'fc_dropout': 0.11093368729752329, 'learning_rate_model': 0.0007904969195358403}. Best is trial 573 with value: 0.9682168960571289.
Epoch 40: reducing lr to 7.106250001889472e-05
Epoch 65: reducing lr to 3.414885575980683e-05
Epoch 72: reducing lr to 2.30083197035927e-05
Epoch 75: reducing lr to 1.8619985798635575e-05
Epoch 78: reducing lr to 1.4565303474454224e-05
Epoch 81: reducing lr to 1.0908205493965324e-05
Epoch 84: reducing lr to 7.706377251754087e-06
Epoch 87: reducing lr to 5.010300397866886e-06
Epoch 90: reducing lr to 2.8625096425417027e-06
Epoch 93: reducing lr to 1.2968661669484424e-06
Epoch 96: reducing lr to 3.3806571677159543e-07
Epoch 99: reducing lr to 1.2263103821579142e-09
[I 2024-06-21 02:21:29,368] Trial 594 finished with value: 0.9689570665359497 and parameters: {'hidden_size': 132, 'n_layers': 2, 'rnn_dropout': 0.5555852892442996, 'bidirectional': True, 'fc_dropout': 0.10275613533949088, 'learning_rate_model': 0.0007955151905285578}. Best is trial 573 with value: 0.9682168960571289.
Epoch 35: reducing lr to 7.273403294561717e-05
Epoch 40: reducing lr to 6.847239541878144e-05
Epoch 49: reducing lr to 5.764346584338804e-05
Epoch 52: reducing lr to 5.3342438818066145e-05
Epoch 65: reducing lr to 3.290418932717974e-05
Epoch 68: reducing lr to 2.8191777376984363e-05
Epoch 71: reducing lr to 2.3639208155287608e-05
Epoch 74: reducing lr to 1.9318257820928412e-05
Epoch 79: reducing lr to 1.2814380164378547e-05
Epoch 82: reducing lr to 9.430950603202758e-06
Epoch 85: reducing lr to 6.5032237990481406e-06
Epoch 88: reducing lr to 4.0773598673431164e-06
Epoch 91: reducing lr to 2.1916304987715392e-06
Epoch 94: reducing lr to 8.75765192049488e-07
Epoch 97: reducing lr to 1.5051980601484212e-07
[I 2024-06-21 02:22:04,553] Trial 595 finished with value: 0.9707068800926208 and parameters: {'hidden_size': 133, 'n_layers': 2, 'rnn_dropout': 0.5503922551231922, 'bidirectional': True, 'fc_dropout': 0.10357256094424859, 'learning_rate_model': 0.000766520044651335}. Best is trial 573 with value: 0.9682168960571289.
Epoch 40: reducing lr to 7.006401016315713e-05
Epoch 65: reducing lr to 3.3669034672001766e-05
Epoch 72: reducing lr to 2.2685032824922577e-05
Epoch 75: reducing lr to 1.8358358823381784e-05
Epoch 78: reducing lr to 1.4360648308070891e-05
Epoch 81: reducing lr to 1.0754935731050569e-05
Epoch 84: reducing lr to 7.598095957002035e-06
Epoch 87: reducing lr to 4.939901324936188e-06
Epoch 90: reducing lr to 2.822288895463164e-06
Epoch 93: reducing lr to 1.2786440707429516e-06
Epoch 96: reducing lr to 3.3331559978050634e-07
Epoch 99: reducing lr to 1.209079656012968e-09
[I 2024-06-21 02:22:38,631] Trial 596 finished with value: 0.9693437814712524 and parameters: {'hidden_size': 132, 'n_layers': 2, 'rnn_dropout': 0.5320771017386761, 'bidirectional': True, 'fc_dropout': 0.14381964582797463, 'learning_rate_model': 0.0007843375110546197}. Best is trial 573 with value: 0.9682168960571289.
Epoch 35: reducing lr to 7.57760843046207e-05
Epoch 40: reducing lr to 7.133620669257226e-05
Epoch 61: reducing lr to 4.0951341092866837e-05
Epoch 65: reducing lr to 3.428038462126577e-05
Epoch 72: reducing lr to 2.309693930818452e-05
Epoch 75: reducing lr to 1.8691703151325283e-05
Epoch 78: reducing lr to 1.4621403678697482e-05
Epoch 81: reducing lr to 1.09502198987604e-05
Epoch 84: reducing lr to 7.736059389071531e-06
Epoch 87: reducing lr to 5.029598236468971e-06
Epoch 90: reducing lr to 2.873534979286427e-06
Epoch 93: reducing lr to 1.3018612195382878e-06
Epoch 96: reducing lr to 3.3936782185933466e-07
Epoch 99: reducing lr to 1.2310336797573088e-09
[I 2024-06-21 02:23:12,765] Trial 597 finished with value: 0.9692474007606506 and parameters: {'hidden_size': 132, 'n_layers': 2, 'rnn_dropout': 0.5254115691296489, 'bidirectional': True, 'fc_dropout': 0.15440050729213584, 'learning_rate_model': 0.0007985792231280531}. Best is trial 573 with value: 0.9682168960571289.
Epoch 35: reducing lr to 7.477173940573154e-05
Epoch 40: reducing lr to 7.039070843998679e-05
Epoch 65: reducing lr to 3.382602847786939e-05
Epoch 72: reducing lr to 2.2790809829642524e-05
Epoch 75: reducing lr to 1.844396117727294e-05
Epoch 78: reducing lr to 1.4427609919966621e-05
Epoch 81: reducing lr to 1.0805084430255284e-05
Epoch 84: reducing lr to 7.633524772032166e-06
Epoch 87: reducing lr to 4.9629353654772275e-06
Epoch 90: reducing lr to 2.835448817607451e-06
Epoch 93: reducing lr to 1.2846062018516034e-06
Epoch 96: reducing lr to 3.3486980188563886e-07
Epoch 99: reducing lr to 1.2147174183944724e-09
[I 2024-06-21 02:23:46,885] Trial 598 finished with value: 0.9693479537963867 and parameters: {'hidden_size': 132, 'n_layers': 2, 'rnn_dropout': 0.5289767510555485, 'bidirectional': True, 'fc_dropout': 0.1545376192349466, 'learning_rate_model': 0.0007879947626552305}. Best is trial 573 with value: 0.9682168960571289.
Epoch 35: reducing lr to 7.364810048461487e-05
Epoch 40: reducing lr to 6.93329058488372e-05
Epoch 61: reducing lr to 3.980132401224228e-05
Epoch 65: reducing lr to 3.331770484588469e-05
Epoch 72: reducing lr to 2.2448318921020017e-05
Epoch 75: reducing lr to 1.8166792920882743e-05
Epoch 78: reducing lr to 1.4210797737000062e-05
Epoch 81: reducing lr to 1.0642710069189447e-05
Epoch 84: reducing lr to 7.518811303984811e-06
Epoch 87: reducing lr to 4.88835441572324e-06
Epoch 90: reducing lr to 2.792838859946704e-06
Epoch 93: reducing lr to 1.26530166863918e-06
Epoch 96: reducing lr to 3.2983751634705966e-07
Epoch 99: reducing lr to 1.196463145052007e-09
[I 2024-06-21 02:24:21,008] Trial 599 finished with value: 0.9694134593009949 and parameters: {'hidden_size': 132, 'n_layers': 2, 'rnn_dropout': 0.5177851010819996, 'bidirectional': True, 'fc_dropout': 0.16078592896037747, 'learning_rate_model': 0.0007761531017283532}. Best is trial 573 with value: 0.9682168960571289.
Epoch 40: reducing lr to 7.146638297866591e-05
Epoch 65: reducing lr to 3.434294041674126e-05
Epoch 72: reducing lr to 2.313908724285432e-05
Epoch 75: reducing lr to 1.8725812289024327e-05
Epoch 78: reducing lr to 1.4648085221165415e-05
Epoch 81: reducing lr to 1.0970202163369346e-05
Epoch 84: reducing lr to 7.750176364545286e-06
Epoch 87: reducing lr to 5.038776386658386e-06
Epoch 90: reducing lr to 2.8787786855179055e-06
Epoch 93: reducing lr to 1.3042368919552353e-06
Epoch 96: reducing lr to 3.399871096616781e-07
Epoch 99: reducing lr to 1.2332801041254476e-09
[I 2024-06-21 02:24:55,121] Trial 600 finished with value: 0.9693385362625122 and parameters: {'hidden_size': 132, 'n_layers': 2, 'rnn_dropout': 0.5305107027959324, 'bidirectional': True, 'fc_dropout': 0.1550166965870693, 'learning_rate_model': 0.0008000364926162718}. Best is trial 573 with value: 0.9682168960571289.
Epoch 40: reducing lr to 7.310166721140195e-05
Epoch 65: reducing lr to 3.5128770993700164e-05
Epoch 72: reducing lr to 2.3668552747488e-05
Epoch 75: reducing lr to 1.9154293825449055e-05
Epoch 78: reducing lr to 1.4983260751303784e-05
Epoch 81: reducing lr to 1.1221220864470264e-05
Epoch 84: reducing lr to 7.927514865272931e-06
Epoch 87: reducing lr to 5.154072995132962e-06
Epoch 90: reducing lr to 2.9446505150096694e-06
Epoch 93: reducing lr to 1.3340802663681212e-06
Epoch 96: reducing lr to 3.477666493080121e-07
Epoch 99: reducing lr to 1.261499854782796e-09
[I 2024-06-21 02:25:29,243] Trial 601 finished with value: 0.9693262577056885 and parameters: {'hidden_size': 132, 'n_layers': 2, 'rnn_dropout': 0.5309232333833523, 'bidirectional': True, 'fc_dropout': 0.1559791824290816, 'learning_rate_model': 0.0008183428208150754}. Best is trial 573 with value: 0.9682168960571289.
Epoch 35: reducing lr to 7.707108216262103e-05
Epoch 40: reducing lr to 7.255532794583446e-05
Epoch 65: reducing lr to 3.486622941732975e-05
Epoch 72: reducing lr to 2.34916613000233e-05
Epoch 75: reducing lr to 1.901114055384449e-05
Epoch 78: reducing lr to 1.4871280491660718e-05
Epoch 81: reducing lr to 1.1137356928123413e-05
Epoch 84: reducing lr to 7.868267069504556e-06
Epoch 87: reducing lr to 5.115553046652172e-06
Epoch 90: reducing lr to 2.9226431072296166e-06
Epoch 93: reducing lr to 1.324109762811381e-06
Epoch 96: reducing lr to 3.451675488631194e-07
Epoch 99: reducing lr to 1.2520717947899288e-09
[I 2024-06-21 02:26:03,360] Trial 602 finished with value: 0.9692258238792419 and parameters: {'hidden_size': 132, 'n_layers': 2, 'rnn_dropout': 0.5359370312516302, 'bidirectional': True, 'fc_dropout': 0.15794575868187313, 'learning_rate_model': 0.0008122267795158585}. Best is trial 573 with value: 0.9682168960571289.
Epoch 40: reducing lr to 7.233418238071344e-05
Epoch 43: reducing lr to 6.894966571605843e-05
Epoch 65: reducing lr to 3.475995862748658e-05
Epoch 72: reducing lr to 2.3420059711815976e-05
Epoch 75: reducing lr to 1.895319540301403e-05
Epoch 78: reducing lr to 1.4825953458877448e-05
Epoch 81: reducing lr to 1.110341073614061e-05
Epoch 84: reducing lr to 7.844284924886488e-06
Epoch 87: reducing lr to 5.099961057732311e-06
Epoch 90: reducing lr to 2.9137350148827946e-06
Epoch 93: reducing lr to 1.320073932362131e-06
Epoch 96: reducing lr to 3.4411549280031214e-07
Epoch 99: reducing lr to 1.248255533019358e-09
[I 2024-06-21 02:26:37,283] Trial 603 finished with value: 0.9685123562812805 and parameters: {'hidden_size': 131, 'n_layers': 2, 'rnn_dropout': 0.5681352428337189, 'bidirectional': True, 'fc_dropout': 0.15717810717756076, 'learning_rate_model': 0.0008097511467091742}. Best is trial 573 with value: 0.9682168960571289.
Epoch 36: reducing lr to 7.924513535911583e-05
Epoch 40: reducing lr to 7.536575044497108e-05
Epoch 43: reducing lr to 7.183938669922912e-05
Epoch 49: reducing lr to 6.34466347345631e-05
Epoch 53: reducing lr to 5.707286096353853e-05
Epoch 62: reducing lr to 4.149770039151932e-05
Epoch 65: reducing lr to 3.621676890751957e-05
Epoch 68: reducing lr to 3.102994199924248e-05
Epoch 71: reducing lr to 2.6019049744818127e-05
Epoch 74: reducing lr to 2.126309425950578e-05
Epoch 77: reducing lr to 1.6837093814695373e-05
Epoch 80: reducing lr to 1.2810835982996394e-05
Epoch 83: reducing lr to 9.247829118016657e-06
Epoch 88: reducing lr to 4.487841915812882e-06
Epoch 91: reducing lr to 2.4122695902164573e-06
Epoch 94: reducing lr to 9.639315304907597e-07
Epoch 97: reducing lr to 1.656731602240431e-07
[I 2024-06-21 02:27:10,065] Trial 604 finished with value: 0.9699022769927979 and parameters: {'hidden_size': 129, 'n_layers': 2, 'rnn_dropout': 0.5625981860098023, 'bidirectional': True, 'fc_dropout': 0.15202265096301165, 'learning_rate_model': 0.0008436882928213567}. Best is trial 573 with value: 0.9682168960571289.
Epoch 30: reducing lr to 8.78527363494364e-05
Epoch 36: reducing lr to 8.37855419056314e-05
Epoch 40: reducing lr to 7.96838848661276e-05
Epoch 49: reducing lr to 6.70818549206064e-05
Epoch 52: reducing lr to 6.207658907302299e-05
Epoch 55: reducing lr to 5.67957281818689e-05
Epoch 61: reducing lr to 4.574341838528528e-05
Epoch 65: reducing lr to 3.8291834511182864e-05
Epoch 72: reducing lr to 2.579971571133379e-05
Epoch 75: reducing lr to 2.0878984051967007e-05
Epoch 78: reducing lr to 1.6332382969780432e-05
Epoch 81: reducing lr to 1.2231601624571053e-05
Epoch 84: reducing lr to 8.641323869839105e-06
Epoch 87: reducing lr to 5.618155847911136e-06
Epoch 90: reducing lr to 3.2097926293590145e-06
Epoch 93: reducing lr to 1.4542034730894469e-06
Epoch 96: reducing lr to 3.7908024127001304e-07
Epoch 99: reducing lr to 1.3750877787236e-09
[I 2024-06-21 02:27:45,657] Trial 605 finished with value: 0.9727264642715454 and parameters: {'hidden_size': 134, 'n_layers': 2, 'rnn_dropout': 0.5398525197458426, 'bidirectional': True, 'fc_dropout': 0.15516318080241534, 'learning_rate_model': 0.0008920280152609117}. Best is trial 573 with value: 0.9682168960571289.
Epoch 36: reducing lr to 7.577613269716742e-05
Epoch 40: reducing lr to 7.206657015171326e-05
Epoch 53: reducing lr to 5.457446272482884e-05
Epoch 62: reducing lr to 3.968111401721946e-05
Epoch 65: reducing lr to 3.4631358431810126e-05
Epoch 72: reducing lr to 2.333341334108893e-05
Epoch 75: reducing lr to 1.8883074932974287e-05
Epoch 78: reducing lr to 1.477110240061428e-05
Epoch 81: reducing lr to 1.1062331838186614e-05
Epoch 84: reducing lr to 7.815263700002614e-06
Epoch 87: reducing lr to 5.081092911282681e-06
Epoch 90: reducing lr to 2.902955171987147e-06
Epoch 93: reducing lr to 1.315190101290045e-06
Epoch 96: reducing lr to 3.428423808215608e-07
Epoch 99: reducing lr to 1.2436374059471983e-09
[I 2024-06-21 02:28:18,749] Trial 606 finished with value: 0.9700591564178467 and parameters: {'hidden_size': 130, 'n_layers': 2, 'rnn_dropout': 0.552888082503937, 'bidirectional': True, 'fc_dropout': 0.16893986605172798, 'learning_rate_model': 0.0008067553388881116}. Best is trial 573 with value: 0.9682168960571289.
Epoch 40: reducing lr to 7.20805483631187e-05
Epoch 52: reducing lr to 5.6153318684359584e-05
Epoch 61: reducing lr to 4.137863868904468e-05
Epoch 65: reducing lr to 3.463807561632992e-05
Epoch 72: reducing lr to 2.3337939148044997e-05
Epoch 77: reducing lr to 1.6103162880208512e-05
Epoch 80: reducing lr to 1.2252410109265621e-05
Epoch 83: reducing lr to 8.84471513995966e-06
Epoch 86: reducing lr to 5.933805329221106e-06
Epoch 89: reducing lr to 3.5656047037149255e-06
Epoch 92: reducing lr to 1.777449473374087e-06
Epoch 95: reducing lr to 5.975451827566433e-07
Epoch 98: reducing lr to 4.449648702909218e-08
[I 2024-06-21 02:28:55,128] Trial 607 finished with value: 0.9666209816932678 and parameters: {'hidden_size': 135, 'n_layers': 2, 'rnn_dropout': 0.5358749094999582, 'bidirectional': True, 'fc_dropout': 0.13275835994188576, 'learning_rate_model': 0.0008069118191626094}. Best is trial 607 with value: 0.9666209816932678.
Epoch 36: reducing lr to 7.617322120946491e-05
Epoch 40: reducing lr to 7.244421949998878e-05
Epoch 43: reducing lr to 6.905455419811053e-05
Epoch 49: reducing lr to 6.098714477211181e-05
Epoch 53: reducing lr to 5.486044844937672e-05
Epoch 62: reducing lr to 3.988905435371532e-05
Epoch 65: reducing lr to 3.4812836611139826e-05
Epoch 68: reducing lr to 2.9827075508342418e-05
Epoch 71: reducing lr to 2.5010429004764292e-05
Epoch 74: reducing lr to 2.0438836722117102e-05
Epoch 77: reducing lr to 1.6184408870768243e-05
Epoch 80: reducing lr to 1.2314227728790208e-05
Epoch 83: reducing lr to 8.889339767314565e-06
Epoch 88: reducing lr to 4.313872056084501e-06
Epoch 91: reducing lr to 2.3187586755921445e-06
Epoch 94: reducing lr to 9.265650108376583e-07
Epoch 97: reducing lr to 1.5925088934517053e-07
[I 2024-06-21 02:29:27,914] Trial 608 finished with value: 0.9698081016540527 and parameters: {'hidden_size': 129, 'n_layers': 2, 'rnn_dropout': 0.535391471113744, 'bidirectional': True, 'fc_dropout': 0.13459013701739772, 'learning_rate_model': 0.0008109829665843862}. Best is trial 607 with value: 0.9666209816932678.
Epoch 40: reducing lr to 7.126065819588966e-05
Epoch 61: reducing lr to 4.0907971639960045e-05
Epoch 65: reducing lr to 3.424408003424169e-05
Epoch 72: reducing lr to 2.3072478531201764e-05
Epoch 77: reducing lr to 1.591999522670706e-05
Epoch 80: reducing lr to 1.2113043375776875e-05
Epoch 83: reducing lr to 8.744109704237073e-06
Epoch 86: reducing lr to 5.866310439765342e-06
Epoch 89: reducing lr to 3.5250472398333467e-06
Epoch 92: reducing lr to 1.757231628489995e-06
Epoch 95: reducing lr to 5.907483224254863e-07
[I 2024-06-21 02:30:04,324] Trial 609 finished with value: 0.9664782285690308 and parameters: {'hidden_size': 135, 'n_layers': 2, 'rnn_dropout': 0.574024194981266, 'bidirectional': True, 'fc_dropout': 0.14240294980476184, 'learning_rate_model': 0.0007977334890669572}. Best is trial 609 with value: 0.9664782285690308.
Epoch 40: reducing lr to 7.267530086485505e-05
Epoch 52: reducing lr to 5.661665210130414e-05
Epoch 61: reducing lr to 4.172006296282762e-05
Epoch 65: reducing lr to 3.492388201758485e-05
Epoch 72: reducing lr to 2.3530505631082082e-05
Epoch 77: reducing lr to 1.6236033628647107e-05
Epoch 80: reducing lr to 1.2353507447316865e-05
Epoch 83: reducing lr to 8.917694835260202e-06
Epoch 86: reducing lr to 5.982766465679068e-06
Epoch 89: reducing lr to 3.5950252945108523e-06
Epoch 92: reducing lr to 1.7921156009911213e-06
Epoch 95: reducing lr to 6.024756598467236e-07
Epoch 98: reducing lr to 4.486363735716837e-08
[I 2024-06-21 02:30:40,770] Trial 610 finished with value: 0.9665331840515137 and parameters: {'hidden_size': 135, 'n_layers': 2, 'rnn_dropout': 0.5780478410253818, 'bidirectional': True, 'fc_dropout': 0.14733553036597327, 'learning_rate_model': 0.0008135698265449887}. Best is trial 609 with value: 0.9664782285690308.
Epoch 36: reducing lr to 7.912247322522396e-05
Epoch 40: reducing lr to 7.524909314190701e-05
Epoch 43: reducing lr to 7.172818779181257e-05
Epoch 49: reducing lr to 6.33484268184616e-05
Epoch 52: reducing lr to 5.8621728106449956e-05
Epoch 55: reducing lr to 5.363477254152584e-05
Epoch 65: reducing lr to 3.6160709615845285e-05
Epoch 72: reducing lr to 2.4363837353795244e-05
Epoch 75: reducing lr to 1.9716968095549237e-05
Epoch 78: reducing lr to 1.542340724711242e-05
Epoch 83: reducing lr to 9.233514568002418e-06
Epoch 86: reducing lr to 6.194645851681252e-06
Epoch 89: reducing lr to 3.722342942029432e-06
Epoch 92: reducing lr to 1.8555832886171016e-06
Epoch 95: reducing lr to 6.23812306299815e-07
Epoch 98: reducing lr to 4.645248091165619e-08
