[I 2024-06-21 01:26:04,127] Trial 481 finished with value: 0.9771759510040283 and parameters: {'hidden_size': 151, 'n_layers': 1, 'rnn_dropout': 0.3313561625025014, 'bidirectional': True, 'fc_dropout': 0.5763220790590571, 'learning_rate_model': 0.0013420814566863122}. Best is trial 235 with value: 0.9706074595451355.
Epoch 27: reducing lr to 0.00019500830046536503
Epoch 31: reducing lr to 0.00019167780138099625
Epoch 34: reducing lr to 0.00018744769060867456
Epoch 40: reducing lr to 0.0001748380412989501
Epoch 46: reducing lr to 0.00015739176008381967
Epoch 49: reducing lr to 0.0001471873533867417
Epoch 52: reducing lr to 0.00013620507160615035
Epoch 55: reducing lr to 0.00012461809418740647
Epoch 58: reducing lr to 0.00011260919815415977
Epoch 61: reducing lr to 0.0001003677178420471
Epoch 64: reducing lr to 8.808677210870942e-05
Epoch 67: reducing lr to 7.595995726650757e-05
Epoch 70: reducing lr to 6.417860141098137e-05
Epoch 73: reducing lr to 5.2928466741605027e-05
Epoch 76: reducing lr to 4.238695916874184e-05
Epoch 79: reducing lr to 3.272035562210708e-05
Epoch 82: reducing lr to 2.408107560669399e-05
Epoch 85: reducing lr to 1.6605391182830165e-05
Epoch 88: reducing lr to 1.0411168011827447e-05
Epoch 91: reducing lr to 5.5961293790395645e-06
Epoch 94: reducing lr to 2.23618685864953e-06
Epoch 97: reducing lr to 3.8433865062526864e-07
[I 2024-06-21 01:26:20,836] Trial 482 finished with value: 0.9834237098693848 and parameters: {'hidden_size': 157, 'n_layers': 1, 'rnn_dropout': 0.28234283641207997, 'bidirectional': True, 'fc_dropout': 0.5829110726973991, 'learning_rate_model': 0.001957239299188639}. Best is trial 235 with value: 0.9706074595451355.
Epoch 27: reducing lr to 0.00014438107470168387
Epoch 33: reducing lr to 0.0001399462990361725
Epoch 36: reducing lr to 0.0001361105186582442
Epoch 39: reducing lr to 0.00013127087042497278
Epoch 46: reducing lr to 0.0001165303805830947
Epoch 61: reducing lr to 7.431067771376161e-05
Epoch 64: reducing lr to 6.521805889137832e-05
Epoch 67: reducing lr to 5.623955615356073e-05
Epoch 72: reducing lr to 4.1911917102118456e-05
Epoch 75: reducing lr to 3.391813532185833e-05
Epoch 78: reducing lr to 2.653213270907397e-05
Epoch 81: reducing lr to 1.9870369078910142e-05
Epoch 84: reducing lr to 1.4037924050696086e-05
Epoch 87: reducing lr to 9.126754914628478e-06
Epoch 90: reducing lr to 5.214342828498207e-06
Epoch 93: reducing lr to 2.362369263897088e-06
Epoch 96: reducing lr to 6.158199503020255e-07
Epoch 99: reducing lr to 2.233844963064717e-09
[I 2024-06-21 01:26:35,500] Trial 483 finished with value: 0.9786632061004639 and parameters: {'hidden_size': 145, 'n_layers': 1, 'rnn_dropout': 0.3244343349724785, 'bidirectional': True, 'fc_dropout': 0.5764924261353093, 'learning_rate_model': 0.0014491091547942398}. Best is trial 235 with value: 0.9706074595451355.
Epoch 38: reducing lr to 4.966193464380889e-05
Epoch 50: reducing lr to 3.970328502661113e-05
Epoch 55: reducing lr to 3.445394190035716e-05
Epoch 61: reducing lr to 2.774928907194596e-05
Epoch 64: reducing lr to 2.435389939328872e-05
Epoch 67: reducing lr to 2.1001123243612738e-05
Epoch 70: reducing lr to 1.7743858295046766e-05
Epoch 73: reducing lr to 1.4633463381712765e-05
Epoch 76: reducing lr to 1.1718987022353491e-05
Epoch 79: reducing lr to 9.04640083700644e-06
Epoch 82: reducing lr to 6.6578451970499465e-06
Epoch 85: reducing lr to 4.590996089103646e-06
Epoch 88: reducing lr to 2.8784405678273324e-06
Epoch 91: reducing lr to 1.5471967995462623e-06
Epoch 94: reducing lr to 6.182525307311081e-07
Epoch 97: reducing lr to 1.0626050434369262e-07
[I 2024-06-21 01:26:51,305] Trial 484 finished with value: 0.9832989573478699 and parameters: {'hidden_size': 150, 'n_layers': 1, 'rnn_dropout': 0.4037008931205024, 'bidirectional': True, 'fc_dropout': 0.5996940829542389, 'learning_rate_model': 0.0005411301588189099}. Best is trial 235 with value: 0.9706074595451355.
Epoch 27: reducing lr to 0.00010810322691737578
Epoch 33: reducing lr to 0.00010478275322588276
Epoch 40: reducing lr to 9.692180490382153e-05
Epoch 43: reducing lr to 9.23868332891719e-05
Epoch 46: reducing lr to 8.72504253135022e-05
Epoch 55: reducing lr to 6.908228050705346e-05
Epoch 64: reducing lr to 4.883107175931849e-05
Epoch 72: reducing lr to 3.1380937525184616e-05
Epoch 75: reducing lr to 2.539570983862712e-05
Epoch 78: reducing lr to 1.986554795202325e-05
Epoch 81: reducing lr to 1.4877649455842285e-05
Epoch 84: reducing lr to 1.0510691184677732e-05
Epoch 87: reducing lr to 6.833524820298713e-06
Epoch 90: reducing lr to 3.904163251165771e-06
Epoch 93: reducing lr to 1.7687895808045536e-06
Epoch 96: reducing lr to 4.6108621898884384e-07
Epoch 99: reducing lr to 1.6725588823868555e-09
[I 2024-06-21 01:27:07,607] Trial 485 finished with value: 0.9783470630645752 and parameters: {'hidden_size': 156, 'n_layers': 1, 'rnn_dropout': 0.37810615503782774, 'bidirectional': True, 'fc_dropout': 0.6227365249201243, 'learning_rate_model': 0.001084999374831093}. Best is trial 235 with value: 0.9706074595451355.
Epoch 27: reducing lr to 0.00013075029943940495
Epoch 36: reducing lr to 0.00012326055272956482
Epoch 40: reducing lr to 0.00011722642676585404
Epoch 44: reducing lr to 0.00010974678534327479
Epoch 47: reducing lr to 0.0001033131022231388
Epoch 61: reducing lr to 6.729513118457298e-05
Epoch 67: reducing lr to 5.093007392146483e-05
Epoch 72: reducing lr to 3.7955083257997066e-05
Epoch 75: reducing lr to 3.071598101705717e-05
Epoch 78: reducing lr to 2.4027278531103725e-05
Epoch 81: reducing lr to 1.7994440839334564e-05
Epoch 84: reducing lr to 1.2712627170344314e-05
Epoch 87: reducing lr to 8.26511328069384e-06
Epoch 90: reducing lr to 4.722065461934825e-06
Epoch 93: reducing lr to 2.1393419413118576e-06
Epoch 96: reducing lr to 5.576814209834295e-07
Epoch 99: reducing lr to 2.022951404306861e-09
[I 2024-06-21 01:27:22,720] Trial 486 finished with value: 0.9768335819244385 and parameters: {'hidden_size': 143, 'n_layers': 1, 'rnn_dropout': 0.3537734926590209, 'bidirectional': True, 'fc_dropout': 0.6485306498700403, 'learning_rate_model': 0.0013123011883739643}. Best is trial 235 with value: 0.9706074595451355.
Epoch 40: reducing lr to 7.92467049390836e-05
Epoch 43: reducing lr to 7.55387513180188e-05
Epoch 49: reducing lr to 6.671381512825143e-05
Epoch 52: reducing lr to 6.173601031324392e-05
Epoch 55: reducing lr to 5.648412248713307e-05
Epoch 72: reducing lr to 2.5658167418960928e-05
Epoch 75: reducing lr to 2.0764433001401048e-05
Epoch 78: reducing lr to 1.624277652040641e-05
Epoch 81: reducing lr to 1.2164493818333383e-05
Epoch 84: reducing lr to 8.593913865352925e-06
Epoch 87: reducing lr to 5.587332238246047e-06
Epoch 90: reducing lr to 3.192182331996046e-06
Epoch 93: reducing lr to 1.4462250898901398e-06
Epoch 96: reducing lr to 3.7700044467751415e-07
Epoch 99: reducing lr to 1.3675434581191664e-09
[I 2024-06-21 01:27:36,405] Trial 487 finished with value: 0.9801491498947144 and parameters: {'hidden_size': 138, 'n_layers': 1, 'rnn_dropout': 0.34831179277922386, 'bidirectional': True, 'fc_dropout': 0.646772216211019, 'learning_rate_model': 0.0008871339674457463}. Best is trial 235 with value: 0.9706074595451355.
Epoch 27: reducing lr to 0.00017605380653123748
Epoch 31: reducing lr to 0.00017304702661442026
Epoch 34: reducing lr to 0.0001692280758223831
Epoch 40: reducing lr to 0.00015784406419465613
Epoch 46: reducing lr to 0.00014209353352284172
Epoch 61: reducing lr to 9.061213669765786e-05
Epoch 64: reducing lr to 7.952487918606456e-05
Epoch 67: reducing lr to 6.857677129027614e-05
Epoch 70: reducing lr to 5.794054432191253e-05
Epoch 73: reducing lr to 4.77839046926957e-05
Epoch 76: reducing lr to 3.8267014743131484e-05
Epoch 79: reducing lr to 2.9539989552141376e-05
Epoch 82: reducing lr to 2.174043369337494e-05
Epoch 85: reducing lr to 1.4991373801530706e-05
Epoch 88: reducing lr to 9.399219184744483e-06
Epoch 91: reducing lr to 5.052194581820824e-06
Epoch 94: reducing lr to 2.0188330837245595e-06
Epoch 97: reducing lr to 3.4698155041699206e-07
[I 2024-06-21 01:27:51,053] Trial 488 finished with value: 0.9801560640335083 and parameters: {'hidden_size': 141, 'n_layers': 1, 'rnn_dropout': 0.3332667844808722, 'bidirectional': True, 'fc_dropout': 0.6647502463473208, 'learning_rate_model': 0.001766998779500114}. Best is trial 235 with value: 0.9706074595451355.
Epoch 27: reducing lr to 0.00012154585311019222
Epoch 36: reducing lr to 0.00011458336310190996
Epoch 40: reducing lr to 0.00010897402231127193
Epoch 43: reducing lr to 0.00010387512739896382
Epoch 48: reducing lr to 9.391883057686246e-05
Epoch 55: reducing lr to 7.767265565018754e-05
Epoch 64: reducing lr to 5.4903210981923006e-05
Epoch 72: reducing lr to 3.5283154181988026e-05
Epoch 75: reducing lr to 2.855366399038264e-05
Epoch 78: reducing lr to 2.2335826988546588e-05
Epoch 81: reducing lr to 1.6727683779197906e-05
Epoch 86: reducing lr to 8.970944991702452e-06
Epoch 89: reducing lr to 5.390612243657958e-06
Epoch 92: reducing lr to 2.6872134433946013e-06
Epoch 95: reducing lr to 9.033907698603651e-07
Epoch 98: reducing lr to 6.727142454374893e-08
[I 2024-06-21 01:28:04,269] Trial 489 finished with value: 0.9771526455879211 and parameters: {'hidden_size': 132, 'n_layers': 1, 'rnn_dropout': 0.3597897594576978, 'bidirectional': True, 'fc_dropout': 0.7030747314720315, 'learning_rate_model': 0.0012199189459780443}. Best is trial 235 with value: 0.9706074595451355.
Epoch 23: reducing lr to 9.926410105328238e-05
Epoch 40: reducing lr to 8.908769114135772e-05
Epoch 43: reducing lr to 8.491927773901091e-05
Epoch 46: reducing lr to 8.019804160678504e-05
Epoch 55: reducing lr to 6.34984137497253e-05
Epoch 64: reducing lr to 4.488409438219318e-05
Epoch 72: reducing lr to 2.8844440863891285e-05
Epoch 75: reducing lr to 2.33429944548004e-05
Epoch 78: reducing lr to 1.8259831232609432e-05
Epoch 81: reducing lr to 1.367510067468012e-05
Epoch 84: reducing lr to 9.661120228538379e-06
Epoch 87: reducing lr to 6.281176348311773e-06
Epoch 90: reducing lr to 3.5885927860138262e-06
Epoch 93: reducing lr to 1.6258197009964445e-06
Epoch 96: reducing lr to 4.23816980168459e-07
Epoch 99: reducing lr to 1.5373672547459512e-09
[I 2024-06-21 01:28:17,389] Trial 490 finished with value: 0.977994441986084 and parameters: {'hidden_size': 131, 'n_layers': 1, 'rnn_dropout': 0.350470239319122, 'bidirectional': True, 'fc_dropout': 0.6853420822650332, 'learning_rate_model': 0.0009972997231060376}. Best is trial 235 with value: 0.9706074595451355.
Epoch 40: reducing lr to 6.543411982118501e-05
Epoch 45: reducing lr to 6.0102513883684495e-05
Epoch 49: reducing lr to 5.508569442964237e-05
Epoch 52: reducing lr to 5.0975513735542204e-05
Epoch 55: reducing lr to 4.6639022299521955e-05
Epoch 61: reducing lr to 3.7563182626976936e-05
Epoch 64: reducing lr to 3.2966969648025456e-05
Epoch 67: reducing lr to 2.842844102153983e-05
Epoch 72: reducing lr to 2.1185986251098874e-05
Epoch 75: reducing lr to 1.714522260675784e-05
Epoch 78: reducing lr to 1.3411684257181353e-05
Epoch 81: reducing lr to 1.0044240283362567e-05
Epoch 84: reducing lr to 7.0960072097724395e-06
Epoch 87: reducing lr to 4.613468376246014e-06
Epoch 90: reducing lr to 2.6357896061856624e-06
Epoch 93: reducing lr to 1.1941501655244594e-06
Epoch 96: reducing lr to 3.112898168905671e-07
Epoch 99: reducing lr to 1.129182627436498e-09
[I 2024-06-21 01:28:31,068] Trial 491 finished with value: 0.9832252264022827 and parameters: {'hidden_size': 133, 'n_layers': 1, 'rnn_dropout': 0.35956746673226875, 'bidirectional': True, 'fc_dropout': 0.6469790262112871, 'learning_rate_model': 0.0007325078104876404}. Best is trial 235 with value: 0.9706074595451355.
Epoch 23: reducing lr to 0.00011789482637927667
Epoch 27: reducing lr to 0.00011801505192024668
Epoch 33: reducing lr to 0.00011439012890660836
Epoch 36: reducing lr to 0.00011125481618372423
Epoch 39: reducing lr to 0.00010729895604966336
Epoch 42: reducing lr to 0.00010258493530658044
Epoch 45: reducing lr to 9.718709690195281e-05
Epoch 48: reducing lr to 9.11905703337224e-05
Epoch 55: reducing lr to 7.541633264139446e-05
Epoch 64: reducing lr to 5.3308320512965085e-05
Epoch 72: reducing lr to 3.425820927779739e-05
Epoch 75: reducing lr to 2.7724204916175077e-05
Epoch 78: reducing lr to 2.1686990664710166e-05
Epoch 81: reducing lr to 1.6241759131986133e-05
Epoch 84: reducing lr to 1.1474400915205645e-05
Epoch 87: reducing lr to 7.460080605014956e-06
Epoch 90: reducing lr to 4.262130205822637e-06
Epoch 93: reducing lr to 1.9309672816167052e-06
Epoch 96: reducing lr to 5.033625325104188e-07
Epoch 99: reducing lr to 1.825913332770962e-09
[I 2024-06-21 01:28:43,951] Trial 492 finished with value: 0.9799041748046875 and parameters: {'hidden_size': 126, 'n_layers': 1, 'rnn_dropout': 0.3651881229023454, 'bidirectional': True, 'fc_dropout': 0.6317924247011151, 'learning_rate_model': 0.0011844813629105955}. Best is trial 235 with value: 0.9706074595451355.
Epoch 33: reducing lr to 8.515576515270443e-05
Epoch 40: reducing lr to 7.876726085612483e-05
Epoch 43: reducing lr to 7.508174042549833e-05
Epoch 46: reducing lr to 7.090743942806505e-05
Epoch 49: reducing lr to 6.631019526873257e-05
Epoch 52: reducing lr to 6.136250626821241e-05
Epoch 55: reducing lr to 5.614239246405652e-05
Epoch 72: reducing lr to 2.5502935014559475e-05
Epoch 75: reducing lr to 2.063880778397191e-05
Epoch 78: reducing lr to 1.614450741130569e-05
Epoch 81: reducing lr to 1.2090898397705205e-05
Epoch 84: reducing lr to 8.541920521839555e-06
Epoch 87: reducing lr to 5.553528771171784e-06
Epoch 90: reducing lr to 3.1728695677369085e-06
Epoch 93: reducing lr to 1.4374754003919138e-06
Epoch 96: reducing lr to 3.7471958476525656e-07
Epoch 99: reducing lr to 1.3592697939977284e-09
[I 2024-06-21 01:28:57,169] Trial 493 finished with value: 0.9816501140594482 and parameters: {'hidden_size': 136, 'n_layers': 1, 'rnn_dropout': 0.37194718098844626, 'bidirectional': True, 'fc_dropout': 0.6656537698236212, 'learning_rate_model': 0.0008817667899484542}. Best is trial 235 with value: 0.9706074595451355.
Epoch 27: reducing lr to 0.00015680337131140484
Epoch 33: reducing lr to 0.0001519870352590604
Epoch 36: reducing lr to 0.00014782123100727726
Epoch 40: reducing lr to 0.00014058475584749358
Epoch 46: reducing lr to 0.00012655645189914367
Epoch 61: reducing lr to 8.070423920883314e-05
Epoch 64: reducing lr to 7.082930727370877e-05
Epoch 67: reducing lr to 6.107830977263493e-05
Epoch 72: reducing lr to 4.551794557087928e-05
Epoch 75: reducing lr to 3.683639270626515e-05
Epoch 78: reducing lr to 2.8814911271857136e-05
Epoch 81: reducing lr to 2.1579981082788466e-05
Epoch 84: reducing lr to 1.5245722626117336e-05
Epoch 87: reducing lr to 9.912005037388678e-06
Epoch 90: reducing lr to 5.662975818481234e-06
Epoch 93: reducing lr to 2.565623407547535e-06
Epoch 96: reducing lr to 6.688040280050266e-07
Epoch 99: reducing lr to 2.4260410993711194e-09
[I 2024-06-21 01:29:09,257] Trial 494 finished with value: 0.9774270057678223 and parameters: {'hidden_size': 128, 'n_layers': 1, 'rnn_dropout': 0.34027488934555966, 'bidirectional': True, 'fc_dropout': 0.6537724421139189, 'learning_rate_model': 0.0015737879866834596}. Best is trial 235 with value: 0.9706074595451355.
Epoch 27: reducing lr to 0.00011830757084846852
Epoch 33: reducing lr to 0.00011467366289115071
Epoch 36: reducing lr to 0.00011153057880095016
Epoch 40: reducing lr to 0.0001060706847278881
Epoch 44: reducing lr to 9.930283630752533e-05
Epoch 47: reducing lr to 9.348140855695383e-05
Epoch 55: reducing lr to 7.560326392207204e-05
Epoch 64: reducing lr to 5.344045359707624e-05
Epoch 72: reducing lr to 3.4343123655223694e-05
Epoch 75: reducing lr to 2.7792923732766057e-05
Epoch 78: reducing lr to 2.174074529314422e-05
Epoch 81: reducing lr to 1.6282016894842832e-05
Epoch 84: reducing lr to 1.1502842028462729e-05
Epoch 87: reducing lr to 7.478571591948576e-06
Epoch 90: reducing lr to 4.272694568075276e-06
Epoch 93: reducing lr to 1.9357534887187723e-06
Epoch 96: reducing lr to 5.046101959747156e-07
Epoch 99: reducing lr to 1.8304391470862907e-09
[I 2024-06-21 01:29:23,390] Trial 495 finished with value: 0.9786076545715332 and parameters: {'hidden_size': 135, 'n_layers': 1, 'rnn_dropout': 0.38389570009539353, 'bidirectional': True, 'fc_dropout': 0.6185100888420191, 'learning_rate_model': 0.0011874172868723246}. Best is trial 235 with value: 0.9706074595451355.
Epoch 27: reducing lr to 0.00010556016177607889
Epoch 33: reducing lr to 0.00010231780028473218
Epoch 38: reducing lr to 9.723279546177698e-05
Epoch 41: reducing lr to 9.323544406552675e-05
Epoch 44: reducing lr to 8.86031501641769e-05
Epoch 47: reducing lr to 8.340896985339052e-05
Epoch 55: reducing lr to 6.745716029141868e-05
Epoch 64: reducing lr to 4.7682349376607365e-05
Epoch 72: reducing lr to 3.064271933691067e-05
Epoch 75: reducing lr to 2.479829062857464e-05
Epoch 78: reducing lr to 1.9398222563594612e-05
Epoch 81: reducing lr to 1.4527661460160111e-05
Epoch 86: reducing lr to 7.79108772843034e-06
Epoch 89: reducing lr to 4.681639775869304e-06
Epoch 92: reducing lr to 2.3337915572851487e-06
Epoch 95: reducing lr to 7.845769590100445e-07
Epoch 98: reducing lr to 5.8423897451344296e-08
[I 2024-06-21 01:29:38,153] Trial 496 finished with value: 0.978512167930603 and parameters: {'hidden_size': 142, 'n_layers': 1, 'rnn_dropout': 0.3502754198002758, 'bidirectional': True, 'fc_dropout': 0.6423140104096143, 'learning_rate_model': 0.0010594753995794499}. Best is trial 235 with value: 0.9706074595451355.
Epoch 27: reducing lr to 0.0001347269348353836
Epoch 33: reducing lr to 0.00013058869349501822
Epoch 38: reducing lr to 0.00012409867773629718
Epoch 47: reducing lr to 0.00010645526358667203
Epoch 50: reducing lr to 9.921331516640799e-05
Epoch 53: reducing lr to 9.147299100510526e-05
Epoch 56: reducing lr to 8.335633675683376e-05
Epoch 59: reducing lr to 7.49913929003803e-05
Epoch 62: reducing lr to 6.651004891924121e-05
Epoch 65: reducing lr to 5.804608566281544e-05
Epoch 68: reducing lr to 4.973294762985479e-05
Epoch 71: reducing lr to 4.170178720827827e-05
Epoch 74: reducing lr to 3.407922429511736e-05
Epoch 77: reducing lr to 2.6985493719119394e-05
Epoch 80: reducing lr to 2.053244685576831e-05
Epoch 83: reducing lr to 1.4821871121363907e-05
Epoch 86: reducing lr to 9.943802197950577e-06
Epoch 89: reducing lr to 5.975199037154371e-06
Epoch 92: reducing lr to 2.97862922685457e-06
Epoch 95: reducing lr to 1.0013592917195065e-06
Epoch 98: reducing lr to 7.456669724942907e-08
[I 2024-06-21 01:30:12,663] Trial 497 finished with value: 0.99244225025177 and parameters: {'hidden_size': 132, 'n_layers': 2, 'rnn_dropout': 0.35708384458100306, 'bidirectional': True, 'fc_dropout': 0.673998654645145, 'learning_rate_model': 0.0013522134744509173}. Best is trial 235 with value: 0.9706074595451355.
Epoch 40: reducing lr to 7.338268379814729e-05
Epoch 43: reducing lr to 6.994910774824146e-05
Epoch 49: reducing lr to 6.177719066411373e-05
Epoch 52: reducing lr to 5.7167728642577525e-05
Epoch 55: reducing lr to 5.230446493990265e-05
Epoch 66: reducing lr to 3.356621047946866e-05
Epoch 72: reducing lr to 2.3759539125227738e-05
Epoch 75: reducing lr to 1.9227926541058386e-05
Epoch 78: reducing lr to 1.5040859229632189e-05
Epoch 81: reducing lr to 1.1264357352415595e-05
Epoch 84: reducing lr to 7.957989726569445e-06
Epoch 87: reducing lr to 5.1738862231505874e-06
Epoch 90: reducing lr to 2.955970306588336e-06
Epoch 93: reducing lr to 1.3392087223555185e-06
Epoch 96: reducing lr to 3.491035298539805e-07
Epoch 99: reducing lr to 1.2663492979930746e-09
[I 2024-06-21 01:30:26,486] Trial 498 finished with value: 0.9809944033622742 and parameters: {'hidden_size': 138, 'n_layers': 1, 'rnn_dropout': 0.378680135253618, 'bidirectional': True, 'fc_dropout': 0.6086668837809108, 'learning_rate_model': 0.0008214886848571084}. Best is trial 235 with value: 0.9706074595451355.
Epoch 22: reducing lr to 0.00020592349155455682
Epoch 27: reducing lr to 0.0002086746528021576
Epoch 30: reducing lr to 0.00020627059835975924
Epoch 33: reducing lr to 0.00020226505047603473
Epoch 40: reducing lr to 0.0001870908442235647
Epoch 46: reducing lr to 0.0001684219123546736
Epoch 49: reducing lr to 0.00015750237190699425
Epoch 52: reducing lr to 0.00014575044220927665
Epoch 55: reducing lr to 0.00013335143927395156
Epoch 58: reducing lr to 0.00012050094929842337
Epoch 61: reducing lr to 0.00010740157533424557
Epoch 64: reducing lr to 9.425997017758946e-05
Epoch 67: reducing lr to 8.128329753979082e-05
Epoch 70: reducing lr to 6.867629395674469e-05
Epoch 73: reducing lr to 5.663774000541387e-05
Epoch 76: reducing lr to 4.535747435759734e-05
Epoch 79: reducing lr to 3.501342677574388e-05
Epoch 82: reducing lr to 2.5768698457129886e-05
Epoch 85: reducing lr to 1.7769111527314326e-05
Epoch 88: reducing lr to 1.1140791776290994e-05
Epoch 91: reducing lr to 5.988311022763057e-06
Epoch 94: reducing lr to 2.392900790457956e-06
Epoch 97: reducing lr to 4.112734395729685e-07
