[I 2024-06-21 00:09:25,004] Trial 242 finished with value: 1.0753183364868164 and parameters: {'hidden_size': 73, 'n_layers': 6, 'rnn_dropout': 0.6485032827575212, 'bidirectional': True, 'fc_dropout': 0.7445155137323587, 'learning_rate_model': 0.00010754047185755203}. Best is trial 235 with value: 0.9706074595451355.
Epoch 7: reducing lr to 2.398368329190133e-05
Epoch 10: reducing lr to 3.949405675562727e-05
Epoch 23: reducing lr to 9.282451848366779e-05
Epoch 26: reducing lr to 9.311428727902527e-05
Epoch 29: reducing lr to 9.228582571610502e-05
Epoch 32: reducing lr to 9.073735323390601e-05
Epoch 35: reducing lr to 8.84932901458282e-05
Epoch 38: reducing lr to 8.558902606597006e-05
Epoch 41: reducing lr to 8.207036334292826e-05
Epoch 44: reducing lr to 7.799279340795993e-05
Epoch 47: reducing lr to 7.342062378247583e-05
Epoch 50: reducing lr to 6.842595886406714e-05
Epoch 53: reducing lr to 6.308757155418343e-05
Epoch 56: reducing lr to 5.7489634938775105e-05
Epoch 59: reducing lr to 5.1720456645903036e-05
Epoch 62: reducing lr to 4.5870998905356515e-05
Epoch 65: reducing lr to 4.003352839406715e-05
Epoch 68: reducing lr to 3.4300079812890455e-05
Epoch 71: reducing lr to 2.8761107027677192e-05
Epoch 74: reducing lr to 2.350393791222252e-05
Epoch 77: reducing lr to 1.861149665298356e-05
Epoch 80: reducing lr to 1.4160925492459913e-05
Epoch 83: reducing lr to 1.0222425709067952e-05
Epoch 86: reducing lr to 6.858093583589505e-06
Epoch 89: reducing lr to 4.121006568878066e-06
Epoch 92: reducing lr to 2.0543166066591287e-06
Epoch 95: reducing lr to 6.906227212388218e-07
Epoch 98: reducing lr to 5.142755032486483e-08
[I 2024-06-21 00:10:31,339] Trial 243 finished with value: 1.0928587913513184 and parameters: {'hidden_size': 188, 'n_layers': 5, 'rnn_dropout': 0.7883559319558645, 'bidirectional': False, 'fc_dropout': 0.45244338830430486, 'learning_rate_model': 0.0009326016716911777}. Best is trial 235 with value: 0.9706074595451355.
[I 2024-06-21 00:10:42,512] Trial 244 finished with value: 1.1033904552459717 and parameters: {'hidden_size': 63, 'n_layers': 3, 'rnn_dropout': 0.1995697653611102, 'bidirectional': False, 'fc_dropout': 0.4019160047186067, 'learning_rate_model': 2.15159018655157e-05}. Best is trial 235 with value: 0.9706074595451355.
[I 2024-06-21 00:12:27,753] Trial 245 finished with value: 1.0756511688232422 and parameters: {'hidden_size': 159, 'n_layers': 4, 'rnn_dropout': 0.5915102298771057, 'bidirectional': True, 'fc_dropout': 0.7889974259490361, 'learning_rate_model': 1.2970911036527296e-05}. Best is trial 235 with value: 0.9706074595451355.
Epoch 5: reducing lr to 0.0002702336996850883
Epoch 9: reducing lr to 0.0005963445718902614
Epoch 13: reducing lr to 0.0009849244819029517
Epoch 19: reducing lr to 0.0014762836778436951
Epoch 22: reducing lr to 0.0016050114726805392
Epoch 25: reducing lr to 0.001631857564342923
Epoch 28: reducing lr to 0.001621617980865866
Epoch 31: reducing lr to 0.0015986767877536588
Epoch 34: reducing lr to 0.001563395811800186
Epoch 37: reducing lr to 0.0015163314123641835
Epoch 40: reducing lr to 0.0014582258155464152
Epoch 43: reducing lr to 0.0013899954241725174
Epoch 46: reducing lr to 0.0013127161915299488
Epoch 49: reducing lr to 0.0012276069717774211
Epoch 52: reducing lr to 0.0011360099332434535
Epoch 55: reducing lr to 0.0010393694683272685
Epoch 58: reducing lr to 0.0009392100174332232
Epoch 61: reducing lr to 0.0008371107118187013
Epoch 64: reducing lr to 0.0007346822473116172
Epoch 67: reducing lr to 0.0006335393019212974
Epoch 70: reducing lr to 0.0005352776357356653
Epoch 73: reducing lr to 0.0004414465868324835
Epoch 76: reducing lr to 0.00035352579817961115
Epoch 79: reducing lr to 0.00027290209217358896
Epoch 82: reducing lr to 0.0002008467142214381
Epoch 85: reducing lr to 0.00013849623297166949
Epoch 88: reducing lr to 8.683369964594193e-05
Epoch 94: reducing lr to 1.8650777493513238e-05
Epoch 97: reducing lr to 3.2055526251045796e-06
[I 2024-06-21 00:14:01,167] Trial 246 finished with value: 1.107142448425293 and parameters: {'hidden_size': 188, 'n_layers': 7, 'rnn_dropout': 0.3127349692011665, 'bidirectional': False, 'fc_dropout': 0.14237786837613556, 'learning_rate_model': 0.016324232713169764}. Best is trial 235 with value: 0.9706074595451355.
[I 2024-06-21 00:14:23,384] Trial 247 finished with value: 1.0265496969223022 and parameters: {'hidden_size': 62, 'n_layers': 3, 'rnn_dropout': 0.7327326320079657, 'bidirectional': True, 'fc_dropout': 0.6902711844628926, 'learning_rate_model': 0.00025711669394827373}. Best is trial 235 with value: 0.9706074595451355.
Epoch 7: reducing lr to 0.0002231309154428434
Epoch 13: reducing lr to 0.0005234921957405841
Epoch 16: reducing lr to 0.0006693964675752562
Epoch 19: reducing lr to 0.0007846520197743749
Epoch 22: reducing lr to 0.0008530714744738705
Epoch 25: reducing lr to 0.0008673403039421372
Epoch 28: reducing lr to 0.0008618979150723663
Epoch 35: reducing lr to 0.0008232925944054378
Epoch 38: reducing lr to 0.0007962729287877996
Epoch 41: reducing lr to 0.0007635372382363803
Epoch 44: reducing lr to 0.0007256017843155505
Epoch 47: reducing lr to 0.0006830648486131548
Epoch 50: reducing lr to 0.0006365972505377953
Epoch 55: reducing lr to 0.0005524299732189798
Epoch 58: reducing lr to 0.0004991947335269062
Epoch 61: reducing lr to 0.00044492845153088075
Epoch 64: reducing lr to 0.00039048721996808017
Epoch 67: reducing lr to 0.0003367292481246454
Epoch 70: reducing lr to 0.00028450269031864974
Epoch 73: reducing lr to 0.00023463102734194572
Epoch 76: reducing lr to 0.0001879006966934371
Epoch 79: reducing lr to 0.00014504880128284612
Epoch 82: reducing lr to 0.00010675101428276029
Epoch 85: reducing lr to 7.361142750768046e-05
Epoch 88: reducing lr to 4.615253750633406e-05
Epoch 91: reducing lr to 2.4807550004284953e-05
Epoch 94: reducing lr to 9.912979768240092e-06
Epoch 97: reducing lr to 1.7037669517929941e-06
[I 2024-06-21 00:15:20,249] Trial 248 finished with value: 1.1280112266540527 and parameters: {'hidden_size': 200, 'n_layers': 4, 'rnn_dropout': 0.2358496094387963, 'bidirectional': False, 'fc_dropout': 0.37191010472945796, 'learning_rate_model': 0.008676409799751065}. Best is trial 235 with value: 0.9706074595451355.
Epoch 8: reducing lr to 0.0022204400988307506
Epoch 11: reducing lr to 0.0034655159988695025
Epoch 17: reducing lr to 0.005886876628154616
Epoch 20: reducing lr to 0.006723088733972532
Epoch 23: reducing lr to 0.007138879809143796
Epoch 26: reducing lr to 0.007161165134576014
Epoch 29: reducing lr to 0.007097450421903159
Epoch 32: reducing lr to 0.006978361638909576
Epoch 35: reducing lr to 0.006805776885100784
Epoch 38: reducing lr to 0.006582417878894155
Epoch 41: reducing lr to 0.00631180715363486
Epoch 44: reducing lr to 0.005998212403512469
Epoch 47: reducing lr to 0.005646579344095178
Epoch 50: reducing lr to 0.005262453327371049
Epoch 53: reducing lr to 0.004851892561719204
Epoch 56: reducing lr to 0.004421370568937345
Epoch 59: reducing lr to 0.003977678847147465
Epoch 62: reducing lr to 0.003527813052629234
Epoch 65: reducing lr to 0.0030788691631239173
Epoch 68: reducing lr to 0.0026379253157273047
Epoch 71: reducing lr to 0.0022119380698391055
Epoch 74: reducing lr to 0.001807623573360708
Epoch 77: reducing lr to 0.0014313592986459594
Epoch 80: reducing lr to 0.0010890780445545617
Epoch 83: reducing lr to 0.0007861787993845362
Epoch 86: reducing lr to 0.0005274372182358253
Epoch 89: reducing lr to 0.0003169353428220459
Epoch 92: reducing lr to 0.00015799187094569096
Epoch 95: reducing lr to 5.311390439644709e-05
Epoch 98: reducing lr to 3.9551522231964785e-06
[I 2024-06-21 00:16:09,254] Trial 249 finished with value: 1.1115397214889526 and parameters: {'hidden_size': 134, 'n_layers': 6, 'rnn_dropout': 0.04088872306089302, 'bidirectional': False, 'fc_dropout': 0.4415960217233577, 'learning_rate_model': 0.07172384357890647}. Best is trial 235 with value: 0.9706074595451355.
Epoch 33: reducing lr to 7.221149701109651e-05
Epoch 38: reducing lr to 6.8622719598443e-05
Epoch 41: reducing lr to 6.580156113335334e-05
Epoch 44: reducing lr to 6.253228759266953e-05
Epoch 49: reducing lr to 5.623058472748909e-05
Epoch 52: reducing lr to 5.203497884182522e-05
Epoch 55: reducing lr to 4.760835861604929e-05
Epoch 58: reducing lr to 4.3020551101725755e-05
Epoch 61: reducing lr to 3.834388846705306e-05
Epoch 64: reducing lr to 3.3652148696601116e-05
Epoch 67: reducing lr to 2.9019292178913182e-05
Epoch 72: reducing lr to 2.1626311645202377e-05
Epoch 75: reducing lr to 1.7501565559681333e-05
Epoch 78: reducing lr to 1.3690430079355616e-05
Epoch 81: reducing lr to 1.0252997808682514e-05
Epoch 84: reducing lr to 7.243489235587617e-06
Epoch 87: reducing lr to 4.709353800548576e-06
Epoch 90: reducing lr to 2.6905713417802294e-06
Epoch 93: reducing lr to 1.2189691489799138e-06
Epoch 96: reducing lr to 3.1775960355418184e-07
Epoch 99: reducing lr to 1.1526513382978907e-09
[I 2024-06-21 00:16:27,379] Trial 250 finished with value: 0.9816610813140869 and parameters: {'hidden_size': 167, 'n_layers': 1, 'rnn_dropout': 0.4609653268247358, 'bidirectional': True, 'fc_dropout': 0.48332839868050753, 'learning_rate_model': 0.0007477321095367409}. Best is trial 235 with value: 0.9706074595451355.
Epoch 40: reducing lr to 7.237210268026324e-05
Epoch 65: reducing lr to 3.4778181105436974e-05
Epoch 72: reducing lr to 2.3432337388158144e-05
Epoch 75: reducing lr to 1.8963131381046177e-05
Epoch 78: reducing lr to 1.4833725781419415e-05
Epoch 87: reducing lr to 5.1026346491746555e-06
Epoch 90: reducing lr to 2.9152625043896476e-06
Epoch 93: reducing lr to 1.3207659647774444e-06
Epoch 96: reducing lr to 3.4429589108694216e-07
Epoch 99: reducing lr to 1.2489099155245722e-09
[I 2024-06-21 00:16:33,179] Trial 251 finished with value: 0.9819461107254028 and parameters: {'hidden_size': 38, 'n_layers': 1, 'rnn_dropout': 0.45761144386578617, 'bidirectional': True, 'fc_dropout': 0.49362784911210733, 'learning_rate_model': 0.000810175648722377}. Best is trial 235 with value: 0.9706074595451355.
Epoch 33: reducing lr to 7.463968360427151e-05
Epoch 38: reducing lr to 7.093022982344971e-05
Epoch 41: reducing lr to 6.80142069746304e-05
Epoch 45: reducing lr to 6.341468649888346e-05
Epoch 49: reducing lr to 5.812139654573318e-05
Epoch 55: reducing lr to 4.9209239125378626e-05
Epoch 61: reducing lr to 3.9633241544605076e-05
Epoch 64: reducing lr to 3.4783737151055416e-05
Epoch 67: reducing lr to 2.999509602080607e-05
Epoch 72: reducing lr to 2.2353518837550645e-05
Epoch 75: reducing lr to 1.8090073880524766e-05
Epoch 78: reducing lr to 1.4150785011041666e-05
Epoch 81: reducing lr to 1.0597765509801765e-05
Epoch 84: reducing lr to 7.487059084956035e-06
Epoch 87: reducing lr to 4.867710713703991e-06
Epoch 90: reducing lr to 2.7810445978475687e-06
Epoch 93: reducing lr to 1.259958252759221e-06
Epoch 96: reducing lr to 3.284446002809979e-07
Epoch 99: reducing lr to 1.191410436800211e-09
[I 2024-06-21 00:16:50,956] Trial 252 finished with value: 0.9809263944625854 and parameters: {'hidden_size': 166, 'n_layers': 1, 'rnn_dropout': 0.4631435752586541, 'bidirectional': True, 'fc_dropout': 0.48372189143235567, 'learning_rate_model': 0.000772875378390239}. Best is trial 235 with value: 0.9706074595451355.
Epoch 40: reducing lr to 7.003913989894331e-05
Epoch 65: reducing lr to 3.365708334654713e-05
Epoch 72: reducing lr to 2.2676980434562087e-05
Epoch 75: reducing lr to 1.8351842250416493e-05
Epoch 78: reducing lr to 1.4355550782010484e-05
Epoch 87: reducing lr to 4.938147833366763e-06
Epoch 90: reducing lr to 2.8212870819735445e-06
Epoch 93: reducing lr to 1.2781901969809293e-06
Epoch 96: reducing lr to 3.331972844426625e-07
Epoch 99: reducing lr to 1.2086504751793008e-09
[I 2024-06-21 00:16:56,747] Trial 253 finished with value: 0.9822982549667358 and parameters: {'hidden_size': 38, 'n_layers': 1, 'rnn_dropout': 0.46242342199421804, 'bidirectional': True, 'fc_dropout': 0.5023454156608191, 'learning_rate_model': 0.0007840590987700915}. Best is trial 235 with value: 0.9706074595451355.
Epoch 65: reducing lr to 1.9553865237447974e-05
Epoch 73: reducing lr to 1.2318287176299979e-05
Epoch 87: reducing lr to 2.8689318162845336e-06
Epoch 90: reducing lr to 1.6390923369396213e-06
[I 2024-06-21 00:17:01,784] Trial 254 finished with value: 0.9886606335639954 and parameters: {'hidden_size': 40, 'n_layers': 1, 'rnn_dropout': 0.4612015607007566, 'bidirectional': True, 'fc_dropout': 0.48841510379095565, 'learning_rate_model': 0.0004555173660678509}. Best is trial 235 with value: 0.9706074595451355.
Epoch 65: reducing lr to 3.242023394831651e-05
Epoch 72: reducing lr to 2.184363402378186e-05
Epoch 75: reducing lr to 1.7677438446315628e-05
Epoch 78: reducing lr to 1.3828004940822183e-05
Epoch 87: reducing lr to 4.756678003875426e-06
Epoch 90: reducing lr to 2.7176088400520696e-06
Epoch 93: reducing lr to 1.2312185458820501e-06
Epoch 96: reducing lr to 3.2095276353419963e-07
Epoch 99: reducing lr to 1.1642343088289625e-09
[I 2024-06-21 00:17:07,778] Trial 255 finished with value: 0.9840295314788818 and parameters: {'hidden_size': 39, 'n_layers': 1, 'rnn_dropout': 0.4385325860295944, 'bidirectional': True, 'fc_dropout': 0.4808635999169968, 'learning_rate_model': 0.0007552460547369541}. Best is trial 235 with value: 0.9706074595451355.
Epoch 65: reducing lr to 3.4571935077778356e-05
Epoch 72: reducing lr to 2.3293375937287192e-05
Epoch 75: reducing lr to 1.885067378852712e-05
Epoch 78: reducing lr to 1.4745756919318199e-05
Epoch 81: reducing lr to 1.1043350172696016e-05
Epoch 87: reducing lr to 5.072374351093069e-06
Epoch 90: reducing lr to 2.897974040990997e-06
Epoch 93: reducing lr to 1.312933389149742e-06
Epoch 96: reducing lr to 3.422541034597869e-07
Epoch 99: reducing lr to 1.2415034698421215e-09
[I 2024-06-21 00:17:13,383] Trial 256 finished with value: 0.9849701523780823 and parameters: {'hidden_size': 37, 'n_layers': 1, 'rnn_dropout': 0.4358161674355238, 'bidirectional': True, 'fc_dropout': 0.4832563366702162, 'learning_rate_model': 0.0008053710412373521}. Best is trial 235 with value: 0.9706074595451355.
Epoch 33: reducing lr to 7.279483585208489e-05
Epoch 38: reducing lr to 6.917706758142244e-05
Epoch 41: reducing lr to 6.633311923691761e-05
Epoch 45: reducing lr to 6.18472837957403e-05
Epoch 49: reducing lr to 5.6684826579281625e-05
Epoch 55: reducing lr to 4.799294840972407e-05
Epoch 61: reducing lr to 3.865363802748553e-05
Epoch 64: reducing lr to 3.392399744963869e-05
Epoch 67: reducing lr to 2.9253715795187868e-05
Epoch 72: reducing lr to 2.180101329372279e-05
Epoch 75: reducing lr to 1.7642946688610114e-05
Epoch 78: reducing lr to 1.3801024097561547e-05
Epoch 81: reducing lr to 1.033582356505001e-05
Epoch 84: reducing lr to 7.3020035828909205e-06
Epoch 87: reducing lr to 4.747396897583297e-06
Epoch 90: reducing lr to 2.7123063124299724e-06
Epoch 93: reducing lr to 1.2288162243072222e-06
Epoch 96: reducing lr to 3.2032652885723764e-07
Epoch 99: reducing lr to 1.1619626851520383e-09
[I 2024-06-21 00:17:31,156] Trial 257 finished with value: 0.9811098575592041 and parameters: {'hidden_size': 166, 'n_layers': 1, 'rnn_dropout': 0.4354431738726739, 'bidirectional': True, 'fc_dropout': 0.48393576374954256, 'learning_rate_model': 0.0007537724382960232}. Best is trial 235 with value: 0.9706074595451355.
Epoch 33: reducing lr to 7.164709261244338e-05
Epoch 38: reducing lr to 6.80863650511477e-05
Epoch 41: reducing lr to 6.528725673475872e-05
Epoch 45: reducing lr to 6.0872148663751146e-05
Epoch 49: reducing lr to 5.579108699274255e-05
Epoch 55: reducing lr to 4.723625212154709e-05
Epoch 61: reducing lr to 3.8044192986305095e-05
Epoch 64: reducing lr to 3.338912381088834e-05
Epoch 67: reducing lr to 2.8792477657271803e-05
Epoch 72: reducing lr to 2.145728059163869e-05
Epoch 75: reducing lr to 1.736477348370923e-05
Epoch 78: reducing lr to 1.3583425803359855e-05
Epoch 81: reducing lr to 1.017286047180232e-05
Epoch 84: reducing lr to 7.186874190125603e-06
Epoch 87: reducing lr to 4.672545534415611e-06
Epoch 90: reducing lr to 2.6695418608381766e-06
Epoch 93: reducing lr to 1.209441697286155e-06
Epoch 96: reducing lr to 3.152759974057941e-07
Epoch 99: reducing lr to 1.143642225994064e-09
[I 2024-06-21 00:17:48,920] Trial 258 finished with value: 0.9812232851982117 and parameters: {'hidden_size': 166, 'n_layers': 1, 'rnn_dropout': 0.4381087727212091, 'bidirectional': True, 'fc_dropout': 0.4694815584319639, 'learning_rate_model': 0.0007418878422232979}. Best is trial 235 with value: 0.9706074595451355.
Epoch 33: reducing lr to 7.4573814583168e-05
Epoch 38: reducing lr to 7.086763437047474e-05
Epoch 41: reducing lr to 6.795418489229812e-05
Epoch 44: reducing lr to 6.457796075991173e-05
Epoch 49: reducing lr to 5.8070104802376736e-05
Epoch 52: reducing lr to 5.373724440850529e-05
Epoch 55: reducing lr to 4.916581230128298e-05
Epoch 58: reducing lr to 4.442791984540641e-05
Epoch 72: reducing lr to 2.23337920068227e-05
Epoch 75: reducing lr to 1.8074109511429666e-05
Epoch 78: reducing lr to 1.4138297038002211e-05
Epoch 81: reducing lr to 1.0588413052686383e-05
Epoch 84: reducing lr to 7.480451805435867e-06
Epoch 87: reducing lr to 4.863414991586172e-06
Epoch 90: reducing lr to 2.7785903446077505e-06
Epoch 93: reducing lr to 1.2588463480359895e-06
Epoch 96: reducing lr to 3.281547501200461e-07
Epoch 99: reducing lr to 1.1903590250755999e-09
[I 2024-06-21 00:18:06,047] Trial 259 finished with value: 0.9812608957290649 and parameters: {'hidden_size': 168, 'n_layers': 1, 'rnn_dropout': 0.43247318037273824, 'bidirectional': True, 'fc_dropout': 0.46884432263899795, 'learning_rate_model': 0.0007721933210428434}. Best is trial 235 with value: 0.9706074595451355.
Epoch 33: reducing lr to 7.309356134570156e-05
Epoch 38: reducing lr to 6.946094697229301e-05
Epoch 41: reducing lr to 6.660532802144521e-05
Epoch 45: reducing lr to 6.210108422216442e-05
Epoch 49: reducing lr to 5.691744201968016e-05
Epoch 55: reducing lr to 4.818989530899239e-05
Epoch 61: reducing lr to 3.881225954183723e-05
Epoch 64: reducing lr to 3.4063210111704256e-05
Epoch 67: reducing lr to 2.9373763194000556e-05
Epoch 72: reducing lr to 2.189047731107073e-05
Epoch 75: reducing lr to 1.7715347400785868e-05
Epoch 78: reducing lr to 1.385765885314142e-05
Epoch 81: reducing lr to 1.037823830450595e-05
Epoch 84: reducing lr to 7.331968546739755e-06
Epoch 87: reducing lr to 4.76687861582642e-06
Epoch 90: reducing lr to 2.7234367042020802e-06
Epoch 93: reducing lr to 1.233858872303796e-06
Epoch 96: reducing lr to 3.2164104106585875e-07
Epoch 99: reducing lr to 1.1667309887425544e-09
[I 2024-06-21 00:18:23,783] Trial 260 finished with value: 0.981080174446106 and parameters: {'hidden_size': 166, 'n_layers': 1, 'rnn_dropout': 0.4519493433291724, 'bidirectional': True, 'fc_dropout': 0.4786285070237736, 'learning_rate_model': 0.0007568656665596621}. Best is trial 235 with value: 0.9706074595451355.
Epoch 33: reducing lr to 7.192792663058156e-05
Epoch 38: reducing lr to 6.835324213967336e-05
Epoch 41: reducing lr to 6.554316220103101e-05
Epoch 44: reducing lr to 6.228672690882996e-05
Epoch 49: reducing lr to 5.600977046704934e-05
Epoch 52: reducing lr to 5.183064048351647e-05
Epoch 55: reducing lr to 4.742140333985038e-05
Epoch 58: reducing lr to 4.2851611880814646e-05
Epoch 72: reducing lr to 2.1541386367702283e-05
Epoch 75: reducing lr to 1.7432837921967297e-05
Epoch 78: reducing lr to 1.363666855068353e-05
Epoch 81: reducing lr to 1.0212734878119254e-05
Epoch 84: reducing lr to 7.215044471473725e-06
Epoch 87: reducing lr to 4.690860440010767e-06
Epoch 90: reducing lr to 2.6800056234282856e-06
Epoch 93: reducing lr to 1.214182327494151e-06
Epoch 96: reducing lr to 3.1651177993298214e-07
Epoch 99: reducing lr to 1.148124943034512e-09
[I 2024-06-21 00:18:40,862] Trial 261 finished with value: 0.9816436767578125 and parameters: {'hidden_size': 168, 'n_layers': 1, 'rnn_dropout': 0.45263913423285973, 'bidirectional': True, 'fc_dropout': 0.47529155208974266, 'learning_rate_model': 0.0007447958087037585}. Best is trial 235 with value: 0.9706074595451355.
Epoch 33: reducing lr to 7.147668415326843e-05
Epoch 38: reducing lr to 6.79244255762e-05
Epoch 41: reducing lr to 6.513197477678579e-05
Epoch 44: reducing lr to 6.18959688504416e-05
Epoch 49: reducing lr to 5.5658391124376256e-05
Epoch 52: reducing lr to 5.1505479065578916e-05
Epoch 55: reducing lr to 4.7123903432329885e-05
Epoch 58: reducing lr to 4.2582780727078344e-05
Epoch 72: reducing lr to 2.1406245692798014e-05
Epoch 75: reducing lr to 1.7323472375940806e-05
Epoch 78: reducing lr to 1.3551118411991044e-05
Epoch 81: reducing lr to 1.0148664912496398e-05
Epoch 84: reducing lr to 7.169780626208814e-06
Epoch 87: reducing lr to 4.661432155548292e-06
Epoch 90: reducing lr to 2.6631925101720107e-06
Epoch 93: reducing lr to 1.2065651102736085e-06
Epoch 96: reducing lr to 3.145261317103018e-07
Epoch 99: reducing lr to 1.1409221392188855e-09
