[I 2024-06-21 02:42:46,509] Trial 631 finished with value: 0.9676995277404785 and parameters: {'hidden_size': 135, 'n_layers': 2, 'rnn_dropout': 0.5105426102977189, 'bidirectional': True, 'fc_dropout': 0.13032571773521237, 'learning_rate_model': 0.0006810840100770398}. Best is trial 613 with value: 0.9663827419281006.
Epoch 40: reducing lr to 5.7988536507406434e-05
Epoch 43: reducing lr to 5.527525266692161e-05
Epoch 49: reducing lr to 4.8817632317795e-05
Epoch 65: reducing lr to 2.786620465628413e-05
Epoch 72: reducing lr to 1.8775286357095668e-05
Epoch 75: reducing lr to 1.519431100741568e-05
Epoch 78: reducing lr to 1.1885602561762778e-05
Epoch 81: reducing lr to 8.901331537011943e-06
Epoch 84: reducing lr to 6.2885704624009465e-06
Epoch 87: reducing lr to 4.088513455866678e-06
Epoch 90: reducing lr to 2.335869760636017e-06
Epoch 93: reducing lr to 1.0582708326798881e-06
Epoch 96: reducing lr to 2.75868934440811e-07
Epoch 99: reducing lr to 1.0006957867599378e-09
[I 2024-06-21 02:43:22,752] Trial 632 finished with value: 0.9721577167510986 and parameters: {'hidden_size': 138, 'n_layers': 2, 'rnn_dropout': 0.5119758893127866, 'bidirectional': True, 'fc_dropout': 0.1312740212042443, 'learning_rate_model': 0.0006491575958613335}. Best is trial 613 with value: 0.9663827419281006.
Epoch 40: reducing lr to 5.861762959057594e-05
Epoch 43: reducing lr to 5.5874910482372175e-05
Epoch 53: reducing lr to 4.438986945506326e-05
Epoch 56: reducing lr to 4.045103222525684e-05
Epoch 65: reducing lr to 2.8168513313465283e-05
Epoch 72: reducing lr to 1.8978971490281728e-05
Epoch 75: reducing lr to 1.535914765503603e-05
Epoch 78: reducing lr to 1.201454443219525e-05
Epoch 81: reducing lr to 8.997898314485588e-06
Epoch 84: reducing lr to 6.356792501086396e-06
Epoch 87: reducing lr to 4.132868007480559e-06
Epoch 90: reducing lr to 2.3612106227806177e-06
Epoch 93: reducing lr to 1.0697515649255442e-06
Epoch 96: reducing lr to 2.7886171972167163e-07
Epoch 99: reducing lr to 1.0115519116999165e-09
[I 2024-06-21 02:43:54,187] Trial 633 finished with value: 0.970962643623352 and parameters: {'hidden_size': 128, 'n_layers': 2, 'rnn_dropout': 0.5526251550511436, 'bidirectional': True, 'fc_dropout': 0.12848131539055763, 'learning_rate_model': 0.0006562000317984975}. Best is trial 613 with value: 0.9663827419281006.
Epoch 40: reducing lr to 6.0201754984809115e-05
Epoch 65: reducing lr to 2.892975967517127e-05
Epoch 72: reducing lr to 1.9491872999677052e-05
Epoch 77: reducing lr to 1.3449379731561756e-05
Epoch 83: reducing lr to 7.387116023089657e-06
Epoch 86: reducing lr to 4.9559208783725674e-06
Epoch 89: reducing lr to 2.977997054966371e-06
Epoch 92: reducing lr to 1.4845277973592045e-06
[I 2024-06-21 02:44:30,599] Trial 634 finished with value: 0.9678410291671753 and parameters: {'hidden_size': 135, 'n_layers': 2, 'rnn_dropout': 0.5092695853404668, 'bidirectional': True, 'fc_dropout': 0.11058192102981346, 'learning_rate_model': 0.0006739336580356755}. Best is trial 613 with value: 0.9663827419281006.
Epoch 40: reducing lr to 5.7318727265594964e-05
Epoch 49: reducing lr to 4.825375360556646e-05
Epoch 61: reducing lr to 3.2904451471300214e-05
Epoch 65: reducing lr to 2.7544329980060745e-05
Epoch 72: reducing lr to 1.855841831597803e-05
Epoch 75: reducing lr to 1.5018805803306489e-05
Epoch 78: reducing lr to 1.174831531638885e-05
Epoch 81: reducing lr to 8.798514765163305e-06
Epoch 84: reducing lr to 6.215932957349219e-06
Epoch 87: reducing lr to 4.041288189237291e-06
Epoch 90: reducing lr to 2.3088887873682663e-06
Epoch 93: reducing lr to 1.046047044552759e-06
Epoch 96: reducing lr to 2.726824501294916e-07
Epoch 99: reducing lr to 9.891370317542842e-10
[I 2024-06-21 02:45:06,737] Trial 635 finished with value: 0.9715064764022827 and parameters: {'hidden_size': 138, 'n_layers': 2, 'rnn_dropout': 0.5413455372698847, 'bidirectional': True, 'fc_dropout': 0.11159087080721954, 'learning_rate_model': 0.0006416593594289568}. Best is trial 613 with value: 0.9663827419281006.
Epoch 40: reducing lr to 8.141574850581488e-05
Epoch 52: reducing lr to 6.342577263343795e-05
Epoch 61: reducing lr to 4.673761392669963e-05
Epoch 71: reducing lr to 2.8107733259169726e-05
Epoch 76: reducing lr to 1.973807291576682e-05
Epoch 79: reducing lr to 1.523668547507511e-05
Epoch 82: reducing lr to 1.1213685424396732e-05
Epoch 85: reducing lr to 7.732529730588418e-06
Epoch 88: reducing lr to 4.848104166606313e-06
Epoch 91: reducing lr to 2.6059149298684245e-06
Epoch 94: reducing lr to 1.0413112932586376e-06
Epoch 97: reducing lr to 1.7897260051584225e-07
[I 2024-06-21 02:45:43,154] Trial 636 finished with value: 0.9666458368301392 and parameters: {'hidden_size': 135, 'n_layers': 2, 'rnn_dropout': 0.5846588691536871, 'bidirectional': True, 'fc_dropout': 0.14308519893549002, 'learning_rate_model': 0.0009114155098315924}. Best is trial 613 with value: 0.9663827419281006.
Epoch 31: reducing lr to 9.228608715445222e-05
Epoch 36: reducing lr to 8.851134282429068e-05
Epoch 40: reducing lr to 8.417833781991789e-05
Epoch 52: reducing lr to 6.557792826587493e-05
Epoch 55: reducing lr to 5.9999208141694275e-05
Epoch 61: reducing lr to 4.832350897980905e-05
Epoch 65: reducing lr to 4.045162941844638e-05
Epoch 68: reducing lr to 3.465830201016709e-05
Epoch 72: reducing lr to 2.7254910932808812e-05
Epoch 75: reducing lr to 2.2056632602889926e-05
Epoch 78: reducing lr to 1.7253587138029617e-05
Epoch 81: reducing lr to 1.2921507220206846e-05
Epoch 84: reducing lr to 9.128725101050493e-06
Epoch 87: reducing lr to 5.935039709534099e-06
Epoch 90: reducing lr to 3.3908362869105235e-06
Epoch 93: reducing lr to 1.5362256925886591e-06
Epoch 96: reducing lr to 4.0046170771033345e-07
Epoch 99: reducing lr to 1.452647593229786e-09
[I 2024-06-21 02:46:17,560] Trial 637 finished with value: 0.9727830290794373 and parameters: {'hidden_size': 136, 'n_layers': 2, 'rnn_dropout': 0.5818005939861446, 'bidirectional': True, 'fc_dropout': 0.1478234032081334, 'learning_rate_model': 0.0009423415504856149}. Best is trial 613 with value: 0.9663827419281006.
Epoch 40: reducing lr to 6.066552886703154e-05
Epoch 65: reducing lr to 2.915262472220689e-05
Epoch 72: reducing lr to 1.964203177187776e-05
Epoch 79: reducing lr to 1.1353351157362772e-05
Epoch 86: reducing lr to 4.99409961031037e-06
Epoch 89: reducing lr to 3.000938533263429e-06
[I 2024-06-21 02:46:54,013] Trial 638 finished with value: 0.968633770942688 and parameters: {'hidden_size': 135, 'n_layers': 2, 'rnn_dropout': 0.595155850245259, 'bidirectional': True, 'fc_dropout': 0.1818575617723655, 'learning_rate_model': 0.0006791254141402348}. Best is trial 613 with value: 0.9663827419281006.
Epoch 40: reducing lr to 5.6802720572568664e-05
Epoch 49: reducing lr to 4.781935352356988e-05
Epoch 61: reducing lr to 3.260823210287503e-05
Epoch 65: reducing lr to 2.72963646238382e-05
Epoch 72: reducing lr to 1.839134782226917e-05
Epoch 75: reducing lr to 1.4883600353264683e-05
Epoch 78: reducing lr to 1.164255216315361e-05
Epoch 81: reducing lr to 8.719306926397493e-06
Epoch 84: reducing lr to 6.159974579304079e-06
Epoch 87: reducing lr to 4.004906855359586e-06
Epoch 90: reducing lr to 2.2881032234771698e-06
Epoch 93: reducing lr to 1.0366301000049798e-06
Epoch 96: reducing lr to 2.7022765086841566e-07
Epoch 99: reducing lr to 9.802324144872129e-10
[I 2024-06-21 02:47:30,161] Trial 639 finished with value: 0.9724404215812683 and parameters: {'hidden_size': 138, 'n_layers': 2, 'rnn_dropout': 0.605263513834046, 'bidirectional': True, 'fc_dropout': 0.18505842489316296, 'learning_rate_model': 0.0006358828786886552}. Best is trial 613 with value: 0.9663827419281006.
Epoch 40: reducing lr to 5.788528899006145e-05
Epoch 47: reducing lr to 5.101502232590533e-05
Epoch 61: reducing lr to 3.322969251654921e-05
Epoch 65: reducing lr to 2.7816589393994815e-05
Epoch 72: reducing lr to 1.8741857306794256e-05
Epoch 75: reducing lr to 1.516725781753076e-05
Epoch 78: reducing lr to 1.1864440466104534e-05
Epoch 86: reducing lr to 4.765225072406339e-06
Epoch 89: reducing lr to 2.8634085531522876e-06
[I 2024-06-21 02:48:06,614] Trial 640 finished with value: 0.9685863256454468 and parameters: {'hidden_size': 135, 'n_layers': 2, 'rnn_dropout': 0.5676327765846053, 'bidirectional': True, 'fc_dropout': 0.17103090755145434, 'learning_rate_model': 0.0006480017827614501}. Best is trial 613 with value: 0.9663827419281006.
Epoch 40: reducing lr to 5.7253591903089566e-05
Epoch 43: reducing lr to 5.4574696123394804e-05
Epoch 47: reducing lr to 5.045829985708232e-05
Epoch 50: reducing lr to 4.702571801352042e-05
Epoch 53: reducing lr to 4.335691306801343e-05
Epoch 56: reducing lr to 3.950973294655235e-05
Epoch 61: reducing lr to 3.2867059793625775e-05
Epoch 65: reducing lr to 2.7513029391164103e-05
Epoch 72: reducing lr to 1.8537329060123888e-05
Epoch 75: reducing lr to 1.5001738861888492e-05
Epoch 78: reducing lr to 1.1734964866833074e-05
Epoch 81: reducing lr to 8.788516384597694e-06
Epoch 84: reducing lr to 6.208869348895221e-06
Epoch 87: reducing lr to 4.036695784908858e-06
Epoch 90: reducing lr to 2.306265032178223e-06
Epoch 93: reducing lr to 1.044858346605426e-06
Epoch 96: reducing lr to 2.723725815911328e-07
Epoch 99: reducing lr to 9.88013004721809e-10
[I 2024-06-21 02:48:40,954] Trial 641 finished with value: 0.9737445116043091 and parameters: {'hidden_size': 136, 'n_layers': 2, 'rnn_dropout': 0.5938886268549342, 'bidirectional': True, 'fc_dropout': 0.2119580834262747, 'learning_rate_model': 0.0006409301960826089}. Best is trial 613 with value: 0.9663827419281006.
Epoch 36: reducing lr to 6.444309401803249e-05
Epoch 40: reducing lr to 6.128833170206897e-05
Epoch 43: reducing lr to 5.842065043206039e-05
Epoch 65: reducing lr to 2.945191062088533e-05
Epoch 72: reducing lr to 1.9843680274773588e-05
Epoch 75: reducing lr to 1.6058932145803505e-05
Epoch 78: reducing lr to 1.2561944069604834e-05
Epoch 87: reducing lr to 4.32116731932914e-06
Epoch 90: reducing lr to 2.4687907183932376e-06
Epoch 93: reducing lr to 1.1184909592540848e-06
Epoch 99: reducing lr to 1.0576396475086256e-09
[I 2024-06-21 02:49:17,954] Trial 642 finished with value: 0.9686768054962158 and parameters: {'hidden_size': 139, 'n_layers': 2, 'rnn_dropout': 0.5683183550037751, 'bidirectional': True, 'fc_dropout': 0.17289261649727256, 'learning_rate_model': 0.0006860974333605661}. Best is trial 613 with value: 0.9663827419281006.
Epoch 40: reducing lr to 5.717454315905602e-05
Epoch 65: reducing lr to 2.747504277153662e-05
Epoch 72: reducing lr to 1.851173498766081e-05
Epoch 75: reducing lr to 1.4981026299131568e-05
Epoch 78: reducing lr to 1.171876266530883e-05
Epoch 87: reducing lr to 4.031122410012443e-06
Epoch 90: reducing lr to 2.3030808240239006e-06
Epoch 93: reducing lr to 1.0434157342339274e-06
Epoch 96: reducing lr to 2.71996522906116e-07
Epoch 99: reducing lr to 9.866488774319496e-10
[I 2024-06-21 02:49:54,954] Trial 643 finished with value: 0.9694210290908813 and parameters: {'hidden_size': 139, 'n_layers': 2, 'rnn_dropout': 0.560776503468277, 'bidirectional': True, 'fc_dropout': 0.1751064720323452, 'learning_rate_model': 0.0006400452782053294}. Best is trial 613 with value: 0.9663827419281006.
Epoch 40: reducing lr to 5.495291925054122e-05
Epoch 43: reducing lr to 5.238167195288062e-05
Epoch 56: reducing lr to 3.792207776059508e-05
Epoch 65: reducing lr to 2.6407448549770734e-05
Epoch 72: reducing lr to 1.779242686967083e-05
Epoch 75: reducing lr to 1.4398910476926393e-05
Epoch 78: reducing lr to 1.1263408203743059e-05
Epoch 81: reducing lr to 8.435359514776462e-06
Epoch 87: reducing lr to 3.874485602275838e-06
Epoch 90: reducing lr to 2.2135903071052243e-06
Epoch 93: reducing lr to 1.002871862545334e-06
Epoch 99: reducing lr to 9.483107882291008e-10
[I 2024-06-21 02:50:31,998] Trial 644 finished with value: 0.9703330993652344 and parameters: {'hidden_size': 139, 'n_layers': 2, 'rnn_dropout': 0.6175599251206941, 'bidirectional': True, 'fc_dropout': 0.1877383293482891, 'learning_rate_model': 0.0006151751207186799}. Best is trial 613 with value: 0.9663827419281006.
Epoch 40: reducing lr to 5.796135397392061e-05
Epoch 43: reducing lr to 5.524934200427944e-05
Epoch 47: reducing lr to 5.1082059338547025e-05
Epoch 50: reducing lr to 4.760704432785722e-05
Epoch 53: reducing lr to 4.389288605342542e-05
Epoch 56: reducing lr to 3.999814755040054e-05
Epoch 61: reducing lr to 3.3273358464651325e-05
Epoch 65: reducing lr to 2.785314217726993e-05
Epoch 72: reducing lr to 1.876648530983967e-05
Epoch 75: reducing lr to 1.5187188567488254e-05
Epoch 78: reducing lr to 1.1880031102141734e-05
Epoch 81: reducing lr to 8.897158975379146e-06
Epoch 84: reducing lr to 6.285622650859782e-06
Epoch 87: reducing lr to 4.086596936488628e-06
Epoch 90: reducing lr to 2.334774805291199e-06
Epoch 93: reducing lr to 1.0577747607994938e-06
Epoch 96: reducing lr to 2.7573961894158427e-07
Epoch 99: reducing lr to 1.0002267035783516e-09
[I 2024-06-21 02:51:06,326] Trial 645 finished with value: 0.9735966324806213 and parameters: {'hidden_size': 136, 'n_layers': 2, 'rnn_dropout': 0.5860173511441816, 'bidirectional': True, 'fc_dropout': 0.13779330167729995, 'learning_rate_model': 0.0006488532986821}. Best is trial 613 with value: 0.9663827419281006.
Epoch 36: reducing lr to 6.642725560994259e-05
Epoch 40: reducing lr to 6.3175360182754e-05
Epoch 43: reducing lr to 6.021938484306283e-05
Epoch 65: reducing lr to 3.035871608627745e-05
Epoch 72: reducing lr to 2.0454654481448594e-05
Epoch 75: reducing lr to 1.6553376381548574e-05
Epoch 78: reducing lr to 1.2948718282147428e-05
Epoch 86: reducing lr to 5.200713610548752e-06
Epoch 89: reducing lr to 3.1250922272640445e-06
Epoch 92: reducing lr to 1.557854556285675e-06
Epoch 99: reducing lr to 1.0902036948982202e-09
[I 2024-06-21 02:51:43,377] Trial 646 finished with value: 0.9683738946914673 and parameters: {'hidden_size': 139, 'n_layers': 2, 'rnn_dropout': 0.5817618391420963, 'bidirectional': True, 'fc_dropout': 0.1151503881780213, 'learning_rate_model': 0.0007072219339191706}. Best is trial 613 with value: 0.9663827419281006.
Epoch 40: reducing lr to 8.413825374477375e-05
Epoch 52: reducing lr to 6.55467013413183e-05
Epoch 62: reducing lr to 4.6327994145240134e-05
Epoch 65: reducing lr to 4.0432367145095476e-05
Epoch 72: reducing lr to 2.72419326782344e-05
Epoch 75: reducing lr to 2.2046129666605146e-05
Epoch 78: reducing lr to 1.7245371317888026e-05
Epoch 81: reducing lr to 1.2915354251642666e-05
Epoch 84: reducing lr to 9.1243781810186e-06
Epoch 87: reducing lr to 5.932213559911028e-06
Epoch 90: reducing lr to 3.389221637108131e-06
Epoch 93: reducing lr to 1.5354941720134682e-06
Epoch 96: reducing lr to 4.002710156914631e-07
Epoch 99: reducing lr to 1.4519558708993296e-09
[I 2024-06-21 02:52:20,433] Trial 647 finished with value: 0.968040406703949 and parameters: {'hidden_size': 139, 'n_layers': 2, 'rnn_dropout': 0.5742551984785194, 'bidirectional': True, 'fc_dropout': 0.11571535057575023, 'learning_rate_model': 0.0009418928259027903}. Best is trial 613 with value: 0.9663827419281006.
Epoch 40: reducing lr to 8.491593769088567e-05
Epoch 52: reducing lr to 6.615254487960189e-05
Epoch 62: reducing lr to 4.6756200528172806e-05
Epoch 65: reducing lr to 4.080608066341291e-05
Epoch 72: reducing lr to 2.749372794093607e-05
Epoch 75: reducing lr to 2.224990048846732e-05
Epoch 78: reducing lr to 1.7404769068872288e-05
Epoch 81: reducing lr to 1.303472996022724e-05
Epoch 84: reducing lr to 9.208714165113984e-06
Epoch 87: reducing lr to 5.98704459151819e-06
Epoch 90: reducing lr to 3.4205479736992147e-06
Epoch 93: reducing lr to 1.5496866363656097e-06
Epoch 96: reducing lr to 4.039706924632391e-07
Epoch 99: reducing lr to 1.46537619663328e-09
[I 2024-06-21 02:52:57,449] Trial 648 finished with value: 0.9681844711303711 and parameters: {'hidden_size': 139, 'n_layers': 2, 'rnn_dropout': 0.5745101531260481, 'bidirectional': True, 'fc_dropout': 0.11605431708607095, 'learning_rate_model': 0.0009505986748723274}. Best is trial 613 with value: 0.9663827419281006.
Epoch 40: reducing lr to 7.997799756974795e-05
Epoch 52: reducing lr to 6.230571336176055e-05
Epoch 65: reducing lr to 3.843316942467997e-05
Epoch 72: reducing lr to 2.5894942295143633e-05
Epoch 75: reducing lr to 2.0956048247050964e-05
Epoch 78: reducing lr to 1.6392665689678892e-05
Epoch 81: reducing lr to 1.2276748387049486e-05
Epoch 84: reducing lr to 8.673218940347875e-06
Epoch 87: reducing lr to 5.638892424805774e-06
Epoch 90: reducing lr to 3.22163995319203e-06
Epoch 93: reducing lr to 1.4595709287023813e-06
Epoch 96: reducing lr to 3.8047942398852784e-07
Epoch 99: reducing lr to 1.3801632188243511e-09
[I 2024-06-21 02:53:34,471] Trial 649 finished with value: 0.9672420024871826 and parameters: {'hidden_size': 139, 'n_layers': 2, 'rnn_dropout': 0.5782755360641584, 'bidirectional': True, 'fc_dropout': 0.1395735006601761, 'learning_rate_model': 0.0008953204848953211}. Best is trial 613 with value: 0.9663827419281006.
Epoch 40: reducing lr to 8.075086683182653e-05
Epoch 52: reducing lr to 6.290780608941592e-05
Epoch 65: reducing lr to 3.880456926207512e-05
Epoch 72: reducing lr to 2.6145178679541247e-05
Epoch 75: reducing lr to 2.1158557512560602e-05
Epoch 78: reducing lr to 1.6551076600430122e-05
Epoch 81: reducing lr to 1.2395385034064176e-05
Epoch 84: reducing lr to 8.757032795732636e-06
Epoch 87: reducing lr to 5.693383994484047e-06
Epoch 90: reducing lr to 3.252772346712331e-06
Epoch 93: reducing lr to 1.473675526728036e-06
Epoch 96: reducing lr to 3.841561958581752e-07
Epoch 99: reducing lr to 1.393500458589641e-09
[I 2024-06-21 02:54:11,493] Trial 650 finished with value: 0.9675776362419128 and parameters: {'hidden_size': 139, 'n_layers': 2, 'rnn_dropout': 0.5715402497902338, 'bidirectional': True, 'fc_dropout': 0.11418610897587324, 'learning_rate_model': 0.0009039724354756219}. Best is trial 613 with value: 0.9663827419281006.
Epoch 36: reducing lr to 8.796363981289625e-05
Epoch 40: reducing lr to 8.365744719000539e-05
Epoch 52: reducing lr to 6.517213588214026e-05
Epoch 65: reducing lr to 4.020131710206591e-05
Epoch 72: reducing lr to 2.7086259138396205e-05
Epoch 75: reducing lr to 2.1920147450678363e-05
Epoch 78: reducing lr to 1.714682295017164e-05
Epoch 81: reducing lr to 1.2841549689449331e-05
Epoch 84: reducing lr to 9.072237084164765e-06
Epoch 87: reducing lr to 5.898314031017274e-06
Epoch 90: reducing lr to 3.3698539903344445e-06
Epoch 93: reducing lr to 1.5267196178736682e-06
Epoch 96: reducing lr to 3.979836740904412e-07
Epoch 99: reducing lr to 1.4436586948996833e-09
[I 2024-06-21 02:54:48,511] Trial 651 finished with value: 0.9673452377319336 and parameters: {'hidden_size': 139, 'n_layers': 2, 'rnn_dropout': 0.6025141608150987, 'bidirectional': True, 'fc_dropout': 0.1727269159357429, 'learning_rate_model': 0.0009365103960991354}. Best is trial 613 with value: 0.9663827419281006.
Epoch 36: reducing lr to 9.064829007374461e-05
Epoch 40: reducing lr to 8.621067245328774e-05
Epoch 43: reducing lr to 8.217687476613693e-05
Epoch 52: reducing lr to 6.716118944982108e-05
Epoch 56: reducing lr to 5.9492523220858226e-05
Epoch 65: reducing lr to 4.1428261288028144e-05
Epoch 72: reducing lr to 2.7912931759219713e-05
Epoch 75: reducing lr to 2.2589150344333866e-05
Epoch 78: reducing lr to 1.767014398149565e-05
Epoch 83: reducing lr to 1.0578566023560507e-05
Epoch 86: reducing lr to 7.097023527928678e-06
Epoch 89: reducing lr to 4.264578810656678e-06
Epoch 92: reducing lr to 2.125887189139753e-06
Epoch 95: reducing lr to 7.146834089990193e-07
Epoch 98: reducing lr to 5.321924091451768e-08
[I 2024-06-21 02:55:25,500] Trial 652 finished with value: 0.9679046869277954 and parameters: {'hidden_size': 139, 'n_layers': 2, 'rnn_dropout': 0.6286138355070169, 'bidirectional': True, 'fc_dropout': 0.1397264983681055, 'learning_rate_model': 0.000965092693108702}. Best is trial 613 with value: 0.9663827419281006.
Epoch 31: reducing lr to 0.00010065478579848333
Epoch 36: reducing lr to 9.653773962487579e-05
Epoch 39: reducing lr to 9.310517096210664e-05
Epoch 52: reducing lr to 7.15246742627933e-05
Epoch 61: reducing lr to 5.2705587541633135e-05
Epoch 65: reducing lr to 4.411986920085729e-05
Epoch 72: reducing lr to 2.9726444218046617e-05
Epoch 75: reducing lr to 2.4056774954215004e-05
Epoch 78: reducing lr to 1.881817911217027e-05
Epoch 81: reducing lr to 1.4093256974550682e-05
Epoch 84: reducing lr to 9.956537306882098e-06
Epoch 87: reducing lr to 6.473241732189185e-06
Epoch 90: reducing lr to 3.6983245325537426e-06
Epoch 93: reducing lr to 1.675533905417929e-06
Epoch 96: reducing lr to 4.367764270102629e-07
Epoch 99: reducing lr to 1.5843767662638077e-09
[I 2024-06-21 02:56:02,719] Trial 653 finished with value: 0.9713469743728638 and parameters: {'hidden_size': 140, 'n_layers': 2, 'rnn_dropout': 0.6276783244588374, 'bidirectional': True, 'fc_dropout': 0.140097818037496, 'learning_rate_model': 0.001027795086321029}. Best is trial 613 with value: 0.9663827419281006.
Epoch 36: reducing lr to 8.602067737080365e-05
Epoch 40: reducing lr to 8.180960098630959e-05
Epoch 52: reducing lr to 6.373259776662688e-05
Epoch 65: reducing lr to 3.931334055382265e-05
Epoch 72: reducing lr to 2.6487971205852335e-05
Epoch 75: reducing lr to 2.143596985966017e-05
Epoch 78: reducing lr to 1.6768079720988992e-05
Epoch 81: reducing lr to 1.2557902391566504e-05
Epoch 84: reducing lr to 8.871847287223833e-06
Epoch 87: reducing lr to 5.7680306246199136e-06
Epoch 90: reducing lr to 3.2954198292142007e-06
Epoch 93: reducing lr to 1.4929970606506522e-06
Epoch 96: reducing lr to 3.891929131241028e-07
Epoch 99: reducing lr to 1.4117708077121364e-09
