[I 2024-06-21 03:34:11,311] Trial 716 finished with value: 0.9696855545043945 and parameters: {'hidden_size': 143, 'n_layers': 2, 'rnn_dropout': 0.6152487776587724, 'bidirectional': True, 'fc_dropout': 0.20612614156826276, 'learning_rate_model': 0.0011047291606161977}. Best is trial 690 with value: 0.966281533241272.
Epoch 40: reducing lr to 5.2432488373643584e-05
Epoch 47: reducing lr to 4.620940158808663e-05
Epoch 50: reducing lr to 4.3065864185074766e-05
Epoch 53: reducing lr to 3.970599511387189e-05
Epoch 56: reducing lr to 3.618277115036481e-05
Epoch 65: reducing lr to 2.5196263600678656e-05
Epoch 72: reducing lr to 1.6976372278415975e-05
Epoch 75: reducing lr to 1.3738500455863262e-05
Epoch 78: reducing lr to 1.0746808863744638e-05
Epoch 86: reducing lr to 4.316340344256346e-06
Epoch 89: reducing lr to 2.593675151175729e-06
Epoch 92: reducing lr to 1.292943810276431e-06
Epoch 95: reducing lr to 4.346634641259916e-07
Epoch 98: reducing lr to 3.2367422165928676e-08
[I 2024-06-21 03:34:47,040] Trial 717 finished with value: 0.9744430780410767 and parameters: {'hidden_size': 137, 'n_layers': 2, 'rnn_dropout': 0.5972182318763746, 'bidirectional': True, 'fc_dropout': 0.22490496950342156, 'learning_rate_model': 0.0005869599432521376}. Best is trial 690 with value: 0.966281533241272.
Epoch 40: reducing lr to 9.314568057639055e-05
Epoch 52: reducing lr to 7.256380818758958e-05
Epoch 68: reducing lr to 3.835037863619159e-05
Epoch 71: reducing lr to 3.215734046464022e-05
Epoch 74: reducing lr to 2.627938253474614e-05
Epoch 77: reducing lr to 2.080922107242128e-05
Epoch 80: reducing lr to 1.583310760316772e-05
Epoch 83: reducing lr to 1.1429533069942405e-05
Epoch 86: reducing lr to 7.667926345589737e-06
Epoch 89: reducing lr to 4.607632493592987e-06
Epoch 92: reducing lr to 2.2968990198788364e-06
Epoch 95: reducing lr to 7.721743797316736e-07
Epoch 98: reducing lr to 5.7500333470040905e-08
[I 2024-06-21 03:35:23,458] Trial 718 finished with value: 0.9681203365325928 and parameters: {'hidden_size': 135, 'n_layers': 2, 'rnn_dropout': 0.5778520066652169, 'bidirectional': True, 'fc_dropout': 0.20290528325423537, 'learning_rate_model': 0.0010427272304089706}. Best is trial 690 with value: 0.966281533241272.
Epoch 36: reducing lr to 7.917837734001148e-05
Epoch 40: reducing lr to 7.530226051356748e-05
Epoch 49: reducing lr to 6.339318575457811e-05
Epoch 52: reducing lr to 5.866314738574596e-05
Epoch 65: reducing lr to 3.6186259025245164e-05
Epoch 72: reducing lr to 2.4381051663517508e-05
Epoch 76: reducing lr to 1.8255946005737556e-05
Epoch 79: reducing lr to 1.4092566611058669e-05
Epoch 83: reducing lr to 9.240038523046555e-06
Epoch 86: reducing lr to 6.199022688989852e-06
Epoch 89: reducing lr to 3.724972969613603e-06
Epoch 92: reducing lr to 1.8568943540696477e-06
Epoch 95: reducing lr to 6.242530619202601e-07
Epoch 98: reducing lr to 4.6485301989152624e-08
[I 2024-06-21 03:36:02,353] Trial 719 finished with value: 0.9687763452529907 and parameters: {'hidden_size': 142, 'n_layers': 2, 'rnn_dropout': 0.6224429020020825, 'bidirectional': True, 'fc_dropout': 0.2543987493731021, 'learning_rate_model': 0.0008429775493931949}. Best is trial 690 with value: 0.966281533241272.
Epoch 36: reducing lr to 6.719457868090087e-05
Epoch 40: reducing lr to 6.390511954040343e-05
Epoch 43: reducing lr to 6.0914998757633183e-05
Epoch 49: reducing lr to 5.379850599522712e-05
Epoch 52: reducing lr to 4.978436796896624e-05
Epoch 55: reducing lr to 4.554920740805215e-05
Epoch 62: reducing lr to 3.518727656149602e-05
Epoch 65: reducing lr to 3.070939959779356e-05
Epoch 72: reducing lr to 2.0690932920893054e-05
Epoch 75: reducing lr to 1.674458987491345e-05
Epoch 78: reducing lr to 1.309829318458768e-05
Epoch 81: reducing lr to 9.80953633601114e-06
Epoch 85: reducing lr to 6.0694429008127764e-06
Epoch 88: reducing lr to 3.8053900135693977e-06
Epoch 91: reducing lr to 2.04544339592322e-06
Epoch 94: reducing lr to 8.173495164723993e-07
Epoch 97: reducing lr to 1.4047976761652352e-07
[I 2024-06-21 03:36:37,974] Trial 720 finished with value: 0.9744707345962524 and parameters: {'hidden_size': 134, 'n_layers': 2, 'rnn_dropout': 0.6008451973019686, 'bidirectional': True, 'fc_dropout': 0.19158488117736455, 'learning_rate_model': 0.0007153912870137863}. Best is trial 690 with value: 0.966281533241272.
Epoch 40: reducing lr to 5.225694032912719e-05
Epoch 53: reducing lr to 3.957305635750111e-05
Epoch 56: reducing lr to 3.606162842154052e-05
Epoch 65: reducing lr to 2.511190455266441e-05
Epoch 72: reducing lr to 1.691953406514597e-05
Epoch 75: reducing lr to 1.3692502889003044e-05
Epoch 78: reducing lr to 1.071082771275715e-05
Epoch 81: reducing lr to 8.021522511091484e-06
Epoch 84: reducing lr to 5.667007156961545e-06
Epoch 87: reducing lr to 3.6844041351305804e-06
Epoch 90: reducing lr to 2.104992021700327e-06
Epoch 93: reducing lr to 9.536711751355429e-07
Epoch 96: reducing lr to 2.4860200505132274e-07
Epoch 99: reducing lr to 9.017868559096226e-10
[I 2024-06-21 03:37:09,283] Trial 721 finished with value: 0.9715473055839539 and parameters: {'hidden_size': 128, 'n_layers': 2, 'rnn_dropout': 0.5635097990072503, 'bidirectional': True, 'fc_dropout': 0.21783657203235707, 'learning_rate_model': 0.0005849947557616433}. Best is trial 690 with value: 0.966281533241272.
[I 2024-06-21 03:37:45,371] Trial 722 finished with value: 1.0529987812042236 and parameters: {'hidden_size': 138, 'n_layers': 2, 'rnn_dropout': 0.5829781569672385, 'bidirectional': True, 'fc_dropout': 0.22944119231309387, 'learning_rate_model': 3.904138063797538e-05}. Best is trial 690 with value: 0.966281533241272.
Epoch 35: reducing lr to 8.153522326892544e-05
Epoch 40: reducing lr to 7.675790578535367e-05
Epoch 43: reducing lr to 7.316640308601831e-05
Epoch 49: reducing lr to 6.461862029635376e-05
Epoch 52: reducing lr to 5.9797146983338e-05
Epoch 61: reducing lr to 4.4063727623429256e-05
Epoch 65: reducing lr to 3.6885764677459126e-05
Epoch 68: reducing lr to 3.160312675771643e-05
Epoch 71: reducing lr to 2.64996733548806e-05
Epoch 74: reducing lr to 2.165586591044347e-05
Epoch 79: reducing lr to 1.43649857630843e-05
Epoch 82: reducing lr to 1.0572143904701221e-05
Epoch 85: reducing lr to 7.290147169752555e-06
Epoch 88: reducing lr to 4.570741283934406e-06
Epoch 91: reducing lr to 2.4568290084221385e-06
Epoch 94: reducing lr to 9.817372634664626e-07
Epoch 97: reducing lr to 1.6873347307706613e-07
[I 2024-06-21 03:38:20,577] Trial 723 finished with value: 0.9706874489784241 and parameters: {'hidden_size': 133, 'n_layers': 2, 'rnn_dropout': 0.6128788216166442, 'bidirectional': True, 'fc_dropout': 0.19075031707713125, 'learning_rate_model': 0.0008592728939901213}. Best is trial 690 with value: 0.966281533241272.
Epoch 36: reducing lr to 0.00010189725506080248
Epoch 52: reducing lr to 7.549553164199685e-05
Epoch 55: reducing lr to 6.907312012650389e-05
Epoch 58: reducing lr to 6.241684822875109e-05
Epoch 61: reducing lr to 5.563165988480802e-05
Epoch 64: reducing lr to 4.882459670961435e-05
Epoch 67: reducing lr to 4.210296496095672e-05
Epoch 70: reducing lr to 3.557281367299e-05
Epoch 73: reducing lr to 2.9337106823801893e-05
Epoch 76: reducing lr to 2.3494176680769633e-05
Epoch 79: reducing lr to 1.8136186957480595e-05
Epoch 82: reducing lr to 1.334762049606668e-05
Epoch 85: reducing lr to 9.204009958572512e-06
Epoch 88: reducing lr to 5.770685737311199e-06
Epoch 91: reducing lr to 3.1018137403109136e-06
Epoch 94: reducing lr to 1.2394701148335778e-06
Epoch 97: reducing lr to 2.1303061932540554e-07
[I 2024-06-21 03:39:00,314] Trial 724 finished with value: 0.9706985950469971 and parameters: {'hidden_size': 143, 'n_layers': 2, 'rnn_dropout': 0.5659351552264408, 'bidirectional': True, 'fc_dropout': 0.2704286981288918, 'learning_rate_model': 0.0010848555028121537}. Best is trial 690 with value: 0.966281533241272.
Epoch 36: reducing lr to 6.803082643962329e-05
Epoch 40: reducing lr to 6.470042943051129e-05
Epoch 43: reducing lr to 6.167309609500258e-05
Epoch 49: reducing lr to 5.446803739112693e-05
Epoch 52: reducing lr to 5.0403942746437e-05
Epoch 55: reducing lr to 4.611607490472109e-05
Epoch 64: reducing lr to 3.259732230033457e-05
Epoch 67: reducing lr to 2.8109682642022585e-05
Epoch 72: reducing lr to 2.094843503818649e-05
Epoch 75: reducing lr to 1.6952979093634784e-05
Epoch 78: reducing lr to 1.3261303631765522e-05
Epoch 85: reducing lr to 6.144978131811121e-06
Epoch 88: reducing lr to 3.852748728102359e-06
Epoch 91: reducing lr to 2.070899280743276e-06
Epoch 94: reducing lr to 8.275215677696919e-07
Epoch 97: reducing lr to 1.4222806179621907e-07
[I 2024-06-21 03:39:36,087] Trial 725 finished with value: 0.9733571410179138 and parameters: {'hidden_size': 137, 'n_layers': 2, 'rnn_dropout': 0.5950271336128192, 'bidirectional': True, 'fc_dropout': 0.23653909278491195, 'learning_rate_model': 0.000724294451110042}. Best is trial 690 with value: 0.966281533241272.
Epoch 31: reducing lr to 0.00010500589484768831
Epoch 35: reducing lr to 0.00010174192282218617
Epoch 40: reducing lr to 9.57806529902817e-05
Epoch 43: reducing lr to 9.129907587794288e-05
Epoch 46: reducing lr to 8.622314368268166e-05
Epoch 51: reducing lr to 7.666361461946969e-05
Epoch 61: reducing lr to 5.4983946758006525e-05
Epoch 65: reducing lr to 4.602708464627014e-05
Epoch 68: reducing lr to 3.943526189801683e-05
Epoch 71: reducing lr to 3.306703058128434e-05
Epoch 74: reducing lr to 2.7022792724082388e-05
Epoch 77: reducing lr to 2.139788737601251e-05
Epoch 80: reducing lr to 1.6281006008143156e-05
Epoch 83: reducing lr to 1.1752859972023018e-05
Epoch 86: reducing lr to 7.88484219469139e-06
Epoch 89: reducing lr to 4.737976535730375e-06
Epoch 92: reducing lr to 2.361875361427059e-06
Epoch 95: reducing lr to 7.940182073436089e-07
Epoch 98: reducing lr to 5.9126944511431366e-08
[I 2024-06-21 03:40:29,066] Trial 726 finished with value: 0.9784318208694458 and parameters: {'hidden_size': 130, 'n_layers': 3, 'rnn_dropout': 0.6242927620757054, 'bidirectional': True, 'fc_dropout': 0.20464505373043096, 'learning_rate_model': 0.001072224652837351}. Best is trial 690 with value: 0.966281533241272.
Epoch 36: reducing lr to 6.049209911391251e-05
Epoch 40: reducing lr to 5.753075472773668e-05
Epoch 49: reducing lr to 4.843224886189679e-05
Epoch 65: reducing lr to 2.7646219094852245e-05
Epoch 72: reducing lr to 1.862706768285369e-05
Epoch 79: reducing lr to 1.0766688644612871e-05
Epoch 82: reducing lr to 7.92391886809083e-06
Epoch 86: reducing lr to 4.736039149949469e-06
Epoch 89: reducing lr to 2.8458708254007504e-06
Epoch 92: reducing lr to 1.4186630376129568e-06
[I 2024-06-21 03:41:07,981] Trial 727 finished with value: 0.9695636034011841 and parameters: {'hidden_size': 142, 'n_layers': 2, 'rnn_dropout': 0.5808949384213525, 'bidirectional': True, 'fc_dropout': 0.24428067948491186, 'learning_rate_model': 0.0006440329188576022}. Best is trial 690 with value: 0.966281533241272.
Epoch 36: reducing lr to 8.291590999317196e-05
Epoch 40: reducing lr to 7.885682511796273e-05
Epoch 43: reducing lr to 7.51671139751892e-05
Epoch 49: reducing lr to 6.63855949160863e-05
Epoch 52: reducing lr to 6.143228002343382e-05
Epoch 55: reducing lr to 5.6206230559785683e-05
Epoch 61: reducing lr to 4.5268635558701277e-05
Epoch 65: reducing lr to 3.789439361004211e-05
Epoch 72: reducing lr to 2.553193375749471e-05
Epoch 75: reducing lr to 2.066227565075176e-05
Epoch 78: reducing lr to 1.616286492270464e-05
Epoch 83: reducing lr to 9.676204896449806e-06
Epoch 86: reducing lr to 6.491641084265725e-06
Epoch 89: reducing lr to 3.90080643038642e-06
Epoch 92: reducing lr to 1.9445471137618704e-06
Epoch 95: reducing lr to 6.53720276090901e-07
Epoch 98: reducing lr to 4.867959214655167e-08
[I 2024-06-21 03:41:43,653] Trial 728 finished with value: 0.972195029258728 and parameters: {'hidden_size': 134, 'n_layers': 2, 'rnn_dropout': 0.6069948665229765, 'bidirectional': True, 'fc_dropout': 0.18584611537695503, 'learning_rate_model': 0.0008827694246826892}. Best is trial 690 with value: 0.966281533241272.
Epoch 40: reducing lr to 6.534830286846956e-05
Epoch 43: reducing lr to 6.229065553237097e-05
Epoch 65: reducing lr to 3.1402916703045756e-05
Epoch 72: reducing lr to 2.1158200796273343e-05
Epoch 75: reducing lr to 1.7122736619909387e-05
Epoch 78: reducing lr to 1.3394094811844913e-05
Epoch 81: reducing lr to 1.003106724617929e-05
Epoch 84: reducing lr to 7.086700784976735e-06
Epoch 87: reducing lr to 4.607417805097816e-06
Epoch 90: reducing lr to 2.632332763904911e-06
Epoch 93: reducing lr to 1.1925840356740227e-06
Epoch 96: reducing lr to 3.108815597982527e-07
Epoch 99: reducing lr to 1.1277017026244638e-09
[I 2024-06-21 03:42:19,747] Trial 729 finished with value: 0.971635103225708 and parameters: {'hidden_size': 138, 'n_layers': 2, 'rnn_dropout': 0.557398437689611, 'bidirectional': True, 'fc_dropout': 0.22033395506191408, 'learning_rate_model': 0.0007315471253235685}. Best is trial 690 with value: 0.966281533241272.
Epoch 40: reducing lr to 4.969717633803932e-05
Epoch 56: reducing lr to 3.4295178696163115e-05
Epoch 65: reducing lr to 2.3881818202091817e-05
Epoch 72: reducing lr to 1.6090744362320514e-05
Epoch 75: reducing lr to 1.3021786700447317e-05
Epoch 78: reducing lr to 1.0186166473098241e-05
Epoch 81: reducing lr to 7.628594713400512e-06
Epoch 84: reducing lr to 5.389413391114115e-06
Epoch 87: reducing lr to 3.5039265760863134e-06
Epoch 90: reducing lr to 2.0018806886460325e-06
Epoch 93: reducing lr to 9.069563633215517e-07
Epoch 96: reducing lr to 2.3642443673916983e-07
Epoch 99: reducing lr to 8.576135555513585e-10
[I 2024-06-21 03:42:51,129] Trial 730 finished with value: 0.9721118211746216 and parameters: {'hidden_size': 128, 'n_layers': 2, 'rnn_dropout': 0.5929896773983112, 'bidirectional': True, 'fc_dropout': 0.1800064833673073, 'learning_rate_model': 0.0005563392604084406}. Best is trial 690 with value: 0.966281533241272.
Epoch 36: reducing lr to 8.136304409862415e-05
Epoch 40: reducing lr to 7.737997858406966e-05
Epoch 43: reducing lr to 7.375936909615125e-05
Epoch 49: reducing lr to 6.51423120980729e-05
Epoch 52: reducing lr to 6.028176388629492e-05
Epoch 55: reducing lr to 5.5153588931603956e-05
Epoch 65: reducing lr to 3.718469975953199e-05
Epoch 72: reducing lr to 2.505376654981246e-05
Epoch 75: reducing lr to 2.0275308382775806e-05
Epoch 78: reducing lr to 1.586016352681189e-05
Epoch 83: reducing lr to 9.494986978518364e-06
Epoch 86: reducing lr to 6.370064320044828e-06
Epoch 89: reducing lr to 3.827751340386464e-06
Epoch 92: reducing lr to 1.9081292430112353e-06
Epoch 95: reducing lr to 6.41477270841369e-07
Epoch 98: reducing lr to 4.776791092143138e-08
[I 2024-06-21 03:43:26,745] Trial 731 finished with value: 0.9720968008041382 and parameters: {'hidden_size': 134, 'n_layers': 2, 'rnn_dropout': 0.6225052208042373, 'bidirectional': True, 'fc_dropout': 0.20514664895398607, 'learning_rate_model': 0.0008662367407568633}. Best is trial 690 with value: 0.966281533241272.
Epoch 30: reducing lr to 0.00010268350632648845
Epoch 40: reducing lr to 9.313563852155053e-05
Epoch 43: reducing lr to 8.877782164611544e-05
Epoch 52: reducing lr to 7.25559850686139e-05
Epoch 55: reducing lr to 6.638364103860801e-05
Epoch 58: reducing lr to 5.998654237697903e-05
Epoch 61: reducing lr to 5.346554684964896e-05
Epoch 64: reducing lr to 4.6923528224725216e-05
Epoch 67: reducing lr to 4.0463614608844025e-05
Epoch 70: reducing lr to 3.418772583714439e-05
Epoch 73: reducing lr to 2.819481681058867e-05
Epoch 76: reducing lr to 2.257939106294121e-05
Epoch 79: reducing lr to 1.743002375728084e-05
Epoch 82: reducing lr to 1.2827908252988692e-05
Epoch 85: reducing lr to 8.845636219800758e-06
Epoch 88: reducing lr to 5.545994300397796e-06
Epoch 91: reducing lr to 2.98103936130739e-06
Epoch 94: reducing lr to 1.191209243632009e-06
Epoch 97: reducing lr to 2.047359108381299e-07
[I 2024-06-21 03:44:02,811] Trial 732 finished with value: 0.974463701248169 and parameters: {'hidden_size': 138, 'n_layers': 2, 'rnn_dropout': 0.5717843400628289, 'bidirectional': True, 'fc_dropout': 0.25262204843591773, 'learning_rate_model': 0.001042614813773372}. Best is trial 690 with value: 0.966281533241272.
Epoch 36: reducing lr to 6.810579839877466e-05
Epoch 40: reducing lr to 6.477173119481731e-05
Epoch 49: reducing lr to 5.45280627603317e-05
Epoch 65: reducing lr to 3.1125847040234764e-05
Epoch 72: reducing lr to 2.0971520825882496e-05
Epoch 79: reducing lr to 1.2121813211863501e-05
Epoch 83: reducing lr to 7.947879484131767e-06
Epoch 86: reducing lr to 5.332129852987362e-06
Epoch 89: reducing lr to 3.2040598283540436e-06
Epoch 92: reducing lr to 1.5972198064001345e-06
Epoch 95: reducing lr to 5.369553483318825e-07
Epoch 98: reducing lr to 3.998463611074943e-08
[I 2024-06-21 03:44:41,648] Trial 733 finished with value: 0.9687053561210632 and parameters: {'hidden_size': 142, 'n_layers': 2, 'rnn_dropout': 0.6059276765816263, 'bidirectional': True, 'fc_dropout': 0.17121620933382248, 'learning_rate_model': 0.0007250926447649491}. Best is trial 690 with value: 0.966281533241272.
Epoch 40: reducing lr to 7.700935260816753e-05
Epoch 43: reducing lr to 7.340608471105045e-05
Epoch 65: reducing lr to 3.7006596639200533e-05
Epoch 72: reducing lr to 2.4933766818002508e-05
Epoch 75: reducing lr to 2.0178195976006164e-05
Epoch 78: reducing lr to 1.5784198287577482e-05
Epoch 81: reducing lr to 1.1821056717449714e-05
Epoch 84: reducing lr to 8.351284052124484e-06
Epoch 87: reducing lr to 5.429586489492813e-06
Epoch 90: reducing lr to 3.102058249402446e-06
Epoch 93: reducing lr to 1.4053941799061572e-06
Epoch 96: reducing lr to 3.663566857438805e-07
Epoch 99: reducing lr to 1.328933946903848e-09
[I 2024-06-21 03:45:15,563] Trial 734 finished with value: 0.9699751138687134 and parameters: {'hidden_size': 131, 'n_layers': 2, 'rnn_dropout': 0.6481176983689166, 'bidirectional': True, 'fc_dropout': 0.19024163698360574, 'learning_rate_model': 0.0008620877367989921}. Best is trial 690 with value: 0.966281533241272.
Epoch 36: reducing lr to 0.00010220650577935997
Epoch 40: reducing lr to 9.720306456052576e-05
Epoch 49: reducing lr to 8.183037116780081e-05
Epoch 52: reducing lr to 7.572465506042688e-05
Epoch 55: reducing lr to 6.92827519955801e-05
Epoch 58: reducing lr to 6.260627879931277e-05
Epoch 61: reducing lr to 5.580049790486713e-05
Epoch 64: reducing lr to 4.8972775790657495e-05
Epoch 67: reducing lr to 4.223074438111684e-05
Epoch 70: reducing lr to 3.5680774561464566e-05
Epoch 73: reducing lr to 2.942614279793334e-05
Epoch 76: reducing lr to 2.3565479789141978e-05
Epoch 79: reducing lr to 1.8191228958809742e-05
Epoch 82: reducing lr to 1.3388129548317198e-05
Epoch 85: reducing lr to 9.2319434558154e-06
Epoch 88: reducing lr to 5.788199346581317e-06
Epoch 91: reducing lr to 3.1112275182134697e-06
Epoch 94: reducing lr to 1.243231816004187e-06
Epoch 97: reducing lr to 2.136771516786243e-07
[I 2024-06-21 03:45:51,317] Trial 735 finished with value: 0.9741079211235046 and parameters: {'hidden_size': 137, 'n_layers': 2, 'rnn_dropout': 0.5896151486635627, 'bidirectional': True, 'fc_dropout': 0.2142810957395529, 'learning_rate_model': 0.0010881479599404202}. Best is trial 690 with value: 0.966281533241272.
Epoch 36: reducing lr to 5.800319963456987e-05
Epoch 40: reducing lr to 5.5163697416360936e-05
Epoch 49: reducing lr to 4.6439542363999036e-05
Epoch 65: reducing lr to 2.6508737319233955e-05
Epoch 72: reducing lr to 1.7860671744596812e-05
Epoch 75: reducing lr to 1.445413913413915e-05
Epoch 78: reducing lr to 1.1306610285715074e-05
Epoch 86: reducing lr to 4.5411785723348885e-06
Epoch 89: reducing lr to 2.728779725581613e-06
Epoch 92: reducing lr to 1.3602932711905794e-06
[I 2024-06-21 03:46:30,201] Trial 736 finished with value: 0.9698323011398315 and parameters: {'hidden_size': 142, 'n_layers': 2, 'rnn_dropout': 0.5525147780637002, 'bidirectional': True, 'fc_dropout': 0.23324340489509482, 'learning_rate_model': 0.0006175346947935682}. Best is trial 690 with value: 0.966281533241272.
Epoch 36: reducing lr to 8.259524778490333e-05
Epoch 40: reducing lr to 7.855186068253096e-05
Epoch 43: reducing lr to 7.487641882683409e-05
Epoch 49: reducing lr to 6.61288606962632e-05
Epoch 52: reducing lr to 6.119470184847422e-05
Epoch 55: reducing lr to 5.5988863181061364e-05
Epoch 65: reducing lr to 3.774784393173554e-05
Epoch 72: reducing lr to 2.5433193645244586e-05
Epoch 75: reducing lr to 2.0582368055953967e-05
Epoch 78: reducing lr to 1.610035798093088e-05
Epoch 83: reducing lr to 9.638783933090531e-06
Epoch 86: reducing lr to 6.466535842514904e-06
Epoch 89: reducing lr to 3.88572077066082e-06
Epoch 92: reducing lr to 1.9370269313067507e-06
Epoch 95: reducing lr to 6.511921317656666e-07
Epoch 98: reducing lr to 4.8491332673599504e-08
[I 2024-06-21 03:47:05,876] Trial 737 finished with value: 0.9720497131347656 and parameters: {'hidden_size': 134, 'n_layers': 2, 'rnn_dropout': 0.6243957615567913, 'bidirectional': True, 'fc_dropout': 0.1702515894355864, 'learning_rate_model': 0.0008793554744150736}. Best is trial 690 with value: 0.966281533241272.
Epoch 40: reducing lr to 6.110286386345746e-05
Epoch 43: reducing lr to 5.824386063431253e-05
Epoch 53: reducing lr to 4.627188388841722e-05
Epoch 56: reducing lr to 4.2166050255870045e-05
Epoch 65: reducing lr to 2.9362784647732924e-05
Epoch 72: reducing lr to 1.978363027196799e-05
Epoch 75: reducing lr to 1.6010335368035603e-05
Epoch 78: reducing lr to 1.2523929711069615e-05
Epoch 81: reducing lr to 9.379385683238857e-06
Epoch 84: reducing lr to 6.626303886989244e-06
Epoch 87: reducing lr to 4.3080908080139e-06
Epoch 90: reducing lr to 2.4613197811722667e-06
Epoch 93: reducing lr to 1.115106235034032e-06
Epoch 96: reducing lr to 2.906847277158158e-07
Epoch 99: reducing lr to 1.0544390686441882e-09
