[I 2024-06-21 05:55:02,472] Trial 954 finished with value: 1.0924839973449707 and parameters: {'hidden_size': 138, 'n_layers': 2, 'rnn_dropout': 0.5834462154818788, 'bidirectional': False, 'fc_dropout': 0.14400478549632678, 'learning_rate_model': 0.0007003129870508549}. Best is trial 690 with value: 0.966281533241272.
Epoch 36: reducing lr to 8.908019262544868e-05
Epoch 40: reducing lr to 8.471934001469569e-05
Epoch 43: reducing lr to 8.075532177793514e-05
Epoch 52: reducing lr to 6.59993882761298e-05
Epoch 62: reducing lr to 4.6647950409040004e-05
Epoch 65: reducing lr to 4.071160628261939e-05
Epoch 68: reducing lr to 3.488104598374001e-05
Epoch 71: reducing lr to 2.924825546320311e-05
Epoch 74: reducing lr to 2.3902041732482947e-05
Epoch 77: reducing lr to 1.8926733527161312e-05
Epoch 80: reducing lr to 1.4400779705742184e-05
Epoch 83: reducing lr to 1.0395570598333178e-05
Epoch 86: reducing lr to 6.974254256985029e-06
Epoch 89: reducing lr to 4.1908071471690554e-06
Epoch 92: reducing lr to 2.0891121074041406e-06
Epoch 95: reducing lr to 7.023203161146534e-07
Epoch 98: reducing lr to 5.2298617306376255e-08
[I 2024-06-21 05:55:35,358] Trial 955 finished with value: 0.9697107076644897 and parameters: {'hidden_size': 129, 'n_layers': 2, 'rnn_dropout': 0.55448912884837, 'bidirectional': True, 'fc_dropout': 0.2166374778266672, 'learning_rate_model': 0.0009483978454926945}. Best is trial 690 with value: 0.966281533241272.
Epoch 27: reducing lr to 0.00011820970213196966
Epoch 47: reducing lr to 9.340407702688894e-05
Epoch 50: reducing lr to 8.704997592111902e-05
Epoch 53: reducing lr to 8.025859886922917e-05
Epoch 56: reducing lr to 7.313702899035761e-05
Epoch 62: reducing lr to 5.835605984157954e-05
Epoch 65: reducing lr to 5.0929760292639934e-05
Epoch 68: reducing lr to 4.3635795118868754e-05
Epoch 71: reducing lr to 3.6589237707252406e-05
Epoch 74: reducing lr to 2.9901184627532952e-05
Epoch 77: reducing lr to 2.3677130176819388e-05
Epoch 80: reducing lr to 1.80152129923127e-05
Epoch 83: reducing lr to 1.3004741571799745e-05
Epoch 86: reducing lr to 8.72471341617912e-06
Epoch 89: reducing lr to 5.24265247498041e-06
Epoch 92: reducing lr to 2.6134556842570023e-06
Epoch 95: reducing lr to 8.785947943213594e-07
Epoch 98: reducing lr to 6.542498039896656e-08
[I 2024-06-21 05:56:06,669] Trial 956 finished with value: 0.9732323884963989 and parameters: {'hidden_size': 124, 'n_layers': 2, 'rnn_dropout': 0.612416290641638, 'bidirectional': True, 'fc_dropout': 0.17951539266248245, 'learning_rate_model': 0.0011864350081814401}. Best is trial 690 with value: 0.966281533241272.
Epoch 35: reducing lr to 7.530187841710283e-05
Epoch 40: reducing lr to 7.088978550946098e-05
Epoch 43: reducing lr to 6.757285217982452e-05
Epoch 46: reducing lr to 6.381602098950943e-05
Epoch 52: reducing lr to 5.522567194030189e-05
Epoch 55: reducing lr to 5.052761917206459e-05
Epoch 58: reducing lr to 4.565849539512493e-05
Epoch 61: reducing lr to 4.0695068058621316e-05
Epoch 65: reducing lr to 3.406585835796043e-05
Epoch 68: reducing lr to 2.9187076619152727e-05
Epoch 72: reducing lr to 2.295239892048707e-05
Epoch 75: reducing lr to 1.8574730682195544e-05
Epoch 78: reducing lr to 1.4529903098114028e-05
Epoch 81: reducing lr to 1.0881693545185137e-05
Epoch 84: reducing lr to 7.687647215994095e-06
Epoch 87: reducing lr to 4.998123066994728e-06
Epoch 90: reducing lr to 2.855552429545686e-06
Epoch 93: reducing lr to 1.2937141865964154e-06
Epoch 96: reducing lr to 3.3724406182822784e-07
Epoch 99: reducing lr to 1.2233298847660543e-09
[I 2024-06-21 05:57:03,039] Trial 957 finished with value: 0.9771718382835388 and parameters: {'hidden_size': 133, 'n_layers': 3, 'rnn_dropout': 0.5969459232576348, 'bidirectional': True, 'fc_dropout': 0.119410183194204, 'learning_rate_model': 0.0007935817232871479}. Best is trial 690 with value: 0.966281533241272.
Epoch 40: reducing lr to 5.648333256076078e-05
Epoch 47: reducing lr to 4.977946075597001e-05
Epoch 53: reducing lr to 4.277361224381881e-05
Epoch 65: reducing lr to 2.7142883742308014e-05
Epoch 72: reducing lr to 1.8287937704651347e-05
Epoch 75: reducing lr to 1.479991345451308e-05
Epoch 78: reducing lr to 1.157708889748118e-05
Epoch 86: reducing lr to 4.649813401429409e-06
Epoch 89: reducing lr to 2.7940580480266023e-06
Epoch 92: reducing lr to 1.3928344330674724e-06
Epoch 95: reducing lr to 4.6824481838976483e-07
Epoch 98: reducing lr to 3.486807372757436e-08
[I 2024-06-21 05:57:42,902] Trial 958 finished with value: 0.9695045948028564 and parameters: {'hidden_size': 143, 'n_layers': 2, 'rnn_dropout': 0.5621633752207146, 'bidirectional': True, 'fc_dropout': 0.23214685524621026, 'learning_rate_model': 0.0006323074624705609}. Best is trial 690 with value: 0.966281533241272.
Epoch 31: reducing lr to 9.763954466907122e-05
Epoch 36: reducing lr to 9.364582980908053e-05
Epoch 40: reducing lr to 8.906146992645053e-05
Epoch 52: reducing lr to 6.938206238503568e-05
Epoch 55: reducing lr to 6.347972423682105e-05
Epoch 61: reducing lr to 5.1126725155263045e-05
Epoch 65: reducing lr to 4.279820284209074e-05
Epoch 72: reducing lr to 2.8835951068352983e-05
Epoch 75: reducing lr to 2.3336123902131063e-05
Epoch 78: reducing lr to 1.8254456809355383e-05
Epoch 81: reducing lr to 1.3671075676960754e-05
Epoch 84: reducing lr to 9.658276667250488e-06
Epoch 87: reducing lr to 6.279327607225447e-06
Epoch 90: reducing lr to 3.5875365540983865e-06
Epoch 93: reducing lr to 1.6253411728492373e-06
Epoch 96: reducing lr to 4.23692237951274e-07
Epoch 99: reducing lr to 1.5369147608225442e-09
[I 2024-06-21 05:58:17,337] Trial 959 finished with value: 0.9725732207298279 and parameters: {'hidden_size': 136, 'n_layers': 2, 'rnn_dropout': 0.6280424521040558, 'bidirectional': True, 'fc_dropout': 0.13728634526566802, 'learning_rate_model': 0.0009970061874892604}. Best is trial 690 with value: 0.966281533241272.
Epoch 40: reducing lr to 7.194922394768769e-05
Epoch 43: reducing lr to 6.858271948955653e-05
Epoch 52: reducing lr to 5.6051012279674845e-05
Epoch 61: reducing lr to 4.130325045101693e-05
Epoch 65: reducing lr to 3.457496809099514e-05
Epoch 72: reducing lr to 2.329541947684963e-05
Epoch 75: reducing lr to 1.8852327567600156e-05
Epoch 78: reducing lr to 1.4747050571973954e-05
Epoch 81: reducing lr to 1.104431901134957e-05
Epoch 84: reducing lr to 7.802538083579867e-06
Epoch 87: reducing lr to 5.072819353040838e-06
Epoch 90: reducing lr to 2.8982282817081806e-06
Epoch 93: reducing lr to 1.3130485734549673e-06
Epoch 96: reducing lr to 3.422841295840713e-07
Epoch 99: reducing lr to 1.241612387578063e-09
[I 2024-06-21 05:58:51,490] Trial 960 finished with value: 0.9682494401931763 and parameters: {'hidden_size': 131, 'n_layers': 2, 'rnn_dropout': 0.5339510593386221, 'bidirectional': True, 'fc_dropout': 0.2592487438105243, 'learning_rate_model': 0.0008054416968430333}. Best is trial 690 with value: 0.966281533241272.
Epoch 40: reducing lr to 5.355406166497416e-05
Epoch 49: reducing lr to 4.508447098249003e-05
Epoch 61: reducing lr to 3.074330340555008e-05
Epoch 65: reducing lr to 2.5735232037470445e-05
Epoch 72: reducing lr to 1.7339510598220142e-05
Epoch 75: reducing lr to 1.4032378081209292e-05
Epoch 78: reducing lr to 1.097669178867311e-05
Epoch 81: reducing lr to 8.220632675781213e-06
Epoch 84: reducing lr to 5.807673561220874e-06
Epoch 87: reducing lr to 3.7758583837616855e-06
Epoch 90: reducing lr to 2.1572421160598236e-06
Epoch 93: reducing lr to 9.7734319306961e-07
Epoch 96: reducing lr to 2.547728019417633e-07
Epoch 99: reducing lr to 9.241710017160627e-10
[I 2024-06-21 05:59:27,705] Trial 961 finished with value: 0.972450852394104 and parameters: {'hidden_size': 138, 'n_layers': 2, 'rnn_dropout': 0.5768362294242962, 'bidirectional': True, 'fc_dropout': 0.16509143945082674, 'learning_rate_model': 0.0005995154906970959}. Best is trial 690 with value: 0.966281533241272.
Epoch 27: reducing lr to 0.00012193708214826083
Epoch 36: reducing lr to 0.00011495218143489237
Epoch 40: reducing lr to 0.00010932478542521095
Epoch 45: reducing lr to 0.00010041694534603086
Epoch 52: reducing lr to 8.516790806245035e-05
Epoch 55: reducing lr to 7.79226666343279e-05
Epoch 58: reducing lr to 7.041360297590172e-05
Epoch 61: reducing lr to 6.275910628590305e-05
Epoch 65: reducing lr to 5.253567391331173e-05
Epoch 68: reducing lr to 4.50117159425205e-05
Epoch 71: reducing lr to 3.7742966978045113e-05
Epoch 74: reducing lr to 3.0844026678853515e-05
Epoch 77: reducing lr to 2.4423715780813852e-05
Epoch 80: reducing lr to 1.858326742173516e-05
Epoch 83: reducing lr to 1.341480616867726e-05
Epoch 86: reducing lr to 8.99982046618274e-06
Epoch 89: reducing lr to 5.407963424210161e-06
Epoch 92: reducing lr to 2.695862985140703e-06
Epoch 95: reducing lr to 9.06298583601829e-07
Epoch 98: reducing lr to 6.748795628086415e-08
[I 2024-06-21 06:00:06,582] Trial 962 finished with value: 0.9746545553207397 and parameters: {'hidden_size': 142, 'n_layers': 2, 'rnn_dropout': 0.6046922461583238, 'bidirectional': True, 'fc_dropout': 0.20744298761537694, 'learning_rate_model': 0.001223845593441072}. Best is trial 690 with value: 0.966281533241272.
Epoch 40: reducing lr to 6.394502871040637e-05
Epoch 43: reducing lr to 6.0953040577422116e-05
Epoch 49: reducing lr to 5.383210351819724e-05
Epoch 52: reducing lr to 4.981545863617805e-05
Epoch 55: reducing lr to 4.557765318947029e-05
Epoch 65: reducing lr to 3.0728577821041565e-05
Epoch 68: reducing lr to 2.632774861669549e-05
Epoch 71: reducing lr to 2.2076193405182318e-05
Epoch 74: reducing lr to 1.8040942535149934e-05
Epoch 77: reducing lr to 1.428564621228876e-05
Epoch 80: reducing lr to 1.0869516589437389e-05
Epoch 86: reducing lr to 5.264074160861291e-06
Epoch 89: reducing lr to 3.163165379935879e-06
Epoch 92: reducing lr to 1.576833975147141e-06
Epoch 95: reducing lr to 5.301020141335196e-07
Epoch 98: reducing lr to 3.9474299311009414e-08
[I 2024-06-21 06:00:40,034] Trial 963 finished with value: 0.9745340347290039 and parameters: {'hidden_size': 127, 'n_layers': 2, 'rnn_dropout': 0.5871625382349281, 'bidirectional': True, 'fc_dropout': 0.18511068803705777, 'learning_rate_model': 0.0007158380536061561}. Best is trial 690 with value: 0.966281533241272.
Epoch 27: reducing lr to 0.00014851744064028167
Epoch 30: reducing lr to 0.00014680643257988533
Epoch 36: reducing lr to 0.00014000994186468663
Epoch 49: reducing lr to 0.00011209722338715554
Epoch 52: reducing lr to 0.00010373316719800112
Epoch 55: reducing lr to 9.490857754267915e-05
Epoch 58: reducing lr to 8.576265657666468e-05
Epoch 61: reducing lr to 7.643960047461802e-05
Epoch 64: reducing lr to 6.708648768606036e-05
Epoch 67: reducing lr to 5.785076028787057e-05
Epoch 70: reducing lr to 4.887813289324377e-05
Epoch 73: reducing lr to 4.031008115407675e-05
Epoch 76: reducing lr to 3.228171661023083e-05
Epoch 79: reducing lr to 2.4919675020183504e-05
Epoch 82: reducing lr to 1.8340038390347976e-05
Epoch 85: reducing lr to 1.2646590906229926e-05
Epoch 88: reducing lr to 7.929098522999576e-06
Epoch 91: reducing lr to 4.261986853295306e-06
Epoch 94: reducing lr to 1.703069809067155e-06
Epoch 97: reducing lr to 2.927105799793413e-07
[I 2024-06-21 06:01:15,774] Trial 964 finished with value: 0.9858074188232422 and parameters: {'hidden_size': 134, 'n_layers': 2, 'rnn_dropout': 0.6195234064841889, 'bidirectional': True, 'fc_dropout': 0.14556735964995887, 'learning_rate_model': 0.0014906246079904838}. Best is trial 690 with value: 0.966281533241272.
Epoch 36: reducing lr to 8.340292407002678e-05
Epoch 40: reducing lr to 7.931999779364933e-05
Epoch 43: reducing lr to 7.560861479964476e-05
Epoch 52: reducing lr to 6.179310806170974e-05
Epoch 55: reducing lr to 5.6536362925116014e-05
Epoch 58: reducing lr to 5.1088203017899e-05
Epoch 61: reducing lr to 4.5534524973156405e-05
Epoch 65: reducing lr to 3.811696974921116e-05
Epoch 72: reducing lr to 2.5681897873552147e-05
Epoch 75: reducing lr to 2.078363739064703e-05
Epoch 78: reducing lr to 1.625779896781502e-05
Epoch 81: reducing lr to 1.2175744386757368e-05
Epoch 84: reducing lr to 8.60186211354278e-06
Epoch 87: reducing lr to 5.592499791010075e-06
Epoch 90: reducing lr to 3.195134683839395e-06
Epoch 93: reducing lr to 1.4475626592599217e-06
Epoch 96: reducing lr to 3.773491208626501e-07
Epoch 99: reducing lr to 1.3688082572569856e-09
[I 2024-06-21 06:01:51,869] Trial 965 finished with value: 0.9734346866607666 and parameters: {'hidden_size': 138, 'n_layers': 2, 'rnn_dropout': 0.6524294828897216, 'bidirectional': True, 'fc_dropout': 0.0962071149410611, 'learning_rate_model': 0.0008879544505296335}. Best is trial 690 with value: 0.966281533241272.
Epoch 47: reducing lr to 3.8227700917670514e-05
Epoch 53: reducing lr to 3.284762091017659e-05
Epoch 65: reducing lr to 2.0844139851788423e-05
Epoch 68: reducing lr to 1.7858921989333022e-05
Epoch 73: reducing lr to 1.3131117429691339e-05
Epoch 76: reducing lr to 1.0515856071356178e-05
Epoch 79: reducing lr to 8.117651208615388e-06
Epoch 82: reducing lr to 5.974316867490375e-06
Epoch 85: reducing lr to 4.11966102574261e-06
Epoch 88: reducing lr to 2.58292518487201e-06
Epoch 91: reducing lr to 1.388353688510529e-06
Epoch 94: reducing lr to 5.547795740808376e-07
Epoch 97: reducing lr to 9.53512592527495e-08
[I 2024-06-21 06:02:26,102] Trial 966 finished with value: 0.9729781150817871 and parameters: {'hidden_size': 132, 'n_layers': 2, 'rnn_dropout': 0.5704699634767851, 'bidirectional': True, 'fc_dropout': 0.24597373519826055, 'learning_rate_model': 0.0004855749780382442}. Best is trial 690 with value: 0.966281533241272.
Epoch 27: reducing lr to 0.00010695512653330714
Epoch 36: reducing lr to 0.00010082843458317041
Epoch 40: reducing lr to 9.589245578439376e-05
Epoch 45: reducing lr to 8.807908887400013e-05
Epoch 48: reducing lr to 8.264453415043108e-05
Epoch 52: reducing lr to 7.470364406719872e-05
Epoch 55: reducing lr to 6.834859849732858e-05
Epoch 58: reducing lr to 6.176214555303787e-05
Epoch 61: reducing lr to 5.504812839267839e-05
Epoch 64: reducing lr to 4.831246585050316e-05
Epoch 67: reducing lr to 4.166133862772092e-05
Epoch 70: reducing lr to 3.519968338917624e-05
Epoch 73: reducing lr to 2.902938410341019e-05
Epoch 76: reducing lr to 2.3247741611183836e-05
Epoch 79: reducing lr to 1.7945952902650055e-05
Epoch 82: reducing lr to 1.3207614662687336e-05
Epoch 85: reducing lr to 9.107467276297316e-06
Epoch 88: reducing lr to 5.7101558723768145e-06
Epoch 91: reducing lr to 3.069278202023191e-06
Epoch 94: reducing lr to 1.2264690674613534e-06
Epoch 97: reducing lr to 2.1079609899255468e-07
[I 2024-06-21 06:03:05,323] Trial 967 finished with value: 0.9740467667579651 and parameters: {'hidden_size': 146, 'n_layers': 2, 'rnn_dropout': 0.5150032217940598, 'bidirectional': True, 'fc_dropout': 0.22321128978501822, 'learning_rate_model': 0.0010734762387094499}. Best is trial 690 with value: 0.966281533241272.
Epoch 40: reducing lr to 6.987615927496597e-05
Epoch 52: reducing lr to 5.4436020942009146e-05
Epoch 72: reducing lr to 2.262421124826884e-05
Epoch 77: reducing lr to 1.5610691092132605e-05
Epoch 80: reducing lr to 1.1877703204812363e-05
Epoch 83: reducing lr to 8.574223391698743e-06
Epoch 86: reducing lr to 5.752335903474483e-06
Epoch 89: reducing lr to 3.456560304358541e-06
[I 2024-06-21 06:03:41,821] Trial 968 finished with value: 0.9667459726333618 and parameters: {'hidden_size': 135, 'n_layers': 2, 'rnn_dropout': 0.5967702159940949, 'bidirectional': True, 'fc_dropout': 0.15675673118636857, 'learning_rate_model': 0.000782234598335948}. Best is trial 690 with value: 0.966281533241272.
Epoch 40: reducing lr to 5.149525412987836e-05
Epoch 43: reducing lr to 4.908579099617066e-05
Epoch 49: reducing lr to 4.335126446763729e-05
Epoch 52: reducing lr to 4.0116640086033215e-05
Epoch 55: reducing lr to 3.6703913986253e-05
Epoch 61: reducing lr to 2.956142209277415e-05
Epoch 65: reducing lr to 2.4745878700133642e-05
Epoch 68: reducing lr to 2.120186874611026e-05
Epoch 72: reducing lr to 1.6672918486163085e-05
Epoch 78: reducing lr to 1.0554708935041584e-05
Epoch 81: reducing lr to 7.904602481805802e-06
Epoch 84: reducing lr to 5.584406049523652e-06
Epoch 87: reducing lr to 3.6307010334084135e-06
Epoch 90: reducing lr to 2.0743100995985055e-06
Epoch 93: reducing lr to 9.397706641575405e-07
Epoch 96: reducing lr to 2.4497843437993986e-07
Epoch 99: reducing lr to 8.886425998918049e-10
[I 2024-06-21 06:04:15,252] Trial 969 finished with value: 0.9755004644393921 and parameters: {'hidden_size': 127, 'n_layers': 2, 'rnn_dropout': 0.5492488463772508, 'bidirectional': True, 'fc_dropout': 0.1679679955071605, 'learning_rate_model': 0.0005764679949277677}. Best is trial 690 with value: 0.966281533241272.
Epoch 36: reducing lr to 6.994787249882258e-05
Epoch 40: reducing lr to 6.65236279679911e-05
Epoch 49: reducing lr to 5.600289654098085e-05
Epoch 53: reducing lr to 5.037691189155618e-05
Epoch 56: reducing lr to 4.590682764672617e-05
Epoch 64: reducing lr to 3.3515884833332255e-05
Epoch 67: reducing lr to 2.890178762081565e-05
Epoch 72: reducing lr to 2.153874265222068e-05
Epoch 75: reducing lr to 1.7430698437408793e-05
Epoch 78: reducing lr to 1.3634994959617959e-05
Epoch 81: reducing lr to 1.0211481497076562e-05
Epoch 84: reducing lr to 7.214158988782681e-06
Epoch 87: reducing lr to 4.690284743527932e-06
Epoch 90: reducing lr to 2.679676713661914e-06
Epoch 93: reducing lr to 1.2140333142151562e-06
Epoch 96: reducing lr to 3.164729353071806e-07
Epoch 99: reducing lr to 1.1479840367916752e-09
[I 2024-06-21 06:04:48,426] Trial 970 finished with value: 0.9702646732330322 and parameters: {'hidden_size': 130, 'n_layers': 2, 'rnn_dropout': 0.589474007081664, 'bidirectional': True, 'fc_dropout': 0.17775376683875918, 'learning_rate_model': 0.0007447044019495002}. Best is trial 690 with value: 0.966281533241272.
Epoch 36: reducing lr to 6.339236298840609e-05
Epoch 40: reducing lr to 6.028903840532906e-05
Epoch 49: reducing lr to 5.0754309160550515e-05
Epoch 61: reducing lr to 3.460959154356956e-05
Epoch 65: reducing lr to 2.8971703442091466e-05
Epoch 72: reducing lr to 1.952013326132859e-05
Epoch 75: reducing lr to 1.5797094650795297e-05
Epoch 78: reducing lr to 1.2357124226183424e-05
Epoch 81: reducing lr to 9.254462195729628e-06
Epoch 84: reducing lr to 6.538048534366541e-06
Epoch 87: reducing lr to 4.2507115993515145e-06
Epoch 90: reducing lr to 2.428537607443242e-06
Epoch 93: reducing lr to 1.100254200526833e-06
Epoch 96: reducing lr to 2.868131148854743e-07
Epoch 99: reducing lr to 1.0403950565646136e-09
[I 2024-06-21 06:05:18,458] Trial 971 finished with value: 0.9744555950164795 and parameters: {'hidden_size': 121, 'n_layers': 2, 'rnn_dropout': 0.5651992682774994, 'bidirectional': True, 'fc_dropout': 0.19490630004349827, 'learning_rate_model': 0.0006749107596981058}. Best is trial 690 with value: 0.966281533241272.
Epoch 40: reducing lr to 4.430778229203086e-05
Epoch 47: reducing lr to 3.904899746164172e-05
Epoch 50: reducing lr to 3.639256868628115e-05
Epoch 53: reducing lr to 3.3553330039514634e-05
Epoch 56: reducing lr to 3.057604925076594e-05
Epoch 62: reducing lr to 2.4396639902230953e-05
Epoch 65: reducing lr to 2.12919622321925e-05
Epoch 68: reducing lr to 1.8242608963877455e-05
Epoch 72: reducing lr to 1.4345788848705996e-05
Epoch 75: reducing lr to 1.1609643297481658e-05
Epoch 78: reducing lr to 9.081530978953528e-06
Epoch 81: reducing lr to 6.801314252873758e-06
Epoch 84: reducing lr to 4.804960217276205e-06
Epoch 87: reducing lr to 3.123944403691614e-06
Epoch 90: reducing lr to 1.7847873916179907e-06
Epoch 93: reducing lr to 8.086017769115041e-07
Epoch 96: reducing lr to 2.1078546596492573e-07
Epoch 99: reducing lr to 7.646099337986663e-10
[I 2024-06-21 06:05:54,196] Trial 972 finished with value: 0.9762164354324341 and parameters: {'hidden_size': 134, 'n_layers': 2, 'rnn_dropout': 0.5971956354117313, 'bidirectional': True, 'fc_dropout': 0.16060077296553454, 'learning_rate_model': 0.000496007231135562}. Best is trial 690 with value: 0.966281533241272.
Epoch 17: reducing lr to 5.3410723173277675e-05
Epoch 20: reducing lr to 6.0997546563525097e-05
Epoch 23: reducing lr to 6.476995482288648e-05
Epoch 26: reducing lr to 6.497214614141929e-05
Epoch 29: reducing lr to 6.439407238591381e-05
Epoch 32: reducing lr to 6.331359823581994e-05
Epoch 35: reducing lr to 6.174776339811938e-05
Epoch 38: reducing lr to 5.9721261603992205e-05
Epoch 41: reducing lr to 5.726605225487513e-05
Epoch 44: reducing lr to 5.442085548155142e-05
Epoch 47: reducing lr to 5.1230542998139144e-05
Epoch 50: reducing lr to 4.774542692745673e-05
Epoch 53: reducing lr to 4.4020472459213776e-05
Epoch 56: reducing lr to 4.011441285767463e-05
Epoch 59: reducing lr to 3.608886633722328e-05
Epoch 62: reducing lr to 3.200730340770221e-05
Epoch 65: reducing lr to 2.793410478009318e-05
Epoch 68: reducing lr to 2.3933489299954753e-05
Epoch 71: reducing lr to 2.006857275717104e-05
Epoch 74: reducing lr to 1.6400289725202653e-05
Epoch 77: reducing lr to 1.298650202653242e-05
Epoch 80: reducing lr to 9.881037029653634e-06
Epoch 83: reducing lr to 7.132878922212131e-06
Epoch 86: reducing lr to 4.785356485941536e-06
Epoch 89: reducing lr to 2.8755054553610646e-06
Epoch 92: reducing lr to 1.4334358634850186e-06
Epoch 95: reducing lr to 4.818942579504757e-07
Epoch 98: reducing lr to 3.588448575447085e-08
