[I 2024-06-20 22:18:47,683] Trial 88 finished with value: 1.0615782737731934 and parameters: {'hidden_size': 45, 'n_layers': 2, 'rnn_dropout': 0.3449454041282968, 'bidirectional': True, 'fc_dropout': 0.5834551354888987, 'learning_rate_model': 5.6882708517701854e-05}. Best is trial 61 with value: 0.9777320623397827.
Epoch 7: reducing lr to 6.291133523935825e-05
Epoch 10: reducing lr to 0.00010359642488084816
Epoch 13: reducing lr to 0.00014759762427389768
Epoch 22: reducing lr to 0.00024052187213612148
Epoch 25: reducing lr to 0.00024454494133910386
Epoch 28: reducing lr to 0.00024301047019686174
Epoch 31: reducing lr to 0.00023957257656787167
Epoch 34: reducing lr to 0.00023428548265511201
Epoch 37: reducing lr to 0.00022723256268787715
Epoch 42: reducing lr to 0.00021186761070202115
Epoch 50: reducing lr to 0.00017948737834715635
Epoch 53: reducing lr to 0.0001654843134466522
Epoch 56: reducing lr to 0.00015080042762417926
Epoch 59: reducing lr to 0.000135667359645373
Epoch 62: reducing lr to 0.00012032371153239761
Epoch 65: reducing lr to 0.00010501150698833569
Epoch 68: reducing lr to 8.997216122238203e-05
Epoch 71: reducing lr to 7.544294277285802e-05
Epoch 74: reducing lr to 6.165292042278592e-05
Epoch 77: reducing lr to 4.881961169147932e-05
Epoch 80: reducing lr to 3.71453675447986e-05
Epoch 83: reducing lr to 2.681433218223693e-05
Epoch 86: reducing lr to 1.7989389673344356e-05
Epoch 89: reducing lr to 1.0809766899558346e-05
Epoch 92: reducing lr to 5.388655243498573e-06
Epoch 95: reducing lr to 1.8115648464406275e-06
Epoch 98: reducing lr to 1.348990403037334e-07
[I 2024-06-20 22:19:37,301] Trial 89 finished with value: 1.0988965034484863 and parameters: {'hidden_size': 135, 'n_layers': 6, 'rnn_dropout': 0.1685859136666566, 'bidirectional': False, 'fc_dropout': 0.5105749684962667, 'learning_rate_model': 0.002446297163720527}. Best is trial 61 with value: 0.9777320623397827.
Epoch 4: reducing lr to 0.00028023141660064865
Epoch 7: reducing lr to 0.0005640350609624133
Epoch 10: reducing lr to 0.0009287994858294048
Epoch 19: reducing lr to 0.0019834600191074294
Epoch 22: reducing lr to 0.0021564121679652167
Epoch 25: reducing lr to 0.0021924812177561127
Epoch 28: reducing lr to 0.002178723831730738
Epoch 31: reducing lr to 0.002147901205963345
Epoch 34: reducing lr to 0.002100499472618291
Epoch 37: reducing lr to 0.0020372661279666965
Epoch 40: reducing lr to 0.00195919838942558
Epoch 43: reducing lr to 0.0018675274894425571
Epoch 46: reducing lr to 0.001763699024389199
Epoch 49: reducing lr to 0.0016493505850139589
Epoch 52: reducing lr to 0.001526285440741597
Epoch 55: reducing lr to 0.001396444204083623
Epoch 58: reducing lr to 0.0012618750359991633
Epoch 61: reducing lr to 0.0011246995773089832
Epoch 64: reducing lr to 0.0009870818773929945
Epoch 67: reducing lr to 0.0008511913358884739
Epoch 70: reducing lr to 0.0007191719352711373
Epoch 73: reducing lr to 0.0005931052877537621
Epoch 76: reducing lr to 0.00047497936672747135
Epoch 79: reducing lr to 0.00036665743656240195
Epoch 82: reducing lr to 0.00026984747823615535
Epoch 85: reducing lr to 0.0001860765278510243
Epoch 88: reducing lr to 0.00011666536326573399
Epoch 91: reducing lr to 6.270905110224052e-05
Epoch 94: reducing lr to 2.505824052575385e-05
Epoch 97: reducing lr to 4.306818239924529e-06
[I 2024-06-20 22:19:59,216] Trial 90 finished with value: 1.100550889968872 and parameters: {'hidden_size': 70, 'n_layers': 6, 'rnn_dropout': 0.7562467519999598, 'bidirectional': False, 'fc_dropout': 0.04491283172953225, 'learning_rate_model': 0.021932412730099944}. Best is trial 61 with value: 0.9777320623397827.
Epoch 16: reducing lr to 0.00010236066859872783
Epoch 19: reducing lr to 0.00011998495548143542
Epoch 22: reducing lr to 0.00013044730696884203
Epoch 25: reducing lr to 0.00013262922306078617
Epoch 28: reducing lr to 0.00013179700091670775
Epoch 31: reducing lr to 0.00012993245545327771
Epoch 34: reducing lr to 0.00012706499414306252
Epoch 37: reducing lr to 0.00012323983509277927
Epoch 40: reducing lr to 0.00011851730272854871
Epoch 43: reducing lr to 0.00011297187768975422
Epoch 46: reducing lr to 0.00010669100807951674
Epoch 49: reducing lr to 9.977375626922615e-05
Epoch 52: reducing lr to 9.232920698938711e-05
Epoch 55: reducing lr to 8.447475323182048e-05
Epoch 58: reducing lr to 7.63342938899409e-05
Epoch 61: reducing lr to 6.80361728562266e-05
Epoch 64: reducing lr to 5.971129943361637e-05
Epoch 67: reducing lr to 5.1490906576842104e-05
Epoch 70: reducing lr to 4.350468968657919e-05
Epoch 73: reducing lr to 3.587857121464099e-05
Epoch 76: reducing lr to 2.873280914280395e-05
Epoch 79: reducing lr to 2.2180117460937967e-05
Epoch 82: reducing lr to 1.6323816639123826e-05
Epoch 85: reducing lr to 1.1256281293934135e-05
Epoch 88: reducing lr to 7.057408913119321e-06
Epoch 91: reducing lr to 3.7934430905097294e-06
Epoch 94: reducing lr to 1.5158419352857268e-06
Epoch 97: reducing lr to 2.6053128866017523e-07
[I 2024-06-20 22:20:07,844] Trial 91 finished with value: 1.092646837234497 and parameters: {'hidden_size': 51, 'n_layers': 3, 'rnn_dropout': 0.24006483674028517, 'bidirectional': False, 'fc_dropout': 0.2961233420429906, 'learning_rate_model': 0.0013267520089493556}. Best is trial 61 with value: 0.9777320623397827.
Epoch 30: reducing lr to 2.6401173696403073e-05
Epoch 33: reducing lr to 2.5888491975070065e-05
Epoch 36: reducing lr to 2.5178915728923955e-05
Epoch 39: reducing lr to 2.428363521552628e-05
Epoch 42: reducing lr to 2.3216769662142277e-05
Epoch 45: reducing lr to 2.1995144181371844e-05
Epoch 48: reducing lr to 2.0638025071324585e-05
Epoch 51: reducing lr to 1.9166814474762935e-05
Epoch 54: reducing lr to 1.76047154436566e-05
Epoch 57: reducing lr to 1.597635841482079e-05
Epoch 60: reducing lr to 1.4307430772149217e-05
Epoch 63: reducing lr to 1.262424637081613e-05
Epoch 66: reducing lr to 1.0953354993427454e-05
Epoch 69: reducing lr to 9.321100259724908e-06
Epoch 72: reducing lr to 7.753233469057592e-06
Epoch 75: reducing lr to 6.274473709821411e-06
Epoch 78: reducing lr to 4.908146263609409e-06
Epoch 81: reducing lr to 3.675794886923609e-06
Epoch 84: reducing lr to 2.5968581279820304e-06
Epoch 87: reducing lr to 1.688347051640994e-06
Epoch 90: reducing lr to 9.645948010096932e-07
Epoch 93: reducing lr to 4.370117548785173e-07
Epoch 96: reducing lr to 1.1391976744851693e-07
Epoch 99: reducing lr to 4.132362041583352e-10
[I 2024-06-20 22:20:14,012] Trial 92 finished with value: 1.0922026634216309 and parameters: {'hidden_size': 107, 'n_layers': 1, 'rnn_dropout': 0.16516324711154642, 'bidirectional': False, 'fc_dropout': 0.2092396414663897, 'learning_rate_model': 0.0002680689020235863}. Best is trial 61 with value: 0.9777320623397827.
[I 2024-06-20 22:20:38,451] Trial 93 finished with value: 1.1049978733062744 and parameters: {'hidden_size': 35, 'n_layers': 6, 'rnn_dropout': 0.08526710143104088, 'bidirectional': True, 'fc_dropout': 0.4579240899477195, 'learning_rate_model': 1.5114066835104806e-05}. Best is trial 61 with value: 0.9777320623397827.
[I 2024-06-20 22:21:24,445] Trial 94 finished with value: 1.038432002067566 and parameters: {'hidden_size': 161, 'n_layers': 2, 'rnn_dropout': 0.4223231827265013, 'bidirectional': True, 'fc_dropout': 0.4408697393495774, 'learning_rate_model': 7.353072250353887e-05}. Best is trial 61 with value: 0.9777320623397827.
Epoch 12: reducing lr to 9.349172160938012e-05
Epoch 30: reducing lr to 0.0001694306759596323
Epoch 33: reducing lr to 0.00016614051880236037
Epoch 39: reducing lr to 0.00015584128102169557
Epoch 42: reducing lr to 0.00014899462511364683
Epoch 45: reducing lr to 0.00014115479066701978
Epoch 48: reducing lr to 0.00013244541998459557
Epoch 51: reducing lr to 0.000123003862244745
Epoch 54: reducing lr to 0.00011297902403869615
Epoch 57: reducing lr to 0.00010252897226176103
Epoch 60: reducing lr to 9.18185568129174e-05
Epoch 63: reducing lr to 8.101664799772606e-05
Epoch 66: reducing lr to 7.029363019626163e-05
Epoch 69: reducing lr to 5.981856472948618e-05
Epoch 72: reducing lr to 4.9756711676581425e-05
Epoch 75: reducing lr to 4.026670685821896e-05
Epoch 78: reducing lr to 3.149824127953004e-05
Epoch 81: reducing lr to 2.358957293119425e-05
Epoch 84: reducing lr to 1.6665449538525844e-05
Epoch 87: reducing lr to 1.0835040347200895e-05
Epoch 90: reducing lr to 6.190328924069225e-06
Epoch 93: reducing lr to 2.8045418693435152e-06
Epoch 96: reducing lr to 7.310850428819118e-07
Epoch 99: reducing lr to 2.6519612425978874e-09
[I 2024-06-20 22:23:56,854] Trial 95 finished with value: 1.1640090942382812 and parameters: {'hidden_size': 156, 'n_layers': 6, 'rnn_dropout': 0.14123922742166642, 'bidirectional': True, 'fc_dropout': 0.6881895979384922, 'learning_rate_model': 0.0017203437921322648}. Best is trial 61 with value: 0.9777320623397827.
Epoch 12: reducing lr to 0.002956435073153523
Epoch 15: reducing lr to 0.003907602133219648
Epoch 18: reducing lr to 0.004707265178883634
Epoch 21: reducing lr to 0.005243113902982168
Epoch 24: reducing lr to 0.005439889938728263
Epoch 27: reducing lr to 0.005420253559271503
Epoch 30: reducing lr to 0.005357809057876088
Epoch 33: reducing lr to 0.005253766305763906
Epoch 36: reducing lr to 0.005109766115371867
Epoch 39: reducing lr to 0.004928079418440074
Epoch 42: reducing lr to 0.0047115715468133085
Epoch 45: reducing lr to 0.004463656960080531
Epoch 48: reducing lr to 0.004188245527844903
Epoch 51: reducing lr to 0.003889680564372267
Epoch 54: reducing lr to 0.0035726708573643835
Epoch 57: reducing lr to 0.0032422148655634835
Epoch 60: reducing lr to 0.002903525542745091
Epoch 63: reducing lr to 0.002561942977695462
Epoch 66: reducing lr to 0.0022228551379105295
Epoch 69: reducing lr to 0.0018916081525469925
Epoch 72: reducing lr to 0.0015734279462736283
Epoch 75: reducing lr to 0.0012733309686329068
Epoch 78: reducing lr to 0.0009960508123974011
Epoch 81: reducing lr to 0.0007459595306831795
Epoch 84: reducing lr to 0.0005270019492359488
Epoch 87: reducing lr to 0.0003426302644777085
Epoch 90: reducing lr to 0.00019575321996893048
Epoch 93: reducing lr to 8.868641847561004e-05
Epoch 96: reducing lr to 2.3118682863330214e-05
Epoch 99: reducing lr to 8.38614488567202e-08
[I 2024-06-20 22:25:01,875] Trial 96 finished with value: 1.1072428226470947 and parameters: {'hidden_size': 90, 'n_layers': 6, 'rnn_dropout': 0.573543201353976, 'bidirectional': True, 'fc_dropout': 0.0030349379274740686, 'learning_rate_model': 0.054401444720336284}. Best is trial 61 with value: 0.9777320623397827.
Epoch 3: reducing lr to 0.0001159840235056967
Epoch 6: reducing lr to 0.0002519031618607933
Epoch 9: reducing lr to 0.0004405088059267961
Epoch 19: reducing lr to 0.0010905036966712184
Epoch 28: reducing lr to 0.001197859482742297
Epoch 35: reducing lr to 0.001144206087558826
Epoch 38: reducing lr to 0.0011066543518896466
Epoch 44: reducing lr to 0.0010084361069189222
Epoch 47: reducing lr to 0.0009493185816216996
Epoch 54: reducing lr to 0.0007919042531408453
Epoch 57: reducing lr to 0.000718656670077439
Epoch 60: reducing lr to 0.0006435841190529262
Epoch 63: reducing lr to 0.0005678702632679817
Epoch 66: reducing lr to 0.0004927093785308623
Epoch 69: reducing lr to 0.00041928646692713774
Epoch 72: reducing lr to 0.0003487598864855827
Epoch 75: reducing lr to 0.0002822415637975202
Epoch 78: reducing lr to 0.00022078072852862502
Epoch 81: reducing lr to 0.00016534647287792646
Epoch 84: reducing lr to 0.00011681319149599423
Epoch 87: reducing lr to 7.594608474367961e-05
Epoch 90: reducing lr to 4.3389893345442516e-05
Epoch 93: reducing lr to 1.9657884756412934e-05
Epoch 96: reducing lr to 5.1243968496978225e-06
Epoch 99: reducing lr to 1.858840085605662e-08
[I 2024-06-20 22:26:13,936] Trial 97 finished with value: 1.11668860912323 and parameters: {'hidden_size': 174, 'n_layers': 6, 'rnn_dropout': 0.41335102633723075, 'bidirectional': False, 'fc_dropout': 0.2999007548294875, 'learning_rate_model': 0.01205841152767771}. Best is trial 61 with value: 0.9777320623397827.
Epoch 12: reducing lr to 0.002093265532149013
Epoch 15: reducing lr to 0.002766727039973757
Epoch 18: reducing lr to 0.003332918094200505
Epoch 21: reducing lr to 0.003712318837611737
Epoch 24: reducing lr to 0.003851643559105066
Epoch 27: reducing lr to 0.0038377402751580275
Epoch 30: reducing lr to 0.0037935272553524454
Epoch 33: reducing lr to 0.0037198611333245923
Epoch 36: reducing lr to 0.003617903665052162
Epoch 39: reducing lr to 0.003489262754317852
Epoch 42: reducing lr to 0.003335967162193844
Epoch 45: reducing lr to 0.003160434452533779
Epoch 48: reducing lr to 0.002965432957830332
Epoch 51: reducing lr to 0.0027540379054512656
Epoch 54: reducing lr to 0.0025295832914933687
Epoch 57: reducing lr to 0.0022956082098789113
Epoch 60: reducing lr to 0.002055803624958194
Epoch 63: reducing lr to 0.001813950517377939
Epoch 66: reducing lr to 0.0015738637676846515
Epoch 69: reducing lr to 0.0013393286333310502
Epoch 72: reducing lr to 0.0011140452625402757
Epoch 75: reducing lr to 0.0009015654873875085
Epoch 78: reducing lr to 0.0007052408668784024
Epoch 81: reducing lr to 0.0005281669765511095
Epoch 84: reducing lr to 0.00037313689914193136
Epoch 87: reducing lr to 0.00024259491757999614
Epoch 90: reducing lr to 0.00013860053004007485
Epoch 93: reducing lr to 6.279326904572238e-05
Epoch 96: reducing lr to 1.6368883736341684e-05
Epoch 99: reducing lr to 5.937701184829946e-08
[I 2024-06-20 22:28:16,103] Trial 98 finished with value: 1.0130914449691772 and parameters: {'hidden_size': 154, 'n_layers': 5, 'rnn_dropout': 0.3214927391742699, 'bidirectional': True, 'fc_dropout': 0.6199173173796783, 'learning_rate_model': 0.03851823778112661}. Best is trial 61 with value: 0.9777320623397827.
Epoch 60: reducing lr to 7.484483169291273e-06
Epoch 63: reducing lr to 6.603978100057329e-06
Epoch 66: reducing lr to 5.729903740311126e-06
Epoch 69: reducing lr to 4.876040927556968e-06
Epoch 72: reducing lr to 4.055860645484041e-06
Epoch 75: reducing lr to 3.2822939090317584e-06
Epoch 78: reducing lr to 2.5675426068747815e-06
Epoch 81: reducing lr to 1.9228766787745224e-06
Epoch 84: reducing lr to 1.358464790880069e-06
Epoch 87: reducing lr to 8.832057476404156e-07
Epoch 90: reducing lr to 5.045974828266411e-07
Epoch 93: reducing lr to 2.2860897782833843e-07
Epoch 96: reducing lr to 5.959354937280185e-08
Epoch 99: reducing lr to 2.1617154499819005e-10
[I 2024-06-20 22:28:20,558] Trial 99 finished with value: 1.0920474529266357 and parameters: {'hidden_size': 60, 'n_layers': 1, 'rnn_dropout': 0.1762271902349821, 'bidirectional': False, 'fc_dropout': 0.4345331441904756, 'learning_rate_model': 0.00014023182899556565}. Best is trial 61 with value: 0.9777320623397827.
Epoch 13: reducing lr to 0.0012391149542637738
Epoch 16: reducing lr to 0.0015844728537555564
Epoch 19: reducing lr to 0.001857284711227122
Epoch 22: reducing lr to 0.0020192347272360136
Epoch 25: reducing lr to 0.0020530092899092092
Epoch 30: reducing lr to 0.002022638370549526
Epoch 33: reducing lr to 0.0019833609606369203
Epoch 36: reducing lr to 0.001928999129652067
Epoch 39: reducing lr to 0.0018604101820686447
Epoch 42: reducing lr to 0.0017786758156610623
Epoch 45: reducing lr to 0.0016850850306353222
Epoch 48: reducing lr to 0.001581113850529735
Epoch 51: reducing lr to 0.0014684019295377502
Epoch 54: reducing lr to 0.0013487268925395136
Epoch 57: reducing lr to 0.0012239757187715815
Epoch 60: reducing lr to 0.0010961163619658582
Epoch 63: reducing lr to 0.0009671647708738845
Epoch 66: reducing lr to 0.0008391549690449935
Epoch 69: reducing lr to 0.0007141051855443583
Epoch 72: reducing lr to 0.0005939882707745389
Epoch 75: reducing lr to 0.0004806979957189577
Epoch 78: reducing lr to 0.00037602134947501244
Epoch 81: reducing lr to 0.00028160883550318734
Epoch 84: reducing lr to 0.00019894967371263047
Epoch 87: reducing lr to 0.00012934711042481006
Epoch 90: reducing lr to 7.389923186712742e-05
Epoch 93: reducing lr to 3.348020637123847e-05
Epoch 96: reducing lr to 8.727585199625257e-06
Epoch 99: reducing lr to 3.16587213979036e-08
[I 2024-06-20 22:28:27,848] Trial 100 finished with value: 1.1146557331085205 and parameters: {'hidden_size': 41, 'n_layers': 3, 'rnn_dropout': 0.4910968717930021, 'bidirectional': False, 'fc_dropout': 0.35529368561329155, 'learning_rate_model': 0.020537209952065802}. Best is trial 61 with value: 0.9777320623397827.
Epoch 11: reducing lr to 0.00015542710649914357
Epoch 14: reducing lr to 0.00021293200036258847
Epoch 17: reducing lr to 0.0002640242321576312
Epoch 20: reducing lr to 0.00030152803478593603
Epoch 23: reducing lr to 0.00032017611020763927
Epoch 26: reducing lr to 0.00032117559878320817
Epoch 29: reducing lr to 0.0003183180175643084
Epoch 32: reducing lr to 0.00031297692984079623
Epoch 35: reducing lr to 0.0003052365676785329
Epoch 38: reducing lr to 0.00029521899913851013
Epoch 41: reducing lr to 0.00028308220853404966
Epoch 44: reducing lr to 0.0002690176003658158
Epoch 47: reducing lr to 0.00025324698814169113
Epoch 50: reducing lr to 0.0002360190788404646
Epoch 53: reducing lr to 0.00021760558085974388
Epoch 56: reducing lr to 0.00019829682924983692
Epoch 59: reducing lr to 0.00017839742018119602
Epoch 62: reducing lr to 0.00015822110624188186
Epoch 65: reducing lr to 0.00013808613940027872
Epoch 68: reducing lr to 0.00011830997147844186
Epoch 71: reducing lr to 9.920460158387478e-05
Epoch 74: reducing lr to 8.10712464575977e-05
Epoch 77: reducing lr to 6.419593336800594e-05
Epoch 80: reducing lr to 4.884474614230026e-05
Epoch 83: reducing lr to 3.525982740208685e-05
Epoch 86: reducing lr to 2.365536350635634e-05
Epoch 89: reducing lr to 1.4214432511122166e-05
Epoch 92: reducing lr to 7.085876781260173e-06
Epoch 95: reducing lr to 2.382138901654146e-06
Epoch 98: reducing lr to 1.7738710945663234e-07
[I 2024-06-20 22:28:43,808] Trial 101 finished with value: 1.0931965112686157 and parameters: {'hidden_size': 94, 'n_layers': 3, 'rnn_dropout': 0.5399772838472842, 'bidirectional': False, 'fc_dropout': 0.25181254985921314, 'learning_rate_model': 0.0032167877678542485}. Best is trial 61 with value: 0.9777320623397827.
Epoch 20: reducing lr to 5.056282336509937e-05
Epoch 23: reducing lr to 5.368989360357992e-05
Epoch 26: reducing lr to 5.385749647452956e-05
Epoch 29: reducing lr to 5.337831259192564e-05
Epoch 32: reducing lr to 5.2482672903452994e-05
Epoch 35: reducing lr to 5.1184702168923215e-05
Epoch 38: reducing lr to 4.950486981437437e-05
Epoch 41: reducing lr to 4.7469668013028786e-05
Epoch 44: reducing lr to 4.5111193123572454e-05
Epoch 47: reducing lr to 4.246664074948228e-05
Epoch 50: reducing lr to 3.957771622355459e-05
Epoch 53: reducing lr to 3.648998195501876e-05
Epoch 56: reducing lr to 3.325212383099587e-05
Epoch 59: reducing lr to 2.9915219166320638e-05
Epoch 62: reducing lr to 2.6531880702961545e-05
Epoch 65: reducing lr to 2.3155475677813952e-05
Epoch 68: reducing lr to 1.983923715233069e-05
Epoch 71: reducing lr to 1.6635483829726066e-05
Epoch 74: reducing lr to 1.3594726332939798e-05
Epoch 77: reducing lr to 1.0764928183041281e-05
Epoch 80: reducing lr to 8.190708612748345e-06
Epoch 83: reducing lr to 5.912672186787868e-06
Epoch 86: reducing lr to 3.9667355224805256e-06
Epoch 89: reducing lr to 2.3835987284075935e-06
Epoch 92: reducing lr to 1.1882209769717606e-06
Epoch 95: reducing lr to 3.994576112996721e-07
Epoch 98: reducing lr to 2.974580154402589e-08
[I 2024-06-20 22:29:31,751] Trial 102 finished with value: 1.0928411483764648 and parameters: {'hidden_size': 178, 'n_layers': 4, 'rnn_dropout': 0.6275659350335385, 'bidirectional': False, 'fc_dropout': 0.10547278002200172, 'learning_rate_model': 0.0005394187370487681}. Best is trial 61 with value: 0.9777320623397827.
Epoch 67: reducing lr to 7.24717121661439e-07
[I 2024-06-20 22:32:16,833] Trial 103 finished with value: 1.0739424228668213 and parameters: {'hidden_size': 184, 'n_layers': 5, 'rnn_dropout': 0.6134196697896818, 'bidirectional': True, 'fc_dropout': 0.67431987215428, 'learning_rate_model': 1.8673586483652047e-05}. Best is trial 61 with value: 0.9777320623397827.
Epoch 3: reducing lr to 6.109592085974535e-05
Epoch 6: reducing lr to 0.00013269289317774648
Epoch 9: reducing lr to 0.0002320430894829457
Epoch 18: reducing lr to 0.0005496198094206968
Epoch 23: reducing lr to 0.000632223538848326
Epoch 26: reducing lr to 0.0006341971408259216
Epoch 29: reducing lr to 0.0006285545271106519
Epoch 32: reducing lr to 0.000618007952040862
Epoch 35: reducing lr to 0.0006027237412513054
Epoch 40: reducing lr to 0.0005674089098029805
Epoch 43: reducing lr to 0.0005408598447870198
Epoch 46: reducing lr to 0.00051078979344336
Epoch 49: reducing lr to 0.0004776730229959322
Epoch 52: reducing lr to 0.00044203178333219377
Epoch 55: reducing lr to 0.0004044281006540083
Epoch 58: reducing lr to 0.0003654551485691077
Epoch 61: reducing lr to 0.00032572738139289073
Epoch 64: reducing lr to 0.0002858715355018481
Epoch 67: reducing lr to 0.0002465158967754282
Epoch 70: reducing lr to 0.00020828138995803106
Epoch 73: reducing lr to 0.00017177087656825496
Epoch 76: reducing lr to 0.00013756009912439847
Epoch 79: reducing lr to 0.00010618868281737662
Epoch 82: reducing lr to 7.815128078170379e-05
Epoch 85: reducing lr to 5.389014220189775e-05
Epoch 88: reducing lr to 3.378778123729843e-05
Epoch 91: reducing lr to 1.8161343186451785e-05
Epoch 94: reducing lr to 7.2571869265712805e-06
Epoch 97: reducing lr to 1.2473096422622316e-06
[I 2024-06-20 22:33:05,284] Trial 104 finished with value: 1.1074563264846802 and parameters: {'hidden_size': 122, 'n_layers': 7, 'rnn_dropout': 0.41428803853785756, 'bidirectional': False, 'fc_dropout': 0.20131131388468226, 'learning_rate_model': 0.006351907220679005}. Best is trial 61 with value: 0.9777320623397827.
