[I 2024-06-20 23:17:34,650] Trial 160 finished with value: 0.9802416563034058 and parameters: {'hidden_size': 72, 'n_layers': 1, 'rnn_dropout': 0.7979879941826636, 'bidirectional': True, 'fc_dropout': 0.7431595695144926, 'learning_rate_model': 0.001067769949377941}. Best is trial 115 with value: 0.9733659029006958.
Epoch 7: reducing lr to 5.602846901682245e-05
Epoch 16: reducing lr to 0.00016808634146045924
Epoch 19: reducing lr to 0.00019702716358987524
Epoch 22: reducing lr to 0.00021420737947421567
Epoch 25: reducing lr to 0.00021779030149191294
Epoch 28: reducing lr to 0.00021642371042333657
Epoch 31: reducing lr to 0.00021336194236608354
Epoch 34: reducing lr to 0.00020865328729855037
Epoch 37: reducing lr to 0.00020237199782410401
Epoch 40: reducing lr to 0.0001946171326166097
Epoch 43: reducing lr to 0.00018551099625218023
Epoch 46: reducing lr to 0.0001751971871648867
Epoch 49: reducing lr to 0.00016383837556596626
Epoch 52: reducing lr to 0.0001516136893715485
Epoch 55: reducing lr to 0.0001387158994845436
Epoch 58: reducing lr to 0.00012534846014172201
Epoch 61: reducing lr to 0.00011172212470793358
Epoch 64: reducing lr to 9.80518592057272e-05
Epoch 67: reducing lr to 8.455316112590585e-05
Epoch 70: reducing lr to 7.143900314344519e-05
Epoch 73: reducing lr to 5.891616237813924e-05
Epoch 76: reducing lr to 4.718211432975703e-05
Epoch 79: reducing lr to 3.642194651724505e-05
Epoch 82: reducing lr to 2.680532137102308e-05
Epoch 85: reducing lr to 1.8483927147489424e-05
Epoch 88: reducing lr to 1.158896342350977e-05
Epoch 91: reducing lr to 6.229208731742915e-06
Epoch 94: reducing lr to 2.489162376745997e-06
Epoch 97: reducing lr to 4.278181429093458e-07
[I 2024-06-20 23:18:01,650] Trial 161 finished with value: 1.0937323570251465 and parameters: {'hidden_size': 100, 'n_layers': 5, 'rnn_dropout': 0.2113101153684557, 'bidirectional': False, 'fc_dropout': 0.1955583994972887, 'learning_rate_model': 0.0021786580164286193}. Best is trial 115 with value: 0.9733659029006958.
[I 2024-06-20 23:18:09,439] Trial 162 finished with value: 1.0982009172439575 and parameters: {'hidden_size': 144, 'n_layers': 1, 'rnn_dropout': 0.7768666557003711, 'bidirectional': False, 'fc_dropout': 0.6013123232650325, 'learning_rate_model': 2.0904698538829833e-05}. Best is trial 115 with value: 0.9733659029006958.
Epoch 16: reducing lr to 0.0004741737140249165
Epoch 19: reducing lr to 0.0005558161425340043
Epoch 22: reducing lr to 0.0006042817507615708
Epoch 25: reducing lr to 0.0006143892194912225
Epoch 28: reducing lr to 0.0006105340486492028
Epoch 31: reducing lr to 0.0006018967618918369
Epoch 34: reducing lr to 0.0005886135858643564
Epoch 37: reducing lr to 0.0005708939881083157
Epoch 40: reducing lr to 0.0005490174144066674
Epoch 43: reducing lr to 0.0005233288875292196
Epoch 46: reducing lr to 0.0004942335004907887
Epoch 49: reducing lr to 0.00046219014803293055
Epoch 52: reducing lr to 0.0004277041522927007
Epoch 55: reducing lr to 0.0003913193224469468
Epoch 58: reducing lr to 0.0003536096054936536
Epoch 61: reducing lr to 0.00031516953936425467
Epoch 64: reducing lr to 0.0002766055459513054
Epoch 67: reducing lr to 0.00023852554642608747
Epoch 70: reducing lr to 0.00020153033942221744
Epoch 73: reducing lr to 0.00016620324583308958
Epoch 76: reducing lr to 0.00013310134656332003
Epoch 79: reducing lr to 0.00010274677586555505
Epoch 82: reducing lr to 7.561815362088471e-05
Epoch 85: reducing lr to 5.2143394336135426e-05
Epoch 88: reducing lr to 3.269261369173906e-05
Epoch 91: reducing lr to 1.757267731632914e-05
Epoch 94: reducing lr to 7.021958826264243e-06
Epoch 97: reducing lr to 1.206880440064121e-06
[I 2024-06-20 23:18:32,332] Trial 163 finished with value: 1.0984783172607422 and parameters: {'hidden_size': 105, 'n_layers': 4, 'rnn_dropout': 0.537978120419944, 'bidirectional': False, 'fc_dropout': 0.5453162700820984, 'learning_rate_model': 0.006146022063804241}. Best is trial 115 with value: 0.9733659029006958.
[I 2024-06-20 23:18:47,621] Trial 164 finished with value: 1.0907890796661377 and parameters: {'hidden_size': 130, 'n_layers': 2, 'rnn_dropout': 0.6086419650446049, 'bidirectional': False, 'fc_dropout': 0.18701495408328475, 'learning_rate_model': 5.0899740979609974e-05}. Best is trial 115 with value: 0.9733659029006958.
[I 2024-06-20 23:19:01,116] Trial 165 finished with value: 1.1051242351531982 and parameters: {'hidden_size': 88, 'n_layers': 3, 'rnn_dropout': 0.652381543204501, 'bidirectional': False, 'fc_dropout': 0.3421320797575714, 'learning_rate_model': 2.4989769577785342e-05}. Best is trial 115 with value: 0.9733659029006958.
Epoch 45: reducing lr to 7.559972624434666e-05
Epoch 48: reducing lr to 7.093515881280255e-05
Epoch 51: reducing lr to 6.587844641161539e-05
Epoch 55: reducing lr to 5.866472282626074e-05
Epoch 58: reducing lr to 5.3011462263791046e-05
Epoch 61: reducing lr to 4.724871124295421e-05
Epoch 65: reducing lr to 3.955191578694659e-05
Epoch 68: reducing lr to 3.388744191846051e-05
Epoch 71: reducing lr to 2.8415104257126354e-05
Epoch 74: reducing lr to 2.322118010221687e-05
Epoch 77: reducing lr to 1.8387596043044136e-05
Epoch 80: reducing lr to 1.3990566283085938e-05
Epoch 83: reducing lr to 1.0099447563140392e-05
Epoch 86: reducing lr to 6.775589131367431e-06
Epoch 89: reducing lr to 4.071429906584855e-06
Epoch 92: reducing lr to 2.0296027026773124e-06
Epoch 95: reducing lr to 6.823143701477461e-07
Epoch 98: reducing lr to 5.0808864998251256e-08
[I 2024-06-20 23:19:15,510] Trial 166 finished with value: 0.9778228998184204 and parameters: {'hidden_size': 37, 'n_layers': 3, 'rnn_dropout': 0.15507821400760574, 'bidirectional': True, 'fc_dropout': 0.551076207214932, 'learning_rate_model': 0.0009213822578516836}. Best is trial 115 with value: 0.9733659029006958.
Epoch 18: reducing lr to 0.0006867919880447172
Epoch 22: reducing lr to 0.0007803911805853443
Epoch 25: reducing lr to 0.0007934443291285883
Epoch 28: reducing lr to 0.000788465622886061
Epoch 31: reducing lr to 0.0007773111202039263
Epoch 34: reducing lr to 0.0007601567490700238
Epoch 37: reducing lr to 0.0007372730233991651
Epoch 40: reducing lr to 0.0007090208295232527
Epoch 43: reducing lr to 0.0006758457422529112
Epoch 46: reducing lr to 0.0006382709132730642
Epoch 49: reducing lr to 0.0005968889757530497
Epoch 52: reducing lr to 0.0005523525208701058
Epoch 55: reducing lr to 0.0005053638433485033
Epoch 58: reducing lr to 0.0004566641589783708
Epoch 61: reducing lr to 0.00040702127542166267
Epoch 64: reducing lr to 0.0003572183477150285
Epoch 67: reducing lr to 0.0003080404671175725
Epoch 70: reducing lr to 0.0002602635265871596
Epoch 73: reducing lr to 0.00021464084769949918
Epoch 76: reducing lr to 0.0001718918647653029
Epoch 79: reducing lr to 0.00013269088073238162
Epoch 82: reducing lr to 9.765600252450816e-05
Epoch 85: reducing lr to 6.733985432196137e-05
Epoch 88: reducing lr to 4.222041682238973e-05
Epoch 91: reducing lr to 2.2693987332320435e-05
Epoch 94: reducing lr to 9.068410110919107e-06
Epoch 97: reducing lr to 1.5586087950861596e-06
[I 2024-06-20 23:19:23,130] Trial 167 finished with value: 1.0832905769348145 and parameters: {'hidden_size': 32, 'n_layers': 2, 'rnn_dropout': 0.36928166471329765, 'bidirectional': True, 'fc_dropout': 0.5835181586049222, 'learning_rate_model': 0.00793719388055494}. Best is trial 115 with value: 0.9733659029006958.
Epoch 41: reducing lr to 5.589849545090254e-06
Epoch 53: reducing lr to 4.296923015674546e-06
Epoch 56: reducing lr to 3.915645022395373e-06
Epoch 59: reducing lr to 3.5227036810587352e-06
Epoch 65: reducing lr to 2.7267017150499377e-06
Epoch 68: reducing lr to 2.3361939405275717e-06
Epoch 71: reducing lr to 1.9589320003760717e-06
Epoch 74: reducing lr to 1.6008638355539523e-06
Epoch 77: reducing lr to 1.267637449884561e-06
Epoch 80: reducing lr to 9.645070363747178e-07
Epoch 83: reducing lr to 6.962540358300503e-07
Epoch 86: reducing lr to 4.671078540036396e-07
Epoch 89: reducing lr to 2.806836202016396e-07
Epoch 92: reducing lr to 1.3992043268070114e-07
Epoch 95: reducing lr to 4.7038625721870156e-08
Epoch 98: reducing lr to 3.5027536991318682e-09
[I 2024-06-20 23:20:18,791] Trial 168 finished with value: 1.0752862691879272 and parameters: {'hidden_size': 77, 'n_layers': 6, 'rnn_dropout': 0.3427539807608588, 'bidirectional': True, 'fc_dropout': 0.46482852593447216, 'learning_rate_model': 6.351992141755928e-05}. Best is trial 115 with value: 0.9733659029006958.
Epoch 5: reducing lr to 8.937255938150266e-05
Epoch 8: reducing lr to 0.00016713714225688597
Epoch 11: reducing lr to 0.0002608565936102364
Epoch 14: reducing lr to 0.0003573682708009784
Epoch 17: reducing lr to 0.0004431174418831339
Epoch 20: reducing lr to 0.0005060608654686725
Epoch 23: reducing lr to 0.0005373583240745759
Epoch 35: reducing lr to 0.0005122849745024443
Epoch 40: reducing lr to 0.0004822691375777128
Epoch 43: reducing lr to 0.00045970376282322077
Epoch 46: reducing lr to 0.00043414572614477
Epoch 49: reducing lr to 0.000405998130914752
Epoch 52: reducing lr to 0.0003757048633648997
Epoch 55: reducing lr to 0.00034374361760079725
Epoch 58: reducing lr to 0.0003106185614620616
Epoch 61: reducing lr to 0.00027685195032334155
Epoch 64: reducing lr to 0.0002429764786956974
Epoch 67: reducing lr to 0.00020952615809005006
Epoch 70: reducing lr to 0.00017702874342143314
Epoch 73: reducing lr to 0.00014599663676818935
Epoch 76: reducing lr to 0.0001169191904174781
Epoch 79: reducing lr to 9.025505873820616e-05
Epoch 82: reducing lr to 6.642467210511896e-05
Epoch 85: reducing lr to 4.5803920161693967e-05
Epoch 88: reducing lr to 2.8717920773634574e-05
Epoch 91: reducing lr to 1.543623155093607e-05
Epoch 94: reducing lr to 6.168245192929908e-06
Epoch 97: reducing lr to 1.060150686874213e-06
[I 2024-06-20 23:21:02,023] Trial 169 finished with value: 1.1147019863128662 and parameters: {'hidden_size': 113, 'n_layers': 7, 'rnn_dropout': 0.24399518066817283, 'bidirectional': False, 'fc_dropout': 0.2638756501455059, 'learning_rate_model': 0.005398802811105274}. Best is trial 115 with value: 0.9733659029006958.
Epoch 25: reducing lr to 2.38345113992789e-05
Epoch 28: reducing lr to 2.368495455409796e-05
Epoch 31: reducing lr to 2.334988111344131e-05
Epoch 34: reducing lr to 2.2834575830728527e-05
Epoch 37: reducing lr to 2.2147164754315554e-05
Epoch 40: reducing lr to 2.1298488656611738e-05
Epoch 43: reducing lr to 2.0301932292556005e-05
Epoch 46: reducing lr to 1.9173210772005597e-05
Epoch 49: reducing lr to 1.7930126379899258e-05
Epoch 52: reducing lr to 1.659228249769922e-05
Epoch 55: reducing lr to 1.518077556657567e-05
Epoch 58: reducing lr to 1.371787118923139e-05
Epoch 61: reducing lr to 1.2226633769556446e-05
Epoch 64: reducing lr to 1.0730588735817395e-05
Epoch 67: reducing lr to 9.25331967904595e-06
Epoch 70: reducing lr to 7.818133879753097e-06
Epoch 73: reducing lr to 6.447660589953632e-06
Epoch 76: reducing lr to 5.163511111978659e-06
Epoch 79: reducing lr to 3.985941033657272e-06
Epoch 82: reducing lr to 2.933517853652946e-06
Epoch 85: reducing lr to 2.0228420149215723e-06
Epoch 88: reducing lr to 1.268271722529971e-06
Epoch 91: reducing lr to 6.817114697402047e-07
Epoch 94: reducing lr to 2.724086822819912e-07
Epoch 97: reducing lr to 4.681951553462522e-08
[I 2024-06-20 23:21:12,939] Trial 170 finished with value: 1.0924397706985474 and parameters: {'hidden_size': 182, 'n_layers': 1, 'rnn_dropout': 0.7028702905638164, 'bidirectional': False, 'fc_dropout': 0.5336950309593632, 'learning_rate_model': 0.0002384277397661184}. Best is trial 115 with value: 0.9733659029006958.
Epoch 57: reducing lr to 0.00013643439447530117
Epoch 60: reducing lr to 0.00012218213958474
Epoch 65: reducing lr to 9.82698260891139e-05
Epoch 68: reducing lr to 8.419599803636078e-05
Epoch 72: reducing lr to 6.621081513764834e-05
Epoch 75: reducing lr to 5.3582549854198654e-05
Epoch 78: reducing lr to 4.191443044057883e-05
Epoch 81: reducing lr to 3.1390435579337027e-05
Epoch 84: reducing lr to 2.2176565962667627e-05
Epoch 87: reducing lr to 1.441809213801261e-05
Epoch 90: reducing lr to 8.237415822350122e-06
Epoch 93: reducing lr to 3.731979003433576e-06
Epoch 96: reducing lr to 9.728483855362107e-07
Epoch 99: reducing lr to 3.5289413160329713e-09
[I 2024-06-20 23:21:38,064] Trial 171 finished with value: 0.9885504245758057 and parameters: {'hidden_size': 44, 'n_layers': 5, 'rnn_dropout': 0.6782304349717934, 'bidirectional': True, 'fc_dropout': 0.7650412078041857, 'learning_rate_model': 0.0022892462334419333}. Best is trial 115 with value: 0.9733659029006958.
Epoch 43: reducing lr to 0.0001012505978356223
Epoch 46: reducing lr to 9.562139332943029e-05
Epoch 49: reducing lr to 8.942183379750104e-05
Epoch 52: reducing lr to 8.274968599740461e-05
Epoch 55: reducing lr to 7.571016293300223e-05
Epoch 58: reducing lr to 6.841430849668497e-05
Epoch 61: reducing lr to 6.097715039364563e-05
Epoch 64: reducing lr to 5.351601556803924e-05
Epoch 67: reducing lr to 4.6148521035658296e-05
Epoch 70: reducing lr to 3.89909057855632e-05
Epoch 73: reducing lr to 3.215602731634347e-05
Epoch 76: reducing lr to 2.575166636775818e-05
Epoch 79: reducing lr to 1.9878842406706043e-05
Epoch 82: reducing lr to 1.463015599518767e-05
Epoch 85: reducing lr to 1.0088397517359549e-05
Epoch 88: reducing lr to 6.3251747801000435e-06
Epoch 91: reducing lr to 3.3998583419522474e-06
Epoch 94: reducing lr to 1.3585673294151755e-06
Epoch 97: reducing lr to 2.3350013535377353e-07
[I 2024-06-20 23:22:01,608] Trial 172 finished with value: 0.9865332841873169 and parameters: {'hidden_size': 52, 'n_layers': 4, 'rnn_dropout': 0.2693967989609338, 'bidirectional': True, 'fc_dropout': 0.7941606989318544, 'learning_rate_model': 0.0011890962320255246}. Best is trial 115 with value: 0.9733659029006958.
Epoch 6: reducing lr to 0.0019213480659017773
Epoch 12: reducing lr to 0.0049982784039874105
Epoch 15: reducing lr to 0.00660636302525446
Epoch 18: reducing lr to 0.00795830833530171
Epoch 21: reducing lr to 0.00886423761810143
Epoch 24: reducing lr to 0.009196915788112063
Epoch 27: reducing lr to 0.009163717666407148
Epoch 30: reducing lr to 0.009058146261979334
Epoch 33: reducing lr to 0.008882247036017633
Epoch 36: reducing lr to 0.008638794017771954
Epoch 39: reducing lr to 0.00833162654373799
Epoch 42: reducing lr to 0.007965588869218375
Epoch 45: reducing lr to 0.007546453628890518
Epoch 48: reducing lr to 0.007080831019263503
Epoch 51: reducing lr to 0.006576064037345388
Epoch 54: reducing lr to 0.006040113565515222
Epoch 57: reducing lr to 0.005481430216678862
Epoch 60: reducing lr to 0.004908827238424184
Epoch 63: reducing lr to 0.004331332818347155
Epoch 66: reducing lr to 0.0037580560898837997
Epoch 69: reducing lr to 0.003198035452744468
Epoch 72: reducing lr to 0.002660106083676321
Epoch 75: reducing lr to 0.0021527490116187405
Epoch 78: reducing lr to 0.0016839670554880865
Epoch 81: reducing lr to 0.001261151799449209
Epoch 84: reducing lr to 0.0008909725383942247
Epoch 87: reducing lr to 0.0005792657065405119
Epoch 90: reducing lr to 0.00033094895293541565
Epoch 93: reducing lr to 0.00014993713686422966
Epoch 96: reducing lr to 3.908545610682296e-05
Epoch 99: reducing lr to 1.417798322550512e-07
[I 2024-06-20 23:22:05,913] Trial 173 finished with value: 1.2693488597869873 and parameters: {'hidden_size': 47, 'n_layers': 1, 'rnn_dropout': 0.2962445550191101, 'bidirectional': False, 'fc_dropout': 0.3311358765835271, 'learning_rate_model': 0.0919734611324751}. Best is trial 115 with value: 0.9733659029006958.
Epoch 14: reducing lr to 5.882936513706286e-05
Epoch 17: reducing lr to 7.29452498083183e-05
Epoch 20: reducing lr to 8.330689059078344e-05
Epoch 23: reducing lr to 8.845902571476087e-05
Epoch 26: reducing lr to 8.873516682207373e-05
Epoch 29: reducing lr to 8.794566741076306e-05
Epoch 32: reducing lr to 8.647001884981154e-05
Epoch 35: reducing lr to 8.433149297694372e-05
Epoch 38: reducing lr to 8.156381504961002e-05
Epoch 41: reducing lr to 7.821063335382894e-05
Epoch 44: reducing lr to 7.43248295853498e-05
Epoch 47: reducing lr to 6.996768691356629e-05
Epoch 50: reducing lr to 6.520791870068978e-05
Epoch 53: reducing lr to 6.0120593196238665e-05
Epoch 56: reducing lr to 5.478592486613434e-05
Epoch 59: reducing lr to 4.9288068272867956e-05
Epoch 62: reducing lr to 4.371370773600772e-05
Epoch 65: reducing lr to 3.8150770674738076e-05
Epoch 68: reducing lr to 3.268696344189147e-05
Epoch 71: reducing lr to 2.7408485901210773e-05
Epoch 74: reducing lr to 2.2398558938296595e-05
Epoch 77: reducing lr to 1.7736206854723736e-05
Epoch 80: reducing lr to 1.349494393017214e-05
Epoch 83: reducing lr to 9.741669910464203e-06
Epoch 86: reducing lr to 6.535560717955361e-06
Epoch 89: reducing lr to 3.927197598242574e-06
Epoch 92: reducing lr to 1.9577030778424627e-06
Epoch 95: reducing lr to 6.581430645181594e-07
Epoch 98: reducing lr to 4.900893719621052e-08
[I 2024-06-20 23:22:31,414] Trial 174 finished with value: 1.092660903930664 and parameters: {'hidden_size': 188, 'n_layers': 2, 'rnn_dropout': 0.3159058100294404, 'bidirectional': False, 'fc_dropout': 0.6242908186314149, 'learning_rate_model': 0.0008887418605061119}. Best is trial 115 with value: 0.9733659029006958.
Epoch 9: reducing lr to 0.00020215853882730276
Epoch 12: reducing lr to 0.0003007360624870969
Epoch 15: reducing lr to 0.00039749118456275086
Epoch 18: reducing lr to 0.00047883493462620404
Epoch 21: reducing lr to 0.0005333428238193315
Epoch 24: reducing lr to 0.0005533593804890433
Epoch 27: reducing lr to 0.0005513619182437352
Epoch 30: reducing lr to 0.0005450099054279773
Epoch 33: reducing lr to 0.0005344264132063257
Epoch 36: reducing lr to 0.0005197783491750392
Epoch 39: reducing lr to 0.0005012967182616054
Epoch 42: reducing lr to 0.00047927298927741247
Epoch 45: reducing lr to 0.0004540544896985923
Epoch 48: reducing lr to 0.0004260389413624921
Epoch 51: reducing lr to 0.0003956681571951978
Epoch 54: reducing lr to 0.0003634211270062184
Epoch 57: reducing lr to 0.0003298063066768594
Epoch 60: reducing lr to 0.00029535397106639785
Epoch 63: reducing lr to 0.0002606073275293579
Epoch 66: reducing lr to 0.0002261144537638596
Epoch 69: reducing lr to 0.0001924191715662052
Epoch 72: reducing lr to 0.0001600530752277808
Epoch 75: reducing lr to 0.00012952645069965184
Epoch 78: reducing lr to 0.00010132081102594646
Epoch 81: reducing lr to 7.588089252137369e-05
Epoch 84: reducing lr to 5.360797285062311e-05
Epoch 87: reducing lr to 3.485321817604751e-05
Epoch 90: reducing lr to 1.991251325869029e-05
Epoch 93: reducing lr to 9.021407075917448e-06
Epoch 96: reducing lr to 2.35169096637379e-06
Epoch 99: reducing lr to 8.530598947543987e-09
[I 2024-06-20 23:22:42,283] Trial 175 finished with value: 1.0943844318389893 and parameters: {'hidden_size': 93, 'n_layers': 2, 'rnn_dropout': 0.7286449112694068, 'bidirectional': False, 'fc_dropout': 0.1507747197331348, 'learning_rate_model': 0.005533852722614425}. Best is trial 115 with value: 0.9733659029006958.
Epoch 24: reducing lr to 1.725699679334633e-05
Epoch 27: reducing lr to 1.719470418427978e-05
Epoch 30: reducing lr to 1.6996611102897565e-05
Epoch 33: reducing lr to 1.6666555631225545e-05
Epoch 36: reducing lr to 1.6209742928794723e-05
Epoch 39: reducing lr to 1.56333770865331e-05
Epoch 42: reducing lr to 1.4946547814529337e-05
Epoch 45: reducing lr to 1.4160086824241085e-05
Epoch 48: reducing lr to 1.3286397419405032e-05
Epoch 51: reducing lr to 1.2339257922965632e-05
Epoch 54: reducing lr to 1.133360605152839e-05
Epoch 57: reducing lr to 1.0285298446947811e-05
Epoch 60: reducing lr to 9.210872195010805e-06
Epoch 63: reducing lr to 8.127267692692046e-06
Epoch 66: reducing lr to 7.051577222895645e-06
Epoch 69: reducing lr to 6.000760344501125e-06
Epoch 72: reducing lr to 4.9913952909409865e-06
Epoch 75: reducing lr to 4.03939577639758e-06
Epoch 78: reducing lr to 3.1597782067573154e-06
Epoch 81: reducing lr to 2.366412073398532e-06
Epoch 84: reducing lr to 1.6718115716470054e-06
Epoch 87: reducing lr to 1.0869281257512907e-06
Epoch 90: reducing lr to 6.20989161056589e-07
Epoch 93: reducing lr to 2.813404786650435e-07
Epoch 96: reducing lr to 7.33395418900959e-08
Epoch 99: reducing lr to 2.660341974383522e-10
[I 2024-06-20 23:23:10,240] Trial 176 finished with value: 1.1070547103881836 and parameters: {'hidden_size': 81, 'n_layers': 7, 'rnn_dropout': 0.09821770355953596, 'bidirectional': False, 'fc_dropout': 0.46672505168658235, 'learning_rate_model': 0.0001725780425093903}. Best is trial 115 with value: 0.9733659029006958.
Epoch 16: reducing lr to 0.0004880913493904647
Epoch 22: reducing lr to 0.0006220182317524017
Epoch 25: reducing lr to 0.000632422368264529
Epoch 28: reducing lr to 0.000628454042980447
Epoch 31: reducing lr to 0.0006195632402560817
Epoch 34: reducing lr to 0.0006058901851716673
Epoch 37: reducing lr to 0.0005876504934224371
Epoch 40: reducing lr to 0.0005651318129003944
Epoch 43: reducing lr to 0.0005386892932570388
Epoch 46: reducing lr to 0.0005087399175312488
Epoch 49: reducing lr to 0.00047575604964158243
Epoch 52: reducing lr to 0.00044025784360851225
Epoch 55: reducing lr to 0.00040280507013861194
Epoch 58: reducing lr to 0.00036398852234512086
Epoch 61: reducing lr to 0.0003244201886462792
Epoch 64: reducing lr to 0.00028472429023166924
Epoch 67: reducing lr to 0.00024552659157544383
Epoch 70: reducing lr to 0.00020744552555804408
Epoch 73: reducing lr to 0.0001710815343245389
Epoch 76: reducing lr to 0.0001370080498523058
Epoch 79: reducing lr to 0.00010576253173558069
Epoch 82: reducing lr to 7.783764799179403e-05
Epoch 85: reducing lr to 5.367387299327628e-05
Epoch 88: reducing lr to 3.3652185812779214e-05
Epoch 91: reducing lr to 1.8088458997285536e-05
Epoch 94: reducing lr to 7.22806274895179e-06
Epoch 97: reducing lr to 1.2423040019314372e-06
