[I 2024-06-21 01:54:40,877] Trial 545 finished with value: 0.9743627309799194 and parameters: {'hidden_size': 126, 'n_layers': 2, 'rnn_dropout': 0.4292818900990729, 'bidirectional': True, 'fc_dropout': 6.774696029997196e-05, 'learning_rate_model': 0.0003762087888723211}. Best is trial 502 with value: 0.9691120386123657.
Epoch 40: reducing lr to 5.094716859398855e-05
Epoch 53: reducing lr to 3.858119440837714e-05
Epoch 65: reducing lr to 2.4482497959177992e-05
Epoch 68: reducing lr to 2.0976208385948353e-05
Epoch 72: reducing lr to 1.649546163858082e-05
Epoch 75: reducing lr to 1.3349313005432229e-05
Epoch 78: reducing lr to 1.0442370751638643e-05
Epoch 81: reducing lr to 7.820470490218579e-06
Epoch 84: reducing lr to 5.524968879361139e-06
Epoch 87: reducing lr to 3.592057963184257e-06
Epoch 90: reducing lr to 2.0522323492941232e-06
Epoch 93: reducing lr to 9.297682917684441e-07
Epoch 96: reducing lr to 2.423710264011438e-07
Epoch 99: reducing lr to 8.791844048790243e-10
[I 2024-06-21 01:55:09,294] Trial 546 finished with value: 0.9725194573402405 and parameters: {'hidden_size': 115, 'n_layers': 2, 'rnn_dropout': 0.40596116043155717, 'bidirectional': True, 'fc_dropout': 0.04036713636552337, 'learning_rate_model': 0.0005703324048571481}. Best is trial 502 with value: 0.9691120386123657.
Epoch 40: reducing lr to 5.176676151648301e-05
Epoch 49: reducing lr to 4.3579832880794915e-05
Epoch 53: reducing lr to 3.920185449118731e-05
Epoch 56: reducing lr to 3.572336433469666e-05
Epoch 61: reducing lr to 2.9717283921059972e-05
Epoch 65: reducing lr to 2.487635070126531e-05
Epoch 68: reducing lr to 2.131365504703563e-05
Epoch 72: reducing lr to 1.6760826014764325e-05
Epoch 75: reducing lr to 1.3564064929069187e-05
Epoch 78: reducing lr to 1.0610358363085927e-05
Epoch 81: reducing lr to 7.946279292576962e-06
Epoch 84: reducing lr to 5.613849685017153e-06
Epoch 87: reducing lr to 3.6498438100735636e-06
Epoch 90: reducing lr to 2.0852468455893024e-06
Epoch 93: reducing lr to 9.447255805152552e-07
Epoch 96: reducing lr to 2.462700767966392e-07
Epoch 99: reducing lr to 8.933279448640474e-10
[I 2024-06-21 01:55:36,546] Trial 547 finished with value: 0.9729989767074585 and parameters: {'hidden_size': 110, 'n_layers': 2, 'rnn_dropout': 0.406484883664629, 'bidirectional': True, 'fc_dropout': 0.04093275078894239, 'learning_rate_model': 0.0005795074074213792}. Best is trial 502 with value: 0.9691120386123657.
Epoch 40: reducing lr to 5.22612828627166e-05
Epoch 49: reducing lr to 4.3996145529944964e-05
Epoch 65: reducing lr to 2.5113991343209882e-05
Epoch 72: reducing lr to 1.6920940072549628e-05
Epoch 75: reducing lr to 1.3693640731236904e-05
Epoch 78: reducing lr to 1.0711717778819572e-05
Epoch 81: reducing lr to 8.022189096825806e-06
Epoch 84: reducing lr to 5.6674780832878e-06
Epoch 87: reducing lr to 3.684710307834394e-06
Epoch 90: reducing lr to 2.105166945806148e-06
Epoch 93: reducing lr to 9.537504248789316e-07
Epoch 96: reducing lr to 2.486226637915903e-07
Epoch 99: reducing lr to 9.01861794088115e-10
[I 2024-06-21 01:56:05,166] Trial 548 finished with value: 0.9703432321548462 and parameters: {'hidden_size': 116, 'n_layers': 2, 'rnn_dropout': 0.4330670852024925, 'bidirectional': True, 'fc_dropout': 0.06488631069050073, 'learning_rate_model': 0.0005850433686226437}. Best is trial 502 with value: 0.9691120386123657.
Epoch 65: reducing lr to 1.6589141153466624e-05
Epoch 73: reducing lr to 1.0450609240429048e-05
Epoch 76: reducing lr to 8.369211776436002e-06
Epoch 79: reducing lr to 6.460562186391943e-06
Epoch 86: reducing lr to 2.841864983320092e-06
Epoch 89: reducing lr to 1.7076676078247677e-06
Epoch 92: reducing lr to 8.512701610090734e-07
Epoch 95: reducing lr to 2.861810653721937e-07
Epoch 98: reducing lr to 2.1310609525057892e-08
[I 2024-06-21 01:56:33,773] Trial 549 finished with value: 0.9733811616897583 and parameters: {'hidden_size': 116, 'n_layers': 2, 'rnn_dropout': 0.4348679962231731, 'bidirectional': True, 'fc_dropout': 0.04620057967169963, 'learning_rate_model': 0.0003864525909221794}. Best is trial 502 with value: 0.9691120386123657.
Epoch 40: reducing lr to 4.9345681703635174e-05
Epoch 49: reducing lr to 4.1541647556001524e-05
Epoch 65: reducing lr to 2.371290858636732e-05
Epoch 72: reducing lr to 1.5976938896423337e-05
Epoch 75: reducing lr to 1.2929687138805632e-05
Epoch 78: reducing lr to 1.0114122483393713e-05
Epoch 81: reducing lr to 7.574639734317487e-06
Epoch 84: reducing lr to 5.351295533538515e-06
Epoch 87: reducing lr to 3.4791442548038526e-06
Epoch 90: reducing lr to 1.987721930088188e-06
Epoch 93: reducing lr to 9.005417072216145e-07
Epoch 96: reducing lr to 2.347522708923437e-07
Epoch 99: reducing lr to 8.515478877265704e-10
[I 2024-06-21 01:57:06,033] Trial 550 finished with value: 0.9722517728805542 and parameters: {'hidden_size': 125, 'n_layers': 2, 'rnn_dropout': 0.42536716211148434, 'bidirectional': True, 'fc_dropout': 0.0322272484239377, 'learning_rate_model': 0.0005524044238774512}. Best is trial 502 with value: 0.9691120386123657.
Epoch 65: reducing lr to 1.3629156178700177e-05
Epoch 73: reducing lr to 8.585916786331675e-06
Epoch 79: reducing lr to 5.307810104571945e-06
Epoch 86: reducing lr to 2.3347936664192446e-06
Epoch 89: reducing lr to 1.4029700701827762e-06
Epoch 92: reducing lr to 6.993788205988819e-07
Epoch 95: reducing lr to 2.351180449464878e-07
Epoch 98: reducing lr to 1.7508177354896892e-08
[I 2024-06-21 01:57:37,351] Trial 551 finished with value: 0.9757602214813232 and parameters: {'hidden_size': 128, 'n_layers': 2, 'rnn_dropout': 0.43801124469708935, 'bidirectional': True, 'fc_dropout': 0.03249101102426472, 'learning_rate_model': 0.00031749821576755144}. Best is trial 502 with value: 0.9691120386123657.
Epoch 49: reducing lr to 4.030506938110092e-05
Epoch 61: reducing lr to 2.748420797143611e-05
Epoch 65: reducing lr to 2.3007041897238417e-05
Epoch 72: reducing lr to 1.5501350297911357e-05
Epoch 75: reducing lr to 1.254480666668218e-05
Epoch 78: reducing lr to 9.813053463336777e-06
Epoch 81: reducing lr to 7.349163983372253e-06
Epoch 84: reducing lr to 5.192002495021058e-06
Epoch 87: reducing lr to 3.375579901776656e-06
Epoch 90: reducing lr to 1.928553030896012e-06
Epoch 93: reducing lr to 8.737351098367483e-07
Epoch 96: reducing lr to 2.277643551072857e-07
Epoch 99: reducing lr to 8.261996987490687e-10
[I 2024-06-21 01:58:08,571] Trial 552 finished with value: 0.9710349440574646 and parameters: {'hidden_size': 124, 'n_layers': 2, 'rnn_dropout': 0.4135723150439893, 'bidirectional': True, 'fc_dropout': 0.00025865514109208593, 'learning_rate_model': 0.000535960895647991}. Best is trial 502 with value: 0.9691120386123657.
Epoch 49: reducing lr to 4.1091153869358685e-05
Epoch 65: reducing lr to 2.345575663793542e-05
Epoch 72: reducing lr to 1.580367879413649e-05
Epoch 75: reducing lr to 1.278947261268587e-05
Epoch 78: reducing lr to 1.000444102893145e-05
Epoch 81: reducing lr to 7.4924974125835254e-06
Epoch 84: reducing lr to 5.2932640158918175e-06
Epoch 87: reducing lr to 3.4414150694219877e-06
Epoch 90: reducing lr to 1.9661663049989615e-06
Epoch 93: reducing lr to 8.907758847872724e-07
Epoch 96: reducing lr to 2.322065265084809e-07
Epoch 99: reducing lr to 8.423133732171628e-10
[I 2024-06-21 01:58:40,731] Trial 553 finished with value: 0.9722784757614136 and parameters: {'hidden_size': 125, 'n_layers': 2, 'rnn_dropout': 0.4220720648809053, 'bidirectional': True, 'fc_dropout': 0.0006388721986777743, 'learning_rate_model': 0.0005464139367381318}. Best is trial 502 with value: 0.9691120386123657.
Epoch 40: reducing lr to 4.9793425343169014e-05
Epoch 47: reducing lr to 4.388356264406327e-05
Epoch 50: reducing lr to 4.0898247625731755e-05
Epoch 61: reducing lr to 2.8584468392018276e-05
Epoch 65: reducing lr to 2.3928070351851886e-05
Epoch 72: reducing lr to 1.61219074635425e-05
Epoch 75: reducing lr to 1.3047006121494576e-05
Epoch 78: reducing lr to 1.0205894120851344e-05
Epoch 81: reducing lr to 7.643369087033088e-06
Epoch 84: reducing lr to 5.399851120485263e-06
Epoch 87: reducing lr to 3.5107126647908674e-06
Epoch 90: reducing lr to 2.0057577504605528e-06
Epoch 93: reducing lr to 9.087128745380313e-07
Epoch 96: reducing lr to 2.3688232224696727e-07
Epoch 99: reducing lr to 8.592745040676697e-10
[I 2024-06-21 01:59:11,959] Trial 554 finished with value: 0.9709065556526184 and parameters: {'hidden_size': 124, 'n_layers': 2, 'rnn_dropout': 0.44871511388704105, 'bidirectional': True, 'fc_dropout': 0.0002673204670878074, 'learning_rate_model': 0.0005574167280690714}. Best is trial 502 with value: 0.9691120386123657.
Epoch 40: reducing lr to 5.375604478873408e-05
Epoch 49: reducing lr to 4.525451041552265e-05
Epoch 53: reducing lr to 4.070829590448121e-05
Epoch 65: reducing lr to 2.5832294377767482e-05
Epoch 72: reducing lr to 1.7404907851130787e-05
Epoch 75: reducing lr to 1.4085302238042692e-05
Epoch 78: reducing lr to 1.10180911975526e-05
Epoch 81: reducing lr to 8.25163740288342e-06
Epoch 84: reducing lr to 5.829577633689015e-06
Epoch 87: reducing lr to 3.7900993142815383e-06
Epoch 90: reducing lr to 2.1653783150288926e-06
Epoch 93: reducing lr to 9.810293155593837e-07
Epoch 96: reducing lr to 2.5573369649925127e-07
Epoch 99: reducing lr to 9.276565813252924e-10
[I 2024-06-21 01:59:44,157] Trial 555 finished with value: 0.971847414970398 and parameters: {'hidden_size': 125, 'n_layers': 2, 'rnn_dropout': 0.436062507529089, 'bidirectional': True, 'fc_dropout': 0.0005286634161550749, 'learning_rate_model': 0.0006017766079268401}. Best is trial 502 with value: 0.9691120386123657.
Epoch 40: reducing lr to 5.7311905203574485e-05
Epoch 47: reducing lr to 5.050969209124128e-05
Epoch 50: reducing lr to 4.70736141320676e-05
Epoch 61: reducing lr to 3.290053519089074e-05
Epoch 65: reducing lr to 2.7541051660104938e-05
Epoch 72: reducing lr to 1.855620949720635e-05
Epoch 75: reducing lr to 1.5017018268419528e-05
Epoch 78: reducing lr to 1.1746917034543668e-05
Epoch 81: reducing lr to 8.797467567915921e-06
Epoch 84: reducing lr to 6.2151931384074335e-06
Epoch 87: reducing lr to 4.040807196026437e-06
Epoch 90: reducing lr to 2.3086139839443806e-06
Epoch 93: reducing lr to 1.0459225442689137e-06
Epoch 96: reducing lr to 2.726499955256435e-07
Epoch 99: reducing lr to 9.890193048865334e-10
[I 2024-06-21 02:00:15,379] Trial 556 finished with value: 0.9702138900756836 and parameters: {'hidden_size': 124, 'n_layers': 2, 'rnn_dropout': 0.44996822454779084, 'bidirectional': True, 'fc_dropout': 0.03167957915564193, 'learning_rate_model': 0.0006415829892763929}. Best is trial 502 with value: 0.9691120386123657.
Epoch 40: reducing lr to 5.433185910716424e-05
Epoch 49: reducing lr to 4.57392595292868e-05
Epoch 65: reducing lr to 2.6109000095963084e-05
Epoch 72: reducing lr to 1.759134260820836e-05
Epoch 75: reducing lr to 1.4236178641616582e-05
Epoch 78: reducing lr to 1.1136112802346145e-05
Epoch 81: reducing lr to 8.340025806192249e-06
Epoch 84: reducing lr to 5.892021853405528e-06
Epoch 87: reducing lr to 3.830697417471843e-06
Epoch 90: reducing lr to 2.188573024452037e-06
Epoch 93: reducing lr to 9.91537728686103e-07
Epoch 99: reducing lr to 9.375932860178696e-10
[I 2024-06-21 02:00:46,588] Trial 557 finished with value: 0.9703385829925537 and parameters: {'hidden_size': 124, 'n_layers': 2, 'rnn_dropout': 0.4337605960152685, 'bidirectional': True, 'fc_dropout': 0.0013803731911507977, 'learning_rate_model': 0.0006082226102081171}. Best is trial 502 with value: 0.9691120386123657.
Epoch 40: reducing lr to 5.882824003643908e-05
Epoch 47: reducing lr to 5.184605676526781e-05
Epoch 50: reducing lr to 4.8319068467667485e-05
Epoch 61: reducing lr to 3.3771004028955527e-05
Epoch 65: reducing lr to 2.8269721485642968e-05
Epoch 72: reducing lr to 1.904716206154008e-05
Epoch 75: reducing lr to 1.5414332365818415e-05
Epoch 78: reducing lr to 1.2057712137497916e-05
Epoch 81: reducing lr to 9.030227349096522e-06
Epoch 84: reducing lr to 6.379632164038726e-06
Epoch 87: reducing lr to 4.14771721205994e-06
Epoch 90: reducing lr to 2.369694343898538e-06
Epoch 93: reducing lr to 1.0735951330743238e-06
Epoch 96: reducing lr to 2.7986365704897163e-07
Epoch 99: reducing lr to 1.0151863711759142e-09
[I 2024-06-21 02:01:17,778] Trial 558 finished with value: 0.9701637625694275 and parameters: {'hidden_size': 124, 'n_layers': 2, 'rnn_dropout': 0.4508396324731576, 'bidirectional': True, 'fc_dropout': 0.0010823293385823808, 'learning_rate_model': 0.0006585577283180906}. Best is trial 502 with value: 0.9691120386123657.
Epoch 40: reducing lr to 5.699507823808509e-05
Epoch 43: reducing lr to 5.432827831374465e-05
Epoch 49: reducing lr to 4.7981289767425454e-05
Epoch 52: reducing lr to 4.440119927529261e-05
Epoch 55: reducing lr to 4.0623985348518884e-05
Epoch 65: reducing lr to 2.7388801481143632e-05
Epoch 68: reducing lr to 2.3466282250601247e-05
Epoch 72: reducing lr to 1.845362858447796e-05
Epoch 76: reducing lr to 1.3817633943668898e-05
Epoch 79: reducing lr to 1.0666438578268144e-05
Epoch 83: reducing lr to 6.993637574121325e-06
Epoch 86: reducing lr to 4.691941261112385e-06
Epoch 89: reducing lr to 2.8193725445948246e-06
Epoch 92: reducing lr to 1.4054536778612226e-06
Epoch 95: reducing lr to 4.724871718571897e-07
Epoch 98: reducing lr to 3.5183982601894644e-08
[I 2024-06-21 02:01:51,068] Trial 559 finished with value: 0.9740060567855835 and parameters: {'hidden_size': 127, 'n_layers': 2, 'rnn_dropout': 0.4391040523048637, 'bidirectional': True, 'fc_dropout': 0.029429633739152628, 'learning_rate_model': 0.0006380362429087748}. Best is trial 502 with value: 0.9691120386123657.
Epoch 40: reducing lr to 6.042234272639066e-05
Epoch 49: reducing lr to 5.086653136383249e-05
Epoch 58: reducing lr to 3.891665403286315e-05
Epoch 65: reducing lr to 2.9035762404707203e-05
Epoch 72: reducing lr to 1.9563293978106638e-05
Epoch 75: reducing lr to 1.5832023404559984e-05
Epoch 78: reducing lr to 1.238444690537711e-05
Epoch 81: reducing lr to 9.274924618624776e-06
Epoch 84: reducing lr to 6.552504729787697e-06
Epoch 87: reducing lr to 4.260110293355726e-06
Epoch 90: reducing lr to 2.433907315859481e-06
Epoch 93: reducing lr to 1.1026869585053189e-06
Epoch 96: reducing lr to 2.8744728369231935e-07
Epoch 99: reducing lr to 1.0426954607568353e-09
[I 2024-06-21 02:02:23,236] Trial 560 finished with value: 0.9713010191917419 and parameters: {'hidden_size': 125, 'n_layers': 2, 'rnn_dropout': 0.45226228862151585, 'bidirectional': True, 'fc_dropout': 0.0010123876695879545, 'learning_rate_model': 0.0006764030462393815}. Best is trial 502 with value: 0.9691120386123657.
Epoch 40: reducing lr to 5.397489298084023e-05
Epoch 43: reducing lr to 5.144940753600396e-05
Epoch 49: reducing lr to 4.543874770135738e-05
Epoch 53: reducing lr to 4.0874024930815484e-05
Epoch 65: reducing lr to 2.593746117239954e-05
Epoch 68: reducing lr to 2.2222797341262983e-05
Epoch 72: reducing lr to 1.7475765605490583e-05
Epoch 75: reducing lr to 1.4142645425068052e-05
Epoch 78: reducing lr to 1.1062947349981997e-05
Epoch 81: reducing lr to 8.285230944495958e-06
Epoch 84: reducing lr to 5.853310639547039e-06
Epoch 87: reducing lr to 3.8055293256615228e-06
Epoch 90: reducing lr to 2.174193865565248e-06
Epoch 93: reducing lr to 9.850232197418136e-07
Epoch 96: reducing lr to 2.5677482326664493e-07
Epoch 99: reducing lr to 9.314331978231213e-10
[I 2024-06-21 02:02:56,040] Trial 561 finished with value: 0.9717766046524048 and parameters: {'hidden_size': 129, 'n_layers': 2, 'rnn_dropout': 0.4564529137633649, 'bidirectional': True, 'fc_dropout': 0.0030580691866943337, 'learning_rate_model': 0.000604226522596235}. Best is trial 502 with value: 0.9691120386123657.
Epoch 40: reducing lr to 5.89141309411785e-05
Epoch 43: reducing lr to 5.6157538533668944e-05
Epoch 47: reducing lr to 5.1921753483714285e-05
Epoch 53: reducing lr to 4.461440354725408e-05
Epoch 65: reducing lr to 2.831099608358486e-05
Epoch 72: reducing lr to 1.907497146024333e-05
Epoch 75: reducing lr to 1.543683772977345e-05
Epoch 78: reducing lr to 1.2075316740388223e-05
Epoch 81: reducing lr to 9.043411738031773e-06
Epoch 84: reducing lr to 6.388946608566293e-06
Epoch 87: reducing lr to 4.153772997236014e-06
Epoch 90: reducing lr to 2.373154165083522e-06
Epoch 93: reducing lr to 1.0751626125237628e-06
Epoch 96: reducing lr to 2.802722659533551e-07
Epoch 99: reducing lr to 1.0166685721697994e-09
[I 2024-06-21 02:03:29,143] Trial 562 finished with value: 0.9705192446708679 and parameters: {'hidden_size': 130, 'n_layers': 2, 'rnn_dropout': 0.457649488791385, 'bidirectional': True, 'fc_dropout': 0.028925149465201017, 'learning_rate_model': 0.0006595192413443741}. Best is trial 502 with value: 0.9691120386123657.
Epoch 36: reducing lr to 6.304748764075793e-05
Epoch 40: reducing lr to 5.996104616621323e-05
Epoch 43: reducing lr to 5.715546859140115e-05
Epoch 49: reducing lr to 5.0478188991002834e-05
Epoch 53: reducing lr to 4.540720991786996e-05
Epoch 65: reducing lr to 2.8814087826810205e-05
Epoch 68: reducing lr to 2.46874445456497e-05
Epoch 72: reducing lr to 1.9413937302899492e-05
Epoch 75: reducing lr to 1.571115324945457e-05
Epoch 78: reducing lr to 1.2289897397705426e-05
Epoch 81: reducing lr to 9.204114871279323e-06
Epoch 84: reducing lr to 6.502479395515499e-06
Epoch 87: reducing lr to 4.227586327292378e-06
Epoch 90: reducing lr to 2.415325562456108e-06
Epoch 93: reducing lr to 1.0942684550518273e-06
Epoch 96: reducing lr to 2.852527570120205e-07
Epoch 99: reducing lr to 1.034734964562318e-09
[I 2024-06-21 02:04:01,897] Trial 563 finished with value: 0.9712450504302979 and parameters: {'hidden_size': 129, 'n_layers': 2, 'rnn_dropout': 0.4639690695088777, 'bidirectional': True, 'fc_dropout': 0.0025884811531540868, 'learning_rate_model': 0.0006712390227268095}. Best is trial 502 with value: 0.9691120386123657.
Epoch 40: reducing lr to 5.8364792510838786e-05
Epoch 47: reducing lr to 5.143761471931994e-05
Epoch 53: reducing lr to 4.419840137555675e-05
Epoch 65: reducing lr to 2.8047013268232156e-05
Epoch 72: reducing lr to 1.8897108955724565e-05
Epoch 75: reducing lr to 1.5292898609015657e-05
Epoch 78: reducing lr to 1.1962721757859466e-05
Epoch 81: reducing lr to 8.959087425176404e-06
Epoch 84: reducing lr to 6.329373568186934e-06
Epoch 87: reducing lr to 4.1150415910040024e-06
Epoch 90: reducing lr to 2.3510259462135505e-06
Epoch 93: reducing lr to 1.065137375242189e-06
Epoch 96: reducing lr to 2.776588975782765e-07
Epoch 99: reducing lr to 1.0071887562358197e-09
[I 2024-06-21 02:04:35,000] Trial 564 finished with value: 0.9705194234848022 and parameters: {'hidden_size': 130, 'n_layers': 2, 'rnn_dropout': 0.4573724967311623, 'bidirectional': True, 'fc_dropout': 0.00138872991965543, 'learning_rate_model': 0.0006533696256404493}. Best is trial 502 with value: 0.9691120386123657.
Epoch 40: reducing lr to 5.458508576134393e-05
Epoch 43: reducing lr to 5.203104939402128e-05
Epoch 49: reducing lr to 4.595243831325613e-05
Epoch 53: reducing lr to 4.133611079232456e-05
Epoch 65: reducing lr to 2.6230687349941224e-05
Epoch 68: reducing lr to 2.2474028788911225e-05
Epoch 72: reducing lr to 1.7673331277552785e-05
Epoch 75: reducing lr to 1.4302529764971496e-05
Epoch 78: reducing lr to 1.1188015325687819e-05
Epoch 81: reducing lr to 8.378896495790937e-06
Epoch 84: reducing lr to 5.919483033729745e-06
Epoch 87: reducing lr to 3.848551301107372e-06
Epoch 90: reducing lr to 2.198773393692426e-06
Epoch 93: reducing lr to 9.961590279689665e-07
Epoch 96: reducing lr to 2.5967769411492205e-07
Epoch 99: reducing lr to 9.419631642943772e-10
[I 2024-06-21 02:05:07,757] Trial 565 finished with value: 0.9717620611190796 and parameters: {'hidden_size': 129, 'n_layers': 2, 'rnn_dropout': 0.4612519813992148, 'bidirectional': True, 'fc_dropout': 0.0037660328107966897, 'learning_rate_model': 0.000611057377490342}. Best is trial 502 with value: 0.9691120386123657.
Epoch 36: reducing lr to 6.458281892420182e-05
Epoch 40: reducing lr to 6.142121648246065e-05
Epoch 43: reducing lr to 5.8547317533079576e-05
Epoch 47: reducing lr to 5.413127903144754e-05
Epoch 53: reducing lr to 4.651296547593506e-05
Epoch 65: reducing lr to 2.95157679745819e-05
Epoch 72: reducing lr to 1.988670515442433e-05
Epoch 75: reducing lr to 1.6093750970402833e-05
Epoch 79: reducing lr to 1.1494775571250951e-05
Epoch 82: reducing lr to 8.459766232682766e-06
Epoch 85: reducing lr to 5.8335321022764105e-06
Epoch 88: reducing lr to 3.657479799812661e-06
Epoch 91: reducing lr to 1.965939857826067e-06
Epoch 94: reducing lr to 7.855802782959329e-07
Epoch 97: reducing lr to 1.3501951455900142e-07
[I 2024-06-21 02:05:40,843] Trial 566 finished with value: 0.9704346656799316 and parameters: {'hidden_size': 130, 'n_layers': 2, 'rnn_dropout': 0.4626824226778755, 'bidirectional': True, 'fc_dropout': 0.0025040618075712045, 'learning_rate_model': 0.0006875850233181882}. Best is trial 502 with value: 0.9691120386123657.
Epoch 36: reducing lr to 6.343818016106062e-05
Epoch 40: reducing lr to 6.033261263338391e-05
Epoch 43: reducing lr to 5.750964946218052e-05
Epoch 49: reducing lr to 5.079099211155828e-05
Epoch 53: reducing lr to 4.568858920745892e-05
Epoch 65: reducing lr to 2.899264289719499e-05
Epoch 68: reducing lr to 2.4840427642840352e-05
Epoch 72: reducing lr to 1.9534241543047594e-05
Epoch 75: reducing lr to 1.5808512086254953e-05
Epoch 78: reducing lr to 1.2366055404443613e-05
Epoch 81: reducing lr to 9.261150908253626e-06
Epoch 84: reducing lr to 6.5427739442487556e-06
Epoch 87: reducing lr to 4.253783824112835e-06
Epoch 90: reducing lr to 2.4302928461125825e-06
Epoch 93: reducing lr to 1.1010494151913932e-06
Epoch 96: reducing lr to 2.87020410612987e-07
Epoch 99: reducing lr to 1.0411470077135305e-09
