[I 2024-06-21 00:24:23,482] Trial 281 finished with value: 0.9825778603553772 and parameters: {'hidden_size': 163, 'n_layers': 1, 'rnn_dropout': 0.38714974785591305, 'bidirectional': True, 'fc_dropout': 0.5072151174124707, 'learning_rate_model': 0.0004819241959481815}. Best is trial 235 with value: 0.9706074595451355.
Epoch 27: reducing lr to 9.864356093135834e-05
Epoch 33: reducing lr to 9.56136481503263e-05
Epoch 38: reducing lr to 9.08618272488629e-05
Epoch 41: reducing lr to 8.712639364033449e-05
Epoch 44: reducing lr to 8.27976207583919e-05
Epoch 47: reducing lr to 7.794377785634713e-05
Epoch 55: reducing lr to 6.303717604732665e-05
Epoch 64: reducing lr to 4.455806676442176e-05
Epoch 72: reducing lr to 2.8634921557102412e-05
Epoch 75: reducing lr to 2.317343637462736e-05
Epoch 78: reducing lr to 1.8127196067310477e-05
Epoch 81: reducing lr to 1.3575767925359491e-05
Epoch 86: reducing lr to 7.280593588812926e-06
Epoch 89: reducing lr to 4.374885474969846e-06
Epoch 92: reducing lr to 2.1808749229703783e-06
Epoch 95: reducing lr to 7.331692539996231e-07
Epoch 98: reducing lr to 5.4595798179178295e-08
[I 2024-06-21 00:24:40,209] Trial 282 finished with value: 0.9782292246818542 and parameters: {'hidden_size': 162, 'n_layers': 1, 'rnn_dropout': 0.37737198244716913, 'bidirectional': True, 'fc_dropout': 0.5178067395920326, 'learning_rate_model': 0.0009900555699733108}. Best is trial 235 with value: 0.9706074595451355.
Epoch 27: reducing lr to 9.736877501451999e-05
Epoch 40: reducing lr to 8.729764767238908e-05
Epoch 43: reducing lr to 8.321299041066325e-05
Epoch 48: reducing lr to 7.523713273685113e-05
Epoch 55: reducing lr to 6.222253692132924e-05
Epoch 64: reducing lr to 4.3982236011187346e-05
Epoch 72: reducing lr to 2.826486805957948e-05
Epoch 75: reducing lr to 2.2873962490511587e-05
Epoch 78: reducing lr to 1.7892935523183773e-05
Epoch 81: reducing lr to 1.3400326187468887e-05
Epoch 84: reducing lr to 9.46699885277419e-06
Epoch 87: reducing lr to 6.154968355314241e-06
Epoch 90: reducing lr to 3.5164870102653193e-06
Epoch 93: reducing lr to 1.5931520237875843e-06
Epoch 96: reducing lr to 4.1530120422154363e-07
Epoch 99: reducing lr to 1.506476856997542e-09
[I 2024-06-21 00:24:56,806] Trial 283 finished with value: 0.9785388708114624 and parameters: {'hidden_size': 161, 'n_layers': 1, 'rnn_dropout': 0.3794837571972454, 'bidirectional': True, 'fc_dropout': 0.5185192472123316, 'learning_rate_model': 0.0009772609294962948}. Best is trial 235 with value: 0.9706074595451355.
Epoch 27: reducing lr to 0.00013443497289093522
Epoch 36: reducing lr to 0.00012673415767128094
Epoch 40: reducing lr to 0.00012052998403779805
Epoch 46: reducing lr to 0.000108502853209999
Epoch 61: reducing lr to 6.919157489717771e-05
Epoch 64: reducing lr to 6.072532703595128e-05
Epoch 67: reducing lr to 5.236533404757924e-05
Epoch 72: reducing lr to 3.902469524535758e-05
Epoch 75: reducing lr to 3.1581587904968815e-05
Epoch 78: reducing lr to 2.470439113195946e-05
Epoch 81: reducing lr to 1.850154207520254e-05
Epoch 84: reducing lr to 1.3070881644977302e-05
Epoch 87: reducing lr to 8.49803239147092e-06
Epoch 90: reducing lr to 4.855137962101797e-06
Epoch 93: reducing lr to 2.1996307245016143e-06
Epoch 96: reducing lr to 5.7339743796481e-07
Epoch 99: reducing lr to 2.079960186420274e-09
[I 2024-06-21 00:25:13,289] Trial 284 finished with value: 0.9781901836395264 and parameters: {'hidden_size': 161, 'n_layers': 1, 'rnn_dropout': 0.3802064973165566, 'bidirectional': True, 'fc_dropout': 0.5117099660117091, 'learning_rate_model': 0.0013492831407667704}. Best is trial 235 with value: 0.9706074595451355.
Epoch 27: reducing lr to 0.000135937892452593
Epoch 36: reducing lr to 0.00012815098575253412
Epoch 40: reducing lr to 0.00012187745238536609
Epoch 46: reducing lr to 0.00010971586391010368
Epoch 61: reducing lr to 6.996510405539193e-05
Epoch 64: reducing lr to 6.14042075380096e-05
Epoch 67: reducing lr to 5.295075377282217e-05
Epoch 72: reducing lr to 3.9460972923782546e-05
Epoch 75: reducing lr to 3.1934655155475874e-05
Epoch 78: reducing lr to 2.4980574567658067e-05
Epoch 81: reducing lr to 1.8708380585358785e-05
Epoch 84: reducing lr to 1.3217007934066428e-05
Epoch 87: reducing lr to 8.5930363836769e-06
Epoch 90: reducing lr to 4.909416113544653e-06
Epoch 93: reducing lr to 2.224221558071084e-06
Epoch 96: reducing lr to 5.798077507546172e-07
Epoch 99: reducing lr to 2.1032131598385656e-09
[I 2024-06-21 00:25:29,902] Trial 285 finished with value: 0.978335976600647 and parameters: {'hidden_size': 161, 'n_layers': 1, 'rnn_dropout': 0.3830194345375438, 'bidirectional': True, 'fc_dropout': 0.5197095585781993, 'learning_rate_model': 0.0013643674896000057}. Best is trial 235 with value: 0.9706074595451355.
Epoch 27: reducing lr to 0.00014323293005171842
Epoch 36: reducing lr to 0.0001350281429789914
Epoch 40: reducing lr to 0.0001284179436464538
Epoch 46: reducing lr to 0.00011560370973443009
Epoch 52: reducing lr to 0.00010004215947473472
Epoch 61: reducing lr to 7.37197456457697e-05
Epoch 64: reducing lr to 6.469943298731173e-05
Epoch 67: reducing lr to 5.5792328941493256e-05
Epoch 70: reducing lr to 4.713896334042903e-05
Epoch 73: reducing lr to 3.8875777884600764e-05
Epoch 76: reducing lr to 3.1133076608704327e-05
Epoch 79: reducing lr to 2.403298934919439e-05
Epoch 82: reducing lr to 1.768746771143902e-05
Epoch 85: reducing lr to 1.2196603057899902e-05
Epoch 88: reducing lr to 7.646967313884264e-06
Epoch 91: reducing lr to 4.110337898415267e-06
Epoch 94: reducing lr to 1.642471603224946e-06
Epoch 97: reducing lr to 2.8229542501426436e-07
[I 2024-06-21 00:25:46,443] Trial 286 finished with value: 0.9791306257247925 and parameters: {'hidden_size': 161, 'n_layers': 1, 'rnn_dropout': 0.3811054383384467, 'bidirectional': True, 'fc_dropout': 0.5187543114084208, 'learning_rate_model': 0.0014375855743891859}. Best is trial 235 with value: 0.9706074595451355.
Epoch 27: reducing lr to 9.643534496903995e-05
Epoch 33: reducing lr to 9.347325923829216e-05
Epoch 38: reducing lr to 8.88278116942544e-05
Epoch 41: reducing lr to 8.517599879084503e-05
Epoch 44: reducing lr to 8.094412899395842e-05
Epoch 47: reducing lr to 7.619894329440798e-05
Epoch 55: reducing lr to 6.162603783361146e-05
Epoch 64: reducing lr to 4.356059837063869e-05
Epoch 72: reducing lr to 2.7993905658394858e-05
Epoch 75: reducing lr to 2.265468024274127e-05
Epoch 78: reducing lr to 1.7721404109579308e-05
Epoch 81: reducing lr to 1.3271863370916554e-05
Epoch 84: reducing lr to 9.376243051765229e-06
Epoch 87: reducing lr to 6.095963480384141e-06
Epoch 90: reducing lr to 3.4827760528312496e-06
Epoch 93: reducing lr to 1.57787920181977e-06
Epoch 96: reducing lr to 4.1131990095583233e-07
Epoch 99: reducing lr to 1.4920349503317644e-09
[I 2024-06-21 00:26:02,193] Trial 287 finished with value: 0.9797464609146118 and parameters: {'hidden_size': 154, 'n_layers': 1, 'rnn_dropout': 0.37081424462587204, 'bidirectional': True, 'fc_dropout': 0.5192009833806656, 'learning_rate_model': 0.0009678923746004409}. Best is trial 235 with value: 0.9706074595451355.
Epoch 27: reducing lr to 0.00012721593220141523
Epoch 36: reducing lr to 0.00011992864403664614
Epoch 40: reducing lr to 0.0001140576291113611
Epoch 44: reducing lr to 0.00010678017307351306
Epoch 48: reducing lr to 9.830011701238733e-05
Epoch 55: reducing lr to 8.129606269775355e-05
Epoch 61: reducing lr to 6.547604772583718e-05
Epoch 64: reducing lr to 5.7464429984165566e-05
Epoch 72: reducing lr to 3.6929103177206455e-05
Epoch 75: reducing lr to 2.988568420355189e-05
Epoch 78: reducing lr to 2.3377786893818846e-05
Epoch 81: reducing lr to 1.7508025416645892e-05
Epoch 84: reducing lr to 1.2368986710840305e-05
Epoch 87: reducing lr to 8.041695470388196e-06
Epoch 90: reducing lr to 4.5944212918192645e-06
Epoch 93: reducing lr to 2.0815124747588327e-06
Epoch 96: reducing lr to 5.426064960921623e-07
Epoch 99: reducing lr to 1.9682681401183773e-09
[I 2024-06-21 00:26:18,216] Trial 288 finished with value: 0.9782118797302246 and parameters: {'hidden_size': 160, 'n_layers': 1, 'rnn_dropout': 0.40090691881380286, 'bidirectional': True, 'fc_dropout': 0.5085573917485556, 'learning_rate_model': 0.0012768278139614383}. Best is trial 235 with value: 0.9706074595451355.
Epoch 33: reducing lr to 5.612172631670018e-05
Epoch 38: reducing lr to 5.333258065290726e-05
Epoch 41: reducing lr to 5.114001728243074e-05
Epoch 50: reducing lr to 4.263786068856015e-05
Epoch 55: reducing lr to 3.700052461489139e-05
Epoch 61: reducing lr to 2.980031301851211e-05
Epoch 64: reducing lr to 2.6153961035170455e-05
Epoch 67: reducing lr to 2.2553372260362634e-05
Epoch 70: reducing lr to 1.9055354174211832e-05
Epoch 73: reducing lr to 1.57150616792142e-05
Epoch 76: reducing lr to 1.2585168600916701e-05
Epoch 79: reducing lr to 9.715044444373469e-06
Epoch 82: reducing lr to 7.149944288175323e-06
Epoch 85: reducing lr to 4.930328851572975e-06
Epoch 88: reducing lr to 3.091193785326879e-06
Epoch 91: reducing lr to 1.6615542404771802e-06
Epoch 94: reducing lr to 6.639492237983462e-07
Epoch 97: reducing lr to 1.1411450155486905e-07
[I 2024-06-21 00:26:34,902] Trial 289 finished with value: 0.9833033084869385 and parameters: {'hidden_size': 162, 'n_layers': 1, 'rnn_dropout': 0.3980882769373458, 'bidirectional': True, 'fc_dropout': 0.505643459548431, 'learning_rate_model': 0.000581126531737479}. Best is trial 235 with value: 0.9706074595451355.
Epoch 27: reducing lr to 0.00013459624004124557
Epoch 36: reducing lr to 0.0001268861869834095
Epoch 39: reducing lr to 0.00012237452604262145
Epoch 46: reducing lr to 0.00010863301239076451
Epoch 56: reducing lr to 8.327547512893547e-05
Epoch 61: reducing lr to 6.92745765735213e-05
Epoch 64: reducing lr to 6.079817266705573e-05
Epoch 67: reducing lr to 5.242815109596556e-05
Epoch 70: reducing lr to 4.429656799433561e-05
Epoch 73: reducing lr to 3.653163787165779e-05
Epoch 76: reducing lr to 2.9255807661929365e-05
Epoch 79: reducing lr to 2.258384299046918e-05
Epoch 82: reducing lr to 1.6620944980676006e-05
Epoch 85: reducing lr to 1.1461169664518721e-05
Epoch 88: reducing lr to 7.1858688347399e-06
Epoch 91: reducing lr to 3.862491860118808e-06
Epoch 94: reducing lr to 1.543433497372209e-06
Epoch 97: reducing lr to 2.652735147849403e-07
[I 2024-06-21 00:26:53,292] Trial 290 finished with value: 0.979671835899353 and parameters: {'hidden_size': 172, 'n_layers': 1, 'rnn_dropout': 0.40084743101254966, 'bidirectional': True, 'fc_dropout': 0.5576597140918693, 'learning_rate_model': 0.0013509017303524565}. Best is trial 235 with value: 0.9706074595451355.
Epoch 27: reducing lr to 0.00012472654780299464
Epoch 36: reducing lr to 0.00011758185861266413
Epoch 40: reducing lr to 0.00011182572877059935
Epoch 44: reducing lr to 0.00010469067931034982
Epoch 48: reducing lr to 9.637656252185292e-05
Epoch 55: reducing lr to 7.970524662125462e-05
Epoch 61: reducing lr to 6.419480056710178e-05
Epoch 64: reducing lr to 5.633995561219597e-05
Epoch 67: reducing lr to 4.858369217364254e-05
Epoch 72: reducing lr to 3.620646779886838e-05
Epoch 75: reducing lr to 2.9300875723159218e-05
Epoch 78: reducing lr to 2.2920326126476187e-05
Epoch 81: reducing lr to 1.716542520482382e-05
Epoch 84: reducing lr to 1.2126948139024584e-05
Epoch 87: reducing lr to 7.884334117180184e-06
Epoch 90: reducing lr to 4.504516823992726e-06
Epoch 93: reducing lr to 2.0407810617186937e-06
Epoch 96: reducing lr to 5.319886739178553e-07
Epoch 99: reducing lr to 1.9297527127258225e-09
[I 2024-06-21 00:27:09,522] Trial 291 finished with value: 0.9776159524917603 and parameters: {'hidden_size': 156, 'n_layers': 1, 'rnn_dropout': 0.36229864634342, 'bidirectional': True, 'fc_dropout': 0.5369226233739942, 'learning_rate_model': 0.0012518426160814066}. Best is trial 235 with value: 0.9706074595451355.
Epoch 27: reducing lr to 0.000124506656155985
Epoch 33: reducing lr to 0.00012068233852948439
Epoch 36: reducing lr to 0.00011737456298070588
Epoch 40: reducing lr to 0.00011162858113755284
Epoch 44: reducing lr to 0.00010450611069760772
Epoch 48: reducing lr to 9.62066516132344e-05
Epoch 55: reducing lr to 7.956472707458569e-05
Epoch 61: reducing lr to 6.408162578054027e-05
Epoch 64: reducing lr to 5.624062883814315e-05
Epoch 72: reducing lr to 3.6142636160961834e-05
Epoch 75: reducing lr to 2.924921857450016e-05
Epoch 78: reducing lr to 2.2879917822464513e-05
Epoch 81: reducing lr to 1.7135162733149612e-05
Epoch 84: reducing lr to 1.2105568451648788e-05
Epoch 87: reducing lr to 7.870434115575574e-06
Epoch 90: reducing lr to 4.4965754062203414e-06
Epoch 93: reducing lr to 2.037183185270167e-06
Epoch 96: reducing lr to 5.310507832461537e-07
Epoch 99: reducing lr to 1.926350578140487e-09
[I 2024-06-21 00:27:25,715] Trial 292 finished with value: 0.9776151776313782 and parameters: {'hidden_size': 156, 'n_layers': 1, 'rnn_dropout': 0.3576689544455275, 'bidirectional': True, 'fc_dropout': 0.5352084094988009, 'learning_rate_model': 0.0012496356301630455}. Best is trial 235 with value: 0.9706074595451355.
Epoch 55: reducing lr to 2.554918761819274e-05
Epoch 61: reducing lr to 2.0577378194373272e-05
Epoch 65: reducing lr to 1.72253318249261e-05
Epoch 68: reducing lr to 1.4758385785601817e-05
Epoch 73: reducing lr to 1.0851388283076462e-05
Epoch 76: reducing lr to 8.69016958916308e-06
Epoch 79: reducing lr to 6.708323620051662e-06
Epoch 82: reducing lr to 4.937099405468879e-06
Epoch 85: reducing lr to 3.404435427856878e-06
Epoch 88: reducing lr to 2.1344964918071027e-06
Epoch 91: reducing lr to 1.1473178142633746e-06
Epoch 94: reducing lr to 4.5846277760479106e-07
Epoch 97: reducing lr to 7.87970668126312e-08
[I 2024-06-21 00:27:41,838] Trial 293 finished with value: 0.9830365777015686 and parameters: {'hidden_size': 155, 'n_layers': 1, 'rnn_dropout': 0.35922478030631727, 'bidirectional': True, 'fc_dropout': 0.5307555880603934, 'learning_rate_model': 0.00040127298041863375}. Best is trial 235 with value: 0.9706074595451355.
Epoch 27: reducing lr to 0.00012069359630662421
Epoch 36: reducing lr to 0.00011377992597690354
Epoch 40: reducing lr to 0.00010820991683543351
Epoch 44: reducing lr to 0.00010130557454141487
Epoch 61: reducing lr to 6.211910359988338e-05
Epoch 64: reducing lr to 5.451823992861481e-05
Epoch 72: reducing lr to 3.503575529972689e-05
Epoch 75: reducing lr to 2.8353451035519125e-05
Epoch 78: reducing lr to 2.2179212344548424e-05
Epoch 81: reducing lr to 1.6610392387151565e-05
Epoch 84: reducing lr to 1.1734831187941029e-05
Epoch 87: reducing lr to 7.62939932073259e-06
Epoch 90: reducing lr to 4.358866213230667e-06
Epoch 93: reducing lr to 1.9747937383974127e-06
Epoch 96: reducing lr to 5.14787167451734e-07
Epoch 99: reducing lr to 1.867355418579998e-09
[I 2024-06-21 00:27:57,436] Trial 294 finished with value: 0.9763159155845642 and parameters: {'hidden_size': 149, 'n_layers': 1, 'rnn_dropout': 0.4068271145568542, 'bidirectional': True, 'fc_dropout': 0.5404352469439596, 'learning_rate_model': 0.0012113651023469604}. Best is trial 235 with value: 0.9706074595451355.
Epoch 27: reducing lr to 0.00012525274586471871
Epoch 36: reducing lr to 0.00011807791456214509
Epoch 40: reducing lr to 0.0001122975006809621
Epoch 43: reducing lr to 0.00010704310020328194
Epoch 48: reducing lr to 9.678315727884666e-05
Epoch 55: reducing lr to 8.004150820325228e-05
Epoch 61: reducing lr to 6.446562646765123e-05
Epoch 64: reducing lr to 5.657764338567289e-05
Epoch 67: reducing lr to 4.8788657717093226e-05
Epoch 72: reducing lr to 3.635921613924361e-05
Epoch 75: reducing lr to 2.9424490657460914e-05
Epoch 78: reducing lr to 2.3017022711078874e-05
Epoch 81: reducing lr to 1.7237842934894524e-05
Epoch 84: reducing lr to 1.2178109473301729e-05
Epoch 87: reducing lr to 7.91759665353289e-06
Epoch 90: reducing lr to 4.52352054103244e-06
Epoch 93: reducing lr to 2.049390736707656e-06
Epoch 96: reducing lr to 5.34233034994204e-07
Epoch 99: reducing lr to 1.937893979791702e-09
[I 2024-06-21 00:28:14,641] Trial 295 finished with value: 0.9781022071838379 and parameters: {'hidden_size': 159, 'n_layers': 1, 'rnn_dropout': 0.4089439121377312, 'bidirectional': True, 'fc_dropout': 0.5430099216002242, 'learning_rate_model': 0.0012571239067911122}. Best is trial 235 with value: 0.9706074595451355.
Epoch 27: reducing lr to 0.0001248193982996651
Epoch 36: reducing lr to 0.0001176693903704489
Epoch 40: reducing lr to 0.00011190897547821517
Epoch 44: reducing lr to 0.00010476861445520838
Epoch 61: reducing lr to 6.424258926342431e-05
Epoch 64: reducing lr to 5.638189690659663e-05
Epoch 72: reducing lr to 3.623342107046151e-05
Epoch 75: reducing lr to 2.9322688247531098e-05
Epoch 78: reducing lr to 2.2937388762315763e-05
Epoch 81: reducing lr to 1.717820370534275e-05
Epoch 84: reducing lr to 1.2135975833429958e-05
Epoch 87: reducing lr to 7.890203471793041e-06
Epoch 90: reducing lr to 4.50787013274482e-06
Epoch 93: reducing lr to 2.042300285480677e-06
Epoch 96: reducing lr to 5.32384703580066e-07
Epoch 99: reducing lr to 1.9311892833582395e-09
[I 2024-06-21 00:28:30,203] Trial 296 finished with value: 0.9764212369918823 and parameters: {'hidden_size': 149, 'n_layers': 1, 'rnn_dropout': 0.3932016316145152, 'bidirectional': True, 'fc_dropout': 0.5660785907076019, 'learning_rate_model': 0.0012527745284184658}. Best is trial 235 with value: 0.9706074595451355.
Epoch 27: reducing lr to 0.00013567359987366702
Epoch 36: reducing lr to 0.00012790183259953628
Epoch 40: reducing lr to 0.00012164049633416728
Epoch 61: reducing lr to 6.982907680462317e-05
Epoch 72: reducing lr to 3.938425228237204e-05
Epoch 75: reducing lr to 3.187256729891227e-05
Epoch 78: reducing lr to 2.4932006943455394e-05
Epoch 81: reducing lr to 1.8672007458902074e-05
Epoch 84: reducing lr to 1.319131122029841e-05
Epoch 87: reducing lr to 8.57632966779604e-06
Epoch 90: reducing lr to 4.899871149868502e-06
Epoch 93: reducing lr to 2.2198971916925598e-06
Epoch 96: reducing lr to 5.786804794473713e-07
Epoch 99: reducing lr to 2.0991240598814894e-09
[I 2024-06-21 00:28:45,335] Trial 297 finished with value: 0.9772422313690186 and parameters: {'hidden_size': 148, 'n_layers': 1, 'rnn_dropout': 0.40526425707392455, 'bidirectional': True, 'fc_dropout': 0.5703797044812856, 'learning_rate_model': 0.0013617148649644215}. Best is trial 235 with value: 0.9706074595451355.
Epoch 27: reducing lr to 0.0001653674886823716
Epoch 33: reducing lr to 0.00016028809918350155
Epoch 36: reducing lr to 0.00015589477152926624
Epoch 40: reducing lr to 0.00014826306237609223
Epoch 46: reducing lr to 0.0001334685756567694
Epoch 61: reducing lr to 8.51120562802302e-05
Epoch 64: reducing lr to 7.469778596599176e-05
Epoch 67: reducing lr to 6.441421900301933e-05
Epoch 72: reducing lr to 4.8003995616194415e-05
Epoch 75: reducing lr to 3.8848283063092766e-05
Epoch 78: reducing lr to 3.0388693009470997e-05
Epoch 81: reducing lr to 2.2758613208555766e-05
Epoch 84: reducing lr to 1.607839705705142e-05
Epoch 87: reducing lr to 1.0453368235206826e-05
Epoch 90: reducing lr to 5.972270122377924e-06
Epoch 93: reducing lr to 2.705749858963554e-06
Epoch 96: reducing lr to 7.053320448844246e-07
Epoch 99: reducing lr to 2.5585439948540984e-09
[I 2024-06-21 00:29:01,386] Trial 298 finished with value: 0.9788635969161987 and parameters: {'hidden_size': 151, 'n_layers': 1, 'rnn_dropout': 0.4096108604720495, 'bidirectional': True, 'fc_dropout': 0.5725057479520274, 'learning_rate_model': 0.0016597434410990897}. Best is trial 235 with value: 0.9706074595451355.
Epoch 33: reducing lr to 4.8680875731844796e-05
Epoch 38: reducing lr to 4.6261526535583285e-05
Epoch 41: reducing lr to 4.4359662284828744e-05
Epoch 50: reducing lr to 3.698475677562782e-05
Epoch 55: reducing lr to 3.2094842033656446e-05
Epoch 61: reducing lr to 2.5849264269559316e-05
Epoch 64: reducing lr to 2.2686360712852436e-05
Epoch 67: reducing lr to 1.9563152889223236e-05
Epoch 73: reducing lr to 1.3631493806997414e-05
Epoch 76: reducing lr to 1.0916574897718928e-05
Epoch 79: reducing lr to 8.426983672189032e-06
Epoch 82: reducing lr to 6.201975103511774e-06
Epoch 85: reducing lr to 4.276645461441053e-06
Epoch 88: reducing lr to 2.6813505286235204e-06
Epoch 91: reducing lr to 1.4412585073727527e-06
Epoch 94: reducing lr to 5.759200897276066e-07
Epoch 97: reducing lr to 9.898472898081527e-08
[I 2024-06-21 00:29:16,478] Trial 299 finished with value: 0.9835561513900757 and parameters: {'hidden_size': 148, 'n_layers': 1, 'rnn_dropout': 0.39393442554916774, 'bidirectional': True, 'fc_dropout': 0.5411483658245088, 'learning_rate_model': 0.0005040783727205479}. Best is trial 235 with value: 0.9706074595451355.
Epoch 27: reducing lr to 0.00012104841526031847
Epoch 36: reducing lr to 0.00011411441989805549
Epoch 40: reducing lr to 0.00010852803586283697
Epoch 44: reducing lr to 0.0001016033959591383
Epoch 47: reducing lr to 9.564710255622764e-05
Epoch 55: reducing lr to 7.735477299247494e-05
Epoch 61: reducing lr to 6.230172335783426e-05
Epoch 64: reducing lr to 5.4678514420722735e-05
Epoch 72: reducing lr to 3.5138754550869873e-05
Epoch 75: reducing lr to 2.8436805431592352e-05
Epoch 78: reducing lr to 2.2244415513222437e-05
Epoch 81: reducing lr to 1.6659224158079045e-05
Epoch 84: reducing lr to 1.1769329625731434e-05
Epoch 87: reducing lr to 7.651828476604475e-06
Epoch 90: reducing lr to 4.371680549669394e-06
Epoch 93: reducing lr to 1.98059930115685e-06
Epoch 96: reducing lr to 5.163005554832504e-07
Epoch 99: reducing lr to 1.8728451306720266e-09
