[I 2024-06-21 02:06:13,559] Trial 567 finished with value: 0.9711921215057373 and parameters: {'hidden_size': 129, 'n_layers': 2, 'rnn_dropout': 0.47039196427604285, 'bidirectional': True, 'fc_dropout': 0.003931997230005712, 'learning_rate_model': 0.0006753985550940455}. Best is trial 502 with value: 0.9691120386123657.
Epoch 40: reducing lr to 5.939805455119013e-05
Epoch 49: reducing lr to 5.000423466631162e-05
Epoch 52: reducing lr to 4.627320355057912e-05
Epoch 55: reducing lr to 4.233673805549187e-05
Epoch 58: reducing lr to 3.8256933360913414e-05
Epoch 61: reducing lr to 3.4098112374564635e-05
Epoch 64: reducing lr to 2.9925883726900305e-05
Epoch 67: reducing lr to 2.5806018254959606e-05
Epoch 72: reducing lr to 1.9231654227220347e-05
Epoch 75: reducing lr to 1.5563636684829146e-05
Epoch 78: reducing lr to 1.2174503994374496e-05
Epoch 81: reducing lr to 9.117694773106322e-06
Epoch 84: reducing lr to 6.4414257346706276e-06
Epoch 87: reducing lr to 4.187892295813101e-06
Epoch 90: reducing lr to 2.39264737176136e-06
Epoch 93: reducing lr to 1.083994051848938e-06
Epoch 96: reducing lr to 2.825744363250319e-07
Epoch 99: reducing lr to 1.025019538529199e-09
[I 2024-06-21 02:06:42,078] Trial 568 finished with value: 0.9764052033424377 and parameters: {'hidden_size': 120, 'n_layers': 2, 'rnn_dropout': 0.4609255424339913, 'bidirectional': True, 'fc_dropout': 0.004406082219331059, 'learning_rate_model': 0.0006649365652876256}. Best is trial 502 with value: 0.9691120386123657.
Epoch 36: reducing lr to 6.768030486004688e-05
Epoch 40: reducing lr to 6.436706736642727e-05
Epoch 43: reducing lr to 6.135533204314629e-05
Epoch 53: reducing lr to 4.874379495653188e-05
Epoch 64: reducing lr to 3.242936807280781e-05
Epoch 67: reducing lr to 2.7964850499349474e-05
Epoch 72: reducing lr to 2.0840500460238135e-05
Epoch 75: reducing lr to 1.686563067643305e-05
Epoch 78: reducing lr to 1.3192976178763408e-05
Epoch 81: reducing lr to 9.880446053688084e-06
Epoch 84: reducing lr to 6.980290639688549e-06
Epoch 87: reducing lr to 4.538235259803514e-06
Epoch 90: reducing lr to 2.592807049421836e-06
Epoch 93: reducing lr to 1.174676825484828e-06
Epoch 96: reducing lr to 3.0621352696473365e-07
Epoch 99: reducing lr to 1.1107687311823558e-09
[I 2024-06-21 02:07:15,165] Trial 569 finished with value: 0.9703775644302368 and parameters: {'hidden_size': 130, 'n_layers': 2, 'rnn_dropout': 0.4615468832810267, 'bidirectional': True, 'fc_dropout': 0.001278058230613896, 'learning_rate_model': 0.0007205626011771762}. Best is trial 502 with value: 0.9691120386123657.
Epoch 36: reducing lr to 6.588809997180073e-05
Epoch 40: reducing lr to 6.266259849598222e-05
Epoch 49: reducing lr to 5.275249002126077e-05
Epoch 52: reducing lr to 4.8816399747804535e-05
Epoch 65: reducing lr to 3.0112310107370574e-05
Epoch 72: reducing lr to 2.0288634642323004e-05
Epoch 75: reducing lr to 1.641902119670092e-05
Epoch 78: reducing lr to 1.2843620240621743e-05
Epoch 81: reducing lr to 9.618807401910594e-06
Epoch 86: reducing lr to 5.158502111070979e-06
Epoch 89: reducing lr to 3.0997274718097935e-06
Epoch 92: reducing lr to 1.5452102575002637e-06
Epoch 95: reducing lr to 5.194707132589711e-07
Epoch 98: reducing lr to 3.868263442085608e-08
[I 2024-06-21 02:07:45,778] Trial 570 finished with value: 0.9722316265106201 and parameters: {'hidden_size': 119, 'n_layers': 2, 'rnn_dropout': 0.48319004084825923, 'bidirectional': True, 'fc_dropout': 0.024504450886496422, 'learning_rate_model': 0.0007014817796769255}. Best is trial 502 with value: 0.9691120386123657.
Epoch 40: reducing lr to 6.219865114869601e-05
Epoch 65: reducing lr to 2.9889361702256645e-05
Epoch 72: reducing lr to 2.0138419706327844e-05
Epoch 75: reducing lr to 1.6297456475286857e-05
Epoch 78: reducing lr to 1.2748527415185063e-05
Epoch 81: reducing lr to 9.547590754575755e-06
Epoch 84: reducing lr to 6.7451366075588625e-06
Epoch 87: reducing lr to 4.385349889382388e-06
Epoch 90: reducing lr to 2.505459822253514e-06
Epoch 93: reducing lr to 1.135103975839942e-06
Epoch 96: reducing lr to 2.958977178852437e-07
Epoch 99: reducing lr to 1.0733488357448847e-09
[I 2024-06-21 02:08:19,670] Trial 571 finished with value: 0.9682753086090088 and parameters: {'hidden_size': 131, 'n_layers': 2, 'rnn_dropout': 0.4578720478162112, 'bidirectional': True, 'fc_dropout': 0.029560797109292804, 'learning_rate_model': 0.0006962880817029804}. Best is trial 571 with value: 0.9682753086090088.
Epoch 40: reducing lr to 5.994343467463711e-05
Epoch 49: reducing lr to 5.0463362762025295e-05
Epoch 65: reducing lr to 2.880562468119349e-05
Epoch 72: reducing lr to 1.9408235127651894e-05
Epoch 75: reducing lr to 1.5706538639456983e-05
Epoch 78: reducing lr to 1.2286287663747632e-05
Epoch 81: reducing lr to 9.201411479629482e-06
Epoch 84: reducing lr to 6.500569516211844e-06
Epoch 87: reducing lr to 4.2263446194545245e-06
Epoch 90: reducing lr to 2.4146161437832026e-06
Epoch 93: reducing lr to 1.0939470513921076e-06
Epoch 96: reducing lr to 2.851689738419703e-07
Epoch 99: reducing lr to 1.0344310468206503e-09
[I 2024-06-21 02:08:53,565] Trial 572 finished with value: 0.9686476588249207 and parameters: {'hidden_size': 131, 'n_layers': 2, 'rnn_dropout': 0.4636108697346346, 'bidirectional': True, 'fc_dropout': 0.02784329348504267, 'learning_rate_model': 0.0006710418693889317}. Best is trial 571 with value: 0.9682753086090088.
Epoch 40: reducing lr to 6.309364665045038e-05
Epoch 61: reducing lr to 3.621960803032772e-05
Epoch 65: reducing lr to 3.0319448911220007e-05
Epoch 72: reducing lr to 2.0428197614959903e-05
Epoch 75: reducing lr to 1.653196558386139e-05
Epoch 78: reducing lr to 1.2931969893114454e-05
Epoch 81: reducing lr to 9.684973971416067e-06
Epoch 84: reducing lr to 6.8421944506309145e-06
Epoch 87: reducing lr to 4.448452036328189e-06
Epoch 90: reducing lr to 2.541511653432005e-06
Epoch 93: reducing lr to 1.1514373357060775e-06
Epoch 96: reducing lr to 3.001554810617025e-07
Epoch 99: reducing lr to 1.0887935819213143e-09
[I 2024-06-21 02:09:27,462] Trial 573 finished with value: 0.9682168960571289 and parameters: {'hidden_size': 131, 'n_layers': 2, 'rnn_dropout': 0.4674886875381635, 'bidirectional': True, 'fc_dropout': 0.08419589555219706, 'learning_rate_model': 0.0007063071848433289}. Best is trial 573 with value: 0.9682168960571289.
Epoch 35: reducing lr to 6.970411270198523e-05
Epoch 40: reducing lr to 6.562000447320501e-05
Epoch 61: reducing lr to 3.766989177429122e-05
Epoch 65: reducing lr to 3.153348203507533e-05
Epoch 72: reducing lr to 2.124617120801047e-05
Epoch 75: reducing lr to 1.71939285990868e-05
Epoch 78: reducing lr to 1.3449784047748732e-05
Epoch 81: reducing lr to 1.0072773869738918e-05
Epoch 84: reducing lr to 7.1161654824675525e-06
Epoch 87: reducing lr to 4.6265742752184064e-06
Epoch 90: reducing lr to 2.6432773333084915e-06
Epoch 93: reducing lr to 1.1975424964457727e-06
Epoch 96: reducing lr to 3.121741261690944e-07
Epoch 99: reducing lr to 1.1323903991691982e-09
[I 2024-06-21 02:10:01,568] Trial 574 finished with value: 0.9694216847419739 and parameters: {'hidden_size': 132, 'n_layers': 2, 'rnn_dropout': 0.4706351716002535, 'bidirectional': True, 'fc_dropout': 0.08662594496367886, 'learning_rate_model': 0.0007345887120085369}. Best is trial 573 with value: 0.9682168960571289.
Epoch 40: reducing lr to 6.29686742084363e-05
Epoch 61: reducing lr to 3.614786621312987e-05
Epoch 65: reducing lr to 3.0259393806274997e-05
Epoch 72: reducing lr to 2.038773455920991e-05
Epoch 75: reducing lr to 1.6499219971268193e-05
Epoch 78: reducing lr to 1.2906354954948827e-05
Epoch 81: reducing lr to 9.665790505056032e-06
Epoch 84: reducing lr to 6.82864180635331e-06
Epoch 87: reducing lr to 4.439640786009394e-06
Epoch 90: reducing lr to 2.5364775662521028e-06
Epoch 93: reducing lr to 1.1491566316525117e-06
Epoch 99: reducing lr to 1.0866369591785129e-09
[I 2024-06-21 02:10:35,493] Trial 575 finished with value: 0.9685122966766357 and parameters: {'hidden_size': 131, 'n_layers': 2, 'rnn_dropout': 0.4834595655144972, 'bidirectional': True, 'fc_dropout': 0.08256830572700266, 'learning_rate_model': 0.0007049081702295281}. Best is trial 573 with value: 0.9682168960571289.
Epoch 40: reducing lr to 6.140538173529707e-05
Epoch 61: reducing lr to 3.525044082056127e-05
Epoch 65: reducing lr to 2.9508158637776437e-05
Epoch 72: reducing lr to 1.988157824606804e-05
Epoch 75: reducing lr to 1.6089601907715304e-05
Epoch 78: reducing lr to 1.2585935193688683e-05
Epoch 81: reducing lr to 9.4258226522555e-06
Epoch 84: reducing lr to 6.659110456490368e-06
Epoch 87: reducing lr to 4.329419995887057e-06
Epoch 90: reducing lr to 2.473505678445107e-06
Epoch 93: reducing lr to 1.1206270820740441e-06
Epoch 96: reducing lr to 2.9212389635119775e-07
Epoch 99: reducing lr to 1.0596595549270359e-09
[I 2024-06-21 02:11:09,611] Trial 576 finished with value: 0.9697533845901489 and parameters: {'hidden_size': 132, 'n_layers': 2, 'rnn_dropout': 0.49244674643496633, 'bidirectional': True, 'fc_dropout': 0.07867220557474364, 'learning_rate_model': 0.0006874077598965037}. Best is trial 573 with value: 0.9682168960571289.
Epoch 35: reducing lr to 6.684933485618774e-05
Epoch 40: reducing lr to 6.293249396988426e-05
Epoch 49: reducing lr to 5.297970144618618e-05
Epoch 52: reducing lr to 4.9026657950629785e-05
Epoch 58: reducing lr to 4.053338524693663e-05
Epoch 65: reducing lr to 3.0242007509038895e-05
Epoch 68: reducing lr to 2.5910863040885296e-05
Epoch 72: reducing lr to 2.0376020272556104e-05
Epoch 79: reducing lr to 1.1777606106669922e-05
Epoch 82: reducing lr to 8.667919945495839e-06
Epoch 85: reducing lr to 5.977066962756597e-06
Epoch 88: reducing lr to 3.747472593813124e-06
Epoch 91: reducing lr to 2.0143120786792598e-06
Epoch 94: reducing lr to 8.049095891944223e-07
Epoch 97: reducing lr to 1.3834168830289487e-07
[I 2024-06-21 02:11:44,854] Trial 577 finished with value: 0.970413327217102 and parameters: {'hidden_size': 133, 'n_layers': 2, 'rnn_dropout': 0.48650002279154847, 'bidirectional': True, 'fc_dropout': 0.08142146761967356, 'learning_rate_model': 0.0007045031474769168}. Best is trial 573 with value: 0.9682168960571289.
Epoch 35: reducing lr to 7.214007363327901e-05
Epoch 40: reducing lr to 6.791323741186198e-05
Epoch 49: reducing lr to 5.7172738840545684e-05
Epoch 53: reducing lr to 5.142923321941943e-05
Epoch 58: reducing lr to 4.3741368595672925e-05
Epoch 65: reducing lr to 3.263548774589345e-05
Epoch 68: reducing lr to 2.796155820686157e-05
Epoch 71: reducing lr to 2.3446166091600155e-05
Epoch 79: reducing lr to 1.2709735610484987e-05
Epoch 82: reducing lr to 9.353935749108774e-06
Epoch 85: reducing lr to 6.450117293341912e-06
Epoch 88: reducing lr to 4.0440634067333565e-06
Epoch 91: reducing lr to 2.173733246395564e-06
Epoch 94: reducing lr to 8.686135345629823e-07
Epoch 97: reducing lr to 1.492906339635577e-07
[I 2024-06-21 02:12:20,036] Trial 578 finished with value: 0.9704570770263672 and parameters: {'hidden_size': 133, 'n_layers': 2, 'rnn_dropout': 0.5009996606860664, 'bidirectional': True, 'fc_dropout': 0.08356194152041667, 'learning_rate_model': 0.000760260502863587}. Best is trial 573 with value: 0.9682168960571289.
Epoch 36: reducing lr to 6.817940740632619e-05
Epoch 40: reducing lr to 6.484173672977525e-05
Epoch 49: reducing lr to 5.458699689924294e-05
Epoch 52: reducing lr to 5.0514026173771956e-05
Epoch 55: reducing lr to 4.621679352521246e-05
Epoch 65: reducing lr to 3.115948797483503e-05
Epoch 72: reducing lr to 2.099418692584949e-05
Epoch 75: reducing lr to 1.6990004809094253e-05
Epoch 78: reducing lr to 1.3290266638926653e-05
Epoch 81: reducing lr to 9.953308547348068e-06
Epoch 84: reducing lr to 7.031766188435589e-06
Epoch 87: reducing lr to 4.571702082662333e-06
Epoch 90: reducing lr to 2.6119274804401794e-06
Epoch 93: reducing lr to 1.1833393779935247e-06
Epoch 96: reducing lr to 3.0847167209762826e-07
Epoch 99: reducing lr to 1.118959998974451e-09
[I 2024-06-21 02:12:55,705] Trial 579 finished with value: 0.9737194776535034 and parameters: {'hidden_size': 134, 'n_layers': 2, 'rnn_dropout': 0.4927693104062305, 'bidirectional': True, 'fc_dropout': 0.08288286422996696, 'learning_rate_model': 0.0007258763276703538}. Best is trial 573 with value: 0.9682168960571289.
Epoch 35: reducing lr to 6.892232336197863e-05
Epoch 40: reducing lr to 6.488402178868723e-05
Epoch 61: reducing lr to 3.7247392746805514e-05
Epoch 65: reducing lr to 3.11798079238545e-05
Epoch 72: reducing lr to 2.100787780576328e-05
Epoch 75: reducing lr to 1.7001084453016526e-05
Epoch 78: reducing lr to 1.329893358302973e-05
Epoch 81: reducing lr to 9.959799370381507e-06
Epoch 84: reducing lr to 7.036351794289619e-06
Epoch 87: reducing lr to 4.574683413848738e-06
Epoch 90: reducing lr to 2.613630789342046e-06
Epoch 93: reducing lr to 1.184111065764934e-06
Epoch 96: reducing lr to 3.086728348592393e-07
Epoch 99: reducing lr to 1.1196897032163603e-09
[I 2024-06-21 02:13:29,845] Trial 580 finished with value: 0.9695117473602295 and parameters: {'hidden_size': 132, 'n_layers': 2, 'rnn_dropout': 0.49595166354423387, 'bidirectional': True, 'fc_dropout': 0.08692177623562267, 'learning_rate_model': 0.0007263496913528576}. Best is trial 573 with value: 0.9682168960571289.
Epoch 40: reducing lr to 6.305714342064696e-05
Epoch 61: reducing lr to 3.61986529461709e-05
Epoch 65: reducing lr to 3.0301907401577193e-05
Epoch 72: reducing lr to 2.0416378751546608e-05
Epoch 75: reducing lr to 1.652240091022391e-05
Epoch 78: reducing lr to 1.2924488019837505e-05
Epoch 81: reducing lr to 9.679370668242338e-06
Epoch 84: reducing lr to 6.838235855595595e-06
Epoch 87: reducing lr to 4.445878356162719e-06
Epoch 90: reducing lr to 2.540041245730775e-06
Epoch 93: reducing lr to 1.1507711643258981e-06
[I 2024-06-21 02:14:03,756] Trial 581 finished with value: 0.9686193466186523 and parameters: {'hidden_size': 131, 'n_layers': 2, 'rnn_dropout': 0.5044237785433412, 'bidirectional': True, 'fc_dropout': 0.0923541204836106, 'learning_rate_model': 0.0007058985463377281}. Best is trial 573 with value: 0.9682168960571289.
Epoch 35: reducing lr to 7.093227287871786e-05
Epoch 40: reducing lr to 6.677620420327793e-05
Epoch 61: reducing lr to 3.833362106006254e-05
Epoch 65: reducing lr to 3.2089090095603596e-05
Epoch 72: reducing lr to 2.1620520731650253e-05
Epoch 75: reducing lr to 1.7496879136270546e-05
Epoch 78: reducing lr to 1.3686764170051167e-05
Epoch 81: reducing lr to 1.0250252346352446e-05
Epoch 84: reducing lr to 7.2415496343894415e-06
Epoch 87: reducing lr to 4.708092769023975e-06
Epoch 90: reducing lr to 2.689850883002892e-06
Epoch 93: reducing lr to 1.2186427435770774e-06
Epoch 96: reducing lr to 3.176745165349589e-07
Epoch 99: reducing lr to 1.1523426909194021e-09
[I 2024-06-21 02:14:37,858] Trial 582 finished with value: 0.969504714012146 and parameters: {'hidden_size': 132, 'n_layers': 2, 'rnn_dropout': 0.5236204410958933, 'bidirectional': True, 'fc_dropout': 0.09830148673570878, 'learning_rate_model': 0.0007475318880622004}. Best is trial 573 with value: 0.9682168960571289.
Epoch 40: reducing lr to 6.342020907281233e-05
Epoch 61: reducing lr to 3.64070748128536e-05
Epoch 65: reducing lr to 3.047637743266024e-05
Epoch 72: reducing lr to 2.0533930633287228e-05
Epoch 75: reducing lr to 1.6617532340802546e-05
Epoch 78: reducing lr to 1.2998903659640955e-05
Epoch 81: reducing lr to 9.73510181674636e-06
Epoch 84: reducing lr to 6.877608532914804e-06
Epoch 87: reducing lr to 4.471476498375728e-06
Epoch 90: reducing lr to 2.554666103143943e-06
Epoch 93: reducing lr to 1.1573969875174388e-06
[I 2024-06-21 02:15:11,774] Trial 583 finished with value: 0.9688892364501953 and parameters: {'hidden_size': 131, 'n_layers': 2, 'rnn_dropout': 0.5229326351644865, 'bidirectional': True, 'fc_dropout': 0.1291960377794493, 'learning_rate_model': 0.0007099629156095651}. Best is trial 573 with value: 0.9682168960571289.
Epoch 40: reducing lr to 6.471648019005182e-05
Epoch 65: reducing lr to 3.109929634764979e-05
Epoch 72: reducing lr to 2.095363188612874e-05
Epoch 75: reducing lr to 1.6957184756461483e-05
Epoch 78: reducing lr to 1.3264593470761353e-05
Epoch 81: reducing lr to 9.93408147154293e-06
Epoch 84: reducing lr to 7.018182735164151e-06
Epoch 87: reducing lr to 4.562870801879293e-06
Epoch 90: reducing lr to 2.606881949356217e-06
Epoch 93: reducing lr to 1.1810534892545632e-06
Epoch 96: reducing lr to 3.078757890106359e-07
Epoch 99: reducing lr to 1.116798473642898e-09
[I 2024-06-21 02:15:45,669] Trial 584 finished with value: 0.9687919616699219 and parameters: {'hidden_size': 131, 'n_layers': 2, 'rnn_dropout': 0.5279490618228814, 'bidirectional': True, 'fc_dropout': 0.11546308259394884, 'learning_rate_model': 0.0007244741327006223}. Best is trial 573 with value: 0.9682168960571289.
Epoch 35: reducing lr to 6.865688900072921e-05
Epoch 40: reducing lr to 6.463413977602899e-05
Epoch 61: reducing lr to 3.7103945204417394e-05
Epoch 65: reducing lr to 3.105972792659901e-05
Epoch 72: reducing lr to 2.0926972050493065e-05
Epoch 75: reducing lr to 1.693560970155416e-05
Epoch 78: reducing lr to 1.324771659310948e-05
Epoch 81: reducing lr to 9.921442088515586e-06
Epoch 84: reducing lr to 7.009253323824035e-06
Epoch 87: reducing lr to 4.557065345991453e-06
Epoch 90: reducing lr to 2.603565147540226e-06
Epoch 93: reducing lr to 1.17955080503868e-06
Epoch 96: reducing lr to 3.074840708600004e-07
Epoch 99: reducing lr to 1.1153775426918713e-09
[I 2024-06-21 02:16:19,760] Trial 585 finished with value: 0.9696823358535767 and parameters: {'hidden_size': 132, 'n_layers': 2, 'rnn_dropout': 0.5200020336959054, 'bidirectional': True, 'fc_dropout': 0.1141903151381185, 'learning_rate_model': 0.0007235523659441451}. Best is trial 573 with value: 0.9682168960571289.
Epoch 36: reducing lr to 6.813473145789768e-05
Epoch 40: reducing lr to 6.479924785818842e-05
Epoch 43: reducing lr to 6.176729080807838e-05
Epoch 49: reducing lr to 5.4551227655256944e-05
Epoch 52: reducing lr to 5.048092582699413e-05
Epoch 55: reducing lr to 4.6186509027845714e-05
Epoch 65: reducing lr to 3.113907008429037e-05
Epoch 72: reducing lr to 2.098043005631838e-05
Epoch 75: reducing lr to 1.69788717616313e-05
Epoch 78: reducing lr to 1.3281557920421334e-05
Epoch 81: reducing lr to 9.946786438748563e-06
Epoch 84: reducing lr to 7.027158480103312e-06
Epoch 87: reducing lr to 4.568706381551904e-06
Epoch 90: reducing lr to 2.6102159616421494e-06
Epoch 93: reducing lr to 1.182563970710958e-06
Epoch 96: reducing lr to 3.0826953973776566e-07
Epoch 99: reducing lr to 1.1182267776023782e-09
[I 2024-06-21 02:16:55,374] Trial 586 finished with value: 0.973932683467865 and parameters: {'hidden_size': 134, 'n_layers': 2, 'rnn_dropout': 0.5452112229886894, 'bidirectional': True, 'fc_dropout': 0.11795914138063185, 'learning_rate_model': 0.000725400682389555}. Best is trial 573 with value: 0.9682168960571289.
Epoch 35: reducing lr to 6.931257653944985e-05
Epoch 40: reducing lr to 6.525140922478918e-05
Epoch 61: reducing lr to 3.7458295581517236e-05
Epoch 65: reducing lr to 3.13563547743041e-05
Epoch 72: reducing lr to 2.1126828976671562e-05
Epoch 75: reducing lr to 1.7097348288949634e-05
Epoch 78: reducing lr to 1.3374235035949397e-05
Epoch 81: reducing lr to 1.0016193919515522e-05
Epoch 84: reducing lr to 7.076193147737692e-06
Epoch 87: reducing lr to 4.600586265799962e-06
Epoch 90: reducing lr to 2.628429735032265e-06
Epoch 93: reducing lr to 1.190815760025851e-06
Epoch 96: reducing lr to 3.1042060755067865e-07
Epoch 99: reducing lr to 1.126029629716814e-09
[I 2024-06-21 02:17:29,464] Trial 587 finished with value: 0.9695988297462463 and parameters: {'hidden_size': 132, 'n_layers': 2, 'rnn_dropout': 0.5264832924097851, 'bidirectional': True, 'fc_dropout': 0.12780090565912583, 'learning_rate_model': 0.0007304624412019444}. Best is trial 573 with value: 0.9682168960571289.
Epoch 35: reducing lr to 7.014894577647453e-05
Epoch 40: reducing lr to 6.603877385719555e-05
Epoch 61: reducing lr to 3.791029098639051e-05
Epoch 65: reducing lr to 3.173472031527535e-05
Epoch 72: reducing lr to 2.1381758611582942e-05
Epoch 75: reducing lr to 1.7303655670055793e-05
Epoch 78: reducing lr to 1.353561698582452e-05
Epoch 81: reducing lr to 1.0137055628668526e-05
Epoch 84: reducing lr to 7.16157895446274e-06
Epoch 87: reducing lr to 4.656099839484582e-06
Epoch 90: reducing lr to 2.660146024944111e-06
Epoch 93: reducing lr to 1.2051848935709392e-06
Epoch 96: reducing lr to 3.141663382629986e-07
Epoch 99: reducing lr to 1.1396170129752623e-09
[I 2024-06-21 02:18:03,569] Trial 588 finished with value: 0.9695791602134705 and parameters: {'hidden_size': 132, 'n_layers': 2, 'rnn_dropout': 0.5238658612644334, 'bidirectional': True, 'fc_dropout': 0.10005336193265689, 'learning_rate_model': 0.0007392766614362122}. Best is trial 573 with value: 0.9682168960571289.
Epoch 35: reducing lr to 7.304523732109469e-05
Epoch 40: reducing lr to 6.876536568580465e-05
Epoch 61: reducing lr to 3.947552128347639e-05
Epoch 65: reducing lr to 3.304497524644556e-05
Epoch 72: reducing lr to 2.2264563135448014e-05
Epoch 75: reducing lr to 1.801808453357563e-05
Epoch 78: reducing lr to 1.4094472041924428e-05
Epoch 81: reducing lr to 1.055559176174471e-05
Epoch 84: reducing lr to 7.457264375567037e-06
Epoch 87: reducing lr to 4.8483396863808734e-06
Epoch 90: reducing lr to 2.7699774465601953e-06
Epoch 93: reducing lr to 1.2549442560006483e-06
Epoch 96: reducing lr to 3.271375568471616e-07
Epoch 99: reducing lr to 1.1866692256981038e-09
