[I 2024-06-21 02:31:16,431] Trial 611 finished with value: 0.9728875160217285 and parameters: {'hidden_size': 134, 'n_layers': 2, 'rnn_dropout': 0.5828886200186202, 'bidirectional': True, 'fc_dropout': 0.14606175611537298, 'learning_rate_model': 0.0008423823627365878}. Best is trial 609 with value: 0.9664782285690308.
Epoch 36: reducing lr to 7.833356543928078e-05
Epoch 40: reducing lr to 7.449880573246477e-05
Epoch 43: reducing lr to 7.101300633306972e-05
Epoch 52: reducing lr to 5.8037227447617164e-05
Epoch 55: reducing lr to 5.3099995405138084e-05
Epoch 61: reducing lr to 4.276686616810324e-05
Epoch 65: reducing lr to 3.580016141508357e-05
Epoch 72: reducing lr to 2.412091242740738e-05
Epoch 75: reducing lr to 1.952037578729953e-05
Epoch 78: reducing lr to 1.5269624818846004e-05
Epoch 81: reducing lr to 1.1435683824360997e-05
Epoch 84: reducing lr to 8.079027639428146e-06
Epoch 87: reducing lr to 5.252579010064809e-06
Epoch 90: reducing lr to 3.0009294594240283e-06
Epoch 93: reducing lr to 1.3595775635083215e-06
Epoch 96: reducing lr to 3.5441325807391037e-07
Epoch 99: reducing lr to 1.2856099757788293e-09
[I 2024-06-21 02:31:50,824] Trial 612 finished with value: 0.972770094871521 and parameters: {'hidden_size': 136, 'n_layers': 2, 'rnn_dropout': 0.5740981981217784, 'bidirectional': True, 'fc_dropout': 0.17314498902807926, 'learning_rate_model': 0.0008339832066230974}. Best is trial 609 with value: 0.9664782285690308.
Epoch 40: reducing lr to 7.670679632858453e-05
Epoch 61: reducing lr to 4.403438767259273e-05
Epoch 65: reducing lr to 3.6861204192439485e-05
Epoch 71: reducing lr to 2.6482028476533927e-05
Epoch 76: reducing lr to 1.859645543835221e-05
Epoch 79: reducing lr to 1.435542079891109e-05
Epoch 82: reducing lr to 1.056510441441907e-05
Epoch 85: reducing lr to 7.285293005770347e-06
Epoch 88: reducing lr to 4.567697843631236e-06
Epoch 91: reducing lr to 2.4551931222588885e-06
Epoch 94: reducing lr to 9.810835710850311e-07
Epoch 97: reducing lr to 1.6862112144293934e-07
[I 2024-06-21 02:32:27,214] Trial 613 finished with value: 0.9663827419281006 and parameters: {'hidden_size': 135, 'n_layers': 2, 'rnn_dropout': 0.5573698188710522, 'bidirectional': True, 'fc_dropout': 0.1597622009243039, 'learning_rate_model': 0.0008587007448365071}. Best is trial 613 with value: 0.9663827419281006.
Epoch 40: reducing lr to 7.615657272133601e-05
Epoch 43: reducing lr to 7.259320639831943e-05
Epoch 49: reducing lr to 6.411238823415992e-05
Epoch 52: reducing lr to 5.932868707361146e-05
Epoch 65: reducing lr to 3.6596796008171073e-05
Epoch 68: reducing lr to 3.1355543074298856e-05
Epoch 72: reducing lr to 2.465765730499921e-05
Epoch 75: reducing lr to 1.995474831545463e-05
Epoch 78: reducing lr to 1.560940852018527e-05
Epoch 81: reducing lr to 1.1690153663881302e-05
Epoch 84: reducing lr to 8.25880428404871e-06
Epoch 87: reducing lr to 5.369460777547011e-06
Epoch 90: reducing lr to 3.067706929812345e-06
Epoch 93: reducing lr to 1.3898312404825242e-06
Epoch 96: reducing lr to 3.6229975496304646e-07
Epoch 99: reducing lr to 1.3142177065681403e-09
[I 2024-06-21 02:32:58,613] Trial 614 finished with value: 0.970524251461029 and parameters: {'hidden_size': 128, 'n_layers': 2, 'rnn_dropout': 0.5544152925705655, 'bidirectional': True, 'fc_dropout': 0.16150315462683879, 'learning_rate_model': 0.0008525412199445144}. Best is trial 613 with value: 0.9663827419281006.
Epoch 30: reducing lr to 8.46552359591613e-05
Epoch 36: reducing lr to 8.073607168905134e-05
Epoch 40: reducing lr to 7.678369912866066e-05
Epoch 43: reducing lr to 7.31909895586953e-05
Epoch 52: reducing lr to 5.981724091796451e-05
Epoch 55: reducing lr to 5.47285829730373e-05
Epoch 61: reducing lr to 4.407853457839171e-05
Epoch 65: reducing lr to 3.689815958560222e-05
Epoch 72: reducing lr to 2.486070567608741e-05
Epoch 75: reducing lr to 2.011906964942443e-05
Epoch 78: reducing lr to 1.5737947291507682e-05
Epoch 81: reducing lr to 1.1786418553520283e-05
Epoch 84: reducing lr to 8.326813046449354e-06
Epoch 87: reducing lr to 5.4136766676056935e-06
Epoch 90: reducing lr to 3.092968571150338e-06
Epoch 93: reducing lr to 1.4012760815709032e-06
Epoch 96: reducing lr to 3.652831841745481e-07
Epoch 99: reducing lr to 1.325039893009406e-09
[I 2024-06-21 02:33:32,961] Trial 615 finished with value: 0.9726821780204773 and parameters: {'hidden_size': 136, 'n_layers': 2, 'rnn_dropout': 0.5625383738140433, 'bidirectional': True, 'fc_dropout': 0.13434154120870248, 'learning_rate_model': 0.0008595616397619386}. Best is trial 613 with value: 0.9663827419281006.
Epoch 40: reducing lr to 7.36872173854804e-05
Epoch 43: reducing lr to 7.023939220788206e-05
Epoch 49: reducing lr to 6.203356217459233e-05
Epoch 53: reducing lr to 5.5801743999116306e-05
Epoch 56: reducing lr to 5.085029923367612e-05
Epoch 65: reducing lr to 3.541015524600508e-05
Epoch 68: reducing lr to 3.0338848456455606e-05
Epoch 71: reducing lr to 2.5439557934342517e-05
Epoch 74: reducing lr to 2.0789526273372524e-05
Epoch 77: reducing lr to 1.646210095086995e-05
Epoch 80: reducing lr to 1.2525515242604207e-05
Epoch 83: reducing lr to 9.041863055030986e-06
Epoch 86: reducing lr to 6.066069323095802e-06
Epoch 89: reducing lr to 3.6450817159400087e-06
Epoch 92: reducing lr to 1.8170686643005662e-06
Epoch 95: reducing lr to 6.108644118191079e-07
Epoch 98: reducing lr to 4.54883097737507e-08
[I 2024-06-21 02:34:04,420] Trial 616 finished with value: 0.9708659052848816 and parameters: {'hidden_size': 128, 'n_layers': 2, 'rnn_dropout': 0.5115841333958937, 'bidirectional': True, 'fc_dropout': 0.14678698133864593, 'learning_rate_model': 0.0008248978119590992}. Best is trial 613 with value: 0.9663827419281006.
Epoch 40: reducing lr to 7.353683783998819e-05
Epoch 61: reducing lr to 4.2214637824157706e-05
Epoch 65: reducing lr to 3.5337890839224095e-05
Epoch 72: reducing lr to 2.380945047759126e-05
Epoch 77: reducing lr to 1.642850539187511e-05
Epoch 80: reducing lr to 1.2499953396790633e-05
Epoch 83: reducing lr to 9.023410583830926e-06
Epoch 86: reducing lr to 6.053689798123931e-06
Epoch 89: reducing lr to 3.6376428988537585e-06
Epoch 92: reducing lr to 1.8133604233116704e-06
Epoch 95: reducing lr to 6.096177707344531e-07
Epoch 98: reducing lr to 4.539547805079963e-08
[I 2024-06-21 02:34:40,822] Trial 617 finished with value: 0.9665506482124329 and parameters: {'hidden_size': 135, 'n_layers': 2, 'rnn_dropout': 0.5450167908212942, 'bidirectional': True, 'fc_dropout': 0.16009742365620147, 'learning_rate_model': 0.0008232143753680416}. Best is trial 613 with value: 0.9663827419281006.
Epoch 30: reducing lr to 8.53983877213374e-05
Epoch 35: reducing lr to 8.227862499739856e-05
Epoch 40: reducing lr to 7.745775006794799e-05
Epoch 43: reducing lr to 7.383350165200749e-05
Epoch 52: reducing lr to 6.034235064677259e-05
Epoch 55: reducing lr to 5.520902157104008e-05
Epoch 61: reducing lr to 4.446548100025125e-05
Epoch 65: reducing lr to 3.722207259590112e-05
Epoch 68: reducing lr to 3.189126994436537e-05
Epoch 72: reducing lr to 2.5078947076312657e-05
Epoch 75: reducing lr to 2.029568627442004e-05
Epoch 78: reducing lr to 1.5876103935101006e-05
Epoch 81: reducing lr to 1.1889886432601266e-05
Epoch 84: reducing lr to 8.399910542648716e-06
Epoch 87: reducing lr to 5.4612009974336136e-06
Epoch 90: reducing lr to 3.12012040668613e-06
Epoch 93: reducing lr to 1.4135772792170507e-06
Epoch 96: reducing lr to 3.6848984751836845e-07
Epoch 99: reducing lr to 1.3366718460815913e-09
[I 2024-06-21 02:35:15,170] Trial 618 finished with value: 0.9725161790847778 and parameters: {'hidden_size': 136, 'n_layers': 2, 'rnn_dropout': 0.5438495814715416, 'bidirectional': True, 'fc_dropout': 0.16030365652841957, 'learning_rate_model': 0.0008671073602368804}. Best is trial 613 with value: 0.9663827419281006.
Epoch 36: reducing lr to 8.310343732471265e-05
Epoch 40: reducing lr to 7.903517219259966e-05
Epoch 43: reducing lr to 7.533711618953555e-05
Epoch 52: reducing lr to 6.157121875719678e-05
Epoch 55: reducing lr to 5.633334976324982e-05
Epoch 61: reducing lr to 4.537101767607188e-05
Epoch 65: reducing lr to 3.798009772297568e-05
Epoch 72: reducing lr to 2.558967822905645e-05
Epoch 75: reducing lr to 2.070900662694997e-05
Epoch 78: reducing lr to 1.6199419776040478e-05
Epoch 81: reducing lr to 1.213202320912689e-05
Epoch 84: reducing lr to 8.570974183452187e-06
Epoch 87: reducing lr to 5.57241800635737e-06
Epoch 90: reducing lr to 3.1836614591536447e-06
Epoch 93: reducing lr to 1.4423646900724564e-06
Epoch 96: reducing lr to 3.7599411968835486e-07
Epoch 99: reducing lr to 1.3638930827070648e-09
[I 2024-06-21 02:35:49,476] Trial 619 finished with value: 0.9727095365524292 and parameters: {'hidden_size': 136, 'n_layers': 2, 'rnn_dropout': 0.5752122173653943, 'bidirectional': True, 'fc_dropout': 0.185884090049385, 'learning_rate_model': 0.0008847659461535394}. Best is trial 613 with value: 0.9663827419281006.
Epoch 36: reducing lr to 7.925355958476418e-05
Epoch 40: reducing lr to 7.537376226910425e-05
Epoch 43: reducing lr to 7.184702365008106e-05
Epoch 49: reducing lr to 6.345337948634136e-05
Epoch 53: reducing lr to 5.707892814554251e-05
Epoch 62: reducing lr to 4.1502111842019116e-05
Epoch 65: reducing lr to 3.62206189638309e-05
Epoch 68: reducing lr to 3.103324066523722e-05
Epoch 71: reducing lr to 2.6021815723388465e-05
Epoch 74: reducing lr to 2.1265354651935075e-05
Epoch 79: reducing lr to 1.4105947925853695e-05
Epoch 82: reducing lr to 1.0381500813428398e-05
Epoch 88: reducing lr to 4.488318999898888e-06
Epoch 91: reducing lr to 2.4125260287127847e-06
Epoch 94: reducing lr to 9.64034002102251e-07
Epoch 97: reducing lr to 1.656907722588988e-07
[I 2024-06-21 02:36:22,280] Trial 620 finished with value: 0.9699232578277588 and parameters: {'hidden_size': 129, 'n_layers': 2, 'rnn_dropout': 0.5592041989711316, 'bidirectional': True, 'fc_dropout': 0.12369963738733049, 'learning_rate_model': 0.0008437779818669163}. Best is trial 613 with value: 0.9663827419281006.
Epoch 40: reducing lr to 7.097697107198012e-05
Epoch 52: reducing lr to 5.52935926038927e-05
Epoch 61: reducing lr to 4.0745117898311865e-05
Epoch 65: reducing lr to 3.4107755099533164e-05
Epoch 72: reducing lr to 2.298062749808349e-05
Epoch 77: reducing lr to 1.585661807341017e-05
Epoch 80: reducing lr to 1.206482161465282e-05
Epoch 83: reducing lr to 8.70929959448022e-06
Epoch 86: reducing lr to 5.842956786027782e-06
Epoch 89: reducing lr to 3.511014103760367e-06
Epoch 92: reducing lr to 1.750236127755797e-06
Epoch 95: reducing lr to 5.883965662561454e-07
Epoch 98: reducing lr to 4.3815230938012636e-08
[I 2024-06-21 02:36:58,653] Trial 621 finished with value: 0.966623067855835 and parameters: {'hidden_size': 135, 'n_layers': 2, 'rnn_dropout': 0.5377568985383434, 'bidirectional': True, 'fc_dropout': 0.14698697002950137, 'learning_rate_model': 0.0007945577294698788}. Best is trial 613 with value: 0.9663827419281006.
Epoch 35: reducing lr to 8.028139619452071e-05
Epoch 40: reducing lr to 7.557754303426566e-05
Epoch 43: reducing lr to 7.204126951247695e-05
Epoch 52: reducing lr to 5.8877602290210976e-05
Epoch 55: reducing lr to 5.3868879485973984e-05
Epoch 61: reducing lr to 4.338612728729935e-05
Epoch 65: reducing lr to 3.631854515492001e-05
Epoch 72: reducing lr to 2.4470181489281453e-05
Epoch 75: reducing lr to 1.9803029412413345e-05
Epoch 78: reducing lr to 1.5490727878346672e-05
Epoch 81: reducing lr to 1.1601271696430246e-05
Epoch 84: reducing lr to 8.196011373479248e-06
Epoch 87: reducing lr to 5.328635973033595e-06
Epoch 90: reducing lr to 3.0443827002662864e-06
Epoch 93: reducing lr to 1.3792641479847748e-06
Epoch 96: reducing lr to 3.595451363366288e-07
Epoch 99: reducing lr to 1.3042255149454083e-09
[I 2024-06-21 02:37:32,983] Trial 622 finished with value: 0.9725304841995239 and parameters: {'hidden_size': 136, 'n_layers': 2, 'rnn_dropout': 0.5433575793016459, 'bidirectional': True, 'fc_dropout': 0.13812710997120825, 'learning_rate_model': 0.0008460592229459713}. Best is trial 613 with value: 0.9663827419281006.
Epoch 40: reducing lr to 6.392245209773372e-05
Epoch 47: reducing lr to 5.633564896691445e-05
Epoch 61: reducing lr to 3.669539299486328e-05
Epoch 65: reducing lr to 3.071772870245584e-05
Epoch 72: reducing lr to 2.0696544783974568e-05
Epoch 77: reducing lr to 1.4280602481637334e-05
Epoch 80: reducing lr to 1.0865678967171403e-05
Epoch 83: reducing lr to 7.84366785063828e-06
Epoch 86: reducing lr to 5.2622156119512936e-06
Epoch 89: reducing lr to 3.1620485838214277e-06
Epoch 92: reducing lr to 1.576277253684613e-06
[I 2024-06-21 02:38:09,434] Trial 623 finished with value: 0.9672915935516357 and parameters: {'hidden_size': 135, 'n_layers': 2, 'rnn_dropout': 0.5381879870750564, 'bidirectional': True, 'fc_dropout': 0.14524291069719777, 'learning_rate_model': 0.0007155853177985642}. Best is trial 613 with value: 0.9663827419281006.
Epoch 36: reducing lr to 6.230144406576292e-05
Epoch 40: reducing lr to 5.925152458309841e-05
Epoch 43: reducing lr to 5.647914552581909e-05
Epoch 50: reducing lr to 4.866673678102631e-05
Epoch 53: reducing lr to 4.486990449166963e-05
Epoch 56: reducing lr to 4.0888472410898166e-05
Epoch 61: reducing lr to 3.401399522029106e-05
Epoch 65: reducing lr to 2.8473129512737164e-05
Epoch 72: reducing lr to 1.9184211365639134e-05
Epoch 75: reducing lr to 1.5525242511753095e-05
Epoch 78: reducing lr to 1.2144470524502337e-05
Epoch 81: reducing lr to 9.09520219259559e-06
Epoch 84: reducing lr to 6.425535283131455e-06
Epoch 87: reducing lr to 4.1775611203375105e-06
Epoch 90: reducing lr to 2.3867449134117056e-06
Epoch 93: reducing lr to 1.0813199303641657e-06
Epoch 96: reducing lr to 2.818773491316704e-07
Epoch 99: reducing lr to 1.022490902179412e-09
[I 2024-06-21 02:38:43,772] Trial 624 finished with value: 0.973502516746521 and parameters: {'hidden_size': 136, 'n_layers': 2, 'rnn_dropout': 0.5628783188374393, 'bidirectional': True, 'fc_dropout': 0.1175185069336599, 'learning_rate_model': 0.0006632962231176537}. Best is trial 613 with value: 0.9663827419281006.
Epoch 40: reducing lr to 6.003973500037398e-05
Epoch 43: reducing lr to 5.723047557471664e-05
Epoch 49: reducing lr to 5.0544433162781234e-05
Epoch 53: reducing lr to 4.546679927861968e-05
Epoch 65: reducing lr to 2.8851901492906223e-05
Epoch 68: reducing lr to 2.4719842683339292e-05
Epoch 72: reducing lr to 1.9439414845245905e-05
Epoch 75: reducing lr to 1.573177150766662e-05
Epoch 78: reducing lr to 1.2306025830413213e-05
Epoch 81: reducing lr to 9.216193731055957e-06
Epoch 84: reducing lr to 6.51101281104945e-06
Epoch 87: reducing lr to 4.2331343265465255e-06
Epoch 90: reducing lr to 2.4184952728727845e-06
Epoch 93: reducing lr to 1.0957044991920152e-06
Epoch 96: reducing lr to 2.856271034973627e-07
Epoch 99: reducing lr to 1.036092880956664e-09
[I 2024-06-21 02:39:16,532] Trial 625 finished with value: 0.9712971448898315 and parameters: {'hidden_size': 129, 'n_layers': 2, 'rnn_dropout': 0.5827069711756719, 'bidirectional': True, 'fc_dropout': 0.14018087976816967, 'learning_rate_model': 0.0006721199115624571}. Best is trial 613 with value: 0.9663827419281006.
Epoch 40: reducing lr to 7.93400435125392e-05
Epoch 52: reducing lr to 6.180872439186597e-05
Epoch 61: reducing lr to 4.554603244053897e-05
Epoch 64: reducing lr to 3.997304179377178e-05
Epoch 67: reducing lr to 3.4469994458645976e-05
Epoch 71: reducing lr to 2.739112297987527e-05
Epoch 76: reducing lr to 1.923484820481338e-05
Epoch 79: reducing lr to 1.484822421663289e-05
Epoch 82: reducing lr to 1.0927791070348254e-05
Epoch 85: reducing lr to 7.535387889273909e-06
Epoch 88: reducing lr to 4.7245011265160255e-06
Epoch 91: reducing lr to 2.539476793128907e-06
Epoch 94: reducing lr to 1.0147629277318251e-06
Epoch 97: reducing lr to 1.7440967101672475e-07
[I 2024-06-21 02:39:52,986] Trial 626 finished with value: 0.9667447805404663 and parameters: {'hidden_size': 135, 'n_layers': 2, 'rnn_dropout': 0.544208735674858, 'bidirectional': True, 'fc_dropout': 0.1714674291993975, 'learning_rate_model': 0.0008881788540318705}. Best is trial 613 with value: 0.9663827419281006.
Epoch 30: reducing lr to 8.643508089108838e-05
Epoch 36: reducing lr to 8.243351764607142e-05
Epoch 40: reducing lr to 7.83980479187897e-05
Epoch 43: reducing lr to 7.472980296288468e-05
Epoch 52: reducing lr to 6.107487621817278e-05
Epoch 55: reducing lr to 5.587923112766654e-05
Epoch 61: reducing lr to 4.5005269416316805e-05
Epoch 65: reducing lr to 3.7673929702970415e-05
Epoch 68: reducing lr to 3.2278413807477764e-05
Epoch 72: reducing lr to 2.5383392790479962e-05
Epoch 75: reducing lr to 2.0542065625336556e-05
Epoch 78: reducing lr to 1.6068831795086862e-05
Epoch 81: reducing lr to 1.2034223631261428e-05
Epoch 84: reducing lr to 8.501881201796271e-06
Epoch 87: reducing lr to 5.527497211258532e-06
Epoch 90: reducing lr to 3.157997087976266e-06
Epoch 93: reducing lr to 1.4307373913618028e-06
Epoch 96: reducing lr to 3.7296312761461075e-07
Epoch 99: reducing lr to 1.3528983652225275e-09
[I 2024-06-21 02:40:27,364] Trial 627 finished with value: 0.9727545976638794 and parameters: {'hidden_size': 136, 'n_layers': 2, 'rnn_dropout': 0.5527404242622217, 'bidirectional': True, 'fc_dropout': 0.17590027725423465, 'learning_rate_model': 0.0008776336043708053}. Best is trial 613 with value: 0.9663827419281006.
Epoch 40: reducing lr to 8.092409071398358e-05
Epoch 43: reducing lr to 7.713765220622549e-05
Epoch 49: reducing lr to 6.812592184702866e-05
Epoch 52: reducing lr to 6.304275367346459e-05
Epoch 55: reducing lr to 5.7679701074791145e-05
Epoch 61: reducing lr to 4.6455372315213085e-05
Epoch 65: reducing lr to 3.888781144134494e-05
Epoch 68: reducing lr to 3.3318448053268256e-05
Epoch 71: reducing lr to 2.793799477096312e-05
Epoch 74: reducing lr to 2.2831280237468206e-05
Epoch 77: reducing lr to 1.8078855437326537e-05
Epoch 80: reducing lr to 1.3755654884202668e-05
Epoch 83: reducing lr to 9.929870770678906e-06
Epoch 86: reducing lr to 6.661822248104667e-06
Epoch 89: reducing lr to 4.003067749152581e-06
Epoch 92: reducing lr to 1.995524252926533e-06
Epoch 95: reducing lr to 6.70857834370259e-07
Epoch 98: reducing lr to 4.99557485974752e-08
[I 2024-06-21 02:40:58,706] Trial 628 finished with value: 0.971994161605835 and parameters: {'hidden_size': 128, 'n_layers': 2, 'rnn_dropout': 0.5101547859115025, 'bidirectional': True, 'fc_dropout': 0.19727084280808072, 'learning_rate_model': 0.0009059116049332348}. Best is trial 613 with value: 0.9663827419281006.
Epoch 36: reducing lr to 6.68173585056611e-05
Epoch 40: reducing lr to 6.354636588996049e-05
Epoch 43: reducing lr to 6.057303119183883e-05
Epoch 49: reducing lr to 5.349648934064654e-05
Epoch 52: reducing lr to 4.95048860765559e-05
Epoch 55: reducing lr to 4.5293501064805426e-05
Epoch 64: reducing lr to 3.2015882864498947e-05
Epoch 67: reducing lr to 2.7608289372161016e-05
Epoch 72: reducing lr to 2.0574777161075602e-05
Epoch 75: reducing lr to 1.6650588286527444e-05
Epoch 78: reducing lr to 1.3024761352891918e-05
Epoch 83: reducing lr to 7.797519819701217e-06
Epoch 86: reducing lr to 5.231255493103569e-06
Epoch 89: reducing lr to 3.1434447471152575e-06
Epoch 92: reducing lr to 1.5670032644166197e-06
Epoch 95: reducing lr to 5.267971135284266e-07
Epoch 98: reducing lr to 3.9228198311198286e-08
[I 2024-06-21 02:41:34,494] Trial 629 finished with value: 0.9730339050292969 and parameters: {'hidden_size': 137, 'n_layers': 2, 'rnn_dropout': 0.5433378195457705, 'bidirectional': True, 'fc_dropout': 0.11974543179428701, 'learning_rate_model': 0.0007113751888113722}. Best is trial 613 with value: 0.9663827419281006.
Epoch 36: reducing lr to 8.461268805456644e-05
Epoch 40: reducing lr to 8.047053870878504e-05
Epoch 43: reducing lr to 7.670532190104978e-05
Epoch 49: reducing lr to 6.774409922551873e-05
Epoch 52: reducing lr to 6.268942048072107e-05
Epoch 55: reducing lr to 5.735642596782472e-05
Epoch 65: reducing lr to 3.866985848442703e-05
Epoch 72: reducing lr to 2.605441520970649e-05
Epoch 75: reducing lr to 2.108510519004727e-05
Epoch 78: reducing lr to 1.6493619232853155e-05
Epoch 83: reducing lr to 9.874217222277333e-06
Epoch 86: reducing lr to 6.624485000169633e-06
Epoch 89: reducing lr to 3.9806319159098975e-06
Epoch 92: reducing lr to 1.9843400181905916e-06
Epoch 95: reducing lr to 6.670979043753908e-07
Epoch 98: reducing lr to 4.967576361712515e-08
[I 2024-06-21 02:42:10,109] Trial 630 finished with value: 0.9726662635803223 and parameters: {'hidden_size': 134, 'n_layers': 2, 'rnn_dropout': 0.5712512825794698, 'bidirectional': True, 'fc_dropout': 0.1679940449350914, 'learning_rate_model': 0.0009008342784989805}. Best is trial 613 with value: 0.9663827419281006.
Epoch 40: reducing lr to 6.084048809528176e-05
Epoch 65: reducing lr to 2.923670081645879e-05
Epoch 72: reducing lr to 1.969867934067431e-05
Epoch 77: reducing lr to 1.3592075972759982e-05
Epoch 83: reducing lr to 7.465492402582933e-06
Epoch 86: reducing lr to 5.008502580661786e-06
Epoch 89: reducing lr to 3.0095932322269358e-06
Epoch 92: reducing lr to 1.5002784521005848e-06
