[I 2024-06-20 22:47:44,695] Trial 123 finished with value: 1.1096078157424927 and parameters: {'hidden_size': 102, 'n_layers': 3, 'rnn_dropout': 0.47941580452642407, 'bidirectional': True, 'fc_dropout': 0.46348843223778646, 'learning_rate_model': 0.0499823563097424}. Best is trial 115 with value: 0.9733659029006958.
Epoch 10: reducing lr to 0.00013228700995751482
Epoch 13: reducing lr to 0.00018847415260211614
Epoch 16: reducing lr to 0.00024100441803647584
Epoch 19: reducing lr to 0.0002825001513256547
Epoch 22: reducing lr to 0.00030713337193698264
Epoch 25: reducing lr to 0.00031227061288257327
Epoch 28: reducing lr to 0.00031031117654578105
Epoch 35: reducing lr to 0.00029641201022040955
Epoch 38: reducing lr to 0.00028668405510988003
Epoch 41: reducing lr to 0.00027489814581318963
Epoch 44: reducing lr to 0.00026124015322136093
Epoch 47: reducing lr to 0.00024592547809147117
Epoch 50: reducing lr to 0.0002291956371464323
Epoch 53: reducing lr to 0.0002113144835442758
Epoch 56: reducing lr to 0.00019256395858893442
Epoch 59: reducing lr to 0.0001732398524076391
Epoch 62: reducing lr to 0.0001536468468281481
Epoch 65: reducing lr to 0.00013409399297897731
Epoch 68: reducing lr to 0.00011488956497498524
Epoch 71: reducing lr to 9.633654185746244e-05
Epoch 74: reducing lr to 7.872743202537607e-05
Epoch 77: reducing lr to 6.23399935410962e-05
Epoch 80: reducing lr to 4.74326176016789e-05
Epoch 83: reducing lr to 3.4240446352038756e-05
Epoch 86: reducing lr to 2.2971473905440383e-05
Epoch 89: reducing lr to 1.3803485430361177e-05
Epoch 92: reducing lr to 6.881020176846813e-06
Epoch 95: reducing lr to 2.3132699526591528e-06
Epoch 98: reducing lr to 1.7225875032318357e-07
[I 2024-06-20 22:47:56,620] Trial 124 finished with value: 1.0977712869644165 and parameters: {'hidden_size': 27, 'n_layers': 7, 'rnn_dropout': 0.042395634134391624, 'bidirectional': False, 'fc_dropout': 0.08600710094813416, 'learning_rate_model': 0.0031237886599691338}. Best is trial 115 with value: 0.9733659029006958.
[I 2024-06-20 22:48:03,243] Trial 125 finished with value: 1.0782908201217651 and parameters: {'hidden_size': 24, 'n_layers': 2, 'rnn_dropout': 0.04882934489573687, 'bidirectional': True, 'fc_dropout': 0.3028644746004818, 'learning_rate_model': 5.659486653989453e-05}. Best is trial 115 with value: 0.9733659029006958.
Epoch 9: reducing lr to 0.0001379089883739877
Epoch 12: reducing lr to 0.00020515683574762032
Epoch 15: reducing lr to 0.0002711614729143637
Epoch 18: reducing lr to 0.000326652744007199
Epoch 21: reducing lr to 0.00036383706429676756
Epoch 24: reducing lr to 0.00037749200609177487
Epoch 27: reducing lr to 0.00037612937259054555
Epoch 30: reducing lr to 0.00037179614152031053
Epoch 33: reducing lr to 0.00036457626985810583
Epoch 36: reducing lr to 0.0003545836190212405
Epoch 39: reducing lr to 0.000341975776495477
Epoch 42: reducing lr to 0.00032695157716137156
Epoch 45: reducing lr to 0.00030974796169501743
Epoch 48: reducing lr to 0.00029063624891658926
Epoch 51: reducing lr to 0.00026991783580907126
Epoch 54: reducing lr to 0.00024791948076938316
Epoch 57: reducing lr to 0.0002249880434287351
Epoch 60: reducing lr to 0.00020148526794014327
Epoch 63: reducing lr to 0.00017778172077670502
Epoch 66: reducing lr to 0.0001542512908739881
Epoch 69: reducing lr to 0.00013126496386642975
Epoch 72: reducing lr to 0.00010918538400035137
Epoch 75: reducing lr to 8.83606593482644e-05
Epoch 78: reducing lr to 6.911926961322653e-05
Epoch 81: reducing lr to 5.176460606236147e-05
Epoch 84: reducing lr to 3.657041323851893e-05
Epoch 87: reducing lr to 2.3776250501803854e-05
Epoch 90: reducing lr to 1.3583965215713733e-05
Epoch 93: reducing lr to 6.15424473666454e-06
Epoch 96: reducing lr to 1.6042820848537544e-06
Epoch 99: reducing lr to 5.819424091137865e-09
[I 2024-06-20 22:48:32,226] Trial 126 finished with value: 1.0935221910476685 and parameters: {'hidden_size': 154, 'n_layers': 3, 'rnn_dropout': 0.6362409339245143, 'bidirectional': False, 'fc_dropout': 0.022792679593253776, 'learning_rate_model': 0.0037750966900208034}. Best is trial 115 with value: 0.9733659029006958.
Epoch 25: reducing lr to 2.86656473048065e-05
Epoch 28: reducing lr to 2.8485776037292034e-05
Epoch 31: reducing lr to 2.8082784890959484e-05
Epoch 34: reducing lr to 2.7463029812237996e-05
Epoch 37: reducing lr to 2.66362839587246e-05
Epoch 40: reducing lr to 2.5615585473018148e-05
Epoch 43: reducing lr to 2.441703213274509e-05
Epoch 46: reducing lr to 2.3059524421702953e-05
Epoch 49: reducing lr to 2.1564473058690404e-05
Epoch 52: reducing lr to 1.9955454932260514e-05
Epoch 55: reducing lr to 1.8257842626387886e-05
Epoch 58: reducing lr to 1.6498414869757746e-05
Epoch 61: reducing lr to 1.4704911105236482e-05
Epoch 64: reducing lr to 1.2905625247395555e-05
Epoch 67: reducing lr to 1.1128921162872318e-05
Epoch 70: reducing lr to 9.402830401026852e-06
Epoch 73: reducing lr to 7.75456904974789e-06
Epoch 76: reducing lr to 6.210128913945666e-06
Epoch 79: reducing lr to 4.793871287499187e-06
Epoch 82: reducing lr to 3.528127207915512e-06
Epoch 85: reducing lr to 2.4328619446690286e-06
Epoch 88: reducing lr to 1.5253440389721392e-06
Epoch 91: reducing lr to 8.198909651575749e-07
Epoch 94: reducing lr to 3.276245557649166e-07
Epoch 97: reducing lr to 5.630959648444977e-08
[I 2024-06-20 22:48:40,596] Trial 127 finished with value: 1.0929245948791504 and parameters: {'hidden_size': 80, 'n_layers': 2, 'rnn_dropout': 0.34710670096936047, 'bidirectional': False, 'fc_dropout': 0.7835866833438452, 'learning_rate_model': 0.00028675584665119325}. Best is trial 115 with value: 0.9733659029006958.
[I 2024-06-20 22:50:27,910] Trial 128 finished with value: 1.0747781991958618 and parameters: {'hidden_size': 159, 'n_layers': 4, 'rnn_dropout': 0.7113048712859863, 'bidirectional': True, 'fc_dropout': 0.7288153917255746, 'learning_rate_model': 1.4932655812821317e-05}. Best is trial 115 with value: 0.9733659029006958.
[I 2024-06-20 22:52:52,458] Trial 129 finished with value: 1.0728662014007568 and parameters: {'hidden_size': 191, 'n_layers': 4, 'rnn_dropout': 0.30109057334967004, 'bidirectional': True, 'fc_dropout': 0.41336508781408976, 'learning_rate_model': 1.3316445065440956e-05}. Best is trial 115 with value: 0.9733659029006958.
Epoch 18: reducing lr to 0.0005902034060447992
Epoch 24: reducing lr to 0.0006820609097505071
Epoch 27: reducing lr to 0.000679598873388129
Epoch 30: reducing lr to 0.0006717694956046823
Epoch 33: reducing lr to 0.0006587244717240759
Epoch 36: reducing lr to 0.0006406695290746292
Epoch 39: reducing lr to 0.0006178894002127145
Epoch 42: reducing lr to 0.0005907433444003388
Epoch 45: reducing lr to 0.0005596594712940918
Epoch 48: reducing lr to 0.0005251280057420079
Epoch 51: reducing lr to 0.00048769351848225657
Epoch 54: reducing lr to 0.0004479464038169024
Epoch 57: reducing lr to 0.0004065133754029269
Epoch 60: reducing lr to 0.00036404804058067484
Epoch 63: reducing lr to 0.00032121994705363417
Epoch 66: reducing lr to 0.00027870464562400386
Epoch 69: reducing lr to 0.0002371724413452561
Epoch 72: reducing lr to 0.0001972785678662369
Epoch 75: reducing lr to 0.00015965199455529608
Epoch 78: reducing lr to 0.00012488622580851799
Epoch 81: reducing lr to 9.352943568078425e-05
Epoch 84: reducing lr to 6.607623186953545e-05
Epoch 87: reducing lr to 4.295945552757934e-05
Epoch 90: reducing lr to 2.4543808937761874e-05
Epoch 93: reducing lr to 1.1119625571345652e-05
Epoch 96: reducing lr to 2.898652370471062e-06
Epoch 99: reducing lr to 1.051466422012301e-08
[I 2024-06-20 22:53:22,719] Trial 130 finished with value: 1.2248486280441284 and parameters: {'hidden_size': 121, 'n_layers': 2, 'rnn_dropout': 0.5047673602716244, 'bidirectional': True, 'fc_dropout': 0.36146899953669653, 'learning_rate_model': 0.006820928234876919}. Best is trial 115 with value: 0.9733659029006958.
Epoch 8: reducing lr to 0.0002502364211943445
Epoch 11: reducing lr to 0.00039055245021268604
Epoch 14: reducing lr to 0.0005350489778998474
Epoch 17: reducing lr to 0.0006634319656800283
Epoch 20: reducing lr to 0.0007576703668102593
Epoch 23: reducing lr to 0.0008045286768678893
Epoch 26: reducing lr to 0.0008070401610030597
Epoch 29: reducing lr to 0.0007998597188532908
Epoch 32: reducing lr to 0.0007864387979843171
Epoch 35: reducing lr to 0.0007669890541391392
Epoch 38: reducing lr to 0.0007418172161849857
Epoch 41: reducing lr to 0.0007113202622426793
Epoch 44: reducing lr to 0.0006759791476513491
Epoch 47: reducing lr to 0.0006363512385676787
Epoch 50: reducing lr to 0.0005930614782344449
Epoch 53: reducing lr to 0.0005467926071518035
Epoch 56: reducing lr to 0.0004982741702996135
Epoch 61: reducing lr to 0.00041450057308690887
Epoch 64: reducing lr to 0.0003637824821113945
Epoch 69: reducing lr to 0.00028105787425751076
Epoch 72: reducing lr to 0.00023378219917353677
Epoch 75: reducing lr to 0.00018919335634515417
Epoch 78: reducing lr to 0.00014799466983050322
Epoch 81: reducing lr to 0.00011083574560283374
Epoch 84: reducing lr to 7.830271157500775e-05
Epoch 87: reducing lr to 5.090850008271008e-05
Epoch 90: reducing lr to 2.908529644971682e-05
Epoch 93: reducing lr to 1.3177156282978032e-05
Epoch 96: reducing lr to 3.4350073256198684e-06
Epoch 99: reducing lr to 1.2460255320936864e-08
[I 2024-06-20 22:54:05,094] Trial 131 finished with value: 1.0989677906036377 and parameters: {'hidden_size': 159, 'n_layers': 4, 'rnn_dropout': 0.4228267921420521, 'bidirectional': False, 'fc_dropout': 0.11377700245822933, 'learning_rate_model': 0.008083045312026036}. Best is trial 115 with value: 0.9733659029006958.
[I 2024-06-20 22:54:55,362] Trial 132 finished with value: 1.0756254196166992 and parameters: {'hidden_size': 104, 'n_layers': 4, 'rnn_dropout': 0.7087983769322811, 'bidirectional': True, 'fc_dropout': 0.2151136177701167, 'learning_rate_model': 1.941101032854524e-05}. Best is trial 115 with value: 0.9733659029006958.
Epoch 10: reducing lr to 0.00020844897946068955
Epoch 15: reducing lr to 0.0003535608111714274
Epoch 22: reducing lr to 0.00048396012548129665
Epoch 27: reducing lr to 0.0004904258877532783
Epoch 30: reducing lr to 0.0004847758937636477
Epoch 33: reducing lr to 0.000475362079721382
Epoch 36: reducing lr to 0.0004623329067431443
Epoch 39: reducing lr to 0.00044589384929659355
Epoch 42: reducing lr to 0.00042630416331843415
Epoch 46: reducing lr to 0.0003958241443054246
Epoch 49: reducing lr to 0.00037016110739126616
Epoch 52: reducing lr to 0.0003425417943725377
Epoch 55: reducing lr to 0.00031340173380381376
Epoch 58: reducing lr to 0.0002832005911653349
Epoch 61: reducing lr to 0.00025241452290487946
Epoch 64: reducing lr to 0.00022152920315516097
Epoch 67: reducing lr to 0.00019103150679857555
Epoch 70: reducing lr to 0.0001614026043847016
Epoch 73: reducing lr to 0.00013310966880500426
Epoch 76: reducing lr to 0.00010659885774033607
Epoch 79: reducing lr to 8.228834062591548e-05
Epoch 82: reducing lr to 6.056143689414e-05
Epoch 85: reducing lr to 4.176085680915069e-05
Epoch 88: reducing lr to 2.6183020428178354e-05
Epoch 91: reducing lr to 1.407369179746848e-05
Epoch 94: reducing lr to 5.6237807453236e-06
Epoch 97: reducing lr to 9.66572312465549e-07
[I 2024-06-20 22:55:01,181] Trial 133 finished with value: 1.0998613834381104 and parameters: {'hidden_size': 93, 'n_layers': 1, 'rnn_dropout': 0.23292315244194245, 'bidirectional': False, 'fc_dropout': 0.08750633135486768, 'learning_rate_model': 0.004922256224784005}. Best is trial 115 with value: 0.9733659029006958.
Epoch 28: reducing lr to 5.805220625328731e-06
Epoch 31: reducing lr to 5.72309358369743e-06
Epoch 34: reducing lr to 5.59679142640545e-06
Epoch 37: reducing lr to 5.428305861032829e-06
Epoch 40: reducing lr to 5.220293978410861e-06
Epoch 43: reducing lr to 4.976036403598753e-06
Epoch 46: reducing lr to 4.699384935410991e-06
Epoch 49: reducing lr to 4.394702942646458e-06
Epoch 52: reducing lr to 4.066795245771702e-06
Epoch 55: reducing lr to 3.7208326165997952e-06
Epoch 58: reducing lr to 3.3622723903242772e-06
Epoch 61: reducing lr to 2.996767689600199e-06
Epoch 64: reducing lr to 2.6300846349020884e-06
Epoch 67: reducing lr to 2.2680036024921823e-06
Epoch 70: reducing lr to 1.9162372444776906e-06
Epoch 73: reducing lr to 1.5803320270860265e-06
Epoch 76: reducing lr to 1.2655849154325814e-06
Epoch 79: reducing lr to 9.769605868180889e-07
Epoch 82: reducing lr to 7.190099651616044e-07
Epoch 85: reducing lr to 4.958018458503838e-07
Epoch 88: reducing lr to 3.108554481426402e-07
Epoch 91: reducing lr to 1.6708858256915152e-07
Epoch 94: reducing lr to 6.676780811590854e-08
Epoch 97: reducing lr to 1.1475538896589592e-08
[I 2024-06-20 22:55:36,765] Trial 134 finished with value: 1.1069185733795166 and parameters: {'hidden_size': 108, 'n_layers': 6, 'rnn_dropout': 0.11488559829936743, 'bidirectional': False, 'fc_dropout': 0.6375698015839202, 'learning_rate_model': 5.8439024207513246e-05}. Best is trial 115 with value: 0.9733659029006958.
Epoch 9: reducing lr to 0.00015850546406807067
Epoch 15: reducing lr to 0.00031165898327900263
Epoch 18: reducing lr to 0.00037543778247115157
Epoch 21: reducing lr to 0.0004181755185175538
Epoch 27: reducing lr to 0.00043230366240103527
Epoch 30: reducing lr to 0.0004273232705513092
Epoch 33: reducing lr to 0.0004190251231874386
Epoch 36: reducing lr to 0.0004075400867380936
Epoch 39: reducing lr to 0.0003930492841152515
Epoch 42: reducing lr to 0.0003757812458547897
Epoch 46: reducing lr to 0.00034891352908367575
Epoch 49: reducing lr to 0.0003262919156587643
Epoch 52: reducing lr to 0.00030194587180350273
Epoch 55: reducing lr to 0.0002762593099375337
Epoch 58: reducing lr to 0.0002496374188478882
Epoch 61: reducing lr to 0.0002224999238822502
Epoch 64: reducing lr to 0.00019527494009642822
Epoch 67: reducing lr to 0.000168391640990531
Epoch 70: reducing lr to 0.00014227417177388896
Epoch 73: reducing lr to 0.00011733433891308186
Epoch 76: reducing lr to 9.396542425610605e-05
Epoch 79: reducing lr to 7.253603839808592e-05
Epoch 82: reducing lr to 5.3384072136862655e-05
Epoch 85: reducing lr to 3.681161984801923e-05
Epoch 88: reducing lr to 2.307997172758744e-05
Epoch 91: reducing lr to 1.2405765395911983e-05
Epoch 94: reducing lr to 4.957285236065895e-06
Epoch 97: reducing lr to 8.520201748902882e-07
[I 2024-06-20 22:56:07,704] Trial 135 finished with value: 1.0952446460723877 and parameters: {'hidden_size': 158, 'n_layers': 3, 'rnn_dropout': 0.17351319008943628, 'bidirectional': False, 'fc_dropout': 0.3048651930347619, 'learning_rate_model': 0.004338901037624098}. Best is trial 115 with value: 0.9733659029006958.
Epoch 58: reducing lr to 1.1067134688158814e-05
Epoch 61: reducing lr to 9.864052581037081e-06
Epoch 64: reducing lr to 8.65709184641971e-06
Epoch 67: reducing lr to 7.465278962597542e-06
Epoch 70: reducing lr to 6.30741748947222e-06
Epoch 73: reducing lr to 5.201763975489589e-06
Epoch 76: reducing lr to 4.165753720222412e-06
Epoch 79: reducing lr to 3.215728276642e-06
Epoch 82: reducing lr to 2.366667301992268e-06
Epoch 85: reducing lr to 1.6319634966085397e-06
Epoch 88: reducing lr to 1.0232005958359503e-06
Epoch 91: reducing lr to 5.499827597156694e-07
Epoch 94: reducing lr to 2.1977051216265126e-07
Epoch 97: reducing lr to 3.777247047361085e-08
[I 2024-06-20 22:56:12,994] Trial 136 finished with value: 1.0921385288238525 and parameters: {'hidden_size': 29, 'n_layers': 2, 'rnn_dropout': 0.013260706320747318, 'bidirectional': False, 'fc_dropout': 0.3221254817399354, 'learning_rate_model': 0.00019235578705946124}. Best is trial 115 with value: 0.9733659029006958.
Epoch 58: reducing lr to 1.0996733623924407e-06
Epoch 65: reducing lr to 8.204676189851584e-07
Epoch 68: reducing lr to 7.029633895385975e-07
Epoch 71: reducing lr to 5.89444846581964e-07
Epoch 74: reducing lr to 4.817017322528599e-07
Epoch 77: reducing lr to 3.8143353726689374e-07
Epoch 80: reducing lr to 2.902212542211655e-07
Epoch 83: reducing lr to 2.095036240426563e-07
Epoch 86: reducing lr to 1.4055327968890572e-07
Epoch 89: reducing lr to 8.445801764229841e-08
Epoch 92: reducing lr to 4.210221588055368e-08
Epoch 95: reducing lr to 1.4153975491099774e-08
Epoch 98: reducing lr to 1.0539825355872516e-09
[I 2024-06-20 22:57:01,826] Trial 137 finished with value: 1.1068862676620483 and parameters: {'hidden_size': 119, 'n_layers': 7, 'rnn_dropout': 0.6675892112144237, 'bidirectional': False, 'fc_dropout': 0.03178296534646785, 'learning_rate_model': 1.9113215939952844e-05}. Best is trial 115 with value: 0.9733659029006958.
Epoch 18: reducing lr to 5.2929575942945504e-05
Epoch 23: reducing lr to 6.0884493678750056e-05
Epoch 26: reducing lr to 6.107455581618356e-05
Epoch 29: reducing lr to 6.0531159915890467e-05
Epoch 32: reducing lr to 5.9515501934634666e-05
Epoch 35: reducing lr to 5.8043599390644316e-05
Epoch 38: reducing lr to 5.613866467188619e-05
Epoch 41: reducing lr to 5.383073997894651e-05
Epoch 44: reducing lr to 5.11562226748366e-05
Epoch 47: reducing lr to 4.81572926808185e-05
Epoch 50: reducing lr to 4.4881243964165756e-05
Epoch 53: reducing lr to 4.1379744427914214e-05
Epoch 56: reducing lr to 3.7708004008007385e-05
Epoch 59: reducing lr to 3.392394452629025e-05
Epoch 62: reducing lr to 3.008722898339107e-05
Epoch 65: reducing lr to 2.6258375979353985e-05
Epoch 68: reducing lr to 2.2497751958885622e-05
Epoch 71: reducing lr to 1.8864686481821808e-05
Epoch 74: reducing lr to 1.5416458739769607e-05
Epoch 77: reducing lr to 1.2207459503493464e-05
Epoch 80: reducing lr to 9.288287111153986e-06
Epoch 83: reducing lr to 6.704987255869762e-06
Epoch 86: reducing lr to 4.498289484925236e-06
Epoch 89: reducing lr to 2.703007809699441e-06
Epoch 92: reducing lr to 1.347446003442459e-06
Epoch 95: reducing lr to 4.529860794598656e-07
Epoch 98: reducing lr to 3.373182445561354e-08
[I 2024-06-20 22:57:19,727] Trial 138 finished with value: 1.0921627283096313 and parameters: {'hidden_size': 103, 'n_layers': 3, 'rnn_dropout': 0.7498016497027592, 'bidirectional': False, 'fc_dropout': 0.7162082925849766, 'learning_rate_model': 0.0006117023983794077}. Best is trial 115 with value: 0.9733659029006958.
Epoch 11: reducing lr to 0.00023432630142562402
Epoch 15: reducing lr to 0.0003483506210019933
Epoch 18: reducing lr to 0.0004196381034663031
Epoch 21: reducing lr to 0.00046740735669092704
Epoch 27: reducing lr to 0.00048319880811528856
Epoch 30: reducing lr to 0.0004776320743236551
Epoch 33: reducing lr to 0.0004683569853884435
Epoch 36: reducing lr to 0.00045551981465372977
Epoch 39: reducing lr to 0.00043932300864680835
Epoch 46: reducing lr to 0.0003899911475469551
Epoch 49: reducing lr to 0.00036470628971380103
Epoch 52: reducing lr to 0.00033749398411396584
Epoch 55: reducing lr to 0.0003087833412078184
Epoch 58: reducing lr to 0.0002790272526915974
Epoch 61: reducing lr to 0.00024869485821267534
Epoch 64: reducing lr to 0.0002182646748475767
Epoch 67: reducing lr to 0.0001882164027278602
Epoch 70: reducing lr to 0.00015902412171321997
Epoch 73: reducing lr to 0.00013114812027940093
Epoch 76: reducing lr to 0.00010502798137869574
Epoch 79: reducing lr to 8.107571216189637e-05
Epoch 82: reducing lr to 5.966898333825193e-05
Epoch 85: reducing lr to 4.114545487901803e-05
Epoch 88: reducing lr to 2.5797178696485967e-05
Epoch 91: reducing lr to 1.3866297175853421e-05
Epoch 94: reducing lr to 5.5409068344474365e-06
Epoch 97: reducing lr to 9.523285801249851e-07
[I 2024-06-20 22:57:42,982] Trial 139 finished with value: 1.0966203212738037 and parameters: {'hidden_size': 178, 'n_layers': 2, 'rnn_dropout': 0.21904776332648687, 'bidirectional': False, 'fc_dropout': 0.176102939221585, 'learning_rate_model': 0.004849720213485595}. Best is trial 115 with value: 0.9733659029006958.
Epoch 19: reducing lr to 0.00011469511484826889
Epoch 24: reducing lr to 0.00012681994472858098
Epoch 29: reducing lr to 0.00012550085732213658
Epoch 32: reducing lr to 0.00012339506672485095
Epoch 35: reducing lr to 0.0001203433321897437
Epoch 40: reducing lr to 0.00011329216728393226
Epoch 45: reducing lr to 0.00010406106287824947
Epoch 48: reducing lr to 9.764040676072757e-05
Epoch 51: reducing lr to 9.06799732607913e-05
Epoch 54: reducing lr to 8.328953816486321e-05
Epoch 58: reducing lr to 7.296890322156195e-05
Epoch 63: reducing lr to 5.9726478014934056e-05
Epoch 66: reducing lr to 5.182133625949031e-05
Epoch 69: reducing lr to 4.4098988041332504e-05
Epoch 72: reducing lr to 3.6681265141087596e-05
Epoch 75: reducing lr to 2.9685115853826876e-05
Epoch 78: reducing lr to 2.3220894245633846e-05
Epoch 81: reducing lr to 1.7390525822497636e-05
Epoch 84: reducing lr to 1.2285976155168664e-05
Epoch 87: reducing lr to 7.987726165937896e-06
Epoch 90: reducing lr to 4.563587281456133e-06
Epoch 93: reducing lr to 2.067543059866019e-06
Epoch 96: reducing lr to 5.389649636202863e-07
Epoch 99: reducing lr to 1.955058728862584e-09
[I 2024-06-20 22:57:46,804] Trial 140 finished with value: 1.0921127796173096 and parameters: {'hidden_size': 42, 'n_layers': 1, 'rnn_dropout': 0.6961533969643021, 'bidirectional': False, 'fc_dropout': 0.45723367418026584, 'learning_rate_model': 0.0012682587865373047}. Best is trial 115 with value: 0.9733659029006958.
Epoch 32: reducing lr to 2.2169546711493985e-05
Epoch 35: reducing lr to 2.1621262463810084e-05
Epoch 38: reducing lr to 2.0911673569201795e-05
Epoch 41: reducing lr to 2.005197075861421e-05
Epoch 49: reducing lr to 1.7135369150442058e-05
Epoch 62: reducing lr to 1.1207504039859837e-05
Epoch 65: reducing lr to 9.781254865020122e-06
Epoch 68: reducing lr to 8.380421012056809e-06
Epoch 74: reducing lr to 5.742636641668775e-06
Epoch 83: reducing lr to 2.4976102584539023e-06
Epoch 86: reducing lr to 1.6756145141378368e-06
Epoch 89: reducing lr to 1.0068714192224959e-06
Epoch 92: reducing lr to 5.019241398206126e-07
Epoch 95: reducing lr to 1.68737483878932e-07
Epoch 98: reducing lr to 1.2565117215240308e-08
