[I 2024-06-21 03:59:52,300] Trial 758 finished with value: 0.9716024994850159 and parameters: {'hidden_size': 139, 'n_layers': 2, 'rnn_dropout': 0.5757140500631366, 'bidirectional': True, 'fc_dropout': 0.16298175885057004, 'learning_rate_model': 0.0005320693166821158}. Best is trial 690 with value: 0.966281533241272.
Epoch 28: reducing lr to 0.00010591794888000094
Epoch 36: reducing lr to 0.00010014848336894627
Epoch 40: reducing lr to 9.5245791061143e-05
Epoch 49: reducing lr to 8.018264105090042e-05
Epoch 52: reducing lr to 7.419986917770005e-05
Epoch 55: reducing lr to 6.788767978197906e-05
Epoch 65: reducing lr to 4.5770058466995375e-05
Epoch 68: reducing lr to 3.9215046023554125e-05
Epoch 71: reducing lr to 3.288237642394226e-05
Epoch 74: reducing lr to 2.6871891027383953e-05
Epoch 77: reducing lr to 2.1278396487569846e-05
Epoch 80: reducing lr to 1.619008900131593e-05
Epoch 83: reducing lr to 1.1687229208802278e-05
Epoch 86: reducing lr to 7.84081136199666e-06
Epoch 89: reducing lr to 4.711518548746602e-06
Epoch 92: reducing lr to 2.348686088095146e-06
Epoch 95: reducing lr to 7.895842209706656e-07
Epoch 98: reducing lr to 5.8796765601415443e-08
[I 2024-06-21 04:00:27,970] Trial 759 finished with value: 0.9752142429351807 and parameters: {'hidden_size': 134, 'n_layers': 2, 'rnn_dropout': 0.5591157327260702, 'bidirectional': True, 'fc_dropout': 0.2976895389670301, 'learning_rate_model': 0.001066237095555351}. Best is trial 690 with value: 0.966281533241272.
Epoch 36: reducing lr to 7.452284169189255e-05
Epoch 40: reducing lr to 7.087463304780866e-05
Epoch 47: reducing lr to 6.246269216855935e-05
Epoch 53: reducing lr to 5.367183440617232e-05
Epoch 65: reducing lr to 3.4058576891262325e-05
Epoch 68: reducing lr to 2.9180837976222194e-05
Epoch 72: reducing lr to 2.2947492919686366e-05
Epoch 79: reducing lr to 1.326395091526668e-05
Epoch 85: reducing lr to 6.731378354245341e-06
Epoch 88: reducing lr to 4.220407109089392e-06
Epoch 91: reducing lr to 2.268520130291991e-06
Epoch 94: reducing lr to 9.064899255083842e-07
Epoch 97: reducing lr to 1.5580053761057303e-07
[I 2024-06-21 04:01:07,696] Trial 760 finished with value: 0.9677417278289795 and parameters: {'hidden_size': 143, 'n_layers': 2, 'rnn_dropout': 0.5939039157503084, 'bidirectional': True, 'fc_dropout': 0.230374447276961, 'learning_rate_model': 0.0007934120977685533}. Best is trial 690 with value: 0.966281533241272.
Epoch 40: reducing lr to 5.584746404554558e-05
Epoch 47: reducing lr to 4.9219061955756475e-05
Epoch 50: reducing lr to 4.587078310163325e-05
Epoch 53: reducing lr to 4.229208270094686e-05
Epoch 56: reducing lr to 3.853938795519693e-05
Epoch 65: reducing lr to 2.683731917305542e-05
Epoch 72: reducing lr to 1.808205885035225e-05
Epoch 75: reducing lr to 1.4633301490116132e-05
Epoch 78: reducing lr to 1.1446758302701983e-05
Epoch 86: reducing lr to 4.597467517970539e-06
Epoch 89: reducing lr to 2.7626035735493447e-06
Epoch 92: reducing lr to 1.37715441698589e-06
Epoch 95: reducing lr to 4.629734910100358e-07
Epoch 98: reducing lr to 3.447554182012952e-08
[I 2024-06-21 04:01:43,434] Trial 761 finished with value: 0.9740046262741089 and parameters: {'hidden_size': 137, 'n_layers': 2, 'rnn_dropout': 0.610647278811752, 'bidirectional': True, 'fc_dropout': 0.17985096610132106, 'learning_rate_model': 0.000625189178384045}. Best is trial 690 with value: 0.966281533241272.
Epoch 35: reducing lr to 8.48515351700169e-05
Epoch 40: reducing lr to 7.98799081084385e-05
Epoch 53: reducing lr to 6.0491335418757846e-05
Epoch 63: reducing lr to 4.2111874897023424e-05
Epoch 66: reducing lr to 3.6538126842345826e-05
Epoch 72: reducing lr to 2.5863183298700202e-05
Epoch 75: reducing lr to 2.093034658476646e-05
Epoch 78: reducing lr to 1.6372560813390584e-05
Epoch 81: reducing lr to 1.2261691500499319e-05
Epoch 84: reducing lr to 8.66258162259139e-06
Epoch 87: reducing lr to 5.631976573732499e-06
Epoch 90: reducing lr to 3.217688754898198e-06
Epoch 93: reducing lr to 1.4577808297940617e-06
Epoch 96: reducing lr to 3.800127828763292e-07
Epoch 99: reducing lr to 1.3784705099498078e-09
[I 2024-06-21 04:02:16,552] Trial 762 finished with value: 0.9692518711090088 and parameters: {'hidden_size': 130, 'n_layers': 2, 'rnn_dropout': 0.6387222072607831, 'bidirectional': True, 'fc_dropout': 0.2019004326455112, 'learning_rate_model': 0.0008942224140917088}. Best is trial 690 with value: 0.966281533241272.
Epoch 35: reducing lr to 6.94713719893106e-05
Epoch 40: reducing lr to 6.540090052058599e-05
Epoch 49: reducing lr to 5.505772877125245e-05
Epoch 52: reducing lr to 5.094963471526046e-05
Epoch 65: reducing lr to 3.142819233555166e-05
Epoch 68: reducing lr to 2.6927167020433025e-05
Epoch 72: reducing lr to 2.1175230644579143e-05
Epoch 79: reducing lr to 1.223956015030278e-05
Epoch 82: reducing lr to 9.007902504977104e-06
Epoch 85: reducing lr to 6.2115059673813265e-06
Epoch 88: reducing lr to 3.894460029327273e-06
Epoch 91: reducing lr to 2.093319612252436e-06
Epoch 94: reducing lr to 8.364806263066798e-07
Epoch 97: reducing lr to 1.4376787608126042e-07
[I 2024-06-21 04:02:51,765] Trial 763 finished with value: 0.9708982110023499 and parameters: {'hidden_size': 133, 'n_layers': 2, 'rnn_dropout': 0.5483575973350129, 'bidirectional': True, 'fc_dropout': 0.15606939274675127, 'learning_rate_model': 0.0007321359342063637}. Best is trial 690 with value: 0.966281533241272.
Epoch 40: reducing lr to 9.813591547648274e-05
Epoch 45: reducing lr to 9.013975030965086e-05
Epoch 52: reducing lr to 7.645137920387878e-05
Epoch 62: reducing lr to 5.40353515230244e-05
Epoch 65: reducing lr to 4.715889845659737e-05
Epoch 68: reducing lr to 4.0404981670039434e-05
Epoch 71: reducing lr to 3.388015446618899e-05
Epoch 74: reducing lr to 2.7687287775936708e-05
Epoch 77: reducing lr to 2.1924065052268174e-05
Epoch 80: reducing lr to 1.6681358704553407e-05
Epoch 83: reducing lr to 1.2041864790151451e-05
Epoch 86: reducing lr to 8.078731800274407e-06
Epoch 89: reducing lr to 4.854484181551484e-06
Epoch 92: reducing lr to 2.4199542767630893e-06
Epoch 95: reducing lr to 8.135432496014306e-07
Epoch 98: reducing lr to 6.05808860954871e-08
[I 2024-06-21 04:03:28,770] Trial 764 finished with value: 0.9717075824737549 and parameters: {'hidden_size': 139, 'n_layers': 2, 'rnn_dropout': 0.5819562487371931, 'bidirectional': True, 'fc_dropout': 0.19012615398212915, 'learning_rate_model': 0.0010985908387294433}. Best is trial 690 with value: 0.966281533241272.
Epoch 40: reducing lr to 8.351753252612844e-05
Epoch 43: reducing lr to 7.960974686626153e-05
Epoch 49: reducing lr to 7.030921006998136e-05
Epoch 52: reducing lr to 6.506313736745473e-05
Epoch 55: reducing lr to 5.952821055027087e-05
Epoch 58: reducing lr to 5.379173948477399e-05
Epoch 61: reducing lr to 4.794416636773879e-05
Epoch 64: reducing lr to 4.207774120582634e-05
Epoch 67: reducing lr to 3.628494207871777e-05
Epoch 70: reducing lr to 3.0657163572646674e-05
Epoch 73: reducing lr to 2.5283141528059713e-05
Epoch 76: reducing lr to 2.024762011035141e-05
Epoch 79: reducing lr to 1.5630027336346214e-05
Epoch 82: reducing lr to 1.150317173713556e-05
Epoch 85: reducing lr to 7.932148449603069e-06
Epoch 88: reducing lr to 4.9732601475214935e-06
Epoch 91: reducing lr to 2.6731877911810414e-06
Epoch 94: reducing lr to 1.0681932107808597e-06
Epoch 97: reducing lr to 1.8359285837432626e-07
[I 2024-06-21 04:04:02,174] Trial 765 finished with value: 0.9754592180252075 and parameters: {'hidden_size': 127, 'n_layers': 2, 'rnn_dropout': 0.6238614656979174, 'bidirectional': True, 'fc_dropout': 0.2144076624128607, 'learning_rate_model': 0.0009349441095139149}. Best is trial 690 with value: 0.966281533241272.
Epoch 40: reducing lr to 4.809395716270326e-05
Epoch 61: reducing lr to 2.760886982347295e-05
Epoch 64: reducing lr to 2.423066177659423e-05
Epoch 67: reducing lr to 2.0894851622191685e-05
Epoch 72: reducing lr to 1.557166074816038e-05
Epoch 79: reducing lr to 9.000623491013015e-06
Epoch 86: reducing lr to 3.959184354116265e-06
Epoch 89: reducing lr to 2.37906125541272e-06
Epoch 92: reducing lr to 1.1859590523739956e-06
Epoch 95: reducing lr to 3.98697194664815e-07
Epoch 98: reducing lr to 2.9689176756636514e-08
[I 2024-06-21 04:04:38,613] Trial 766 finished with value: 0.9716856479644775 and parameters: {'hidden_size': 135, 'n_layers': 2, 'rnn_dropout': 0.6008051551148204, 'bidirectional': True, 'fc_dropout': 0.2513939446814501, 'learning_rate_model': 0.0005383918872174131}. Best is trial 690 with value: 0.966281533241272.
Epoch 40: reducing lr to 5.904575220492499e-05
Epoch 47: reducing lr to 5.2037752934105624e-05
Epoch 53: reducing lr to 4.471407749783902e-05
Epoch 65: reducing lr to 2.8374246258422606e-05
Epoch 72: reducing lr to 1.91175872437475e-05
Epoch 75: reducing lr to 1.5471325484371255e-05
Epoch 79: reducing lr to 1.1050215363694774e-05
Epoch 85: reducing lr to 5.6079203688329336e-06
Epoch 88: reducing lr to 3.5160268441756787e-06
Epoch 91: reducing lr to 1.8899071744717329e-06
Epoch 94: reducing lr to 7.551979772752251e-07
Epoch 97: reducing lr to 1.2979763762505048e-07
[I 2024-06-21 04:05:18,403] Trial 767 finished with value: 0.9690622091293335 and parameters: {'hidden_size': 143, 'n_layers': 2, 'rnn_dropout': 0.562340767204528, 'bidirectional': True, 'fc_dropout': 0.1677439954330177, 'learning_rate_model': 0.0006609926867576239}. Best is trial 690 with value: 0.966281533241272.
Epoch 36: reducing lr to 7.633353110049314e-05
Epoch 40: reducing lr to 7.259668154306994e-05
Epoch 45: reducing lr to 6.668146637068595e-05
Epoch 48: reducing lr to 6.25671631612406e-05
Epoch 51: reducing lr to 5.810697508018643e-05
Epoch 54: reducing lr to 5.337124554136322e-05
Epoch 57: reducing lr to 4.843464528257769e-05
Epoch 60: reducing lr to 4.337504932984175e-05
Epoch 65: reducing lr to 3.4886101755437305e-05
Epoch 68: reducing lr to 2.988984789932854e-05
Epoch 71: reducing lr to 2.506306455154388e-05
Epoch 74: reducing lr to 2.0481851152065606e-05
Epoch 77: reducing lr to 1.6218469670367274e-05
Epoch 80: reducing lr to 1.2340143562123166e-05
Epoch 83: reducing lr to 8.908047773445644e-06
Epoch 86: reducing lr to 5.976294376312623e-06
Epoch 89: reducing lr to 3.59113623664537e-06
Epoch 92: reducing lr to 1.790176910522229e-06
Epoch 95: reducing lr to 6.018239084648125e-07
Epoch 98: reducing lr to 4.481510437966173e-08
[I 2024-06-21 04:06:17,690] Trial 768 finished with value: 0.9769010543823242 and parameters: {'hidden_size': 139, 'n_layers': 3, 'rnn_dropout': 0.5772057201620554, 'bidirectional': True, 'fc_dropout': 0.23667596198177818, 'learning_rate_model': 0.0008126897158715325}. Best is trial 690 with value: 0.966281533241272.
Epoch 36: reducing lr to 0.00010485237278412045
Epoch 40: reducing lr to 9.971940517232107e-05
Epoch 45: reducing lr to 9.159421644580237e-05
Epoch 52: reducing lr to 7.768497416872099e-05
Epoch 55: reducing lr to 7.107630658495074e-05
Epoch 60: reducing lr to 5.958032828161411e-05
Epoch 63: reducing lr to 5.257105591210307e-05
Epoch 66: reducing lr to 4.561297529140046e-05
Epoch 69: reducing lr to 3.8815788960607695e-05
Epoch 72: reducing lr to 3.228673286539048e-05
Epoch 75: reducing lr to 2.6128744522966544e-05
Epoch 78: reducing lr to 2.0438957231179985e-05
Epoch 81: reducing lr to 1.5307085496097707e-05
Epoch 84: reducing lr to 1.0814077120479778e-05
Epoch 87: reducing lr to 7.030771156053979e-06
Epoch 90: reducing lr to 4.016855004797107e-06
Epoch 93: reducing lr to 1.8198448228224587e-06
Epoch 96: reducing lr to 4.7439524610947813e-07
Epoch 99: reducing lr to 1.7208364725806309e-09
[I 2024-06-21 04:06:52,930] Trial 769 finished with value: 0.9749029278755188 and parameters: {'hidden_size': 133, 'n_layers': 2, 'rnn_dropout': 0.5914724807143126, 'bidirectional': True, 'fc_dropout': 0.21288163562136087, 'learning_rate_model': 0.0011163173485869615}. Best is trial 690 with value: 0.966281533241272.
Epoch 36: reducing lr to 8.4851804276836e-05
Epoch 40: reducing lr to 8.069794917951292e-05
Epoch 49: reducing lr to 6.793554466308023e-05
Epoch 52: reducing lr to 6.28665813504e-05
Epoch 55: reducing lr to 5.751851574674139e-05
Epoch 65: reducing lr to 3.877913985450397e-05
Epoch 72: reducing lr to 2.6128045222906997e-05
Epoch 75: reducing lr to 2.1144691888155116e-05
Epoch 78: reducing lr to 1.654023035008854e-05
Epoch 83: reducing lr to 9.90212184951879e-06
Epoch 86: reducing lr to 6.643205854738174e-06
Epoch 89: reducing lr to 3.991881217732876e-06
Epoch 92: reducing lr to 1.9899477810422176e-06
Epoch 95: reducing lr to 6.689831290910609e-07
Epoch 98: reducing lr to 4.981614777473326e-08
[I 2024-06-21 04:07:28,716] Trial 770 finished with value: 0.9722888469696045 and parameters: {'hidden_size': 137, 'n_layers': 2, 'rnn_dropout': 0.614693411719217, 'bidirectional': True, 'fc_dropout': 0.18382857655029383, 'learning_rate_model': 0.0009033800443234474}. Best is trial 690 with value: 0.966281533241272.
Epoch 40: reducing lr to 6.0410719181825725e-05
Epoch 43: reducing lr to 5.7584101404928043e-05
Epoch 61: reducing lr to 3.467944374364846e-05
Epoch 65: reducing lr to 2.9030176747762115e-05
Epoch 72: reducing lr to 1.9559530555353876e-05
Epoch 75: reducing lr to 1.5828977772409816e-05
Epoch 78: reducing lr to 1.2382064489137996e-05
Epoch 81: reducing lr to 9.273140386256804e-06
Epoch 87: reducing lr to 4.25929076899417e-06
Epoch 90: reducing lr to 2.433439101141616e-06
Epoch 93: reducing lr to 1.102474832817622e-06
[I 2024-06-21 04:08:02,627] Trial 771 finished with value: 0.9694904088973999 and parameters: {'hidden_size': 131, 'n_layers': 2, 'rnn_dropout': 0.5441762796782751, 'bidirectional': True, 'fc_dropout': 0.1585500859698017, 'learning_rate_model': 0.0006762729254827694}. Best is trial 690 with value: 0.966281533241272.
Epoch 36: reducing lr to 7.27274160080486e-05
Epoch 40: reducing lr to 6.916710105334776e-05
Epoch 49: reducing lr to 5.8228303576498045e-05
Epoch 53: reducing lr to 5.237875717234557e-05
Epoch 56: reducing lr to 4.773104359863755e-05
Epoch 63: reducing lr to 3.6464192004255135e-05
Epoch 66: reducing lr to 3.163794715654656e-05
Epoch 72: reducing lr to 2.239463533626018e-05
Epoch 75: reducing lr to 1.8123348306120544e-05
Epoch 79: reducing lr to 1.294439200417505e-05
Epoch 82: reducing lr to 9.52663492216504e-06
Epoch 85: reducing lr to 6.569204055594056e-06
Epoch 88: reducing lr to 4.118727850114482e-06
Epoch 91: reducing lr to 2.2138662924380535e-06
Epoch 94: reducing lr to 8.846505101364885e-07
Epoch 97: reducing lr to 1.5204694635677102e-07
[I 2024-06-21 04:08:41,015] Trial 772 finished with value: 0.9717836380004883 and parameters: {'hidden_size': 141, 'n_layers': 2, 'rnn_dropout': 0.6392893505336023, 'bidirectional': True, 'fc_dropout': 0.26800078828367835, 'learning_rate_model': 0.0007742969858664109}. Best is trial 690 with value: 0.966281533241272.
Epoch 30: reducing lr to 0.00010696849337471406
Epoch 40: reducing lr to 9.702219264373009e-05
Epoch 43: reducing lr to 9.248252388635393e-05
Epoch 49: reducing lr to 8.167810419811071e-05
Epoch 52: reducing lr to 7.558374938454727e-05
Epoch 55: reducing lr to 6.915383317793812e-05
Epoch 58: reducing lr to 6.248978331945241e-05
Epoch 61: reducing lr to 5.569666637383632e-05
Epoch 64: reducing lr to 4.8881649035877616e-05
Epoch 67: reducing lr to 4.215216295245043e-05
Epoch 70: reducing lr to 3.561438107771111e-05
Epoch 73: reducing lr to 2.9371387704811242e-05
Epoch 76: reducing lr to 2.3521630003963474e-05
Epoch 79: reducing lr to 1.815737938353633e-05
Epoch 82: reducing lr to 1.3363217405221086e-05
Epoch 85: reducing lr to 9.214764992192346e-06
Epoch 88: reducing lr to 5.777428876377073e-06
Epoch 91: reducing lr to 3.1054382595378315e-06
Epoch 94: reducing lr to 1.2409184555911252e-06
Epoch 97: reducing lr to 2.132795490292303e-07
[I 2024-06-21 04:09:14,405] Trial 773 finished with value: 0.9774060249328613 and parameters: {'hidden_size': 127, 'n_layers': 2, 'rnn_dropout': 0.5710100878270407, 'bidirectional': True, 'fc_dropout': 0.1964762848774839, 'learning_rate_model': 0.0010861231739096343}. Best is trial 690 with value: 0.966281533241272.
Epoch 40: reducing lr to 5.1887601121875014e-05
Epoch 61: reducing lr to 2.97866532375315e-05
Epoch 65: reducing lr to 2.493441978486786e-05
Epoch 72: reducing lr to 1.6799950957919655e-05
Epoch 79: reducing lr to 9.710591290500734e-06
Epoch 86: reducing lr to 4.2714842082835654e-06
Epoch 89: reducing lr to 2.5667212420834663e-06
Epoch 92: reducing lr to 1.279507320395344e-06
[I 2024-06-21 04:09:50,891] Trial 774 finished with value: 0.9706563949584961 and parameters: {'hidden_size': 135, 'n_layers': 2, 'rnn_dropout': 0.6000356035615291, 'bidirectional': True, 'fc_dropout': 0.22693111552559078, 'learning_rate_model': 0.0005808601566446864}. Best is trial 690 with value: 0.966281533241272.
Epoch 31: reducing lr to 9.331687278478952e-05
Epoch 36: reducing lr to 8.94999666040858e-05
Epoch 40: reducing lr to 8.511856427967914e-05
Epoch 47: reducing lr to 7.501604523080796e-05
Epoch 52: reducing lr to 6.631039822107656e-05
Epoch 58: reducing lr to 5.482292755258369e-05
Epoch 61: reducing lr to 4.886325641303262e-05
Epoch 65: reducing lr to 4.0903452218761655e-05
Epoch 68: reducing lr to 3.504541647980735e-05
Epoch 71: reducing lr to 2.9386082472801164e-05
Epoch 74: reducing lr to 2.4014675695880206e-05
Epoch 78: reducing lr to 1.7446300365364622e-05
Epoch 84: reducing lr to 9.230688018187878e-06
Epoch 87: reducing lr to 6.001330889891885e-06
Epoch 90: reducing lr to 3.428710092455282e-06
Epoch 93: reducing lr to 1.553384501870776e-06
Epoch 96: reducing lr to 4.0493464817770813e-07
Epoch 99: reducing lr to 1.4688728803917938e-09
[I 2024-06-21 04:10:30,673] Trial 775 finished with value: 0.9680190682411194 and parameters: {'hidden_size': 143, 'n_layers': 2, 'rnn_dropout': 0.629653424080862, 'bidirectional': True, 'fc_dropout': 0.1679929718984806, 'learning_rate_model': 0.0009528669954260278}. Best is trial 690 with value: 0.966281533241272.
Epoch 40: reducing lr to 6.366414993694923e-05
Epoch 43: reducing lr to 6.0685304122827574e-05
Epoch 49: reducing lr to 5.3595645805787934e-05
Epoch 65: reducing lr to 3.0593602430107816e-05
Epoch 72: reducing lr to 2.0612912788282346e-05
Epoch 75: reducing lr to 1.6681450376682625e-05
Epoch 78: reducing lr to 1.3048902923880606e-05
Epoch 81: reducing lr to 9.772547122972203e-06
Epoch 84: reducing lr to 6.904062715158016e-06
Epoch 87: reducing lr to 4.488675682309828e-06
Epoch 90: reducing lr to 2.5644924261077625e-06
Epoch 93: reducing lr to 1.1618488243280138e-06
Epoch 96: reducing lr to 3.0286953703242275e-07
Epoch 99: reducing lr to 1.0986386352637538e-09
[I 2024-06-21 04:11:04,588] Trial 776 finished with value: 0.9699015021324158 and parameters: {'hidden_size': 131, 'n_layers': 2, 'rnn_dropout': 0.6126781569728774, 'bidirectional': True, 'fc_dropout': 0.149935749268562, 'learning_rate_model': 0.0007126937323266798}. Best is trial 690 with value: 0.966281533241272.
Epoch 35: reducing lr to 7.840240412176165e-05
Epoch 40: reducing lr to 7.380864499597164e-05
Epoch 43: reducing lr to 7.035513822002337e-05
Epoch 52: reducing lr to 5.749956761206073e-05
Epoch 55: reducing lr to 5.260807433907162e-05
Epoch 65: reducing lr to 3.546850689356632e-05
Epoch 72: reducing lr to 2.3897455064271e-05
Epoch 75: reducing lr to 1.933953803027069e-05
Epoch 78: reducing lr to 1.5128166235619926e-05
Epoch 81: reducing lr to 1.1329743066077347e-05
Epoch 84: reducing lr to 8.004183115264898e-06
Epoch 87: reducing lr to 5.203918850181261e-06
Epoch 90: reducing lr to 2.973128695834366e-06
Epoch 93: reducing lr to 1.3469823676078517e-06
Epoch 96: reducing lr to 3.5112995557247224e-07
Epoch 99: reducing lr to 1.273700019380989e-09
[I 2024-06-21 04:11:40,729] Trial 777 finished with value: 0.9727382659912109 and parameters: {'hidden_size': 138, 'n_layers': 2, 'rnn_dropout': 0.5852072507661816, 'bidirectional': True, 'fc_dropout': 0.24125259038977936, 'learning_rate_model': 0.0008262571436554185}. Best is trial 690 with value: 0.966281533241272.
Epoch 27: reducing lr to 0.0001136171077404632
Epoch 30: reducing lr to 0.00011230817199322188
Epoch 36: reducing lr to 0.0001071087986770866
Epoch 40: reducing lr to 0.00010186536946370892
Epoch 49: reducing lr to 8.575533117240411e-05
Epoch 52: reducing lr to 7.935675691005783e-05
Epoch 55: reducing lr to 7.260587062147365e-05
Epoch 65: reducing lr to 4.895107557165468e-05
Epoch 68: reducing lr to 4.194049004392564e-05
Epoch 71: reducing lr to 3.5167700178156655e-05
Epoch 74: reducing lr to 2.8739486303765097e-05
Epoch 77: reducing lr to 2.2757244132815718e-05
Epoch 80: reducing lr to 1.731529949402875e-05
Epoch 83: reducing lr to 1.2499491138641882e-05
Epoch 86: reducing lr to 8.385747416096386e-06
Epoch 89: reducing lr to 5.038968886248124e-06
Epoch 92: reducing lr to 2.5119196707022945e-06
Epoch 95: reducing lr to 8.444602905366937e-07
Epoch 98: reducing lr to 6.288313829441728e-08
[I 2024-06-21 04:12:16,395] Trial 778 finished with value: 0.9777870178222656 and parameters: {'hidden_size': 134, 'n_layers': 2, 'rnn_dropout': 0.5590806458113388, 'bidirectional': True, 'fc_dropout': 0.1778925112390838, 'learning_rate_model': 0.0011403405280652654}. Best is trial 690 with value: 0.966281533241272.
Epoch 36: reducing lr to 9.282396437335257e-05
Epoch 40: reducing lr to 8.82798382837292e-05
Epoch 45: reducing lr to 8.1086751385925e-05
Epoch 52: reducing lr to 6.877314345025732e-05
Epoch 61: reducing lr to 5.067802083673931e-05
Epoch 65: reducing lr to 4.2422592270868296e-05
Epoch 72: reducing lr to 2.858287763691734e-05
Epoch 75: reducing lr to 2.313131869427367e-05
Epoch 78: reducing lr to 1.809424991994894e-05
Epoch 81: reducing lr to 1.3551093990739143e-05
Epoch 84: reducing lr to 9.573512574949805e-06
Epoch 87: reducing lr to 6.22421824111153e-06
Epoch 90: reducing lr to 3.5560511980581322e-06
Epoch 93: reducing lr to 1.6110766643927113e-06
Epoch 96: reducing lr to 4.1997378079766927e-07
Epoch 99: reducing lr to 1.5234263105569704e-09
