[I 2024-06-21 01:30:40,435] Trial 499 finished with value: 0.9847826957702637 and parameters: {'hidden_size': 144, 'n_layers': 1, 'rnn_dropout': 0.5716326034547434, 'bidirectional': True, 'fc_dropout': 0.05018492124067646, 'learning_rate_model': 0.0020944043419396253}. Best is trial 235 with value: 0.9706074595451355.
Epoch 27: reducing lr to 0.00015848198110967083
Epoch 33: reducing lr to 0.0001536140852673704
Epoch 36: reducing lr to 0.00014940368529180772
Epoch 40: reducing lr to 0.000142089742294397
Epoch 61: reducing lr to 8.156819338000021e-05
Epoch 64: reducing lr to 7.158754842757987e-05
Epoch 67: reducing lr to 6.17321646508075e-05
Epoch 72: reducing lr to 4.60052238021647e-05
Epoch 75: reducing lr to 3.723073326930514e-05
Epoch 78: reducing lr to 2.9123380356370917e-05
Epoch 81: reducing lr to 2.1810998868879444e-05
Epoch 84: reducing lr to 1.540893097532446e-05
Epoch 87: reducing lr to 1.0018114929268344e-05
Epoch 90: reducing lr to 5.723599047540296e-06
Epoch 93: reducing lr to 2.593088892215048e-06
Epoch 96: reducing lr to 6.759637018381682e-07
Epoch 99: reducing lr to 2.4520123289651155e-09
[I 2024-06-21 01:30:54,532] Trial 500 finished with value: 0.9788996577262878 and parameters: {'hidden_size': 139, 'n_layers': 1, 'rnn_dropout': 0.32366592902698976, 'bidirectional': True, 'fc_dropout': 0.07664726240799158, 'learning_rate_model': 0.0015906356852548997}. Best is trial 235 with value: 0.9706074595451355.
Epoch 45: reducing lr to 8.422588021054989e-05
Epoch 52: reducing lr to 7.143557292578614e-05
Epoch 55: reducing lr to 6.535854245529418e-05
Epoch 58: reducing lr to 5.9060228022320874e-05
Epoch 61: reducing lr to 5.2639929943522966e-05
Epoch 64: reducing lr to 4.619893340656396e-05
Epoch 67: reducing lr to 3.983877401013148e-05
Epoch 70: reducing lr to 3.365979773958801e-05
Epoch 73: reducing lr to 2.7759431430740068e-05
Epoch 76: reducing lr to 2.2230719290369283e-05
Epoch 79: reducing lr to 1.7160868700686043e-05
Epoch 82: reducing lr to 1.2629819230282465e-05
Epoch 85: reducing lr to 8.709041585707789e-06
Epoch 88: reducing lr to 5.460352856038054e-06
Epoch 91: reducing lr to 2.9350060437871755e-06
Epoch 94: reducing lr to 1.1728145474542697e-06
Epoch 97: reducing lr to 2.015743715059982e-07
[I 2024-06-21 01:31:34,042] Trial 501 finished with value: 0.976027250289917 and parameters: {'hidden_size': 145, 'n_layers': 2, 'rnn_dropout': 0.3904051542959512, 'bidirectional': True, 'fc_dropout': 0.631783888202613, 'learning_rate_model': 0.001026514718150122}. Best is trial 235 with value: 0.9706074595451355.
Epoch 40: reducing lr to 6.027914445316916e-05
Epoch 53: reducing lr to 4.5648098905201555e-05
Epoch 65: reducing lr to 2.896694893521212e-05
Epoch 72: reducing lr to 1.9516929838786928e-05
Epoch 79: reducing lr to 1.1281040604496313e-05
Epoch 85: reducing lr to 5.725062843158336e-06
Epoch 88: reducing lr to 3.589472267297297e-06
Epoch 99: reducing lr to 1.0402243187483673e-09
[I 2024-06-21 01:32:13,669] Trial 502 finished with value: 0.9691120386123657 and parameters: {'hidden_size': 146, 'n_layers': 2, 'rnn_dropout': 0.3878638851398578, 'bidirectional': True, 'fc_dropout': 0.15813185092775106, 'learning_rate_model': 0.0006748000010105353}. Best is trial 502 with value: 0.9691120386123657.
Epoch 40: reducing lr to 4.9309682368606035e-05
Epoch 53: reducing lr to 3.7341161328109414e-05
Epoch 65: reducing lr to 2.369560922173714e-05
Epoch 72: reducing lr to 1.5965283181957247e-05
Epoch 75: reducing lr to 1.2920254497020946e-05
Epoch 78: reducing lr to 1.01067438907543e-05
Epoch 81: reducing lr to 7.569113779783951e-06
Epoch 84: reducing lr to 5.347391583403443e-06
Epoch 87: reducing lr to 3.4766061020148123e-06
Epoch 90: reducing lr to 1.986271820063649e-06
Epoch 93: reducing lr to 8.998847317476353e-07
Epoch 96: reducing lr to 2.345810112125337e-07
Epoch 99: reducing lr to 8.509266548979363e-10
[I 2024-06-21 01:32:53,300] Trial 503 finished with value: 0.9706541299819946 and parameters: {'hidden_size': 146, 'n_layers': 2, 'rnn_dropout': 0.3936168270556565, 'bidirectional': True, 'fc_dropout': 0.5926741525297837, 'learning_rate_model': 0.0005520014262646879}. Best is trial 502 with value: 0.9691120386123657.
Epoch 40: reducing lr to 4.669587154103586e-05
Epoch 49: reducing lr to 3.931090565388079e-05
Epoch 61: reducing lr to 2.6806283257345717e-05
Epoch 65: reducing lr to 2.2439550837773987e-05
Epoch 72: reducing lr to 1.511899441995962e-05
Epoch 75: reducing lr to 1.2235376812212001e-05
Epoch 78: reducing lr to 9.571004957867742e-06
Epoch 86: reducing lr to 3.844091335251248e-06
Epoch 89: reducing lr to 2.3099022273251444e-06
Epoch 92: reducing lr to 1.151483363600865e-06
Epoch 95: reducing lr to 3.871071145769198e-07
Epoch 98: reducing lr to 2.882611591508181e-08
[I 2024-06-21 01:33:29,910] Trial 504 finished with value: 0.9695152044296265 and parameters: {'hidden_size': 135, 'n_layers': 2, 'rnn_dropout': 0.39293200668127404, 'bidirectional': True, 'fc_dropout': 0.016570378775941717, 'learning_rate_model': 0.000522740899011253}. Best is trial 502 with value: 0.9691120386123657.
Epoch 40: reducing lr to 4.5920875770867156e-05
Epoch 49: reducing lr to 3.8658475693847046e-05
Epoch 61: reducing lr to 2.636138833510124e-05
Epoch 65: reducing lr to 2.206712911375759e-05
Epoch 72: reducing lr to 1.4868069523646762e-05
Epoch 75: reducing lr to 1.2032310353380586e-05
Epoch 78: reducing lr to 9.41215818803943e-06
Epoch 81: reducing lr to 7.0489266383575705e-06
Epoch 84: reducing lr to 4.97989224031159e-06
Epoch 87: reducing lr to 3.237676440935751e-06
Epoch 90: reducing lr to 1.8497653425240696e-06
Epoch 93: reducing lr to 8.380401777033732e-07
Epoch 96: reducing lr to 2.1845943751106716e-07
Epoch 99: reducing lr to 7.924467433704889e-10
[I 2024-06-21 01:34:07,269] Trial 505 finished with value: 0.9727622270584106 and parameters: {'hidden_size': 140, 'n_layers': 2, 'rnn_dropout': 0.3978909404488522, 'bidirectional': True, 'fc_dropout': 0.01878805305534364, 'learning_rate_model': 0.0005140651430555708}. Best is trial 502 with value: 0.9691120386123657.
Epoch 40: reducing lr to 4.5558881580259334e-05
Epoch 49: reducing lr to 3.835373099148654e-05
Epoch 61: reducing lr to 2.615358155281601e-05
Epoch 65: reducing lr to 2.1893173970078884e-05
Epoch 72: reducing lr to 1.4750864555257893e-05
Epoch 75: reducing lr to 1.1937459670017147e-05
Epoch 78: reducing lr to 9.337962160024782e-06
Epoch 81: reducing lr to 6.9933599608874214e-06
Epoch 86: reducing lr to 3.7504921987055655e-06
Epoch 89: reducing lr to 2.2536588045947956e-06
Epoch 92: reducing lr to 1.1234460879015447e-06
Epoch 95: reducing lr to 3.7768150823327223e-07
Epoch 98: reducing lr to 2.8124233643215048e-08
[I 2024-06-21 01:34:43,248] Trial 506 finished with value: 0.9735270142555237 and parameters: {'hidden_size': 137, 'n_layers': 2, 'rnn_dropout': 0.3937062033387904, 'bidirectional': True, 'fc_dropout': 0.02715366199399816, 'learning_rate_model': 0.0005100127683511199}. Best is trial 502 with value: 0.9691120386123657.
Epoch 49: reducing lr to 3.695275603966991e-05
Epoch 61: reducing lr to 2.5198250436166056e-05
Epoch 65: reducing lr to 2.1093465895924304e-05
Epoch 72: reducing lr to 1.4212048872263628e-05
Epoch 75: reducing lr to 1.1501411297311825e-05
Epoch 79: reducing lr to 8.214750051643214e-06
Epoch 86: reducing lr to 3.613495210628016e-06
Epoch 89: reducing lr to 2.1713377512433235e-06
Epoch 92: reducing lr to 1.08240914604012e-06
Epoch 95: reducing lr to 3.6388565789170984e-07
Epoch 98: reducing lr to 2.7096919067695537e-08
[I 2024-06-21 01:35:19,742] Trial 507 finished with value: 0.9703141450881958 and parameters: {'hidden_size': 135, 'n_layers': 2, 'rnn_dropout': 0.40018936141768835, 'bidirectional': True, 'fc_dropout': 0.018138132539507634, 'learning_rate_model': 0.0004913831567045976}. Best is trial 502 with value: 0.9691120386123657.
Epoch 40: reducing lr to 4.568678019550201e-05
Epoch 49: reducing lr to 3.846140240292275e-05
Epoch 61: reducing lr to 2.6227003172228442e-05
Epoch 64: reducing lr to 2.3017879664876172e-05
Epoch 67: reducing lr to 1.9849031969883408e-05
Epoch 72: reducing lr to 1.4792275035164565e-05
Epoch 75: reducing lr to 1.197097200632463e-05
Epoch 78: reducing lr to 9.364176860386815e-06
Epoch 81: reducing lr to 7.012992599439259e-06
Epoch 86: reducing lr to 3.7610210515231643e-06
Epoch 89: reducing lr to 2.2599855586839976e-06
Epoch 92: reducing lr to 1.1265999668809857e-06
Epoch 95: reducing lr to 3.7874178320557344e-07
Epoch 98: reducing lr to 2.820318752472283e-08
[I 2024-06-21 01:35:55,687] Trial 508 finished with value: 0.973689079284668 and parameters: {'hidden_size': 137, 'n_layers': 2, 'rnn_dropout': 0.3982991964013317, 'bidirectional': True, 'fc_dropout': 0.02000486737263006, 'learning_rate_model': 0.0005114445402595957}. Best is trial 502 with value: 0.9691120386123657.
Epoch 49: reducing lr to 3.502908559696912e-05
Epoch 61: reducing lr to 2.388649091490633e-05
Epoch 65: reducing lr to 1.9995391456373817e-05
Epoch 72: reducing lr to 1.3472204236143852e-05
Epoch 75: reducing lr to 1.0902675848777711e-05
Epoch 79: reducing lr to 7.787110179489801e-06
Epoch 86: reducing lr to 3.425385454374288e-06
Epoch 89: reducing lr to 2.058303198456432e-06
Epoch 92: reducing lr to 1.0260615632262453e-06
Epoch 95: reducing lr to 3.449426571624148e-07
Epoch 98: reducing lr to 2.568631948365375e-08
[I 2024-06-21 01:36:32,253] Trial 509 finished with value: 0.9707748889923096 and parameters: {'hidden_size': 135, 'n_layers': 2, 'rnn_dropout': 0.39900503044806873, 'bidirectional': True, 'fc_dropout': 0.021187965161579326, 'learning_rate_model': 0.0004658029468393611}. Best is trial 502 with value: 0.9691120386123657.
Epoch 40: reducing lr to 4.707624718452182e-05
Epoch 49: reducing lr to 3.963112477691333e-05
Epoch 53: reducing lr to 3.5649828926060486e-05
Epoch 65: reducing lr to 2.2622339129495944e-05
Epoch 68: reducing lr to 1.9382454378190135e-05
Epoch 72: reducing lr to 1.5242150858453307e-05
Epoch 75: reducing lr to 1.233504385288707e-05
Epoch 78: reducing lr to 9.648968534721789e-06
Epoch 81: reducing lr to 7.226277967098426e-06
Epoch 84: reducing lr to 5.1051865654077804e-06
Epoch 87: reducing lr to 3.3191365338395837e-06
Epoch 90: reducing lr to 1.8963055263259886e-06
Epoch 93: reducing lr to 8.59125308345129e-07
Epoch 96: reducing lr to 2.2395588732623557e-07
Epoch 99: reducing lr to 8.123847410426189e-10
[I 2024-06-21 01:37:05,127] Trial 510 finished with value: 0.9722132086753845 and parameters: {'hidden_size': 129, 'n_layers': 2, 'rnn_dropout': 0.40083766644594504, 'bidirectional': True, 'fc_dropout': 0.015742150494891513, 'learning_rate_model': 0.0005269990464507562}. Best is trial 502 with value: 0.9691120386123657.
Epoch 49: reducing lr to 3.47916065332189e-05
Epoch 61: reducing lr to 2.372455287393043e-05
Epoch 65: reducing lr to 1.9859833055078012e-05
Epoch 72: reducing lr to 1.338086966676736e-05
Epoch 75: reducing lr to 1.0828761351473103e-05
Epoch 78: reducing lr to 8.470693642967461e-06
Epoch 81: reducing lr to 6.343847699155278e-06
Epoch 84: reducing lr to 4.481771417343464e-06
Epoch 87: reducing lr to 2.913823237806493e-06
Epoch 90: reducing lr to 1.6647399262595592e-06
Epoch 93: reducing lr to 7.542140138320303e-07
Epoch 96: reducing lr to 1.9660772073749888e-07
Epoch 99: reducing lr to 7.131811277823197e-10
[I 2024-06-21 01:37:39,240] Trial 511 finished with value: 0.9717972278594971 and parameters: {'hidden_size': 131, 'n_layers': 2, 'rnn_dropout': 0.39731040964632974, 'bidirectional': True, 'fc_dropout': 0.01591321069677589, 'learning_rate_model': 0.0004626450440330977}. Best is trial 502 with value: 0.9691120386123657.
Epoch 40: reducing lr to 4.400127725255965e-05
Epoch 49: reducing lr to 3.7042462248628415e-05
Epoch 53: reducing lr to 3.332122036901998e-05
Epoch 65: reducing lr to 2.1144672221571237e-05
Epoch 68: reducing lr to 1.8116413264357266e-05
Epoch 72: reducing lr to 1.4246549926109116e-05
Epoch 75: reducing lr to 1.152933202950422e-05
Epoch 78: reducing lr to 9.018708267746343e-06
Epoch 81: reducing lr to 6.754265247356094e-06
Epoch 84: reducing lr to 4.771721259132309e-06
Epoch 87: reducing lr to 3.1023340983856903e-06
Epoch 90: reducing lr to 1.7724408849409022e-06
Epoch 93: reducing lr to 8.03008165434514e-07
Epoch 96: reducing lr to 2.0932732917217134e-07
Epoch 99: reducing lr to 7.593206418124963e-10
[I 2024-06-21 01:38:12,036] Trial 512 finished with value: 0.9726839065551758 and parameters: {'hidden_size': 129, 'n_layers': 2, 'rnn_dropout': 0.39784277834108545, 'bidirectional': True, 'fc_dropout': 0.013408487792258367, 'learning_rate_model': 0.0004925760344452109}. Best is trial 502 with value: 0.9691120386123657.
Epoch 49: reducing lr to 3.767162824810484e-05
Epoch 52: reducing lr to 3.486078596420764e-05
Epoch 55: reducing lr to 3.189517583674526e-05
Epoch 58: reducing lr to 2.8821578434352127e-05
Epoch 61: reducing lr to 2.5688452626235366e-05
Epoch 65: reducing lr to 2.1503814352636747e-05
Epoch 68: reducing lr to 1.8424120435168218e-05
Epoch 72: reducing lr to 1.4488527491293327e-05
Epoch 75: reducing lr to 1.1725157664985755e-05
Epoch 78: reducing lr to 9.171890973668461e-06
Epoch 81: reducing lr to 6.86898640213675e-06
Epoch 86: reducing lr to 3.683791490544043e-06
Epoch 89: reducing lr to 2.2135785617208605e-06
Epoch 92: reducing lr to 1.1034661370913048e-06
Epoch 95: reducing lr to 3.7096462342882644e-07
Epoch 98: reducing lr to 2.762405761268455e-08
[I 2024-06-21 01:38:45,471] Trial 513 finished with value: 0.9754391312599182 and parameters: {'hidden_size': 127, 'n_layers': 2, 'rnn_dropout': 0.3975619984292286, 'bidirectional': True, 'fc_dropout': 0.010605066297082482, 'learning_rate_model': 0.0005009424354406341}. Best is trial 502 with value: 0.9691120386123657.
Epoch 53: reducing lr to 3.048720056083402e-05
Epoch 61: reducing lr to 2.311106978952422e-05
Epoch 65: reducing lr to 1.934628611056174e-05
Epoch 68: reducing lr to 1.6575585123134497e-05
Epoch 72: reducing lr to 1.3034859470544604e-05
Epoch 75: reducing lr to 1.0548745034642939e-05
Epoch 78: reducing lr to 8.25165359231774e-06
Epoch 81: reducing lr to 6.1798048497847614e-06
Epoch 84: reducing lr to 4.3658792035965535e-06
Epoch 87: reducing lr to 2.838475926654081e-06
Epoch 90: reducing lr to 1.6216921272083898e-06
Epoch 93: reducing lr to 7.347111156334133e-07
Epoch 96: reducing lr to 1.9152372562168001e-07
Epoch 99: reducing lr to 6.947392814683762e-10
[I 2024-06-21 01:39:18,159] Trial 514 finished with value: 0.9735121726989746 and parameters: {'hidden_size': 126, 'n_layers': 2, 'rnn_dropout': 0.40121273633895854, 'bidirectional': True, 'fc_dropout': 0.01621495471968368, 'learning_rate_model': 0.0004506817033494235}. Best is trial 502 with value: 0.9691120386123657.
Epoch 61: reducing lr to 2.428934256599996e-05
Epoch 65: reducing lr to 2.033261874066432e-05
Epoch 72: reducing lr to 1.3699416334385297e-05
Epoch 75: reducing lr to 1.1086552207287861e-05
Epoch 78: reducing lr to 8.672348042089309e-06
Epoch 86: reducing lr to 3.483155437870091e-06
Epoch 89: reducing lr to 2.0930169973523596e-06
Epoch 92: reducing lr to 1.0433663484432068e-06
Epoch 95: reducing lr to 3.507602014582857e-07
Epoch 98: reducing lr to 2.6119525694287376e-08
[I 2024-06-21 01:39:49,539] Trial 515 finished with value: 0.9717136025428772 and parameters: {'hidden_size': 124, 'n_layers': 2, 'rnn_dropout': 0.41136408616452774, 'bidirectional': True, 'fc_dropout': 0.005597262408138104, 'learning_rate_model': 0.00047365883018727527}. Best is trial 502 with value: 0.9691120386123657.
Epoch 61: reducing lr to 2.4044102003002438e-05
Epoch 64: reducing lr to 2.1102077233938638e-05
Epoch 67: reducing lr to 1.8196976078841196e-05
Epoch 72: reducing lr to 1.3561098363635241e-05
Epoch 75: reducing lr to 1.0974615365126367e-05
Epoch 78: reducing lr to 8.584786531909552e-06
Epoch 86: reducing lr to 3.4479872978403615e-06
Epoch 89: reducing lr to 2.0718845741342655e-06
Epoch 92: reducing lr to 1.0328318619699892e-06
Epoch 95: reducing lr to 3.4721870464547915e-07
Epoch 98: reducing lr to 2.585580644502792e-08
[I 2024-06-21 01:40:20,844] Trial 516 finished with value: 0.9716489315032959 and parameters: {'hidden_size': 124, 'n_layers': 2, 'rnn_dropout': 0.4012818593096595, 'bidirectional': True, 'fc_dropout': 0.01694133601070163, 'learning_rate_model': 0.0004688764710983769}. Best is trial 502 with value: 0.9691120386123657.
Epoch 49: reducing lr to 3.300369133784111e-05
Epoch 61: reducing lr to 2.250536546600364e-05
Epoch 64: reducing lr to 1.9751619760318818e-05
Epoch 67: reducing lr to 1.7032434689359922e-05
Epoch 72: reducing lr to 1.2693236568199734e-05
Epoch 75: reducing lr to 1.0272279231311949e-05
Epoch 78: reducing lr to 8.03539089645039e-06
Epoch 81: reducing lr to 6.01784200902848e-06
Epoch 84: reducing lr to 4.251456464464604e-06
Epoch 87: reducing lr to 2.7640839942753044e-06
Epoch 90: reducing lr to 1.5791901598907755e-06
Epoch 93: reducing lr to 7.1545550767884e-07
Epoch 96: reducing lr to 1.8650419386817854e-07
Epoch 99: reducing lr to 6.765312716126587e-10
[I 2024-06-21 01:40:50,890] Trial 517 finished with value: 0.9754775762557983 and parameters: {'hidden_size': 121, 'n_layers': 2, 'rnn_dropout': 0.4114003844470976, 'bidirectional': True, 'fc_dropout': 0.014278061758584216, 'learning_rate_model': 0.00043887005383529755}. Best is trial 502 with value: 0.9691120386123657.
Epoch 49: reducing lr to 3.349649719225703e-05
Epoch 65: reducing lr to 1.9120555457332802e-05
Epoch 72: reducing lr to 1.2882769951852582e-05
Epoch 75: reducing lr to 1.0425663266193564e-05
Epoch 78: reducing lr to 8.155374071536957e-06
Epoch 81: reducing lr to 6.10769946596085e-06
Epoch 86: reducing lr to 3.2755183956264644e-06
Epoch 89: reducing lr to 1.9682485606725383e-06
Epoch 92: reducing lr to 9.811694392235204e-07
Epoch 95: reducing lr to 3.2985076687614614e-07
Epoch 98: reducing lr to 2.456249467551615e-08
[I 2024-06-21 01:41:21,442] Trial 518 finished with value: 0.9737691879272461 and parameters: {'hidden_size': 119, 'n_layers': 2, 'rnn_dropout': 0.4101312293072692, 'bidirectional': True, 'fc_dropout': 0.016479493773957597, 'learning_rate_model': 0.00044542319147205297}. Best is trial 502 with value: 0.9691120386123657.
Epoch 61: reducing lr to 2.3208227870143116e-05
Epoch 65: reducing lr to 1.9427617180162773e-05
Epoch 68: reducing lr to 1.6645268268500134e-05
Epoch 72: reducing lr to 1.3089657536528946e-05
Epoch 75: reducing lr to 1.0593091567704277e-05
Epoch 78: reducing lr to 8.28634323811358e-06
Epoch 81: reducing lr to 6.2057845202748145e-06
Epoch 84: reducing lr to 4.384233197916089e-06
Epoch 87: reducing lr to 2.850408774221426e-06
Epoch 90: reducing lr to 1.6285096607916163e-06
Epoch 93: reducing lr to 7.377998139262412e-07
Epoch 96: reducing lr to 1.9232888426400477e-07
Epoch 99: reducing lr to 6.976599396552474e-10
[I 2024-06-21 01:41:52,605] Trial 519 finished with value: 0.9723542928695679 and parameters: {'hidden_size': 123, 'n_layers': 2, 'rnn_dropout': 0.40618999419650054, 'bidirectional': True, 'fc_dropout': 0.011351118880507171, 'learning_rate_model': 0.00045257635252258}. Best is trial 502 with value: 0.9691120386123657.
Epoch 56: reducing lr to 2.840590467403475e-05
Epoch 61: reducing lr to 2.363009055709151e-05
Epoch 65: reducing lr to 1.9780758610455778e-05
Epoch 68: reducing lr to 1.6947834135916493e-05
Epoch 72: reducing lr to 1.3327592036762735e-05
Epoch 75: reducing lr to 1.0785645264472794e-05
Epoch 78: reducing lr to 8.436966501680572e-06
Epoch 81: reducing lr to 6.31858886479411e-06
Epoch 84: reducing lr to 4.463926675911481e-06
Epoch 87: reducing lr to 2.902221480952956e-06
Epoch 90: reducing lr to 1.6581115530630522e-06
Epoch 93: reducing lr to 7.512110150603582e-07
Epoch 96: reducing lr to 1.958249021567673e-07
Epoch 99: reducing lr to 7.103415066551065e-10
[I 2024-06-21 01:42:23,118] Trial 520 finished with value: 0.9745354652404785 and parameters: {'hidden_size': 122, 'n_layers': 2, 'rnn_dropout': 0.41580548291790526, 'bidirectional': True, 'fc_dropout': 0.015038932484396243, 'learning_rate_model': 0.0004608029641015752}. Best is trial 502 with value: 0.9691120386123657.
Epoch 49: reducing lr to 3.443510922638383e-05
Epoch 65: reducing lr to 1.9656336358494906e-05
Epoch 72: reducing lr to 1.3243760620228824e-05
Epoch 75: reducing lr to 1.0717802857662997e-05
Epoch 78: reducing lr to 8.383897436305968e-06
Epoch 81: reducing lr to 6.278844531866604e-06
Epoch 86: reducing lr to 3.3673023504230694e-06
Epoch 89: reducing lr to 2.0234012464771617e-06
Epoch 92: reducing lr to 1.0086629839331864e-06
Epoch 95: reducing lr to 3.3909358105695314e-07
Epoch 98: reducing lr to 2.525076524178887e-08
[I 2024-06-21 01:42:53,630] Trial 521 finished with value: 0.9736230969429016 and parameters: {'hidden_size': 119, 'n_layers': 2, 'rnn_dropout': 0.4140926369753857, 'bidirectional': True, 'fc_dropout': 0.017302188126804265, 'learning_rate_model': 0.00045790448363210233}. Best is trial 502 with value: 0.9691120386123657.
Epoch 56: reducing lr to 2.748910115867102e-05
Epoch 65: reducing lr to 1.9142332577603383e-05
Epoch 68: reducing lr to 1.6400841033886806e-05
Epoch 72: reducing lr to 1.2897442623432954e-05
Epoch 75: reducing lr to 1.0437537446488963e-05
Epoch 78: reducing lr to 8.164662534019326e-06
Epoch 81: reducing lr to 6.11465575476447e-06
Epoch 84: reducing lr to 4.319852980116029e-06
Epoch 87: reducing lr to 2.8085519820711336e-06
Epoch 90: reducing lr to 1.6045958309567673e-06
Epoch 93: reducing lr to 7.269656017461071e-07
Epoch 96: reducing lr to 1.8950463315800872e-07
Epoch 99: reducing lr to 6.874151609590797e-10
