[I 2024-06-21 00:49:04,280] Trial 374 finished with value: 0.9776208996772766 and parameters: {'hidden_size': 146, 'n_layers': 1, 'rnn_dropout': 0.37831523366184844, 'bidirectional': True, 'fc_dropout': 0.5996274591876131, 'learning_rate_model': 0.0014494876603525228}. Best is trial 235 with value: 0.9706074595451355.
Epoch 27: reducing lr to 0.0001777511512107765
Epoch 31: reducing lr to 0.000174715382759176
Epoch 34: reducing lr to 0.000170859613247135
Epoch 40: reducing lr to 0.00015936584772116046
Epoch 46: reducing lr to 0.00014346346529468956
Epoch 52: reducing lr to 0.0001241516808308345
Epoch 57: reducing lr to 0.00010632480907481006
Epoch 60: reducing lr to 9.521787166395966e-05
Epoch 63: reducing lr to 8.401605361114112e-05
Epoch 66: reducing lr to 7.289604728224015e-05
Epoch 69: reducing lr to 6.203317300161673e-05
Epoch 72: reducing lr to 5.159880912193615e-05
Epoch 75: reducing lr to 4.175746449346044e-05
Epoch 78: reducing lr to 3.266437199514762e-05
Epoch 81: reducing lr to 2.446290821741684e-05
Epoch 84: reducing lr to 1.7282439307065048e-05
Epoch 87: reducing lr to 1.1236176183379706e-05
Epoch 90: reducing lr to 6.419507837078075e-06
Epoch 93: reducing lr to 2.90837187013795e-06
Epoch 96: reducing lr to 7.581513389543544e-07
Epoch 99: reducing lr to 2.7501423897294957e-09
[I 2024-06-21 00:49:19,414] Trial 375 finished with value: 0.9823522567749023 and parameters: {'hidden_size': 143, 'n_layers': 1, 'rnn_dropout': 0.3678833041474778, 'bidirectional': True, 'fc_dropout': 0.6573445905346748, 'learning_rate_model': 0.0017840345144054216}. Best is trial 235 with value: 0.9706074595451355.
Epoch 27: reducing lr to 0.00012933503625732056
Epoch 36: reducing lr to 0.00012192635982270753
Epoch 40: reducing lr to 0.00011595754825100281
Epoch 44: reducing lr to 0.00010855886772232559
Epoch 61: reducing lr to 6.656671739196671e-05
Epoch 64: reducing lr to 5.842164583396129e-05
Epoch 67: reducing lr to 5.037879825486272e-05
Epoch 72: reducing lr to 3.754425106764416e-05
Epoch 75: reducing lr to 3.0383506084139802e-05
Epoch 78: reducing lr to 2.3767203236312407e-05
Epoch 81: reducing lr to 1.779966599207766e-05
Epoch 84: reducing lr to 1.2575023560571375e-05
Epoch 87: reducing lr to 8.175650307591089e-06
Epoch 90: reducing lr to 4.670953032974282e-06
Epoch 93: reducing lr to 2.116185345140309e-06
Epoch 96: reducing lr to 5.516449836992857e-07
Epoch 99: reducing lr to 2.001054638829658e-09
[I 2024-06-21 00:49:35,033] Trial 376 finished with value: 0.9766807556152344 and parameters: {'hidden_size': 149, 'n_layers': 1, 'rnn_dropout': 0.3718127871820902, 'bidirectional': True, 'fc_dropout': 0.6245863251442325, 'learning_rate_model': 0.0012980966200963064}. Best is trial 235 with value: 0.9706074595451355.
Epoch 27: reducing lr to 0.0001541932607899688
Epoch 33: reducing lr to 0.00014945709628814562
Epoch 36: reducing lr to 0.00014536063499383134
Epoch 40: reducing lr to 0.00013824461642751687
Epoch 46: reducing lr to 0.00012444982419149346
Epoch 61: reducing lr to 7.936085620551027e-05
Epoch 64: reducing lr to 6.965029996924217e-05
Epoch 67: reducing lr to 6.006161518478399e-05
Epoch 72: reducing lr to 4.476026499516791e-05
Epoch 75: reducing lr to 3.62232231336325e-05
Epoch 78: reducing lr to 2.8335265314911743e-05
Epoch 81: reducing lr to 2.1220766002108125e-05
Epoch 84: reducing lr to 1.4991946060597598e-05
Epoch 87: reducing lr to 9.747012228750424e-06
Epoch 90: reducing lr to 5.568711309734769e-06
Epoch 93: reducing lr to 2.522916668565604e-06
Epoch 96: reducing lr to 6.576712799290403e-07
Epoch 99: reducing lr to 2.385657813311348e-09
[I 2024-06-21 00:49:50,190] Trial 377 finished with value: 0.9784600138664246 and parameters: {'hidden_size': 148, 'n_layers': 1, 'rnn_dropout': 0.35328676281257676, 'bidirectional': True, 'fc_dropout': 0.6480146454695054, 'learning_rate_model': 0.0015475910972403474}. Best is trial 235 with value: 0.9706074595451355.
Epoch 27: reducing lr to 0.0001338146261845209
Epoch 33: reducing lr to 0.00012970440710547088
Epoch 36: reducing lr to 0.00012614934617758314
Epoch 40: reducing lr to 0.00011997380154291498
Epoch 44: reducing lr to 0.00011231886365559831
Epoch 48: reducing lr to 0.00010339894684795576
Epoch 61: reducing lr to 6.887229216385275e-05
Epoch 64: reducing lr to 6.0445111584476097e-05
Epoch 67: reducing lr to 5.212369556759043e-05
Epoch 72: reducing lr to 3.884461679818207e-05
Epoch 75: reducing lr to 3.1435855484164336e-05
Epoch 78: reducing lr to 2.4590393357845154e-05
Epoch 81: reducing lr to 1.84161671876779e-05
Epoch 84: reducing lr to 1.3010566399591178e-05
Epoch 87: reducing lr to 8.458818440728136e-06
Epoch 90: reducing lr to 4.832734053511565e-06
Epoch 93: reducing lr to 2.1894805853976813e-06
Epoch 96: reducing lr to 5.707515103132434e-07
Epoch 99: reducing lr to 2.0703622639201003e-09
[I 2024-06-21 00:50:06,262] Trial 378 finished with value: 0.9771783351898193 and parameters: {'hidden_size': 151, 'n_layers': 1, 'rnn_dropout': 0.3221435799101135, 'bidirectional': True, 'fc_dropout': 0.6317607596071536, 'learning_rate_model': 0.0013430569086011709}. Best is trial 235 with value: 0.9706074595451355.
Epoch 33: reducing lr to 4.50105420401734e-05
Epoch 38: reducing lr to 4.2773601618065226e-05
Epoch 41: reducing lr to 4.101512994872154e-05
Epoch 50: reducing lr to 3.419626135866761e-05
Epoch 55: reducing lr to 2.9675025662770133e-05
Epoch 61: reducing lr to 2.3900338246204772e-05
Epoch 64: reducing lr to 2.0975904341351233e-05
Epoch 67: reducing lr to 1.8088173277924585e-05
Epoch 73: reducing lr to 1.260373639229455e-05
Epoch 76: reducing lr to 1.0093510972873762e-05
Epoch 79: reducing lr to 7.791624475662354e-06
Epoch 82: reducing lr to 5.734372213565499e-06
Epoch 85: reducing lr to 3.954204344914624e-06
Epoch 88: reducing lr to 2.4791879537635622e-06
Epoch 91: reducing lr to 1.3325936656152392e-06
Epoch 94: reducing lr to 5.324981323930392e-07
Epoch 97: reducing lr to 9.152169590515143e-08
[I 2024-06-21 00:50:21,943] Trial 379 finished with value: 0.9827762246131897 and parameters: {'hidden_size': 153, 'n_layers': 1, 'rnn_dropout': 0.5133892087179434, 'bidirectional': True, 'fc_dropout': 0.649575680998764, 'learning_rate_model': 0.00046607297929191567}. Best is trial 235 with value: 0.9706074595451355.
Epoch 27: reducing lr to 0.00012121222724492309
Epoch 36: reducing lr to 0.00011426884826917711
Epoch 40: reducing lr to 0.00010867490431131436
Epoch 44: reducing lr to 0.00010174089345465562
Epoch 48: reducing lr to 9.366103691040257e-05
Epoch 61: reducing lr to 6.238603482052946e-05
Epoch 64: reducing lr to 5.4752509573350116e-05
Epoch 72: reducing lr to 3.5186307004217856e-05
Epoch 75: reducing lr to 2.8475288294201873e-05
Epoch 78: reducing lr to 2.2274518359622818e-05
Epoch 81: reducing lr to 1.6681768695861204e-05
Epoch 84: reducing lr to 1.1785256783797162e-05
Epoch 87: reducing lr to 7.662183516824621e-06
Epoch 90: reducing lr to 4.377596642543124e-06
Epoch 93: reducing lr to 1.9832795997921447e-06
Epoch 96: reducing lr to 5.169992529297646e-07
Epoch 99: reducing lr to 1.87537960811765e-09
[I 2024-06-21 00:50:37,715] Trial 380 finished with value: 0.9769428968429565 and parameters: {'hidden_size': 150, 'n_layers': 1, 'rnn_dropout': 0.47658296446096027, 'bidirectional': True, 'fc_dropout': 0.6226689478678064, 'learning_rate_model': 0.001216570444128778}. Best is trial 235 with value: 0.9706074595451355.
Epoch 27: reducing lr to 0.0001318311874967907
Epoch 33: reducing lr to 0.00012778189126129582
Epoch 36: reducing lr to 0.00012427952446395768
Epoch 40: reducing lr to 0.00011819551551933668
Epoch 48: reducing lr to 0.00010186633806447346
Epoch 61: reducing lr to 6.785144733780155e-05
Epoch 64: reducing lr to 5.954917684087415e-05
Epoch 67: reducing lr to 5.135110323382214e-05
Epoch 72: reducing lr to 3.826885077047351e-05
Epoch 75: reducing lr to 3.096990423707712e-05
Epoch 78: reducing lr to 2.4225907509600155e-05
Epoch 81: reducing lr to 1.8143197486821905e-05
Epoch 84: reducing lr to 1.281772006072649e-05
Epoch 87: reducing lr to 8.33343941284302e-06
Epoch 90: reducing lr to 4.761101886217476e-06
Epoch 93: reducing lr to 2.1570274775205245e-06
Epoch 96: reducing lr to 5.622916680754139e-07
Epoch 99: reducing lr to 2.0396747619014222e-09
[I 2024-06-21 00:50:53,496] Trial 381 finished with value: 0.9775391817092896 and parameters: {'hidden_size': 150, 'n_layers': 1, 'rnn_dropout': 0.49713131993590964, 'bidirectional': True, 'fc_dropout': 0.6331025511641362, 'learning_rate_model': 0.0013231497347121997}. Best is trial 235 with value: 0.9706074595451355.
Epoch 22: reducing lr to 0.00020099105786044154
Epoch 27: reducing lr to 0.00020367632123338431
Epoch 31: reducing lr to 0.00020019778314163847
Epoch 34: reducing lr to 0.0001957796460753693
Epoch 40: reducing lr to 0.0001826095042028498
Epoch 46: reducing lr to 0.00016438774457199772
Epoch 49: reducing lr to 0.00015372975713520503
Epoch 52: reducing lr to 0.00014225931845910085
Epoch 55: reducing lr to 0.0001301573057281956
Epoch 58: reducing lr to 0.00011761462031281101
Epoch 61: reducing lr to 0.00010482901236447222
Epoch 64: reducing lr to 9.200218477680598e-05
Epoch 67: reducing lr to 7.933633912078091e-05
Epoch 70: reducing lr to 6.703130792944888e-05
Epoch 73: reducing lr to 5.52811104385185e-05
Epoch 76: reducing lr to 4.427103816174393e-05
Epoch 79: reducing lr to 3.4174758954645083e-05
Epoch 82: reducing lr to 2.515146729246808e-05
Epoch 85: reducing lr to 1.7343492460008475e-05
Epoch 88: reducing lr to 1.0873939187877384e-05
Epoch 91: reducing lr to 5.844874512258387e-06
Epoch 94: reducing lr to 2.335584238585082e-06
Epoch 97: reducing lr to 4.0142231012910145e-07
[I 2024-06-21 00:51:09,297] Trial 382 finished with value: 0.9877716302871704 and parameters: {'hidden_size': 150, 'n_layers': 1, 'rnn_dropout': 0.4730091612535399, 'bidirectional': True, 'fc_dropout': 0.6152895753416424, 'learning_rate_model': 0.0020442376005576817}. Best is trial 235 with value: 0.9706074595451355.
Epoch 33: reducing lr to 6.471552133483117e-05
Epoch 38: reducing lr to 6.149928000446726e-05
Epoch 41: reducing lr to 5.897097428594166e-05
Epoch 49: reducing lr to 5.039352120123834e-05
Epoch 55: reducing lr to 4.2666332582189546e-05
Epoch 61: reducing lr to 3.4363568612469605e-05
Epoch 64: reducing lr to 3.0158858867074057e-05
Epoch 67: reducing lr to 2.6006919948461516e-05
Epoch 72: reducing lr to 1.9381374027652915e-05
Epoch 75: reducing lr to 1.5684800706962994e-05
Epoch 78: reducing lr to 1.2269283376681772e-05
Epoch 81: reducing lr to 9.188676677507573e-06
Epoch 84: reducing lr to 6.4915726936426115e-06
Epoch 87: reducing lr to 4.220495336162826e-06
Epoch 90: reducing lr to 2.411274302277738e-06
Epoch 93: reducing lr to 1.0924330228909152e-06
Epoch 96: reducing lr to 2.8477429847490776e-07
Epoch 99: reducing lr to 1.0329993887733292e-09
[I 2024-06-21 00:51:23,984] Trial 383 finished with value: 0.9830515384674072 and parameters: {'hidden_size': 145, 'n_layers': 1, 'rnn_dropout': 0.317574818247516, 'bidirectional': True, 'fc_dropout': 0.6191867556957373, 'learning_rate_model': 0.0006701131438949029}. Best is trial 235 with value: 0.9706074595451355.
Epoch 27: reducing lr to 0.00012571031231924118
Epoch 33: reducing lr to 0.00012184902346868312
Epoch 36: reducing lr to 0.00011850927031686813
Epoch 40: reducing lr to 0.0001127077397450527
Epoch 48: reducing lr to 9.713672019539463e-05
Epoch 61: reducing lr to 6.470112875494825e-05
Epoch 64: reducing lr to 5.678432972624366e-05
Epoch 67: reducing lr to 4.896688976285318e-05
Epoch 72: reducing lr to 3.649204163143696e-05
Epoch 75: reducing lr to 2.953198259125696e-05
Epoch 78: reducing lr to 2.3101107234758272e-05
Epoch 81: reducing lr to 1.730081527630612e-05
Epoch 84: reducing lr to 1.2222597874222714e-05
Epoch 87: reducing lr to 7.946520782932896e-06
Epoch 90: reducing lr to 4.54004561792102e-06
Epoch 93: reducing lr to 2.056877458430609e-06
Epoch 96: reducing lr to 5.361846657869849e-07
Epoch 99: reducing lr to 1.9449733876849425e-09
[I 2024-06-21 00:51:39,694] Trial 384 finished with value: 0.977777361869812 and parameters: {'hidden_size': 153, 'n_layers': 1, 'rnn_dropout': 0.2891916893987088, 'bidirectional': True, 'fc_dropout': 0.632731084037357, 'learning_rate_model': 0.0012617163628283405}. Best is trial 235 with value: 0.9706074595451355.
Epoch 42: reducing lr to 2.629163482136539e-05
Epoch 55: reducing lr to 1.9328556102788434e-05
Epoch 65: reducing lr to 1.303136512763932e-05
Epoch 68: reducing lr to 1.1165062932978618e-05
Epoch 73: reducing lr to 8.209328232152254e-06
Epoch 76: reducing lr to 6.57431590221208e-06
Epoch 79: reducing lr to 5.075003220591687e-06
Epoch 82: reducing lr to 3.7350308068385812e-06
Epoch 85: reducing lr to 2.5755347742953764e-06
Epoch 88: reducing lr to 1.6147963610287585e-06
Epoch 91: reducing lr to 8.679726757702239e-07
Epoch 94: reducing lr to 3.4683778014391825e-07
Epoch 97: reducing lr to 5.96118181675064e-08
[I 2024-06-21 00:51:54,230] Trial 385 finished with value: 0.984012246131897 and parameters: {'hidden_size': 141, 'n_layers': 1, 'rnn_dropout': 0.48249238458997584, 'bidirectional': True, 'fc_dropout': 0.6501357173294754, 'learning_rate_model': 0.00030357236521414376}. Best is trial 235 with value: 0.9706074595451355.
Epoch 27: reducing lr to 0.00017360558113787566
Epoch 30: reducing lr to 0.00017160554297820826
Epoch 33: reducing lr to 0.00016827315229830678
Epoch 36: reducing lr to 0.0001636609627644403
Epoch 39: reducing lr to 0.00015784171016657763
Epoch 42: reducing lr to 0.00015090716836633366
Epoch 45: reducing lr to 0.00014296669926619718
Epoch 48: reducing lr to 0.00013414553228158346
Epoch 51: reducing lr to 0.00012458277964939074
Epoch 54: reducing lr to 0.0001144292593740684
Epoch 57: reducing lr to 0.00010384506734877892
Epoch 60: reducing lr to 9.299716953918212e-05
Epoch 63: reducing lr to 8.205660392476145e-05
Epoch 66: reducing lr to 7.119594199466494e-05
Epoch 69: reducing lr to 6.05864151957129e-05
Epoch 72: reducing lr to 5.0395404938974904e-05
Epoch 75: reducing lr to 4.078358334588328e-05
Epoch 78: reducing lr to 3.1902562903781374e-05
Epoch 81: reducing lr to 2.389237632768528e-05
Epoch 84: reducing lr to 1.6879372645104948e-05
Epoch 87: reducing lr to 1.0974122433503145e-05
Epoch 90: reducing lr to 6.26978999057825e-06
Epoch 93: reducing lr to 2.840541876894119e-06
Epoch 96: reducing lr to 7.40469487218987e-07
Epoch 99: reducing lr to 2.686002675811837e-09
[I 2024-06-21 00:53:30,735] Trial 386 finished with value: 1.0580103397369385 and parameters: {'hidden_size': 149, 'n_layers': 4, 'rnn_dropout': 0.4479912561511594, 'bidirectional': True, 'fc_dropout': 0.610985707563691, 'learning_rate_model': 0.0017424266820984938}. Best is trial 235 with value: 0.9706074595451355.
Epoch 33: reducing lr to 8.524168618078822e-05
Epoch 40: reducing lr to 7.884673596881939e-05
Epoch 43: reducing lr to 7.515749689737208e-05
Epoch 49: reducing lr to 6.637710136886226e-05
Epoch 52: reducing lr to 6.142442021631572e-05
Epoch 55: reducing lr to 5.6199039387150275e-05
Epoch 64: reducing lr to 3.972450395349219e-05
Epoch 72: reducing lr to 2.5528667134888335e-05
Epoch 75: reducing lr to 2.0659632064982632e-05
Epoch 78: reducing lr to 1.61607970033515e-05
Epoch 81: reducing lr to 1.2103097952473167e-05
Epoch 84: reducing lr to 8.55053920539821e-06
Epoch 87: reducing lr to 5.559132207423655e-06
Epoch 90: reducing lr to 3.1760709506937503e-06
Epoch 93: reducing lr to 1.4389257938447254e-06
Epoch 96: reducing lr to 3.750976718144253e-07
Epoch 99: reducing lr to 1.360641279052159e-09
[I 2024-06-21 00:53:46,479] Trial 387 finished with value: 0.980132520198822 and parameters: {'hidden_size': 153, 'n_layers': 1, 'rnn_dropout': 0.4278435763754646, 'bidirectional': True, 'fc_dropout': 0.6295679437019118, 'learning_rate_model': 0.0008826564808459131}. Best is trial 235 with value: 0.9706074595451355.
Epoch 27: reducing lr to 0.0001235085149020672
Epoch 36: reducing lr to 0.00011643359807899944
Epoch 40: reducing lr to 0.00011073368045200148
Epoch 48: reducing lr to 9.54353849931096e-05
Epoch 55: reducing lr to 7.892687493959335e-05
Epoch 61: reducing lr to 6.356789811099669e-05
Epoch 64: reducing lr to 5.578976063942371e-05
Epoch 67: reducing lr to 4.810924197391844e-05
Epoch 72: reducing lr to 3.5852888951524284e-05
Epoch 75: reducing lr to 2.9014734309920036e-05
Epoch 78: reducing lr to 2.2696494778509028e-05
Epoch 81: reducing lr to 1.699779407074555e-05
Epoch 84: reducing lr to 1.2008520890925776e-05
Epoch 87: reducing lr to 7.807338653697963e-06
Epoch 90: reducing lr to 4.460527394388133e-06
Epoch 93: reducing lr to 2.020851555767085e-06
Epoch 96: reducing lr to 5.267934711389224e-07
Epoch 99: reducing lr to 1.910907468176924e-09
[I 2024-06-21 00:54:06,454] Trial 388 finished with value: 0.9775076508522034 and parameters: {'hidden_size': 185, 'n_layers': 1, 'rnn_dropout': 0.41412118586324786, 'bidirectional': True, 'fc_dropout': 0.6099274263217719, 'learning_rate_model': 0.0012396175884507323}. Best is trial 235 with value: 0.9706074595451355.
Epoch 27: reducing lr to 0.000160087160786725
Epoch 31: reducing lr to 0.0001573530713087539
Epoch 36: reducing lr to 0.00015091691574001527
Epoch 40: reducing lr to 0.00014352889370487185
Epoch 46: reducing lr to 0.00012920680782774763
Epoch 52: reducing lr to 0.0001118141286609175
Epoch 57: reducing lr to 9.575879925409456e-05
Epoch 61: reducing lr to 8.239435421791274e-05
Epoch 64: reducing lr to 7.231262062229557e-05
Epoch 67: reducing lr to 6.235741690613781e-05
Epoch 70: reducing lr to 5.268580905853123e-05
Epoch 73: reducing lr to 4.34502938861469e-05
Epoch 76: reducing lr to 3.479650831022907e-05
Epoch 79: reducing lr to 2.686095319519696e-05
Epoch 82: reducing lr to 1.9768753501088995e-05
Epoch 85: reducing lr to 1.363177834927255e-05
Epoch 88: reducing lr to 8.546786590671535e-06
Epoch 91: reducing lr to 4.5940016991468305e-06
Epoch 94: reducing lr to 1.8357413727287334e-06
Epoch 97: reducing lr to 3.1551315104211707e-07
[I 2024-06-21 00:54:21,317] Trial 389 finished with value: 0.9795482158660889 and parameters: {'hidden_size': 146, 'n_layers': 1, 'rnn_dropout': 0.31494518043423786, 'bidirectional': True, 'fc_dropout': 0.6422366105101192, 'learning_rate_model': 0.0016067463879208478}. Best is trial 235 with value: 0.9706074595451355.
Epoch 27: reducing lr to 9.819331697678371e-05
Epoch 33: reducing lr to 9.517723378482639e-05
Epoch 38: reducing lr to 9.044710186755927e-05
Epoch 41: reducing lr to 8.672871809364829e-05
Epoch 44: reducing lr to 8.241970325574243e-05
Epoch 47: reducing lr to 7.758801500223696e-05
Epoch 50: reducing lr to 7.230985041228785e-05
Epoch 55: reducing lr to 6.274945217401152e-05
Epoch 64: reducing lr to 4.4354688054257656e-05
Epoch 72: reducing lr to 2.850422168983206e-05
Epoch 75: reducing lr to 2.3067664649277182e-05
Epoch 78: reducing lr to 1.8044457160020074e-05
Epoch 81: reducing lr to 1.3513803339132176e-05
Epoch 84: reducing lr to 9.547167652367819e-06
Epoch 87: reducing lr to 6.207090092335231e-06
Epoch 90: reducing lr to 3.5462654592525577e-06
Epoch 93: reducing lr to 1.6066432143225737e-06
Epoch 96: reducing lr to 4.1881807366771653e-07
Epoch 99: reducing lr to 1.519234061600136e-09
[I 2024-06-21 00:54:37,482] Trial 390 finished with value: 0.980226993560791 and parameters: {'hidden_size': 155, 'n_layers': 1, 'rnn_dropout': 0.4772582652531896, 'bidirectional': True, 'fc_dropout': 0.660670210059402, 'learning_rate_model': 0.0009855366076521551}. Best is trial 235 with value: 0.9706074595451355.
Epoch 27: reducing lr to 0.00014050469837044896
Epoch 33: reducing lr to 0.00013618898858292505
Epoch 36: reducing lr to 0.00013245619211960978
Epoch 39: reducing lr to 0.00012774647987622982
Epoch 46: reducing lr to 0.00011340174609900168
Epoch 61: reducing lr to 7.231556753160774e-05
Epoch 64: reducing lr to 6.346706943255922e-05
Epoch 67: reducing lr to 5.4729623603167596e-05
Epoch 72: reducing lr to 4.0786656303312144e-05
Epoch 75: reducing lr to 3.300749341651908e-05
Epoch 78: reducing lr to 2.5819791902197867e-05
Epoch 81: reducing lr to 1.9336884835566368e-05
Epoch 84: reducing lr to 1.366103063414393e-05
Epoch 87: reducing lr to 8.881717697630725e-06
Epoch 90: reducing lr to 5.07434695185651e-06
Epoch 93: reducing lr to 2.2989438300642475e-06
Epoch 96: reducing lr to 5.992862745097822e-07
Epoch 99: reducing lr to 2.173870179266596e-09
[I 2024-06-21 00:54:51,498] Trial 391 finished with value: 0.977875292301178 and parameters: {'hidden_size': 144, 'n_layers': 1, 'rnn_dropout': 0.4366338034555803, 'bidirectional': True, 'fc_dropout': 0.5937571415000535, 'learning_rate_model': 0.0014102031386101486}. Best is trial 235 with value: 0.9706074595451355.
Epoch 55: reducing lr to 2.4180009122042415e-05
Epoch 61: reducing lr to 1.947463848491861e-05
Epoch 64: reducing lr to 1.7091731076522192e-05
Epoch 67: reducing lr to 1.4738730130569735e-05
Epoch 73: reducing lr to 1.0269863433339698e-05
Epoch 76: reducing lr to 8.224464240437658e-06
Epoch 79: reducing lr to 6.3488252053446585e-06
Epoch 82: reducing lr to 4.672520725303284e-06
Epoch 85: reducing lr to 3.2219920621807463e-06
Epoch 88: reducing lr to 2.0201090310249966e-06
Epoch 91: reducing lr to 1.0858331634394409e-06
Epoch 94: reducing lr to 4.3389380164506445e-07
Epoch 97: reducing lr to 7.45743396147287e-08
