[I 2024-06-20 21:35:13,638] Trial 34 finished with value: 1.2292972803115845 and parameters: {'hidden_size': 96, 'n_layers': 6, 'rnn_dropout': 0.2521958424762984, 'bidirectional': True, 'fc_dropout': 0.14720816130197206, 'learning_rate_model': 0.01418132908946585}. Best is trial 23 with value: 0.9788602590560913.
Epoch 5: reducing lr to 0.0013364211062329907
Epoch 10: reducing lr to 0.003418787854888584
Epoch 13: reducing lr to 0.004870872386362592
Epoch 18: reducing lr to 0.006985457060388002
Epoch 21: reducing lr to 0.007780642398542613
Epoch 24: reducing lr to 0.00807265283262309
Epoch 27: reducing lr to 0.008043512964715921
Epoch 30: reducing lr to 0.007950846975743857
Epoch 33: reducing lr to 0.007796450282609904
Epoch 36: reducing lr to 0.007582757807585617
Epoch 39: reducing lr to 0.00731313955332747
Epoch 42: reducing lr to 0.006991847596530711
Epoch 45: reducing lr to 0.00662394890494343
Epoch 48: reducing lr to 0.006215245621675629
Epoch 51: reducing lr to 0.005772183110255988
Epoch 54: reducing lr to 0.005301749087128586
Epoch 57: reducing lr to 0.004811361132902356
Epoch 60: reducing lr to 0.0043087551331441555
Epoch 63: reducing lr to 0.0038018556384151886
Epoch 66: reducing lr to 0.003298658250015854
Epoch 69: reducing lr to 0.0028070964822573775
Epoch 72: reducing lr to 0.0023349254691692432
Epoch 75: reducing lr to 0.00188958948923224
Epoch 78: reducing lr to 0.0014781130689596605
Epoch 81: reducing lr to 0.0011069842195740366
Epoch 84: reducing lr to 0.0007820569581766287
Epoch 87: reducing lr to 0.0005084542529779551
Epoch 90: reducing lr to 0.0002904926025114968
Epoch 93: reducing lr to 0.0001316083000550014
Epoch 96: reducing lr to 3.430751408672883e-05
Epoch 99: reducing lr to 1.2444817271833886e-07
[I 2024-06-20 21:35:20,770] Trial 35 finished with value: 1.3425078392028809 and parameters: {'hidden_size': 129, 'n_layers': 1, 'rnn_dropout': 0.3361549440009058, 'bidirectional': False, 'fc_dropout': 0.0003216199130859465, 'learning_rate_model': 0.08073030553318121}. Best is trial 23 with value: 0.9788602590560913.
Epoch 24: reducing lr to 1.3876655495667891e-05
Epoch 33: reducing lr to 1.34018713431686e-05
Epoch 40: reducing lr to 1.2396444258995186e-05
Epoch 46: reducing lr to 1.1159460299421294e-05
Epoch 49: reducing lr to 1.043594293514158e-05
Epoch 52: reducing lr to 9.657272327084976e-06
Epoch 55: reducing lr to 8.835727321006501e-06
Epoch 58: reducing lr to 7.984267254408826e-06
Epoch 61: reducing lr to 7.116316394234079e-06
Epoch 64: reducing lr to 6.2455673392801004e-06
Epoch 67: reducing lr to 5.385746541050799e-06
Epoch 70: reducing lr to 4.550419628936199e-06
Epoch 73: reducing lr to 3.7527575966977356e-06
Epoch 76: reducing lr to 3.0053389567843903e-06
Epoch 79: reducing lr to 2.3199531497290116e-06
Epoch 82: reducing lr to 1.7074070907978267e-06
Epoch 85: reducing lr to 1.1773628019819306e-06
Epoch 88: reducing lr to 7.381772466151933e-07
Epoch 91: reducing lr to 3.967792443680619e-07
Epoch 94: reducing lr to 1.5855111130275992e-07
Epoch 97: reducing lr to 2.7250549272092366e-08
[I 2024-06-20 21:36:33,687] Trial 36 finished with value: 1.076183557510376 and parameters: {'hidden_size': 85, 'n_layers': 7, 'rnn_dropout': 0.48377288077924246, 'bidirectional': True, 'fc_dropout': 0.5024609586458804, 'learning_rate_model': 0.00013877304786559896}. Best is trial 23 with value: 0.9788602590560913.
Epoch 24: reducing lr to 1.9530064028894475e-05
Epoch 27: reducing lr to 1.9459566325373683e-05
Epoch 30: reducing lr to 1.923538070319362e-05
Epoch 33: reducing lr to 1.8861850791121847e-05
[I 2024-06-20 21:38:21,058] Trial 37 finished with value: 1.0501960515975952 and parameters: {'hidden_size': 124, 'n_layers': 6, 'rnn_dropout': 0.6866510691432339, 'bidirectional': True, 'fc_dropout': 0.6915835440436799, 'learning_rate_model': 0.00019530977843660444}. Best is trial 23 with value: 0.9788602590560913.
Epoch 22: reducing lr to 0.00030221974546722956
Epoch 25: reducing lr to 0.0003072747990460338
Epoch 28: reducing lr to 0.0003053467104530231
Epoch 31: reducing lr to 0.00030102693974664517
Epoch 36: reducing lr to 0.00028871414407970143
Epoch 39: reducing lr to 0.0002784484062727346
Epoch 42: reducing lr to 0.0002662151878764577
Epoch 45: reducing lr to 0.0002522074141159129
Epoch 48: reducing lr to 0.0002366460020801515
Epoch 51: reducing lr to 0.00021977635953000194
Epoch 54: reducing lr to 0.0002018645443593624
Epoch 57: reducing lr to 0.00018319298157652011
Epoch 60: reducing lr to 0.0001640562156779249
Epoch 63: reducing lr to 0.00014475597459562333
Epoch 66: reducing lr to 0.0001255966915245591
Epoch 69: reducing lr to 0.00010688043569231833
Epoch 72: reducing lr to 8.890248448219103e-05
Epoch 75: reducing lr to 7.194627942619099e-05
Epoch 78: reducing lr to 5.627927996471097e-05
Epoch 81: reducing lr to 4.214851767312569e-05
Epoch 84: reducing lr to 2.9776884747085556e-05
Epoch 87: reducing lr to 1.9359438633970463e-05
Epoch 90: reducing lr to 1.1060530380080238e-05
Epoch 93: reducing lr to 5.010997142247198e-06
Epoch 96: reducing lr to 1.3062614969903443e-06
Epoch 99: reducing lr to 4.738374689014849e-09
[I 2024-06-20 21:39:45,681] Trial 38 finished with value: 1.2115222215652466 and parameters: {'hidden_size': 140, 'n_layers': 4, 'rnn_dropout': 0.3056822016252138, 'bidirectional': True, 'fc_dropout': 0.2539071567666215, 'learning_rate_model': 0.003073813202894127}. Best is trial 23 with value: 0.9788602590560913.
Epoch 3: reducing lr to 0.00014916374721123284
Epoch 6: reducing lr to 0.00032396547750102945
Epoch 9: reducing lr to 0.0005665258212770945
Epoch 13: reducing lr to 0.0009356757440372347
Epoch 16: reducing lr to 0.0011964610799370078
Epoch 22: reducing lr to 0.0015247568026607716
Epoch 25: reducing lr to 0.0015502605212221786
Epoch 37: reducing lr to 0.0014405109716936527
Epoch 44: reducing lr to 0.0012969209377681726
Epoch 47: reducing lr to 0.001220891573269057
Epoch 50: reducing lr to 0.0011378366495155595
Epoch 53: reducing lr to 0.0010490660596497849
Epoch 56: reducing lr to 0.0009559794950123757
Epoch 59: reducing lr to 0.0008600453991196163
Epoch 62: reducing lr to 0.0007627763581375473
Epoch 67: reducing lr to 0.0006018607198764401
Epoch 75: reducing lr to 0.00036298283162015477
Epoch 78: reducing lr to 0.0002839398029482753
Epoch 85: reducing lr to 0.0001315710678464888
Epoch 88: reducing lr to 8.249179304259408e-05
Epoch 91: reducing lr to 4.4340341645709647e-05
Epoch 94: reducing lr to 1.7718191017446207e-05
Epoch 97: reducing lr to 3.0452668124873393e-06
[I 2024-06-20 21:40:22,029] Trial 39 finished with value: 1.1016621589660645 and parameters: {'hidden_size': 95, 'n_layers': 7, 'rnn_dropout': 0.5422407131474489, 'bidirectional': False, 'fc_dropout': 0.2746769918195384, 'learning_rate_model': 0.015507979414037055}. Best is trial 23 with value: 0.9788602590560913.
Epoch 10: reducing lr to 5.46630854308891e-05
Epoch 23: reducing lr to 0.00012847691528247224
Epoch 53: reducing lr to 8.731848781278445e-05
Epoch 56: reducing lr to 7.957047424866338e-05
Epoch 59: reducing lr to 7.158544784733372e-05
Epoch 62: reducing lr to 6.348930796040475e-05
Epoch 65: reducing lr to 5.540975940368576e-05
Epoch 68: reducing lr to 4.7474185918649535e-05
Epoch 71: reducing lr to 3.980778323859715e-05
Epoch 74: reducing lr to 3.253142046176528e-05
Epoch 77: reducing lr to 2.5759871613943264e-05
Epoch 80: reducing lr to 1.9599908025768904e-05
Epoch 83: reducing lr to 1.4148694151711332e-05
Epoch 86: reducing lr to 9.492176450052081e-06
Epoch 89: reducing lr to 5.703818565150061e-06
Epoch 92: reducing lr to 2.843346401883683e-06
Epoch 95: reducing lr to 9.55879742746673e-07
Epoch 98: reducing lr to 7.118004094399267e-08
[I 2024-06-20 21:44:08,736] Trial 40 finished with value: 1.0067410469055176 and parameters: {'hidden_size': 178, 'n_layers': 7, 'rnn_dropout': 0.5301758499002098, 'bidirectional': True, 'fc_dropout': 0.6839183541579219, 'learning_rate_model': 0.001290798895846048}. Best is trial 23 with value: 0.9788602590560913.
Epoch 8: reducing lr to 2.257433789208368e-05
Epoch 22: reducing lr to 7.169434116624327e-05
Epoch 25: reducing lr to 7.289353063459561e-05
Epoch 28: reducing lr to 7.243613814631746e-05
Epoch 31: reducing lr to 7.141137679492326e-05
Epoch 34: reducing lr to 6.983540904033654e-05
Epoch 37: reducing lr to 6.773308692776388e-05
Epoch 40: reducing lr to 6.513756499360358e-05
Epoch 43: reducing lr to 6.208977808345968e-05
Epoch 46: reducing lr to 5.863778801083509e-05
Epoch 49: reducing lr to 5.4836039835702264e-05
Epoch 52: reducing lr to 5.074448694511499e-05
Epoch 55: reducing lr to 4.6427648978471746e-05
Epoch 58: reducing lr to 4.195362124368648e-05
Epoch 61: reducing lr to 3.739294203723882e-05
Epoch 64: reducing lr to 3.281755961505536e-05
Epoch 67: reducing lr to 2.8299600113331845e-05
Epoch 70: reducing lr to 2.3910344622646382e-05
Epoch 73: reducing lr to 1.9719000606384536e-05
Epoch 76: reducing lr to 1.5791662313433398e-05
Epoch 79: reducing lr to 1.2190277785739645e-05
Epoch 82: reducing lr to 8.971632350678418e-06
Epoch 85: reducing lr to 6.186495452476263e-06
Epoch 88: reducing lr to 3.878779057414487e-06
Epoch 91: reducing lr to 2.0848908992095422e-06
Epoch 94: reducing lr to 8.331125523996564e-07
Epoch 97: reducing lr to 1.4318899736384932e-07
[I 2024-06-20 21:45:01,897] Trial 41 finished with value: 1.0930531024932861 and parameters: {'hidden_size': 164, 'n_layers': 5, 'rnn_dropout': 0.5865140202300089, 'bidirectional': False, 'fc_dropout': 0.4550863925637725, 'learning_rate_model': 0.000729188002289183}. Best is trial 23 with value: 0.9788602590560913.
Epoch 6: reducing lr to 0.00036929915021775573
Epoch 9: reducing lr to 0.0006458018489744246
Epoch 15: reducing lr to 0.0012697981664823437
Epoch 18: reducing lr to 0.0015296533499350089
Epoch 22: reducing lr to 0.0017381215920130749
Epoch 25: reducing lr to 0.0017671941390781875
Epoch 28: reducing lr to 0.0017561053453607391
Epoch 31: reducing lr to 0.0017312615459402435
Epoch 34: reducing lr to 0.0016930545753759713
Epoch 37: reducing lr to 0.0016420869341676355
Epoch 40: reducing lr to 0.001579162404240695
Epoch 43: reducing lr to 0.0015052733894286004
Epoch 46: reducing lr to 0.0014215850761943529
Epoch 49: reducing lr to 0.001329417403221776
Epoch 52: reducing lr to 0.001230223850309378
Epoch 55: reducing lr to 0.001125568599183683
Epoch 58: reducing lr to 0.001017102518282488
Epoch 61: reducing lr to 0.0009065357026311561
Epoch 64: reducing lr to 0.0007956124296035972
Epoch 67: reducing lr to 0.0006860812890136104
Epoch 70: reducing lr to 0.0005796703838135438
Epoch 73: reducing lr to 0.00047805754497976406
Epoch 76: reducing lr to 0.00038284512828024047
Epoch 79: reducing lr to 0.0002955349709247027
Epoch 82: reducing lr to 0.00021750374786426527
Epoch 85: reducing lr to 0.00014998228800103126
Epoch 88: reducing lr to 9.403517098661266e-05
Epoch 91: reducing lr to 5.0545047628025586e-05
Epoch 94: reducing lr to 2.0197562211294456e-05
Epoch 97: reducing lr to 3.47140212195729e-06
[I 2024-06-20 21:45:07,179] Trial 42 finished with value: 1.2554529905319214 and parameters: {'hidden_size': 79, 'n_layers': 1, 'rnn_dropout': 0.3023393434624799, 'bidirectional': False, 'fc_dropout': 0.14529028106461103, 'learning_rate_model': 0.01767806762428918}. Best is trial 23 with value: 0.9788602590560913.
Epoch 25: reducing lr to 7.943452499824303e-06
Epoch 28: reducing lr to 7.893608906397238e-06
[I 2024-06-20 21:46:06,882] Trial 43 finished with value: 1.0916454792022705 and parameters: {'hidden_size': 177, 'n_layers': 5, 'rnn_dropout': 0.4555955301963006, 'bidirectional': False, 'fc_dropout': 0.276137640924172, 'learning_rate_model': 7.946206212265512e-05}. Best is trial 23 with value: 0.9788602590560913.
[I 2024-06-20 21:46:58,303] Trial 44 finished with value: 1.0584206581115723 and parameters: {'hidden_size': 125, 'n_layers': 3, 'rnn_dropout': 0.7330444427746806, 'bidirectional': True, 'fc_dropout': 0.08871304059522336, 'learning_rate_model': 5.91358615023068e-05}. Best is trial 23 with value: 0.9788602590560913.
Epoch 7: reducing lr to 7.53286110324208e-05
Epoch 10: reducing lr to 0.00012404401789451537
Epoch 13: reducing lr to 0.00017673005962973173
Epoch 22: reducing lr to 0.00028799545395114337
Epoch 25: reducing lr to 0.0002928125860942611
Epoch 28: reducing lr to 0.0002909752450272714
Epoch 31: reducing lr to 0.00028685878889160484
Epoch 34: reducing lr to 0.00028052814212769725
Epoch 37: reducing lr to 0.0002720831351534652
Epoch 41: reducing lr to 0.00025776885069344095
Epoch 46: reducing lr to 0.00023554741004890733
Epoch 49: reducing lr to 0.0002202758255180375
Epoch 52: reducing lr to 0.0002038400983334126
Epoch 55: reducing lr to 0.00018649940324348663
Epoch 58: reducing lr to 0.0001685272784215046
Epoch 61: reducing lr to 0.00015020707550143282
Epoch 64: reducing lr to 0.00013182780991028415
Epoch 67: reducing lr to 0.00011367921161834
Epoch 70: reducing lr to 9.60476160560574e-05
Epoch 73: reducing lr to 7.921102891412713e-05
Epoch 76: reducing lr to 6.343495013162587e-05
Epoch 79: reducing lr to 4.89682243756727e-05
Epoch 82: reducing lr to 3.603895774040469e-05
Epoch 85: reducing lr to 2.485109057730598e-05
Epoch 88: reducing lr to 1.5581016817297137e-05
Epoch 91: reducing lr to 8.374985963873752e-06
Epoch 94: reducing lr to 3.3466048200985095e-06
Epoch 97: reducing lr to 5.751887753733826e-07
[I 2024-06-20 21:47:33,620] Trial 45 finished with value: 1.1027613878250122 and parameters: {'hidden_size': 108, 'n_layers': 6, 'rnn_dropout': 0.1665555507270332, 'bidirectional': False, 'fc_dropout': 0.3326789746140219, 'learning_rate_model': 0.0029291409380281584}. Best is trial 23 with value: 0.9788602590560913.
Epoch 45: reducing lr to 0.00012306111703976603
Epoch 49: reducing lr to 0.00011278907738438572
Epoch 52: reducing lr to 0.00010437339899146323
Epoch 60: reducing lr to 8.004895981909359e-05
Epoch 65: reducing lr to 6.438254712818329e-05
Epoch 72: reducing lr to 4.33787368477627e-05
Epoch 75: reducing lr to 3.510519127313623e-05
Epoch 78: reducing lr to 2.746069572509874e-05
Epoch 81: reducing lr to 2.0565785841812427e-05
Epoch 84: reducing lr to 1.4529218785204295e-05
Epoch 87: reducing lr to 9.446170137029659e-06
Epoch 90: reducing lr to 5.3968327156289846e-06
Epoch 93: reducing lr to 2.4450467008262e-06
Epoch 96: reducing lr to 6.37372218137075e-07
Epoch 99: reducing lr to 2.31202434801403e-09
[I 2024-06-20 21:47:40,078] Trial 46 finished with value: 0.9782123565673828 and parameters: {'hidden_size': 59, 'n_layers': 1, 'rnn_dropout': 0.41268561357482386, 'bidirectional': True, 'fc_dropout': 0.4974449853923324, 'learning_rate_model': 0.0014998246092237527}. Best is trial 46 with value: 0.9782123565673828.
[I 2024-06-20 21:47:56,204] Trial 47 finished with value: 1.1021238565444946 and parameters: {'hidden_size': 137, 'n_layers': 2, 'rnn_dropout': 0.6012222537081952, 'bidirectional': False, 'fc_dropout': 0.6282368225772952, 'learning_rate_model': 1.2283488171661822e-05}. Best is trial 46 with value: 0.9782123565673828.
Epoch 9: reducing lr to 0.0007384013528984573
Epoch 13: reducing lr to 0.001219545887094589
Epoch 18: reducing lr to 0.0017489855516074856
Epoch 21: reducing lr to 0.0019480802787326533
Epoch 24: reducing lr to 0.0020211924639068355
Epoch 27: reducing lr to 0.0020138965622206887
Epoch 30: reducing lr to 0.0019906952921482394
Epoch 33: reducing lr to 0.0019520381816438258
Epoch 36: reducing lr to 0.0018985348749777386
Epoch 39: reducing lr to 0.0018310291374045782
Epoch 42: reducing lr to 0.001750585583686131
Epoch 45: reducing lr to 0.0016584728571345324
Epoch 48: reducing lr to 0.0015561436707762929
Epoch 51: reducing lr to 0.0014452117841104776
Epoch 54: reducing lr to 0.0013274267483824498
Epoch 57: reducing lr to 0.0012046457421849266
Epoch 60: reducing lr to 0.0010788056397937596
Epoch 63: reducing lr to 0.0009518905525297555
Epoch 66: reducing lr to 0.0008259023810602463
Epoch 72: reducing lr to 0.0005846075459850447
Epoch 75: reducing lr to 0.0004731064390728625
Epoch 87: reducing lr to 0.0001273043602478926
Epoch 95: reducing lr to 1.4968306356896374e-05
Epoch 98: reducing lr to 1.114622071898136e-06
[I 2024-06-20 21:48:22,731] Trial 48 finished with value: 1.0979629755020142 and parameters: {'hidden_size': 76, 'n_layers': 7, 'rnn_dropout': 0.6757676860816557, 'bidirectional': False, 'fc_dropout': 0.7598447930829013, 'learning_rate_model': 0.020212870358199457}. Best is trial 46 with value: 0.9782123565673828.
[I 2024-06-20 21:48:41,519] Trial 49 finished with value: 1.091343641281128 and parameters: {'hidden_size': 174, 'n_layers': 1, 'rnn_dropout': 0.5210434658727928, 'bidirectional': True, 'fc_dropout': 0.6396922093888224, 'learning_rate_model': 1.3749435862460687e-05}. Best is trial 46 with value: 0.9782123565673828.
Epoch 16: reducing lr to 0.0011849446707331538
Epoch 23: reducing lr to 0.0015286963459704552
Epoch 27: reducing lr to 0.0015302552637857453
Epoch 30: reducing lr to 0.0015126258252530478
Epoch 33: reducing lr to 0.0014832522973659468
Epoch 36: reducing lr to 0.0014425979171005365
Epoch 39: reducing lr to 0.0013913038177932912
Epoch 42: reducing lr to 0.0013301789448357912
Epoch 45: reducing lr to 0.0012601872743044056
Epoch 48: reducing lr to 0.0011824326472788052
Epoch 51: reducing lr to 0.0010981412756778416
Epoch 54: reducing lr to 0.00100864255250645
Epoch 57: reducing lr to 0.0009153476511935986
Epoch 60: reducing lr to 0.000819728301773249
Epoch 63: reducing lr to 0.0007232921272532355
Epoch 66: reducing lr to 0.0006275602678406713
Epoch 69: reducing lr to 0.0005340420518711142
Epoch 72: reducing lr to 0.00044421287134331443
Epoch 75: reducing lr to 0.0003594889788797618
Epoch 78: reducing lr to 0.00028120677049544695
Epoch 81: reducing lr to 0.00021060057171061586
Epoch 84: reducing lr to 0.0001487840924829441
Epoch 87: reducing lr to 9.673196281610556e-05
Epoch 90: reducing lr to 5.526538417157077e-05
Epoch 93: reducing lr to 2.503810148631637e-05
Epoch 96: reducing lr to 6.526906122849077e-06
Epoch 99: reducing lr to 2.367590780354839e-08
[I 2024-06-20 21:49:43,718] Trial 50 finished with value: 1.2480340003967285 and parameters: {'hidden_size': 158, 'n_layers': 6, 'rnn_dropout': 0.20775871463868248, 'bidirectional': False, 'fc_dropout': 0.27623796927286526, 'learning_rate_model': 0.015358709003280025}. Best is trial 46 with value: 0.9782123565673828.
Epoch 16: reducing lr to 0.00011313080452181197
Epoch 34: reducing lr to 0.0001404344579881207
Epoch 47: reducing lr to 0.00011544081812097143
Epoch 60: reducing lr to 7.82623227559883e-05
Epoch 63: reducing lr to 6.905522450244303e-05
Epoch 72: reducing lr to 4.24105536361625e-05
Epoch 75: reducing lr to 3.432166783975583e-05
Epoch 78: reducing lr to 2.684779211121048e-05
Epoch 81: reducing lr to 2.0106771817146683e-05
Epoch 84: reducing lr to 1.4204936735340356e-05
Epoch 87: reducing lr to 9.235338194811342e-06
Epoch 90: reducing lr to 5.276379166014927e-06
Epoch 93: reducing lr to 2.390474960398928e-06
Epoch 96: reducing lr to 6.23146513886925e-07
Epoch 99: reducing lr to 2.2604215738986425e-09
[I 2024-06-20 21:50:57,128] Trial 51 finished with value: 1.0179805755615234 and parameters: {'hidden_size': 98, 'n_layers': 6, 'rnn_dropout': 0.7923774268990726, 'bidirectional': True, 'fc_dropout': 0.7210467490794191, 'learning_rate_model': 0.0014663495679358655}. Best is trial 46 with value: 0.9782123565673828.
Epoch 57: reducing lr to 1.57780033295483e-05
Epoch 73: reducing lr to 7.159225960909953e-06
Epoch 78: reducing lr to 4.847208987080555e-06
Epoch 85: reducing lr to 2.2460833454246807e-06
Epoch 88: reducing lr to 1.4082384943730217e-06
Epoch 91: reducing lr to 7.569453112371809e-07
Epoch 94: reducing lr to 3.0247176987096157e-07
Epoch 97: reducing lr to 5.1986528511595125e-08
[I 2024-06-20 21:54:01,476] Trial 52 finished with value: 1.0340096950531006 and parameters: {'hidden_size': 196, 'n_layers': 5, 'rnn_dropout': 0.7951304196883832, 'bidirectional': True, 'fc_dropout': 0.10834232245773592, 'learning_rate_model': 0.000264740682379336}. Best is trial 46 with value: 0.9782123565673828.
Epoch 12: reducing lr to 0.0003205300730977614
Epoch 15: reducing lr to 0.00042365347670627555
Epoch 22: reducing lr to 0.0005799041728296783
Epoch 25: reducing lr to 0.0005896038920180925
Epoch 28: reducing lr to 0.0005859042442040703
Epoch 31: reducing lr to 0.0005776153977740556
Epoch 34: reducing lr to 0.0005648680837983165
Epoch 37: reducing lr to 0.0005478633196024078
Epoch 40: reducing lr to 0.0005268692777323473
Epoch 43: reducing lr to 0.0005022170622528876
Epoch 46: reducing lr to 0.0004742954241554005
Epoch 49: reducing lr to 0.00044354474572047293
Epoch 52: reducing lr to 0.0004104499636775902
Epoch 55: reducing lr to 0.00037553294917457274
Epoch 58: reducing lr to 0.00033934449537817614
Epoch 61: reducing lr to 0.0003024551557213134
Epoch 64: reducing lr to 0.00026544688818227053
Epoch 67: reducing lr to 0.0002289030895350412
Epoch 70: reducing lr to 0.0001934003213491675
Epoch 73: reducing lr to 0.00015949837253065514
Epoch 76: reducing lr to 0.00012773185055488037
Epoch 79: reducing lr to 9.860182604246913e-05
Epoch 82: reducing lr to 7.256761067359939e-05
Epoch 85: reducing lr to 5.003985628048418e-05
Epoch 88: reducing lr to 3.137374755510132e-05
Epoch 91: reducing lr to 1.68637707339098e-05
Epoch 94: reducing lr to 6.738683105450214e-06
Epoch 97: reducing lr to 1.1581931812728631e-06
