[I 2024-06-21 00:34:24,662] Trial 319 finished with value: 0.9788414835929871 and parameters: {'hidden_size': 149, 'n_layers': 1, 'rnn_dropout': 0.33811192675088586, 'bidirectional': True, 'fc_dropout': 0.5768945088627818, 'learning_rate_model': 0.0015045598807222446}. Best is trial 235 with value: 0.9706074595451355.
Epoch 23: reducing lr to 0.0001224506305606688
Epoch 27: reducing lr to 0.00012257550197151355
Epoch 33: reducing lr to 0.00011881050122987019
Epoch 36: reducing lr to 0.00011555403076621347
Epoch 39: reducing lr to 0.0001114453045167068
Epoch 44: reducing lr to 0.00010288517396050926
Epoch 48: reducing lr to 9.471444321592491e-05
Epoch 55: reducing lr to 7.833064240497641e-05
Epoch 61: reducing lr to 6.30876909693862e-05
Epoch 64: reducing lr to 5.536831141294447e-05
Epoch 67: reducing lr to 4.774581322670703e-05
Epoch 72: reducing lr to 3.5582047633288047e-05
Epoch 75: reducing lr to 2.879555005117318e-05
Epoch 78: reducing lr to 2.2525040015868696e-05
Epoch 81: reducing lr to 1.6869388659414437e-05
Epoch 84: reducing lr to 1.1917805645285102e-05
Epoch 87: reducing lr to 7.748360145836482e-06
Epoch 90: reducing lr to 4.426831501118324e-06
Epoch 93: reducing lr to 2.0055855586513906e-06
Epoch 96: reducing lr to 5.228139469685284e-07
Epoch 99: reducing lr to 1.896472015061948e-09
[I 2024-06-21 00:34:40,437] Trial 320 finished with value: 0.9783030152320862 and parameters: {'hidden_size': 154, 'n_layers': 1, 'rnn_dropout': 0.3387119925327068, 'bidirectional': True, 'fc_dropout': 0.5424637655497996, 'learning_rate_model': 0.0012302532200111687}. Best is trial 235 with value: 0.9706074595451355.
Epoch 27: reducing lr to 0.00018014307398954535
Epoch 31: reducing lr to 0.0001770664544736283
Epoch 34: reducing lr to 0.00017315879948651323
Epoch 40: reducing lr to 0.0001615103671727956
Epoch 46: reducing lr to 0.00014539399304779857
Epoch 49: reducing lr to 0.00013596745486319645
Epoch 52: reducing lr to 0.0001258223379904586
Epoch 55: reducing lr to 0.00011511862063340851
Epoch 58: reducing lr to 0.00010402514696337803
Epoch 61: reducing lr to 9.27168186084107e-05
Epoch 64: reducing lr to 8.137203322941516e-05
Epoch 67: reducing lr to 7.01696295462741e-05
Epoch 70: reducing lr to 5.9286350965236665e-05
Epoch 73: reducing lr to 4.88937992774291e-05
Epoch 76: reducing lr to 3.915585697380434e-05
Epoch 79: reducing lr to 3.0226125912237012e-05
Epoch 82: reducing lr to 2.22454068591556e-05
Epoch 85: reducing lr to 1.5339584034809857e-05
Epoch 88: reducing lr to 9.61753835604204e-06
Epoch 91: reducing lr to 5.169543790585658e-06
Epoch 94: reducing lr to 2.065725273082378e-06
Epoch 97: reducing lr to 3.5504102036377183e-07
[I 2024-06-21 00:34:55,416] Trial 321 finished with value: 0.983093798160553 and parameters: {'hidden_size': 152, 'n_layers': 1, 'rnn_dropout': 0.3658291134461264, 'bidirectional': True, 'fc_dropout': 0.6053659553666249, 'learning_rate_model': 0.0018080415195024294}. Best is trial 235 with value: 0.9706074595451355.
Epoch 27: reducing lr to 0.000148036219209122
Epoch 36: reducing lr to 0.00013955628615724757
Epoch 40: reducing lr to 0.00013272441504315254
Epoch 46: reducing lr to 0.00011948045822601317
Epoch 61: reducing lr to 7.619192334135284e-05
Epoch 64: reducing lr to 6.686911620782467e-05
Epoch 67: reducing lr to 5.766331411630051e-05
Epoch 72: reducing lr to 4.29729572274156e-05
Epoch 75: reducing lr to 3.477680524297086e-05
Epoch 78: reducing lr to 2.720381893486616e-05
Epoch 81: reducing lr to 2.0373406409457895e-05
Epoch 84: reducing lr to 1.4393307476783988e-05
Epoch 87: reducing lr to 9.357807413481718e-06
Epoch 90: reducing lr to 5.346348886694314e-06
Epoch 93: reducing lr to 2.4221748932520217e-06
Epoch 96: reducing lr to 6.314100192467923e-07
Epoch 99: reducing lr to 2.2903968772578984e-09
[I 2024-06-21 00:35:10,236] Trial 322 finished with value: 0.9780912399291992 and parameters: {'hidden_size': 146, 'n_layers': 1, 'rnn_dropout': 0.327297658659157, 'bidirectional': True, 'fc_dropout': 0.5893932841818849, 'learning_rate_model': 0.0014857947341111164}. Best is trial 235 with value: 0.9706074595451355.
Epoch 27: reducing lr to 0.0001170815143105022
Epoch 36: reducing lr to 0.00011037475424685446
Epoch 40: reducing lr to 0.00010497144267968675
Epoch 44: reducing lr to 9.82737314850674e-05
Epoch 47: reducing lr to 9.251263292140001e-05
Epoch 55: reducing lr to 7.481976481581471e-05
Epoch 61: reducing lr to 6.0260021572380135e-05
Epoch 64: reducing lr to 5.288663428479821e-05
Epoch 72: reducing lr to 3.398721565212892e-05
Epoch 75: reducing lr to 2.7504897399308482e-05
Epoch 78: reducing lr to 2.151543948459998e-05
Epoch 81: reducing lr to 1.6113281511958753e-05
Epoch 86: reducing lr to 8.641445162859795e-06
Epoch 89: reducing lr to 5.192616847043085e-06
Epoch 92: reducing lr to 2.588512986477173e-06
Epoch 95: reducing lr to 8.702095270456643e-07
Epoch 98: reducing lr to 6.480056747198201e-08
[I 2024-06-21 00:35:24,084] Trial 323 finished with value: 0.9767931699752808 and parameters: {'hidden_size': 138, 'n_layers': 1, 'rnn_dropout': 0.34798081956707755, 'bidirectional': True, 'fc_dropout': 0.5301359170006927, 'learning_rate_model': 0.0011751117284247697}. Best is trial 235 with value: 0.9706074595451355.
Epoch 27: reducing lr to 0.00011811058847979651
Epoch 40: reducing lr to 0.00010589407680183132
Epoch 44: reducing lr to 9.91374968641455e-05
Epoch 47: reducing lr to 9.332576180373016e-05
Epoch 55: reducing lr to 7.547738431944051e-05
Epoch 61: reducing lr to 6.078966992896697e-05
Epoch 64: reducing lr to 5.33514751229434e-05
Epoch 72: reducing lr to 3.428594227793157e-05
Epoch 75: reducing lr to 2.7746648452917632e-05
Epoch 78: reducing lr to 2.1704546903862588e-05
Epoch 81: reducing lr to 1.625490730048887e-05
Epoch 84: reducing lr to 1.1483689770893962e-05
Epoch 87: reducing lr to 7.466119753609746e-06
Epoch 90: reducing lr to 4.265580522113603e-06
Epoch 93: reducing lr to 1.932530454853412e-06
Epoch 96: reducing lr to 5.037700188757722e-07
Epoch 99: reducing lr to 1.8273914618484322e-09
[I 2024-06-21 00:35:37,721] Trial 324 finished with value: 0.9775627255439758 and parameters: {'hidden_size': 137, 'n_layers': 1, 'rnn_dropout': 0.34480610653813476, 'bidirectional': True, 'fc_dropout': 0.529496902280768, 'learning_rate_model': 0.0011854402344479299}. Best is trial 235 with value: 0.9706074595451355.
Epoch 27: reducing lr to 0.00011913637801508709
Epoch 33: reducing lr to 0.00011547701260871291
Epoch 36: reducing lr to 0.00011231190955049062
Epoch 40: reducing lr to 0.00010681376602894202
Epoch 44: reducing lr to 9.999850524745008e-05
Epoch 47: reducing lr to 9.413629531358277e-05
Epoch 55: reducing lr to 7.61329048107234e-05
Epoch 64: reducing lr to 5.3814832266259914e-05
Epoch 72: reducing lr to 3.458371541790957e-05
Epoch 75: reducing lr to 2.798762787727515e-05
Epoch 78: reducing lr to 2.1893050723619727e-05
Epoch 81: reducing lr to 1.6396081043000642e-05
Epoch 84: reducing lr to 1.1583425526554176e-05
Epoch 87: reducing lr to 7.530962945156354e-06
Epoch 90: reducing lr to 4.302627055517921e-06
Epoch 93: reducing lr to 1.94931446670819e-06
Epoch 96: reducing lr to 5.081452575415608e-07
Epoch 99: reducing lr to 1.8432623423480024e-09
[I 2024-06-21 00:35:51,894] Trial 325 finished with value: 0.9785346984863281 and parameters: {'hidden_size': 135, 'n_layers': 1, 'rnn_dropout': 0.35869171474634415, 'bidirectional': True, 'fc_dropout': 0.5317829677395475, 'learning_rate_model': 0.0011957357735935764}. Best is trial 235 with value: 0.9706074595451355.
Epoch 27: reducing lr to 0.00017789939625633447
Epoch 33: reducing lr to 0.0001724350795856292
Epoch 36: reducing lr to 0.0001677088160167005
Epoch 40: reducing lr to 0.00015949875936305353
Epoch 46: reducing lr to 0.00014358311429726222
Epoch 61: reducing lr to 9.15620328217647e-05
Epoch 64: reducing lr to 8.035854647680466e-05
Epoch 67: reducing lr to 6.929566846703899e-05
Epoch 70: reducing lr to 5.854794086376507e-05
Epoch 73: reducing lr to 4.828482816185229e-05
Epoch 76: reducing lr to 3.8668171699698204e-05
Epoch 79: reducing lr to 2.984966022766425e-05
Epoch 82: reducing lr to 2.196834084195751e-05
Epoch 85: reducing lr to 1.5148529877836732e-05
Epoch 88: reducing lr to 9.497752142895666e-06
Epoch 91: reducing lr to 5.105157244731187e-06
Epoch 94: reducing lr to 2.0399967135796515e-06
Epoch 97: reducing lr to 3.5061899283795725e-07
[I 2024-06-21 00:36:06,023] Trial 326 finished with value: 0.980664849281311 and parameters: {'hidden_size': 139, 'n_layers': 1, 'rnn_dropout': 0.36491408441996104, 'bidirectional': True, 'fc_dropout': 0.5307064805780755, 'learning_rate_model': 0.0017855224050664018}. Best is trial 235 with value: 0.9706074595451355.
Epoch 27: reducing lr to 0.00012124645130821392
Epoch 33: reducing lr to 0.00011752227337906182
Epoch 36: reducing lr to 0.00011430111188139038
Epoch 39: reducing lr to 0.000110236935360495
Epoch 44: reducing lr to 0.00010176961982043572
Epoch 47: reducing lr to 9.580358188015892e-05
Epoch 55: reducing lr to 7.74813259382226e-05
Epoch 61: reducing lr to 6.240364940985507e-05
Epoch 64: reducing lr to 5.476796884998881e-05
Epoch 72: reducing lr to 3.519624179730973e-05
Epoch 75: reducing lr to 2.8483328242736412e-05
Epoch 78: reducing lr to 2.2280807531461666e-05
Epoch 81: reducing lr to 1.6686478764479104e-05
Epoch 84: reducing lr to 1.1788584330722383e-05
Epoch 87: reducing lr to 7.664346921124554e-06
Epoch 90: reducing lr to 4.378832649404481e-06
Epoch 93: reducing lr to 1.9838395753663016e-06
Epoch 96: reducing lr to 5.171452267770755e-07
Epoch 99: reducing lr to 1.8759091182990116e-09
[I 2024-06-21 00:36:20,048] Trial 327 finished with value: 0.9780260920524597 and parameters: {'hidden_size': 144, 'n_layers': 1, 'rnn_dropout': 0.3386416484216566, 'bidirectional': True, 'fc_dropout': 0.5755194766951085, 'learning_rate_model': 0.0012169139406952877}. Best is trial 235 with value: 0.9706074595451355.
Epoch 33: reducing lr to 8.639704345206629e-05
Epoch 40: reducing lr to 7.991541672584845e-05
Epoch 43: reducing lr to 7.617617407777503e-05
Epoch 48: reducing lr to 6.88747861624813e-05
Epoch 51: reducing lr to 6.39649503187914e-05
Epoch 54: reducing lr to 5.875179468203633e-05
Epoch 64: reducing lr to 4.026292589875078e-05
Epoch 72: reducing lr to 2.587468013066338e-05
Epoch 75: reducing lr to 2.0939650647411692e-05
Epoch 78: reducing lr to 1.6379838826244014e-05
Epoch 81: reducing lr to 1.226714212910669e-05
Epoch 84: reducing lr to 8.666432356823598e-06
Epoch 87: reducing lr to 5.634480128207634e-06
Epoch 90: reducing lr to 3.219119098042645e-06
Epoch 93: reducing lr to 1.4584288498403872e-06
Epoch 96: reducing lr to 3.801817080646198e-07
Epoch 99: reducing lr to 1.3790832745740057e-09
[I 2024-06-21 00:36:36,300] Trial 328 finished with value: 0.9801841974258423 and parameters: {'hidden_size': 156, 'n_layers': 1, 'rnn_dropout': 0.3153726401250342, 'bidirectional': True, 'fc_dropout': 0.5510901701185682, 'learning_rate_model': 0.0008946199183244162}. Best is trial 235 with value: 0.9706074595451355.
Epoch 33: reducing lr to 6.120851333407329e-05
Epoch 38: reducing lr to 5.8166563794075965e-05
Epoch 41: reducing lr to 5.577526984954744e-05
Epoch 50: reducing lr to 4.6502490849350324e-05
Epoch 55: reducing lr to 4.03541952982363e-05
Epoch 61: reducing lr to 3.250136758908605e-05
Epoch 64: reducing lr to 2.852451586621454e-05
Epoch 67: reducing lr to 2.4597575258762868e-05
Epoch 70: reducing lr to 2.078250218954264e-05
Epoch 73: reducing lr to 1.713945071664224e-05
Epoch 76: reducing lr to 1.3725868940199483e-05
Epoch 79: reducing lr to 1.05956011413284e-05
Epoch 82: reducing lr to 7.79800424938875e-06
Epoch 85: reducing lr to 5.377206281038266e-06
Epoch 88: reducing lr to 3.371374839035955e-06
Epoch 91: reducing lr to 1.81215496311756e-06
Epoch 94: reducing lr to 7.241285609903953e-07
Epoch 97: reducing lr to 1.2445766458816153e-07
[I 2024-06-21 00:36:50,874] Trial 329 finished with value: 0.9831456542015076 and parameters: {'hidden_size': 145, 'n_layers': 1, 'rnn_dropout': 0.41564092171261313, 'bidirectional': True, 'fc_dropout': 0.4967512174144121, 'learning_rate_model': 0.0006337989474149995}. Best is trial 235 with value: 0.9706074595451355.
Epoch 27: reducing lr to 0.0001493234722896338
Epoch 33: reducing lr to 0.00014473688708400366
Epoch 36: reducing lr to 0.00014076980174296334
Epoch 40: reducing lr to 0.0001338785239027018
Epoch 44: reducing lr to 0.00012533639410652097
Epoch 48: reducing lr to 0.00011538267687672293
Epoch 61: reducing lr to 7.6854452339697e-05
Epoch 64: reducing lr to 6.745057847624444e-05
Epoch 67: reducing lr to 5.816472707540798e-05
Epoch 72: reducing lr to 4.334662977772271e-05
Epoch 75: reducing lr to 3.507920792468306e-05
Epoch 78: reducing lr to 2.7440370502534355e-05
Epoch 81: reducing lr to 2.0550563934158287e-05
Epoch 84: reducing lr to 1.4518464884121364e-05
Epoch 87: reducing lr to 9.439178489318397e-06
Epoch 90: reducing lr to 5.392838212824459e-06
Epoch 93: reducing lr to 2.4432369827158926e-06
Epoch 96: reducing lr to 6.369004627117909e-07
Epoch 99: reducing lr to 2.310313087301903e-09
[I 2024-06-21 00:37:05,040] Trial 330 finished with value: 0.9781490564346313 and parameters: {'hidden_size': 139, 'n_layers': 1, 'rnn_dropout': 0.3491130599622304, 'bidirectional': True, 'fc_dropout': 0.5353421425565738, 'learning_rate_model': 0.0014987145037371628}. Best is trial 235 with value: 0.9706074595451355.
Epoch 38: reducing lr to 4.5031577668613176e-05
Epoch 41: reducing lr to 4.3180278022088624e-05
Epoch 50: reducing lr to 3.600144811510709e-05
Epoch 55: reducing lr to 3.124154086633511e-05
Epoch 61: reducing lr to 2.516201342244556e-05
Epoch 64: reducing lr to 2.2083201549200857e-05
Epoch 67: reducing lr to 1.9043030024017842e-05
Epoch 73: reducing lr to 1.3269075149019709e-05
Epoch 76: reducing lr to 1.0626337416767757e-05
Epoch 79: reducing lr to 8.202936612012322e-06
Epoch 82: reducing lr to 6.037084041266488e-06
Epoch 85: reducing lr to 4.162942874569303e-06
Epoch 88: reducing lr to 2.6100618295337275e-06
Epoch 91: reducing lr to 1.4029399649271126e-06
Epoch 94: reducing lr to 5.60608181218047e-07
Epoch 97: reducing lr to 9.635303555488497e-08
[I 2024-06-21 00:37:19,925] Trial 331 finished with value: 0.9826584458351135 and parameters: {'hidden_size': 142, 'n_layers': 1, 'rnn_dropout': 0.36637715486076167, 'bidirectional': True, 'fc_dropout': 0.5460018231035171, 'learning_rate_model': 0.0004906765100968645}. Best is trial 235 with value: 0.9706074595451355.
Epoch 23: reducing lr to 0.00011927614138228213
Epoch 27: reducing lr to 0.000119397775546078
Epoch 33: reducing lr to 0.00011573038111365689
Epoch 36: reducing lr to 0.00011255833349208177
Epoch 39: reducing lr to 0.00010855612451370953
Epoch 44: reducing lr to 0.00010021791230690555
Epoch 48: reducing lr to 9.225900485967321e-05
Epoch 55: reducing lr to 7.629994827533309e-05
Epoch 61: reducing lr to 6.145216495082075e-05
Epoch 64: reducing lr to 5.3932907572219856e-05
Epoch 67: reducing lr to 4.6508019948653165e-05
Epoch 72: reducing lr to 3.465959566518039e-05
Epoch 75: reducing lr to 2.804903562650591e-05
Epoch 78: reducing lr to 2.1941086340451125e-05
Epoch 81: reducing lr to 1.643205574001572e-05
Epoch 84: reducing lr to 1.1608840759781062e-05
Epoch 87: reducing lr to 7.5474866564916036e-06
Epoch 90: reducing lr to 4.312067464130528e-06
Epoch 93: reducing lr to 1.953591464189672e-06
Epoch 96: reducing lr to 5.092601807742472e-07
Epoch 99: reducing lr to 1.8473066505089382e-09
[I 2024-06-21 00:37:35,661] Trial 332 finished with value: 0.9783880710601807 and parameters: {'hidden_size': 154, 'n_layers': 1, 'rnn_dropout': 0.39938509905507985, 'bidirectional': True, 'fc_dropout': 0.5639265723737766, 'learning_rate_model': 0.0011983593415091235}. Best is trial 235 with value: 0.9706074595451355.
Epoch 38: reducing lr to 3.232602925510198e-05
Epoch 41: reducing lr to 3.099706923122912e-05
Epoch 55: reducing lr to 2.2426817275902805e-05
Epoch 61: reducing lr to 1.806261348418561e-05
Epoch 65: reducing lr to 1.512022124254678e-05
Epoch 68: reducing lr to 1.2954761076837157e-05
Epoch 73: reducing lr to 9.525238369659092e-06
Epoch 76: reducing lr to 7.6281425611353275e-06
Epoch 79: reducing lr to 5.888498307765904e-06
Epoch 82: reducing lr to 4.3337356903112e-06
Epoch 85: reducing lr to 2.9883788247650337e-06
Epoch 88: reducing lr to 1.8736393310496846e-06
Epoch 91: reducing lr to 1.0071039190127114e-06
Epoch 94: reducing lr to 4.0243396756083743e-07
Epoch 97: reducing lr to 6.916726456013115e-08
[I 2024-06-21 00:37:49,235] Trial 333 finished with value: 0.9834310412406921 and parameters: {'hidden_size': 137, 'n_layers': 1, 'rnn_dropout': 0.3711366599415816, 'bidirectional': True, 'fc_dropout': 0.5313056601935393, 'learning_rate_model': 0.00035223334471885646}. Best is trial 235 with value: 0.9706074595451355.
Epoch 23: reducing lr to 8.995587515463961e-05
Epoch 33: reducing lr to 8.728172788296978e-05
Epoch 40: reducing lr to 8.073373089658448e-05
Epoch 43: reducing lr to 7.695619932539582e-05
Epoch 46: reducing lr to 7.26776844989923e-05
Epoch 49: reducing lr to 6.796566749102012e-05
Epoch 52: reducing lr to 6.289445658452931e-05
Epoch 55: reducing lr to 5.754401963225211e-05
Epoch 64: reducing lr to 4.0675208336459506e-05
Epoch 72: reducing lr to 2.613963047793892e-05
Epoch 75: reducing lr to 2.1154067509102113e-05
Epoch 78: reducing lr to 1.6547564338730165e-05
Epoch 81: reducing lr to 1.2392754641059388e-05
Epoch 84: reducing lr to 8.755174488165316e-06
Epoch 87: reducing lr to 5.692175816005398e-06
Epoch 90: reducing lr to 3.252082084199016e-06
Epoch 93: reducing lr to 1.4733628018077277e-06
Epoch 96: reducing lr to 3.840746750528347e-07
Epoch 99: reducing lr to 1.3932047474018993e-09
[I 2024-06-21 00:38:05,888] Trial 334 finished with value: 0.9801112413406372 and parameters: {'hidden_size': 157, 'n_layers': 1, 'rnn_dropout': 0.34143933275762756, 'bidirectional': True, 'fc_dropout': 0.5003813310150047, 'learning_rate_model': 0.0009037806057935061}. Best is trial 235 with value: 0.9706074595451355.
Epoch 27: reducing lr to 0.00014536966370977256
Epoch 33: reducing lr to 0.00014090452277315267
Epoch 36: reducing lr to 0.00013704247849376152
Epoch 40: reducing lr to 0.00013033366890871298
Epoch 46: reducing lr to 0.00011732827361437229
Epoch 61: reducing lr to 7.481948899199345e-05
Epoch 64: reducing lr to 6.56646122660648e-05
Epoch 67: reducing lr to 5.662463298685121e-05
Epoch 70: reducing lr to 4.784217739559713e-05
Epoch 73: reducing lr to 3.945572261559991e-05
Epoch 76: reducing lr to 3.159751654332396e-05
Epoch 79: reducing lr to 2.4391510935170038e-05
Epoch 82: reducing lr to 1.7951327478680622e-05
Epoch 85: reducing lr to 1.2378550688646092e-05
Epoch 88: reducing lr to 7.761043961172841e-06
Epoch 91: reducing lr to 4.171655483207744e-06
Epoch 94: reducing lr to 1.666973820387864e-06
Epoch 97: reducing lr to 2.8650667822207114e-07
[I 2024-06-21 00:38:21,695] Trial 335 finished with value: 0.9790756106376648 and parameters: {'hidden_size': 150, 'n_layers': 1, 'rnn_dropout': 0.41088568447279245, 'bidirectional': True, 'fc_dropout': 0.5856359158834807, 'learning_rate_model': 0.0014590313235058265}. Best is trial 235 with value: 0.9706074595451355.
Epoch 27: reducing lr to 0.00011806839117180925
Epoch 36: reducing lr to 0.00011130510001219707
Epoch 40: reducing lr to 0.00010585624408056267
Epoch 44: reducing lr to 9.910207806264677e-05
Epoch 48: reducing lr to 9.123178572694574e-05
Epoch 56: reducing lr to 7.30495990789078e-05
Epoch 61: reducing lr to 6.076795163548073e-05
Epoch 64: reducing lr to 5.3332414269413557e-05
Epoch 67: reducing lr to 4.5990195937986754e-05
Epoch 72: reducing lr to 3.427369295731979e-05
Epoch 75: reducing lr to 2.77367354223803e-05
Epoch 78: reducing lr to 2.1696792531776097e-05
Epoch 81: reducing lr to 1.6249099918284685e-05
Epoch 84: reducing lr to 1.1479586999073678e-05
Epoch 87: reducing lr to 7.463452336921978e-06
Epoch 90: reducing lr to 4.264056560398123e-06
Epoch 93: reducing lr to 1.9318400207115866e-06
Epoch 96: reducing lr to 5.03590037225399e-07
Epoch 99: reducing lr to 1.8267385906451522e-09
[I 2024-06-21 00:38:40,054] Trial 336 finished with value: 0.9784876108169556 and parameters: {'hidden_size': 172, 'n_layers': 1, 'rnn_dropout': 0.39261575231379864, 'bidirectional': True, 'fc_dropout': 0.5649837208401428, 'learning_rate_model': 0.0011850167128372316}. Best is trial 235 with value: 0.9706074595451355.
Epoch 27: reducing lr to 0.00016596285864821104
Epoch 36: reducing lr to 0.00015645603702068455
Epoch 40: reducing lr to 0.00014879685154520547
Epoch 48: reducing lr to 0.00012823997861368465
Epoch 52: reducing lr to 0.00011591805575555903
Epoch 57: reducing lr to 9.927344570813054e-05
Epoch 60: reducing lr to 8.890311015207182e-05
Epoch 63: reducing lr to 7.844418635079411e-05
Epoch 66: reducing lr to 6.806164859528777e-05
Epoch 69: reducing lr to 5.791919012754711e-05
Epoch 72: reducing lr to 4.8176823645802245e-05
Epoch 75: reducing lr to 3.898814792494974e-05
Epoch 78: reducing lr to 3.0498100942451756e-05
Epoch 81: reducing lr to 2.284055068536271e-05
Epoch 84: reducing lr to 1.613628385682619e-05
Epoch 87: reducing lr to 1.0491003332278762e-05
Epoch 90: reducing lr to 5.9937719924678605e-06
Epoch 93: reducing lr to 2.7154913275795205e-06
Epoch 96: reducing lr to 7.078714407403666e-07
Epoch 99: reducing lr to 2.5677554805082077e-09
