[I 2024-06-21 06:17:36,603] Trial 993 finished with value: 0.9713022708892822 and parameters: {'hidden_size': 133, 'n_layers': 2, 'rnn_dropout': 0.5986433721671351, 'bidirectional': True, 'fc_dropout': 0.13408862234061764, 'learning_rate_model': 0.0007639131907725003}. Best is trial 690 with value: 0.966281533241272.
Epoch 30: reducing lr to 0.00010168805214427905
Epoch 40: reducing lr to 9.223274511446102e-05
Epoch 43: reducing lr to 8.791717462492711e-05
Epoch 49: reducing lr to 7.764610921131939e-05
Epoch 52: reducing lr to 7.185259889331886e-05
Epoch 55: reducing lr to 6.574009198709766e-05
Epoch 58: reducing lr to 5.9405009308799796e-05
Epoch 61: reducing lr to 5.2947230869608593e-05
Epoch 64: reducing lr to 4.646863313897693e-05
Epoch 67: reducing lr to 4.0071344459229054e-05
Epoch 70: reducing lr to 3.3856296614649735e-05
Epoch 73: reducing lr to 2.7921485198581886e-05
Epoch 76: reducing lr to 2.2360497590469794e-05
Epoch 79: reducing lr to 1.726105027102273e-05
Epoch 82: reducing lr to 1.2703549479352403e-05
Epoch 85: reducing lr to 8.759883153078384e-06
Epoch 88: reducing lr to 5.4922292565426745e-06
Epoch 91: reducing lr to 2.9521399965924114e-06
Epoch 94: reducing lr to 1.1796611940388235e-06
Epoch 97: reducing lr to 2.0275112062222503e-07
[I 2024-06-21 06:18:10,079] Trial 994 finished with value: 0.9759728908538818 and parameters: {'hidden_size': 127, 'n_layers': 2, 'rnn_dropout': 0.5891452899104724, 'bidirectional': True, 'fc_dropout': 0.15240003596888818, 'learning_rate_model': 0.0010325072968611214}. Best is trial 690 with value: 0.966281533241272.
Epoch 40: reducing lr to 4.9566455118028536e-05
Epoch 65: reducing lr to 2.3819000540375623e-05
Epoch 68: reducing lr to 2.0407734525824126e-05
Epoch 73: reducing lr to 1.5005181090584464e-05
Epoch 76: reducing lr to 1.2016671507059296e-05
Epoch 87: reducing lr to 3.4947100050332943e-06
Epoch 90: reducing lr to 1.99661503161642e-06
Epoch 93: reducing lr to 9.04570746048175e-07
Epoch 96: reducing lr to 2.358025565220561e-07
Epoch 99: reducing lr to 8.553577273773607e-10
[I 2024-06-21 06:18:47,070] Trial 995 finished with value: 0.9709718823432922 and parameters: {'hidden_size': 139, 'n_layers': 2, 'rnn_dropout': 0.5660884851001579, 'bidirectional': True, 'fc_dropout': 0.19056275448827334, 'learning_rate_model': 0.0005548758906112149}. Best is trial 690 with value: 0.966281533241272.
Epoch 35: reducing lr to 6.547653971095951e-05
Epoch 40: reducing lr to 6.164013373346877e-05
Epoch 53: reducing lr to 4.667874679908966e-05
Epoch 65: reducing lr to 2.962096795524712e-05
Epoch 72: reducing lr to 1.995758526838721e-05
Epoch 75: reducing lr to 1.61511122524259e-05
Epoch 83: reducing lr to 7.5636137133011236e-06
Epoch 86: reducing lr to 5.0743309026864545e-06
Epoch 89: reducing lr to 3.049149261052648e-06
Epoch 92: reducing lr to 1.5199970828651657e-06
Epoch 95: reducing lr to 5.109945167364292e-07
Epoch 98: reducing lr to 3.805145040413878e-08
[I 2024-06-21 06:19:26,125] Trial 996 finished with value: 0.9695682525634766 and parameters: {'hidden_size': 145, 'n_layers': 2, 'rnn_dropout': 0.5274648888016201, 'bidirectional': True, 'fc_dropout': 0.16998174219486475, 'learning_rate_model': 0.0006900357110733251}. Best is trial 690 with value: 0.966281533241272.
Epoch 35: reducing lr to 8.273486747925555e-05
Epoch 40: reducing lr to 7.788726035851468e-05
Epoch 49: reducing lr to 6.556936710994084e-05
Epoch 52: reducing lr to 6.067695448611773e-05
Epoch 65: reducing lr to 3.742847238420036e-05
Epoch 68: reducing lr to 3.2068109945634816e-05
Epoch 71: reducing lr to 2.6889568401969256e-05
Epoch 74: reducing lr to 2.1974493040137617e-05
Epoch 79: reducing lr to 1.4576340700389373e-05
Epoch 82: reducing lr to 1.0727693993577777e-05
Epoch 85: reducing lr to 7.397408577694032e-06
Epoch 88: reducing lr to 4.637991523749206e-06
Epoch 91: reducing lr to 2.49297682991033e-06
Epoch 94: reducing lr to 9.961817621378868e-07
Epoch 97: reducing lr to 1.7121608275115323e-07
[I 2024-06-21 06:20:01,448] Trial 997 finished with value: 0.9705995917320251 and parameters: {'hidden_size': 133, 'n_layers': 2, 'rnn_dropout': 0.5506499436352409, 'bidirectional': True, 'fc_dropout': 0.22148797424888722, 'learning_rate_model': 0.0008719155496552555}. Best is trial 690 with value: 0.966281533241272.
Epoch 36: reducing lr to 0.00012366706072842334
Epoch 40: reducing lr to 0.00011761303447693963
Epoch 49: reducing lr to 9.901249830890379e-05
Epoch 52: reducing lr to 9.162474976116303e-05
Epoch 55: reducing lr to 8.383022424194797e-05
Epoch 58: reducing lr to 7.575187531573686e-05
Epoch 61: reducing lr to 6.751706763143268e-05
Epoch 64: reducing lr to 5.925571167472337e-05
Epoch 67: reducing lr to 5.109803911367807e-05
Epoch 70: reducing lr to 4.31727557936034e-05
Epoch 73: reducing lr to 3.560482339794621e-05
Epoch 76: reducing lr to 2.851358235912587e-05
Epoch 79: reducing lr to 2.2010886677118793e-05
Epoch 82: reducing lr to 1.61992685031807e-05
Epoch 85: reducing lr to 1.1170397650188054e-05
Epoch 88: reducing lr to 7.003562000712179e-06
Epoch 91: reducing lr to 3.764499720452694e-06
Epoch 94: reducing lr to 1.5042763013657948e-06
Epoch 97: reducing lr to 2.585434761850263e-07
[I 2024-06-21 06:20:37,276] Trial 998 finished with value: 0.9780258536338806 and parameters: {'hidden_size': 137, 'n_layers': 2, 'rnn_dropout': 0.6022124691331626, 'bidirectional': True, 'fc_dropout': 0.13848877504607646, 'learning_rate_model': 0.0013166291012233896}. Best is trial 690 with value: 0.966281533241272.
Epoch 36: reducing lr to 7.544583628850515e-05
Epoch 40: reducing lr to 7.175244315079008e-05
Epoch 53: reducing lr to 5.433658110694894e-05
Epoch 56: reducing lr to 4.951514434149266e-05
Epoch 64: reducing lr to 3.6150262615100155e-05
Epoch 67: reducing lr to 3.1173493337083365e-05
Epoch 72: reducing lr to 2.323170661162051e-05
Epoch 75: reducing lr to 1.880076653832728e-05
Epoch 78: reducing lr to 1.4706717456420789e-05
Epoch 81: reducing lr to 1.101411284960105e-05
Epoch 84: reducing lr to 7.781198177773138e-06
Epoch 87: reducing lr to 5.058945215419351e-06
Epoch 90: reducing lr to 2.890301640674775e-06
Epoch 93: reducing lr to 1.3094573916398949e-06
Epoch 96: reducing lr to 3.413479840624228e-07
Epoch 99: reducing lr to 1.238216583399846e-09
[I 2024-06-21 06:21:10,535] Trial 999 finished with value: 0.9698539972305298 and parameters: {'hidden_size': 130, 'n_layers': 2, 'rnn_dropout': 0.5740153369235231, 'bidirectional': True, 'fc_dropout': 0.20349779941431495, 'learning_rate_model': 0.0008032388175030897}. Best is trial 690 with value: 0.966281533241272.

Optuna study saved to optuna/no-name-3974d02f-3fde-4596-ae4d-9f35a2fdf068.pkl
To reload the study run: study = joblib.load('optuna/no-name-3974d02f-3fde-4596-ae4d-9f35a2fdf068.pkl')

Study statistics    : 
  Study name        : no-name-3974d02f-3fde-4596-ae4d-9f35a2fdf068
  # finished trials : 1000
  # pruned trials   : 0
  # complete trials : 1000

Best trial          :
  value             : 0.966281533241272
  best_params = {'hidden_size': 135, 'n_layers': 2, 'rnn_dropout': 0.6193926562216368, 'bidirectional': True, 'fc_dropout': 0.209474313213079, 'learning_rate_model': 0.0008327152231865279}

O Melhor modelo foi o de número 690
Best hyperparameters:  {'hidden_size': 135, 'n_layers': 2, 'rnn_dropout': 0.6193926562216368, 'bidirectional': True, 'fc_dropout': 0.209474313213079, 'learning_rate_model': 0.0008327152231865279}
Epoch 44: reducing lr to 6.963936302181141e-05
Epoch 48: reducing lr to 6.410888217046945e-05
Epoch 51: reducing lr to 5.953879048500258e-05
Epoch 54: reducing lr to 5.468636771791594e-05
Epoch 57: reducing lr to 4.9628124570506545e-05
Epoch 60: reducing lr to 4.4443854989221275e-05
Epoch 63: reducing lr to 3.921529895814221e-05
Epoch 66: reducing lr to 3.402492933399149e-05
Epoch 69: reducing lr to 2.895457855994762e-05
Epoch 72: reducing lr to 2.408423912608668e-05
Epoch 75: reducing lr to 1.9490697116341478e-05
Epoch 78: reducing lr to 1.5246408966057643e-05
Epoch 81: reducing lr to 1.141829707417229e-05
Epoch 84: reducing lr to 8.06674433066482e-06
Epoch 87: reducing lr to 5.244593018103411e-06
Epoch 90: reducing lr to 2.9963668629369032e-06
Epoch 93: reducing lr to 1.357510469329954e-06
Epoch 96: reducing lr to 3.538744101242515e-07
Epoch 99: reducing lr to 1.283655341505381e-09
Métricas de Treinamento para <class 'tsai.models.RNNPlus.LSTMPlus'>
train_loss    0.421660
valid_loss    0.399561
mae           0.760018
_rmse         0.983053
dtype: float64
RMSE: 1.219503999151989
MAE: 0.9452834501236813
R²: 0.7150578472116624
MAPE: 0.10618604347021499
Correlação Linear: 0.8503575409921148
count    1096.000000
mean        0.012432
std         1.219997
min        -4.172318
25%        -0.738878
50%         0.029279
75%         0.747709
max         4.184459
dtype: float64
Estatística de teste: 0.9963, p-valor: 0.0095
Os resíduos não parecem seguir uma distribuição normal (rejeitamos H0)
====================================================================================================
Default LSTM
[I 2024-06-21 06:27:52,444] Trial 0 finished with value: 2.1446685791015625 and parameters: {'hidden_size': 93, 'n_layers': 6, 'rnn_dropout': 9.149985387590931e-05, 'bidirectional': True, 'fc_dropout': 0.07387087581503825, 'learning_rate_model': 5.5595654267125665e-05}. Best is trial 0 with value: 2.1446685791015625.
Epoch 13: reducing lr to 0.00196354066941974
Epoch 16: reducing lr to 0.0025108056982405735
Epoch 19: reducing lr to 0.002943111978946899
Epoch 23: reducing lr to 0.0032391887918001598
Epoch 26: reducing lr to 0.003249300514968436
Epoch 33: reducing lr to 0.0031428963833818628
Epoch 36: reducing lr to 0.003056752910061986
Epoch 52: reducing lr to 0.002264743892322208
Epoch 55: reducing lr to 0.002072081930251843
Epoch 60: reducing lr to 0.0017369405862873728
Epoch 68: reducing lr to 0.0011969298187882783
Epoch 71: reducing lr to 0.0010036427556606015
Epoch 75: reducing lr to 0.0007617292173376554
Epoch 78: reducing lr to 0.0005958552995617456
Epoch 81: reducing lr to 0.00044624624977347634
Epoch 84: reducing lr to 0.00031526193284838605
Epoch 87: reducing lr to 0.00020496751404468563
Epoch 90: reducing lr to 0.00011710305545961016
Epoch 93: reducing lr to 5.305379182478781e-05
Epoch 96: reducing lr to 1.3830006995171201e-05
Epoch 99: reducing lr to 5.0167409240686744e-08
[I 2024-06-21 06:28:05,909] Trial 1 finished with value: 2.0360779762268066 and parameters: {'hidden_size': 79, 'n_layers': 3, 'rnn_dropout': 0.4310533872026856, 'bidirectional': False, 'fc_dropout': 0.16356179978521396, 'learning_rate_model': 0.032543911150884876}. Best is trial 1 with value: 2.0360779762268066.
Epoch 47: reducing lr to 0.006793072879733128
Epoch 50: reducing lr to 0.006330953095772714
Epoch 56: reducing lr to 0.005319095096840677
Epoch 59: reducing lr to 0.004785315259777943
Epoch 62: reducing lr to 0.004244107753067331
Epoch 65: reducing lr to 0.003704009336933383
Epoch 68: reducing lr to 0.003173535308552384
Epoch 71: reducing lr to 0.002661054702009337
Epoch 74: reducing lr to 0.0021746473262265987
Epoch 77: reducing lr to 0.0017219855491721239
Epoch 80: reducing lr to 0.0013102067778632959
Epoch 83: reducing lr to 0.0009458062227187272
Epoch 86: reducing lr to 0.0006345291980544745
Epoch 89: reducing lr to 0.0003812865720561942
Epoch 92: reducing lr to 0.00019007087801959505
Epoch 95: reducing lr to 6.389826503891278e-05
Epoch 98: reducing lr to 4.7582147819663636e-06
[I 2024-06-21 06:28:09,279] Trial 2 finished with value: 1.9977259635925293 and parameters: {'hidden_size': 19, 'n_layers': 1, 'rnn_dropout': 0.6063679444552919, 'bidirectional': False, 'fc_dropout': 0.30196428199351444, 'learning_rate_model': 0.08628680603870356}. Best is trial 2 with value: 1.9977259635925293.

Optuna study saved to optuna/no-name-644c45d6-3dd1-456e-ab1e-9d96e2a7c61d.pkl
To reload the study run: study = joblib.load('optuna/no-name-644c45d6-3dd1-456e-ab1e-9d96e2a7c61d.pkl')

Study statistics    : 
  Study name        : no-name-644c45d6-3dd1-456e-ab1e-9d96e2a7c61d
  # finished trials : 3
  # pruned trials   : 0
  # complete trials : 3

Best trial          :
  value             : 1.9977259635925293
  best_params = {'hidden_size': 19, 'n_layers': 1, 'rnn_dropout': 0.6063679444552919, 'bidirectional': False, 'fc_dropout': 0.30196428199351444, 'learning_rate_model': 0.08628680603870356}

O Melhor modelo foi o de número 2
Best hyperparameters:  {'hidden_size': 19, 'n_layers': 1, 'rnn_dropout': 0.6063679444552919, 'bidirectional': False, 'fc_dropout': 0.30196428199351444, 'learning_rate_model': 0.08628680603870356}
Epoch 38: reducing lr to 0.007918926070337822
Epoch 42: reducing lr to 0.0074730820530098845
Epoch 63: reducing lr to 0.004063529524538341
Epoch 66: reducing lr to 0.0035256980972294275
Epoch 69: reducing lr to 0.003000303146343423
Epoch 72: reducing lr to 0.0024956335757979667
Epoch 75: reducing lr to 0.002019646038415411
Epoch 78: reducing lr to 0.001579848544388003
Epoch 81: reducing lr to 0.0011831756613757808
Epoch 84: reducing lr to 0.0008358843264091156
Epoch 87: reducing lr to 0.0005434501110395326
Epoch 90: reducing lr to 0.00031048660949617446
Epoch 93: reducing lr to 0.00014066662803923074
Epoch 96: reducing lr to 3.6668829556887886e-05
Epoch 99: reducing lr to 1.330136838978424e-07
Métricas de Treinamento para <class 'tsai.models.RNNPlus.LSTMPlus'>
train_loss    1.196419
valid_loss    1.156440
mae           1.586364
_rmse         2.013380
dtype: float64
RMSE: 2.005187749862671
MAE: 1.559914231300354
R²: 0.3169576403723592
MAPE: 0.18734663724899292
Correlação Linear: 0.5634972333308548
count    1096.000000
mean       -0.057026
std         2.005292
min        -7.048611
25%        -1.320519
50%        -0.013398
75%         1.223992
max         6.013191
dtype: float64
Estatística de teste: 0.9967, p-valor: 0.0206
Os resíduos não parecem seguir uma distribuição normal (rejeitamos H0)
