[I 2024-05-17 00:12:06,054] Trial 740 pruned. Exception occured in `FastAIV2PruningCallback` when calling event `after_fit`:
	Trial was pruned at epoch 0.
[I 2024-05-17 00:12:08,204] Trial 741 pruned. Exception occured in `FastAIV2PruningCallback` when calling event `after_fit`:
	Trial was pruned at epoch 1.
[I 2024-05-17 00:12:10,335] Trial 742 pruned. Exception occured in `FastAIV2PruningCallback` when calling event `after_fit`:
	Trial was pruned at epoch 1.
[I 2024-05-17 00:12:11,576] Trial 743 pruned. Exception occured in `FastAIV2PruningCallback` when calling event `after_fit`:
	Trial was pruned at epoch 0.
[I 2024-05-17 00:20:10,337] Trial 744 finished with value: 1.5713528394699097 and parameters: {'nf': 39, 'nb_filters': 124, 'fc_dropout': 0.009050726576600424, 'ks': 22, 'conv_dropout': 0.09940689520081615, 'sa': True, 'se': True, 'learning_rate_model': 0.006784048552935877, 'Huber_delta': 1.0178143027058177, 'by_sample': False, 'by_var': True}. Best is trial 204 with value: 1.4683679342269897.
[I 2024-05-17 00:20:12,450] Trial 745 pruned. Exception occured in `FastAIV2PruningCallback` when calling event `after_fit`:
	Trial was pruned at epoch 1.
[I 2024-05-17 00:20:13,672] Trial 746 pruned. Exception occured in `FastAIV2PruningCallback` when calling event `after_fit`:
	Trial was pruned at epoch 0.
[I 2024-05-17 00:20:14,894] Trial 747 pruned. Exception occured in `FastAIV2PruningCallback` when calling event `after_fit`:
	Trial was pruned at epoch 0.
[I 2024-05-17 00:20:16,120] Trial 748 pruned. Exception occured in `FastAIV2PruningCallback` when calling event `after_fit`:
	Trial was pruned at epoch 0.
[I 2024-05-17 00:20:21,695] Trial 749 pruned. Exception occured in `FastAIV2PruningCallback` when calling event `after_fit`:
	Trial was pruned at epoch 5.
[I 2024-05-17 00:20:23,789] Trial 750 pruned. Exception occured in `FastAIV2PruningCallback` when calling event `after_fit`:
	Trial was pruned at epoch 1.
[I 2024-05-17 00:20:25,014] Trial 751 pruned. Exception occured in `FastAIV2PruningCallback` when calling event `after_fit`:
	Trial was pruned at epoch 0.
[I 2024-05-17 00:20:30,590] Trial 752 pruned. Exception occured in `FastAIV2PruningCallback` when calling event `after_fit`:
	Trial was pruned at epoch 5.
[I 2024-05-17 00:20:31,817] Trial 753 pruned. Exception occured in `FastAIV2PruningCallback` when calling event `after_fit`:
	Trial was pruned at epoch 0.
[I 2024-05-17 00:20:33,041] Trial 754 pruned. Exception occured in `FastAIV2PruningCallback` when calling event `after_fit`:
	Trial was pruned at epoch 0.
[I 2024-05-17 00:20:34,267] Trial 755 pruned. Exception occured in `FastAIV2PruningCallback` when calling event `after_fit`:
	Trial was pruned at epoch 0.
[I 2024-05-17 00:20:35,496] Trial 756 pruned. Exception occured in `FastAIV2PruningCallback` when calling event `after_fit`:
	Trial was pruned at epoch 0.
[I 2024-05-17 00:20:37,615] Trial 757 pruned. Exception occured in `FastAIV2PruningCallback` when calling event `after_fit`:
	Trial was pruned at epoch 1.
[I 2024-05-17 00:20:39,719] Trial 758 pruned. Exception occured in `FastAIV2PruningCallback` when calling event `after_fit`:
	Trial was pruned at epoch 1.
[I 2024-05-17 00:20:41,828] Trial 759 pruned. Exception occured in `FastAIV2PruningCallback` when calling event `after_fit`:
	Trial was pruned at epoch 1.
[I 2024-05-17 00:20:43,057] Trial 760 pruned. Exception occured in `FastAIV2PruningCallback` when calling event `after_fit`:
	Trial was pruned at epoch 0.
[I 2024-05-17 00:20:44,288] Trial 761 pruned. Exception occured in `FastAIV2PruningCallback` when calling event `after_fit`:
	Trial was pruned at epoch 0.
[I 2024-05-17 00:20:45,517] Trial 762 pruned. Exception occured in `FastAIV2PruningCallback` when calling event `after_fit`:
	Trial was pruned at epoch 0.
[I 2024-05-17 00:20:47,623] Trial 763 pruned. Exception occured in `FastAIV2PruningCallback` when calling event `after_fit`:
	Trial was pruned at epoch 1.
[I 2024-05-17 00:28:51,460] Trial 764 finished with value: 1.5770598649978638 and parameters: {'nf': 37, 'nb_filters': 121, 'fc_dropout': 0.03957869819897393, 'ks': 19, 'conv_dropout': 0.0885832432258791, 'sa': True, 'se': True, 'learning_rate_model': 0.006432285645599929, 'Huber_delta': 1.0003031111220113, 'by_sample': False, 'by_var': True}. Best is trial 204 with value: 1.4683679342269897.
[I 2024-05-17 00:28:52,711] Trial 765 pruned. Exception occured in `FastAIV2PruningCallback` when calling event `after_fit`:
	Trial was pruned at epoch 0.
[I 2024-05-17 00:28:53,942] Trial 766 pruned. Exception occured in `FastAIV2PruningCallback` when calling event `after_fit`:
	Trial was pruned at epoch 0.
[I 2024-05-17 00:28:55,202] Trial 767 pruned. Exception occured in `FastAIV2PruningCallback` when calling event `after_fit`:
	Trial was pruned at epoch 0.
[I 2024-05-17 00:28:56,434] Trial 768 pruned. Exception occured in `FastAIV2PruningCallback` when calling event `after_fit`:
	Trial was pruned at epoch 0.
[I 2024-05-17 00:28:57,679] Trial 769 pruned. Exception occured in `FastAIV2PruningCallback` when calling event `after_fit`:
	Trial was pruned at epoch 0.
[I 2024-05-17 00:28:58,911] Trial 770 pruned. Exception occured in `FastAIV2PruningCallback` when calling event `after_fit`:
	Trial was pruned at epoch 0.
[I 2024-05-17 00:29:04,491] Trial 771 pruned. Exception occured in `FastAIV2PruningCallback` when calling event `after_fit`:
	Trial was pruned at epoch 5.
[I 2024-05-17 00:29:06,596] Trial 772 pruned. Exception occured in `FastAIV2PruningCallback` when calling event `after_fit`:
	Trial was pruned at epoch 1.
[I 2024-05-17 00:29:07,859] Trial 773 pruned. Exception occured in `FastAIV2PruningCallback` when calling event `after_fit`:
	Trial was pruned at epoch 0.
[I 2024-05-17 00:29:09,094] Trial 774 pruned. Exception occured in `FastAIV2PruningCallback` when calling event `after_fit`:
	Trial was pruned at epoch 0.
[I 2024-05-17 00:29:10,328] Trial 775 pruned. Exception occured in `FastAIV2PruningCallback` when calling event `after_fit`:
	Trial was pruned at epoch 0.
[I 2024-05-17 00:29:11,563] Trial 776 pruned. Exception occured in `FastAIV2PruningCallback` when calling event `after_fit`:
	Trial was pruned at epoch 0.
[I 2024-05-17 00:29:12,794] Trial 777 pruned. Exception occured in `FastAIV2PruningCallback` when calling event `after_fit`:
	Trial was pruned at epoch 0.
[I 2024-05-17 00:29:14,906] Trial 778 pruned. Exception occured in `FastAIV2PruningCallback` when calling event `after_fit`:
	Trial was pruned at epoch 1.
[I 2024-05-17 00:29:16,137] Trial 779 pruned. Exception occured in `FastAIV2PruningCallback` when calling event `after_fit`:
	Trial was pruned at epoch 0.
[I 2024-05-17 00:29:18,249] Trial 780 pruned. Exception occured in `FastAIV2PruningCallback` when calling event `after_fit`:
	Trial was pruned at epoch 1.
[I 2024-05-17 00:29:19,518] Trial 781 pruned. Exception occured in `FastAIV2PruningCallback` when calling event `after_fit`:
	Trial was pruned at epoch 0.
[I 2024-05-17 00:29:20,753] Trial 782 pruned. Exception occured in `FastAIV2PruningCallback` when calling event `after_fit`:
	Trial was pruned at epoch 0.
[I 2024-05-17 00:29:21,994] Trial 783 pruned. Exception occured in `FastAIV2PruningCallback` when calling event `after_fit`:
	Trial was pruned at epoch 0.
[I 2024-05-17 00:29:24,107] Trial 784 pruned. Exception occured in `FastAIV2PruningCallback` when calling event `after_fit`:
	Trial was pruned at epoch 1.
[I 2024-05-17 00:29:25,339] Trial 785 pruned. Exception occured in `FastAIV2PruningCallback` when calling event `after_fit`:
	Trial was pruned at epoch 0.
[I 2024-05-17 00:29:26,571] Trial 786 pruned. Exception occured in `FastAIV2PruningCallback` when calling event `after_fit`:
	Trial was pruned at epoch 0.
[I 2024-05-17 00:29:32,186] Trial 787 pruned. Exception occured in `FastAIV2PruningCallback` when calling event `after_fit`:
	Trial was pruned at epoch 5.
[I 2024-05-17 00:29:33,423] Trial 788 pruned. Exception occured in `FastAIV2PruningCallback` when calling event `after_fit`:
	Trial was pruned at epoch 0.
[I 2024-05-17 00:29:34,656] Trial 789 pruned. Exception occured in `FastAIV2PruningCallback` when calling event `after_fit`:
	Trial was pruned at epoch 0.
[I 2024-05-17 00:29:36,770] Trial 790 pruned. Exception occured in `FastAIV2PruningCallback` when calling event `after_fit`:
	Trial was pruned at epoch 1.
[I 2024-05-17 00:29:38,002] Trial 791 pruned. Exception occured in `FastAIV2PruningCallback` when calling event `after_fit`:
	Trial was pruned at epoch 0.
[I 2024-05-17 00:37:40,254] Trial 792 finished with value: 1.564869999885559 and parameters: {'nf': 39, 'nb_filters': 124, 'fc_dropout': 0.019505335036554435, 'ks': 22, 'conv_dropout': 0.09758892336267722, 'sa': True, 'se': True, 'learning_rate_model': 0.004043717938760007, 'Huber_delta': 1.000066971874861, 'by_sample': False, 'by_var': True}. Best is trial 204 with value: 1.4683679342269897.
[I 2024-05-17 00:37:41,512] Trial 793 pruned. Exception occured in `FastAIV2PruningCallback` when calling event `after_fit`:
	Trial was pruned at epoch 0.
[I 2024-05-17 00:37:47,253] Trial 794 pruned. Exception occured in `FastAIV2PruningCallback` when calling event `after_fit`:
	Trial was pruned at epoch 5.
[I 2024-05-17 00:37:48,528] Trial 795 pruned. Exception occured in `FastAIV2PruningCallback` when calling event `after_fit`:
	Trial was pruned at epoch 0.
[I 2024-05-17 00:37:49,801] Trial 796 pruned. Exception occured in `FastAIV2PruningCallback` when calling event `after_fit`:
	Trial was pruned at epoch 0.
[I 2024-05-17 00:37:55,518] Trial 797 pruned. Exception occured in `FastAIV2PruningCallback` when calling event `after_fit`:
	Trial was pruned at epoch 5.
[I 2024-05-17 00:37:56,791] Trial 798 pruned. Exception occured in `FastAIV2PruningCallback` when calling event `after_fit`:
	Trial was pruned at epoch 0.
[I 2024-05-17 00:37:58,065] Trial 799 pruned. Exception occured in `FastAIV2PruningCallback` when calling event `after_fit`:
	Trial was pruned at epoch 0.
[I 2024-05-17 00:37:59,338] Trial 800 pruned. Exception occured in `FastAIV2PruningCallback` when calling event `after_fit`:
	Trial was pruned at epoch 0.
[I 2024-05-17 00:38:01,506] Trial 801 pruned. Exception occured in `FastAIV2PruningCallback` when calling event `after_fit`:
	Trial was pruned at epoch 1.
[I 2024-05-17 00:38:02,780] Trial 802 pruned. Exception occured in `FastAIV2PruningCallback` when calling event `after_fit`:
	Trial was pruned at epoch 0.
[I 2024-05-17 00:38:04,053] Trial 803 pruned. Exception occured in `FastAIV2PruningCallback` when calling event `after_fit`:
	Trial was pruned at epoch 0.
[I 2024-05-17 00:38:05,364] Trial 804 pruned. Exception occured in `FastAIV2PruningCallback` when calling event `after_fit`:
	Trial was pruned at epoch 0.
[I 2024-05-17 00:38:06,637] Trial 805 pruned. Exception occured in `FastAIV2PruningCallback` when calling event `after_fit`:
	Trial was pruned at epoch 0.
[I 2024-05-17 00:38:08,811] Trial 806 pruned. Exception occured in `FastAIV2PruningCallback` when calling event `after_fit`:
	Trial was pruned at epoch 1.
[I 2024-05-17 00:38:14,527] Trial 807 pruned. Exception occured in `FastAIV2PruningCallback` when calling event `after_fit`:
	Trial was pruned at epoch 5.
[I 2024-05-17 00:38:15,799] Trial 808 pruned. Exception occured in `FastAIV2PruningCallback` when calling event `after_fit`:
	Trial was pruned at epoch 0.
[I 2024-05-17 00:38:17,065] Trial 809 pruned. Exception occured in `FastAIV2PruningCallback` when calling event `after_fit`:
	Trial was pruned at epoch 0.
[I 2024-05-17 00:38:18,335] Trial 810 pruned. Exception occured in `FastAIV2PruningCallback` when calling event `after_fit`:
	Trial was pruned at epoch 0.
[I 2024-05-17 00:38:19,605] Trial 811 pruned. Exception occured in `FastAIV2PruningCallback` when calling event `after_fit`:
	Trial was pruned at epoch 0.
[I 2024-05-17 00:38:21,761] Trial 812 pruned. Exception occured in `FastAIV2PruningCallback` when calling event `after_fit`:
	Trial was pruned at epoch 1.
[I 2024-05-17 00:38:23,915] Trial 813 pruned. Exception occured in `FastAIV2PruningCallback` when calling event `after_fit`:
	Trial was pruned at epoch 1.
[I 2024-05-17 00:38:25,183] Trial 814 pruned. Exception occured in `FastAIV2PruningCallback` when calling event `after_fit`:
	Trial was pruned at epoch 0.
[I 2024-05-17 00:38:26,450] Trial 815 pruned. Exception occured in `FastAIV2PruningCallback` when calling event `after_fit`:
	Trial was pruned at epoch 0.
[I 2024-05-17 00:38:27,720] Trial 816 pruned. Exception occured in `FastAIV2PruningCallback` when calling event `after_fit`:
	Trial was pruned at epoch 0.
[I 2024-05-17 00:38:29,913] Trial 817 pruned. Exception occured in `FastAIV2PruningCallback` when calling event `after_fit`:
	Trial was pruned at epoch 1.
[I 2024-05-17 00:38:31,181] Trial 818 pruned. Exception occured in `FastAIV2PruningCallback` when calling event `after_fit`:
	Trial was pruned at epoch 0.
[I 2024-05-17 00:38:35,994] Trial 819 pruned. Exception occured in `FastAIV2PruningCallback` when calling event `after_fit`:
	Trial was pruned at epoch 4.
[I 2024-05-17 00:38:40,814] Trial 820 pruned. Exception occured in `FastAIV2PruningCallback` when calling event `after_fit`:
	Trial was pruned at epoch 4.
[I 2024-05-17 00:38:42,100] Trial 821 pruned. Exception occured in `FastAIV2PruningCallback` when calling event `after_fit`:
	Trial was pruned at epoch 0.
[I 2024-05-17 00:38:43,372] Trial 822 pruned. Exception occured in `FastAIV2PruningCallback` when calling event `after_fit`:
	Trial was pruned at epoch 0.
[I 2024-05-17 00:38:44,640] Trial 823 pruned. Exception occured in `FastAIV2PruningCallback` when calling event `after_fit`:
	Trial was pruned at epoch 0.
[I 2024-05-17 00:38:45,914] Trial 824 pruned. Exception occured in `FastAIV2PruningCallback` when calling event `after_fit`:
	Trial was pruned at epoch 0.
[I 2024-05-17 00:38:47,194] Trial 825 pruned. Exception occured in `FastAIV2PruningCallback` when calling event `after_fit`:
	Trial was pruned at epoch 0.
[I 2024-05-17 00:38:49,354] Trial 826 pruned. Exception occured in `FastAIV2PruningCallback` when calling event `after_fit`:
	Trial was pruned at epoch 1.
[I 2024-05-17 00:38:50,621] Trial 827 pruned. Exception occured in `FastAIV2PruningCallback` when calling event `after_fit`:
	Trial was pruned at epoch 0.
[I 2024-05-17 00:38:52,775] Trial 828 pruned. Exception occured in `FastAIV2PruningCallback` when calling event `after_fit`:
	Trial was pruned at epoch 1.
[I 2024-05-17 00:38:54,043] Trial 829 pruned. Exception occured in `FastAIV2PruningCallback` when calling event `after_fit`:
	Trial was pruned at epoch 0.
[I 2024-05-17 00:38:59,753] Trial 830 pruned. Exception occured in `FastAIV2PruningCallback` when calling event `after_fit`:
	Trial was pruned at epoch 5.
[I 2024-05-17 00:39:01,025] Trial 831 pruned. Exception occured in `FastAIV2PruningCallback` when calling event `after_fit`:
	Trial was pruned at epoch 0.
[I 2024-05-17 00:39:02,298] Trial 832 pruned. Exception occured in `FastAIV2PruningCallback` when calling event `after_fit`:
	Trial was pruned at epoch 0.
[I 2024-05-17 00:39:03,570] Trial 833 pruned. Exception occured in `FastAIV2PruningCallback` when calling event `after_fit`:
	Trial was pruned at epoch 0.
[I 2024-05-17 00:39:04,886] Trial 834 pruned. Exception occured in `FastAIV2PruningCallback` when calling event `after_fit`:
	Trial was pruned at epoch 0.
[I 2024-05-17 00:47:14,729] Trial 835 finished with value: 1.7025461196899414 and parameters: {'nf': 39, 'nb_filters': 123, 'fc_dropout': 0.0009193613070953566, 'ks': 22, 'conv_dropout': 0.12456064201028555, 'sa': True, 'se': True, 'learning_rate_model': 0.006704373190297743, 'Huber_delta': 1.0000215988867545, 'by_sample': False, 'by_var': True}. Best is trial 204 with value: 1.4683679342269897.
[I 2024-05-17 00:55:19,839] Trial 836 finished with value: 1.5582884550094604 and parameters: {'nf': 38, 'nb_filters': 125, 'fc_dropout': 0.018989823196167026, 'ks': 21, 'conv_dropout': 0.09589549987731755, 'sa': True, 'se': True, 'learning_rate_model': 0.0049401206748612364, 'Huber_delta': 1.027777696487678, 'by_sample': False, 'by_var': True}. Best is trial 204 with value: 1.4683679342269897.
[I 2024-05-17 00:55:21,115] Trial 837 pruned. Exception occured in `FastAIV2PruningCallback` when calling event `after_fit`:
	Trial was pruned at epoch 0.
[I 2024-05-17 00:55:23,232] Trial 838 pruned. Exception occured in `FastAIV2PruningCallback` when calling event `after_fit`:
	Trial was pruned at epoch 1.
[I 2024-05-17 00:55:25,353] Trial 839 pruned. Exception occured in `FastAIV2PruningCallback` when calling event `after_fit`:
	Trial was pruned at epoch 1.
[I 2024-05-17 00:55:30,983] Trial 840 pruned. Exception occured in `FastAIV2PruningCallback` when calling event `after_fit`:
	Trial was pruned at epoch 5.
[I 2024-05-17 00:55:32,223] Trial 841 pruned. Exception occured in `FastAIV2PruningCallback` when calling event `after_fit`:
	Trial was pruned at epoch 0.
[I 2024-05-17 00:55:33,466] Trial 842 pruned. Exception occured in `FastAIV2PruningCallback` when calling event `after_fit`:
	Trial was pruned at epoch 0.
[I 2024-05-17 00:55:39,078] Trial 843 pruned. Exception occured in `FastAIV2PruningCallback` when calling event `after_fit`:
	Trial was pruned at epoch 5.
[I 2024-05-17 00:55:40,319] Trial 844 pruned. Exception occured in `FastAIV2PruningCallback` when calling event `after_fit`:
	Trial was pruned at epoch 0.
[I 2024-05-17 00:55:42,444] Trial 845 pruned. Exception occured in `FastAIV2PruningCallback` when calling event `after_fit`:
	Trial was pruned at epoch 1.
[I 2024-05-17 00:55:43,687] Trial 846 pruned. Exception occured in `FastAIV2PruningCallback` when calling event `after_fit`:
	Trial was pruned at epoch 0.
[I 2024-05-17 00:55:44,928] Trial 847 pruned. Exception occured in `FastAIV2PruningCallback` when calling event `after_fit`:
	Trial was pruned at epoch 0.
[I 2024-05-17 00:55:47,048] Trial 848 pruned. Exception occured in `FastAIV2PruningCallback` when calling event `after_fit`:
	Trial was pruned at epoch 1.
[I 2024-05-17 00:55:49,173] Trial 849 pruned. Exception occured in `FastAIV2PruningCallback` when calling event `after_fit`:
	Trial was pruned at epoch 1.
[I 2024-05-17 00:55:50,413] Trial 850 pruned. Exception occured in `FastAIV2PruningCallback` when calling event `after_fit`:
	Trial was pruned at epoch 0.
[I 2024-05-17 00:55:51,656] Trial 851 pruned. Exception occured in `FastAIV2PruningCallback` when calling event `after_fit`:
	Trial was pruned at epoch 0.
[I 2024-05-17 00:55:52,898] Trial 852 pruned. Exception occured in `FastAIV2PruningCallback` when calling event `after_fit`:
	Trial was pruned at epoch 0.
[I 2024-05-17 00:55:54,141] Trial 853 pruned. Exception occured in `FastAIV2PruningCallback` when calling event `after_fit`:
	Trial was pruned at epoch 0.
[I 2024-05-17 00:55:55,399] Trial 854 pruned. Exception occured in `FastAIV2PruningCallback` when calling event `after_fit`:
	Trial was pruned at epoch 0.
[I 2024-05-17 00:55:56,642] Trial 855 pruned. Exception occured in `FastAIV2PruningCallback` when calling event `after_fit`:
	Trial was pruned at epoch 0.
[I 2024-05-17 00:55:57,884] Trial 856 pruned. Exception occured in `FastAIV2PruningCallback` when calling event `after_fit`:
	Trial was pruned at epoch 0.
[I 2024-05-17 00:56:00,005] Trial 857 pruned. Exception occured in `FastAIV2PruningCallback` when calling event `after_fit`:
	Trial was pruned at epoch 1.
[I 2024-05-17 00:56:01,252] Trial 858 pruned. Exception occured in `FastAIV2PruningCallback` when calling event `after_fit`:
	Trial was pruned at epoch 0.
[I 2024-05-17 00:56:06,881] Trial 859 pruned. Exception occured in `FastAIV2PruningCallback` when calling event `after_fit`:
	Trial was pruned at epoch 5.
[I 2024-05-17 00:56:08,123] Trial 860 pruned. Exception occured in `FastAIV2PruningCallback` when calling event `after_fit`:
	Trial was pruned at epoch 0.
[I 2024-05-17 00:56:09,377] Trial 861 pruned. Exception occured in `FastAIV2PruningCallback` when calling event `after_fit`:
	Trial was pruned at epoch 0.
[I 2024-05-17 00:56:10,657] Trial 862 pruned. Exception occured in `FastAIV2PruningCallback` when calling event `after_fit`:
	Trial was pruned at epoch 0.
[I 2024-05-17 00:56:11,901] Trial 863 pruned. Exception occured in `FastAIV2PruningCallback` when calling event `after_fit`:
	Trial was pruned at epoch 0.
[I 2024-05-17 00:56:13,157] Trial 864 pruned. Exception occured in `FastAIV2PruningCallback` when calling event `after_fit`:
	Trial was pruned at epoch 0.
[I 2024-05-17 00:56:15,281] Trial 865 pruned. Exception occured in `FastAIV2PruningCallback` when calling event `after_fit`:
	Trial was pruned at epoch 1.
[I 2024-05-17 00:56:16,529] Trial 866 pruned. Exception occured in `FastAIV2PruningCallback` when calling event `after_fit`:
	Trial was pruned at epoch 0.
[I 2024-05-17 00:56:22,150] Trial 867 pruned. Exception occured in `FastAIV2PruningCallback` when calling event `after_fit`:
	Trial was pruned at epoch 5.
[I 2024-05-17 00:56:23,395] Trial 868 pruned. Exception occured in `FastAIV2PruningCallback` when calling event `after_fit`:
	Trial was pruned at epoch 0.
[I 2024-05-17 00:56:24,641] Trial 869 pruned. Exception occured in `FastAIV2PruningCallback` when calling event `after_fit`:
	Trial was pruned at epoch 0.
[I 2024-05-17 00:56:30,282] Trial 870 pruned. Exception occured in `FastAIV2PruningCallback` when calling event `after_fit`:
	Trial was pruned at epoch 5.
[I 2024-05-17 00:56:32,407] Trial 871 pruned. Exception occured in `FastAIV2PruningCallback` when calling event `after_fit`:
	Trial was pruned at epoch 1.
[I 2024-05-17 00:56:33,650] Trial 872 pruned. Exception occured in `FastAIV2PruningCallback` when calling event `after_fit`:
	Trial was pruned at epoch 0.
[I 2024-05-17 00:56:34,899] Trial 873 pruned. Exception occured in `FastAIV2PruningCallback` when calling event `after_fit`:
	Trial was pruned at epoch 0.
