[I 2024-05-16 19:19:43,658] Trial 515 finished with value: 1.5616315603256226 and parameters: {'nf': 37, 'nb_filters': 125, 'fc_dropout': 0.00022365894623034815, 'ks': 20, 'conv_dropout': 0.09705945527667484, 'sa': True, 'se': True, 'learning_rate_model': 0.0055270493321615665, 'Huber_delta': 1.002610996485303, 'by_sample': False, 'by_var': True}. Best is trial 204 with value: 1.4683679342269897.
[I 2024-05-16 19:27:41,055] Trial 516 finished with value: 1.5459755659103394 and parameters: {'nf': 37, 'nb_filters': 125, 'fc_dropout': 0.011982603306679192, 'ks': 20, 'conv_dropout': 0.09648925011211258, 'sa': True, 'se': True, 'learning_rate_model': 0.0051801120942946794, 'Huber_delta': 1.0343797042832859, 'by_sample': False, 'by_var': True}. Best is trial 204 with value: 1.4683679342269897.
[I 2024-05-16 19:35:32,358] Trial 517 finished with value: 1.5195809602737427 and parameters: {'nf': 37, 'nb_filters': 125, 'fc_dropout': 0.013718028645313747, 'ks': 20, 'conv_dropout': 0.09987562758333213, 'sa': True, 'se': True, 'learning_rate_model': 0.005219275958866306, 'Huber_delta': 1.0276722223018224, 'by_sample': False, 'by_var': True}. Best is trial 204 with value: 1.4683679342269897.
[I 2024-05-16 19:43:28,774] Trial 518 finished with value: 1.5457067489624023 and parameters: {'nf': 37, 'nb_filters': 125, 'fc_dropout': 0.014069248124132941, 'ks': 19, 'conv_dropout': 0.10067272069776001, 'sa': True, 'se': True, 'learning_rate_model': 0.0055185925988646125, 'Huber_delta': 1.0299550770651176, 'by_sample': False, 'by_var': True}. Best is trial 204 with value: 1.4683679342269897.
[I 2024-05-16 19:51:22,461] Trial 519 finished with value: 1.548057198524475 and parameters: {'nf': 37, 'nb_filters': 125, 'fc_dropout': 0.013727059823593681, 'ks': 20, 'conv_dropout': 0.10090771853281998, 'sa': True, 'se': True, 'learning_rate_model': 0.005223286300464334, 'Huber_delta': 1.029887807241886, 'by_sample': False, 'by_var': True}. Best is trial 204 with value: 1.4683679342269897.
[I 2024-05-16 19:59:16,383] Trial 520 finished with value: 1.5332698822021484 and parameters: {'nf': 37, 'nb_filters': 125, 'fc_dropout': 0.015591695743437328, 'ks': 21, 'conv_dropout': 0.09750094049965188, 'sa': True, 'se': True, 'learning_rate_model': 0.0050990032360372405, 'Huber_delta': 1.02936908971298, 'by_sample': False, 'by_var': True}. Best is trial 204 with value: 1.4683679342269897.
[I 2024-05-16 20:07:10,306] Trial 521 finished with value: 1.556906819343567 and parameters: {'nf': 36, 'nb_filters': 126, 'fc_dropout': 0.015359790388670903, 'ks': 21, 'conv_dropout': 0.10046259846867363, 'sa': True, 'se': True, 'learning_rate_model': 0.005252467482173707, 'Huber_delta': 1.0304178571746732, 'by_sample': False, 'by_var': True}. Best is trial 204 with value: 1.4683679342269897.
[I 2024-05-16 20:07:12,393] Trial 522 pruned. Exception occured in `FastAIV2PruningCallback` when calling event `after_fit`:
	Trial was pruned at epoch 1.
[I 2024-05-16 20:15:06,926] Trial 523 finished with value: 1.5491455793380737 and parameters: {'nf': 38, 'nb_filters': 125, 'fc_dropout': 0.018879314240341078, 'ks': 21, 'conv_dropout': 0.09670842686892071, 'sa': True, 'se': True, 'learning_rate_model': 0.005085167791482611, 'Huber_delta': 1.0285012189724245, 'by_sample': False, 'by_var': True}. Best is trial 204 with value: 1.4683679342269897.
[I 2024-05-16 20:23:00,277] Trial 524 finished with value: 1.526652455329895 and parameters: {'nf': 38, 'nb_filters': 126, 'fc_dropout': 0.015676881083638485, 'ks': 21, 'conv_dropout': 0.09392735222960963, 'sa': True, 'se': True, 'learning_rate_model': 0.004932441909291436, 'Huber_delta': 1.0307608029213673, 'by_sample': False, 'by_var': True}. Best is trial 204 with value: 1.4683679342269897.
[I 2024-05-16 20:30:54,059] Trial 525 finished with value: 1.5057469606399536 and parameters: {'nf': 38, 'nb_filters': 126, 'fc_dropout': 0.017648644885791574, 'ks': 21, 'conv_dropout': 0.09910455885440013, 'sa': True, 'se': True, 'learning_rate_model': 0.004930318795049714, 'Huber_delta': 1.039784694901619, 'by_sample': False, 'by_var': True}. Best is trial 204 with value: 1.4683679342269897.
[I 2024-05-16 20:38:47,661] Trial 526 finished with value: 1.5847986936569214 and parameters: {'nf': 38, 'nb_filters': 126, 'fc_dropout': 0.017233806014518783, 'ks': 21, 'conv_dropout': 0.10419082733267723, 'sa': True, 'se': True, 'learning_rate_model': 0.004873366648327538, 'Huber_delta': 1.0356432293969533, 'by_sample': False, 'by_var': True}. Best is trial 204 with value: 1.4683679342269897.
[I 2024-05-16 20:38:48,881] Trial 527 pruned. Exception occured in `FastAIV2PruningCallback` when calling event `after_fit`:
	Trial was pruned at epoch 0.
[I 2024-05-16 20:38:54,378] Trial 528 pruned. Exception occured in `FastAIV2PruningCallback` when calling event `after_fit`:
	Trial was pruned at epoch 5.
[I 2024-05-16 20:46:48,037] Trial 529 finished with value: 1.7342056035995483 and parameters: {'nf': 36, 'nb_filters': 126, 'fc_dropout': 0.014846144281285367, 'ks': 22, 'conv_dropout': 0.10191191568978586, 'sa': True, 'se': True, 'learning_rate_model': 0.004898938190325316, 'Huber_delta': 1.0264005437045285, 'by_sample': False, 'by_var': True}. Best is trial 204 with value: 1.4683679342269897.
[I 2024-05-16 20:46:49,257] Trial 530 pruned. Exception occured in `FastAIV2PruningCallback` when calling event `after_fit`:
	Trial was pruned at epoch 0.
[I 2024-05-16 20:54:44,924] Trial 531 finished with value: 1.5088493824005127 and parameters: {'nf': 39, 'nb_filters': 126, 'fc_dropout': 0.013960751703423278, 'ks': 19, 'conv_dropout': 0.10104572819378858, 'sa': True, 'se': True, 'learning_rate_model': 0.006822130655716395, 'Huber_delta': 1.027585826742778, 'by_sample': False, 'by_var': True}. Best is trial 204 with value: 1.4683679342269897.
[I 2024-05-16 20:54:46,142] Trial 532 pruned. Exception occured in `FastAIV2PruningCallback` when calling event `after_fit`:
	Trial was pruned at epoch 0.
[I 2024-05-16 20:54:51,622] Trial 533 pruned. Exception occured in `FastAIV2PruningCallback` when calling event `after_fit`:
	Trial was pruned at epoch 5.
[I 2024-05-16 20:54:52,818] Trial 534 pruned. Exception occured in `FastAIV2PruningCallback` when calling event `after_fit`:
	Trial was pruned at epoch 0.
[I 2024-05-16 21:02:47,079] Trial 535 finished with value: 1.5539761781692505 and parameters: {'nf': 36, 'nb_filters': 125, 'fc_dropout': 0.01396431913741225, 'ks': 21, 'conv_dropout': 0.07284007030168277, 'sa': True, 'se': True, 'learning_rate_model': 0.007314087658239386, 'Huber_delta': 1.026014998695771, 'by_sample': False, 'by_var': True}. Best is trial 204 with value: 1.4683679342269897.
[I 2024-05-16 21:02:52,609] Trial 536 pruned. Exception occured in `FastAIV2PruningCallback` when calling event `after_fit`:
	Trial was pruned at epoch 5.
[I 2024-05-16 21:02:54,668] Trial 537 pruned. Exception occured in `FastAIV2PruningCallback` when calling event `after_fit`:
	Trial was pruned at epoch 1.
[I 2024-05-16 21:02:55,865] Trial 538 pruned. Exception occured in `FastAIV2PruningCallback` when calling event `after_fit`:
	Trial was pruned at epoch 0.
[I 2024-05-16 21:02:57,919] Trial 539 pruned. Exception occured in `FastAIV2PruningCallback` when calling event `after_fit`:
	Trial was pruned at epoch 1.
[I 2024-05-16 21:10:53,456] Trial 540 finished with value: 1.5421695709228516 and parameters: {'nf': 36, 'nb_filters': 123, 'fc_dropout': 0.011627678580478805, 'ks': 20, 'conv_dropout': 0.09004166802579587, 'sa': True, 'se': True, 'learning_rate_model': 0.00674786107335091, 'Huber_delta': 1.0227427441604273, 'by_sample': False, 'by_var': True}. Best is trial 204 with value: 1.4683679342269897.
[I 2024-05-16 21:18:51,000] Trial 541 finished with value: 2.8496360778808594 and parameters: {'nf': 36, 'nb_filters': 121, 'fc_dropout': 0.019440769607828003, 'ks': 19, 'conv_dropout': 0.0930140113353791, 'sa': True, 'se': True, 'learning_rate_model': 0.0066786006582228875, 'Huber_delta': 1.0287881646103447, 'by_sample': False, 'by_var': True}. Best is trial 204 with value: 1.4683679342269897.
[I 2024-05-16 21:18:53,084] Trial 542 pruned. Exception occured in `FastAIV2PruningCallback` when calling event `after_fit`:
	Trial was pruned at epoch 1.
[I 2024-05-16 21:18:54,289] Trial 543 pruned. Exception occured in `FastAIV2PruningCallback` when calling event `after_fit`:
	Trial was pruned at epoch 0.
[I 2024-05-16 21:18:55,490] Trial 544 pruned. Exception occured in `FastAIV2PruningCallback` when calling event `after_fit`:
	Trial was pruned at epoch 0.
[I 2024-05-16 21:18:56,689] Trial 545 pruned. Exception occured in `FastAIV2PruningCallback` when calling event `after_fit`:
	Trial was pruned at epoch 0.
[I 2024-05-16 21:18:57,894] Trial 546 pruned. Exception occured in `FastAIV2PruningCallback` when calling event `after_fit`:
	Trial was pruned at epoch 0.
[I 2024-05-16 21:18:59,096] Trial 547 pruned. Exception occured in `FastAIV2PruningCallback` when calling event `after_fit`:
	Trial was pruned at epoch 0.
[I 2024-05-16 21:26:57,026] Trial 548 finished with value: 1.532457709312439 and parameters: {'nf': 37, 'nb_filters': 125, 'fc_dropout': 0.011913654333243739, 'ks': 19, 'conv_dropout': 0.09824576546212814, 'sa': True, 'se': True, 'learning_rate_model': 0.007385685913497105, 'Huber_delta': 1.0230625362158863, 'by_sample': False, 'by_var': True}. Best is trial 204 with value: 1.4683679342269897.
[I 2024-05-16 21:34:55,253] Trial 549 finished with value: 2.4912638664245605 and parameters: {'nf': 37, 'nb_filters': 125, 'fc_dropout': 0.009796412586795672, 'ks': 19, 'conv_dropout': 0.09642148773467608, 'sa': True, 'se': True, 'learning_rate_model': 0.007198292753468157, 'Huber_delta': 1.0211883998679931, 'by_sample': False, 'by_var': True}. Best is trial 204 with value: 1.4683679342269897.
[I 2024-05-16 21:34:57,338] Trial 550 pruned. Exception occured in `FastAIV2PruningCallback` when calling event `after_fit`:
	Trial was pruned at epoch 1.
[I 2024-05-16 21:34:58,538] Trial 551 pruned. Exception occured in `FastAIV2PruningCallback` when calling event `after_fit`:
	Trial was pruned at epoch 0.
[I 2024-05-16 21:42:55,038] Trial 552 finished with value: 1.552185297012329 and parameters: {'nf': 40, 'nb_filters': 120, 'fc_dropout': 0.028459948638121353, 'ks': 21, 'conv_dropout': 0.07245301832298608, 'sa': True, 'se': True, 'learning_rate_model': 0.006386227293375514, 'Huber_delta': 1.040043436493494, 'by_sample': False, 'by_var': True}. Best is trial 204 with value: 1.4683679342269897.
[I 2024-05-16 21:42:56,265] Trial 553 pruned. Exception occured in `FastAIV2PruningCallback` when calling event `after_fit`:
	Trial was pruned at epoch 0.
[I 2024-05-16 21:42:57,466] Trial 554 pruned. Exception occured in `FastAIV2PruningCallback` when calling event `after_fit`:
	Trial was pruned at epoch 0.
[I 2024-05-16 21:50:53,002] Trial 555 finished with value: 1.6018524169921875 and parameters: {'nf': 40, 'nb_filters': 123, 'fc_dropout': 0.04312913241441656, 'ks': 22, 'conv_dropout': 0.11453607131090707, 'sa': True, 'se': True, 'learning_rate_model': 0.006326124121509799, 'Huber_delta': 1.0399012651076596, 'by_sample': False, 'by_var': True}. Best is trial 204 with value: 1.4683679342269897.
[I 2024-05-16 21:50:55,086] Trial 556 pruned. Exception occured in `FastAIV2PruningCallback` when calling event `after_fit`:
	Trial was pruned at epoch 1.
[I 2024-05-16 21:50:56,294] Trial 557 pruned. Exception occured in `FastAIV2PruningCallback` when calling event `after_fit`:
	Trial was pruned at epoch 0.
[I 2024-05-16 21:50:57,513] Trial 558 pruned. Exception occured in `FastAIV2PruningCallback` when calling event `after_fit`:
	Trial was pruned at epoch 0.
[I 2024-05-16 21:50:58,715] Trial 559 pruned. Exception occured in `FastAIV2PruningCallback` when calling event `after_fit`:
	Trial was pruned at epoch 0.
[I 2024-05-16 21:50:59,919] Trial 560 pruned. Exception occured in `FastAIV2PruningCallback` when calling event `after_fit`:
	Trial was pruned at epoch 0.
[I 2024-05-16 21:51:01,121] Trial 561 pruned. Exception occured in `FastAIV2PruningCallback` when calling event `after_fit`:
	Trial was pruned at epoch 0.
[I 2024-05-16 21:51:05,783] Trial 562 pruned. Exception occured in `FastAIV2PruningCallback` when calling event `after_fit`:
	Trial was pruned at epoch 4.
[I 2024-05-16 21:51:07,853] Trial 563 pruned. Exception occured in `FastAIV2PruningCallback` when calling event `after_fit`:
	Trial was pruned at epoch 1.
[I 2024-05-16 21:59:02,329] Trial 564 finished with value: 1.533799648284912 and parameters: {'nf': 38, 'nb_filters': 128, 'fc_dropout': 0.018998851676711823, 'ks': 21, 'conv_dropout': 0.10446846619016595, 'sa': True, 'se': True, 'learning_rate_model': 0.004753217332654382, 'Huber_delta': 1.0373415115863969, 'by_sample': False, 'by_var': True}. Best is trial 204 with value: 1.4683679342269897.
[I 2024-05-16 22:06:56,673] Trial 565 finished with value: 1.4902836084365845 and parameters: {'nf': 38, 'nb_filters': 128, 'fc_dropout': 0.022968727409208165, 'ks': 21, 'conv_dropout': 0.10693184905150568, 'sa': True, 'se': True, 'learning_rate_model': 0.004753715220086806, 'Huber_delta': 1.0017030250085517, 'by_sample': False, 'by_var': True}. Best is trial 204 with value: 1.4683679342269897.
[I 2024-05-16 22:14:51,616] Trial 566 finished with value: 1.5018384456634521 and parameters: {'nf': 38, 'nb_filters': 128, 'fc_dropout': 0.01935680600363856, 'ks': 21, 'conv_dropout': 0.11239853046992263, 'sa': True, 'se': True, 'learning_rate_model': 0.004599080787713904, 'Huber_delta': 1.0037931953041814, 'by_sample': False, 'by_var': True}. Best is trial 204 with value: 1.4683679342269897.
[I 2024-05-16 22:14:52,841] Trial 567 pruned. Exception occured in `FastAIV2PruningCallback` when calling event `after_fit`:
	Trial was pruned at epoch 0.
[I 2024-05-16 22:14:54,049] Trial 568 pruned. Exception occured in `FastAIV2PruningCallback` when calling event `after_fit`:
	Trial was pruned at epoch 0.
[I 2024-05-16 22:14:55,250] Trial 569 pruned. Exception occured in `FastAIV2PruningCallback` when calling event `after_fit`:
	Trial was pruned at epoch 0.
[I 2024-05-16 22:14:56,457] Trial 570 pruned. Exception occured in `FastAIV2PruningCallback` when calling event `after_fit`:
	Trial was pruned at epoch 0.
[I 2024-05-16 22:22:54,571] Trial 571 finished with value: 1.5230720043182373 and parameters: {'nf': 37, 'nb_filters': 126, 'fc_dropout': 0.0002982813996615652, 'ks': 22, 'conv_dropout': 0.09868046728536624, 'sa': True, 'se': True, 'learning_rate_model': 0.00539789254031635, 'Huber_delta': 1.0005146861775922, 'by_sample': False, 'by_var': True}. Best is trial 204 with value: 1.4683679342269897.
[I 2024-05-16 22:22:56,669] Trial 572 pruned. Exception occured in `FastAIV2PruningCallback` when calling event `after_fit`:
	Trial was pruned at epoch 1.
[I 2024-05-16 22:22:57,876] Trial 573 pruned. Exception occured in `FastAIV2PruningCallback` when calling event `after_fit`:
	Trial was pruned at epoch 0.
[I 2024-05-16 22:22:59,087] Trial 574 pruned. Exception occured in `FastAIV2PruningCallback` when calling event `after_fit`:
	Trial was pruned at epoch 0.
[I 2024-05-16 22:30:58,635] Trial 575 finished with value: 1.5252552032470703 and parameters: {'nf': 35, 'nb_filters': 123, 'fc_dropout': 0.03036517737131799, 'ks': 20, 'conv_dropout': 0.12730621842660975, 'sa': True, 'se': True, 'learning_rate_model': 0.006946301454469095, 'Huber_delta': 1.0408305002379648, 'by_sample': False, 'by_var': True}. Best is trial 204 with value: 1.4683679342269897.
[I 2024-05-16 22:31:00,732] Trial 576 pruned. Exception occured in `FastAIV2PruningCallback` when calling event `after_fit`:
	Trial was pruned at epoch 1.
[I 2024-05-16 22:31:02,808] Trial 577 pruned. Exception occured in `FastAIV2PruningCallback` when calling event `after_fit`:
	Trial was pruned at epoch 1.
[I 2024-05-16 22:31:08,358] Trial 578 pruned. Exception occured in `FastAIV2PruningCallback` when calling event `after_fit`:
	Trial was pruned at epoch 5.
[I 2024-05-16 22:31:09,568] Trial 579 pruned. Exception occured in `FastAIV2PruningCallback` when calling event `after_fit`:
	Trial was pruned at epoch 0.
[I 2024-05-16 22:31:14,250] Trial 580 pruned. Exception occured in `FastAIV2PruningCallback` when calling event `after_fit`:
	Trial was pruned at epoch 4.
[I 2024-05-16 22:31:15,466] Trial 581 pruned. Exception occured in `FastAIV2PruningCallback` when calling event `after_fit`:
	Trial was pruned at epoch 0.
[I 2024-05-16 22:39:14,134] Trial 582 finished with value: 1.5232030153274536 and parameters: {'nf': 36, 'nb_filters': 126, 'fc_dropout': 0.00020827867327827612, 'ks': 21, 'conv_dropout': 0.09312044153254054, 'sa': True, 'se': True, 'learning_rate_model': 0.005793130920052369, 'Huber_delta': 1.0187358938297237, 'by_sample': False, 'by_var': True}. Best is trial 204 with value: 1.4683679342269897.
[I 2024-05-16 22:39:16,235] Trial 583 pruned. Exception occured in `FastAIV2PruningCallback` when calling event `after_fit`:
	Trial was pruned at epoch 1.
[I 2024-05-16 22:39:21,771] Trial 584 pruned. Exception occured in `FastAIV2PruningCallback` when calling event `after_fit`:
	Trial was pruned at epoch 5.
[I 2024-05-16 22:39:27,325] Trial 585 pruned. Exception occured in `FastAIV2PruningCallback` when calling event `after_fit`:
	Trial was pruned at epoch 5.
[I 2024-05-16 22:39:32,876] Trial 586 pruned. Exception occured in `FastAIV2PruningCallback` when calling event `after_fit`:
	Trial was pruned at epoch 5.
[I 2024-05-16 22:39:34,959] Trial 587 pruned. Exception occured in `FastAIV2PruningCallback` when calling event `after_fit`:
	Trial was pruned at epoch 1.
[I 2024-05-16 22:39:36,170] Trial 588 pruned. Exception occured in `FastAIV2PruningCallback` when calling event `after_fit`:
	Trial was pruned at epoch 0.
[I 2024-05-16 22:39:38,256] Trial 589 pruned. Exception occured in `FastAIV2PruningCallback` when calling event `after_fit`:
	Trial was pruned at epoch 1.
[I 2024-05-16 22:39:43,807] Trial 590 pruned. Exception occured in `FastAIV2PruningCallback` when calling event `after_fit`:
	Trial was pruned at epoch 5.
[I 2024-05-16 22:39:45,905] Trial 591 pruned. Exception occured in `FastAIV2PruningCallback` when calling event `after_fit`:
	Trial was pruned at epoch 1.
[I 2024-05-16 22:39:47,120] Trial 592 pruned. Exception occured in `FastAIV2PruningCallback` when calling event `after_fit`:
	Trial was pruned at epoch 0.
[I 2024-05-16 22:39:48,331] Trial 593 pruned. Exception occured in `FastAIV2PruningCallback` when calling event `after_fit`:
	Trial was pruned at epoch 0.
[I 2024-05-16 22:39:50,421] Trial 594 pruned. Exception occured in `FastAIV2PruningCallback` when calling event `after_fit`:
	Trial was pruned at epoch 1.
[I 2024-05-16 22:39:52,507] Trial 595 pruned. Exception occured in `FastAIV2PruningCallback` when calling event `after_fit`:
	Trial was pruned at epoch 1.
[I 2024-05-16 22:39:53,719] Trial 596 pruned. Exception occured in `FastAIV2PruningCallback` when calling event `after_fit`:
	Trial was pruned at epoch 0.
[I 2024-05-16 22:39:55,807] Trial 597 pruned. Exception occured in `FastAIV2PruningCallback` when calling event `after_fit`:
	Trial was pruned at epoch 1.
[I 2024-05-16 22:39:57,019] Trial 598 pruned. Exception occured in `FastAIV2PruningCallback` when calling event `after_fit`:
	Trial was pruned at epoch 0.
[I 2024-05-16 22:39:58,232] Trial 599 pruned. Exception occured in `FastAIV2PruningCallback` when calling event `after_fit`:
	Trial was pruned at epoch 0.
[I 2024-05-16 22:39:59,443] Trial 600 pruned. Exception occured in `FastAIV2PruningCallback` when calling event `after_fit`:
	Trial was pruned at epoch 0.
[I 2024-05-16 22:40:05,021] Trial 601 pruned. Exception occured in `FastAIV2PruningCallback` when calling event `after_fit`:
	Trial was pruned at epoch 5.
[I 2024-05-16 22:40:06,233] Trial 602 pruned. Exception occured in `FastAIV2PruningCallback` when calling event `after_fit`:
	Trial was pruned at epoch 0.
[I 2024-05-16 22:40:08,325] Trial 603 pruned. Exception occured in `FastAIV2PruningCallback` when calling event `after_fit`:
	Trial was pruned at epoch 1.
[I 2024-05-16 22:40:09,538] Trial 604 pruned. Exception occured in `FastAIV2PruningCallback` when calling event `after_fit`:
	Trial was pruned at epoch 0.
[I 2024-05-16 22:40:10,756] Trial 605 pruned. Exception occured in `FastAIV2PruningCallback` when calling event `after_fit`:
	Trial was pruned at epoch 0.
[I 2024-05-16 22:40:11,971] Trial 606 pruned. Exception occured in `FastAIV2PruningCallback` when calling event `after_fit`:
	Trial was pruned at epoch 0.
[I 2024-05-16 22:40:17,555] Trial 607 pruned. Exception occured in `FastAIV2PruningCallback` when calling event `after_fit`:
	Trial was pruned at epoch 5.
[I 2024-05-16 22:48:17,782] Trial 608 finished with value: 14.446084976196289 and parameters: {'nf': 37, 'nb_filters': 126, 'fc_dropout': 0.04322373321084543, 'ks': 21, 'conv_dropout': 0.08206929399844558, 'sa': True, 'se': True, 'learning_rate_model': 0.006723683796280977, 'Huber_delta': 1.0000553027983459, 'by_sample': False, 'by_var': True}. Best is trial 204 with value: 1.4683679342269897.
[I 2024-05-16 22:48:19,019] Trial 609 pruned. Exception occured in `FastAIV2PruningCallback` when calling event `after_fit`:
	Trial was pruned at epoch 0.
[I 2024-05-16 22:48:20,232] Trial 610 pruned. Exception occured in `FastAIV2PruningCallback` when calling event `after_fit`:
	Trial was pruned at epoch 0.
[I 2024-05-16 22:48:21,448] Trial 611 pruned. Exception occured in `FastAIV2PruningCallback` when calling event `after_fit`:
	Trial was pruned at epoch 0.
[I 2024-05-16 22:48:23,533] Trial 612 pruned. Exception occured in `FastAIV2PruningCallback` when calling event `after_fit`:
	Trial was pruned at epoch 1.
[I 2024-05-16 22:48:24,756] Trial 613 pruned. Exception occured in `FastAIV2PruningCallback` when calling event `after_fit`:
	Trial was pruned at epoch 0.
