[I 2024-05-17 03:01:30,668] Trial 1274 pruned. Exception occured in `FastAIV2PruningCallback` when calling event `after_fit`:
	Trial was pruned at epoch 0.
[I 2024-05-17 03:01:31,961] Trial 1275 pruned. Exception occured in `FastAIV2PruningCallback` when calling event `after_fit`:
	Trial was pruned at epoch 0.
[I 2024-05-17 03:01:33,250] Trial 1276 pruned. Exception occured in `FastAIV2PruningCallback` when calling event `after_fit`:
	Trial was pruned at epoch 0.
[I 2024-05-17 03:01:34,545] Trial 1277 pruned. Exception occured in `FastAIV2PruningCallback` when calling event `after_fit`:
	Trial was pruned at epoch 0.
[I 2024-05-17 03:01:35,840] Trial 1278 pruned. Exception occured in `FastAIV2PruningCallback` when calling event `after_fit`:
	Trial was pruned at epoch 0.
[I 2024-05-17 03:01:38,024] Trial 1279 pruned. Exception occured in `FastAIV2PruningCallback` when calling event `after_fit`:
	Trial was pruned at epoch 1.
[I 2024-05-17 03:01:39,307] Trial 1280 pruned. Exception occured in `FastAIV2PruningCallback` when calling event `after_fit`:
	Trial was pruned at epoch 0.
[I 2024-05-17 03:01:40,600] Trial 1281 pruned. Exception occured in `FastAIV2PruningCallback` when calling event `after_fit`:
	Trial was pruned at epoch 0.
[I 2024-05-17 03:01:42,790] Trial 1282 pruned. Exception occured in `FastAIV2PruningCallback` when calling event `after_fit`:
	Trial was pruned at epoch 1.
[I 2024-05-17 03:01:44,082] Trial 1283 pruned. Exception occured in `FastAIV2PruningCallback` when calling event `after_fit`:
	Trial was pruned at epoch 0.
[I 2024-05-17 03:01:46,288] Trial 1284 pruned. Exception occured in `FastAIV2PruningCallback` when calling event `after_fit`:
	Trial was pruned at epoch 1.
[I 2024-05-17 03:01:48,458] Trial 1285 pruned. Exception occured in `FastAIV2PruningCallback` when calling event `after_fit`:
	Trial was pruned at epoch 1.
[I 2024-05-17 03:01:54,136] Trial 1286 pruned. Exception occured in `FastAIV2PruningCallback` when calling event `after_fit`:
	Trial was pruned at epoch 5.
[I 2024-05-17 03:01:55,414] Trial 1287 pruned. Exception occured in `FastAIV2PruningCallback` when calling event `after_fit`:
	Trial was pruned at epoch 0.
[I 2024-05-17 03:01:56,688] Trial 1288 pruned. Exception occured in `FastAIV2PruningCallback` when calling event `after_fit`:
	Trial was pruned at epoch 0.
[I 2024-05-17 03:01:57,969] Trial 1289 pruned. Exception occured in `FastAIV2PruningCallback` when calling event `after_fit`:
	Trial was pruned at epoch 0.
[I 2024-05-17 03:01:59,249] Trial 1290 pruned. Exception occured in `FastAIV2PruningCallback` when calling event `after_fit`:
	Trial was pruned at epoch 0.
[I 2024-05-17 03:02:00,530] Trial 1291 pruned. Exception occured in `FastAIV2PruningCallback` when calling event `after_fit`:
	Trial was pruned at epoch 0.
[I 2024-05-17 03:02:02,690] Trial 1292 pruned. Exception occured in `FastAIV2PruningCallback` when calling event `after_fit`:
	Trial was pruned at epoch 1.
[I 2024-05-17 03:02:03,972] Trial 1293 pruned. Exception occured in `FastAIV2PruningCallback` when calling event `after_fit`:
	Trial was pruned at epoch 0.
[I 2024-05-17 03:02:05,252] Trial 1294 pruned. Exception occured in `FastAIV2PruningCallback` when calling event `after_fit`:
	Trial was pruned at epoch 0.
[I 2024-05-17 03:02:06,535] Trial 1295 pruned. Exception occured in `FastAIV2PruningCallback` when calling event `after_fit`:
	Trial was pruned at epoch 0.
[I 2024-05-17 03:02:07,814] Trial 1296 pruned. Exception occured in `FastAIV2PruningCallback` when calling event `after_fit`:
	Trial was pruned at epoch 0.
[I 2024-05-17 03:02:09,971] Trial 1297 pruned. Exception occured in `FastAIV2PruningCallback` when calling event `after_fit`:
	Trial was pruned at epoch 1.
[I 2024-05-17 03:02:12,131] Trial 1298 pruned. Exception occured in `FastAIV2PruningCallback` when calling event `after_fit`:
	Trial was pruned at epoch 1.
[I 2024-05-17 03:02:13,400] Trial 1299 pruned. Exception occured in `FastAIV2PruningCallback` when calling event `after_fit`:
	Trial was pruned at epoch 0.
[I 2024-05-17 03:02:14,681] Trial 1300 pruned. Exception occured in `FastAIV2PruningCallback` when calling event `after_fit`:
	Trial was pruned at epoch 0.
[I 2024-05-17 03:02:16,843] Trial 1301 pruned. Exception occured in `FastAIV2PruningCallback` when calling event `after_fit`:
	Trial was pruned at epoch 1.
[I 2024-05-17 03:02:18,124] Trial 1302 pruned. Exception occured in `FastAIV2PruningCallback` when calling event `after_fit`:
	Trial was pruned at epoch 0.
[I 2024-05-17 03:02:20,283] Trial 1303 pruned. Exception occured in `FastAIV2PruningCallback` when calling event `after_fit`:
	Trial was pruned at epoch 1.
[I 2024-05-17 03:02:22,447] Trial 1304 pruned. Exception occured in `FastAIV2PruningCallback` when calling event `after_fit`:
	Trial was pruned at epoch 1.
[I 2024-05-17 03:02:23,731] Trial 1305 pruned. Exception occured in `FastAIV2PruningCallback` when calling event `after_fit`:
	Trial was pruned at epoch 0.
[I 2024-05-17 03:02:25,887] Trial 1306 pruned. Exception occured in `FastAIV2PruningCallback` when calling event `after_fit`:
	Trial was pruned at epoch 1.
[I 2024-05-17 03:02:27,167] Trial 1307 pruned. Exception occured in `FastAIV2PruningCallback` when calling event `after_fit`:
	Trial was pruned at epoch 0.
[I 2024-05-17 03:02:28,451] Trial 1308 pruned. Exception occured in `FastAIV2PruningCallback` when calling event `after_fit`:
	Trial was pruned at epoch 0.
[I 2024-05-17 03:02:29,715] Trial 1309 pruned. Exception occured in `FastAIV2PruningCallback` when calling event `after_fit`:
	Trial was pruned at epoch 0.
[I 2024-05-17 03:02:30,996] Trial 1310 pruned. Exception occured in `FastAIV2PruningCallback` when calling event `after_fit`:
	Trial was pruned at epoch 0.
[I 2024-05-17 03:02:32,279] Trial 1311 pruned. Exception occured in `FastAIV2PruningCallback` when calling event `after_fit`:
	Trial was pruned at epoch 0.
[I 2024-05-17 03:02:33,557] Trial 1312 pruned. Exception occured in `FastAIV2PruningCallback` when calling event `after_fit`:
	Trial was pruned at epoch 0.
[I 2024-05-17 03:02:34,842] Trial 1313 pruned. Exception occured in `FastAIV2PruningCallback` when calling event `after_fit`:
	Trial was pruned at epoch 0.
[I 2024-05-17 03:02:36,139] Trial 1314 pruned. Exception occured in `FastAIV2PruningCallback` when calling event `after_fit`:
	Trial was pruned at epoch 0.
[I 2024-05-17 03:02:38,331] Trial 1315 pruned. Exception occured in `FastAIV2PruningCallback` when calling event `after_fit`:
	Trial was pruned at epoch 1.
[I 2024-05-17 03:02:40,501] Trial 1316 pruned. Exception occured in `FastAIV2PruningCallback` when calling event `after_fit`:
	Trial was pruned at epoch 1.
[I 2024-05-17 03:02:46,172] Trial 1317 pruned. Exception occured in `FastAIV2PruningCallback` when calling event `after_fit`:
	Trial was pruned at epoch 5.
[I 2024-05-17 03:10:52,696] Trial 1318 finished with value: 1.5797258615493774 and parameters: {'nf': 36, 'nb_filters': 125, 'fc_dropout': 0.0003758573834509361, 'ks': 19, 'conv_dropout': 0.07409975941003656, 'sa': True, 'se': True, 'learning_rate_model': 0.009982693920122266, 'Huber_delta': 1.044627807940736, 'by_sample': False, 'by_var': True}. Best is trial 204 with value: 1.4683679342269897.
[I 2024-05-17 03:10:53,960] Trial 1319 pruned. Exception occured in `FastAIV2PruningCallback` when calling event `after_fit`:
	Trial was pruned at epoch 0.
[I 2024-05-17 03:10:55,245] Trial 1320 pruned. Exception occured in `FastAIV2PruningCallback` when calling event `after_fit`:
	Trial was pruned at epoch 0.
[I 2024-05-17 03:10:56,522] Trial 1321 pruned. Exception occured in `FastAIV2PruningCallback` when calling event `after_fit`:
	Trial was pruned at epoch 0.
[I 2024-05-17 03:10:57,806] Trial 1322 pruned. Exception occured in `FastAIV2PruningCallback` when calling event `after_fit`:
	Trial was pruned at epoch 0.
[I 2024-05-17 03:10:59,090] Trial 1323 pruned. Exception occured in `FastAIV2PruningCallback` when calling event `after_fit`:
	Trial was pruned at epoch 0.
[I 2024-05-17 03:11:00,370] Trial 1324 pruned. Exception occured in `FastAIV2PruningCallback` when calling event `after_fit`:
	Trial was pruned at epoch 0.
[I 2024-05-17 03:11:01,657] Trial 1325 pruned. Exception occured in `FastAIV2PruningCallback` when calling event `after_fit`:
	Trial was pruned at epoch 0.
[I 2024-05-17 03:11:03,826] Trial 1326 pruned. Exception occured in `FastAIV2PruningCallback` when calling event `after_fit`:
	Trial was pruned at epoch 1.
[I 2024-05-17 03:11:05,110] Trial 1327 pruned. Exception occured in `FastAIV2PruningCallback` when calling event `after_fit`:
	Trial was pruned at epoch 0.
[I 2024-05-17 03:11:07,272] Trial 1328 pruned. Exception occured in `FastAIV2PruningCallback` when calling event `after_fit`:
	Trial was pruned at epoch 1.
[I 2024-05-17 03:11:08,559] Trial 1329 pruned. Exception occured in `FastAIV2PruningCallback` when calling event `after_fit`:
	Trial was pruned at epoch 0.
[I 2024-05-17 03:11:09,844] Trial 1330 pruned. Exception occured in `FastAIV2PruningCallback` when calling event `after_fit`:
	Trial was pruned at epoch 0.
[I 2024-05-17 03:11:11,128] Trial 1331 pruned. Exception occured in `FastAIV2PruningCallback` when calling event `after_fit`:
	Trial was pruned at epoch 0.
[I 2024-05-17 03:11:12,446] Trial 1332 pruned. Exception occured in `FastAIV2PruningCallback` when calling event `after_fit`:
	Trial was pruned at epoch 0.
[I 2024-05-17 03:11:13,706] Trial 1333 pruned. Exception occured in `FastAIV2PruningCallback` when calling event `after_fit`:
	Trial was pruned at epoch 0.
[I 2024-05-17 03:11:14,995] Trial 1334 pruned. Exception occured in `FastAIV2PruningCallback` when calling event `after_fit`:
	Trial was pruned at epoch 0.
[I 2024-05-17 03:11:16,278] Trial 1335 pruned. Exception occured in `FastAIV2PruningCallback` when calling event `after_fit`:
	Trial was pruned at epoch 0.
[I 2024-05-17 03:11:17,565] Trial 1336 pruned. Exception occured in `FastAIV2PruningCallback` when calling event `after_fit`:
	Trial was pruned at epoch 0.
[I 2024-05-17 03:11:19,729] Trial 1337 pruned. Exception occured in `FastAIV2PruningCallback` when calling event `after_fit`:
	Trial was pruned at epoch 1.
[I 2024-05-17 03:19:24,240] Trial 1338 finished with value: 1.5403856039047241 and parameters: {'nf': 25, 'nb_filters': 124, 'fc_dropout': 0.4623725108935018, 'ks': 22, 'conv_dropout': 0.10575398428947072, 'sa': True, 'se': True, 'learning_rate_model': 0.005190582382419492, 'Huber_delta': 1.0169672656848934, 'by_sample': False, 'by_var': True}. Best is trial 204 with value: 1.4683679342269897.
[I 2024-05-17 03:19:25,547] Trial 1339 pruned. Exception occured in `FastAIV2PruningCallback` when calling event `after_fit`:
	Trial was pruned at epoch 0.
[I 2024-05-17 03:19:26,829] Trial 1340 pruned. Exception occured in `FastAIV2PruningCallback` when calling event `after_fit`:
	Trial was pruned at epoch 0.
[I 2024-05-17 03:19:32,493] Trial 1341 pruned. Exception occured in `FastAIV2PruningCallback` when calling event `after_fit`:
	Trial was pruned at epoch 5.
[I 2024-05-17 03:19:34,652] Trial 1342 pruned. Exception occured in `FastAIV2PruningCallback` when calling event `after_fit`:
	Trial was pruned at epoch 1.
[I 2024-05-17 03:19:35,935] Trial 1343 pruned. Exception occured in `FastAIV2PruningCallback` when calling event `after_fit`:
	Trial was pruned at epoch 0.
[I 2024-05-17 03:19:38,096] Trial 1344 pruned. Exception occured in `FastAIV2PruningCallback` when calling event `after_fit`:
	Trial was pruned at epoch 1.
[I 2024-05-17 03:19:39,378] Trial 1345 pruned. Exception occured in `FastAIV2PruningCallback` when calling event `after_fit`:
	Trial was pruned at epoch 0.
[I 2024-05-17 03:19:40,664] Trial 1346 pruned. Exception occured in `FastAIV2PruningCallback` when calling event `after_fit`:
	Trial was pruned at epoch 0.
[I 2024-05-17 03:19:41,945] Trial 1347 pruned. Exception occured in `FastAIV2PruningCallback` when calling event `after_fit`:
	Trial was pruned at epoch 0.
[I 2024-05-17 03:19:43,229] Trial 1348 pruned. Exception occured in `FastAIV2PruningCallback` when calling event `after_fit`:
	Trial was pruned at epoch 0.
[I 2024-05-17 03:19:44,529] Trial 1349 pruned. Exception occured in `FastAIV2PruningCallback` when calling event `after_fit`:
	Trial was pruned at epoch 0.
[I 2024-05-17 03:19:45,815] Trial 1350 pruned. Exception occured in `FastAIV2PruningCallback` when calling event `after_fit`:
	Trial was pruned at epoch 0.
[I 2024-05-17 03:19:51,493] Trial 1351 pruned. Exception occured in `FastAIV2PruningCallback` when calling event `after_fit`:
	Trial was pruned at epoch 5.
[I 2024-05-17 03:19:57,176] Trial 1352 pruned. Exception occured in `FastAIV2PruningCallback` when calling event `after_fit`:
	Trial was pruned at epoch 5.
[I 2024-05-17 03:19:58,462] Trial 1353 pruned. Exception occured in `FastAIV2PruningCallback` when calling event `after_fit`:
	Trial was pruned at epoch 0.
[I 2024-05-17 03:19:59,794] Trial 1354 pruned. Exception occured in `FastAIV2PruningCallback` when calling event `after_fit`:
	Trial was pruned at epoch 0.
[I 2024-05-17 03:20:01,090] Trial 1355 pruned. Exception occured in `FastAIV2PruningCallback` when calling event `after_fit`:
	Trial was pruned at epoch 0.
[I 2024-05-17 03:20:02,377] Trial 1356 pruned. Exception occured in `FastAIV2PruningCallback` when calling event `after_fit`:
	Trial was pruned at epoch 0.
[I 2024-05-17 03:20:03,626] Trial 1357 pruned. Exception occured in `FastAIV2PruningCallback` when calling event `after_fit`:
	Trial was pruned at epoch 0.
[I 2024-05-17 03:20:04,952] Trial 1358 pruned. Exception occured in `FastAIV2PruningCallback` when calling event `after_fit`:
	Trial was pruned at epoch 0.
[I 2024-05-17 03:20:06,247] Trial 1359 pruned. Exception occured in `FastAIV2PruningCallback` when calling event `after_fit`:
	Trial was pruned at epoch 0.
[I 2024-05-17 03:20:07,539] Trial 1360 pruned. Exception occured in `FastAIV2PruningCallback` when calling event `after_fit`:
	Trial was pruned at epoch 0.
[I 2024-05-17 03:20:09,719] Trial 1361 pruned. Exception occured in `FastAIV2PruningCallback` when calling event `after_fit`:
	Trial was pruned at epoch 1.
[I 2024-05-17 03:20:11,013] Trial 1362 pruned. Exception occured in `FastAIV2PruningCallback` when calling event `after_fit`:
	Trial was pruned at epoch 0.
[I 2024-05-17 03:20:12,306] Trial 1363 pruned. Exception occured in `FastAIV2PruningCallback` when calling event `after_fit`:
	Trial was pruned at epoch 0.
[I 2024-05-17 03:20:14,485] Trial 1364 pruned. Exception occured in `FastAIV2PruningCallback` when calling event `after_fit`:
	Trial was pruned at epoch 1.
[I 2024-05-17 03:20:15,779] Trial 1365 pruned. Exception occured in `FastAIV2PruningCallback` when calling event `after_fit`:
	Trial was pruned at epoch 0.
[I 2024-05-17 03:20:17,074] Trial 1366 pruned. Exception occured in `FastAIV2PruningCallback` when calling event `after_fit`:
	Trial was pruned at epoch 0.
[I 2024-05-17 03:20:19,253] Trial 1367 pruned. Exception occured in `FastAIV2PruningCallback` when calling event `after_fit`:
	Trial was pruned at epoch 1.
[I 2024-05-17 03:20:20,547] Trial 1368 pruned. Exception occured in `FastAIV2PruningCallback` when calling event `after_fit`:
	Trial was pruned at epoch 0.
[I 2024-05-17 03:20:21,823] Trial 1369 pruned. Exception occured in `FastAIV2PruningCallback` when calling event `after_fit`:
	Trial was pruned at epoch 0.
[I 2024-05-17 03:20:23,120] Trial 1370 pruned. Exception occured in `FastAIV2PruningCallback` when calling event `after_fit`:
	Trial was pruned at epoch 0.
[I 2024-05-17 03:20:28,834] Trial 1371 pruned. Exception occured in `FastAIV2PruningCallback` when calling event `after_fit`:
	Trial was pruned at epoch 5.
[I 2024-05-17 03:20:30,128] Trial 1372 pruned. Exception occured in `FastAIV2PruningCallback` when calling event `after_fit`:
	Trial was pruned at epoch 0.
[I 2024-05-17 03:20:31,394] Trial 1373 pruned. Exception occured in `FastAIV2PruningCallback` when calling event `after_fit`:
	Trial was pruned at epoch 0.
[I 2024-05-17 03:20:33,576] Trial 1374 pruned. Exception occured in `FastAIV2PruningCallback` when calling event `after_fit`:
	Trial was pruned at epoch 1.
[I 2024-05-17 03:20:34,836] Trial 1375 pruned. Exception occured in `FastAIV2PruningCallback` when calling event `after_fit`:
	Trial was pruned at epoch 0.
[I 2024-05-17 03:20:36,132] Trial 1376 pruned. Exception occured in `FastAIV2PruningCallback` when calling event `after_fit`:
	Trial was pruned at epoch 0.
[I 2024-05-17 03:20:38,317] Trial 1377 pruned. Exception occured in `FastAIV2PruningCallback` when calling event `after_fit`:
	Trial was pruned at epoch 1.
[I 2024-05-17 03:20:39,600] Trial 1378 pruned. Exception occured in `FastAIV2PruningCallback` when calling event `after_fit`:
	Trial was pruned at epoch 0.
[I 2024-05-17 03:20:40,889] Trial 1379 pruned. Exception occured in `FastAIV2PruningCallback` when calling event `after_fit`:
	Trial was pruned at epoch 0.
[I 2024-05-17 03:20:43,071] Trial 1380 pruned. Exception occured in `FastAIV2PruningCallback` when calling event `after_fit`:
	Trial was pruned at epoch 1.
[I 2024-05-17 03:20:44,370] Trial 1381 pruned. Exception occured in `FastAIV2PruningCallback` when calling event `after_fit`:
	Trial was pruned at epoch 0.
[I 2024-05-17 03:20:45,665] Trial 1382 pruned. Exception occured in `FastAIV2PruningCallback` when calling event `after_fit`:
	Trial was pruned at epoch 0.
[I 2024-05-17 03:20:46,963] Trial 1383 pruned. Exception occured in `FastAIV2PruningCallback` when calling event `after_fit`:
	Trial was pruned at epoch 0.
[I 2024-05-17 03:20:48,215] Trial 1384 pruned. Exception occured in `FastAIV2PruningCallback` when calling event `after_fit`:
	Trial was pruned at epoch 0.
[I 2024-05-17 03:20:50,396] Trial 1385 pruned. Exception occured in `FastAIV2PruningCallback` when calling event `after_fit`:
	Trial was pruned at epoch 1.
[I 2024-05-17 03:20:51,697] Trial 1386 pruned. Exception occured in `FastAIV2PruningCallback` when calling event `after_fit`:
	Trial was pruned at epoch 0.
[I 2024-05-17 03:20:52,973] Trial 1387 pruned. Exception occured in `FastAIV2PruningCallback` when calling event `after_fit`:
	Trial was pruned at epoch 0.
[I 2024-05-17 03:20:54,301] Trial 1388 pruned. Exception occured in `FastAIV2PruningCallback` when calling event `after_fit`:
	Trial was pruned at epoch 0.
[I 2024-05-17 03:20:55,603] Trial 1389 pruned. Exception occured in `FastAIV2PruningCallback` when calling event `after_fit`:
	Trial was pruned at epoch 0.
[I 2024-05-17 03:20:57,794] Trial 1390 pruned. Exception occured in `FastAIV2PruningCallback` when calling event `after_fit`:
	Trial was pruned at epoch 1.
[I 2024-05-17 03:20:59,102] Trial 1391 pruned. Exception occured in `FastAIV2PruningCallback` when calling event `after_fit`:
	Trial was pruned at epoch 0.
[I 2024-05-17 03:21:00,402] Trial 1392 pruned. Exception occured in `FastAIV2PruningCallback` when calling event `after_fit`:
	Trial was pruned at epoch 0.
[I 2024-05-17 03:21:01,700] Trial 1393 pruned. Exception occured in `FastAIV2PruningCallback` when calling event `after_fit`:
	Trial was pruned at epoch 0.
[I 2024-05-17 03:21:02,999] Trial 1394 pruned. Exception occured in `FastAIV2PruningCallback` when calling event `after_fit`:
	Trial was pruned at epoch 0.
[I 2024-05-17 03:21:08,727] Trial 1395 pruned. Exception occured in `FastAIV2PruningCallback` when calling event `after_fit`:
	Trial was pruned at epoch 5.
[I 2024-05-17 03:21:10,924] Trial 1396 pruned. Exception occured in `FastAIV2PruningCallback` when calling event `after_fit`:
	Trial was pruned at epoch 1.
[I 2024-05-17 03:21:12,221] Trial 1397 pruned. Exception occured in `FastAIV2PruningCallback` when calling event `after_fit`:
	Trial was pruned at epoch 0.
[I 2024-05-17 03:29:22,944] Trial 1398 finished with value: 1.58297598361969 and parameters: {'nf': 26, 'nb_filters': 124, 'fc_dropout': 0.009993267320636524, 'ks': 22, 'conv_dropout': 0.09909724812590183, 'sa': True, 'se': True, 'learning_rate_model': 0.006035464835769193, 'Huber_delta': 1.0396802556253923, 'by_sample': False, 'by_var': True}. Best is trial 204 with value: 1.4683679342269897.
[I 2024-05-17 03:29:24,282] Trial 1399 pruned. Exception occured in `FastAIV2PruningCallback` when calling event `after_fit`:
	Trial was pruned at epoch 0.
[I 2024-05-17 03:29:26,479] Trial 1400 pruned. Exception occured in `FastAIV2PruningCallback` when calling event `after_fit`:
	Trial was pruned at epoch 1.
[I 2024-05-17 03:29:27,787] Trial 1401 pruned. Exception occured in `FastAIV2PruningCallback` when calling event `after_fit`:
	Trial was pruned at epoch 0.
[I 2024-05-17 03:29:30,005] Trial 1402 pruned. Exception occured in `FastAIV2PruningCallback` when calling event `after_fit`:
	Trial was pruned at epoch 1.
[I 2024-05-17 03:29:31,309] Trial 1403 pruned. Exception occured in `FastAIV2PruningCallback` when calling event `after_fit`:
	Trial was pruned at epoch 0.
[I 2024-05-17 03:29:32,616] Trial 1404 pruned. Exception occured in `FastAIV2PruningCallback` when calling event `after_fit`:
	Trial was pruned at epoch 0.
[I 2024-05-17 03:29:34,815] Trial 1405 pruned. Exception occured in `FastAIV2PruningCallback` when calling event `after_fit`:
	Trial was pruned at epoch 1.
[I 2024-05-17 03:29:36,120] Trial 1406 pruned. Exception occured in `FastAIV2PruningCallback` when calling event `after_fit`:
	Trial was pruned at epoch 0.
[I 2024-05-17 03:29:37,427] Trial 1407 pruned. Exception occured in `FastAIV2PruningCallback` when calling event `after_fit`:
	Trial was pruned at epoch 0.
[I 2024-05-17 03:29:38,734] Trial 1408 pruned. Exception occured in `FastAIV2PruningCallback` when calling event `after_fit`:
	Trial was pruned at epoch 0.
[I 2024-05-17 03:29:40,037] Trial 1409 pruned. Exception occured in `FastAIV2PruningCallback` when calling event `after_fit`:
	Trial was pruned at epoch 0.
