[I 2024-05-16 15:25:26,314] Trial 0 finished with value: 3.000302791595459 and parameters: {'nf': 36, 'nb_filters': 101, 'fc_dropout': 5.718740867244332e-05, 'ks': 22, 'conv_dropout': 0.07337794540855652, 'sa': False, 'se': False, 'learning_rate_model': 0.0004134759007834719, 'Huber_delta': 1.4191945144032947, 'by_sample': True, 'by_var': True}. Best is trial 0 with value: 3.000302791595459.
[I 2024-05-16 15:29:32,744] Trial 1 finished with value: 2.851839780807495 and parameters: {'nf': 48, 'nb_filters': 72, 'fc_dropout': 0.27934491422287583, 'ks': 15, 'conv_dropout': 0.0990507445424394, 'sa': False, 'se': False, 'learning_rate_model': 0.004257625486011381, 'Huber_delta': 1.8946066635038474, 'by_sample': True, 'by_var': False}. Best is trial 1 with value: 2.851839780807495.
[I 2024-05-16 15:34:45,647] Trial 2 finished with value: 3.327993631362915 and parameters: {'nf': 20, 'nb_filters': 72, 'fc_dropout': 0.47894476507525097, 'ks': 31, 'conv_dropout': 0.3459385569752367, 'sa': False, 'se': True, 'learning_rate_model': 0.0017800530470464962, 'Huber_delta': 1.9888610889064946, 'by_sample': True, 'by_var': True}. Best is trial 1 with value: 2.851839780807495.
[I 2024-05-16 15:39:10,547] Trial 3 finished with value: 3.009977102279663 and parameters: {'nf': 37, 'nb_filters': 120, 'fc_dropout': 0.14680707418683975, 'ks': 21, 'conv_dropout': 0.06501428605913884, 'sa': False, 'se': False, 'learning_rate_model': 0.00029834549048893857, 'Huber_delta': 1.0533625451170803, 'by_sample': True, 'by_var': False}. Best is trial 1 with value: 2.851839780807495.
[I 2024-05-16 15:43:08,649] Trial 4 finished with value: 1.5527608394622803 and parameters: {'nf': 21, 'nb_filters': 72, 'fc_dropout': 0.34720007886387255, 'ks': 26, 'conv_dropout': 0.02497672947304358, 'sa': False, 'se': False, 'learning_rate_model': 0.0005749963945531065, 'Huber_delta': 1.9034019152878834, 'by_sample': False, 'by_var': True}. Best is trial 4 with value: 1.5527608394622803.
[I 2024-05-16 15:43:09,779] Trial 5 pruned. Exception occured in `FastAIV2PruningCallback` when calling event `after_fit`:
	Trial was pruned at epoch 0.
[I 2024-05-16 15:48:36,953] Trial 6 finished with value: 1.5821905136108398 and parameters: {'nf': 21, 'nb_filters': 124, 'fc_dropout': 0.22495606673997026, 'ks': 33, 'conv_dropout': 0.20406840138064058, 'sa': False, 'se': True, 'learning_rate_model': 0.0007102884306928827, 'Huber_delta': 1.326644901772096, 'by_sample': False, 'by_var': False}. Best is trial 4 with value: 1.5527608394622803.
[I 2024-05-16 15:48:37,841] Trial 7 pruned. Exception occured in `FastAIV2PruningCallback` when calling event `after_fit`:
	Trial was pruned at epoch 0.
[I 2024-05-16 15:48:38,639] Trial 8 pruned. Exception occured in `FastAIV2PruningCallback` when calling event `after_fit`:
	Trial was pruned at epoch 0.
[I 2024-05-16 15:48:40,058] Trial 9 pruned. Exception occured in `FastAIV2PruningCallback` when calling event `after_fit`:
	Trial was pruned at epoch 1.
[I 2024-05-16 15:53:32,357] Trial 10 finished with value: 1.5460673570632935 and parameters: {'nf': 19, 'nb_filters': 125, 'fc_dropout': 0.28405023095997106, 'ks': 18, 'conv_dropout': 0.1261628722851617, 'sa': True, 'se': False, 'learning_rate_model': 0.0034712540900372407, 'Huber_delta': 1.2398477591475863, 'by_sample': False, 'by_var': True}. Best is trial 10 with value: 1.5460673570632935.
[I 2024-05-16 15:53:33,184] Trial 11 pruned. Exception occured in `FastAIV2PruningCallback` when calling event `after_fit`:
	Trial was pruned at epoch 0.
[I 2024-05-16 15:59:19,994] Trial 12 finished with value: 1.5828649997711182 and parameters: {'nf': 46, 'nb_filters': 52, 'fc_dropout': 0.37637777686940693, 'ks': 12, 'conv_dropout': 0.13015754928927048, 'sa': True, 'se': True, 'learning_rate_model': 0.00594872525402241, 'Huber_delta': 1.263296770487111, 'by_sample': False, 'by_var': False}. Best is trial 10 with value: 1.5460673570632935.
[I 2024-05-16 15:59:20,865] Trial 13 pruned. Exception occured in `FastAIV2PruningCallback` when calling event `after_fit`:
	Trial was pruned at epoch 0.
[I 2024-05-16 15:59:22,442] Trial 14 pruned. Exception occured in `FastAIV2PruningCallback` when calling event `after_fit`:
	Trial was pruned at epoch 1.
[I 2024-05-16 15:59:23,290] Trial 15 pruned. Exception occured in `FastAIV2PruningCallback` when calling event `after_fit`:
	Trial was pruned at epoch 0.
[I 2024-05-16 15:59:39,338] Trial 16 pruned. Exception occured in `FastAIV2PruningCallback` when calling event `after_fit`:
	Trial was pruned at epoch 28.
[I 2024-05-16 15:59:55,354] Trial 17 pruned. Exception occured in `FastAIV2PruningCallback` when calling event `after_fit`:
	Trial was pruned at epoch 26.
[I 2024-05-16 15:59:56,274] Trial 18 pruned. Exception occured in `FastAIV2PruningCallback` when calling event `after_fit`:
	Trial was pruned at epoch 0.
[I 2024-05-16 15:59:57,700] Trial 19 pruned. Exception occured in `FastAIV2PruningCallback` when calling event `after_fit`:
	Trial was pruned at epoch 1.
[I 2024-05-16 15:59:58,554] Trial 20 pruned. Exception occured in `FastAIV2PruningCallback` when calling event `after_fit`:
	Trial was pruned at epoch 0.
[I 2024-05-16 15:59:59,403] Trial 21 pruned. Exception occured in `FastAIV2PruningCallback` when calling event `after_fit`:
	Trial was pruned at epoch 0.
[I 2024-05-16 16:00:00,280] Trial 22 pruned. Exception occured in `FastAIV2PruningCallback` when calling event `after_fit`:
	Trial was pruned at epoch 0.
[I 2024-05-16 16:00:19,010] Trial 23 pruned. Exception occured in `FastAIV2PruningCallback` when calling event `after_fit`:
	Trial was pruned at epoch 26.
[I 2024-05-16 16:00:19,828] Trial 24 pruned. Exception occured in `FastAIV2PruningCallback` when calling event `after_fit`:
	Trial was pruned at epoch 0.
[I 2024-05-16 16:00:20,744] Trial 25 pruned. Exception occured in `FastAIV2PruningCallback` when calling event `after_fit`:
	Trial was pruned at epoch 0.
[I 2024-05-16 16:00:21,688] Trial 26 pruned. Exception occured in `FastAIV2PruningCallback` when calling event `after_fit`:
	Trial was pruned at epoch 0.
[I 2024-05-16 16:00:22,528] Trial 27 pruned. Exception occured in `FastAIV2PruningCallback` when calling event `after_fit`:
	Trial was pruned at epoch 0.
[I 2024-05-16 16:00:23,422] Trial 28 pruned. Exception occured in `FastAIV2PruningCallback` when calling event `after_fit`:
	Trial was pruned at epoch 0.
[I 2024-05-16 16:06:46,687] Trial 29 finished with value: 1.5368919372558594 and parameters: {'nf': 35, 'nb_filters': 119, 'fc_dropout': 0.018530523977017932, 'ks': 41, 'conv_dropout': 0.06282069056886941, 'sa': True, 'se': True, 'learning_rate_model': 0.007138079103746482, 'Huber_delta': 1.905402033702778, 'by_sample': False, 'by_var': False}. Best is trial 29 with value: 1.5368919372558594.
[I 2024-05-16 16:06:47,585] Trial 30 pruned. Exception occured in `FastAIV2PruningCallback` when calling event `after_fit`:
	Trial was pruned at epoch 0.
[I 2024-05-16 16:12:05,367] Trial 31 finished with value: 1.555945634841919 and parameters: {'nf': 31, 'nb_filters': 127, 'fc_dropout': 0.1333193510758176, 'ks': 31, 'conv_dropout': 0.15723350559292482, 'sa': True, 'se': False, 'learning_rate_model': 0.00655630927706175, 'Huber_delta': 1.0309490062711508, 'by_sample': False, 'by_var': False}. Best is trial 29 with value: 1.5368919372558594.
[I 2024-05-16 16:12:06,231] Trial 32 pruned. Exception occured in `FastAIV2PruningCallback` when calling event `after_fit`:
	Trial was pruned at epoch 0.
[I 2024-05-16 16:12:07,179] Trial 33 pruned. Exception occured in `FastAIV2PruningCallback` when calling event `after_fit`:
	Trial was pruned at epoch 0.
[I 2024-05-16 16:12:07,877] Trial 34 pruned. Exception occured in `FastAIV2PruningCallback` when calling event `after_fit`:
	Trial was pruned at epoch 0.
[I 2024-05-16 16:12:08,778] Trial 35 pruned. Exception occured in `FastAIV2PruningCallback` when calling event `after_fit`:
	Trial was pruned at epoch 0.
[I 2024-05-16 16:12:09,497] Trial 36 pruned. Exception occured in `FastAIV2PruningCallback` when calling event `after_fit`:
	Trial was pruned at epoch 0.
[I 2024-05-16 16:12:10,350] Trial 37 pruned. Exception occured in `FastAIV2PruningCallback` when calling event `after_fit`:
	Trial was pruned at epoch 0.
[I 2024-05-16 16:12:11,196] Trial 38 pruned. Exception occured in `FastAIV2PruningCallback` when calling event `after_fit`:
	Trial was pruned at epoch 0.
[I 2024-05-16 16:12:12,041] Trial 39 pruned. Exception occured in `FastAIV2PruningCallback` when calling event `after_fit`:
	Trial was pruned at epoch 0.
[I 2024-05-16 16:12:21,094] Trial 40 pruned. Exception occured in `FastAIV2PruningCallback` when calling event `after_fit`:
	Trial was pruned at epoch 12.
[I 2024-05-16 16:12:21,794] Trial 41 pruned. Exception occured in `FastAIV2PruningCallback` when calling event `after_fit`:
	Trial was pruned at epoch 0.
[I 2024-05-16 16:12:22,496] Trial 42 pruned. Exception occured in `FastAIV2PruningCallback` when calling event `after_fit`:
	Trial was pruned at epoch 0.
[I 2024-05-16 16:12:32,535] Trial 43 pruned. Exception occured in `FastAIV2PruningCallback` when calling event `after_fit`:
	Trial was pruned at epoch 14.
[I 2024-05-16 16:12:33,372] Trial 44 pruned. Exception occured in `FastAIV2PruningCallback` when calling event `after_fit`:
	Trial was pruned at epoch 0.
[I 2024-05-16 16:12:34,169] Trial 45 pruned. Exception occured in `FastAIV2PruningCallback` when calling event `after_fit`:
	Trial was pruned at epoch 0.
[I 2024-05-16 16:12:35,632] Trial 46 pruned. Exception occured in `FastAIV2PruningCallback` when calling event `after_fit`:
	Trial was pruned at epoch 1.
[I 2024-05-16 16:12:41,739] Trial 47 pruned. Exception occured in `FastAIV2PruningCallback` when calling event `after_fit`:
	Trial was pruned at epoch 11.
[I 2024-05-16 16:17:38,153] Trial 48 finished with value: 1.6118742227554321 and parameters: {'nf': 37, 'nb_filters': 120, 'fc_dropout': 0.30273950051546733, 'ks': 41, 'conv_dropout': 0.25235030404794717, 'sa': False, 'se': False, 'learning_rate_model': 0.006734226606594694, 'Huber_delta': 1.517860048172322, 'by_sample': False, 'by_var': False}. Best is trial 29 with value: 1.5368919372558594.
[I 2024-05-16 16:17:39,066] Trial 49 pruned. Exception occured in `FastAIV2PruningCallback` when calling event `after_fit`:
	Trial was pruned at epoch 0.
[I 2024-05-16 16:17:39,962] Trial 50 pruned. Exception occured in `FastAIV2PruningCallback` when calling event `after_fit`:
	Trial was pruned at epoch 0.
[I 2024-05-16 16:17:40,930] Trial 51 pruned. Exception occured in `FastAIV2PruningCallback` when calling event `after_fit`:
	Trial was pruned at epoch 0.
[I 2024-05-16 16:17:49,160] Trial 52 pruned. Exception occured in `FastAIV2PruningCallback` when calling event `after_fit`:
	Trial was pruned at epoch 11.
[I 2024-05-16 16:17:49,960] Trial 53 pruned. Exception occured in `FastAIV2PruningCallback` when calling event `after_fit`:
	Trial was pruned at epoch 0.
[I 2024-05-16 16:17:50,650] Trial 54 pruned. Exception occured in `FastAIV2PruningCallback` when calling event `after_fit`:
	Trial was pruned at epoch 0.
[I 2024-05-16 16:17:51,505] Trial 55 pruned. Exception occured in `FastAIV2PruningCallback` when calling event `after_fit`:
	Trial was pruned at epoch 0.
[I 2024-05-16 16:17:52,217] Trial 56 pruned. Exception occured in `FastAIV2PruningCallback` when calling event `after_fit`:
	Trial was pruned at epoch 0.
[I 2024-05-16 16:17:53,048] Trial 57 pruned. Exception occured in `FastAIV2PruningCallback` when calling event `after_fit`:
	Trial was pruned at epoch 0.
[I 2024-05-16 16:17:53,760] Trial 58 pruned. Exception occured in `FastAIV2PruningCallback` when calling event `after_fit`:
	Trial was pruned at epoch 0.
[I 2024-05-16 16:17:59,961] Trial 59 pruned. Exception occured in `FastAIV2PruningCallback` when calling event `after_fit`:
	Trial was pruned at epoch 11.
[I 2024-05-16 16:18:00,773] Trial 60 pruned. Exception occured in `FastAIV2PruningCallback` when calling event `after_fit`:
	Trial was pruned at epoch 0.
[I 2024-05-16 16:18:01,518] Trial 61 pruned. Exception occured in `FastAIV2PruningCallback` when calling event `after_fit`:
	Trial was pruned at epoch 0.
[I 2024-05-16 16:24:09,555] Trial 62 finished with value: 1.5195180177688599 and parameters: {'nf': 19, 'nb_filters': 72, 'fc_dropout': 0.012876741203291686, 'ks': 21, 'conv_dropout': 0.25175475492419824, 'sa': True, 'se': True, 'learning_rate_model': 0.0021443451396762213, 'Huber_delta': 1.1436069978742092, 'by_sample': False, 'by_var': True}. Best is trial 62 with value: 1.5195180177688599.
[I 2024-05-16 16:24:10,290] Trial 63 pruned. Exception occured in `FastAIV2PruningCallback` when calling event `after_fit`:
	Trial was pruned at epoch 0.
[I 2024-05-16 16:24:11,072] Trial 64 pruned. Exception occured in `FastAIV2PruningCallback` when calling event `after_fit`:
	Trial was pruned at epoch 0.
[I 2024-05-16 16:24:12,025] Trial 65 pruned. Exception occured in `FastAIV2PruningCallback` when calling event `after_fit`:
	Trial was pruned at epoch 0.
[I 2024-05-16 16:24:12,971] Trial 66 pruned. Exception occured in `FastAIV2PruningCallback` when calling event `after_fit`:
	Trial was pruned at epoch 0.
[I 2024-05-16 16:24:13,887] Trial 67 pruned. Exception occured in `FastAIV2PruningCallback` when calling event `after_fit`:
	Trial was pruned at epoch 0.
[I 2024-05-16 16:24:20,223] Trial 68 pruned. Exception occured in `FastAIV2PruningCallback` when calling event `after_fit`:
	Trial was pruned at epoch 11.
[I 2024-05-16 16:24:20,983] Trial 69 pruned. Exception occured in `FastAIV2PruningCallback` when calling event `after_fit`:
	Trial was pruned at epoch 0.
[I 2024-05-16 16:24:21,939] Trial 70 pruned. Exception occured in `FastAIV2PruningCallback` when calling event `after_fit`:
	Trial was pruned at epoch 0.
[I 2024-05-16 16:24:22,688] Trial 71 pruned. Exception occured in `FastAIV2PruningCallback` when calling event `after_fit`:
	Trial was pruned at epoch 0.
[I 2024-05-16 16:24:27,104] Trial 72 pruned. Exception occured in `FastAIV2PruningCallback` when calling event `after_fit`:
	Trial was pruned at epoch 6.
[I 2024-05-16 16:24:27,844] Trial 73 pruned. Exception occured in `FastAIV2PruningCallback` when calling event `after_fit`:
	Trial was pruned at epoch 0.
[I 2024-05-16 16:24:28,654] Trial 74 pruned. Exception occured in `FastAIV2PruningCallback` when calling event `after_fit`:
	Trial was pruned at epoch 0.
[I 2024-05-16 16:24:29,932] Trial 75 pruned. Exception occured in `FastAIV2PruningCallback` when calling event `after_fit`:
	Trial was pruned at epoch 1.
[I 2024-05-16 16:24:30,905] Trial 76 pruned. Exception occured in `FastAIV2PruningCallback` when calling event `after_fit`:
	Trial was pruned at epoch 0.
[I 2024-05-16 16:24:31,710] Trial 77 pruned. Exception occured in `FastAIV2PruningCallback` when calling event `after_fit`:
	Trial was pruned at epoch 0.
[I 2024-05-16 16:24:32,683] Trial 78 pruned. Exception occured in `FastAIV2PruningCallback` when calling event `after_fit`:
	Trial was pruned at epoch 0.
[I 2024-05-16 16:24:34,393] Trial 79 pruned. Exception occured in `FastAIV2PruningCallback` when calling event `after_fit`:
	Trial was pruned at epoch 1.
[I 2024-05-16 16:24:39,632] Trial 80 pruned. Exception occured in `FastAIV2PruningCallback` when calling event `after_fit`:
	Trial was pruned at epoch 6.
[I 2024-05-16 16:24:40,361] Trial 81 pruned. Exception occured in `FastAIV2PruningCallback` when calling event `after_fit`:
	Trial was pruned at epoch 0.
[I 2024-05-16 16:24:41,274] Trial 82 pruned. Exception occured in `FastAIV2PruningCallback` when calling event `after_fit`:
	Trial was pruned at epoch 0.
[I 2024-05-16 16:24:42,019] Trial 83 pruned. Exception occured in `FastAIV2PruningCallback` when calling event `after_fit`:
	Trial was pruned at epoch 0.
[I 2024-05-16 16:24:43,603] Trial 84 pruned. Exception occured in `FastAIV2PruningCallback` when calling event `after_fit`:
	Trial was pruned at epoch 1.
[I 2024-05-16 16:24:44,563] Trial 85 pruned. Exception occured in `FastAIV2PruningCallback` when calling event `after_fit`:
	Trial was pruned at epoch 0.
[I 2024-05-16 16:24:45,461] Trial 86 pruned. Exception occured in `FastAIV2PruningCallback` when calling event `after_fit`:
	Trial was pruned at epoch 0.
[I 2024-05-16 16:24:46,484] Trial 87 pruned. Exception occured in `FastAIV2PruningCallback` when calling event `after_fit`:
	Trial was pruned at epoch 0.
[I 2024-05-16 16:24:47,256] Trial 88 pruned. Exception occured in `FastAIV2PruningCallback` when calling event `after_fit`:
	Trial was pruned at epoch 0.
[I 2024-05-16 16:24:48,158] Trial 89 pruned. Exception occured in `FastAIV2PruningCallback` when calling event `after_fit`:
	Trial was pruned at epoch 0.
[I 2024-05-16 16:24:48,937] Trial 90 pruned. Exception occured in `FastAIV2PruningCallback` when calling event `after_fit`:
	Trial was pruned at epoch 0.
[I 2024-05-16 16:24:49,809] Trial 91 pruned. Exception occured in `FastAIV2PruningCallback` when calling event `after_fit`:
	Trial was pruned at epoch 0.
[I 2024-05-16 16:24:50,689] Trial 92 pruned. Exception occured in `FastAIV2PruningCallback` when calling event `after_fit`:
	Trial was pruned at epoch 0.
[I 2024-05-16 16:24:51,738] Trial 93 pruned. Exception occured in `FastAIV2PruningCallback` when calling event `after_fit`:
	Trial was pruned at epoch 0.
[I 2024-05-16 16:24:53,258] Trial 94 pruned. Exception occured in `FastAIV2PruningCallback` when calling event `after_fit`:
	Trial was pruned at epoch 1.
[I 2024-05-16 16:24:54,795] Trial 95 pruned. Exception occured in `FastAIV2PruningCallback` when calling event `after_fit`:
	Trial was pruned at epoch 1.
[I 2024-05-16 16:24:55,707] Trial 96 pruned. Exception occured in `FastAIV2PruningCallback` when calling event `after_fit`:
	Trial was pruned at epoch 0.
[I 2024-05-16 16:24:56,631] Trial 97 pruned. Exception occured in `FastAIV2PruningCallback` when calling event `after_fit`:
	Trial was pruned at epoch 0.
[I 2024-05-16 16:24:57,403] Trial 98 pruned. Exception occured in `FastAIV2PruningCallback` when calling event `after_fit`:
	Trial was pruned at epoch 0.
[I 2024-05-16 16:25:02,812] Trial 99 pruned. Exception occured in `FastAIV2PruningCallback` when calling event `after_fit`:
	Trial was pruned at epoch 6.
[I 2024-05-16 16:25:03,807] Trial 100 pruned. Exception occured in `FastAIV2PruningCallback` when calling event `after_fit`:
	Trial was pruned at epoch 0.
[I 2024-05-16 16:25:04,657] Trial 101 pruned. Exception occured in `FastAIV2PruningCallback` when calling event `after_fit`:
	Trial was pruned at epoch 0.
[I 2024-05-16 16:25:06,856] Trial 102 pruned. Exception occured in `FastAIV2PruningCallback` when calling event `after_fit`:
	Trial was pruned at epoch 2.
[I 2024-05-16 16:25:07,617] Trial 103 pruned. Exception occured in `FastAIV2PruningCallback` when calling event `after_fit`:
	Trial was pruned at epoch 0.
[I 2024-05-16 16:25:08,546] Trial 104 pruned. Exception occured in `FastAIV2PruningCallback` when calling event `after_fit`:
	Trial was pruned at epoch 0.
[I 2024-05-16 16:25:09,378] Trial 105 pruned. Exception occured in `FastAIV2PruningCallback` when calling event `after_fit`:
	Trial was pruned at epoch 0.
[I 2024-05-16 16:30:01,489] Trial 106 finished with value: 1.5575834512710571 and parameters: {'nf': 35, 'nb_filters': 104, 'fc_dropout': 0.14399343963737576, 'ks': 22, 'conv_dropout': 0.302948180608929, 'sa': False, 'se': False, 'learning_rate_model': 0.006653341272475924, 'Huber_delta': 1.0010329326577345, 'by_sample': False, 'by_var': True}. Best is trial 62 with value: 1.5195180177688599.
[I 2024-05-16 16:30:03,204] Trial 107 pruned. Exception occured in `FastAIV2PruningCallback` when calling event `after_fit`:
	Trial was pruned at epoch 1.
[I 2024-05-16 16:30:04,226] Trial 108 pruned. Exception occured in `FastAIV2PruningCallback` when calling event `after_fit`:
	Trial was pruned at epoch 0.
[I 2024-05-16 16:30:05,031] Trial 109 pruned. Exception occured in `FastAIV2PruningCallback` when calling event `after_fit`:
	Trial was pruned at epoch 0.
[I 2024-05-16 16:30:05,815] Trial 110 pruned. Exception occured in `FastAIV2PruningCallback` when calling event `after_fit`:
	Trial was pruned at epoch 0.
[I 2024-05-16 16:30:06,570] Trial 111 pruned. Exception occured in `FastAIV2PruningCallback` when calling event `after_fit`:
	Trial was pruned at epoch 0.
[I 2024-05-16 16:30:07,989] Trial 112 pruned. Exception occured in `FastAIV2PruningCallback` when calling event `after_fit`:
	Trial was pruned at epoch 1.
[I 2024-05-16 16:30:08,776] Trial 113 pruned. Exception occured in `FastAIV2PruningCallback` when calling event `after_fit`:
	Trial was pruned at epoch 0.
[I 2024-05-16 16:30:09,733] Trial 114 pruned. Exception occured in `FastAIV2PruningCallback` when calling event `after_fit`:
	Trial was pruned at epoch 0.
[I 2024-05-16 16:30:11,317] Trial 115 pruned. Exception occured in `FastAIV2PruningCallback` when calling event `after_fit`:
	Trial was pruned at epoch 1.
[I 2024-05-16 16:30:12,879] Trial 116 pruned. Exception occured in `FastAIV2PruningCallback` when calling event `after_fit`:
	Trial was pruned at epoch 1.
[I 2024-05-16 16:30:13,619] Trial 117 pruned. Exception occured in `FastAIV2PruningCallback` when calling event `after_fit`:
	Trial was pruned at epoch 0.
[I 2024-05-16 16:30:14,486] Trial 118 pruned. Exception occured in `FastAIV2PruningCallback` when calling event `after_fit`:
	Trial was pruned at epoch 0.
[I 2024-05-16 16:30:15,474] Trial 119 pruned. Exception occured in `FastAIV2PruningCallback` when calling event `after_fit`:
	Trial was pruned at epoch 0.
[I 2024-05-16 16:30:16,453] Trial 120 pruned. Exception occured in `FastAIV2PruningCallback` when calling event `after_fit`:
	Trial was pruned at epoch 0.
[I 2024-05-16 16:30:17,337] Trial 121 pruned. Exception occured in `FastAIV2PruningCallback` when calling event `after_fit`:
	Trial was pruned at epoch 0.
