[I 2024-05-16 22:48:30,329] Trial 614 pruned. Exception occured in `FastAIV2PruningCallback` when calling event `after_fit`:
	Trial was pruned at epoch 5.
[I 2024-05-16 22:56:30,990] Trial 615 finished with value: 1.5371164083480835 and parameters: {'nf': 34, 'nb_filters': 122, 'fc_dropout': 0.0003156587304081469, 'ks': 20, 'conv_dropout': 0.1158644410458977, 'sa': True, 'se': True, 'learning_rate_model': 0.008792909026209062, 'Huber_delta': 1.0172445882797547, 'by_sample': False, 'by_var': True}. Best is trial 204 with value: 1.4683679342269897.
[I 2024-05-16 23:04:31,191] Trial 616 finished with value: 1.5203239917755127 and parameters: {'nf': 34, 'nb_filters': 122, 'fc_dropout': 0.009222791418651247, 'ks': 21, 'conv_dropout': 0.1319706281678788, 'sa': True, 'se': True, 'learning_rate_model': 0.008752250125356747, 'Huber_delta': 1.0231054950158285, 'by_sample': False, 'by_var': True}. Best is trial 204 with value: 1.4683679342269897.
[I 2024-05-16 23:04:33,311] Trial 617 pruned. Exception occured in `FastAIV2PruningCallback` when calling event `after_fit`:
	Trial was pruned at epoch 1.
[I 2024-05-16 23:04:35,398] Trial 618 pruned. Exception occured in `FastAIV2PruningCallback` when calling event `after_fit`:
	Trial was pruned at epoch 1.
[I 2024-05-16 23:04:40,975] Trial 619 pruned. Exception occured in `FastAIV2PruningCallback` when calling event `after_fit`:
	Trial was pruned at epoch 5.
[I 2024-05-16 23:04:43,063] Trial 620 pruned. Exception occured in `FastAIV2PruningCallback` when calling event `after_fit`:
	Trial was pruned at epoch 1.
[I 2024-05-16 23:04:45,148] Trial 621 pruned. Exception occured in `FastAIV2PruningCallback` when calling event `after_fit`:
	Trial was pruned at epoch 1.
[I 2024-05-16 23:04:47,244] Trial 622 pruned. Exception occured in `FastAIV2PruningCallback` when calling event `after_fit`:
	Trial was pruned at epoch 1.
[I 2024-05-16 23:04:48,466] Trial 623 pruned. Exception occured in `FastAIV2PruningCallback` when calling event `after_fit`:
	Trial was pruned at epoch 0.
[I 2024-05-16 23:04:54,050] Trial 624 pruned. Exception occured in `FastAIV2PruningCallback` when calling event `after_fit`:
	Trial was pruned at epoch 5.
[I 2024-05-16 23:04:55,272] Trial 625 pruned. Exception occured in `FastAIV2PruningCallback` when calling event `after_fit`:
	Trial was pruned at epoch 0.
[I 2024-05-16 23:04:56,490] Trial 626 pruned. Exception occured in `FastAIV2PruningCallback` when calling event `after_fit`:
	Trial was pruned at epoch 0.
[I 2024-05-16 23:05:02,044] Trial 627 pruned. Exception occured in `FastAIV2PruningCallback` when calling event `after_fit`:
	Trial was pruned at epoch 5.
[I 2024-05-16 23:05:07,617] Trial 628 pruned. Exception occured in `FastAIV2PruningCallback` when calling event `after_fit`:
	Trial was pruned at epoch 5.
[I 2024-05-16 23:05:09,717] Trial 629 pruned. Exception occured in `FastAIV2PruningCallback` when calling event `after_fit`:
	Trial was pruned at epoch 1.
[I 2024-05-16 23:13:10,418] Trial 630 finished with value: 1.5344820022583008 and parameters: {'nf': 34, 'nb_filters': 124, 'fc_dropout': 0.009707709575632429, 'ks': 23, 'conv_dropout': 0.10506981059107807, 'sa': True, 'se': True, 'learning_rate_model': 0.007416452121228698, 'Huber_delta': 1.0605055353227408, 'by_sample': False, 'by_var': True}. Best is trial 204 with value: 1.4683679342269897.
[I 2024-05-16 23:13:11,662] Trial 631 pruned. Exception occured in `FastAIV2PruningCallback` when calling event `after_fit`:
	Trial was pruned at epoch 0.
[I 2024-05-16 23:13:17,234] Trial 632 pruned. Exception occured in `FastAIV2PruningCallback` when calling event `after_fit`:
	Trial was pruned at epoch 5.
[I 2024-05-16 23:13:18,451] Trial 633 pruned. Exception occured in `FastAIV2PruningCallback` when calling event `after_fit`:
	Trial was pruned at epoch 0.
[I 2024-05-16 23:13:19,669] Trial 634 pruned. Exception occured in `FastAIV2PruningCallback` when calling event `after_fit`:
	Trial was pruned at epoch 0.
[I 2024-05-16 23:13:21,761] Trial 635 pruned. Exception occured in `FastAIV2PruningCallback` when calling event `after_fit`:
	Trial was pruned at epoch 1.
[I 2024-05-16 23:13:27,340] Trial 636 pruned. Exception occured in `FastAIV2PruningCallback` when calling event `after_fit`:
	Trial was pruned at epoch 5.
[I 2024-05-16 23:13:28,557] Trial 637 pruned. Exception occured in `FastAIV2PruningCallback` when calling event `after_fit`:
	Trial was pruned at epoch 0.
[I 2024-05-16 23:13:29,775] Trial 638 pruned. Exception occured in `FastAIV2PruningCallback` when calling event `after_fit`:
	Trial was pruned at epoch 0.
[I 2024-05-16 23:13:30,995] Trial 639 pruned. Exception occured in `FastAIV2PruningCallback` when calling event `after_fit`:
	Trial was pruned at epoch 0.
[I 2024-05-16 23:21:28,902] Trial 640 finished with value: 1.5854876041412354 and parameters: {'nf': 36, 'nb_filters': 128, 'fc_dropout': 0.008293576403109874, 'ks': 22, 'conv_dropout': 0.09905440795324597, 'sa': True, 'se': True, 'learning_rate_model': 0.006956328001407053, 'Huber_delta': 1.0167294874462012, 'by_sample': False, 'by_var': True}. Best is trial 204 with value: 1.4683679342269897.
[I 2024-05-16 23:21:30,991] Trial 641 pruned. Exception occured in `FastAIV2PruningCallback` when calling event `after_fit`:
	Trial was pruned at epoch 1.
[I 2024-05-16 23:21:32,199] Trial 642 pruned. Exception occured in `FastAIV2PruningCallback` when calling event `after_fit`:
	Trial was pruned at epoch 0.
[I 2024-05-16 23:21:33,406] Trial 643 pruned. Exception occured in `FastAIV2PruningCallback` when calling event `after_fit`:
	Trial was pruned at epoch 0.
[I 2024-05-16 23:21:35,473] Trial 644 pruned. Exception occured in `FastAIV2PruningCallback` when calling event `after_fit`:
	Trial was pruned at epoch 1.
[I 2024-05-16 23:21:36,680] Trial 645 pruned. Exception occured in `FastAIV2PruningCallback` when calling event `after_fit`:
	Trial was pruned at epoch 0.
[I 2024-05-16 23:21:38,747] Trial 646 pruned. Exception occured in `FastAIV2PruningCallback` when calling event `after_fit`:
	Trial was pruned at epoch 1.
[I 2024-05-16 23:21:43,399] Trial 647 pruned. Exception occured in `FastAIV2PruningCallback` when calling event `after_fit`:
	Trial was pruned at epoch 4.
[I 2024-05-16 23:29:38,545] Trial 648 finished with value: 1.5322006940841675 and parameters: {'nf': 36, 'nb_filters': 125, 'fc_dropout': 0.008686692206690516, 'ks': 20, 'conv_dropout': 0.10640266508121772, 'sa': True, 'se': True, 'learning_rate_model': 0.005345250822164141, 'Huber_delta': 1.0327676399798957, 'by_sample': False, 'by_var': True}. Best is trial 204 with value: 1.4683679342269897.
[I 2024-05-16 23:29:39,770] Trial 649 pruned. Exception occured in `FastAIV2PruningCallback` when calling event `after_fit`:
	Trial was pruned at epoch 0.
[I 2024-05-16 23:29:40,977] Trial 650 pruned. Exception occured in `FastAIV2PruningCallback` when calling event `after_fit`:
	Trial was pruned at epoch 0.
[I 2024-05-16 23:29:42,181] Trial 651 pruned. Exception occured in `FastAIV2PruningCallback` when calling event `after_fit`:
	Trial was pruned at epoch 0.
[I 2024-05-16 23:29:43,396] Trial 652 pruned. Exception occured in `FastAIV2PruningCallback` when calling event `after_fit`:
	Trial was pruned at epoch 0.
[I 2024-05-16 23:29:45,465] Trial 653 pruned. Exception occured in `FastAIV2PruningCallback` when calling event `after_fit`:
	Trial was pruned at epoch 1.
[I 2024-05-16 23:29:46,677] Trial 654 pruned. Exception occured in `FastAIV2PruningCallback` when calling event `after_fit`:
	Trial was pruned at epoch 0.
[I 2024-05-16 23:29:47,884] Trial 655 pruned. Exception occured in `FastAIV2PruningCallback` when calling event `after_fit`:
	Trial was pruned at epoch 0.
[I 2024-05-16 23:29:49,087] Trial 656 pruned. Exception occured in `FastAIV2PruningCallback` when calling event `after_fit`:
	Trial was pruned at epoch 0.
[I 2024-05-16 23:29:54,600] Trial 657 pruned. Exception occured in `FastAIV2PruningCallback` when calling event `after_fit`:
	Trial was pruned at epoch 5.
[I 2024-05-16 23:29:55,804] Trial 658 pruned. Exception occured in `FastAIV2PruningCallback` when calling event `after_fit`:
	Trial was pruned at epoch 0.
[I 2024-05-16 23:37:50,589] Trial 659 finished with value: 1.5381008386611938 and parameters: {'nf': 35, 'nb_filters': 127, 'fc_dropout': 0.008896581314815823, 'ks': 21, 'conv_dropout': 0.10536708732396066, 'sa': True, 'se': True, 'learning_rate_model': 0.006713202064633342, 'Huber_delta': 1.0265900241448216, 'by_sample': False, 'by_var': True}. Best is trial 204 with value: 1.4683679342269897.
[I 2024-05-16 23:37:56,102] Trial 660 pruned. Exception occured in `FastAIV2PruningCallback` when calling event `after_fit`:
	Trial was pruned at epoch 5.
[I 2024-05-16 23:38:01,619] Trial 661 pruned. Exception occured in `FastAIV2PruningCallback` when calling event `after_fit`:
	Trial was pruned at epoch 5.
[I 2024-05-16 23:38:02,827] Trial 662 pruned. Exception occured in `FastAIV2PruningCallback` when calling event `after_fit`:
	Trial was pruned at epoch 0.
[I 2024-05-16 23:38:04,899] Trial 663 pruned. Exception occured in `FastAIV2PruningCallback` when calling event `after_fit`:
	Trial was pruned at epoch 1.
[I 2024-05-16 23:38:06,108] Trial 664 pruned. Exception occured in `FastAIV2PruningCallback` when calling event `after_fit`:
	Trial was pruned at epoch 0.
[I 2024-05-16 23:38:08,193] Trial 665 pruned. Exception occured in `FastAIV2PruningCallback` when calling event `after_fit`:
	Trial was pruned at epoch 1.
[I 2024-05-16 23:38:09,402] Trial 666 pruned. Exception occured in `FastAIV2PruningCallback` when calling event `after_fit`:
	Trial was pruned at epoch 0.
[I 2024-05-16 23:38:11,468] Trial 667 pruned. Exception occured in `FastAIV2PruningCallback` when calling event `after_fit`:
	Trial was pruned at epoch 1.
[I 2024-05-16 23:38:13,541] Trial 668 pruned. Exception occured in `FastAIV2PruningCallback` when calling event `after_fit`:
	Trial was pruned at epoch 1.
[I 2024-05-16 23:38:14,747] Trial 669 pruned. Exception occured in `FastAIV2PruningCallback` when calling event `after_fit`:
	Trial was pruned at epoch 0.
[I 2024-05-16 23:38:16,814] Trial 670 pruned. Exception occured in `FastAIV2PruningCallback` when calling event `after_fit`:
	Trial was pruned at epoch 1.
[I 2024-05-16 23:46:11,543] Trial 671 finished with value: 1.5652741193771362 and parameters: {'nf': 33, 'nb_filters': 124, 'fc_dropout': 0.0077544887221570715, 'ks': 22, 'conv_dropout': 0.13412123411866575, 'sa': True, 'se': True, 'learning_rate_model': 0.007657764928564929, 'Huber_delta': 1.0482358382764339, 'by_sample': False, 'by_var': True}. Best is trial 204 with value: 1.4683679342269897.
[I 2024-05-16 23:46:13,630] Trial 672 pruned. Exception occured in `FastAIV2PruningCallback` when calling event `after_fit`:
	Trial was pruned at epoch 1.
[I 2024-05-16 23:46:14,837] Trial 673 pruned. Exception occured in `FastAIV2PruningCallback` when calling event `after_fit`:
	Trial was pruned at epoch 0.
[I 2024-05-16 23:46:16,045] Trial 674 pruned. Exception occured in `FastAIV2PruningCallback` when calling event `after_fit`:
	Trial was pruned at epoch 0.
[I 2024-05-16 23:46:17,252] Trial 675 pruned. Exception occured in `FastAIV2PruningCallback` when calling event `after_fit`:
	Trial was pruned at epoch 0.
[I 2024-05-16 23:46:22,774] Trial 676 pruned. Exception occured in `FastAIV2PruningCallback` when calling event `after_fit`:
	Trial was pruned at epoch 5.
[I 2024-05-16 23:46:23,979] Trial 677 pruned. Exception occured in `FastAIV2PruningCallback` when calling event `after_fit`:
	Trial was pruned at epoch 0.
[I 2024-05-16 23:46:26,051] Trial 678 pruned. Exception occured in `FastAIV2PruningCallback` when calling event `after_fit`:
	Trial was pruned at epoch 1.
[I 2024-05-16 23:46:27,259] Trial 679 pruned. Exception occured in `FastAIV2PruningCallback` when calling event `after_fit`:
	Trial was pruned at epoch 0.
[I 2024-05-16 23:46:29,328] Trial 680 pruned. Exception occured in `FastAIV2PruningCallback` when calling event `after_fit`:
	Trial was pruned at epoch 1.
[I 2024-05-16 23:46:31,404] Trial 681 pruned. Exception occured in `FastAIV2PruningCallback` when calling event `after_fit`:
	Trial was pruned at epoch 1.
[I 2024-05-16 23:46:32,613] Trial 682 pruned. Exception occured in `FastAIV2PruningCallback` when calling event `after_fit`:
	Trial was pruned at epoch 0.
[I 2024-05-16 23:46:38,147] Trial 683 pruned. Exception occured in `FastAIV2PruningCallback` when calling event `after_fit`:
	Trial was pruned at epoch 5.
[I 2024-05-16 23:46:40,333] Trial 684 pruned. Exception occured in `FastAIV2PruningCallback` when calling event `after_fit`:
	Trial was pruned at epoch 1.
[I 2024-05-16 23:46:41,592] Trial 685 pruned. Exception occured in `FastAIV2PruningCallback` when calling event `after_fit`:
	Trial was pruned at epoch 0.
[I 2024-05-16 23:46:43,744] Trial 686 pruned. Exception occured in `FastAIV2PruningCallback` when calling event `after_fit`:
	Trial was pruned at epoch 1.
[I 2024-05-16 23:46:45,889] Trial 687 pruned. Exception occured in `FastAIV2PruningCallback` when calling event `after_fit`:
	Trial was pruned at epoch 1.
[I 2024-05-16 23:46:47,152] Trial 688 pruned. Exception occured in `FastAIV2PruningCallback` when calling event `after_fit`:
	Trial was pruned at epoch 0.
[I 2024-05-16 23:46:49,295] Trial 689 pruned. Exception occured in `FastAIV2PruningCallback` when calling event `after_fit`:
	Trial was pruned at epoch 1.
[I 2024-05-16 23:46:50,538] Trial 690 pruned. Exception occured in `FastAIV2PruningCallback` when calling event `after_fit`:
	Trial was pruned at epoch 0.
[I 2024-05-16 23:46:52,606] Trial 691 pruned. Exception occured in `FastAIV2PruningCallback` when calling event `after_fit`:
	Trial was pruned at epoch 1.
[I 2024-05-16 23:46:53,813] Trial 692 pruned. Exception occured in `FastAIV2PruningCallback` when calling event `after_fit`:
	Trial was pruned at epoch 0.
[I 2024-05-16 23:46:55,024] Trial 693 pruned. Exception occured in `FastAIV2PruningCallback` when calling event `after_fit`:
	Trial was pruned at epoch 0.
[I 2024-05-16 23:46:56,233] Trial 694 pruned. Exception occured in `FastAIV2PruningCallback` when calling event `after_fit`:
	Trial was pruned at epoch 0.
[I 2024-05-16 23:46:58,307] Trial 695 pruned. Exception occured in `FastAIV2PruningCallback` when calling event `after_fit`:
	Trial was pruned at epoch 1.
[I 2024-05-16 23:46:59,517] Trial 696 pruned. Exception occured in `FastAIV2PruningCallback` when calling event `after_fit`:
	Trial was pruned at epoch 0.
[I 2024-05-16 23:47:01,591] Trial 697 pruned. Exception occured in `FastAIV2PruningCallback` when calling event `after_fit`:
	Trial was pruned at epoch 1.
[I 2024-05-16 23:47:02,800] Trial 698 pruned. Exception occured in `FastAIV2PruningCallback` when calling event `after_fit`:
	Trial was pruned at epoch 0.
[I 2024-05-16 23:47:04,010] Trial 699 pruned. Exception occured in `FastAIV2PruningCallback` when calling event `after_fit`:
	Trial was pruned at epoch 0.
[I 2024-05-16 23:47:05,223] Trial 700 pruned. Exception occured in `FastAIV2PruningCallback` when calling event `after_fit`:
	Trial was pruned at epoch 0.
[I 2024-05-16 23:47:06,433] Trial 701 pruned. Exception occured in `FastAIV2PruningCallback` when calling event `after_fit`:
	Trial was pruned at epoch 0.
[I 2024-05-16 23:47:07,656] Trial 702 pruned. Exception occured in `FastAIV2PruningCallback` when calling event `after_fit`:
	Trial was pruned at epoch 0.
[I 2024-05-16 23:47:08,867] Trial 703 pruned. Exception occured in `FastAIV2PruningCallback` when calling event `after_fit`:
	Trial was pruned at epoch 0.
[I 2024-05-16 23:47:10,936] Trial 704 pruned. Exception occured in `FastAIV2PruningCallback` when calling event `after_fit`:
	Trial was pruned at epoch 1.
[I 2024-05-16 23:55:08,906] Trial 705 finished with value: 1.5038049221038818 and parameters: {'nf': 40, 'nb_filters': 124, 'fc_dropout': 0.00842551644405794, 'ks': 22, 'conv_dropout': 0.11635029576079971, 'sa': True, 'se': True, 'learning_rate_model': 0.004332166132493464, 'Huber_delta': 1.0192709760244667, 'by_sample': False, 'by_var': True}. Best is trial 204 with value: 1.4683679342269897.
[I 2024-05-16 23:55:10,147] Trial 706 pruned. Exception occured in `FastAIV2PruningCallback` when calling event `after_fit`:
	Trial was pruned at epoch 0.
[I 2024-05-16 23:55:11,370] Trial 707 pruned. Exception occured in `FastAIV2PruningCallback` when calling event `after_fit`:
	Trial was pruned at epoch 0.
[I 2024-05-16 23:55:12,588] Trial 708 pruned. Exception occured in `FastAIV2PruningCallback` when calling event `after_fit`:
	Trial was pruned at epoch 0.
[I 2024-05-16 23:55:13,811] Trial 709 pruned. Exception occured in `FastAIV2PruningCallback` when calling event `after_fit`:
	Trial was pruned at epoch 0.
[I 2024-05-17 00:03:11,933] Trial 710 finished with value: 1.5835883617401123 and parameters: {'nf': 41, 'nb_filters': 124, 'fc_dropout': 0.00900728697639943, 'ks': 22, 'conv_dropout': 0.07979094839800314, 'sa': True, 'se': True, 'learning_rate_model': 0.004677646444983744, 'Huber_delta': 1.0169991759240966, 'by_sample': False, 'by_var': True}. Best is trial 204 with value: 1.4683679342269897.
[I 2024-05-17 00:03:13,174] Trial 711 pruned. Exception occured in `FastAIV2PruningCallback` when calling event `after_fit`:
	Trial was pruned at epoch 0.
[I 2024-05-17 00:03:14,392] Trial 712 pruned. Exception occured in `FastAIV2PruningCallback` when calling event `after_fit`:
	Trial was pruned at epoch 0.
[I 2024-05-17 00:11:14,233] Trial 713 finished with value: 1.518583059310913 and parameters: {'nf': 39, 'nb_filters': 125, 'fc_dropout': 0.0002015840973555698, 'ks': 20, 'conv_dropout': 0.09982372053829251, 'sa': True, 'se': True, 'learning_rate_model': 0.005570226937057425, 'Huber_delta': 1.0172908850588365, 'by_sample': False, 'by_var': True}. Best is trial 204 with value: 1.4683679342269897.
[I 2024-05-17 00:11:15,530] Trial 714 pruned. Exception occured in `FastAIV2PruningCallback` when calling event `after_fit`:
	Trial was pruned at epoch 0.
[I 2024-05-17 00:11:16,789] Trial 715 pruned. Exception occured in `FastAIV2PruningCallback` when calling event `after_fit`:
	Trial was pruned at epoch 0.
[I 2024-05-17 00:11:18,051] Trial 716 pruned. Exception occured in `FastAIV2PruningCallback` when calling event `after_fit`:
	Trial was pruned at epoch 0.
[I 2024-05-17 00:11:19,310] Trial 717 pruned. Exception occured in `FastAIV2PruningCallback` when calling event `after_fit`:
	Trial was pruned at epoch 0.
[I 2024-05-17 00:11:20,606] Trial 718 pruned. Exception occured in `FastAIV2PruningCallback` when calling event `after_fit`:
	Trial was pruned at epoch 0.
[I 2024-05-17 00:11:22,751] Trial 719 pruned. Exception occured in `FastAIV2PruningCallback` when calling event `after_fit`:
	Trial was pruned at epoch 1.
[I 2024-05-17 00:11:24,017] Trial 720 pruned. Exception occured in `FastAIV2PruningCallback` when calling event `after_fit`:
	Trial was pruned at epoch 0.
[I 2024-05-17 00:11:25,281] Trial 721 pruned. Exception occured in `FastAIV2PruningCallback` when calling event `after_fit`:
	Trial was pruned at epoch 0.
[I 2024-05-17 00:11:27,431] Trial 722 pruned. Exception occured in `FastAIV2PruningCallback` when calling event `after_fit`:
	Trial was pruned at epoch 1.
[I 2024-05-17 00:11:28,689] Trial 723 pruned. Exception occured in `FastAIV2PruningCallback` when calling event `after_fit`:
	Trial was pruned at epoch 0.
[I 2024-05-17 00:11:29,950] Trial 724 pruned. Exception occured in `FastAIV2PruningCallback` when calling event `after_fit`:
	Trial was pruned at epoch 0.
[I 2024-05-17 00:11:31,210] Trial 725 pruned. Exception occured in `FastAIV2PruningCallback` when calling event `after_fit`:
	Trial was pruned at epoch 0.
[I 2024-05-17 00:11:36,889] Trial 726 pruned. Exception occured in `FastAIV2PruningCallback` when calling event `after_fit`:
	Trial was pruned at epoch 5.
[I 2024-05-17 00:11:38,152] Trial 727 pruned. Exception occured in `FastAIV2PruningCallback` when calling event `after_fit`:
	Trial was pruned at epoch 0.
[I 2024-05-17 00:11:43,816] Trial 728 pruned. Exception occured in `FastAIV2PruningCallback` when calling event `after_fit`:
	Trial was pruned at epoch 5.
[I 2024-05-17 00:11:45,959] Trial 729 pruned. Exception occured in `FastAIV2PruningCallback` when calling event `after_fit`:
	Trial was pruned at epoch 1.
[I 2024-05-17 00:11:47,220] Trial 730 pruned. Exception occured in `FastAIV2PruningCallback` when calling event `after_fit`:
	Trial was pruned at epoch 0.
[I 2024-05-17 00:11:49,370] Trial 731 pruned. Exception occured in `FastAIV2PruningCallback` when calling event `after_fit`:
	Trial was pruned at epoch 1.
[I 2024-05-17 00:11:50,631] Trial 732 pruned. Exception occured in `FastAIV2PruningCallback` when calling event `after_fit`:
	Trial was pruned at epoch 0.
[I 2024-05-17 00:11:51,892] Trial 733 pruned. Exception occured in `FastAIV2PruningCallback` when calling event `after_fit`:
	Trial was pruned at epoch 0.
[I 2024-05-17 00:11:53,153] Trial 734 pruned. Exception occured in `FastAIV2PruningCallback` when calling event `after_fit`:
	Trial was pruned at epoch 0.
[I 2024-05-17 00:11:58,814] Trial 735 pruned. Exception occured in `FastAIV2PruningCallback` when calling event `after_fit`:
	Trial was pruned at epoch 5.
[I 2024-05-17 00:12:00,076] Trial 736 pruned. Exception occured in `FastAIV2PruningCallback` when calling event `after_fit`:
	Trial was pruned at epoch 0.
[I 2024-05-17 00:12:02,261] Trial 737 pruned. Exception occured in `FastAIV2PruningCallback` when calling event `after_fit`:
	Trial was pruned at epoch 1.
[I 2024-05-17 00:12:03,523] Trial 738 pruned. Exception occured in `FastAIV2PruningCallback` when calling event `after_fit`:
	Trial was pruned at epoch 0.
[I 2024-05-17 00:12:04,786] Trial 739 pruned. Exception occured in `FastAIV2PruningCallback` when calling event `after_fit`:
	Trial was pruned at epoch 0.
