[I 2024-05-16 17:10:17,637] Trial 397 pruned. Exception occured in `FastAIV2PruningCallback` when calling event `after_fit`:
	Trial was pruned at epoch 0.
[I 2024-05-16 17:10:18,534] Trial 398 pruned. Exception occured in `FastAIV2PruningCallback` when calling event `after_fit`:
	Trial was pruned at epoch 0.
[I 2024-05-16 17:10:19,667] Trial 399 pruned. Exception occured in `FastAIV2PruningCallback` when calling event `after_fit`:
	Trial was pruned at epoch 0.
[I 2024-05-16 17:10:20,581] Trial 400 pruned. Exception occured in `FastAIV2PruningCallback` when calling event `after_fit`:
	Trial was pruned at epoch 0.
[I 2024-05-16 17:10:21,482] Trial 401 pruned. Exception occured in `FastAIV2PruningCallback` when calling event `after_fit`:
	Trial was pruned at epoch 0.
[I 2024-05-16 17:10:22,645] Trial 402 pruned. Exception occured in `FastAIV2PruningCallback` when calling event `after_fit`:
	Trial was pruned at epoch 0.
[I 2024-05-16 17:10:23,563] Trial 403 pruned. Exception occured in `FastAIV2PruningCallback` when calling event `after_fit`:
	Trial was pruned at epoch 0.
[I 2024-05-16 17:10:24,535] Trial 404 pruned. Exception occured in `FastAIV2PruningCallback` when calling event `after_fit`:
	Trial was pruned at epoch 0.
[I 2024-05-16 17:10:25,521] Trial 405 pruned. Exception occured in `FastAIV2PruningCallback` when calling event `after_fit`:
	Trial was pruned at epoch 0.
[I 2024-05-16 17:10:26,520] Trial 406 pruned. Exception occured in `FastAIV2PruningCallback` when calling event `after_fit`:
	Trial was pruned at epoch 0.
[I 2024-05-16 17:10:27,558] Trial 407 pruned. Exception occured in `FastAIV2PruningCallback` when calling event `after_fit`:
	Trial was pruned at epoch 0.
[I 2024-05-16 17:10:28,655] Trial 408 pruned. Exception occured in `FastAIV2PruningCallback` when calling event `after_fit`:
	Trial was pruned at epoch 0.
[I 2024-05-16 17:10:29,636] Trial 409 pruned. Exception occured in `FastAIV2PruningCallback` when calling event `after_fit`:
	Trial was pruned at epoch 0.
[I 2024-05-16 17:10:30,632] Trial 410 pruned. Exception occured in `FastAIV2PruningCallback` when calling event `after_fit`:
	Trial was pruned at epoch 0.
[I 2024-05-16 17:10:31,615] Trial 411 pruned. Exception occured in `FastAIV2PruningCallback` when calling event `after_fit`:
	Trial was pruned at epoch 0.
[I 2024-05-16 17:10:32,714] Trial 412 pruned. Exception occured in `FastAIV2PruningCallback` when calling event `after_fit`:
	Trial was pruned at epoch 0.
[I 2024-05-16 17:10:34,295] Trial 413 pruned. Exception occured in `FastAIV2PruningCallback` when calling event `after_fit`:
	Trial was pruned at epoch 1.
[I 2024-05-16 17:10:35,261] Trial 414 pruned. Exception occured in `FastAIV2PruningCallback` when calling event `after_fit`:
	Trial was pruned at epoch 0.
[I 2024-05-16 17:10:36,418] Trial 415 pruned. Exception occured in `FastAIV2PruningCallback` when calling event `after_fit`:
	Trial was pruned at epoch 0.
[I 2024-05-16 17:10:37,542] Trial 416 pruned. Exception occured in `FastAIV2PruningCallback` when calling event `after_fit`:
	Trial was pruned at epoch 0.
[I 2024-05-16 17:10:38,630] Trial 417 pruned. Exception occured in `FastAIV2PruningCallback` when calling event `after_fit`:
	Trial was pruned at epoch 0.
[I 2024-05-16 17:10:39,630] Trial 418 pruned. Exception occured in `FastAIV2PruningCallback` when calling event `after_fit`:
	Trial was pruned at epoch 0.
[I 2024-05-16 17:10:40,561] Trial 419 pruned. Exception occured in `FastAIV2PruningCallback` when calling event `after_fit`:
	Trial was pruned at epoch 0.
[I 2024-05-16 17:10:41,540] Trial 420 pruned. Exception occured in `FastAIV2PruningCallback` when calling event `after_fit`:
	Trial was pruned at epoch 0.
[I 2024-05-16 17:10:42,438] Trial 421 pruned. Exception occured in `FastAIV2PruningCallback` when calling event `after_fit`:
	Trial was pruned at epoch 0.
[I 2024-05-16 17:10:43,447] Trial 422 pruned. Exception occured in `FastAIV2PruningCallback` when calling event `after_fit`:
	Trial was pruned at epoch 0.
[I 2024-05-16 17:10:44,507] Trial 423 pruned. Exception occured in `FastAIV2PruningCallback` when calling event `after_fit`:
	Trial was pruned at epoch 0.
[I 2024-05-16 17:10:45,416] Trial 424 pruned. Exception occured in `FastAIV2PruningCallback` when calling event `after_fit`:
	Trial was pruned at epoch 0.
[I 2024-05-16 17:10:46,298] Trial 425 pruned. Exception occured in `FastAIV2PruningCallback` when calling event `after_fit`:
	Trial was pruned at epoch 0.
[I 2024-05-16 17:10:47,301] Trial 426 pruned. Exception occured in `FastAIV2PruningCallback` when calling event `after_fit`:
	Trial was pruned at epoch 0.
[I 2024-05-16 17:10:48,319] Trial 427 pruned. Exception occured in `FastAIV2PruningCallback` when calling event `after_fit`:
	Trial was pruned at epoch 0.
[I 2024-05-16 17:10:49,221] Trial 428 pruned. Exception occured in `FastAIV2PruningCallback` when calling event `after_fit`:
	Trial was pruned at epoch 0.
[I 2024-05-16 17:10:50,279] Trial 429 pruned. Exception occured in `FastAIV2PruningCallback` when calling event `after_fit`:
	Trial was pruned at epoch 0.
[I 2024-05-16 17:10:51,419] Trial 430 pruned. Exception occured in `FastAIV2PruningCallback` when calling event `after_fit`:
	Trial was pruned at epoch 0.
[I 2024-05-16 17:10:52,544] Trial 431 pruned. Exception occured in `FastAIV2PruningCallback` when calling event `after_fit`:
	Trial was pruned at epoch 0.
[I 2024-05-16 17:10:53,569] Trial 432 pruned. Exception occured in `FastAIV2PruningCallback` when calling event `after_fit`:
	Trial was pruned at epoch 0.
[I 2024-05-16 17:10:54,471] Trial 433 pruned. Exception occured in `FastAIV2PruningCallback` when calling event `after_fit`:
	Trial was pruned at epoch 0.
[I 2024-05-16 17:10:55,478] Trial 434 pruned. Exception occured in `FastAIV2PruningCallback` when calling event `after_fit`:
	Trial was pruned at epoch 0.
[I 2024-05-16 17:10:56,415] Trial 435 pruned. Exception occured in `FastAIV2PruningCallback` when calling event `after_fit`:
	Trial was pruned at epoch 0.
[I 2024-05-16 17:10:57,457] Trial 436 pruned. Exception occured in `FastAIV2PruningCallback` when calling event `after_fit`:
	Trial was pruned at epoch 0.
[I 2024-05-16 17:10:58,372] Trial 437 pruned. Exception occured in `FastAIV2PruningCallback` when calling event `after_fit`:
	Trial was pruned at epoch 0.
[I 2024-05-16 17:10:59,361] Trial 438 pruned. Exception occured in `FastAIV2PruningCallback` when calling event `after_fit`:
	Trial was pruned at epoch 0.
[I 2024-05-16 17:11:00,430] Trial 439 pruned. Exception occured in `FastAIV2PruningCallback` when calling event `after_fit`:
	Trial was pruned at epoch 0.
[I 2024-05-16 17:11:01,395] Trial 440 pruned. Exception occured in `FastAIV2PruningCallback` when calling event `after_fit`:
	Trial was pruned at epoch 0.
[I 2024-05-16 17:11:02,297] Trial 441 pruned. Exception occured in `FastAIV2PruningCallback` when calling event `after_fit`:
	Trial was pruned at epoch 0.
[I 2024-05-16 17:11:03,218] Trial 442 pruned. Exception occured in `FastAIV2PruningCallback` when calling event `after_fit`:
	Trial was pruned at epoch 0.
[I 2024-05-16 17:11:04,148] Trial 443 pruned. Exception occured in `FastAIV2PruningCallback` when calling event `after_fit`:
	Trial was pruned at epoch 0.
[I 2024-05-16 17:11:05,134] Trial 444 pruned. Exception occured in `FastAIV2PruningCallback` when calling event `after_fit`:
	Trial was pruned at epoch 0.
[I 2024-05-16 17:11:06,046] Trial 445 pruned. Exception occured in `FastAIV2PruningCallback` when calling event `after_fit`:
	Trial was pruned at epoch 0.
[I 2024-05-16 17:11:06,959] Trial 446 pruned. Exception occured in `FastAIV2PruningCallback` when calling event `after_fit`:
	Trial was pruned at epoch 0.
[I 2024-05-16 17:11:08,083] Trial 447 pruned. Exception occured in `FastAIV2PruningCallback` when calling event `after_fit`:
	Trial was pruned at epoch 0.
[I 2024-05-16 17:11:09,078] Trial 448 pruned. Exception occured in `FastAIV2PruningCallback` when calling event `after_fit`:
	Trial was pruned at epoch 0.
[I 2024-05-16 17:11:10,244] Trial 449 pruned. Exception occured in `FastAIV2PruningCallback` when calling event `after_fit`:
	Trial was pruned at epoch 0.
[I 2024-05-16 17:11:11,290] Trial 450 pruned. Exception occured in `FastAIV2PruningCallback` when calling event `after_fit`:
	Trial was pruned at epoch 0.
[I 2024-05-16 17:11:12,208] Trial 451 pruned. Exception occured in `FastAIV2PruningCallback` when calling event `after_fit`:
	Trial was pruned at epoch 0.
[I 2024-05-16 17:11:13,363] Trial 452 pruned. Exception occured in `FastAIV2PruningCallback` when calling event `after_fit`:
	Trial was pruned at epoch 0.
[I 2024-05-16 17:11:14,398] Trial 453 pruned. Exception occured in `FastAIV2PruningCallback` when calling event `after_fit`:
	Trial was pruned at epoch 0.
[I 2024-05-16 17:11:15,396] Trial 454 pruned. Exception occured in `FastAIV2PruningCallback` when calling event `after_fit`:
	Trial was pruned at epoch 0.
[I 2024-05-16 17:11:16,437] Trial 455 pruned. Exception occured in `FastAIV2PruningCallback` when calling event `after_fit`:
	Trial was pruned at epoch 0.
[I 2024-05-16 17:11:17,600] Trial 456 pruned. Exception occured in `FastAIV2PruningCallback` when calling event `after_fit`:
	Trial was pruned at epoch 0.
[I 2024-05-16 17:11:19,643] Trial 457 pruned. Exception occured in `FastAIV2PruningCallback` when calling event `after_fit`:
	Trial was pruned at epoch 1.
[I 2024-05-16 17:11:20,562] Trial 458 pruned. Exception occured in `FastAIV2PruningCallback` when calling event `after_fit`:
	Trial was pruned at epoch 0.
[I 2024-05-16 17:11:21,653] Trial 459 pruned. Exception occured in `FastAIV2PruningCallback` when calling event `after_fit`:
	Trial was pruned at epoch 0.
[I 2024-05-16 17:11:22,787] Trial 460 pruned. Exception occured in `FastAIV2PruningCallback` when calling event `after_fit`:
	Trial was pruned at epoch 0.
[I 2024-05-16 17:11:23,828] Trial 461 pruned. Exception occured in `FastAIV2PruningCallback` when calling event `after_fit`:
	Trial was pruned at epoch 0.
[I 2024-05-16 17:11:25,006] Trial 462 pruned. Exception occured in `FastAIV2PruningCallback` when calling event `after_fit`:
	Trial was pruned at epoch 0.
[I 2024-05-16 17:11:26,026] Trial 463 pruned. Exception occured in `FastAIV2PruningCallback` when calling event `after_fit`:
	Trial was pruned at epoch 0.
[I 2024-05-16 17:11:27,056] Trial 464 pruned. Exception occured in `FastAIV2PruningCallback` when calling event `after_fit`:
	Trial was pruned at epoch 0.
[I 2024-05-16 17:11:28,699] Trial 465 pruned. Exception occured in `FastAIV2PruningCallback` when calling event `after_fit`:
	Trial was pruned at epoch 1.
[I 2024-05-16 17:11:29,707] Trial 466 pruned. Exception occured in `FastAIV2PruningCallback` when calling event `after_fit`:
	Trial was pruned at epoch 0.
[I 2024-05-16 17:11:30,757] Trial 467 pruned. Exception occured in `FastAIV2PruningCallback` when calling event `after_fit`:
	Trial was pruned at epoch 0.
[I 2024-05-16 17:11:31,807] Trial 468 pruned. Exception occured in `FastAIV2PruningCallback` when calling event `after_fit`:
	Trial was pruned at epoch 0.
[I 2024-05-16 17:11:32,788] Trial 469 pruned. Exception occured in `FastAIV2PruningCallback` when calling event `after_fit`:
	Trial was pruned at epoch 0.
[I 2024-05-16 17:11:33,928] Trial 470 pruned. Exception occured in `FastAIV2PruningCallback` when calling event `after_fit`:
	Trial was pruned at epoch 0.
[I 2024-05-16 17:11:34,962] Trial 471 pruned. Exception occured in `FastAIV2PruningCallback` when calling event `after_fit`:
	Trial was pruned at epoch 0.
[I 2024-05-16 17:11:36,119] Trial 472 pruned. Exception occured in `FastAIV2PruningCallback` when calling event `after_fit`:
	Trial was pruned at epoch 0.
[I 2024-05-16 17:11:37,180] Trial 473 pruned. Exception occured in `FastAIV2PruningCallback` when calling event `after_fit`:
	Trial was pruned at epoch 0.
[I 2024-05-16 17:11:38,343] Trial 474 pruned. Exception occured in `FastAIV2PruningCallback` when calling event `after_fit`:
	Trial was pruned at epoch 0.
[I 2024-05-16 17:11:39,275] Trial 475 pruned. Exception occured in `FastAIV2PruningCallback` when calling event `after_fit`:
	Trial was pruned at epoch 0.
[I 2024-05-16 17:11:40,354] Trial 476 pruned. Exception occured in `FastAIV2PruningCallback` when calling event `after_fit`:
	Trial was pruned at epoch 0.
[I 2024-05-16 17:11:41,383] Trial 477 pruned. Exception occured in `FastAIV2PruningCallback` when calling event `after_fit`:
	Trial was pruned at epoch 0.
[I 2024-05-16 17:11:42,425] Trial 478 pruned. Exception occured in `FastAIV2PruningCallback` when calling event `after_fit`:
	Trial was pruned at epoch 0.
[I 2024-05-16 17:11:43,611] Trial 479 pruned. Exception occured in `FastAIV2PruningCallback` when calling event `after_fit`:
	Trial was pruned at epoch 0.
[I 2024-05-16 17:11:44,541] Trial 480 pruned. Exception occured in `FastAIV2PruningCallback` when calling event `after_fit`:
	Trial was pruned at epoch 0.
[I 2024-05-16 17:11:45,508] Trial 481 pruned. Exception occured in `FastAIV2PruningCallback` when calling event `after_fit`:
	Trial was pruned at epoch 0.
[I 2024-05-16 17:11:46,511] Trial 482 pruned. Exception occured in `FastAIV2PruningCallback` when calling event `after_fit`:
	Trial was pruned at epoch 0.
[I 2024-05-16 17:11:47,444] Trial 483 pruned. Exception occured in `FastAIV2PruningCallback` when calling event `after_fit`:
	Trial was pruned at epoch 0.
[I 2024-05-16 17:11:49,115] Trial 484 pruned. Exception occured in `FastAIV2PruningCallback` when calling event `after_fit`:
	Trial was pruned at epoch 1.
[I 2024-05-16 17:11:50,322] Trial 485 pruned. Exception occured in `FastAIV2PruningCallback` when calling event `after_fit`:
	Trial was pruned at epoch 0.
[I 2024-05-16 17:11:51,375] Trial 486 pruned. Exception occured in `FastAIV2PruningCallback` when calling event `after_fit`:
	Trial was pruned at epoch 0.
[I 2024-05-16 17:11:52,499] Trial 487 pruned. Exception occured in `FastAIV2PruningCallback` when calling event `after_fit`:
	Trial was pruned at epoch 0.
[I 2024-05-16 17:11:53,530] Trial 488 pruned. Exception occured in `FastAIV2PruningCallback` when calling event `after_fit`:
	Trial was pruned at epoch 0.
[I 2024-05-16 17:11:54,459] Trial 489 pruned. Exception occured in `FastAIV2PruningCallback` when calling event `after_fit`:
	Trial was pruned at epoch 0.
[I 2024-05-16 17:11:55,488] Trial 490 pruned. Exception occured in `FastAIV2PruningCallback` when calling event `after_fit`:
	Trial was pruned at epoch 0.
[I 2024-05-16 17:11:56,558] Trial 491 pruned. Exception occured in `FastAIV2PruningCallback` when calling event `after_fit`:
	Trial was pruned at epoch 0.
[I 2024-05-16 17:11:57,657] Trial 492 pruned. Exception occured in `FastAIV2PruningCallback` when calling event `after_fit`:
	Trial was pruned at epoch 0.
[I 2024-05-16 17:11:58,808] Trial 493 pruned. Exception occured in `FastAIV2PruningCallback` when calling event `after_fit`:
	Trial was pruned at epoch 0.
[I 2024-05-16 17:11:59,970] Trial 494 pruned. Exception occured in `FastAIV2PruningCallback` when calling event `after_fit`:
	Trial was pruned at epoch 0.
[I 2024-05-16 17:12:01,128] Trial 495 pruned. Exception occured in `FastAIV2PruningCallback` when calling event `after_fit`:
	Trial was pruned at epoch 0.
[I 2024-05-16 17:12:02,279] Trial 496 pruned. Exception occured in `FastAIV2PruningCallback` when calling event `after_fit`:
	Trial was pruned at epoch 0.
[I 2024-05-16 17:12:03,401] Trial 497 pruned. Exception occured in `FastAIV2PruningCallback` when calling event `after_fit`:
	Trial was pruned at epoch 0.
[I 2024-05-16 17:12:04,479] Trial 498 pruned. Exception occured in `FastAIV2PruningCallback` when calling event `after_fit`:
	Trial was pruned at epoch 0.
[I 2024-05-16 17:12:05,544] Trial 499 pruned. Exception occured in `FastAIV2PruningCallback` when calling event `after_fit`:
	Trial was pruned at epoch 0.
[I 2024-05-16 17:20:26,903] Trial 500 finished with value: 1.4922884702682495 and parameters: {'nf': 37, 'nb_filters': 123, 'fc_dropout': 0.000658704650560355, 'ks': 20, 'conv_dropout': 0.0828842380586149, 'sa': True, 'se': True, 'learning_rate_model': 0.005885122177426208, 'Huber_delta': 1.0145345344425567, 'by_sample': False, 'by_var': True}. Best is trial 204 with value: 1.4683679342269897.
[I 2024-05-16 17:28:42,715] Trial 501 finished with value: 1.5383518934249878 and parameters: {'nf': 37, 'nb_filters': 123, 'fc_dropout': 0.002680066250664158, 'ks': 20, 'conv_dropout': 0.07856715683478095, 'sa': True, 'se': True, 'learning_rate_model': 0.006005861131587075, 'Huber_delta': 1.0017232090255426, 'by_sample': False, 'by_var': True}. Best is trial 204 with value: 1.4683679342269897.
[I 2024-05-16 17:36:52,050] Trial 502 finished with value: 1.514561414718628 and parameters: {'nf': 20, 'nb_filters': 123, 'fc_dropout': 0.0024226923570242727, 'ks': 20, 'conv_dropout': 0.0788092929692826, 'sa': True, 'se': True, 'learning_rate_model': 0.006017074729726373, 'Huber_delta': 1.000663371634868, 'by_sample': False, 'by_var': True}. Best is trial 204 with value: 1.4683679342269897.
[I 2024-05-16 17:44:47,512] Trial 503 finished with value: 1.625983476638794 and parameters: {'nf': 37, 'nb_filters': 124, 'fc_dropout': 0.0006742361879842215, 'ks': 20, 'conv_dropout': 0.08128881940202308, 'sa': True, 'se': True, 'learning_rate_model': 0.005766594736180245, 'Huber_delta': 1.0043007355716833, 'by_sample': False, 'by_var': True}. Best is trial 204 with value: 1.4683679342269897.
[I 2024-05-16 17:52:40,996] Trial 504 finished with value: 1.5730499029159546 and parameters: {'nf': 37, 'nb_filters': 124, 'fc_dropout': 0.004982874395956004, 'ks': 20, 'conv_dropout': 0.08327786926859435, 'sa': True, 'se': True, 'learning_rate_model': 0.005942306687473592, 'Huber_delta': 1.0026968522540416, 'by_sample': False, 'by_var': True}. Best is trial 204 with value: 1.4683679342269897.
[I 2024-05-16 18:00:34,008] Trial 505 finished with value: 1.5505388975143433 and parameters: {'nf': 37, 'nb_filters': 124, 'fc_dropout': 0.0028847623068795295, 'ks': 20, 'conv_dropout': 0.0796096723121325, 'sa': True, 'se': True, 'learning_rate_model': 0.005091639734663748, 'Huber_delta': 1.0029434862453264, 'by_sample': False, 'by_var': True}. Best is trial 204 with value: 1.4683679342269897.
[I 2024-05-16 18:08:27,168] Trial 506 finished with value: 1.5176092386245728 and parameters: {'nf': 37, 'nb_filters': 123, 'fc_dropout': 0.004567119143663614, 'ks': 20, 'conv_dropout': 0.08651576358280387, 'sa': True, 'se': True, 'learning_rate_model': 0.005963302493246544, 'Huber_delta': 1.0000152730661733, 'by_sample': False, 'by_var': True}. Best is trial 204 with value: 1.4683679342269897.
[I 2024-05-16 18:16:19,860] Trial 507 finished with value: 1.604452133178711 and parameters: {'nf': 37, 'nb_filters': 124, 'fc_dropout': 0.00255461402845548, 'ks': 20, 'conv_dropout': 0.08095145458849631, 'sa': True, 'se': True, 'learning_rate_model': 0.005885286058620614, 'Huber_delta': 1.0006091694263708, 'by_sample': False, 'by_var': True}. Best is trial 204 with value: 1.4683679342269897.
[I 2024-05-16 18:24:12,570] Trial 508 finished with value: 1.5787911415100098 and parameters: {'nf': 37, 'nb_filters': 124, 'fc_dropout': 0.001600351284712307, 'ks': 20, 'conv_dropout': 0.07967079461725345, 'sa': True, 'se': True, 'learning_rate_model': 0.005769981895496696, 'Huber_delta': 1.000301499584903, 'by_sample': False, 'by_var': True}. Best is trial 204 with value: 1.4683679342269897.
[I 2024-05-16 18:32:05,084] Trial 509 finished with value: 1.5559515953063965 and parameters: {'nf': 37, 'nb_filters': 124, 'fc_dropout': 0.0029840146750575863, 'ks': 20, 'conv_dropout': 0.08087981513428145, 'sa': True, 'se': True, 'learning_rate_model': 0.0055724135755742185, 'Huber_delta': 1.0026969718790946, 'by_sample': False, 'by_var': True}. Best is trial 204 with value: 1.4683679342269897.
[I 2024-05-16 18:40:01,072] Trial 510 finished with value: 1.5721973180770874 and parameters: {'nf': 37, 'nb_filters': 124, 'fc_dropout': 0.002238782393411297, 'ks': 20, 'conv_dropout': 0.08080251985268642, 'sa': True, 'se': True, 'learning_rate_model': 0.005593405789284371, 'Huber_delta': 1.0037305383449389, 'by_sample': False, 'by_var': True}. Best is trial 204 with value: 1.4683679342269897.
[I 2024-05-16 18:47:57,264] Trial 511 finished with value: 1.569356083869934 and parameters: {'nf': 37, 'nb_filters': 124, 'fc_dropout': 0.0019346975488402358, 'ks': 20, 'conv_dropout': 0.08526575233509218, 'sa': True, 'se': True, 'learning_rate_model': 0.005984264263428953, 'Huber_delta': 1.0048417422425382, 'by_sample': False, 'by_var': True}. Best is trial 204 with value: 1.4683679342269897.
[I 2024-05-16 18:55:53,215] Trial 512 finished with value: 1.5687416791915894 and parameters: {'nf': 37, 'nb_filters': 123, 'fc_dropout': 0.0005707324128179014, 'ks': 20, 'conv_dropout': 0.08273100434282908, 'sa': True, 'se': True, 'learning_rate_model': 0.005855372122981604, 'Huber_delta': 1.0025503686995392, 'by_sample': False, 'by_var': True}. Best is trial 204 with value: 1.4683679342269897.
[I 2024-05-16 19:03:49,776] Trial 513 finished with value: 1.6262348890304565 and parameters: {'nf': 37, 'nb_filters': 124, 'fc_dropout': 7.690383810861519e-05, 'ks': 20, 'conv_dropout': 0.08563318660336708, 'sa': True, 'se': True, 'learning_rate_model': 0.0060577106860081435, 'Huber_delta': 1.0077673956432558, 'by_sample': False, 'by_var': True}. Best is trial 204 with value: 1.4683679342269897.
[I 2024-05-16 19:11:46,820] Trial 514 finished with value: 1.5221376419067383 and parameters: {'nf': 37, 'nb_filters': 125, 'fc_dropout': 9.3286189121306e-05, 'ks': 21, 'conv_dropout': 0.0984476906674307, 'sa': True, 'se': True, 'learning_rate_model': 0.005496894446678095, 'Huber_delta': 1.027927939586228, 'by_sample': False, 'by_var': True}. Best is trial 204 with value: 1.4683679342269897.
