[I 2024-05-17 00:56:37,028] Trial 874 pruned. Exception occured in `FastAIV2PruningCallback` when calling event `after_fit`:
	Trial was pruned at epoch 1.
[I 2024-05-17 00:56:38,272] Trial 875 pruned. Exception occured in `FastAIV2PruningCallback` when calling event `after_fit`:
	Trial was pruned at epoch 0.
[I 2024-05-17 00:56:40,398] Trial 876 pruned. Exception occured in `FastAIV2PruningCallback` when calling event `after_fit`:
	Trial was pruned at epoch 1.
[I 2024-05-17 01:04:44,929] Trial 877 finished with value: 1.5400135517120361 and parameters: {'nf': 35, 'nb_filters': 123, 'fc_dropout': 0.0002299928224205315, 'ks': 21, 'conv_dropout': 0.09563232838410667, 'sa': True, 'se': True, 'learning_rate_model': 0.0065728432841542644, 'Huber_delta': 1.000046461528168, 'by_sample': False, 'by_var': True}. Best is trial 204 with value: 1.4683679342269897.
[I 2024-05-17 01:04:46,199] Trial 878 pruned. Exception occured in `FastAIV2PruningCallback` when calling event `after_fit`:
	Trial was pruned at epoch 0.
[I 2024-05-17 01:04:47,478] Trial 879 pruned. Exception occured in `FastAIV2PruningCallback` when calling event `after_fit`:
	Trial was pruned at epoch 0.
[I 2024-05-17 01:04:48,725] Trial 880 pruned. Exception occured in `FastAIV2PruningCallback` when calling event `after_fit`:
	Trial was pruned at epoch 0.
[I 2024-05-17 01:04:49,967] Trial 881 pruned. Exception occured in `FastAIV2PruningCallback` when calling event `after_fit`:
	Trial was pruned at epoch 0.
[I 2024-05-17 01:04:52,084] Trial 882 pruned. Exception occured in `FastAIV2PruningCallback` when calling event `after_fit`:
	Trial was pruned at epoch 1.
[I 2024-05-17 01:04:54,204] Trial 883 pruned. Exception occured in `FastAIV2PruningCallback` when calling event `after_fit`:
	Trial was pruned at epoch 1.
[I 2024-05-17 01:04:55,448] Trial 884 pruned. Exception occured in `FastAIV2PruningCallback` when calling event `after_fit`:
	Trial was pruned at epoch 0.
[I 2024-05-17 01:04:57,601] Trial 885 pruned. Exception occured in `FastAIV2PruningCallback` when calling event `after_fit`:
	Trial was pruned at epoch 1.
[I 2024-05-17 01:04:58,849] Trial 886 pruned. Exception occured in `FastAIV2PruningCallback` when calling event `after_fit`:
	Trial was pruned at epoch 0.
[I 2024-05-17 01:05:00,095] Trial 887 pruned. Exception occured in `FastAIV2PruningCallback` when calling event `after_fit`:
	Trial was pruned at epoch 0.
[I 2024-05-17 01:05:01,342] Trial 888 pruned. Exception occured in `FastAIV2PruningCallback` when calling event `after_fit`:
	Trial was pruned at epoch 0.
[I 2024-05-17 01:05:03,459] Trial 889 pruned. Exception occured in `FastAIV2PruningCallback` when calling event `after_fit`:
	Trial was pruned at epoch 1.
[I 2024-05-17 01:05:05,583] Trial 890 pruned. Exception occured in `FastAIV2PruningCallback` when calling event `after_fit`:
	Trial was pruned at epoch 1.
[I 2024-05-17 01:05:07,708] Trial 891 pruned. Exception occured in `FastAIV2PruningCallback` when calling event `after_fit`:
	Trial was pruned at epoch 1.
[I 2024-05-17 01:05:09,858] Trial 892 pruned. Exception occured in `FastAIV2PruningCallback` when calling event `after_fit`:
	Trial was pruned at epoch 1.
[I 2024-05-17 01:05:11,104] Trial 893 pruned. Exception occured in `FastAIV2PruningCallback` when calling event `after_fit`:
	Trial was pruned at epoch 0.
[I 2024-05-17 01:05:12,346] Trial 894 pruned. Exception occured in `FastAIV2PruningCallback` when calling event `after_fit`:
	Trial was pruned at epoch 0.
[I 2024-05-17 01:05:13,594] Trial 895 pruned. Exception occured in `FastAIV2PruningCallback` when calling event `after_fit`:
	Trial was pruned at epoch 0.
[I 2024-05-17 01:05:14,840] Trial 896 pruned. Exception occured in `FastAIV2PruningCallback` when calling event `after_fit`:
	Trial was pruned at epoch 0.
[I 2024-05-17 01:05:16,965] Trial 897 pruned. Exception occured in `FastAIV2PruningCallback` when calling event `after_fit`:
	Trial was pruned at epoch 1.
[I 2024-05-17 01:05:18,211] Trial 898 pruned. Exception occured in `FastAIV2PruningCallback` when calling event `after_fit`:
	Trial was pruned at epoch 0.
[I 2024-05-17 01:05:19,457] Trial 899 pruned. Exception occured in `FastAIV2PruningCallback` when calling event `after_fit`:
	Trial was pruned at epoch 0.
[I 2024-05-17 01:05:21,577] Trial 900 pruned. Exception occured in `FastAIV2PruningCallback` when calling event `after_fit`:
	Trial was pruned at epoch 1.
[I 2024-05-17 01:05:22,831] Trial 901 pruned. Exception occured in `FastAIV2PruningCallback` when calling event `after_fit`:
	Trial was pruned at epoch 0.
[I 2024-05-17 01:05:24,078] Trial 902 pruned. Exception occured in `FastAIV2PruningCallback` when calling event `after_fit`:
	Trial was pruned at epoch 0.
[I 2024-05-17 01:05:29,714] Trial 903 pruned. Exception occured in `FastAIV2PruningCallback` when calling event `after_fit`:
	Trial was pruned at epoch 5.
[I 2024-05-17 01:05:31,838] Trial 904 pruned. Exception occured in `FastAIV2PruningCallback` when calling event `after_fit`:
	Trial was pruned at epoch 1.
[I 2024-05-17 01:05:33,084] Trial 905 pruned. Exception occured in `FastAIV2PruningCallback` when calling event `after_fit`:
	Trial was pruned at epoch 0.
[I 2024-05-17 01:05:34,334] Trial 906 pruned. Exception occured in `FastAIV2PruningCallback` when calling event `after_fit`:
	Trial was pruned at epoch 0.
[I 2024-05-17 01:05:39,973] Trial 907 pruned. Exception occured in `FastAIV2PruningCallback` when calling event `after_fit`:
	Trial was pruned at epoch 5.
[I 2024-05-17 01:05:42,100] Trial 908 pruned. Exception occured in `FastAIV2PruningCallback` when calling event `after_fit`:
	Trial was pruned at epoch 1.
[I 2024-05-17 01:05:43,347] Trial 909 pruned. Exception occured in `FastAIV2PruningCallback` when calling event `after_fit`:
	Trial was pruned at epoch 0.
[I 2024-05-17 01:05:44,600] Trial 910 pruned. Exception occured in `FastAIV2PruningCallback` when calling event `after_fit`:
	Trial was pruned at epoch 0.
[I 2024-05-17 01:05:45,847] Trial 911 pruned. Exception occured in `FastAIV2PruningCallback` when calling event `after_fit`:
	Trial was pruned at epoch 0.
[I 2024-05-17 01:05:47,974] Trial 912 pruned. Exception occured in `FastAIV2PruningCallback` when calling event `after_fit`:
	Trial was pruned at epoch 1.
[I 2024-05-17 01:05:53,619] Trial 913 pruned. Exception occured in `FastAIV2PruningCallback` when calling event `after_fit`:
	Trial was pruned at epoch 5.
[I 2024-05-17 01:13:56,940] Trial 914 finished with value: 1.5776524543762207 and parameters: {'nf': 36, 'nb_filters': 124, 'fc_dropout': 0.026713725171526224, 'ks': 22, 'conv_dropout': 0.10968547570572942, 'sa': True, 'se': True, 'learning_rate_model': 0.006056296990673233, 'Huber_delta': 1.0361742080988954, 'by_sample': False, 'by_var': True}. Best is trial 204 with value: 1.4683679342269897.
[I 2024-05-17 01:13:58,210] Trial 915 pruned. Exception occured in `FastAIV2PruningCallback` when calling event `after_fit`:
	Trial was pruned at epoch 0.
[I 2024-05-17 01:14:03,844] Trial 916 pruned. Exception occured in `FastAIV2PruningCallback` when calling event `after_fit`:
	Trial was pruned at epoch 5.
[I 2024-05-17 01:14:05,096] Trial 917 pruned. Exception occured in `FastAIV2PruningCallback` when calling event `after_fit`:
	Trial was pruned at epoch 0.
[I 2024-05-17 01:14:10,729] Trial 918 pruned. Exception occured in `FastAIV2PruningCallback` when calling event `after_fit`:
	Trial was pruned at epoch 5.
[I 2024-05-17 01:14:11,978] Trial 919 pruned. Exception occured in `FastAIV2PruningCallback` when calling event `after_fit`:
	Trial was pruned at epoch 0.
[I 2024-05-17 01:14:17,592] Trial 920 pruned. Exception occured in `FastAIV2PruningCallback` when calling event `after_fit`:
	Trial was pruned at epoch 5.
[I 2024-05-17 01:14:19,722] Trial 921 pruned. Exception occured in `FastAIV2PruningCallback` when calling event `after_fit`:
	Trial was pruned at epoch 1.
[I 2024-05-17 01:14:21,847] Trial 922 pruned. Exception occured in `FastAIV2PruningCallback` when calling event `after_fit`:
	Trial was pruned at epoch 1.
[I 2024-05-17 01:14:23,972] Trial 923 pruned. Exception occured in `FastAIV2PruningCallback` when calling event `after_fit`:
	Trial was pruned at epoch 1.
[I 2024-05-17 01:14:25,224] Trial 924 pruned. Exception occured in `FastAIV2PruningCallback` when calling event `after_fit`:
	Trial was pruned at epoch 0.
[I 2024-05-17 01:14:26,507] Trial 925 pruned. Exception occured in `FastAIV2PruningCallback` when calling event `after_fit`:
	Trial was pruned at epoch 0.
[I 2024-05-17 01:14:27,756] Trial 926 pruned. Exception occured in `FastAIV2PruningCallback` when calling event `after_fit`:
	Trial was pruned at epoch 0.
[I 2024-05-17 01:14:29,018] Trial 927 pruned. Exception occured in `FastAIV2PruningCallback` when calling event `after_fit`:
	Trial was pruned at epoch 0.
[I 2024-05-17 01:14:34,660] Trial 928 pruned. Exception occured in `FastAIV2PruningCallback` when calling event `after_fit`:
	Trial was pruned at epoch 5.
[I 2024-05-17 01:14:35,908] Trial 929 pruned. Exception occured in `FastAIV2PruningCallback` when calling event `after_fit`:
	Trial was pruned at epoch 0.
[I 2024-05-17 01:14:41,548] Trial 930 pruned. Exception occured in `FastAIV2PruningCallback` when calling event `after_fit`:
	Trial was pruned at epoch 5.
[I 2024-05-17 01:14:42,799] Trial 931 pruned. Exception occured in `FastAIV2PruningCallback` when calling event `after_fit`:
	Trial was pruned at epoch 0.
[I 2024-05-17 01:22:44,425] Trial 932 finished with value: 1.5598441362380981 and parameters: {'nf': 37, 'nb_filters': 128, 'fc_dropout': 0.05100609111387038, 'ks': 21, 'conv_dropout': 0.10153927233343131, 'sa': True, 'se': True, 'learning_rate_model': 0.006947237024956525, 'Huber_delta': 1.000406230210153, 'by_sample': False, 'by_var': True}. Best is trial 204 with value: 1.4683679342269897.
[I 2024-05-17 01:22:45,694] Trial 933 pruned. Exception occured in `FastAIV2PruningCallback` when calling event `after_fit`:
	Trial was pruned at epoch 0.
[I 2024-05-17 01:22:46,947] Trial 934 pruned. Exception occured in `FastAIV2PruningCallback` when calling event `after_fit`:
	Trial was pruned at epoch 0.
[I 2024-05-17 01:22:48,224] Trial 935 pruned. Exception occured in `FastAIV2PruningCallback` when calling event `after_fit`:
	Trial was pruned at epoch 0.
[I 2024-05-17 01:22:49,477] Trial 936 pruned. Exception occured in `FastAIV2PruningCallback` when calling event `after_fit`:
	Trial was pruned at epoch 0.
[I 2024-05-17 01:22:51,612] Trial 937 pruned. Exception occured in `FastAIV2PruningCallback` when calling event `after_fit`:
	Trial was pruned at epoch 1.
[I 2024-05-17 01:22:52,861] Trial 938 pruned. Exception occured in `FastAIV2PruningCallback` when calling event `after_fit`:
	Trial was pruned at epoch 0.
[I 2024-05-17 01:22:54,114] Trial 939 pruned. Exception occured in `FastAIV2PruningCallback` when calling event `after_fit`:
	Trial was pruned at epoch 0.
[I 2024-05-17 01:22:55,365] Trial 940 pruned. Exception occured in `FastAIV2PruningCallback` when calling event `after_fit`:
	Trial was pruned at epoch 0.
[I 2024-05-17 01:23:00,993] Trial 941 pruned. Exception occured in `FastAIV2PruningCallback` when calling event `after_fit`:
	Trial was pruned at epoch 5.
[I 2024-05-17 01:23:02,245] Trial 942 pruned. Exception occured in `FastAIV2PruningCallback` when calling event `after_fit`:
	Trial was pruned at epoch 0.
[I 2024-05-17 01:23:04,377] Trial 943 pruned. Exception occured in `FastAIV2PruningCallback` when calling event `after_fit`:
	Trial was pruned at epoch 1.
[I 2024-05-17 01:23:05,626] Trial 944 pruned. Exception occured in `FastAIV2PruningCallback` when calling event `after_fit`:
	Trial was pruned at epoch 0.
[I 2024-05-17 01:23:06,879] Trial 945 pruned. Exception occured in `FastAIV2PruningCallback` when calling event `after_fit`:
	Trial was pruned at epoch 0.
[I 2024-05-17 01:23:09,008] Trial 946 pruned. Exception occured in `FastAIV2PruningCallback` when calling event `after_fit`:
	Trial was pruned at epoch 1.
[I 2024-05-17 01:23:10,259] Trial 947 pruned. Exception occured in `FastAIV2PruningCallback` when calling event `after_fit`:
	Trial was pruned at epoch 0.
[I 2024-05-17 01:23:11,513] Trial 948 pruned. Exception occured in `FastAIV2PruningCallback` when calling event `after_fit`:
	Trial was pruned at epoch 0.
[I 2024-05-17 01:23:17,150] Trial 949 pruned. Exception occured in `FastAIV2PruningCallback` when calling event `after_fit`:
	Trial was pruned at epoch 5.
[I 2024-05-17 01:23:18,400] Trial 950 pruned. Exception occured in `FastAIV2PruningCallback` when calling event `after_fit`:
	Trial was pruned at epoch 0.
[I 2024-05-17 01:23:19,658] Trial 951 pruned. Exception occured in `FastAIV2PruningCallback` when calling event `after_fit`:
	Trial was pruned at epoch 0.
[I 2024-05-17 01:23:24,420] Trial 952 pruned. Exception occured in `FastAIV2PruningCallback` when calling event `after_fit`:
	Trial was pruned at epoch 4.
[I 2024-05-17 01:23:25,675] Trial 953 pruned. Exception occured in `FastAIV2PruningCallback` when calling event `after_fit`:
	Trial was pruned at epoch 0.
[I 2024-05-17 01:23:26,928] Trial 954 pruned. Exception occured in `FastAIV2PruningCallback` when calling event `after_fit`:
	Trial was pruned at epoch 0.
[I 2024-05-17 01:31:28,110] Trial 955 finished with value: 2.002692699432373 and parameters: {'nf': 41, 'nb_filters': 128, 'fc_dropout': 0.04131012202691979, 'ks': 22, 'conv_dropout': 0.0951716108418917, 'sa': True, 'se': True, 'learning_rate_model': 0.006789564805997046, 'Huber_delta': 1.0005660884891432, 'by_sample': False, 'by_var': True}. Best is trial 204 with value: 1.4683679342269897.
[I 2024-05-17 01:31:29,365] Trial 956 pruned. Exception occured in `FastAIV2PruningCallback` when calling event `after_fit`:
	Trial was pruned at epoch 0.
[I 2024-05-17 01:31:30,618] Trial 957 pruned. Exception occured in `FastAIV2PruningCallback` when calling event `after_fit`:
	Trial was pruned at epoch 0.
[I 2024-05-17 01:31:31,869] Trial 958 pruned. Exception occured in `FastAIV2PruningCallback` when calling event `after_fit`:
	Trial was pruned at epoch 0.
[I 2024-05-17 01:31:33,119] Trial 959 pruned. Exception occured in `FastAIV2PruningCallback` when calling event `after_fit`:
	Trial was pruned at epoch 0.
[I 2024-05-17 01:31:34,389] Trial 960 pruned. Exception occured in `FastAIV2PruningCallback` when calling event `after_fit`:
	Trial was pruned at epoch 0.
[I 2024-05-17 01:31:36,515] Trial 961 pruned. Exception occured in `FastAIV2PruningCallback` when calling event `after_fit`:
	Trial was pruned at epoch 1.
[I 2024-05-17 01:31:37,771] Trial 962 pruned. Exception occured in `FastAIV2PruningCallback` when calling event `after_fit`:
	Trial was pruned at epoch 0.
[I 2024-05-17 01:31:39,024] Trial 963 pruned. Exception occured in `FastAIV2PruningCallback` when calling event `after_fit`:
	Trial was pruned at epoch 0.
[I 2024-05-17 01:31:40,277] Trial 964 pruned. Exception occured in `FastAIV2PruningCallback` when calling event `after_fit`:
	Trial was pruned at epoch 0.
[I 2024-05-17 01:31:42,412] Trial 965 pruned. Exception occured in `FastAIV2PruningCallback` when calling event `after_fit`:
	Trial was pruned at epoch 1.
[I 2024-05-17 01:31:43,662] Trial 966 pruned. Exception occured in `FastAIV2PruningCallback` when calling event `after_fit`:
	Trial was pruned at epoch 0.
[I 2024-05-17 01:39:47,031] Trial 967 finished with value: 1.58108389377594 and parameters: {'nf': 42, 'nb_filters': 124, 'fc_dropout': 0.00854818760802595, 'ks': 22, 'conv_dropout': 0.11829021692815922, 'sa': True, 'se': True, 'learning_rate_model': 0.004664907049988098, 'Huber_delta': 1.014239755317373, 'by_sample': False, 'by_var': True}. Best is trial 204 with value: 1.4683679342269897.
[I 2024-05-17 01:39:48,305] Trial 968 pruned. Exception occured in `FastAIV2PruningCallback` when calling event `after_fit`:
	Trial was pruned at epoch 0.
[I 2024-05-17 01:39:49,558] Trial 969 pruned. Exception occured in `FastAIV2PruningCallback` when calling event `after_fit`:
	Trial was pruned at epoch 0.
[I 2024-05-17 01:39:51,716] Trial 970 pruned. Exception occured in `FastAIV2PruningCallback` when calling event `after_fit`:
	Trial was pruned at epoch 1.
[I 2024-05-17 01:39:56,483] Trial 971 pruned. Exception occured in `FastAIV2PruningCallback` when calling event `after_fit`:
	Trial was pruned at epoch 4.
[I 2024-05-17 01:39:57,755] Trial 972 pruned. Exception occured in `FastAIV2PruningCallback` when calling event `after_fit`:
	Trial was pruned at epoch 0.
[I 2024-05-17 01:39:59,011] Trial 973 pruned. Exception occured in `FastAIV2PruningCallback` when calling event `after_fit`:
	Trial was pruned at epoch 0.
[I 2024-05-17 01:40:04,657] Trial 974 pruned. Exception occured in `FastAIV2PruningCallback` when calling event `after_fit`:
	Trial was pruned at epoch 5.
[I 2024-05-17 01:40:05,912] Trial 975 pruned. Exception occured in `FastAIV2PruningCallback` when calling event `after_fit`:
	Trial was pruned at epoch 0.
[I 2024-05-17 01:40:07,167] Trial 976 pruned. Exception occured in `FastAIV2PruningCallback` when calling event `after_fit`:
	Trial was pruned at epoch 0.
[I 2024-05-17 01:48:08,785] Trial 977 finished with value: 1.5539417266845703 and parameters: {'nf': 35, 'nb_filters': 128, 'fc_dropout': 0.027346681136455817, 'ks': 21, 'conv_dropout': 0.152806447110551, 'sa': True, 'se': True, 'learning_rate_model': 0.005520941865388923, 'Huber_delta': 1.0189573933595297, 'by_sample': False, 'by_var': True}. Best is trial 204 with value: 1.4683679342269897.
[I 2024-05-17 01:48:10,938] Trial 978 pruned. Exception occured in `FastAIV2PruningCallback` when calling event `after_fit`:
	Trial was pruned at epoch 1.
[I 2024-05-17 01:48:12,196] Trial 979 pruned. Exception occured in `FastAIV2PruningCallback` when calling event `after_fit`:
	Trial was pruned at epoch 0.
[I 2024-05-17 01:48:13,473] Trial 980 pruned. Exception occured in `FastAIV2PruningCallback` when calling event `after_fit`:
	Trial was pruned at epoch 0.
[I 2024-05-17 01:48:14,727] Trial 981 pruned. Exception occured in `FastAIV2PruningCallback` when calling event `after_fit`:
	Trial was pruned at epoch 0.
[I 2024-05-17 01:48:16,018] Trial 982 pruned. Exception occured in `FastAIV2PruningCallback` when calling event `after_fit`:
	Trial was pruned at epoch 0.
[I 2024-05-17 01:48:17,276] Trial 983 pruned. Exception occured in `FastAIV2PruningCallback` when calling event `after_fit`:
	Trial was pruned at epoch 0.
[I 2024-05-17 01:48:18,534] Trial 984 pruned. Exception occured in `FastAIV2PruningCallback` when calling event `after_fit`:
	Trial was pruned at epoch 0.
[I 2024-05-17 01:48:20,666] Trial 985 pruned. Exception occured in `FastAIV2PruningCallback` when calling event `after_fit`:
	Trial was pruned at epoch 1.
[I 2024-05-17 01:48:21,922] Trial 986 pruned. Exception occured in `FastAIV2PruningCallback` when calling event `after_fit`:
	Trial was pruned at epoch 0.
[I 2024-05-17 01:48:23,178] Trial 987 pruned. Exception occured in `FastAIV2PruningCallback` when calling event `after_fit`:
	Trial was pruned at epoch 0.
[I 2024-05-17 01:48:24,435] Trial 988 pruned. Exception occured in `FastAIV2PruningCallback` when calling event `after_fit`:
	Trial was pruned at epoch 0.
[I 2024-05-17 01:48:25,691] Trial 989 pruned. Exception occured in `FastAIV2PruningCallback` when calling event `after_fit`:
	Trial was pruned at epoch 0.
[I 2024-05-17 01:48:26,943] Trial 990 pruned. Exception occured in `FastAIV2PruningCallback` when calling event `after_fit`:
	Trial was pruned at epoch 0.
[I 2024-05-17 01:48:28,187] Trial 991 pruned. Exception occured in `FastAIV2PruningCallback` when calling event `after_fit`:
	Trial was pruned at epoch 0.
[I 2024-05-17 01:48:30,298] Trial 992 pruned. Exception occured in `FastAIV2PruningCallback` when calling event `after_fit`:
	Trial was pruned at epoch 1.
[I 2024-05-17 01:48:31,539] Trial 993 pruned. Exception occured in `FastAIV2PruningCallback` when calling event `after_fit`:
	Trial was pruned at epoch 0.
[I 2024-05-17 01:48:32,807] Trial 994 pruned. Exception occured in `FastAIV2PruningCallback` when calling event `after_fit`:
	Trial was pruned at epoch 0.
[I 2024-05-17 01:48:34,923] Trial 995 pruned. Exception occured in `FastAIV2PruningCallback` when calling event `after_fit`:
	Trial was pruned at epoch 1.
[I 2024-05-17 01:48:40,517] Trial 996 pruned. Exception occured in `FastAIV2PruningCallback` when calling event `after_fit`:
	Trial was pruned at epoch 5.
[I 2024-05-17 01:48:41,758] Trial 997 pruned. Exception occured in `FastAIV2PruningCallback` when calling event `after_fit`:
	Trial was pruned at epoch 0.
[I 2024-05-17 01:48:43,874] Trial 998 pruned. Exception occured in `FastAIV2PruningCallback` when calling event `after_fit`:
	Trial was pruned at epoch 1.
[I 2024-05-17 01:48:45,116] Trial 999 pruned. Exception occured in `FastAIV2PruningCallback` when calling event `after_fit`:
	Trial was pruned at epoch 0.
[I 2024-05-17 01:48:46,361] Trial 1000 pruned. Exception occured in `FastAIV2PruningCallback` when calling event `after_fit`:
	Trial was pruned at epoch 0.
[I 2024-05-17 01:48:47,632] Trial 1001 pruned. Exception occured in `FastAIV2PruningCallback` when calling event `after_fit`:
	Trial was pruned at epoch 0.
[I 2024-05-17 01:48:48,879] Trial 1002 pruned. Exception occured in `FastAIV2PruningCallback` when calling event `after_fit`:
	Trial was pruned at epoch 0.
[I 2024-05-17 01:48:50,126] Trial 1003 pruned. Exception occured in `FastAIV2PruningCallback` when calling event `after_fit`:
	Trial was pruned at epoch 0.
[I 2024-05-17 01:48:51,373] Trial 1004 pruned. Exception occured in `FastAIV2PruningCallback` when calling event `after_fit`:
	Trial was pruned at epoch 0.
[I 2024-05-17 01:48:52,645] Trial 1005 pruned. Exception occured in `FastAIV2PruningCallback` when calling event `after_fit`:
	Trial was pruned at epoch 0.
