[I 2024-05-16 14:14:11,771] Trial 234 pruned. Exception occured in `FastAIV2PruningCallback` when calling event `after_fit`:
	Trial was pruned at epoch 0.
[I 2024-05-16 14:14:12,599] Trial 235 pruned. Exception occured in `FastAIV2PruningCallback` when calling event `after_fit`:
	Trial was pruned at epoch 0.
[I 2024-05-16 14:14:13,352] Trial 236 pruned. Exception occured in `FastAIV2PruningCallback` when calling event `after_fit`:
	Trial was pruned at epoch 0.
[I 2024-05-16 14:19:31,585] Trial 237 finished with value: 2.4775476455688477 and parameters: {'nf': 51, 'fc_dropout': 0.49871076610791665, 'ks': 15, 'conv_dropout': 0.13225131774744897, 'sa': True, 'se': False, 'learning_rate_model': 0.008607976798670957}. Best is trial 4 with value: 1.4514039754867554.
[I 2024-05-16 14:19:32,428] Trial 238 pruned. Exception occured in `FastAIV2PruningCallback` when calling event `after_fit`:
	Trial was pruned at epoch 0.
[I 2024-05-16 14:19:33,176] Trial 239 pruned. Exception occured in `FastAIV2PruningCallback` when calling event `after_fit`:
	Trial was pruned at epoch 0.
[I 2024-05-16 14:19:34,602] Trial 240 pruned. Exception occured in `FastAIV2PruningCallback` when calling event `after_fit`:
	Trial was pruned at epoch 1.
[I 2024-05-16 14:19:35,442] Trial 241 pruned. Exception occured in `FastAIV2PruningCallback` when calling event `after_fit`:
	Trial was pruned at epoch 0.
[I 2024-05-16 14:19:39,116] Trial 242 pruned. Exception occured in `FastAIV2PruningCallback` when calling event `after_fit`:
	Trial was pruned at epoch 5.
[I 2024-05-16 14:19:39,933] Trial 243 pruned. Exception occured in `FastAIV2PruningCallback` when calling event `after_fit`:
	Trial was pruned at epoch 0.
[I 2024-05-16 14:19:40,756] Trial 244 pruned. Exception occured in `FastAIV2PruningCallback` when calling event `after_fit`:
	Trial was pruned at epoch 0.
[I 2024-05-16 14:19:41,589] Trial 245 pruned. Exception occured in `FastAIV2PruningCallback` when calling event `after_fit`:
	Trial was pruned at epoch 0.
[I 2024-05-16 14:19:42,352] Trial 246 pruned. Exception occured in `FastAIV2PruningCallback` when calling event `after_fit`:
	Trial was pruned at epoch 0.
[I 2024-05-16 14:19:43,177] Trial 247 pruned. Exception occured in `FastAIV2PruningCallback` when calling event `after_fit`:
	Trial was pruned at epoch 0.
[I 2024-05-16 14:19:48,021] Trial 248 pruned. Exception occured in `FastAIV2PruningCallback` when calling event `after_fit`:
	Trial was pruned at epoch 7.
[I 2024-05-16 14:19:49,415] Trial 249 pruned. Exception occured in `FastAIV2PruningCallback` when calling event `after_fit`:
	Trial was pruned at epoch 1.

Optuna study saved to optuna/no-name-3f155adc-4d71-49be-843a-e897e013c340.pkl
To reload the study run: study = joblib.load('optuna/no-name-3f155adc-4d71-49be-843a-e897e013c340.pkl')

Study statistics    : 
  Study name        : no-name-3f155adc-4d71-49be-843a-e897e013c340
  # finished trials : 250
  # pruned trials   : 199
  # complete trials : 51

Best trial          :
  value             : 1.4514039754867554
  best_params = {'nf': 49, 'fc_dropout': 0.41731283594868646, 'ks': 10, 'conv_dropout': 0.37507215747248374, 'sa': True, 'se': False, 'learning_rate_model': 2.0402247877617882e-05}

O Melhor modelo foi o de número 4
