[I 2024-05-16 10:07:26,099] Trial 0 finished with value: 1.475045084953308 and parameters: {'nf': 36, 'fc_dropout': 0.36016224672107905, 'ks': 10, 'conv_dropout': 0.15116628631591988, 'sa': True, 'se': False, 'learning_rate_model': 0.00015498955191377127}. Best is trial 0 with value: 1.475045084953308.
[I 2024-05-16 10:12:58,896] Trial 1 finished with value: 1.603980541229248 and parameters: {'nf': 42, 'fc_dropout': 0.2095972572016474, 'ks': 38, 'conv_dropout': 0.10222612486575872, 'sa': True, 'se': True, 'learning_rate_model': 0.00047431786810463216}. Best is trial 0 with value: 1.475045084953308.
[I 2024-05-16 10:16:50,364] Trial 2 finished with value: 1.908485770225525 and parameters: {'nf': 22, 'fc_dropout': 0.0990507445424394, 'ks': 42, 'conv_dropout': 0.48413078785969876, 'sa': False, 'se': False, 'learning_rate_model': 1.7994203765849863e-05}. Best is trial 0 with value: 1.475045084953308.
[I 2024-05-16 10:20:39,209] Trial 3 finished with value: 1.4732046127319336 and parameters: {'nf': 17, 'fc_dropout': 0.08491520978228445, 'ks': 46, 'conv_dropout': 0.04917341691652505, 'sa': False, 'se': False, 'learning_rate_model': 8.841926348917726e-05}. Best is trial 3 with value: 1.4732046127319336.
[I 2024-05-16 10:25:03,803] Trial 4 finished with value: 1.4514039754867554 and parameters: {'nf': 49, 'fc_dropout': 0.41731283594868646, 'ks': 10, 'conv_dropout': 0.37507215747248374, 'sa': True, 'se': False, 'learning_rate_model': 2.0402247877617882e-05}. Best is trial 4 with value: 1.4514039754867554.
[I 2024-05-16 10:26:11,317] Trial 5 pruned. Exception occured in `FastAIV2PruningCallback` when calling event `after_fit`:
	Trial was pruned at epoch 113.
[I 2024-05-16 10:30:01,106] Trial 6 finished with value: 1.558464765548706 and parameters: {'nf': 40, 'fc_dropout': 0.026681272558540192, 'ks': 33, 'conv_dropout': 0.07336428745290507, 'sa': False, 'se': False, 'learning_rate_model': 0.0012111570825917512}. Best is trial 4 with value: 1.4514039754867554.
[I 2024-05-16 10:30:01,773] Trial 7 pruned. Exception occured in `FastAIV2PruningCallback` when calling event `after_fit`:
	Trial was pruned at epoch 0.
[I 2024-05-16 10:35:26,463] Trial 8 finished with value: 1.5682530403137207 and parameters: {'nf': 22, 'fc_dropout': 0.4036956443547619, 'ks': 26, 'conv_dropout': 0.08267709855846639, 'sa': True, 'se': True, 'learning_rate_model': 0.004465995422700483}. Best is trial 4 with value: 1.4514039754867554.
[I 2024-05-16 10:35:27,360] Trial 9 pruned. Exception occured in `FastAIV2PruningCallback` when calling event `after_fit`:
	Trial was pruned at epoch 0.
[I 2024-05-16 10:35:28,213] Trial 10 pruned. Exception occured in `FastAIV2PruningCallback` when calling event `after_fit`:
	Trial was pruned at epoch 0.
[I 2024-05-16 10:40:24,606] Trial 11 finished with value: 1.576900839805603 and parameters: {'nf': 46, 'fc_dropout': 0.16332245088604808, 'ks': 31, 'conv_dropout': 0.44297104965538725, 'sa': False, 'se': True, 'learning_rate_model': 0.006142026716955347}. Best is trial 4 with value: 1.4514039754867554.
[I 2024-05-16 10:44:54,946] Trial 12 finished with value: 1.531843900680542 and parameters: {'nf': 49, 'fc_dropout': 0.49866142522574025, 'ks': 17, 'conv_dropout': 0.06856787481443888, 'sa': True, 'se': False, 'learning_rate_model': 0.0018265373839075122}. Best is trial 4 with value: 1.4514039754867554.
[I 2024-05-16 10:44:55,753] Trial 13 pruned. Exception occured in `FastAIV2PruningCallback` when calling event `after_fit`:
	Trial was pruned at epoch 0.
[I 2024-05-16 10:49:47,803] Trial 14 finished with value: 1.5418225526809692 and parameters: {'nf': 43, 'fc_dropout': 0.42101544617980285, 'ks': 15, 'conv_dropout': 0.13959183950556975, 'sa': False, 'se': True, 'learning_rate_model': 0.002522888272902661}. Best is trial 4 with value: 1.4514039754867554.
[I 2024-05-16 10:49:48,683] Trial 15 pruned. Exception occured in `FastAIV2PruningCallback` when calling event `after_fit`:
	Trial was pruned at epoch 0.
[I 2024-05-16 10:49:49,422] Trial 16 pruned. Exception occured in `FastAIV2PruningCallback` when calling event `after_fit`:
	Trial was pruned at epoch 0.
[I 2024-05-16 10:49:50,214] Trial 17 pruned. Exception occured in `FastAIV2PruningCallback` when calling event `after_fit`:
	Trial was pruned at epoch 0.
[I 2024-05-16 10:49:50,982] Trial 18 pruned. Exception occured in `FastAIV2PruningCallback` when calling event `after_fit`:
	Trial was pruned at epoch 0.
[I 2024-05-16 10:49:51,896] Trial 19 pruned. Exception occured in `FastAIV2PruningCallback` when calling event `after_fit`:
	Trial was pruned at epoch 0.
[I 2024-05-16 10:49:52,567] Trial 20 pruned. Exception occured in `FastAIV2PruningCallback` when calling event `after_fit`:
	Trial was pruned at epoch 0.
[I 2024-05-16 10:49:53,352] Trial 21 pruned. Exception occured in `FastAIV2PruningCallback` when calling event `after_fit`:
	Trial was pruned at epoch 0.
[I 2024-05-16 10:49:54,575] Trial 22 pruned. Exception occured in `FastAIV2PruningCallback` when calling event `after_fit`:
	Trial was pruned at epoch 1.
[I 2024-05-16 10:49:55,311] Trial 23 pruned. Exception occured in `FastAIV2PruningCallback` when calling event `after_fit`:
	Trial was pruned at epoch 0.
[I 2024-05-16 10:49:55,965] Trial 24 pruned. Exception occured in `FastAIV2PruningCallback` when calling event `after_fit`:
	Trial was pruned at epoch 0.
[I 2024-05-16 10:49:56,745] Trial 25 pruned. Exception occured in `FastAIV2PruningCallback` when calling event `after_fit`:
	Trial was pruned at epoch 0.
[I 2024-05-16 10:49:57,405] Trial 26 pruned. Exception occured in `FastAIV2PruningCallback` when calling event `after_fit`:
	Trial was pruned at epoch 0.
[I 2024-05-16 10:54:59,579] Trial 27 finished with value: 1.5552308559417725 and parameters: {'nf': 25, 'fc_dropout': 0.39396461691275214, 'ks': 35, 'conv_dropout': 0.026954636036876478, 'sa': False, 'se': True, 'learning_rate_model': 0.008516819576644913}. Best is trial 4 with value: 1.4514039754867554.
[I 2024-05-16 10:55:00,301] Trial 28 pruned. Exception occured in `FastAIV2PruningCallback` when calling event `after_fit`:
	Trial was pruned at epoch 0.
[I 2024-05-16 10:55:01,130] Trial 29 pruned. Exception occured in `FastAIV2PruningCallback` when calling event `after_fit`:
	Trial was pruned at epoch 0.
[I 2024-05-16 10:55:01,897] Trial 30 pruned. Exception occured in `FastAIV2PruningCallback` when calling event `after_fit`:
	Trial was pruned at epoch 0.
[I 2024-05-16 10:55:03,435] Trial 31 pruned. Exception occured in `FastAIV2PruningCallback` when calling event `after_fit`:
	Trial was pruned at epoch 1.
[I 2024-05-16 10:55:04,336] Trial 32 pruned. Exception occured in `FastAIV2PruningCallback` when calling event `after_fit`:
	Trial was pruned at epoch 0.
[I 2024-05-16 10:55:05,254] Trial 33 pruned. Exception occured in `FastAIV2PruningCallback` when calling event `after_fit`:
	Trial was pruned at epoch 0.
[I 2024-05-16 10:55:06,150] Trial 34 pruned. Exception occured in `FastAIV2PruningCallback` when calling event `after_fit`:
	Trial was pruned at epoch 0.
[I 2024-05-16 10:55:07,023] Trial 35 pruned. Exception occured in `FastAIV2PruningCallback` when calling event `after_fit`:
	Trial was pruned at epoch 0.
[I 2024-05-16 10:55:07,721] Trial 36 pruned. Exception occured in `FastAIV2PruningCallback` when calling event `after_fit`:
	Trial was pruned at epoch 0.
[I 2024-05-16 10:59:45,719] Trial 37 finished with value: 1.5255117416381836 and parameters: {'nf': 41, 'fc_dropout': 0.39264801411080946, 'ks': 10, 'conv_dropout': 0.16218122986309325, 'sa': True, 'se': False, 'learning_rate_model': 0.007069976562177946}. Best is trial 4 with value: 1.4514039754867554.
[I 2024-05-16 10:59:46,648] Trial 38 pruned. Exception occured in `FastAIV2PruningCallback` when calling event `after_fit`:
	Trial was pruned at epoch 0.
[I 2024-05-16 11:03:53,690] Trial 39 finished with value: 1.5869152545928955 and parameters: {'nf': 51, 'fc_dropout': 0.12984919664917655, 'ks': 20, 'conv_dropout': 0.3161516587150639, 'sa': False, 'se': False, 'learning_rate_model': 0.009363007060318838}. Best is trial 4 with value: 1.4514039754867554.
[I 2024-05-16 11:03:54,600] Trial 40 pruned. Exception occured in `FastAIV2PruningCallback` when calling event `after_fit`:
	Trial was pruned at epoch 0.
[I 2024-05-16 11:03:55,329] Trial 41 pruned. Exception occured in `FastAIV2PruningCallback` when calling event `after_fit`:
	Trial was pruned at epoch 0.
[I 2024-05-16 11:08:42,883] Trial 42 finished with value: 1.5215169191360474 and parameters: {'nf': 49, 'fc_dropout': 0.09431840047765544, 'ks': 28, 'conv_dropout': 0.2907887036721456, 'sa': True, 'se': False, 'learning_rate_model': 0.001780398582727967}. Best is trial 4 with value: 1.4514039754867554.
[I 2024-05-16 11:13:28,285] Trial 43 finished with value: 1.5466333627700806 and parameters: {'nf': 38, 'fc_dropout': 0.028464719205547495, 'ks': 30, 'conv_dropout': 0.10598008232183798, 'sa': True, 'se': False, 'learning_rate_model': 0.0034003317200374315}. Best is trial 4 with value: 1.4514039754867554.
[I 2024-05-16 11:13:29,057] Trial 44 pruned. Exception occured in `FastAIV2PruningCallback` when calling event `after_fit`:
	Trial was pruned at epoch 0.
[I 2024-05-16 11:13:29,821] Trial 45 pruned. Exception occured in `FastAIV2PruningCallback` when calling event `after_fit`:
	Trial was pruned at epoch 0.
[I 2024-05-16 11:13:30,736] Trial 46 pruned. Exception occured in `FastAIV2PruningCallback` when calling event `after_fit`:
	Trial was pruned at epoch 0.
[I 2024-05-16 11:13:31,577] Trial 47 pruned. Exception occured in `FastAIV2PruningCallback` when calling event `after_fit`:
	Trial was pruned at epoch 0.
[I 2024-05-16 11:13:32,481] Trial 48 pruned. Exception occured in `FastAIV2PruningCallback` when calling event `after_fit`:
	Trial was pruned at epoch 0.
[I 2024-05-16 11:13:33,425] Trial 49 pruned. Exception occured in `FastAIV2PruningCallback` when calling event `after_fit`:
	Trial was pruned at epoch 0.
[I 2024-05-16 11:13:34,224] Trial 50 pruned. Exception occured in `FastAIV2PruningCallback` when calling event `after_fit`:
	Trial was pruned at epoch 0.
[I 2024-05-16 11:13:34,927] Trial 51 pruned. Exception occured in `FastAIV2PruningCallback` when calling event `after_fit`:
	Trial was pruned at epoch 0.
[I 2024-05-16 11:13:35,726] Trial 52 pruned. Exception occured in `FastAIV2PruningCallback` when calling event `after_fit`:
	Trial was pruned at epoch 0.
[I 2024-05-16 11:13:36,656] Trial 53 pruned. Exception occured in `FastAIV2PruningCallback` when calling event `after_fit`:
	Trial was pruned at epoch 0.
[I 2024-05-16 11:13:37,468] Trial 54 pruned. Exception occured in `FastAIV2PruningCallback` when calling event `after_fit`:
	Trial was pruned at epoch 0.
[I 2024-05-16 11:13:38,249] Trial 55 pruned. Exception occured in `FastAIV2PruningCallback` when calling event `after_fit`:
	Trial was pruned at epoch 0.
[I 2024-05-16 11:13:39,179] Trial 56 pruned. Exception occured in `FastAIV2PruningCallback` when calling event `after_fit`:
	Trial was pruned at epoch 0.
[I 2024-05-16 11:13:39,987] Trial 57 pruned. Exception occured in `FastAIV2PruningCallback` when calling event `after_fit`:
	Trial was pruned at epoch 0.
[I 2024-05-16 11:19:39,076] Trial 58 finished with value: 1.5626271963119507 and parameters: {'nf': 63, 'fc_dropout': 0.45078129233466063, 'ks': 34, 'conv_dropout': 0.016213162657228553, 'sa': True, 'se': True, 'learning_rate_model': 0.008434320555219475}. Best is trial 4 with value: 1.4514039754867554.
[I 2024-05-16 11:19:39,889] Trial 59 pruned. Exception occured in `FastAIV2PruningCallback` when calling event `after_fit`:
	Trial was pruned at epoch 0.
[I 2024-05-16 11:25:26,160] Trial 60 finished with value: 1.611655592918396 and parameters: {'nf': 40, 'fc_dropout': 0.36504560554505217, 'ks': 29, 'conv_dropout': 0.22870245804471584, 'sa': True, 'se': True, 'learning_rate_model': 0.008977395336522255}. Best is trial 4 with value: 1.4514039754867554.
[I 2024-05-16 11:25:26,951] Trial 61 pruned. Exception occured in `FastAIV2PruningCallback` when calling event `after_fit`:
	Trial was pruned at epoch 0.
[I 2024-05-16 11:25:27,711] Trial 62 pruned. Exception occured in `FastAIV2PruningCallback` when calling event `after_fit`:
	Trial was pruned at epoch 0.
[I 2024-05-16 11:25:28,503] Trial 63 pruned. Exception occured in `FastAIV2PruningCallback` when calling event `after_fit`:
	Trial was pruned at epoch 0.
[I 2024-05-16 11:25:29,398] Trial 64 pruned. Exception occured in `FastAIV2PruningCallback` when calling event `after_fit`:
	Trial was pruned at epoch 0.
[I 2024-05-16 11:25:30,143] Trial 65 pruned. Exception occured in `FastAIV2PruningCallback` when calling event `after_fit`:
	Trial was pruned at epoch 0.
[I 2024-05-16 11:25:30,804] Trial 66 pruned. Exception occured in `FastAIV2PruningCallback` when calling event `after_fit`:
	Trial was pruned at epoch 0.
[I 2024-05-16 11:25:31,659] Trial 67 pruned. Exception occured in `FastAIV2PruningCallback` when calling event `after_fit`:
	Trial was pruned at epoch 0.
[I 2024-05-16 11:25:32,489] Trial 68 pruned. Exception occured in `FastAIV2PruningCallback` when calling event `after_fit`:
	Trial was pruned at epoch 0.
[I 2024-05-16 11:25:33,301] Trial 69 pruned. Exception occured in `FastAIV2PruningCallback` when calling event `after_fit`:
	Trial was pruned at epoch 0.
[I 2024-05-16 11:25:34,157] Trial 70 pruned. Exception occured in `FastAIV2PruningCallback` when calling event `after_fit`:
	Trial was pruned at epoch 0.
[I 2024-05-16 11:25:34,892] Trial 71 pruned. Exception occured in `FastAIV2PruningCallback` when calling event `after_fit`:
	Trial was pruned at epoch 0.
[I 2024-05-16 11:25:35,759] Trial 72 pruned. Exception occured in `FastAIV2PruningCallback` when calling event `after_fit`:
	Trial was pruned at epoch 0.
[I 2024-05-16 11:25:36,606] Trial 73 pruned. Exception occured in `FastAIV2PruningCallback` when calling event `after_fit`:
	Trial was pruned at epoch 0.
[I 2024-05-16 11:25:37,384] Trial 74 pruned. Exception occured in `FastAIV2PruningCallback` when calling event `after_fit`:
	Trial was pruned at epoch 0.
[I 2024-05-16 11:25:38,136] Trial 75 pruned. Exception occured in `FastAIV2PruningCallback` when calling event `after_fit`:
	Trial was pruned at epoch 0.
[I 2024-05-16 11:25:38,825] Trial 76 pruned. Exception occured in `FastAIV2PruningCallback` when calling event `after_fit`:
	Trial was pruned at epoch 0.
[I 2024-05-16 11:25:39,703] Trial 77 pruned. Exception occured in `FastAIV2PruningCallback` when calling event `after_fit`:
	Trial was pruned at epoch 0.
[I 2024-05-16 11:25:40,461] Trial 78 pruned. Exception occured in `FastAIV2PruningCallback` when calling event `after_fit`:
	Trial was pruned at epoch 0.
[I 2024-05-16 11:25:41,147] Trial 79 pruned. Exception occured in `FastAIV2PruningCallback` when calling event `after_fit`:
	Trial was pruned at epoch 0.
[I 2024-05-16 11:25:42,024] Trial 80 pruned. Exception occured in `FastAIV2PruningCallback` when calling event `after_fit`:
	Trial was pruned at epoch 0.
[I 2024-05-16 11:25:42,727] Trial 81 pruned. Exception occured in `FastAIV2PruningCallback` when calling event `after_fit`:
	Trial was pruned at epoch 0.
[I 2024-05-16 11:30:03,174] Trial 82 finished with value: 1.5381799936294556 and parameters: {'nf': 57, 'fc_dropout': 0.003966438097261549, 'ks': 50, 'conv_dropout': 0.038857285166193245, 'sa': False, 'se': False, 'learning_rate_model': 0.0038338482173888174}. Best is trial 4 with value: 1.4514039754867554.
[I 2024-05-16 11:30:05,162] Trial 83 pruned. Exception occured in `FastAIV2PruningCallback` when calling event `after_fit`:
	Trial was pruned at epoch 2.
[I 2024-05-16 11:30:05,974] Trial 84 pruned. Exception occured in `FastAIV2PruningCallback` when calling event `after_fit`:
	Trial was pruned at epoch 0.
[I 2024-05-16 11:30:06,678] Trial 85 pruned. Exception occured in `FastAIV2PruningCallback` when calling event `after_fit`:
	Trial was pruned at epoch 0.
[I 2024-05-16 11:30:07,471] Trial 86 pruned. Exception occured in `FastAIV2PruningCallback` when calling event `after_fit`:
	Trial was pruned at epoch 0.
[I 2024-05-16 11:30:08,368] Trial 87 pruned. Exception occured in `FastAIV2PruningCallback` when calling event `after_fit`:
	Trial was pruned at epoch 0.
[I 2024-05-16 11:30:09,064] Trial 88 pruned. Exception occured in `FastAIV2PruningCallback` when calling event `after_fit`:
	Trial was pruned at epoch 0.
[I 2024-05-16 11:30:09,824] Trial 89 pruned. Exception occured in `FastAIV2PruningCallback` when calling event `after_fit`:
	Trial was pruned at epoch 0.
[I 2024-05-16 11:30:10,694] Trial 90 pruned. Exception occured in `FastAIV2PruningCallback` when calling event `after_fit`:
	Trial was pruned at epoch 0.
[I 2024-05-16 11:30:11,518] Trial 91 pruned. Exception occured in `FastAIV2PruningCallback` when calling event `after_fit`:
	Trial was pruned at epoch 0.
[I 2024-05-16 11:30:12,287] Trial 92 pruned. Exception occured in `FastAIV2PruningCallback` when calling event `after_fit`:
	Trial was pruned at epoch 0.
[I 2024-05-16 11:30:13,165] Trial 93 pruned. Exception occured in `FastAIV2PruningCallback` when calling event `after_fit`:
	Trial was pruned at epoch 0.
[I 2024-05-16 11:30:14,056] Trial 94 pruned. Exception occured in `FastAIV2PruningCallback` when calling event `after_fit`:
	Trial was pruned at epoch 0.
[I 2024-05-16 11:30:14,960] Trial 95 pruned. Exception occured in `FastAIV2PruningCallback` when calling event `after_fit`:
	Trial was pruned at epoch 0.
[I 2024-05-16 11:30:15,676] Trial 96 pruned. Exception occured in `FastAIV2PruningCallback` when calling event `after_fit`:
	Trial was pruned at epoch 0.
[I 2024-05-16 11:30:16,481] Trial 97 pruned. Exception occured in `FastAIV2PruningCallback` when calling event `after_fit`:
	Trial was pruned at epoch 0.
[I 2024-05-16 11:30:17,444] Trial 98 pruned. Exception occured in `FastAIV2PruningCallback` when calling event `after_fit`:
	Trial was pruned at epoch 0.
[I 2024-05-16 11:30:18,147] Trial 99 pruned. Exception occured in `FastAIV2PruningCallback` when calling event `after_fit`:
	Trial was pruned at epoch 0.
[I 2024-05-16 11:30:19,834] Trial 100 pruned. Exception occured in `FastAIV2PruningCallback` when calling event `after_fit`:
	Trial was pruned at epoch 2.
[I 2024-05-16 11:30:20,596] Trial 101 pruned. Exception occured in `FastAIV2PruningCallback` when calling event `after_fit`:
	Trial was pruned at epoch 0.
[I 2024-05-16 11:34:44,428] Trial 102 finished with value: 1.5391290187835693 and parameters: {'nf': 42, 'fc_dropout': 0.015526131439936036, 'ks': 12, 'conv_dropout': 0.03519724805299257, 'sa': False, 'se': False, 'learning_rate_model': 0.006872213131260022}. Best is trial 4 with value: 1.4514039754867554.
[I 2024-05-16 11:34:46,615] Trial 103 pruned. Exception occured in `FastAIV2PruningCallback` when calling event `after_fit`:
	Trial was pruned at epoch 3.
[I 2024-05-16 11:34:48,776] Trial 104 pruned. Exception occured in `FastAIV2PruningCallback` when calling event `after_fit`:
	Trial was pruned at epoch 3.
[I 2024-05-16 11:39:18,893] Trial 105 finished with value: 1.56100332736969 and parameters: {'nf': 48, 'fc_dropout': 0.41472896394886605, 'ks': 50, 'conv_dropout': 0.05659545043309182, 'sa': False, 'se': False, 'learning_rate_model': 0.005492622514483592}. Best is trial 4 with value: 1.4514039754867554.
[I 2024-05-16 11:39:19,642] Trial 106 pruned. Exception occured in `FastAIV2PruningCallback` when calling event `after_fit`:
	Trial was pruned at epoch 0.
[I 2024-05-16 11:43:44,436] Trial 107 finished with value: 1.541644811630249 and parameters: {'nf': 42, 'fc_dropout': 0.036306641846858397, 'ks': 12, 'conv_dropout': 0.11021913571707645, 'sa': False, 'se': False, 'learning_rate_model': 0.007162848244390718}. Best is trial 4 with value: 1.4514039754867554.
[I 2024-05-16 11:43:45,716] Trial 108 pruned. Exception occured in `FastAIV2PruningCallback` when calling event `after_fit`:
	Trial was pruned at epoch 1.
[I 2024-05-16 11:43:47,906] Trial 109 pruned. Exception occured in `FastAIV2PruningCallback` when calling event `after_fit`:
	Trial was pruned at epoch 3.
[I 2024-05-16 11:43:49,124] Trial 110 pruned. Exception occured in `FastAIV2PruningCallback` when calling event `after_fit`:
	Trial was pruned at epoch 1.
[I 2024-05-16 11:43:50,330] Trial 111 pruned. Exception occured in `FastAIV2PruningCallback` when calling event `after_fit`:
	Trial was pruned at epoch 1.
[I 2024-05-16 11:43:51,084] Trial 112 pruned. Exception occured in `FastAIV2PruningCallback` when calling event `after_fit`:
	Trial was pruned at epoch 0.
[I 2024-05-16 11:48:13,372] Trial 113 finished with value: 1.5353178977966309 and parameters: {'nf': 44, 'fc_dropout': 0.43224125972644983, 'ks': 16, 'conv_dropout': 0.025494999046757207, 'sa': False, 'se': False, 'learning_rate_model': 0.009618139976476705}. Best is trial 4 with value: 1.4514039754867554.
[I 2024-05-16 11:48:15,532] Trial 114 pruned. Exception occured in `FastAIV2PruningCallback` when calling event `after_fit`:
	Trial was pruned at epoch 3.
[I 2024-05-16 11:52:37,254] Trial 115 finished with value: 1.5477850437164307 and parameters: {'nf': 42, 'fc_dropout': 0.0506855866249167, 'ks': 15, 'conv_dropout': 0.13563789700697865, 'sa': False, 'se': False, 'learning_rate_model': 0.009574569492442528}. Best is trial 4 with value: 1.4514039754867554.
[I 2024-05-16 11:57:35,276] Trial 116 finished with value: 1.614938735961914 and parameters: {'nf': 41, 'fc_dropout': 0.43022182159595523, 'ks': 16, 'conv_dropout': 0.002715816474909233, 'sa': True, 'se': False, 'learning_rate_model': 0.007986486967771484}. Best is trial 4 with value: 1.4514039754867554.
[I 2024-05-16 11:57:36,008] Trial 117 pruned. Exception occured in `FastAIV2PruningCallback` when calling event `after_fit`:
	Trial was pruned at epoch 0.
