[I 2024-05-16 12:02:32,749] Trial 118 finished with value: 1.5915193557739258 and parameters: {'nf': 39, 'fc_dropout': 0.07807378348798971, 'ks': 12, 'conv_dropout': 0.03805421637039412, 'sa': True, 'se': False, 'learning_rate_model': 0.005299130440141443}. Best is trial 4 with value: 1.4514039754867554.
[I 2024-05-16 12:07:33,934] Trial 119 finished with value: 1.5329076051712036 and parameters: {'nf': 55, 'fc_dropout': 0.4595691085313676, 'ks': 18, 'conv_dropout': 0.019805939406449, 'sa': True, 'se': False, 'learning_rate_model': 0.0032764735245296535}. Best is trial 4 with value: 1.4514039754867554.
[I 2024-05-16 12:07:34,684] Trial 120 pruned. Exception occured in `FastAIV2PruningCallback` when calling event `after_fit`:
	Trial was pruned at epoch 0.
[I 2024-05-16 12:07:35,487] Trial 121 pruned. Exception occured in `FastAIV2PruningCallback` when calling event `after_fit`:
	Trial was pruned at epoch 0.
[I 2024-05-16 12:07:36,289] Trial 122 pruned. Exception occured in `FastAIV2PruningCallback` when calling event `after_fit`:
	Trial was pruned at epoch 0.
[I 2024-05-16 12:12:37,456] Trial 123 finished with value: 1.5884124040603638 and parameters: {'nf': 58, 'fc_dropout': 0.025976592366307612, 'ks': 18, 'conv_dropout': 0.032591804652303644, 'sa': True, 'se': False, 'learning_rate_model': 0.00411139944920666}. Best is trial 4 with value: 1.4514039754867554.
[I 2024-05-16 12:17:37,143] Trial 124 finished with value: 1.5643998384475708 and parameters: {'nf': 56, 'fc_dropout': 0.46314237048527906, 'ks': 13, 'conv_dropout': 0.13335150726342282, 'sa': True, 'se': False, 'learning_rate_model': 0.005997186279402735}. Best is trial 4 with value: 1.4514039754867554.
[I 2024-05-16 12:17:37,952] Trial 125 pruned. Exception occured in `FastAIV2PruningCallback` when calling event `after_fit`:
	Trial was pruned at epoch 0.
[I 2024-05-16 12:17:38,760] Trial 126 pruned. Exception occured in `FastAIV2PruningCallback` when calling event `after_fit`:
	Trial was pruned at epoch 0.
[I 2024-05-16 12:17:43,990] Trial 127 pruned. Exception occured in `FastAIV2PruningCallback` when calling event `after_fit`:
	Trial was pruned at epoch 8.
[I 2024-05-16 12:17:44,727] Trial 128 pruned. Exception occured in `FastAIV2PruningCallback` when calling event `after_fit`:
	Trial was pruned at epoch 0.
[I 2024-05-16 12:17:51,500] Trial 129 pruned. Exception occured in `FastAIV2PruningCallback` when calling event `after_fit`:
	Trial was pruned at epoch 11.
[I 2024-05-16 12:17:52,288] Trial 130 pruned. Exception occured in `FastAIV2PruningCallback` when calling event `after_fit`:
	Trial was pruned at epoch 0.
[I 2024-05-16 12:22:15,780] Trial 131 finished with value: 1.5200884342193604 and parameters: {'nf': 42, 'fc_dropout': 0.05296156120546813, 'ks': 32, 'conv_dropout': 0.14124083674186355, 'sa': False, 'se': False, 'learning_rate_model': 0.009919842246822902}. Best is trial 4 with value: 1.4514039754867554.
[I 2024-05-16 12:22:17,010] Trial 132 pruned. Exception occured in `FastAIV2PruningCallback` when calling event `after_fit`:
	Trial was pruned at epoch 1.
[I 2024-05-16 12:22:18,229] Trial 133 pruned. Exception occured in `FastAIV2PruningCallback` when calling event `after_fit`:
	Trial was pruned at epoch 1.
[I 2024-05-16 12:22:19,921] Trial 134 pruned. Exception occured in `FastAIV2PruningCallback` when calling event `after_fit`:
	Trial was pruned at epoch 2.
[I 2024-05-16 12:22:20,671] Trial 135 pruned. Exception occured in `FastAIV2PruningCallback` when calling event `after_fit`:
	Trial was pruned at epoch 0.
[I 2024-05-16 12:22:21,409] Trial 136 pruned. Exception occured in `FastAIV2PruningCallback` when calling event `after_fit`:
	Trial was pruned at epoch 0.
[I 2024-05-16 12:22:22,131] Trial 137 pruned. Exception occured in `FastAIV2PruningCallback` when calling event `after_fit`:
	Trial was pruned at epoch 0.
[I 2024-05-16 12:22:22,926] Trial 138 pruned. Exception occured in `FastAIV2PruningCallback` when calling event `after_fit`:
	Trial was pruned at epoch 0.
[I 2024-05-16 12:22:23,671] Trial 139 pruned. Exception occured in `FastAIV2PruningCallback` when calling event `after_fit`:
	Trial was pruned at epoch 0.
[I 2024-05-16 12:22:24,475] Trial 140 pruned. Exception occured in `FastAIV2PruningCallback` when calling event `after_fit`:
	Trial was pruned at epoch 0.
[I 2024-05-16 12:26:47,883] Trial 141 finished with value: 1.5797709226608276 and parameters: {'nf': 42, 'fc_dropout': 0.046533176863299025, 'ks': 15, 'conv_dropout': 0.1300111743467873, 'sa': False, 'se': False, 'learning_rate_model': 0.009805609663666491}. Best is trial 4 with value: 1.4514039754867554.
[I 2024-05-16 12:26:50,075] Trial 142 pruned. Exception occured in `FastAIV2PruningCallback` when calling event `after_fit`:
	Trial was pruned at epoch 3.
[I 2024-05-16 12:26:50,802] Trial 143 pruned. Exception occured in `FastAIV2PruningCallback` when calling event `after_fit`:
	Trial was pruned at epoch 0.
[I 2024-05-16 12:26:51,527] Trial 144 pruned. Exception occured in `FastAIV2PruningCallback` when calling event `after_fit`:
	Trial was pruned at epoch 0.
[I 2024-05-16 12:26:52,264] Trial 145 pruned. Exception occured in `FastAIV2PruningCallback` when calling event `after_fit`:
	Trial was pruned at epoch 0.
[I 2024-05-16 12:26:53,469] Trial 146 pruned. Exception occured in `FastAIV2PruningCallback` when calling event `after_fit`:
	Trial was pruned at epoch 1.
[I 2024-05-16 12:26:54,283] Trial 147 pruned. Exception occured in `FastAIV2PruningCallback` when calling event `after_fit`:
	Trial was pruned at epoch 0.
[I 2024-05-16 12:26:55,029] Trial 148 pruned. Exception occured in `FastAIV2PruningCallback` when calling event `after_fit`:
	Trial was pruned at epoch 0.
[I 2024-05-16 12:26:55,876] Trial 149 pruned. Exception occured in `FastAIV2PruningCallback` when calling event `after_fit`:
	Trial was pruned at epoch 0.
[I 2024-05-16 12:26:56,649] Trial 150 pruned. Exception occured in `FastAIV2PruningCallback` when calling event `after_fit`:
	Trial was pruned at epoch 0.
[I 2024-05-16 12:26:57,393] Trial 151 pruned. Exception occured in `FastAIV2PruningCallback` when calling event `after_fit`:
	Trial was pruned at epoch 0.
[I 2024-05-16 12:26:58,141] Trial 152 pruned. Exception occured in `FastAIV2PruningCallback` when calling event `after_fit`:
	Trial was pruned at epoch 0.
[I 2024-05-16 12:26:58,864] Trial 153 pruned. Exception occured in `FastAIV2PruningCallback` when calling event `after_fit`:
	Trial was pruned at epoch 0.
[I 2024-05-16 12:27:00,121] Trial 154 pruned. Exception occured in `FastAIV2PruningCallback` when calling event `after_fit`:
	Trial was pruned at epoch 1.
[I 2024-05-16 12:27:00,908] Trial 155 pruned. Exception occured in `FastAIV2PruningCallback` when calling event `after_fit`:
	Trial was pruned at epoch 0.
[I 2024-05-16 12:27:01,721] Trial 156 pruned. Exception occured in `FastAIV2PruningCallback` when calling event `after_fit`:
	Trial was pruned at epoch 0.
[I 2024-05-16 12:27:02,480] Trial 157 pruned. Exception occured in `FastAIV2PruningCallback` when calling event `after_fit`:
	Trial was pruned at epoch 0.
[I 2024-05-16 12:32:23,140] Trial 158 finished with value: 1.5123586654663086 and parameters: {'nf': 44, 'fc_dropout': 0.0006930134187436224, 'ks': 16, 'conv_dropout': 0.08230584418399672, 'sa': True, 'se': False, 'learning_rate_model': 0.005910344105757508}. Best is trial 4 with value: 1.4514039754867554.
[I 2024-05-16 12:37:36,929] Trial 159 finished with value: 1.5333393812179565 and parameters: {'nf': 46, 'fc_dropout': 0.009208820400687967, 'ks': 16, 'conv_dropout': 0.08213753299617338, 'sa': True, 'se': False, 'learning_rate_model': 0.0056109007724546075}. Best is trial 4 with value: 1.4514039754867554.
[I 2024-05-16 12:37:37,765] Trial 160 pruned. Exception occured in `FastAIV2PruningCallback` when calling event `after_fit`:
	Trial was pruned at epoch 0.
[I 2024-05-16 12:37:38,573] Trial 161 pruned. Exception occured in `FastAIV2PruningCallback` when calling event `after_fit`:
	Trial was pruned at epoch 0.
[I 2024-05-16 12:43:00,732] Trial 162 finished with value: 1.560839056968689 and parameters: {'nf': 47, 'fc_dropout': 0.030736107573897047, 'ks': 16, 'conv_dropout': 0.08759491794320912, 'sa': True, 'se': False, 'learning_rate_model': 0.007289879035046113}. Best is trial 4 with value: 1.4514039754867554.
[I 2024-05-16 12:43:01,573] Trial 163 pruned. Exception occured in `FastAIV2PruningCallback` when calling event `after_fit`:
	Trial was pruned at epoch 0.
[I 2024-05-16 12:43:06,395] Trial 164 pruned. Exception occured in `FastAIV2PruningCallback` when calling event `after_fit`:
	Trial was pruned at epoch 7.
[I 2024-05-16 12:43:07,205] Trial 165 pruned. Exception occured in `FastAIV2PruningCallback` when calling event `after_fit`:
	Trial was pruned at epoch 0.
[I 2024-05-16 12:43:08,018] Trial 166 pruned. Exception occured in `FastAIV2PruningCallback` when calling event `after_fit`:
	Trial was pruned at epoch 0.
[I 2024-05-16 12:43:08,826] Trial 167 pruned. Exception occured in `FastAIV2PruningCallback` when calling event `after_fit`:
	Trial was pruned at epoch 0.
[I 2024-05-16 12:43:09,655] Trial 168 pruned. Exception occured in `FastAIV2PruningCallback` when calling event `after_fit`:
	Trial was pruned at epoch 0.
[I 2024-05-16 12:43:10,467] Trial 169 pruned. Exception occured in `FastAIV2PruningCallback` when calling event `after_fit`:
	Trial was pruned at epoch 0.
[I 2024-05-16 12:43:15,951] Trial 170 pruned. Exception occured in `FastAIV2PruningCallback` when calling event `after_fit`:
	Trial was pruned at epoch 8.
[I 2024-05-16 12:43:17,204] Trial 171 pruned. Exception occured in `FastAIV2PruningCallback` when calling event `after_fit`:
	Trial was pruned at epoch 1.
[I 2024-05-16 12:43:18,041] Trial 172 pruned. Exception occured in `FastAIV2PruningCallback` when calling event `after_fit`:
	Trial was pruned at epoch 0.
[I 2024-05-16 12:47:55,935] Trial 173 finished with value: 1.5615290403366089 and parameters: {'nf': 51, 'fc_dropout': 0.056710700957495794, 'ks': 17, 'conv_dropout': 0.03489003924743957, 'sa': False, 'se': False, 'learning_rate_model': 0.009683501532228989}. Best is trial 4 with value: 1.4514039754867554.
[I 2024-05-16 12:53:10,634] Trial 174 finished with value: 1.4567935466766357 and parameters: {'nf': 46, 'fc_dropout': 0.023084406621707423, 'ks': 12, 'conv_dropout': 0.12483011056409911, 'sa': True, 'se': False, 'learning_rate_model': 0.0074488332224093646}. Best is trial 4 with value: 1.4514039754867554.
[I 2024-05-16 12:53:11,468] Trial 175 pruned. Exception occured in `FastAIV2PruningCallback` when calling event `after_fit`:
	Trial was pruned at epoch 0.
[I 2024-05-16 12:53:12,275] Trial 176 pruned. Exception occured in `FastAIV2PruningCallback` when calling event `after_fit`:
	Trial was pruned at epoch 0.
[I 2024-05-16 12:58:28,108] Trial 177 finished with value: 1.531646728515625 and parameters: {'nf': 47, 'fc_dropout': 0.04238910730589402, 'ks': 10, 'conv_dropout': 0.1455520889657635, 'sa': True, 'se': False, 'learning_rate_model': 0.007486810623109698}. Best is trial 4 with value: 1.4514039754867554.
[I 2024-05-16 12:58:28,946] Trial 178 pruned. Exception occured in `FastAIV2PruningCallback` when calling event `after_fit`:
	Trial was pruned at epoch 0.
[I 2024-05-16 12:58:29,757] Trial 179 pruned. Exception occured in `FastAIV2PruningCallback` when calling event `after_fit`:
	Trial was pruned at epoch 0.
[I 2024-05-16 12:58:33,432] Trial 180 pruned. Exception occured in `FastAIV2PruningCallback` when calling event `after_fit`:
	Trial was pruned at epoch 5.
[I 2024-05-16 13:03:48,715] Trial 181 finished with value: 1.5364643335342407 and parameters: {'nf': 48, 'fc_dropout': 0.02774458008344792, 'ks': 11, 'conv_dropout': 0.12998317975452747, 'sa': True, 'se': False, 'learning_rate_model': 0.00830809941253427}. Best is trial 4 with value: 1.4514039754867554.
[I 2024-05-16 13:09:04,487] Trial 182 finished with value: 1.5496013164520264 and parameters: {'nf': 47, 'fc_dropout': 0.03201967213781777, 'ks': 10, 'conv_dropout': 0.11443704666422487, 'sa': True, 'se': False, 'learning_rate_model': 0.00756459704503678}. Best is trial 4 with value: 1.4514039754867554.
[I 2024-05-16 13:09:05,338] Trial 183 pruned. Exception occured in `FastAIV2PruningCallback` when calling event `after_fit`:
	Trial was pruned at epoch 0.
[I 2024-05-16 13:14:21,321] Trial 184 finished with value: 1.5695815086364746 and parameters: {'nf': 48, 'fc_dropout': 0.017424989853843473, 'ks': 11, 'conv_dropout': 0.10276590270659358, 'sa': True, 'se': False, 'learning_rate_model': 0.006417470342075957}. Best is trial 4 with value: 1.4514039754867554.
[I 2024-05-16 13:14:22,161] Trial 185 pruned. Exception occured in `FastAIV2PruningCallback` when calling event `after_fit`:
	Trial was pruned at epoch 0.
[I 2024-05-16 13:19:38,736] Trial 186 finished with value: 1.5658459663391113 and parameters: {'nf': 49, 'fc_dropout': 0.039322152483896734, 'ks': 10, 'conv_dropout': 0.13072666384700174, 'sa': True, 'se': False, 'learning_rate_model': 0.008529346054281973}. Best is trial 4 with value: 1.4514039754867554.
[I 2024-05-16 13:19:39,571] Trial 187 pruned. Exception occured in `FastAIV2PruningCallback` when calling event `after_fit`:
	Trial was pruned at epoch 0.
[I 2024-05-16 13:19:40,386] Trial 188 pruned. Exception occured in `FastAIV2PruningCallback` when calling event `after_fit`:
	Trial was pruned at epoch 0.
[I 2024-05-16 13:19:41,211] Trial 189 pruned. Exception occured in `FastAIV2PruningCallback` when calling event `after_fit`:
	Trial was pruned at epoch 0.
[I 2024-05-16 13:24:55,464] Trial 190 finished with value: 1.5295244455337524 and parameters: {'nf': 46, 'fc_dropout': 0.06088227085222906, 'ks': 14, 'conv_dropout': 0.16759297220309707, 'sa': True, 'se': False, 'learning_rate_model': 0.00816971653122615}. Best is trial 4 with value: 1.4514039754867554.
[I 2024-05-16 13:24:56,298] Trial 191 pruned. Exception occured in `FastAIV2PruningCallback` when calling event `after_fit`:
	Trial was pruned at epoch 0.
[I 2024-05-16 13:24:59,427] Trial 192 pruned. Exception occured in `FastAIV2PruningCallback` when calling event `after_fit`:
	Trial was pruned at epoch 4.
[I 2024-05-16 13:25:01,397] Trial 193 pruned. Exception occured in `FastAIV2PruningCallback` when calling event `after_fit`:
	Trial was pruned at epoch 2.
[I 2024-05-16 13:25:02,207] Trial 194 pruned. Exception occured in `FastAIV2PruningCallback` when calling event `after_fit`:
	Trial was pruned at epoch 0.
[I 2024-05-16 13:25:03,015] Trial 195 pruned. Exception occured in `FastAIV2PruningCallback` when calling event `after_fit`:
	Trial was pruned at epoch 0.
[I 2024-05-16 13:25:03,837] Trial 196 pruned. Exception occured in `FastAIV2PruningCallback` when calling event `after_fit`:
	Trial was pruned at epoch 0.
[I 2024-05-16 13:25:08,610] Trial 197 pruned. Exception occured in `FastAIV2PruningCallback` when calling event `after_fit`:
	Trial was pruned at epoch 7.
[I 2024-05-16 13:25:09,423] Trial 198 pruned. Exception occured in `FastAIV2PruningCallback` when calling event `after_fit`:
	Trial was pruned at epoch 0.
[I 2024-05-16 13:25:10,248] Trial 199 pruned. Exception occured in `FastAIV2PruningCallback` when calling event `after_fit`:
	Trial was pruned at epoch 0.
[I 2024-05-16 13:30:34,371] Trial 200 finished with value: 1.514116883277893 and parameters: {'nf': 47, 'fc_dropout': 0.0014111954968106695, 'ks': 15, 'conv_dropout': 0.12629980944486108, 'sa': True, 'se': False, 'learning_rate_model': 0.009851138153646466}. Best is trial 4 with value: 1.4514039754867554.
[I 2024-05-16 13:30:39,334] Trial 201 pruned. Exception occured in `FastAIV2PruningCallback` when calling event `after_fit`:
	Trial was pruned at epoch 7.
[I 2024-05-16 13:30:40,155] Trial 202 pruned. Exception occured in `FastAIV2PruningCallback` when calling event `after_fit`:
	Trial was pruned at epoch 0.
[I 2024-05-16 13:36:04,464] Trial 203 finished with value: 1.5368155241012573 and parameters: {'nf': 47, 'fc_dropout': 0.019160620087893286, 'ks': 16, 'conv_dropout': 0.14627015433658838, 'sa': True, 'se': False, 'learning_rate_model': 0.009754148677111593}. Best is trial 4 with value: 1.4514039754867554.
[I 2024-05-16 13:36:05,906] Trial 204 pruned. Exception occured in `FastAIV2PruningCallback` when calling event `after_fit`:
	Trial was pruned at epoch 1.
[I 2024-05-16 13:36:10,783] Trial 205 pruned. Exception occured in `FastAIV2PruningCallback` when calling event `after_fit`:
	Trial was pruned at epoch 7.
[I 2024-05-16 13:41:29,930] Trial 206 finished with value: 1.5090070962905884 and parameters: {'nf': 46, 'fc_dropout': 0.00887007653581211, 'ks': 18, 'conv_dropout': 0.13713659984784268, 'sa': True, 'se': False, 'learning_rate_model': 0.009873828625419282}. Best is trial 4 with value: 1.4514039754867554.
[I 2024-05-16 13:46:48,830] Trial 207 finished with value: 1.7543007135391235 and parameters: {'nf': 46, 'fc_dropout': 0.009993750902344587, 'ks': 18, 'conv_dropout': 0.1392475143207973, 'sa': True, 'se': False, 'learning_rate_model': 0.00985929331339505}. Best is trial 4 with value: 1.4514039754867554.
[I 2024-05-16 13:46:49,676] Trial 208 pruned. Exception occured in `FastAIV2PruningCallback` when calling event `after_fit`:
	Trial was pruned at epoch 0.
[I 2024-05-16 13:46:54,534] Trial 209 pruned. Exception occured in `FastAIV2PruningCallback` when calling event `after_fit`:
	Trial was pruned at epoch 7.
[I 2024-05-16 13:46:55,350] Trial 210 pruned. Exception occured in `FastAIV2PruningCallback` when calling event `after_fit`:
	Trial was pruned at epoch 0.
[I 2024-05-16 13:52:19,124] Trial 211 finished with value: 1.5358155965805054 and parameters: {'nf': 47, 'fc_dropout': 0.019892995128218665, 'ks': 16, 'conv_dropout': 0.14297489975950545, 'sa': True, 'se': False, 'learning_rate_model': 0.009901995361989166}. Best is trial 4 with value: 1.4514039754867554.
[I 2024-05-16 13:52:24,000] Trial 212 pruned. Exception occured in `FastAIV2PruningCallback` when calling event `after_fit`:
	Trial was pruned at epoch 7.
[I 2024-05-16 13:52:24,955] Trial 213 pruned. Exception occured in `FastAIV2PruningCallback` when calling event `after_fit`:
	Trial was pruned at epoch 0.
[I 2024-05-16 13:52:29,339] Trial 214 pruned. Exception occured in `FastAIV2PruningCallback` when calling event `after_fit`:
	Trial was pruned at epoch 5.
[I 2024-05-16 13:52:35,652] Trial 215 pruned. Exception occured in `FastAIV2PruningCallback` when calling event `after_fit`:
	Trial was pruned at epoch 8.
[I 2024-05-16 13:52:41,343] Trial 216 pruned. Exception occured in `FastAIV2PruningCallback` when calling event `after_fit`:
	Trial was pruned at epoch 7.
[I 2024-05-16 13:52:42,266] Trial 217 pruned. Exception occured in `FastAIV2PruningCallback` when calling event `after_fit`:
	Trial was pruned at epoch 0.
[I 2024-05-16 13:52:43,192] Trial 218 pruned. Exception occured in `FastAIV2PruningCallback` when calling event `after_fit`:
	Trial was pruned at epoch 0.
[I 2024-05-16 13:58:02,972] Trial 219 finished with value: 1.574129581451416 and parameters: {'nf': 49, 'fc_dropout': 5.8162035367914275e-05, 'ks': 17, 'conv_dropout': 0.12554721408475075, 'sa': True, 'se': False, 'learning_rate_model': 0.009863068572181038}. Best is trial 4 with value: 1.4514039754867554.
[I 2024-05-16 13:58:03,842] Trial 220 pruned. Exception occured in `FastAIV2PruningCallback` when calling event `after_fit`:
	Trial was pruned at epoch 0.
[I 2024-05-16 13:58:04,652] Trial 221 pruned. Exception occured in `FastAIV2PruningCallback` when calling event `after_fit`:
	Trial was pruned at epoch 0.
[I 2024-05-16 13:58:06,621] Trial 222 pruned. Exception occured in `FastAIV2PruningCallback` when calling event `after_fit`:
	Trial was pruned at epoch 2.
[I 2024-05-16 13:58:07,866] Trial 223 pruned. Exception occured in `FastAIV2PruningCallback` when calling event `after_fit`:
	Trial was pruned at epoch 1.
[I 2024-05-16 13:58:09,264] Trial 224 pruned. Exception occured in `FastAIV2PruningCallback` when calling event `after_fit`:
	Trial was pruned at epoch 1.
[I 2024-05-16 13:58:10,001] Trial 225 pruned. Exception occured in `FastAIV2PruningCallback` when calling event `after_fit`:
	Trial was pruned at epoch 0.
[I 2024-05-16 13:58:10,817] Trial 226 pruned. Exception occured in `FastAIV2PruningCallback` when calling event `after_fit`:
	Trial was pruned at epoch 0.
[I 2024-05-16 13:58:11,637] Trial 227 pruned. Exception occured in `FastAIV2PruningCallback` when calling event `after_fit`:
	Trial was pruned at epoch 0.
[I 2024-05-16 13:58:12,380] Trial 228 pruned. Exception occured in `FastAIV2PruningCallback` when calling event `after_fit`:
	Trial was pruned at epoch 0.
[I 2024-05-16 14:03:29,839] Trial 229 finished with value: 1.4834576845169067 and parameters: {'nf': 51, 'fc_dropout': 0.0005932166371745255, 'ks': 16, 'conv_dropout': 0.1399644051425588, 'sa': True, 'se': False, 'learning_rate_model': 0.00993698099128626}. Best is trial 4 with value: 1.4514039754867554.
[I 2024-05-16 14:03:34,715] Trial 230 pruned. Exception occured in `FastAIV2PruningCallback` when calling event `after_fit`:
	Trial was pruned at epoch 7.
[I 2024-05-16 14:03:36,122] Trial 231 pruned. Exception occured in `FastAIV2PruningCallback` when calling event `after_fit`:
	Trial was pruned at epoch 1.
[I 2024-05-16 14:08:53,831] Trial 232 finished with value: 1.5549894571304321 and parameters: {'nf': 51, 'fc_dropout': 0.0016166896147763415, 'ks': 17, 'conv_dropout': 0.12687181226923455, 'sa': True, 'se': False, 'learning_rate_model': 0.008331201453025435}. Best is trial 4 with value: 1.4514039754867554.
[I 2024-05-16 14:14:10,918] Trial 233 finished with value: 1.5582492351531982 and parameters: {'nf': 55, 'fc_dropout': 0.012089489447688135, 'ks': 16, 'conv_dropout': 0.14032294679790575, 'sa': True, 'se': False, 'learning_rate_model': 0.009983204428562233}. Best is trial 4 with value: 1.4514039754867554.
